[1.531s] DEBUG:colcon:Command line arguments: ['/usr/bin/colcon', 'list', '-p', '--base-paths', '/home/lilultime/Autocab/autocab/raspberryPI3/ros2_ws']
[1.531s] DEBUG:colcon:Parsed command line arguments: Namespace(log_base=None, log_level=None, verb_name='list', build_base='build', ignore_user_meta=False, metas=['./colcon.meta'], base_paths=['/home/lilultime/Autocab/autocab/raspberryPI3/ros2_ws'], packages_ignore=None, packages_ignore_regex=None, paths=None, packages_up_to=None, packages_up_to_regex=None, packages_above=None, packages_above_and_dependencies=None, packages_above_depth=None, packages_select_by_dep=None, packages_skip_by_dep=None, packages_skip_up_to=None, packages_select_build_failed=False, packages_skip_build_finished=False, packages_select_test_failures=False, packages_skip_test_passed=False, packages_select=None, packages_skip=None, packages_select_regex=None, packages_skip_regex=None, packages_start=None, packages_end=None, allow_overriding=[], topological_order=False, names_only=False, paths_only=True, topological_graph=False, topological_graph_dot=False, topological_graph_density=False, topological_graph_legend=False, topological_graph_dot_cluster=False, topological_graph_dot_include_skipped=False, verb_parser=<colcon_defaults.argument_parser.defaults.DefaultArgumentsDecorator object at 0x7f8187dc35b0>, verb_extension=<colcon_package_information.verb.list.ListVerb object at 0x7f8187de21a0>, main=<bound method ListVerb.main of <colcon_package_information.verb.list.ListVerb object at 0x7f8187de21a0>>)
[1.609s] Level 1:colcon.colcon_core.package_discovery:discover_packages(colcon_meta) check parameters
[1.609s] Level 1:colcon.colcon_core.package_discovery:discover_packages(recursive) check parameters
[1.609s] Level 1:colcon.colcon_core.package_discovery:discover_packages(ignore) check parameters
[1.609s] Level 1:colcon.colcon_core.package_discovery:discover_packages(path) check parameters
[1.609s] Level 1:colcon.colcon_core.package_discovery:discover_packages(recursive) discover
[1.609s] INFO:colcon.colcon_core.package_discovery:Crawling recursively for packages in '/home/lilultime/Autocab/autocab/raspberryPI3/ros2_ws'
[1.609s] Level 1:colcon.colcon_core.package_identification:_identify(/home/lilultime/Autocab/autocab/raspberryPI3/ros2_ws) by extensions ['ignore', 'ignore_ament_install']
[1.610s] Level 1:colcon.colcon_core.package_identification:_identify(/home/lilultime/Autocab/autocab/raspberryPI3/ros2_ws) by extension 'ignore'
[1.610s] Level 1:colcon.colcon_core.package_identification:_identify(/home/lilultime/Autocab/autocab/raspberryPI3/ros2_ws) by extension 'ignore_ament_install'
[1.610s] Level 1:colcon.colcon_core.package_identification:_identify(/home/lilultime/Autocab/autocab/raspberryPI3/ros2_ws) by extensions ['colcon_pkg']
[1.610s] Level 1:colcon.colcon_core.package_identification:_identify(/home/lilultime/Autocab/autocab/raspberryPI3/ros2_ws) by extension 'colcon_pkg'
[1.610s] Level 1:colcon.colcon_core.package_identification:_identify(/home/lilultime/Autocab/autocab/raspberryPI3/ros2_ws) by extensions ['colcon_meta']
[1.610s] Level 1:colcon.colcon_core.package_identification:_identify(/home/lilultime/Autocab/autocab/raspberryPI3/ros2_ws) by extension 'colcon_meta'
[1.610s] Level 1:colcon.colcon_core.package_identification:_identify(/home/lilultime/Autocab/autocab/raspberryPI3/ros2_ws) by extensions ['ros']
[1.610s] Level 1:colcon.colcon_core.package_identification:_identify(/home/lilultime/Autocab/autocab/raspberryPI3/ros2_ws) by extension 'ros'
[1.625s] Level 1:colcon.colcon_core.package_identification:_identify(/home/lilultime/Autocab/autocab/raspberryPI3/ros2_ws) by extensions ['cmake', 'python']
[1.625s] Level 1:colcon.colcon_core.package_identification:_identify(/home/lilultime/Autocab/autocab/raspberryPI3/ros2_ws) by extension 'cmake'
[1.625s] Level 1:colcon.colcon_core.package_identification:_identify(/home/lilultime/Autocab/autocab/raspberryPI3/ros2_ws) by extension 'python'
[1.625s] Level 1:colcon.colcon_core.package_identification:_identify(/home/lilultime/Autocab/autocab/raspberryPI3/ros2_ws) by extensions ['python_setup_py']
[1.625s] Level 1:colcon.colcon_core.package_identification:_identify(/home/lilultime/Autocab/autocab/raspberryPI3/ros2_ws) by extension 'python_setup_py'
[1.625s] Level 1:colcon.colcon_core.package_identification:_identify(/home/lilultime/Autocab/autocab/raspberryPI3/ros2_ws/build) by extensions ['ignore', 'ignore_ament_install']
[1.625s] Level 1:colcon.colcon_core.package_identification:_identify(/home/lilultime/Autocab/autocab/raspberryPI3/ros2_ws/build) by extension 'ignore'
[1.625s] Level 1:colcon.colcon_core.package_identification:_identify(/home/lilultime/Autocab/autocab/raspberryPI3/ros2_ws/build) ignored
[1.626s] Level 1:colcon.colcon_core.package_identification:_identify(/home/lilultime/Autocab/autocab/raspberryPI3/ros2_ws/install) by extensions ['ignore', 'ignore_ament_install']
[1.626s] Level 1:colcon.colcon_core.package_identification:_identify(/home/lilultime/Autocab/autocab/raspberryPI3/ros2_ws/install) by extension 'ignore'
[1.626s] Level 1:colcon.colcon_core.package_identification:_identify(/home/lilultime/Autocab/autocab/raspberryPI3/ros2_ws/install) ignored
[1.626s] Level 1:colcon.colcon_core.package_identification:_identify(/home/lilultime/Autocab/autocab/raspberryPI3/ros2_ws/log) by extensions ['ignore', 'ignore_ament_install']
[1.626s] Level 1:colcon.colcon_core.package_identification:_identify(/home/lilultime/Autocab/autocab/raspberryPI3/ros2_ws/log) by extension 'ignore'
[1.626s] Level 1:colcon.colcon_core.package_identification:_identify(/home/lilultime/Autocab/autocab/raspberryPI3/ros2_ws/log) ignored
[1.627s] Level 1:colcon.colcon_core.package_identification:_identify(/home/lilultime/Autocab/autocab/raspberryPI3/ros2_ws/src) by extensions ['ignore', 'ignore_ament_install']
[1.627s] Level 1:colcon.colcon_core.package_identification:_identify(/home/lilultime/Autocab/autocab/raspberryPI3/ros2_ws/src) by extension 'ignore'
[1.627s] Level 1:colcon.colcon_core.package_identification:_identify(/home/lilultime/Autocab/autocab/raspberryPI3/ros2_ws/src) by extension 'ignore_ament_install'
[1.627s] Level 1:colcon.colcon_core.package_identification:_identify(/home/lilultime/Autocab/autocab/raspberryPI3/ros2_ws/src) by extensions ['colcon_pkg']
[1.627s] Level 1:colcon.colcon_core.package_identification:_identify(/home/lilultime/Autocab/autocab/raspberryPI3/ros2_ws/src) by extension 'colcon_pkg'
[1.627s] Level 1:colcon.colcon_core.package_identification:_identify(/home/lilultime/Autocab/autocab/raspberryPI3/ros2_ws/src) by extensions ['colcon_meta']
[1.627s] Level 1:colcon.colcon_core.package_identification:_identify(/home/lilultime/Autocab/autocab/raspberryPI3/ros2_ws/src) by extension 'colcon_meta'
[1.627s] Level 1:colcon.colcon_core.package_identification:_identify(/home/lilultime/Autocab/autocab/raspberryPI3/ros2_ws/src) by extensions ['ros']
[1.627s] Level 1:colcon.colcon_core.package_identification:_identify(/home/lilultime/Autocab/autocab/raspberryPI3/ros2_ws/src) by extension 'ros'
[1.628s] Level 1:colcon.colcon_core.package_identification:_identify(/home/lilultime/Autocab/autocab/raspberryPI3/ros2_ws/src) by extensions ['cmake', 'python']
[1.628s] Level 1:colcon.colcon_core.package_identification:_identify(/home/lilultime/Autocab/autocab/raspberryPI3/ros2_ws/src) by extension 'cmake'
[1.628s] Level 1:colcon.colcon_core.package_identification:_identify(/home/lilultime/Autocab/autocab/raspberryPI3/ros2_ws/src) by extension 'python'
[1.628s] Level 1:colcon.colcon_core.package_identification:_identify(/home/lilultime/Autocab/autocab/raspberryPI3/ros2_ws/src) by extensions ['python_setup_py']
[1.628s] Level 1:colcon.colcon_core.package_identification:_identify(/home/lilultime/Autocab/autocab/raspberryPI3/ros2_ws/src) by extension 'python_setup_py'
[1.628s] Level 1:colcon.colcon_core.package_identification:_identify(/home/lilultime/Autocab/autocab/raspberryPI3/ros2_ws/src/auto_traj) by extensions ['ignore', 'ignore_ament_install']
[1.628s] Level 1:colcon.colcon_core.package_identification:_identify(/home/lilultime/Autocab/autocab/raspberryPI3/ros2_ws/src/auto_traj) by extension 'ignore'
[1.628s] Level 1:colcon.colcon_core.package_identification:_identify(/home/lilultime/Autocab/autocab/raspberryPI3/ros2_ws/src/auto_traj) by extension 'ignore_ament_install'
[1.628s] Level 1:colcon.colcon_core.package_identification:_identify(/home/lilultime/Autocab/autocab/raspberryPI3/ros2_ws/src/auto_traj) by extensions ['colcon_pkg']
[1.628s] Level 1:colcon.colcon_core.package_identification:_identify(/home/lilultime/Autocab/autocab/raspberryPI3/ros2_ws/src/auto_traj) by extension 'colcon_pkg'
[1.628s] Level 1:colcon.colcon_core.package_identification:_identify(/home/lilultime/Autocab/autocab/raspberryPI3/ros2_ws/src/auto_traj) by extensions ['colcon_meta']
[1.628s] Level 1:colcon.colcon_core.package_identification:_identify(/home/lilultime/Autocab/autocab/raspberryPI3/ros2_ws/src/auto_traj) by extension 'colcon_meta'
[1.629s] Level 1:colcon.colcon_core.package_identification:_identify(/home/lilultime/Autocab/autocab/raspberryPI3/ros2_ws/src/auto_traj) by extensions ['ros']
[1.629s] Level 1:colcon.colcon_core.package_identification:_identify(/home/lilultime/Autocab/autocab/raspberryPI3/ros2_ws/src/auto_traj) by extension 'ros'
[1.629s] Level 1:colcon.colcon_core.package_identification:_identify(/home/lilultime/Autocab/autocab/raspberryPI3/ros2_ws/src/auto_traj) by extensions ['cmake', 'python']
[1.629s] Level 1:colcon.colcon_core.package_identification:_identify(/home/lilultime/Autocab/autocab/raspberryPI3/ros2_ws/src/auto_traj) by extension 'cmake'
[1.629s] Level 1:colcon.colcon_core.package_identification:_identify(/home/lilultime/Autocab/autocab/raspberryPI3/ros2_ws/src/auto_traj) by extension 'python'
[1.629s] Level 1:colcon.colcon_core.package_identification:_identify(/home/lilultime/Autocab/autocab/raspberryPI3/ros2_ws/src/auto_traj) by extensions ['python_setup_py']
[1.629s] Level 1:colcon.colcon_core.package_identification:_identify(/home/lilultime/Autocab/autocab/raspberryPI3/ros2_ws/src/auto_traj) by extension 'python_setup_py'
[1.629s] Level 1:colcon.colcon_core.package_identification:_identify(/home/lilultime/Autocab/autocab/raspberryPI3/ros2_ws/src/auto_traj/include) by extensions ['ignore', 'ignore_ament_install']
[1.629s] Level 1:colcon.colcon_core.package_identification:_identify(/home/lilultime/Autocab/autocab/raspberryPI3/ros2_ws/src/auto_traj/include) by extension 'ignore'
[1.629s] Level 1:colcon.colcon_core.package_identification:_identify(/home/lilultime/Autocab/autocab/raspberryPI3/ros2_ws/src/auto_traj/include) by extension 'ignore_ament_install'
[1.629s] Level 1:colcon.colcon_core.package_identification:_identify(/home/lilultime/Autocab/autocab/raspberryPI3/ros2_ws/src/auto_traj/include) by extensions ['colcon_pkg']
[1.629s] Level 1:colcon.colcon_core.package_identification:_identify(/home/lilultime/Autocab/autocab/raspberryPI3/ros2_ws/src/auto_traj/include) by extension 'colcon_pkg'
[1.629s] Level 1:colcon.colcon_core.package_identification:_identify(/home/lilultime/Autocab/autocab/raspberryPI3/ros2_ws/src/auto_traj/include) by extensions ['colcon_meta']
[1.629s] Level 1:colcon.colcon_core.package_identification:_identify(/home/lilultime/Autocab/autocab/raspberryPI3/ros2_ws/src/auto_traj/include) by extension 'colcon_meta'
[1.629s] Level 1:colcon.colcon_core.package_identification:_identify(/home/lilultime/Autocab/autocab/raspberryPI3/ros2_ws/src/auto_traj/include) by extensions ['ros']
[1.629s] Level 1:colcon.colcon_core.package_identification:_identify(/home/lilultime/Autocab/autocab/raspberryPI3/ros2_ws/src/auto_traj/include) by extension 'ros'
[1.630s] Level 1:colcon.colcon_core.package_identification:_identify(/home/lilultime/Autocab/autocab/raspberryPI3/ros2_ws/src/auto_traj/include) by extensions ['cmake', 'python']
[1.630s] Level 1:colcon.colcon_core.package_identification:_identify(/home/lilultime/Autocab/autocab/raspberryPI3/ros2_ws/src/auto_traj/include) by extension 'cmake'
[1.630s] Level 1:colcon.colcon_core.package_identification:_identify(/home/lilultime/Autocab/autocab/raspberryPI3/ros2_ws/src/auto_traj/include) by extension 'python'
[1.630s] Level 1:colcon.colcon_core.package_identification:_identify(/home/lilultime/Autocab/autocab/raspberryPI3/ros2_ws/src/auto_traj/include) by extensions ['python_setup_py']
[1.630s] Level 1:colcon.colcon_core.package_identification:_identify(/home/lilultime/Autocab/autocab/raspberryPI3/ros2_ws/src/auto_traj/include) by extension 'python_setup_py'
[1.630s] Level 1:colcon.colcon_core.package_identification:_identify(/home/lilultime/Autocab/autocab/raspberryPI3/ros2_ws/src/auto_traj/include/auto_traj) by extensions ['ignore', 'ignore_ament_install']
[1.630s] Level 1:colcon.colcon_core.package_identification:_identify(/home/lilultime/Autocab/autocab/raspberryPI3/ros2_ws/src/auto_traj/include/auto_traj) by extension 'ignore'
[1.630s] Level 1:colcon.colcon_core.package_identification:_identify(/home/lilultime/Autocab/autocab/raspberryPI3/ros2_ws/src/auto_traj/include/auto_traj) by extension 'ignore_ament_install'
[1.630s] Level 1:colcon.colcon_core.package_identification:_identify(/home/lilultime/Autocab/autocab/raspberryPI3/ros2_ws/src/auto_traj/include/auto_traj) by extensions ['colcon_pkg']
[1.630s] Level 1:colcon.colcon_core.package_identification:_identify(/home/lilultime/Autocab/autocab/raspberryPI3/ros2_ws/src/auto_traj/include/auto_traj) by extension 'colcon_pkg'
[1.630s] Level 1:colcon.colcon_core.package_identification:_identify(/home/lilultime/Autocab/autocab/raspberryPI3/ros2_ws/src/auto_traj/include/auto_traj) by extensions ['colcon_meta']
[1.630s] Level 1:colcon.colcon_core.package_identification:_identify(/home/lilultime/Autocab/autocab/raspberryPI3/ros2_ws/src/auto_traj/include/auto_traj) by extension 'colcon_meta'
[1.630s] Level 1:colcon.colcon_core.package_identification:_identify(/home/lilultime/Autocab/autocab/raspberryPI3/ros2_ws/src/auto_traj/include/auto_traj) by extensions ['ros']
[1.630s] Level 1:colcon.colcon_core.package_identification:_identify(/home/lilultime/Autocab/autocab/raspberryPI3/ros2_ws/src/auto_traj/include/auto_traj) by extension 'ros'
[1.630s] Level 1:colcon.colcon_core.package_identification:_identify(/home/lilultime/Autocab/autocab/raspberryPI3/ros2_ws/src/auto_traj/include/auto_traj) by extensions ['cmake', 'python']
[1.630s] Level 1:colcon.colcon_core.package_identification:_identify(/home/lilultime/Autocab/autocab/raspberryPI3/ros2_ws/src/auto_traj/include/auto_traj) by extension 'cmake'
[1.630s] Level 1:colcon.colcon_core.package_identification:_identify(/home/lilultime/Autocab/autocab/raspberryPI3/ros2_ws/src/auto_traj/include/auto_traj) by extension 'python'
[1.631s] Level 1:colcon.colcon_core.package_identification:_identify(/home/lilultime/Autocab/autocab/raspberryPI3/ros2_ws/src/auto_traj/include/auto_traj) by extensions ['python_setup_py']
[1.631s] Level 1:colcon.colcon_core.package_identification:_identify(/home/lilultime/Autocab/autocab/raspberryPI3/ros2_ws/src/auto_traj/include/auto_traj) by extension 'python_setup_py'
[1.631s] Level 1:colcon.colcon_core.package_identification:_identify(/home/lilultime/Autocab/autocab/raspberryPI3/ros2_ws/src/can) by extensions ['ignore', 'ignore_ament_install']
[1.631s] Level 1:colcon.colcon_core.package_identification:_identify(/home/lilultime/Autocab/autocab/raspberryPI3/ros2_ws/src/can) by extension 'ignore'
[1.631s] Level 1:colcon.colcon_core.package_identification:_identify(/home/lilultime/Autocab/autocab/raspberryPI3/ros2_ws/src/can) by extension 'ignore_ament_install'
[1.631s] Level 1:colcon.colcon_core.package_identification:_identify(/home/lilultime/Autocab/autocab/raspberryPI3/ros2_ws/src/can) by extensions ['colcon_pkg']
[1.631s] Level 1:colcon.colcon_core.package_identification:_identify(/home/lilultime/Autocab/autocab/raspberryPI3/ros2_ws/src/can) by extension 'colcon_pkg'
[1.631s] Level 1:colcon.colcon_core.package_identification:_identify(/home/lilultime/Autocab/autocab/raspberryPI3/ros2_ws/src/can) by extensions ['colcon_meta']
[1.631s] Level 1:colcon.colcon_core.package_identification:_identify(/home/lilultime/Autocab/autocab/raspberryPI3/ros2_ws/src/can) by extension 'colcon_meta'
[1.631s] Level 1:colcon.colcon_core.package_identification:_identify(/home/lilultime/Autocab/autocab/raspberryPI3/ros2_ws/src/can) by extensions ['ros']
[1.631s] Level 1:colcon.colcon_core.package_identification:_identify(/home/lilultime/Autocab/autocab/raspberryPI3/ros2_ws/src/can) by extension 'ros'
[1.636s] DEBUG:colcon.colcon_core.package_identification:Package '/home/lilultime/Autocab/autocab/raspberryPI3/ros2_ws/src/can' with type 'ros.ament_cmake' and name 'can'
[1.636s] Level 1:colcon.colcon_core.package_identification:_identify(/home/lilultime/Autocab/autocab/raspberryPI3/ros2_ws/src/car_control) by extensions ['ignore', 'ignore_ament_install']
[1.636s] Level 1:colcon.colcon_core.package_identification:_identify(/home/lilultime/Autocab/autocab/raspberryPI3/ros2_ws/src/car_control) by extension 'ignore'
[1.636s] Level 1:colcon.colcon_core.package_identification:_identify(/home/lilultime/Autocab/autocab/raspberryPI3/ros2_ws/src/car_control) by extension 'ignore_ament_install'
[1.636s] Level 1:colcon.colcon_core.package_identification:_identify(/home/lilultime/Autocab/autocab/raspberryPI3/ros2_ws/src/car_control) by extensions ['colcon_pkg']
[1.636s] Level 1:colcon.colcon_core.package_identification:_identify(/home/lilultime/Autocab/autocab/raspberryPI3/ros2_ws/src/car_control) by extension 'colcon_pkg'
[1.636s] Level 1:colcon.colcon_core.package_identification:_identify(/home/lilultime/Autocab/autocab/raspberryPI3/ros2_ws/src/car_control) by extensions ['colcon_meta']
[1.637s] Level 1:colcon.colcon_core.package_identification:_identify(/home/lilultime/Autocab/autocab/raspberryPI3/ros2_ws/src/car_control) by extension 'colcon_meta'
[1.637s] Level 1:colcon.colcon_core.package_identification:_identify(/home/lilultime/Autocab/autocab/raspberryPI3/ros2_ws/src/car_control) by extensions ['ros']
[1.637s] Level 1:colcon.colcon_core.package_identification:_identify(/home/lilultime/Autocab/autocab/raspberryPI3/ros2_ws/src/car_control) by extension 'ros'
[1.638s] DEBUG:colcon.colcon_core.package_identification:Package '/home/lilultime/Autocab/autocab/raspberryPI3/ros2_ws/src/car_control' with type 'ros.ament_cmake' and name 'car_control'
[1.638s] Level 1:colcon.colcon_core.package_identification:_identify(/home/lilultime/Autocab/autocab/raspberryPI3/ros2_ws/src/carla_msgs) by extensions ['ignore', 'ignore_ament_install']
[1.638s] Level 1:colcon.colcon_core.package_identification:_identify(/home/lilultime/Autocab/autocab/raspberryPI3/ros2_ws/src/carla_msgs) by extension 'ignore'
[1.639s] Level 1:colcon.colcon_core.package_identification:_identify(/home/lilultime/Autocab/autocab/raspberryPI3/ros2_ws/src/carla_msgs) by extension 'ignore_ament_install'
[1.639s] Level 1:colcon.colcon_core.package_identification:_identify(/home/lilultime/Autocab/autocab/raspberryPI3/ros2_ws/src/carla_msgs) by extensions ['colcon_pkg']
[1.639s] Level 1:colcon.colcon_core.package_identification:_identify(/home/lilultime/Autocab/autocab/raspberryPI3/ros2_ws/src/carla_msgs) by extension 'colcon_pkg'
[1.639s] Level 1:colcon.colcon_core.package_identification:_identify(/home/lilultime/Autocab/autocab/raspberryPI3/ros2_ws/src/carla_msgs) by extensions ['colcon_meta']
[1.639s] Level 1:colcon.colcon_core.package_identification:_identify(/home/lilultime/Autocab/autocab/raspberryPI3/ros2_ws/src/carla_msgs) by extension 'colcon_meta'
[1.639s] Level 1:colcon.colcon_core.package_identification:_identify(/home/lilultime/Autocab/autocab/raspberryPI3/ros2_ws/src/carla_msgs) by extensions ['ros']
[1.639s] Level 1:colcon.colcon_core.package_identification:_identify(/home/lilultime/Autocab/autocab/raspberryPI3/ros2_ws/src/carla_msgs) by extension 'ros'
[1.641s] DEBUG:colcon.colcon_core.package_identification:Package '/home/lilultime/Autocab/autocab/raspberryPI3/ros2_ws/src/carla_msgs' with type 'ros.ament_cmake' and name 'carla_msgs'
[1.641s] Level 1:colcon.colcon_core.package_identification:_identify(/home/lilultime/Autocab/autocab/raspberryPI3/ros2_ws/src/geicar_start) by extensions ['ignore', 'ignore_ament_install']
[1.641s] Level 1:colcon.colcon_core.package_identification:_identify(/home/lilultime/Autocab/autocab/raspberryPI3/ros2_ws/src/geicar_start) by extension 'ignore'
[1.641s] Level 1:colcon.colcon_core.package_identification:_identify(/home/lilultime/Autocab/autocab/raspberryPI3/ros2_ws/src/geicar_start) by extension 'ignore_ament_install'
[1.641s] Level 1:colcon.colcon_core.package_identification:_identify(/home/lilultime/Autocab/autocab/raspberryPI3/ros2_ws/src/geicar_start) by extensions ['colcon_pkg']
[1.641s] Level 1:colcon.colcon_core.package_identification:_identify(/home/lilultime/Autocab/autocab/raspberryPI3/ros2_ws/src/geicar_start) by extension 'colcon_pkg'
[1.641s] Level 1:colcon.colcon_core.package_identification:_identify(/home/lilultime/Autocab/autocab/raspberryPI3/ros2_ws/src/geicar_start) by extensions ['colcon_meta']
[1.641s] Level 1:colcon.colcon_core.package_identification:_identify(/home/lilultime/Autocab/autocab/raspberryPI3/ros2_ws/src/geicar_start) by extension 'colcon_meta'
[1.641s] Level 1:colcon.colcon_core.package_identification:_identify(/home/lilultime/Autocab/autocab/raspberryPI3/ros2_ws/src/geicar_start) by extensions ['ros']
[1.641s] Level 1:colcon.colcon_core.package_identification:_identify(/home/lilultime/Autocab/autocab/raspberryPI3/ros2_ws/src/geicar_start) by extension 'ros'
[1.642s] DEBUG:colcon.colcon_core.package_identification:Package '/home/lilultime/Autocab/autocab/raspberryPI3/ros2_ws/src/geicar_start' with type 'ros.ament_cmake' and name 'geicar_start'
[1.642s] Level 1:colcon.colcon_core.package_identification:_identify(/home/lilultime/Autocab/autocab/raspberryPI3/ros2_ws/src/imu_tools) by extensions ['ignore', 'ignore_ament_install']
[1.642s] Level 1:colcon.colcon_core.package_identification:_identify(/home/lilultime/Autocab/autocab/raspberryPI3/ros2_ws/src/imu_tools) by extension 'ignore'
[1.642s] Level 1:colcon.colcon_core.package_identification:_identify(/home/lilultime/Autocab/autocab/raspberryPI3/ros2_ws/src/imu_tools) by extension 'ignore_ament_install'
[1.642s] Level 1:colcon.colcon_core.package_identification:_identify(/home/lilultime/Autocab/autocab/raspberryPI3/ros2_ws/src/imu_tools) by extensions ['colcon_pkg']
[1.642s] Level 1:colcon.colcon_core.package_identification:_identify(/home/lilultime/Autocab/autocab/raspberryPI3/ros2_ws/src/imu_tools) by extension 'colcon_pkg'
[1.642s] Level 1:colcon.colcon_core.package_identification:_identify(/home/lilultime/Autocab/autocab/raspberryPI3/ros2_ws/src/imu_tools) by extensions ['colcon_meta']
[1.642s] Level 1:colcon.colcon_core.package_identification:_identify(/home/lilultime/Autocab/autocab/raspberryPI3/ros2_ws/src/imu_tools) by extension 'colcon_meta'
[1.643s] Level 1:colcon.colcon_core.package_identification:_identify(/home/lilultime/Autocab/autocab/raspberryPI3/ros2_ws/src/imu_tools) by extensions ['ros']
[1.643s] Level 1:colcon.colcon_core.package_identification:_identify(/home/lilultime/Autocab/autocab/raspberryPI3/ros2_ws/src/imu_tools) by extension 'ros'
[1.643s] Level 1:colcon.colcon_core.package_identification:_identify(/home/lilultime/Autocab/autocab/raspberryPI3/ros2_ws/src/imu_tools) by extensions ['cmake', 'python']
[1.643s] Level 1:colcon.colcon_core.package_identification:_identify(/home/lilultime/Autocab/autocab/raspberryPI3/ros2_ws/src/imu_tools) by extension 'cmake'
[1.643s] Level 1:colcon.colcon_core.package_identification:_identify(/home/lilultime/Autocab/autocab/raspberryPI3/ros2_ws/src/imu_tools) by extension 'python'
[1.643s] Level 1:colcon.colcon_core.package_identification:_identify(/home/lilultime/Autocab/autocab/raspberryPI3/ros2_ws/src/imu_tools) by extensions ['python_setup_py']
[1.643s] Level 1:colcon.colcon_core.package_identification:_identify(/home/lilultime/Autocab/autocab/raspberryPI3/ros2_ws/src/imu_tools) by extension 'python_setup_py'
[1.643s] Level 1:colcon.colcon_core.package_identification:_identify(/home/lilultime/Autocab/autocab/raspberryPI3/ros2_ws/src/imu_tools/imu_complementary_filter) by extensions ['ignore', 'ignore_ament_install']
[1.643s] Level 1:colcon.colcon_core.package_identification:_identify(/home/lilultime/Autocab/autocab/raspberryPI3/ros2_ws/src/imu_tools/imu_complementary_filter) by extension 'ignore'
[1.643s] Level 1:colcon.colcon_core.package_identification:_identify(/home/lilultime/Autocab/autocab/raspberryPI3/ros2_ws/src/imu_tools/imu_complementary_filter) by extension 'ignore_ament_install'
[1.643s] Level 1:colcon.colcon_core.package_identification:_identify(/home/lilultime/Autocab/autocab/raspberryPI3/ros2_ws/src/imu_tools/imu_complementary_filter) by extensions ['colcon_pkg']
[1.643s] Level 1:colcon.colcon_core.package_identification:_identify(/home/lilultime/Autocab/autocab/raspberryPI3/ros2_ws/src/imu_tools/imu_complementary_filter) by extension 'colcon_pkg'
[1.643s] Level 1:colcon.colcon_core.package_identification:_identify(/home/lilultime/Autocab/autocab/raspberryPI3/ros2_ws/src/imu_tools/imu_complementary_filter) by extensions ['colcon_meta']
[1.644s] Level 1:colcon.colcon_core.package_identification:_identify(/home/lilultime/Autocab/autocab/raspberryPI3/ros2_ws/src/imu_tools/imu_complementary_filter) by extension 'colcon_meta'
[1.644s] Level 1:colcon.colcon_core.package_identification:_identify(/home/lilultime/Autocab/autocab/raspberryPI3/ros2_ws/src/imu_tools/imu_complementary_filter) by extensions ['ros']
[1.644s] Level 1:colcon.colcon_core.package_identification:_identify(/home/lilultime/Autocab/autocab/raspberryPI3/ros2_ws/src/imu_tools/imu_complementary_filter) by extension 'ros'
[1.645s] DEBUG:colcon.colcon_core.package_identification:Package '/home/lilultime/Autocab/autocab/raspberryPI3/ros2_ws/src/imu_tools/imu_complementary_filter' with type 'ros.ament_cmake' and name 'imu_complementary_filter'
[1.645s] Level 1:colcon.colcon_core.package_identification:_identify(/home/lilultime/Autocab/autocab/raspberryPI3/ros2_ws/src/imu_tools/imu_filter_madgwick) by extensions ['ignore', 'ignore_ament_install']
[1.645s] Level 1:colcon.colcon_core.package_identification:_identify(/home/lilultime/Autocab/autocab/raspberryPI3/ros2_ws/src/imu_tools/imu_filter_madgwick) by extension 'ignore'
[1.645s] Level 1:colcon.colcon_core.package_identification:_identify(/home/lilultime/Autocab/autocab/raspberryPI3/ros2_ws/src/imu_tools/imu_filter_madgwick) by extension 'ignore_ament_install'
[1.645s] Level 1:colcon.colcon_core.package_identification:_identify(/home/lilultime/Autocab/autocab/raspberryPI3/ros2_ws/src/imu_tools/imu_filter_madgwick) by extensions ['colcon_pkg']
[1.645s] Level 1:colcon.colcon_core.package_identification:_identify(/home/lilultime/Autocab/autocab/raspberryPI3/ros2_ws/src/imu_tools/imu_filter_madgwick) by extension 'colcon_pkg'
[1.645s] Level 1:colcon.colcon_core.package_identification:_identify(/home/lilultime/Autocab/autocab/raspberryPI3/ros2_ws/src/imu_tools/imu_filter_madgwick) by extensions ['colcon_meta']
[1.645s] Level 1:colcon.colcon_core.package_identification:_identify(/home/lilultime/Autocab/autocab/raspberryPI3/ros2_ws/src/imu_tools/imu_filter_madgwick) by extension 'colcon_meta'
[1.645s] Level 1:colcon.colcon_core.package_identification:_identify(/home/lilultime/Autocab/autocab/raspberryPI3/ros2_ws/src/imu_tools/imu_filter_madgwick) by extensions ['ros']
[1.646s] Level 1:colcon.colcon_core.package_identification:_identify(/home/lilultime/Autocab/autocab/raspberryPI3/ros2_ws/src/imu_tools/imu_filter_madgwick) by extension 'ros'
[1.647s] DEBUG:colcon.colcon_core.package_identification:Package '/home/lilultime/Autocab/autocab/raspberryPI3/ros2_ws/src/imu_tools/imu_filter_madgwick' with type 'ros.ament_cmake' and name 'imu_filter_madgwick'
[1.647s] Level 1:colcon.colcon_core.package_identification:_identify(/home/lilultime/Autocab/autocab/raspberryPI3/ros2_ws/src/imu_tools/imu_tools) by extensions ['ignore', 'ignore_ament_install']
[1.647s] Level 1:colcon.colcon_core.package_identification:_identify(/home/lilultime/Autocab/autocab/raspberryPI3/ros2_ws/src/imu_tools/imu_tools) by extension 'ignore'
[1.647s] Level 1:colcon.colcon_core.package_identification:_identify(/home/lilultime/Autocab/autocab/raspberryPI3/ros2_ws/src/imu_tools/imu_tools) by extension 'ignore_ament_install'
[1.647s] Level 1:colcon.colcon_core.package_identification:_identify(/home/lilultime/Autocab/autocab/raspberryPI3/ros2_ws/src/imu_tools/imu_tools) by extensions ['colcon_pkg']
[1.647s] Level 1:colcon.colcon_core.package_identification:_identify(/home/lilultime/Autocab/autocab/raspberryPI3/ros2_ws/src/imu_tools/imu_tools) by extension 'colcon_pkg'
[1.647s] Level 1:colcon.colcon_core.package_identification:_identify(/home/lilultime/Autocab/autocab/raspberryPI3/ros2_ws/src/imu_tools/imu_tools) by extensions ['colcon_meta']
[1.647s] Level 1:colcon.colcon_core.package_identification:_identify(/home/lilultime/Autocab/autocab/raspberryPI3/ros2_ws/src/imu_tools/imu_tools) by extension 'colcon_meta'
[1.647s] Level 1:colcon.colcon_core.package_identification:_identify(/home/lilultime/Autocab/autocab/raspberryPI3/ros2_ws/src/imu_tools/imu_tools) by extensions ['ros']
[1.647s] Level 1:colcon.colcon_core.package_identification:_identify(/home/lilultime/Autocab/autocab/raspberryPI3/ros2_ws/src/imu_tools/imu_tools) by extension 'ros'
[1.648s] DEBUG:colcon.colcon_core.package_identification:Package '/home/lilultime/Autocab/autocab/raspberryPI3/ros2_ws/src/imu_tools/imu_tools' with type 'ros.ament_cmake' and name 'imu_tools'
[1.648s] Level 1:colcon.colcon_core.package_identification:_identify(/home/lilultime/Autocab/autocab/raspberryPI3/ros2_ws/src/imu_tools/rviz_imu_plugin) by extensions ['ignore', 'ignore_ament_install']
[1.648s] Level 1:colcon.colcon_core.package_identification:_identify(/home/lilultime/Autocab/autocab/raspberryPI3/ros2_ws/src/imu_tools/rviz_imu_plugin) by extension 'ignore'
[1.649s] Level 1:colcon.colcon_core.package_identification:_identify(/home/lilultime/Autocab/autocab/raspberryPI3/ros2_ws/src/imu_tools/rviz_imu_plugin) by extension 'ignore_ament_install'
[1.649s] Level 1:colcon.colcon_core.package_identification:_identify(/home/lilultime/Autocab/autocab/raspberryPI3/ros2_ws/src/imu_tools/rviz_imu_plugin) by extensions ['colcon_pkg']
[1.649s] Level 1:colcon.colcon_core.package_identification:_identify(/home/lilultime/Autocab/autocab/raspberryPI3/ros2_ws/src/imu_tools/rviz_imu_plugin) by extension 'colcon_pkg'
[1.649s] Level 1:colcon.colcon_core.package_identification:_identify(/home/lilultime/Autocab/autocab/raspberryPI3/ros2_ws/src/imu_tools/rviz_imu_plugin) by extensions ['colcon_meta']
[1.649s] Level 1:colcon.colcon_core.package_identification:_identify(/home/lilultime/Autocab/autocab/raspberryPI3/ros2_ws/src/imu_tools/rviz_imu_plugin) by extension 'colcon_meta'
[1.649s] Level 1:colcon.colcon_core.package_identification:_identify(/home/lilultime/Autocab/autocab/raspberryPI3/ros2_ws/src/imu_tools/rviz_imu_plugin) by extensions ['ros']
[1.649s] Level 1:colcon.colcon_core.package_identification:_identify(/home/lilultime/Autocab/autocab/raspberryPI3/ros2_ws/src/imu_tools/rviz_imu_plugin) by extension 'ros'
[1.651s] DEBUG:colcon.colcon_core.package_identification:Package '/home/lilultime/Autocab/autocab/raspberryPI3/ros2_ws/src/imu_tools/rviz_imu_plugin' with type 'ros.ament_cmake' and name 'rviz_imu_plugin'
[1.651s] Level 1:colcon.colcon_core.package_identification:_identify(/home/lilultime/Autocab/autocab/raspberryPI3/ros2_ws/src/interfaces) by extensions ['ignore', 'ignore_ament_install']
[1.652s] Level 1:colcon.colcon_core.package_identification:_identify(/home/lilultime/Autocab/autocab/raspberryPI3/ros2_ws/src/interfaces) by extension 'ignore'
[1.652s] Level 1:colcon.colcon_core.package_identification:_identify(/home/lilultime/Autocab/autocab/raspberryPI3/ros2_ws/src/interfaces) by extension 'ignore_ament_install'
[1.652s] Level 1:colcon.colcon_core.package_identification:_identify(/home/lilultime/Autocab/autocab/raspberryPI3/ros2_ws/src/interfaces) by extensions ['colcon_pkg']
[1.652s] Level 1:colcon.colcon_core.package_identification:_identify(/home/lilultime/Autocab/autocab/raspberryPI3/ros2_ws/src/interfaces) by extension 'colcon_pkg'
[1.652s] Level 1:colcon.colcon_core.package_identification:_identify(/home/lilultime/Autocab/autocab/raspberryPI3/ros2_ws/src/interfaces) by extensions ['colcon_meta']
[1.652s] Level 1:colcon.colcon_core.package_identification:_identify(/home/lilultime/Autocab/autocab/raspberryPI3/ros2_ws/src/interfaces) by extension 'colcon_meta'
[1.652s] Level 1:colcon.colcon_core.package_identification:_identify(/home/lilultime/Autocab/autocab/raspberryPI3/ros2_ws/src/interfaces) by extensions ['ros']
[1.652s] Level 1:colcon.colcon_core.package_identification:_identify(/home/lilultime/Autocab/autocab/raspberryPI3/ros2_ws/src/interfaces) by extension 'ros'
[1.653s] DEBUG:colcon.colcon_core.package_identification:Package '/home/lilultime/Autocab/autocab/raspberryPI3/ros2_ws/src/interfaces' with type 'ros.ament_cmake' and name 'interfaces'
[1.653s] Level 1:colcon.colcon_core.package_identification:_identify(/home/lilultime/Autocab/autocab/raspberryPI3/ros2_ws/src/joystick) by extensions ['ignore', 'ignore_ament_install']
[1.654s] Level 1:colcon.colcon_core.package_identification:_identify(/home/lilultime/Autocab/autocab/raspberryPI3/ros2_ws/src/joystick) by extension 'ignore'
[1.654s] Level 1:colcon.colcon_core.package_identification:_identify(/home/lilultime/Autocab/autocab/raspberryPI3/ros2_ws/src/joystick) by extension 'ignore_ament_install'
[1.654s] Level 1:colcon.colcon_core.package_identification:_identify(/home/lilultime/Autocab/autocab/raspberryPI3/ros2_ws/src/joystick) by extensions ['colcon_pkg']
[1.654s] Level 1:colcon.colcon_core.package_identification:_identify(/home/lilultime/Autocab/autocab/raspberryPI3/ros2_ws/src/joystick) by extension 'colcon_pkg'
[1.654s] Level 1:colcon.colcon_core.package_identification:_identify(/home/lilultime/Autocab/autocab/raspberryPI3/ros2_ws/src/joystick) by extensions ['colcon_meta']
[1.654s] Level 1:colcon.colcon_core.package_identification:_identify(/home/lilultime/Autocab/autocab/raspberryPI3/ros2_ws/src/joystick) by extension 'colcon_meta'
[1.654s] Level 1:colcon.colcon_core.package_identification:_identify(/home/lilultime/Autocab/autocab/raspberryPI3/ros2_ws/src/joystick) by extensions ['ros']
[1.654s] Level 1:colcon.colcon_core.package_identification:_identify(/home/lilultime/Autocab/autocab/raspberryPI3/ros2_ws/src/joystick) by extension 'ros'
[1.656s] DEBUG:colcon.colcon_core.package_identification:Package '/home/lilultime/Autocab/autocab/raspberryPI3/ros2_ws/src/joystick' with type 'ros.ament_cmake' and name 'joystick'
[1.656s] Level 1:colcon.colcon_core.package_identification:_identify(/home/lilultime/Autocab/autocab/raspberryPI3/ros2_ws/src/simulation) by extensions ['ignore', 'ignore_ament_install']
[1.656s] Level 1:colcon.colcon_core.package_identification:_identify(/home/lilultime/Autocab/autocab/raspberryPI3/ros2_ws/src/simulation) by extension 'ignore'
[1.656s] Level 1:colcon.colcon_core.package_identification:_identify(/home/lilultime/Autocab/autocab/raspberryPI3/ros2_ws/src/simulation) by extension 'ignore_ament_install'
[1.656s] Level 1:colcon.colcon_core.package_identification:_identify(/home/lilultime/Autocab/autocab/raspberryPI3/ros2_ws/src/simulation) by extensions ['colcon_pkg']
[1.656s] Level 1:colcon.colcon_core.package_identification:_identify(/home/lilultime/Autocab/autocab/raspberryPI3/ros2_ws/src/simulation) by extension 'colcon_pkg'
[1.656s] Level 1:colcon.colcon_core.package_identification:_identify(/home/lilultime/Autocab/autocab/raspberryPI3/ros2_ws/src/simulation) by extensions ['colcon_meta']
[1.657s] Level 1:colcon.colcon_core.package_identification:_identify(/home/lilultime/Autocab/autocab/raspberryPI3/ros2_ws/src/simulation) by extension 'colcon_meta'
[1.657s] Level 1:colcon.colcon_core.package_identification:_identify(/home/lilultime/Autocab/autocab/raspberryPI3/ros2_ws/src/simulation) by extensions ['ros']
[1.657s] Level 1:colcon.colcon_core.package_identification:_identify(/home/lilultime/Autocab/autocab/raspberryPI3/ros2_ws/src/simulation) by extension 'ros'
[1.658s] DEBUG:colcon.colcon_core.package_identification:Package '/home/lilultime/Autocab/autocab/raspberryPI3/ros2_ws/src/simulation' with type 'ros.ament_cmake' and name 'simulation'
[1.658s] Level 1:colcon.colcon_core.package_identification:_identify(/home/lilultime/Autocab/autocab/raspberryPI3/ros2_ws/src/system_check) by extensions ['ignore', 'ignore_ament_install']
[1.658s] Level 1:colcon.colcon_core.package_identification:_identify(/home/lilultime/Autocab/autocab/raspberryPI3/ros2_ws/src/system_check) by extension 'ignore'
[1.659s] Level 1:colcon.colcon_core.package_identification:_identify(/home/lilultime/Autocab/autocab/raspberryPI3/ros2_ws/src/system_check) by extension 'ignore_ament_install'
[1.659s] Level 1:colcon.colcon_core.package_identification:_identify(/home/lilultime/Autocab/autocab/raspberryPI3/ros2_ws/src/system_check) by extensions ['colcon_pkg']
[1.659s] Level 1:colcon.colcon_core.package_identification:_identify(/home/lilultime/Autocab/autocab/raspberryPI3/ros2_ws/src/system_check) by extension 'colcon_pkg'
[1.659s] Level 1:colcon.colcon_core.package_identification:_identify(/home/lilultime/Autocab/autocab/raspberryPI3/ros2_ws/src/system_check) by extensions ['colcon_meta']
[1.659s] Level 1:colcon.colcon_core.package_identification:_identify(/home/lilultime/Autocab/autocab/raspberryPI3/ros2_ws/src/system_check) by extension 'colcon_meta'
[1.659s] Level 1:colcon.colcon_core.package_identification:_identify(/home/lilultime/Autocab/autocab/raspberryPI3/ros2_ws/src/system_check) by extensions ['ros']
[1.659s] Level 1:colcon.colcon_core.package_identification:_identify(/home/lilultime/Autocab/autocab/raspberryPI3/ros2_ws/src/system_check) by extension 'ros'
[1.660s] DEBUG:colcon.colcon_core.package_identification:Package '/home/lilultime/Autocab/autocab/raspberryPI3/ros2_ws/src/system_check' with type 'ros.ament_cmake' and name 'system_check'
[1.660s] Level 1:colcon.colcon_core.package_discovery:discover_packages(recursive) using defaults
