[3.422s] DEBUG:colcon:Command line arguments: ['/usr/bin/colcon', 'build', '--packages-select=car_control']
[3.423s] DEBUG:colcon:Parsed command line arguments: Namespace(log_base=None, log_level=None, verb_name='build', build_base='build', install_base='install', merge_install=False, symlink_install=False, test_result_base=None, continue_on_error=False, executor='parallel', parallel_workers=4, event_handlers=None, ignore_user_meta=False, metas=['./colcon.meta'], base_paths=['.'], packages_ignore=None, packages_ignore_regex=None, paths=None, packages_up_to=None, packages_up_to_regex=None, packages_above=None, packages_above_and_dependencies=None, packages_above_depth=None, packages_select_by_dep=None, packages_skip_by_dep=None, packages_skip_up_to=None, packages_select_build_failed=False, packages_skip_build_finished=False, packages_select_test_failures=False, packages_skip_test_passed=False, packages_select=['car_control'], packages_skip=None, packages_select_regex=None, packages_skip_regex=None, packages_start=None, packages_end=None, allow_overriding=[], cmake_args=None, cmake_target=None, cmake_target_skip_unavailable=False, cmake_clean_cache=False, cmake_clean_first=False, cmake_force_configure=False, ament_cmake_args=None, catkin_cmake_args=None, catkin_skip_building_tests=False, verb_parser=<colcon_defaults.argument_parser.defaults.DefaultArgumentsDecorator object at 0xffff90f5ccd0>, verb_extension=<colcon_core.verb.build.BuildVerb object at 0xffff919bc7c0>, main=<bound method BuildVerb.main of <colcon_core.verb.build.BuildVerb object at 0xffff919bc7c0>>)
[3.676s] Level 1:colcon.colcon_core.package_discovery:discover_packages(colcon_meta) check parameters
[3.677s] Level 1:colcon.colcon_core.package_discovery:discover_packages(recursive) check parameters
[3.677s] Level 1:colcon.colcon_core.package_discovery:discover_packages(ignore) check parameters
[3.678s] Level 1:colcon.colcon_core.package_discovery:discover_packages(path) check parameters
[3.678s] Level 1:colcon.colcon_core.package_discovery:discover_packages(colcon_meta) discover
[3.679s] Level 1:colcon.colcon_core.package_discovery:discover_packages(recursive) discover
[3.679s] INFO:colcon.colcon_core.package_discovery:Crawling recursively for packages in '/home/pi/autocab/raspberryPI3/ros2_ws'
[3.680s] Level 1:colcon.colcon_core.package_identification:_identify(.) by extensions ['ignore', 'ignore_ament_install']
[3.681s] Level 1:colcon.colcon_core.package_identification:_identify(.) by extension 'ignore'
[3.681s] Level 1:colcon.colcon_core.package_identification:_identify(.) by extension 'ignore_ament_install'
[3.682s] Level 1:colcon.colcon_core.package_identification:_identify(.) by extensions ['colcon_pkg']
[3.683s] Level 1:colcon.colcon_core.package_identification:_identify(.) by extension 'colcon_pkg'
[3.683s] Level 1:colcon.colcon_core.package_identification:_identify(.) by extensions ['colcon_meta']
[3.683s] Level 1:colcon.colcon_core.package_identification:_identify(.) by extension 'colcon_meta'
[3.684s] Level 1:colcon.colcon_core.package_identification:_identify(.) by extensions ['ros']
[3.684s] Level 1:colcon.colcon_core.package_identification:_identify(.) by extension 'ros'
[3.806s] Level 1:colcon.colcon_core.package_identification:_identify(.) by extensions ['cmake', 'python']
[3.807s] Level 1:colcon.colcon_core.package_identification:_identify(.) by extension 'cmake'
[3.807s] Level 1:colcon.colcon_core.package_identification:_identify(.) by extension 'python'
[3.808s] Level 1:colcon.colcon_core.package_identification:_identify(.) by extensions ['python_setup_py']
[3.808s] Level 1:colcon.colcon_core.package_identification:_identify(.) by extension 'python_setup_py'
[3.810s] Level 1:colcon.colcon_core.package_identification:_identify(build) by extensions ['ignore', 'ignore_ament_install']
[3.811s] Level 1:colcon.colcon_core.package_identification:_identify(build) by extension 'ignore'
[3.811s] Level 1:colcon.colcon_core.package_identification:_identify(build) ignored
[3.813s] Level 1:colcon.colcon_core.package_identification:_identify(install) by extensions ['ignore', 'ignore_ament_install']
[3.814s] Level 1:colcon.colcon_core.package_identification:_identify(install) by extension 'ignore'
[3.814s] Level 1:colcon.colcon_core.package_identification:_identify(install) ignored
[3.816s] Level 1:colcon.colcon_core.package_identification:_identify(log) by extensions ['ignore', 'ignore_ament_install']
[3.816s] Level 1:colcon.colcon_core.package_identification:_identify(log) by extension 'ignore'
[3.817s] Level 1:colcon.colcon_core.package_identification:_identify(log) ignored
[3.818s] Level 1:colcon.colcon_core.package_identification:_identify(src) by extensions ['ignore', 'ignore_ament_install']
[3.819s] Level 1:colcon.colcon_core.package_identification:_identify(src) by extension 'ignore'
[3.819s] Level 1:colcon.colcon_core.package_identification:_identify(src) by extension 'ignore_ament_install'
[3.820s] Level 1:colcon.colcon_core.package_identification:_identify(src) by extensions ['colcon_pkg']
[3.820s] Level 1:colcon.colcon_core.package_identification:_identify(src) by extension 'colcon_pkg'
[3.821s] Level 1:colcon.colcon_core.package_identification:_identify(src) by extensions ['colcon_meta']
[3.821s] Level 1:colcon.colcon_core.package_identification:_identify(src) by extension 'colcon_meta'
[3.821s] Level 1:colcon.colcon_core.package_identification:_identify(src) by extensions ['ros']
[3.822s] Level 1:colcon.colcon_core.package_identification:_identify(src) by extension 'ros'
[3.823s] Level 1:colcon.colcon_core.package_identification:_identify(src) by extensions ['cmake', 'python']
[3.823s] Level 1:colcon.colcon_core.package_identification:_identify(src) by extension 'cmake'
[3.824s] Level 1:colcon.colcon_core.package_identification:_identify(src) by extension 'python'
[3.824s] Level 1:colcon.colcon_core.package_identification:_identify(src) by extensions ['python_setup_py']
[3.824s] Level 1:colcon.colcon_core.package_identification:_identify(src) by extension 'python_setup_py'
[3.826s] Level 1:colcon.colcon_core.package_identification:_identify(src/can) by extensions ['ignore', 'ignore_ament_install']
[3.826s] Level 1:colcon.colcon_core.package_identification:_identify(src/can) by extension 'ignore'
[3.827s] Level 1:colcon.colcon_core.package_identification:_identify(src/can) by extension 'ignore_ament_install'
[3.828s] Level 1:colcon.colcon_core.package_identification:_identify(src/can) by extensions ['colcon_pkg']
[3.828s] Level 1:colcon.colcon_core.package_identification:_identify(src/can) by extension 'colcon_pkg'
[3.828s] Level 1:colcon.colcon_core.package_identification:_identify(src/can) by extensions ['colcon_meta']
[3.829s] Level 1:colcon.colcon_core.package_identification:_identify(src/can) by extension 'colcon_meta'
[3.829s] Level 1:colcon.colcon_core.package_identification:_identify(src/can) by extensions ['ros']
[3.830s] Level 1:colcon.colcon_core.package_identification:_identify(src/can) by extension 'ros'
[3.911s] DEBUG:colcon.colcon_core.package_identification:Package 'src/can' with type 'ros.ament_cmake' and name 'can'
[3.912s] Level 1:colcon.colcon_core.package_identification:_identify(src/car_control) by extensions ['ignore', 'ignore_ament_install']
[3.913s] Level 1:colcon.colcon_core.package_identification:_identify(src/car_control) by extension 'ignore'
[3.914s] Level 1:colcon.colcon_core.package_identification:_identify(src/car_control) by extension 'ignore_ament_install'
[3.914s] Level 1:colcon.colcon_core.package_identification:_identify(src/car_control) by extensions ['colcon_pkg']
[3.915s] Level 1:colcon.colcon_core.package_identification:_identify(src/car_control) by extension 'colcon_pkg'
[3.915s] Level 1:colcon.colcon_core.package_identification:_identify(src/car_control) by extensions ['colcon_meta']
[3.915s] Level 1:colcon.colcon_core.package_identification:_identify(src/car_control) by extension 'colcon_meta'
[3.916s] Level 1:colcon.colcon_core.package_identification:_identify(src/car_control) by extensions ['ros']
[3.916s] Level 1:colcon.colcon_core.package_identification:_identify(src/car_control) by extension 'ros'
[3.924s] DEBUG:colcon.colcon_core.package_identification:Package 'src/car_control' with type 'ros.ament_cmake' and name 'car_control'
[3.926s] Level 1:colcon.colcon_core.package_identification:_identify(src/carla_msgs) by extensions ['ignore', 'ignore_ament_install']
[3.927s] Level 1:colcon.colcon_core.package_identification:_identify(src/carla_msgs) by extension 'ignore'
[3.927s] Level 1:colcon.colcon_core.package_identification:_identify(src/carla_msgs) by extension 'ignore_ament_install'
[3.928s] Level 1:colcon.colcon_core.package_identification:_identify(src/carla_msgs) by extensions ['colcon_pkg']
[3.928s] Level 1:colcon.colcon_core.package_identification:_identify(src/carla_msgs) by extension 'colcon_pkg'
[3.928s] Level 1:colcon.colcon_core.package_identification:_identify(src/carla_msgs) by extensions ['colcon_meta']
[3.929s] Level 1:colcon.colcon_core.package_identification:_identify(src/carla_msgs) by extension 'colcon_meta'
[3.929s] Level 1:colcon.colcon_core.package_identification:_identify(src/carla_msgs) by extensions ['ros']
[3.930s] Level 1:colcon.colcon_core.package_identification:_identify(src/carla_msgs) by extension 'ros'
[3.937s] DEBUG:colcon.colcon_core.package_identification:Package 'src/carla_msgs' with type 'ros.ament_cmake' and name 'carla_msgs'
[3.938s] Level 1:colcon.colcon_core.package_identification:_identify(src/geicar_start) by extensions ['ignore', 'ignore_ament_install']
[3.939s] Level 1:colcon.colcon_core.package_identification:_identify(src/geicar_start) by extension 'ignore'
[3.940s] Level 1:colcon.colcon_core.package_identification:_identify(src/geicar_start) by extension 'ignore_ament_install'
[3.940s] Level 1:colcon.colcon_core.package_identification:_identify(src/geicar_start) by extensions ['colcon_pkg']
[3.941s] Level 1:colcon.colcon_core.package_identification:_identify(src/geicar_start) by extension 'colcon_pkg'
[3.941s] Level 1:colcon.colcon_core.package_identification:_identify(src/geicar_start) by extensions ['colcon_meta']
[3.941s] Level 1:colcon.colcon_core.package_identification:_identify(src/geicar_start) by extension 'colcon_meta'
[3.942s] Level 1:colcon.colcon_core.package_identification:_identify(src/geicar_start) by extensions ['ros']
[3.942s] Level 1:colcon.colcon_core.package_identification:_identify(src/geicar_start) by extension 'ros'
[3.948s] DEBUG:colcon.colcon_core.package_identification:Package 'src/geicar_start' with type 'ros.ament_cmake' and name 'geicar_start'
[3.950s] Level 1:colcon.colcon_core.package_identification:_identify(src/imu_tools) by extensions ['ignore', 'ignore_ament_install']
[3.950s] Level 1:colcon.colcon_core.package_identification:_identify(src/imu_tools) by extension 'ignore'
[3.951s] Level 1:colcon.colcon_core.package_identification:_identify(src/imu_tools) by extension 'ignore_ament_install'
[3.952s] Level 1:colcon.colcon_core.package_identification:_identify(src/imu_tools) by extensions ['colcon_pkg']
[3.952s] Level 1:colcon.colcon_core.package_identification:_identify(src/imu_tools) by extension 'colcon_pkg'
[3.952s] Level 1:colcon.colcon_core.package_identification:_identify(src/imu_tools) by extensions ['colcon_meta']
[3.953s] Level 1:colcon.colcon_core.package_identification:_identify(src/imu_tools) by extension 'colcon_meta'
[3.953s] Level 1:colcon.colcon_core.package_identification:_identify(src/imu_tools) by extensions ['ros']
[3.954s] Level 1:colcon.colcon_core.package_identification:_identify(src/imu_tools) by extension 'ros'
[3.955s] Level 1:colcon.colcon_core.package_identification:_identify(src/imu_tools) by extensions ['cmake', 'python']
[3.955s] Level 1:colcon.colcon_core.package_identification:_identify(src/imu_tools) by extension 'cmake'
[3.956s] Level 1:colcon.colcon_core.package_identification:_identify(src/imu_tools) by extension 'python'
[3.956s] Level 1:colcon.colcon_core.package_identification:_identify(src/imu_tools) by extensions ['python_setup_py']
[3.956s] Level 1:colcon.colcon_core.package_identification:_identify(src/imu_tools) by extension 'python_setup_py'
[3.958s] Level 1:colcon.colcon_core.package_identification:_identify(src/imu_tools/imu_complementary_filter) by extensions ['ignore', 'ignore_ament_install']
[3.959s] Level 1:colcon.colcon_core.package_identification:_identify(src/imu_tools/imu_complementary_filter) by extension 'ignore'
[3.959s] Level 1:colcon.colcon_core.package_identification:_identify(src/imu_tools/imu_complementary_filter) by extension 'ignore_ament_install'
[3.960s] Level 1:colcon.colcon_core.package_identification:_identify(src/imu_tools/imu_complementary_filter) by extensions ['colcon_pkg']
[3.960s] Level 1:colcon.colcon_core.package_identification:_identify(src/imu_tools/imu_complementary_filter) by extension 'colcon_pkg'
[3.961s] Level 1:colcon.colcon_core.package_identification:_identify(src/imu_tools/imu_complementary_filter) by extensions ['colcon_meta']
[3.961s] Level 1:colcon.colcon_core.package_identification:_identify(src/imu_tools/imu_complementary_filter) by extension 'colcon_meta'
[3.962s] Level 1:colcon.colcon_core.package_identification:_identify(src/imu_tools/imu_complementary_filter) by extensions ['ros']
[3.962s] Level 1:colcon.colcon_core.package_identification:_identify(src/imu_tools/imu_complementary_filter) by extension 'ros'
[3.969s] DEBUG:colcon.colcon_core.package_identification:Package 'src/imu_tools/imu_complementary_filter' with type 'ros.ament_cmake' and name 'imu_complementary_filter'
[3.970s] Level 1:colcon.colcon_core.package_identification:_identify(src/imu_tools/imu_filter_madgwick) by extensions ['ignore', 'ignore_ament_install']
[3.971s] Level 1:colcon.colcon_core.package_identification:_identify(src/imu_tools/imu_filter_madgwick) by extension 'ignore'
[3.972s] Level 1:colcon.colcon_core.package_identification:_identify(src/imu_tools/imu_filter_madgwick) by extension 'ignore_ament_install'
[3.972s] Level 1:colcon.colcon_core.package_identification:_identify(src/imu_tools/imu_filter_madgwick) by extensions ['colcon_pkg']
[3.973s] Level 1:colcon.colcon_core.package_identification:_identify(src/imu_tools/imu_filter_madgwick) by extension 'colcon_pkg'
[3.973s] Level 1:colcon.colcon_core.package_identification:_identify(src/imu_tools/imu_filter_madgwick) by extensions ['colcon_meta']
[3.974s] Level 1:colcon.colcon_core.package_identification:_identify(src/imu_tools/imu_filter_madgwick) by extension 'colcon_meta'
[3.974s] Level 1:colcon.colcon_core.package_identification:_identify(src/imu_tools/imu_filter_madgwick) by extensions ['ros']
[3.975s] Level 1:colcon.colcon_core.package_identification:_identify(src/imu_tools/imu_filter_madgwick) by extension 'ros'
[3.988s] DEBUG:colcon.colcon_core.package_identification:Package 'src/imu_tools/imu_filter_madgwick' with type 'ros.ament_cmake' and name 'imu_filter_madgwick'
[3.989s] Level 1:colcon.colcon_core.package_identification:_identify(src/imu_tools/imu_tools) by extensions ['ignore', 'ignore_ament_install']
[3.990s] Level 1:colcon.colcon_core.package_identification:_identify(src/imu_tools/imu_tools) by extension 'ignore'
[3.991s] Level 1:colcon.colcon_core.package_identification:_identify(src/imu_tools/imu_tools) by extension 'ignore_ament_install'
[3.991s] Level 1:colcon.colcon_core.package_identification:_identify(src/imu_tools/imu_tools) by extensions ['colcon_pkg']
[3.992s] Level 1:colcon.colcon_core.package_identification:_identify(src/imu_tools/imu_tools) by extension 'colcon_pkg'
[3.992s] Level 1:colcon.colcon_core.package_identification:_identify(src/imu_tools/imu_tools) by extensions ['colcon_meta']
[3.993s] Level 1:colcon.colcon_core.package_identification:_identify(src/imu_tools/imu_tools) by extension 'colcon_meta'
[3.993s] Level 1:colcon.colcon_core.package_identification:_identify(src/imu_tools/imu_tools) by extensions ['ros']
[3.994s] Level 1:colcon.colcon_core.package_identification:_identify(src/imu_tools/imu_tools) by extension 'ros'
[3.998s] DEBUG:colcon.colcon_core.package_identification:Package 'src/imu_tools/imu_tools' with type 'ros.ament_cmake' and name 'imu_tools'
[4.000s] Level 1:colcon.colcon_core.package_identification:_identify(src/imu_tools/rviz_imu_plugin) by extensions ['ignore', 'ignore_ament_install']
[4.001s] Level 1:colcon.colcon_core.package_identification:_identify(src/imu_tools/rviz_imu_plugin) by extension 'ignore'
[4.001s] Level 1:colcon.colcon_core.package_identification:_identify(src/imu_tools/rviz_imu_plugin) by extension 'ignore_ament_install'
[4.002s] Level 1:colcon.colcon_core.package_identification:_identify(src/imu_tools/rviz_imu_plugin) by extensions ['colcon_pkg']
[4.002s] Level 1:colcon.colcon_core.package_identification:_identify(src/imu_tools/rviz_imu_plugin) by extension 'colcon_pkg'
[4.003s] Level 1:colcon.colcon_core.package_identification:_identify(src/imu_tools/rviz_imu_plugin) by extensions ['colcon_meta']
[4.003s] Level 1:colcon.colcon_core.package_identification:_identify(src/imu_tools/rviz_imu_plugin) by extension 'colcon_meta'
[4.004s] Level 1:colcon.colcon_core.package_identification:_identify(src/imu_tools/rviz_imu_plugin) by extensions ['ros']
[4.004s] Level 1:colcon.colcon_core.package_identification:_identify(src/imu_tools/rviz_imu_plugin) by extension 'ros'
[4.018s] DEBUG:colcon.colcon_core.package_identification:Package 'src/imu_tools/rviz_imu_plugin' with type 'ros.ament_cmake' and name 'rviz_imu_plugin'
[4.020s] Level 1:colcon.colcon_core.package_identification:_identify(src/interfaces) by extensions ['ignore', 'ignore_ament_install']
[4.021s] Level 1:colcon.colcon_core.package_identification:_identify(src/interfaces) by extension 'ignore'
[4.021s] Level 1:colcon.colcon_core.package_identification:_identify(src/interfaces) by extension 'ignore_ament_install'
[4.022s] Level 1:colcon.colcon_core.package_identification:_identify(src/interfaces) by extensions ['colcon_pkg']
[4.022s] Level 1:colcon.colcon_core.package_identification:_identify(src/interfaces) by extension 'colcon_pkg'
[4.023s] Level 1:colcon.colcon_core.package_identification:_identify(src/interfaces) by extensions ['colcon_meta']
[4.023s] Level 1:colcon.colcon_core.package_identification:_identify(src/interfaces) by extension 'colcon_meta'
[4.024s] Level 1:colcon.colcon_core.package_identification:_identify(src/interfaces) by extensions ['ros']
[4.024s] Level 1:colcon.colcon_core.package_identification:_identify(src/interfaces) by extension 'ros'
[4.031s] DEBUG:colcon.colcon_core.package_identification:Package 'src/interfaces' with type 'ros.ament_cmake' and name 'interfaces'
[4.032s] Level 1:colcon.colcon_core.package_identification:_identify(src/joystick) by extensions ['ignore', 'ignore_ament_install']
[4.033s] Level 1:colcon.colcon_core.package_identification:_identify(src/joystick) by extension 'ignore'
[4.033s] Level 1:colcon.colcon_core.package_identification:_identify(src/joystick) by extension 'ignore_ament_install'
[4.034s] Level 1:colcon.colcon_core.package_identification:_identify(src/joystick) by extensions ['colcon_pkg']
[4.034s] Level 1:colcon.colcon_core.package_identification:_identify(src/joystick) by extension 'colcon_pkg'
[4.035s] Level 1:colcon.colcon_core.package_identification:_identify(src/joystick) by extensions ['colcon_meta']
[4.035s] Level 1:colcon.colcon_core.package_identification:_identify(src/joystick) by extension 'colcon_meta'
[4.036s] Level 1:colcon.colcon_core.package_identification:_identify(src/joystick) by extensions ['ros']
[4.036s] Level 1:colcon.colcon_core.package_identification:_identify(src/joystick) by extension 'ros'
[4.044s] DEBUG:colcon.colcon_core.package_identification:Package 'src/joystick' with type 'ros.ament_cmake' and name 'joystick'
[4.045s] Level 1:colcon.colcon_core.package_identification:_identify(src/simulation) by extensions ['ignore', 'ignore_ament_install']
[4.046s] Level 1:colcon.colcon_core.package_identification:_identify(src/simulation) by extension 'ignore'
[4.047s] Level 1:colcon.colcon_core.package_identification:_identify(src/simulation) by extension 'ignore_ament_install'
[4.047s] Level 1:colcon.colcon_core.package_identification:_identify(src/simulation) by extensions ['colcon_pkg']
[4.047s] Level 1:colcon.colcon_core.package_identification:_identify(src/simulation) by extension 'colcon_pkg'
[4.048s] Level 1:colcon.colcon_core.package_identification:_identify(src/simulation) by extensions ['colcon_meta']
[4.048s] Level 1:colcon.colcon_core.package_identification:_identify(src/simulation) by extension 'colcon_meta'
[4.049s] Level 1:colcon.colcon_core.package_identification:_identify(src/simulation) by extensions ['ros']
[4.049s] Level 1:colcon.colcon_core.package_identification:_identify(src/simulation) by extension 'ros'
[4.056s] DEBUG:colcon.colcon_core.package_identification:Package 'src/simulation' with type 'ros.ament_cmake' and name 'simulation'
[4.057s] Level 1:colcon.colcon_core.package_identification:_identify(src/system_check) by extensions ['ignore', 'ignore_ament_install']
[4.058s] Level 1:colcon.colcon_core.package_identification:_identify(src/system_check) by extension 'ignore'
[4.059s] Level 1:colcon.colcon_core.package_identification:_identify(src/system_check) by extension 'ignore_ament_install'
[4.060s] Level 1:colcon.colcon_core.package_identification:_identify(src/system_check) by extensions ['colcon_pkg']
[4.060s] Level 1:colcon.colcon_core.package_identification:_identify(src/system_check) by extension 'colcon_pkg'
[4.060s] Level 1:colcon.colcon_core.package_identification:_identify(src/system_check) by extensions ['colcon_meta']
[4.061s] Level 1:colcon.colcon_core.package_identification:_identify(src/system_check) by extension 'colcon_meta'
[4.061s] Level 1:colcon.colcon_core.package_identification:_identify(src/system_check) by extensions ['ros']
[4.062s] Level 1:colcon.colcon_core.package_identification:_identify(src/system_check) by extension 'ros'
[4.068s] DEBUG:colcon.colcon_core.package_identification:Package 'src/system_check' with type 'ros.ament_cmake' and name 'system_check'
[4.069s] Level 1:colcon.colcon_core.package_discovery:discover_packages(recursive) using defaults
[4.069s] Level 1:colcon.colcon_core.package_discovery:discover_packages(ignore) discover
[4.070s] Level 1:colcon.colcon_core.package_discovery:discover_packages(ignore) using defaults
[4.070s] Level 1:colcon.colcon_core.package_discovery:discover_packages(path) discover
[4.070s] Level 1:colcon.colcon_core.package_discovery:discover_packages(path) using defaults
[4.318s] INFO:colcon.colcon_core.package_selection:Skipping not selected package 'carla_msgs' in 'src/carla_msgs'
[4.318s] INFO:colcon.colcon_core.package_selection:Skipping not selected package 'imu_complementary_filter' in 'src/imu_tools/imu_complementary_filter'
[4.319s] INFO:colcon.colcon_core.package_selection:Skipping not selected package 'imu_filter_madgwick' in 'src/imu_tools/imu_filter_madgwick'
[4.319s] INFO:colcon.colcon_core.package_selection:Skipping not selected package 'interfaces' in 'src/interfaces'
[4.319s] INFO:colcon.colcon_core.package_selection:Skipping not selected package 'rviz_imu_plugin' in 'src/imu_tools/rviz_imu_plugin'
[4.320s] INFO:colcon.colcon_core.package_selection:Skipping not selected package 'can' in 'src/can'
[4.320s] INFO:colcon.colcon_core.package_selection:Skipping not selected package 'imu_tools' in 'src/imu_tools/imu_tools'
[4.320s] INFO:colcon.colcon_core.package_selection:Skipping not selected package 'joystick' in 'src/joystick'
[4.320s] INFO:colcon.colcon_core.package_selection:Skipping not selected package 'simulation' in 'src/simulation'
[4.321s] INFO:colcon.colcon_core.package_selection:Skipping not selected package 'system_check' in 'src/system_check'
[4.321s] INFO:colcon.colcon_core.package_selection:Skipping not selected package 'geicar_start' in 'src/geicar_start'
[4.329s] Level 1:colcon.colcon_core.package_discovery:discover_packages(prefix_path) check parameters
[4.329s] Level 1:colcon.colcon_core.package_discovery:discover_packages(prefix_path) discover
[4.385s] DEBUG:colcon.colcon_installed_package_information.package_discovery:Found 12 installed packages in /home/pi/autocab/raspberryPI3/ros2_ws/install
[4.401s] DEBUG:colcon.colcon_installed_package_information.package_discovery:Found 12 installed packages in /home/pi/ros2_ws/install
[4.446s] DEBUG:colcon.colcon_installed_package_information.package_discovery:Found 281 installed packages in /opt/ros/humble
[4.476s] Level 1:colcon.colcon_core.package_discovery:discover_packages(prefix_path) using defaults
[5.208s] WARNING:colcon.colcon_core.package_selection:Some selected packages are already built in one or more underlay workspaces:
	'car_control' is in: /home/pi/autocab/raspberryPI3/ros2_ws/install/car_control, /home/pi/ros2_ws/install/car_control
If a package in a merged underlay workspace is overridden and it installs headers, then all packages in the overlay must sort their include directories by workspace order. Failure to do so may result in build failures or undefined behavior at run time.
If the overridden package is used by another package in any underlay, then the overriding package in the overlay must be API and ABI compatible or undefined behavior at run time may occur.

If you understand the risks and want to override a package anyways, add the following to the command line:
	--allow-overriding car_control

This may be promoted to an error in a future release of colcon-override-check.
[5.223s] Level 5:colcon.colcon_core.verb:set package 'car_control' build argument 'cmake_args' from command line to 'None'
[5.224s] Level 5:colcon.colcon_core.verb:set package 'car_control' build argument 'cmake_target' from command line to 'None'
[5.224s] Level 5:colcon.colcon_core.verb:set package 'car_control' build argument 'cmake_target_skip_unavailable' from command line to 'False'
[5.224s] Level 5:colcon.colcon_core.verb:set package 'car_control' build argument 'cmake_clean_cache' from command line to 'False'
[5.225s] Level 5:colcon.colcon_core.verb:set package 'car_control' build argument 'cmake_clean_first' from command line to 'False'
[5.225s] Level 5:colcon.colcon_core.verb:set package 'car_control' build argument 'cmake_force_configure' from command line to 'False'
[5.225s] Level 5:colcon.colcon_core.verb:set package 'car_control' build argument 'ament_cmake_args' from command line to 'None'
[5.225s] Level 5:colcon.colcon_core.verb:set package 'car_control' build argument 'catkin_cmake_args' from command line to 'None'
[5.226s] Level 5:colcon.colcon_core.verb:set package 'car_control' build argument 'catkin_skip_building_tests' from command line to 'False'
[5.226s] DEBUG:colcon.colcon_core.verb:Building package 'car_control' with the following arguments: {'ament_cmake_args': None, 'build_base': '/home/pi/autocab/raspberryPI3/ros2_ws/build/car_control', 'catkin_cmake_args': None, 'catkin_skip_building_tests': False, 'cmake_args': None, 'cmake_clean_cache': False, 'cmake_clean_first': False, 'cmake_force_configure': False, 'cmake_target': None, 'cmake_target_skip_unavailable': False, 'install_base': '/home/pi/autocab/raspberryPI3/ros2_ws/install/car_control', 'merge_install': False, 'path': '/home/pi/autocab/raspberryPI3/ros2_ws/src/car_control', 'symlink_install': False, 'test_result_base': None}
[5.234s] INFO:colcon.colcon_core.executor:Executing jobs using 'parallel' executor
[5.274s] DEBUG:colcon.colcon_parallel_executor.executor.parallel:run_until_complete
[5.276s] INFO:colcon.colcon_ros.task.ament_cmake.build:Building ROS package in '/home/pi/autocab/raspberryPI3/ros2_ws/src/car_control' with build type 'ament_cmake'
[5.278s] INFO:colcon.colcon_cmake.task.cmake.build:Building CMake package in '/home/pi/autocab/raspberryPI3/ros2_ws/src/car_control'
[5.326s] INFO:colcon.colcon_core.plugin_system:Skipping extension 'colcon_core.shell.bat': Not used on non-Windows systems
[5.328s] INFO:colcon.colcon_core.shell:Skip shell extension 'powershell' for command environment: Not usable outside of PowerShell
[5.329s] DEBUG:colcon.colcon_core.shell:Skip shell extension 'dsv' for command environment
[5.510s] DEBUG:colcon.colcon_core.event_handler.log_command:Invoking command in '/home/pi/autocab/raspberryPI3/ros2_ws/build/car_control': CMAKE_PREFIX_PATH=/home/pi/autocab/raspberryPI3/ros2_ws/install/interfaces:/home/pi/autocab/raspberryPI3/ros2_ws/install/imu_complementary_filter:/home/pi/autocab/raspberryPI3/ros2_ws/install/geicar_start:/home/pi/autocab/raspberryPI3/ros2_ws/install/system_check:/home/pi/autocab/raspberryPI3/ros2_ws/install/simulation:/home/pi/autocab/raspberryPI3/ros2_ws/install/imu_tools:/home/pi/autocab/raspberryPI3/ros2_ws/install/rviz_imu_plugin:/home/pi/autocab/raspberryPI3/ros2_ws/install/joystick:/home/pi/autocab/raspberryPI3/ros2_ws/install/car_control:/home/pi/autocab/raspberryPI3/ros2_ws/install/can:/home/pi/autocab/raspberryPI3/ros2_ws/install/imu_filter_madgwick:/home/pi/autocab/raspberryPI3/ros2_ws/install/carla_msgs:/home/pi/ros2_ws/install/geicar_start:/home/pi/ros2_ws/install/system_check:/home/pi/ros2_ws/install/simulation:/home/pi/ros2_ws/install/imu_tools:/home/pi/ros2_ws/install/rviz_imu_plugin:/home/pi/ros2_ws/install/joystick:/home/pi/ros2_ws/install/car_control:/home/pi/ros2_ws/install/can:/home/pi/ros2_ws/install/interfaces:/home/pi/ros2_ws/install/imu_filter_madgwick:/home/pi/ros2_ws/install/imu_complementary_filter:/home/pi/ros2_ws/install/carla_msgs:/opt/ros/humble LD_LIBRARY_PATH=/home/pi/autocab/raspberryPI3/ros2_ws/install/interfaces/lib:/home/pi/autocab/raspberryPI3/ros2_ws/install/rviz_imu_plugin/lib:/home/pi/autocab/raspberryPI3/ros2_ws/install/imu_filter_madgwick/lib:/home/pi/autocab/raspberryPI3/ros2_ws/install/carla_msgs/lib:/home/pi/ros2_ws/install/rviz_imu_plugin/lib:/home/pi/ros2_ws/install/interfaces/lib:/home/pi/ros2_ws/install/imu_filter_madgwick/lib:/home/pi/ros2_ws/install/carla_msgs/lib:/opt/ros/humble/opt/rviz_ogre_vendor/lib:/opt/ros/humble/lib/aarch64-linux-gnu:/opt/ros/humble/lib /usr/bin/cmake --build /home/pi/autocab/raspberryPI3/ros2_ws/build/car_control -- -j4 -l4
[22.098s] DEBUG:colcon.colcon_core.event_handler.log_command:Invoked command in '/home/pi/autocab/raspberryPI3/ros2_ws/build/car_control' returned '0': CMAKE_PREFIX_PATH=/home/pi/autocab/raspberryPI3/ros2_ws/install/interfaces:/home/pi/autocab/raspberryPI3/ros2_ws/install/imu_complementary_filter:/home/pi/autocab/raspberryPI3/ros2_ws/install/geicar_start:/home/pi/autocab/raspberryPI3/ros2_ws/install/system_check:/home/pi/autocab/raspberryPI3/ros2_ws/install/simulation:/home/pi/autocab/raspberryPI3/ros2_ws/install/imu_tools:/home/pi/autocab/raspberryPI3/ros2_ws/install/rviz_imu_plugin:/home/pi/autocab/raspberryPI3/ros2_ws/install/joystick:/home/pi/autocab/raspberryPI3/ros2_ws/install/car_control:/home/pi/autocab/raspberryPI3/ros2_ws/install/can:/home/pi/autocab/raspberryPI3/ros2_ws/install/imu_filter_madgwick:/home/pi/autocab/raspberryPI3/ros2_ws/install/carla_msgs:/home/pi/ros2_ws/install/geicar_start:/home/pi/ros2_ws/install/system_check:/home/pi/ros2_ws/install/simulation:/home/pi/ros2_ws/install/imu_tools:/home/pi/ros2_ws/install/rviz_imu_plugin:/home/pi/ros2_ws/install/joystick:/home/pi/ros2_ws/install/car_control:/home/pi/ros2_ws/install/can:/home/pi/ros2_ws/install/interfaces:/home/pi/ros2_ws/install/imu_filter_madgwick:/home/pi/ros2_ws/install/imu_complementary_filter:/home/pi/ros2_ws/install/carla_msgs:/opt/ros/humble LD_LIBRARY_PATH=/home/pi/autocab/raspberryPI3/ros2_ws/install/interfaces/lib:/home/pi/autocab/raspberryPI3/ros2_ws/install/rviz_imu_plugin/lib:/home/pi/autocab/raspberryPI3/ros2_ws/install/imu_filter_madgwick/lib:/home/pi/autocab/raspberryPI3/ros2_ws/install/carla_msgs/lib:/home/pi/ros2_ws/install/rviz_imu_plugin/lib:/home/pi/ros2_ws/install/interfaces/lib:/home/pi/ros2_ws/install/imu_filter_madgwick/lib:/home/pi/ros2_ws/install/carla_msgs/lib:/opt/ros/humble/opt/rviz_ogre_vendor/lib:/opt/ros/humble/lib/aarch64-linux-gnu:/opt/ros/humble/lib /usr/bin/cmake --build /home/pi/autocab/raspberryPI3/ros2_ws/build/car_control -- -j4 -l4
[22.630s] DEBUG:colcon.colcon_core.event_handler.log_command:Invoking command in '/home/pi/autocab/raspberryPI3/ros2_ws/build/car_control': CMAKE_PREFIX_PATH=/home/pi/autocab/raspberryPI3/ros2_ws/install/interfaces:/home/pi/autocab/raspberryPI3/ros2_ws/install/imu_complementary_filter:/home/pi/autocab/raspberryPI3/ros2_ws/install/geicar_start:/home/pi/autocab/raspberryPI3/ros2_ws/install/system_check:/home/pi/autocab/raspberryPI3/ros2_ws/install/simulation:/home/pi/autocab/raspberryPI3/ros2_ws/install/imu_tools:/home/pi/autocab/raspberryPI3/ros2_ws/install/rviz_imu_plugin:/home/pi/autocab/raspberryPI3/ros2_ws/install/joystick:/home/pi/autocab/raspberryPI3/ros2_ws/install/car_control:/home/pi/autocab/raspberryPI3/ros2_ws/install/can:/home/pi/autocab/raspberryPI3/ros2_ws/install/imu_filter_madgwick:/home/pi/autocab/raspberryPI3/ros2_ws/install/carla_msgs:/home/pi/ros2_ws/install/geicar_start:/home/pi/ros2_ws/install/system_check:/home/pi/ros2_ws/install/simulation:/home/pi/ros2_ws/install/imu_tools:/home/pi/ros2_ws/install/rviz_imu_plugin:/home/pi/ros2_ws/install/joystick:/home/pi/ros2_ws/install/car_control:/home/pi/ros2_ws/install/can:/home/pi/ros2_ws/install/interfaces:/home/pi/ros2_ws/install/imu_filter_madgwick:/home/pi/ros2_ws/install/imu_complementary_filter:/home/pi/ros2_ws/install/carla_msgs:/opt/ros/humble LD_LIBRARY_PATH=/home/pi/autocab/raspberryPI3/ros2_ws/install/interfaces/lib:/home/pi/autocab/raspberryPI3/ros2_ws/install/rviz_imu_plugin/lib:/home/pi/autocab/raspberryPI3/ros2_ws/install/imu_filter_madgwick/lib:/home/pi/autocab/raspberryPI3/ros2_ws/install/carla_msgs/lib:/home/pi/ros2_ws/install/rviz_imu_plugin/lib:/home/pi/ros2_ws/install/interfaces/lib:/home/pi/ros2_ws/install/imu_filter_madgwick/lib:/home/pi/ros2_ws/install/carla_msgs/lib:/opt/ros/humble/opt/rviz_ogre_vendor/lib:/opt/ros/humble/lib/aarch64-linux-gnu:/opt/ros/humble/lib /usr/bin/cmake --install /home/pi/autocab/raspberryPI3/ros2_ws/build/car_control
[22.952s] Level 1:colcon.colcon_core.environment:create_environment_scripts_only(car_control)
[22.960s] DEBUG:colcon.colcon_core.event_handler.log_command:Invoked command in '/home/pi/autocab/raspberryPI3/ros2_ws/build/car_control' returned '0': CMAKE_PREFIX_PATH=/home/pi/autocab/raspberryPI3/ros2_ws/install/interfaces:/home/pi/autocab/raspberryPI3/ros2_ws/install/imu_complementary_filter:/home/pi/autocab/raspberryPI3/ros2_ws/install/geicar_start:/home/pi/autocab/raspberryPI3/ros2_ws/install/system_check:/home/pi/autocab/raspberryPI3/ros2_ws/install/simulation:/home/pi/autocab/raspberryPI3/ros2_ws/install/imu_tools:/home/pi/autocab/raspberryPI3/ros2_ws/install/rviz_imu_plugin:/home/pi/autocab/raspberryPI3/ros2_ws/install/joystick:/home/pi/autocab/raspberryPI3/ros2_ws/install/car_control:/home/pi/autocab/raspberryPI3/ros2_ws/install/can:/home/pi/autocab/raspberryPI3/ros2_ws/install/imu_filter_madgwick:/home/pi/autocab/raspberryPI3/ros2_ws/install/carla_msgs:/home/pi/ros2_ws/install/geicar_start:/home/pi/ros2_ws/install/system_check:/home/pi/ros2_ws/install/simulation:/home/pi/ros2_ws/install/imu_tools:/home/pi/ros2_ws/install/rviz_imu_plugin:/home/pi/ros2_ws/install/joystick:/home/pi/ros2_ws/install/car_control:/home/pi/ros2_ws/install/can:/home/pi/ros2_ws/install/interfaces:/home/pi/ros2_ws/install/imu_filter_madgwick:/home/pi/ros2_ws/install/imu_complementary_filter:/home/pi/ros2_ws/install/carla_msgs:/opt/ros/humble LD_LIBRARY_PATH=/home/pi/autocab/raspberryPI3/ros2_ws/install/interfaces/lib:/home/pi/autocab/raspberryPI3/ros2_ws/install/rviz_imu_plugin/lib:/home/pi/autocab/raspberryPI3/ros2_ws/install/imu_filter_madgwick/lib:/home/pi/autocab/raspberryPI3/ros2_ws/install/carla_msgs/lib:/home/pi/ros2_ws/install/rviz_imu_plugin/lib:/home/pi/ros2_ws/install/interfaces/lib:/home/pi/ros2_ws/install/imu_filter_madgwick/lib:/home/pi/ros2_ws/install/carla_msgs/lib:/opt/ros/humble/opt/rviz_ogre_vendor/lib:/opt/ros/humble/lib/aarch64-linux-gnu:/opt/ros/humble/lib /usr/bin/cmake --install /home/pi/autocab/raspberryPI3/ros2_ws/build/car_control
[23.006s] Level 1:colcon.colcon_core.environment:checking '/home/pi/autocab/raspberryPI3/ros2_ws/install/car_control' for CMake module files
[23.014s] Level 1:colcon.colcon_core.environment:checking '/home/pi/autocab/raspberryPI3/ros2_ws/install/car_control' for CMake config files
[23.020s] Level 1:colcon.colcon_core.shell:create_environment_hook('car_control', 'cmake_prefix_path')
[23.034s] INFO:colcon.colcon_core.shell:Creating environment hook '/home/pi/autocab/raspberryPI3/ros2_ws/install/car_control/share/car_control/hook/cmake_prefix_path.ps1'
[23.040s] INFO:colcon.colcon_core.shell:Creating environment descriptor '/home/pi/autocab/raspberryPI3/ros2_ws/install/car_control/share/car_control/hook/cmake_prefix_path.dsv'
[23.045s] INFO:colcon.colcon_core.shell:Creating environment hook '/home/pi/autocab/raspberryPI3/ros2_ws/install/car_control/share/car_control/hook/cmake_prefix_path.sh'
[23.054s] Level 1:colcon.colcon_core.environment:checking '/home/pi/autocab/raspberryPI3/ros2_ws/install/car_control/lib'
[23.056s] Level 1:colcon.colcon_core.environment:checking '/home/pi/autocab/raspberryPI3/ros2_ws/install/car_control/bin'
[23.056s] Level 1:colcon.colcon_core.environment:checking '/home/pi/autocab/raspberryPI3/ros2_ws/install/car_control/lib/pkgconfig/car_control.pc'
[23.059s] Level 1:colcon.colcon_core.environment:checking '/home/pi/autocab/raspberryPI3/ros2_ws/install/car_control/lib/python3.10/site-packages'
[23.061s] Level 1:colcon.colcon_core.environment:checking '/home/pi/autocab/raspberryPI3/ros2_ws/install/car_control/bin'
[23.075s] INFO:colcon.colcon_core.shell:Creating package script '/home/pi/autocab/raspberryPI3/ros2_ws/install/car_control/share/car_control/package.ps1'
[23.083s] INFO:colcon.colcon_core.shell:Creating package descriptor '/home/pi/autocab/raspberryPI3/ros2_ws/install/car_control/share/car_control/package.dsv'
[23.089s] INFO:colcon.colcon_core.shell:Creating package script '/home/pi/autocab/raspberryPI3/ros2_ws/install/car_control/share/car_control/package.sh'
[23.097s] INFO:colcon.colcon_core.shell:Creating package script '/home/pi/autocab/raspberryPI3/ros2_ws/install/car_control/share/car_control/package.bash'
[23.104s] INFO:colcon.colcon_core.shell:Creating package script '/home/pi/autocab/raspberryPI3/ros2_ws/install/car_control/share/car_control/package.zsh'
[23.112s] Level 1:colcon.colcon_core.environment:create_file_with_runtime_dependencies(/home/pi/autocab/raspberryPI3/ros2_ws/install/car_control/share/colcon-core/packages/car_control)
[23.538s] Level 1:colcon.colcon_core.environment:create_environment_scripts_only(car_control)
[23.547s] Level 1:colcon.colcon_core.environment:checking '/home/pi/autocab/raspberryPI3/ros2_ws/install/car_control' for CMake module files
[23.550s] Level 1:colcon.colcon_core.environment:checking '/home/pi/autocab/raspberryPI3/ros2_ws/install/car_control' for CMake config files
[23.551s] Level 1:colcon.colcon_core.shell:create_environment_hook('car_control', 'cmake_prefix_path')
[23.556s] INFO:colcon.colcon_core.shell:Creating environment hook '/home/pi/autocab/raspberryPI3/ros2_ws/install/car_control/share/car_control/hook/cmake_prefix_path.ps1'
[23.558s] INFO:colcon.colcon_core.shell:Creating environment descriptor '/home/pi/autocab/raspberryPI3/ros2_ws/install/car_control/share/car_control/hook/cmake_prefix_path.dsv'
[23.560s] INFO:colcon.colcon_core.shell:Creating environment hook '/home/pi/autocab/raspberryPI3/ros2_ws/install/car_control/share/car_control/hook/cmake_prefix_path.sh'
[23.562s] Level 1:colcon.colcon_core.environment:checking '/home/pi/autocab/raspberryPI3/ros2_ws/install/car_control/lib'
[23.563s] Level 1:colcon.colcon_core.environment:checking '/home/pi/autocab/raspberryPI3/ros2_ws/install/car_control/bin'
[23.563s] Level 1:colcon.colcon_core.environment:checking '/home/pi/autocab/raspberryPI3/ros2_ws/install/car_control/lib/pkgconfig/car_control.pc'
[23.564s] Level 1:colcon.colcon_core.environment:checking '/home/pi/autocab/raspberryPI3/ros2_ws/install/car_control/lib/python3.10/site-packages'
[23.565s] Level 1:colcon.colcon_core.environment:checking '/home/pi/autocab/raspberryPI3/ros2_ws/install/car_control/bin'
[23.570s] INFO:colcon.colcon_core.shell:Creating package script '/home/pi/autocab/raspberryPI3/ros2_ws/install/car_control/share/car_control/package.ps1'
[23.572s] INFO:colcon.colcon_core.shell:Creating package descriptor '/home/pi/autocab/raspberryPI3/ros2_ws/install/car_control/share/car_control/package.dsv'
[23.574s] INFO:colcon.colcon_core.shell:Creating package script '/home/pi/autocab/raspberryPI3/ros2_ws/install/car_control/share/car_control/package.sh'
[23.576s] INFO:colcon.colcon_core.shell:Creating package script '/home/pi/autocab/raspberryPI3/ros2_ws/install/car_control/share/car_control/package.bash'
[23.578s] INFO:colcon.colcon_core.shell:Creating package script '/home/pi/autocab/raspberryPI3/ros2_ws/install/car_control/share/car_control/package.zsh'
[23.580s] Level 1:colcon.colcon_core.environment:create_file_with_runtime_dependencies(/home/pi/autocab/raspberryPI3/ros2_ws/install/car_control/share/colcon-core/packages/car_control)
[23.581s] DEBUG:colcon.colcon_parallel_executor.executor.parallel:closing loop
[23.583s] DEBUG:colcon.colcon_parallel_executor.executor.parallel:loop closed
[23.583s] DEBUG:colcon.colcon_parallel_executor.executor.parallel:run_until_complete finished with '0'
[23.583s] DEBUG:colcon.colcon_core.event_reactor:joining thread
[23.641s] INFO:colcon.colcon_core.plugin_system:Skipping extension 'colcon_notification.desktop_notification.notify_send': Could not find 'notify-send'
[23.641s] INFO:colcon.colcon_core.plugin_system:Skipping extension 'colcon_notification.desktop_notification.terminal_notifier': Not used on non-Darwin systems
[23.642s] INFO:colcon.colcon_core.plugin_system:Skipping extension 'colcon_notification.desktop_notification.win32': Not used on non-Windows systems
[23.643s] INFO:colcon.colcon_notification.desktop_notification:Sending desktop notification using 'notify2'
[23.649s] DEBUG:colcon.colcon_notification.desktop_notification.notify2:Failed to initialize notify2: org.freedesktop.DBus.Error.ServiceUnknown: The name org.freedesktop.Notifications was not provided by any .service files
[23.650s] DEBUG:colcon.colcon_core.event_reactor:joined thread
[23.665s] INFO:colcon.colcon_core.shell:Creating prefix script '/home/pi/autocab/raspberryPI3/ros2_ws/install/local_setup.ps1'
[23.674s] INFO:colcon.colcon_core.shell:Creating prefix util module '/home/pi/autocab/raspberryPI3/ros2_ws/install/_local_setup_util_ps1.py'
[23.689s] INFO:colcon.colcon_core.shell:Creating prefix chain script '/home/pi/autocab/raspberryPI3/ros2_ws/install/setup.ps1'
[23.723s] INFO:colcon.colcon_core.shell:Creating prefix script '/home/pi/autocab/raspberryPI3/ros2_ws/install/local_setup.sh'
[23.729s] INFO:colcon.colcon_core.shell:Creating prefix util module '/home/pi/autocab/raspberryPI3/ros2_ws/install/_local_setup_util_sh.py'
[23.734s] INFO:colcon.colcon_core.shell:Creating prefix chain script '/home/pi/autocab/raspberryPI3/ros2_ws/install/setup.sh'
[23.769s] INFO:colcon.colcon_core.shell:Creating prefix script '/home/pi/autocab/raspberryPI3/ros2_ws/install/local_setup.bash'
[23.775s] INFO:colcon.colcon_core.shell:Creating prefix chain script '/home/pi/autocab/raspberryPI3/ros2_ws/install/setup.bash'
[23.809s] INFO:colcon.colcon_core.shell:Creating prefix script '/home/pi/autocab/raspberryPI3/ros2_ws/install/local_setup.zsh'
[23.814s] INFO:colcon.colcon_core.shell:Creating prefix chain script '/home/pi/autocab/raspberryPI3/ros2_ws/install/setup.zsh'
