[0.080s] Invoking command in '/home/pi/autocab/raspberryPI3/ros2_ws/build/car_control': AMENT_PREFIX_PATH=/home/pi/autocab/raspberryPI3/ros2_ws/install/interfaces:${AMENT_PREFIX_PATH} CMAKE_PREFIX_PATH=/home/pi/autocab/raspberryPI3/ros2_ws/install/interfaces:/home/pi/ros2_ws/install/geicar_start:/home/pi/ros2_ws/install/system_check:/home/pi/ros2_ws/install/simulation:/home/pi/ros2_ws/install/imu_tools:/home/pi/ros2_ws/install/rviz_imu_plugin:/home/pi/ros2_ws/install/joystick:/home/pi/ros2_ws/install/car_control:/home/pi/ros2_ws/install/can:/home/pi/ros2_ws/install/interfaces:/home/pi/ros2_ws/install/imu_filter_madgwick:/home/pi/ros2_ws/install/imu_complementary_filter:/home/pi/ros2_ws/install/carla_msgs:/opt/ros/humble LD_LIBRARY_PATH=/home/pi/autocab/raspberryPI3/ros2_ws/install/interfaces/lib:${LD_LIBRARY_PATH} PYTHONPATH=/home/pi/autocab/raspberryPI3/ros2_ws/install/interfaces/local/lib/python3.10/dist-packages:${PYTHONPATH} /usr/bin/cmake --build /home/pi/autocab/raspberryPI3/ros2_ws/build/car_control -- -j4 -l4
[0.210s] -- Found ament_cmake: 1.3.2 (/opt/ros/humble/share/ament_cmake/cmake)
[0.978s] -- Found rclcpp: 16.0.1 (/opt/ros/humble/share/rclcpp/cmake)
[1.149s] -- Found rosidl_generator_c: 3.1.3 (/opt/ros/humble/share/rosidl_generator_c/cmake)
[1.159s] -- Found rosidl_adapter: 3.1.3 (/opt/ros/humble/share/rosidl_adapter/cmake)
[1.183s] -- Found rosidl_generator_cpp: 3.1.3 (/opt/ros/humble/share/rosidl_generator_cpp/cmake)
[1.228s] -- Using all available rosidl_typesupport_c: rosidl_typesupport_fastrtps_c;rosidl_typesupport_introspection_c
[1.290s] -- Using all available rosidl_typesupport_cpp: rosidl_typesupport_fastrtps_cpp;rosidl_typesupport_introspection_cpp
[1.516s] -- Found rmw_implementation_cmake: 6.1.0 (/opt/ros/humble/share/rmw_implementation_cmake/cmake)
[1.523s] -- Found rmw_fastrtps_cpp: 6.2.1 (/opt/ros/humble/share/rmw_fastrtps_cpp/cmake)
[2.396s] -- Using RMW implementation 'rmw_fastrtps_cpp' as default
[2.954s] -- Found interfaces: 0.0.0 (/home/pi/autocab/raspberryPI3/ros2_ws/install/interfaces/share/interfaces/cmake)
[3.038s] -- Found sensor_msgs: 4.2.2 (/opt/ros/humble/share/sensor_msgs/cmake)
[3.510s] -- Found std_srvs: 4.2.2 (/opt/ros/humble/share/std_srvs/cmake)
[3.592s] -- Found ament_lint_auto: 0.12.4 (/opt/ros/humble/share/ament_lint_auto/cmake)
[3.946s] -- Added test 'cppcheck' to perform static code analysis on C / C++ code
[3.946s] -- Configured cppcheck include dirs: $<BUILD_INTERFACE:/home/pi/autocab/raspberryPI3/ros2_ws/src/car_control/include>
[3.947s] -- Configured cppcheck exclude dirs and/or files: 
[3.951s] -- Added test 'lint_cmake' to check CMake code style
[3.963s] -- Added test 'uncrustify' to check C / C++ code style
[3.963s] -- Configured uncrustify additional arguments: 
[3.965s] -- Added test 'xmllint' to check XML markup files
[3.973s] -- Configuring done
[4.054s] -- Generating done
[4.063s] -- Build files have been written to: /home/pi/autocab/raspberryPI3/ros2_ws/build/car_control
[4.181s] [35m[1mConsolidate compiler generated dependencies of target car_control_node[0m
[4.305s] [ 20%] [32mBuilding CXX object CMakeFiles/car_control_node.dir/src/car_control_node.cpp.o[0m
[4.323s] [ 40%] [32mBuilding CXX object CMakeFiles/car_control_node.dir/src/propulsionCmd.cpp.o[0m
[4.400s] [ 80%] [32mBuilding CXX object CMakeFiles/car_control_node.dir/src/steeringCmd.cpp.o[0m
[4.401s] [ 80%] [32mBuilding CXX object CMakeFiles/car_control_node.dir/src/fromAtoB.cpp.o[0m
[15.858s] In file included from [01m[K/home/pi/autocab/raspberryPI3/ros2_ws/src/car_control/src/fromAtoB.cpp:1[m[K:
[15.859s] [01m[K/home/pi/autocab/raspberryPI3/ros2_ws/src/car_control/src/../include/car_control/fromAtoB.h:40:5:[m[K [01;31m[Kerror: [m[K‘[01m[Kunordered_map[m[K’ does not name a type
[15.859s]    40 |     [01;31m[Kunordered_map[m[K<char, const unordered_map<char, float>> vertices;
[15.860s]       |     [01;31m[K^~~~~~~~~~~~~[m[K
[15.867s] [01m[K/home/pi/autocab/raspberryPI3/ros2_ws/src/car_control/src/../include/car_control/fromAtoB.h:44:38:[m[K [01;31m[Kerror: [m[K‘[01m[Kunordered_map[m[K’ does not name a type
[15.868s]    44 |     void add_vertex(char name, const [01;31m[Kunordered_map[m[K<char, float>& edges);
[15.869s]       |                                      [01;31m[K^~~~~~~~~~~~~[m[K
[15.871s] [01m[K/home/pi/autocab/raspberryPI3/ros2_ws/src/car_control/src/../include/car_control/fromAtoB.h:44:51:[m[K [01;31m[Kerror: [m[Kexpected ‘[01m[K,[m[K’ or ‘[01m[K...[m[K’ before ‘[01m[K<[m[K’ token
[15.873s]    44 |     void add_vertex(char name, const unordered_map[01;31m[K<[m[Kchar, float>& edges);
[15.873s]       |                                                   [01;31m[K^[m[K
[15.874s] [01m[K/home/pi/autocab/raspberryPI3/ros2_ws/src/car_control/src/../include/car_control/fromAtoB.h:45:5:[m[K [01;31m[Kerror: [m[K‘[01m[Kvector[m[K’ does not name a type
[15.875s]    45 |     [01;31m[Kvector[m[K<char> shortest_path(char start, char finish);
[15.876s]       |     [01;31m[K^~~~~~[m[K
[15.876s] [01m[K/home/pi/autocab/raspberryPI3/ros2_ws/src/car_control/src/../include/car_control/fromAtoB.h:46:22:[m[K [01;31m[Kerror: [m[K‘[01m[Kmap[m[K’ has not been declared
[15.877s]    46 |     void createGraph([01;31m[Kmap[m[K<char, float[2]> coordinates);
[15.878s]       |                      [01;31m[K^~~[m[K
[15.878s] [01m[K/home/pi/autocab/raspberryPI3/ros2_ws/src/car_control/src/../include/car_control/fromAtoB.h:46:25:[m[K [01;31m[Kerror: [m[Kexpected ‘[01m[K,[m[K’ or ‘[01m[K...[m[K’ before ‘[01m[K<[m[K’ token
[15.881s]    46 |     void createGraph(map[01;31m[K<[m[Kchar, float[2]> coordinates);
[15.882s]       |                         [01;31m[K^[m[K
[15.883s] [01m[K/home/pi/autocab/raspberryPI3/ros2_ws/src/car_control/src/../include/car_control/fromAtoB.h:48:2:[m[K [01;31m[Kerror: [m[Kexpected ‘[01m[K;[m[K’ after class definition
[15.883s]    48 | }
[15.884s]       |  [01;31m[K^[m[K
[15.885s]       |  [32m[K;[m[K
[15.885s] [01m[K/home/pi/autocab/raspberryPI3/ros2_ws/src/car_control/src/fromAtoB.cpp:73:6:[m[K [01;31m[Kerror: [m[Kno declaration matches ‘[01m[Kvoid Graph::add_vertex(char, const std::unordered_map<char, float>&)[m[K’
[15.886s]    73 | void [01;31m[KGraph[m[K::add_vertex(char name, const unordered_map<char, float>& edges)
[15.887s]       |      [01;31m[K^~~~~[m[K
[15.888s] In file included from [01m[K/home/pi/autocab/raspberryPI3/ros2_ws/src/car_control/src/fromAtoB.cpp:1[m[K:
[15.888s] [01m[K/home/pi/autocab/raspberryPI3/ros2_ws/src/car_control/src/../include/car_control/fromAtoB.h:44:10:[m[K [01;36m[Knote: [m[Kcandidate is: ‘[01m[Kvoid Graph::add_vertex(char, int)[m[K’
[15.889s]    44 |     void [01;36m[Kadd_vertex[m[K(char name, const unordered_map<char, float>& edges);
[15.890s]       |          [01;36m[K^~~~~~~~~~[m[K
[15.890s] [01m[K/home/pi/autocab/raspberryPI3/ros2_ws/src/car_control/src/../include/car_control/fromAtoB.h:38:7:[m[K [01;36m[Knote: [m[K‘[01m[Kclass Graph[m[K’ defined here
[15.891s]    38 | class [01;36m[KGraph[m[K{
[15.892s]       |       [01;36m[K^~~~~[m[K
[15.892s] [01m[K/home/pi/autocab/raspberryPI3/ros2_ws/src/car_control/src/fromAtoB.cpp:78:14:[m[K [01;31m[Kerror: [m[Kno declaration matches ‘[01m[Kstd::vector<char> Graph::shortest_path(char, char)[m[K’
[15.893s]    78 | vector<char> [01;31m[KGraph[m[K::shortest_path(char start, char finish)
[15.894s]       |              [01;31m[K^~~~~[m[K
[15.894s] [01m[K/home/pi/autocab/raspberryPI3/ros2_ws/src/car_control/src/fromAtoB.cpp:78:14:[m[K [01;36m[Knote: [m[Kno functions named ‘[01m[Kstd::vector<char> Graph::shortest_path(char, char)[m[K’
[15.895s] In file included from [01m[K/home/pi/autocab/raspberryPI3/ros2_ws/src/car_control/src/fromAtoB.cpp:1[m[K:
[15.897s] [01m[K/home/pi/autocab/raspberryPI3/ros2_ws/src/car_control/src/../include/car_control/fromAtoB.h:38:7:[m[K [01;36m[Knote: [m[K‘[01m[Kclass Graph[m[K’ defined here
[15.899s]    38 | class [01;36m[KGraph[m[K{
[15.900s]       |       [01;36m[K^~~~~[m[K
[15.901s] [01m[K/home/pi/autocab/raspberryPI3/ros2_ws/src/car_control/src/fromAtoB.cpp:139:6:[m[K [01;31m[Kerror: [m[Kno declaration matches ‘[01m[Kvoid Graph::createGraph(std::map<char, float [2]>)[m[K’
[15.902s]   139 | void [01;31m[KGraph[m[K::createGraph(map<char, float[2]> coordinates)
[15.902s]       |      [01;31m[K^~~~~[m[K
[15.903s] In file included from [01m[K/home/pi/autocab/raspberryPI3/ros2_ws/src/car_control/src/fromAtoB.cpp:1[m[K:
[15.904s] [01m[K/home/pi/autocab/raspberryPI3/ros2_ws/src/car_control/src/../include/car_control/fromAtoB.h:46:10:[m[K [01;36m[Knote: [m[Kcandidate is: ‘[01m[Kvoid Graph::createGraph(int)[m[K’
[15.904s]    46 |     void [01;36m[KcreateGraph[m[K(map<char, float[2]> coordinates);
[15.905s]       |          [01;36m[K^~~~~~~~~~~[m[K
[15.906s] [01m[K/home/pi/autocab/raspberryPI3/ros2_ws/src/car_control/src/../include/car_control/fromAtoB.h:38:7:[m[K [01;36m[Knote: [m[K‘[01m[Kclass Graph[m[K’ defined here
[15.906s]    38 | class [01;36m[KGraph[m[K{
[15.907s]       |       [01;36m[K^~~~~[m[K
[16.013s] In file included from [01m[K/home/pi/autocab/raspberryPI3/ros2_ws/src/car_control/src/car_control_node.cpp:19[m[K:
[16.014s] [01m[K/home/pi/autocab/raspberryPI3/ros2_ws/src/car_control/src/../include/car_control/fromAtoB.h:40:5:[m[K [01;31m[Kerror: [m[K‘[01m[Kunordered_map[m[K’ does not name a type
[16.015s]    40 |     [01;31m[Kunordered_map[m[K<char, const unordered_map<char, float>> vertices;
[16.015s]       |     [01;31m[K^~~~~~~~~~~~~[m[K
[16.022s] [01m[K/home/pi/autocab/raspberryPI3/ros2_ws/src/car_control/src/../include/car_control/fromAtoB.h:44:38:[m[K [01;31m[Kerror: [m[K‘[01m[Kunordered_map[m[K’ does not name a type
[16.023s]    44 |     void add_vertex(char name, const [01;31m[Kunordered_map[m[K<char, float>& edges);
[16.024s]       |                                      [01;31m[K^~~~~~~~~~~~~[m[K
[16.025s] [01m[K/home/pi/autocab/raspberryPI3/ros2_ws/src/car_control/src/../include/car_control/fromAtoB.h:44:51:[m[K [01;31m[Kerror: [m[Kexpected ‘[01m[K,[m[K’ or ‘[01m[K...[m[K’ before ‘[01m[K<[m[K’ token
[16.025s]    44 |     void add_vertex(char name, const unordered_map[01;31m[K<[m[Kchar, float>& edges);
[16.026s]       |                                                   [01;31m[K^[m[K
[16.028s] [01m[K/home/pi/autocab/raspberryPI3/ros2_ws/src/car_control/src/../include/car_control/fromAtoB.h:45:5:[m[K [01;31m[Kerror: [m[K‘[01m[Kvector[m[K’ does not name a type
[16.029s]    45 |     [01;31m[Kvector[m[K<char> shortest_path(char start, char finish);
[16.030s]       |     [01;31m[K^~~~~~[m[K
[16.031s] [01m[K/home/pi/autocab/raspberryPI3/ros2_ws/src/car_control/src/../include/car_control/fromAtoB.h:46:22:[m[K [01;31m[Kerror: [m[K‘[01m[Kmap[m[K’ has not been declared
[16.031s]    46 |     void createGraph([01;31m[Kmap[m[K<char, float[2]> coordinates);
[16.032s]       |                      [01;31m[K^~~[m[K
[16.033s] [01m[K/home/pi/autocab/raspberryPI3/ros2_ws/src/car_control/src/../include/car_control/fromAtoB.h:46:25:[m[K [01;31m[Kerror: [m[Kexpected ‘[01m[K,[m[K’ or ‘[01m[K...[m[K’ before ‘[01m[K<[m[K’ token
[16.033s]    46 |     void createGraph(map[01;31m[K<[m[Kchar, float[2]> coordinates);
[16.034s]       |                         [01;31m[K^[m[K
[16.035s] [01m[K/home/pi/autocab/raspberryPI3/ros2_ws/src/car_control/src/../include/car_control/fromAtoB.h:48:2:[m[K [01;31m[Kerror: [m[Kexpected ‘[01m[K;[m[K’ after class definition
[16.036s]    48 | }
[16.036s]       |  [01;31m[K^[m[K
[16.039s]       |  [32m[K;[m[K
[16.916s] [01m[K/home/pi/autocab/raspberryPI3/ros2_ws/src/car_control/src/car_control_node.cpp:[m[K In constructor ‘[01m[Kcar_control::car_control()[m[K’:
[16.917s] [01m[K/home/pi/autocab/raspberryPI3/ros2_ws/src/car_control/src/car_control_node.cpp:47:34:[m[K [01;31m[Kerror: [m[Kexpected primary-expression before ‘[01m[K{[m[K’ token
[16.918s]    47 |         coordinates.insert(('A', [01;31m[K{[m[K43.570596, 1.466500}));
[16.919s]       |                                  [01;31m[K^[m[K
[16.920s] [01m[K/home/pi/autocab/raspberryPI3/ros2_ws/src/car_control/src/car_control_node.cpp:47:34:[m[K [01;31m[Kerror: [m[Kexpected ‘[01m[K)[m[K’ before ‘[01m[K{[m[K’ token
[16.920s] [01m[K/home/pi/autocab/raspberryPI3/ros2_ws/src/car_control/src/car_control_node.cpp:47:28:[m[K [01;36m[Knote: [m[Kto match this ‘[01m[K([m[K’
[16.921s]    47 |         coordinates.insert([01;36m[K([m[K'A', {43.570596, 1.466500}));
[16.922s]       |                            [01;36m[K^[m[K
[16.922s] [01m[K/home/pi/autocab/raspberryPI3/ros2_ws/src/car_control/src/car_control_node.cpp:48:34:[m[K [01;31m[Kerror: [m[Kexpected primary-expression before ‘[01m[K{[m[K’ token
[16.923s]    48 |         coordinates.insert(('B', [01;31m[K{[m[K43.570596, 1.466500}));
[16.924s]       |                                  [01;31m[K^[m[K
[16.924s] [01m[K/home/pi/autocab/raspberryPI3/ros2_ws/src/car_control/src/car_control_node.cpp:48:34:[m[K [01;31m[Kerror: [m[Kexpected ‘[01m[K)[m[K’ before ‘[01m[K{[m[K’ token
[16.925s] [01m[K/home/pi/autocab/raspberryPI3/ros2_ws/src/car_control/src/car_control_node.cpp:48:28:[m[K [01;36m[Knote: [m[Kto match this ‘[01m[K([m[K’
[16.926s]    48 |         coordinates.insert([01;36m[K([m[K'B', {43.570596, 1.466500}));
[16.926s]       |                            [01;36m[K^[m[K
[16.927s] [01m[K/home/pi/autocab/raspberryPI3/ros2_ws/src/car_control/src/car_control_node.cpp:49:34:[m[K [01;31m[Kerror: [m[Kexpected primary-expression before ‘[01m[K{[m[K’ token
[16.928s]    49 |         coordinates.insert(('C', [01;31m[K{[m[K43.570596, 1.466500}));
[16.929s]       |                                  [01;31m[K^[m[K
[16.932s] [01m[K/home/pi/autocab/raspberryPI3/ros2_ws/src/car_control/src/car_control_node.cpp:49:34:[m[K [01;31m[Kerror: [m[Kexpected ‘[01m[K)[m[K’ before ‘[01m[K{[m[K’ token
[16.933s] [01m[K/home/pi/autocab/raspberryPI3/ros2_ws/src/car_control/src/car_control_node.cpp:49:28:[m[K [01;36m[Knote: [m[Kto match this ‘[01m[K([m[K’
[16.934s]    49 |         coordinates.insert([01;36m[K([m[K'C', {43.570596, 1.466500}));
[16.935s]       |                            [01;36m[K^[m[K
[16.935s] [01m[K/home/pi/autocab/raspberryPI3/ros2_ws/src/car_control/src/car_control_node.cpp:50:34:[m[K [01;31m[Kerror: [m[Kexpected primary-expression before ‘[01m[K{[m[K’ token
[16.936s]    50 |         coordinates.insert(('D', [01;31m[K{[m[K43.570596, 1.466500}));
[16.940s]       |                                  [01;31m[K^[m[K
[16.944s] [01m[K/home/pi/autocab/raspberryPI3/ros2_ws/src/car_control/src/car_control_node.cpp:50:34:[m[K [01;31m[Kerror: [m[Kexpected ‘[01m[K)[m[K’ before ‘[01m[K{[m[K’ token
[16.945s] [01m[K/home/pi/autocab/raspberryPI3/ros2_ws/src/car_control/src/car_control_node.cpp:50:28:[m[K [01;36m[Knote: [m[Kto match this ‘[01m[K([m[K’
[16.946s]    50 |         coordinates.insert([01;36m[K([m[K'D', {43.570596, 1.466500}));
[16.947s]       |                            [01;36m[K^[m[K
[16.948s] [01m[K/home/pi/autocab/raspberryPI3/ros2_ws/src/car_control/src/car_control_node.cpp:52:27:[m[K [01;31m[Kerror: [m[Kcannot convert ‘[01m[Kstd::map<char, float [2]>[m[K’ to ‘[01m[Kint[m[K’
[16.949s]    52 |         graph.createGraph([01;31m[Kcoordinates[m[K);
[16.950s]       |                           [01;31m[K^~~~~~~~~~~[m[K
[16.952s]       |                           [01;31m[K|[m[K
[16.953s]       |                           [01;31m[Kstd::map<char, float [2]>[m[K
[16.954s] In file included from [01m[K/home/pi/autocab/raspberryPI3/ros2_ws/src/car_control/src/car_control_node.cpp:19[m[K:
[16.955s] [01m[K/home/pi/autocab/raspberryPI3/ros2_ws/src/car_control/src/../include/car_control/fromAtoB.h:46:22:[m[K [01;36m[Knote: [m[K  initializing argument 1 of ‘[01m[Kvoid Graph::createGraph(int)[m[K’
[16.956s]    46 |     void createGraph([01;36m[Kmap[m[K<char, float[2]> coordinates);
[16.956s]       |                      [01;36m[K^~~[m[K
[17.644s] gmake[2]: *** [CMakeFiles/car_control_node.dir/build.make:118: CMakeFiles/car_control_node.dir/src/fromAtoB.cpp.o] Error 1
[17.645s] gmake[2]: *** Waiting for unfinished jobs....
[37.526s] gmake[2]: *** [CMakeFiles/car_control_node.dir/build.make:76: CMakeFiles/car_control_node.dir/src/car_control_node.cpp.o] Error 1
[37.527s] gmake[1]: *** [CMakeFiles/Makefile2:137: CMakeFiles/car_control_node.dir/all] Error 2
[37.528s] gmake: *** [Makefile:146: all] Error 2
[37.534s] Invoked command in '/home/pi/autocab/raspberryPI3/ros2_ws/build/car_control' returned '2': AMENT_PREFIX_PATH=/home/pi/autocab/raspberryPI3/ros2_ws/install/interfaces:${AMENT_PREFIX_PATH} CMAKE_PREFIX_PATH=/home/pi/autocab/raspberryPI3/ros2_ws/install/interfaces:/home/pi/ros2_ws/install/geicar_start:/home/pi/ros2_ws/install/system_check:/home/pi/ros2_ws/install/simulation:/home/pi/ros2_ws/install/imu_tools:/home/pi/ros2_ws/install/rviz_imu_plugin:/home/pi/ros2_ws/install/joystick:/home/pi/ros2_ws/install/car_control:/home/pi/ros2_ws/install/can:/home/pi/ros2_ws/install/interfaces:/home/pi/ros2_ws/install/imu_filter_madgwick:/home/pi/ros2_ws/install/imu_complementary_filter:/home/pi/ros2_ws/install/carla_msgs:/opt/ros/humble LD_LIBRARY_PATH=/home/pi/autocab/raspberryPI3/ros2_ws/install/interfaces/lib:${LD_LIBRARY_PATH} PYTHONPATH=/home/pi/autocab/raspberryPI3/ros2_ws/install/interfaces/local/lib/python3.10/dist-packages:${PYTHONPATH} /usr/bin/cmake --build /home/pi/autocab/raspberryPI3/ros2_ws/build/car_control -- -j4 -l4
