[0.078s] Invoking command in '/home/pi/autocab/raspberryPI3/ros2_ws/build/car_control': AMENT_PREFIX_PATH=/home/pi/autocab/raspberryPI3/ros2_ws/install/interfaces:${AMENT_PREFIX_PATH} CMAKE_PREFIX_PATH=/home/pi/autocab/raspberryPI3/ros2_ws/install/interfaces:/home/pi/ros2_ws/install/geicar_start:/home/pi/ros2_ws/install/system_check:/home/pi/ros2_ws/install/simulation:/home/pi/ros2_ws/install/imu_tools:/home/pi/ros2_ws/install/rviz_imu_plugin:/home/pi/ros2_ws/install/joystick:/home/pi/ros2_ws/install/car_control:/home/pi/ros2_ws/install/can:/home/pi/ros2_ws/install/interfaces:/home/pi/ros2_ws/install/imu_filter_madgwick:/home/pi/ros2_ws/install/imu_complementary_filter:/home/pi/ros2_ws/install/carla_msgs:/opt/ros/humble LD_LIBRARY_PATH=/home/pi/autocab/raspberryPI3/ros2_ws/install/interfaces/lib:${LD_LIBRARY_PATH} PYTHONPATH=/home/pi/autocab/raspberryPI3/ros2_ws/install/interfaces/local/lib/python3.10/dist-packages:${PYTHONPATH} /usr/bin/cmake --build /home/pi/autocab/raspberryPI3/ros2_ws/build/car_control -- -j4 -l4
[0.289s] [35m[1mConsolidate compiler generated dependencies of target car_control_node[0m
[0.401s] [ 20%] [32mBuilding CXX object CMakeFiles/car_control_node.dir/src/car_control_node.cpp.o[0m
[0.404s] [ 40%] [32mBuilding CXX object CMakeFiles/car_control_node.dir/src/fromAtoB.cpp.o[0m
[11.084s] In file included from [01m[K/home/pi/autocab/raspberryPI3/ros2_ws/src/car_control/src/fromAtoB.cpp:1[m[K:
[11.084s] [01m[K/home/pi/autocab/raspberryPI3/ros2_ws/src/car_control/src/../include/car_control/fromAtoB.h:26:38:[m[K [01;31m[Kerror: [m[K‘[01m[Kunordered_map[m[K’ does not name a type
[11.085s]    26 |     void add_vertex(char name, const [01;31m[Kunordered_map[m[K<char, float>& edges);
[11.086s]       |                                      [01;31m[K^~~~~~~~~~~~~[m[K
[11.087s] [01m[K/home/pi/autocab/raspberryPI3/ros2_ws/src/car_control/src/../include/car_control/fromAtoB.h:26:51:[m[K [01;31m[Kerror: [m[Kexpected ‘[01m[K,[m[K’ or ‘[01m[K...[m[K’ before ‘[01m[K<[m[K’ token
[11.088s]    26 |     void add_vertex(char name, const unordered_map[01;31m[K<[m[Kchar, float>& edges);
[11.089s]       |                                                   [01;31m[K^[m[K
[11.090s] [01m[K/home/pi/autocab/raspberryPI3/ros2_ws/src/car_control/src/../include/car_control/fromAtoB.h:27:5:[m[K [01;31m[Kerror: [m[K‘[01m[Kvector[m[K’ does not name a type
[11.090s]    27 |     [01;31m[Kvector[m[K<char> shortest_path(char start, char finish);
[11.091s]       |     [01;31m[K^~~~~~[m[K
[11.092s] [01m[K/home/pi/autocab/raspberryPI3/ros2_ws/src/car_control/src/../include/car_control/fromAtoB.h:28:22:[m[K [01;31m[Kerror: [m[K‘[01m[Kmap[m[K’ has not been declared
[11.092s]    28 |     void createGraph([01;31m[Kmap[m[K<char, float[2]> coordinates);
[11.093s]       |                      [01;31m[K^~~[m[K
[11.093s] [01m[K/home/pi/autocab/raspberryPI3/ros2_ws/src/car_control/src/../include/car_control/fromAtoB.h:28:25:[m[K [01;31m[Kerror: [m[Kexpected ‘[01m[K,[m[K’ or ‘[01m[K...[m[K’ before ‘[01m[K<[m[K’ token
[11.094s]    28 |     void createGraph(map[01;31m[K<[m[Kchar, float[2]> coordinates);
[11.095s]       |                         [01;31m[K^[m[K
[11.096s] [01m[K/home/pi/autocab/raspberryPI3/ros2_ws/src/car_control/src/../include/car_control/fromAtoB.h:30:2:[m[K [01;31m[Kerror: [m[Kexpected ‘[01m[K;[m[K’ after class definition
[11.097s]    30 | }
[11.097s]       |  [01;31m[K^[m[K
[11.098s]       |  [32m[K;[m[K
[11.099s] [01m[K/home/pi/autocab/raspberryPI3/ros2_ws/src/car_control/src/fromAtoB.cpp:82:7:[m[K [01;31m[Kerror: [m[Kredefinition of ‘[01m[Kclass Graph[m[K’
[11.099s]    82 | class [01;31m[KGraph[m[K {
[11.100s]       |       [01;31m[K^~~~~[m[K
[11.101s] In file included from [01m[K/home/pi/autocab/raspberryPI3/ros2_ws/src/car_control/src/fromAtoB.cpp:1[m[K:
[11.101s] [01m[K/home/pi/autocab/raspberryPI3/ros2_ws/src/car_control/src/../include/car_control/fromAtoB.h:25:7:[m[K [01;36m[Knote: [m[Kprevious definition of ‘[01m[Kclass Graph[m[K’
[11.102s]    25 | class [01;36m[KGraph[m[K{
[11.102s]       |       [01;36m[K^~~~~[m[K
[11.236s] In file included from [01m[K/home/pi/autocab/raspberryPI3/ros2_ws/src/car_control/src/car_control_node.cpp:18[m[K:
[11.237s] [01m[K/home/pi/autocab/raspberryPI3/ros2_ws/src/car_control/src/../include/car_control/fromAtoB.h:26:38:[m[K [01;31m[Kerror: [m[K‘[01m[Kunordered_map[m[K’ does not name a type
[11.237s]    26 |     void add_vertex(char name, const [01;31m[Kunordered_map[m[K<char, float>& edges);
[11.238s]       |                                      [01;31m[K^~~~~~~~~~~~~[m[K
[11.239s] [01m[K/home/pi/autocab/raspberryPI3/ros2_ws/src/car_control/src/../include/car_control/fromAtoB.h:26:51:[m[K [01;31m[Kerror: [m[Kexpected ‘[01m[K,[m[K’ or ‘[01m[K...[m[K’ before ‘[01m[K<[m[K’ token
[11.239s]    26 |     void add_vertex(char name, const unordered_map[01;31m[K<[m[Kchar, float>& edges);
[11.240s]       |                                                   [01;31m[K^[m[K
[11.242s] [01m[K/home/pi/autocab/raspberryPI3/ros2_ws/src/car_control/src/../include/car_control/fromAtoB.h:27:5:[m[K [01;31m[Kerror: [m[K‘[01m[Kvector[m[K’ does not name a type
[11.243s]    27 |     [01;31m[Kvector[m[K<char> shortest_path(char start, char finish);
[11.243s]       |     [01;31m[K^~~~~~[m[K
[11.244s] [01m[K/home/pi/autocab/raspberryPI3/ros2_ws/src/car_control/src/../include/car_control/fromAtoB.h:28:22:[m[K [01;31m[Kerror: [m[K‘[01m[Kmap[m[K’ has not been declared
[11.245s]    28 |     void createGraph([01;31m[Kmap[m[K<char, float[2]> coordinates);
[11.245s]       |                      [01;31m[K^~~[m[K
[11.246s] [01m[K/home/pi/autocab/raspberryPI3/ros2_ws/src/car_control/src/../include/car_control/fromAtoB.h:28:25:[m[K [01;31m[Kerror: [m[Kexpected ‘[01m[K,[m[K’ or ‘[01m[K...[m[K’ before ‘[01m[K<[m[K’ token
[11.246s]    28 |     void createGraph(map[01;31m[K<[m[Kchar, float[2]> coordinates);
[11.247s]       |                         [01;31m[K^[m[K
[11.247s] [01m[K/home/pi/autocab/raspberryPI3/ros2_ws/src/car_control/src/../include/car_control/fromAtoB.h:30:2:[m[K [01;31m[Kerror: [m[Kexpected ‘[01m[K;[m[K’ after class definition
[11.248s]    30 | }
[11.248s]       |  [01;31m[K^[m[K
[11.249s]       |  [32m[K;[m[K
[12.115s] [01m[K/home/pi/autocab/raspberryPI3/ros2_ws/src/car_control/src/car_control_node.cpp:[m[K In constructor ‘[01m[Kcar_control::car_control()[m[K’:
[12.115s] [01m[K/home/pi/autocab/raspberryPI3/ros2_ws/src/car_control/src/car_control_node.cpp:46:34:[m[K [01;31m[Kerror: [m[Kexpected primary-expression before ‘[01m[K{[m[K’ token
[12.116s]    46 |         coordinates.insert(('A', [01;31m[K{[m[K43.570596, 1.466500}));
[12.116s]       |                                  [01;31m[K^[m[K
[12.117s] [01m[K/home/pi/autocab/raspberryPI3/ros2_ws/src/car_control/src/car_control_node.cpp:46:34:[m[K [01;31m[Kerror: [m[Kexpected ‘[01m[K)[m[K’ before ‘[01m[K{[m[K’ token
[12.118s] [01m[K/home/pi/autocab/raspberryPI3/ros2_ws/src/car_control/src/car_control_node.cpp:46:28:[m[K [01;36m[Knote: [m[Kto match this ‘[01m[K([m[K’
[12.118s]    46 |         coordinates.insert([01;36m[K([m[K'A', {43.570596, 1.466500}));
[12.119s]       |                            [01;36m[K^[m[K
[12.119s] [01m[K/home/pi/autocab/raspberryPI3/ros2_ws/src/car_control/src/car_control_node.cpp:47:34:[m[K [01;31m[Kerror: [m[Kexpected primary-expression before ‘[01m[K{[m[K’ token
[12.120s]    47 |         coordinates.insert(('B', [01;31m[K{[m[K43.570596, 1.466500}));
[12.120s]       |                                  [01;31m[K^[m[K
[12.121s] [01m[K/home/pi/autocab/raspberryPI3/ros2_ws/src/car_control/src/car_control_node.cpp:47:34:[m[K [01;31m[Kerror: [m[Kexpected ‘[01m[K)[m[K’ before ‘[01m[K{[m[K’ token
[12.122s] [01m[K/home/pi/autocab/raspberryPI3/ros2_ws/src/car_control/src/car_control_node.cpp:47:28:[m[K [01;36m[Knote: [m[Kto match this ‘[01m[K([m[K’
[12.122s]    47 |         coordinates.insert([01;36m[K([m[K'B', {43.570596, 1.466500}));
[12.123s]       |                            [01;36m[K^[m[K
[12.123s] [01m[K/home/pi/autocab/raspberryPI3/ros2_ws/src/car_control/src/car_control_node.cpp:48:34:[m[K [01;31m[Kerror: [m[Kexpected primary-expression before ‘[01m[K{[m[K’ token
[12.124s]    48 |         coordinates.insert(('C', [01;31m[K{[m[K43.570596, 1.466500}));
[12.124s]       |                                  [01;31m[K^[m[K
[12.125s] [01m[K/home/pi/autocab/raspberryPI3/ros2_ws/src/car_control/src/car_control_node.cpp:48:34:[m[K [01;31m[Kerror: [m[Kexpected ‘[01m[K)[m[K’ before ‘[01m[K{[m[K’ token
[12.127s] [01m[K/home/pi/autocab/raspberryPI3/ros2_ws/src/car_control/src/car_control_node.cpp:48:28:[m[K [01;36m[Knote: [m[Kto match this ‘[01m[K([m[K’
[12.128s]    48 |         coordinates.insert([01;36m[K([m[K'C', {43.570596, 1.466500}));
[12.128s]       |                            [01;36m[K^[m[K
[12.129s] [01m[K/home/pi/autocab/raspberryPI3/ros2_ws/src/car_control/src/car_control_node.cpp:49:34:[m[K [01;31m[Kerror: [m[Kexpected primary-expression before ‘[01m[K{[m[K’ token
[12.129s]    49 |         coordinates.insert(('D', [01;31m[K{[m[K43.570596, 1.466500}));
[12.130s]       |                                  [01;31m[K^[m[K
[12.130s] [01m[K/home/pi/autocab/raspberryPI3/ros2_ws/src/car_control/src/car_control_node.cpp:49:34:[m[K [01;31m[Kerror: [m[Kexpected ‘[01m[K)[m[K’ before ‘[01m[K{[m[K’ token
[12.131s] [01m[K/home/pi/autocab/raspberryPI3/ros2_ws/src/car_control/src/car_control_node.cpp:49:28:[m[K [01;36m[Knote: [m[Kto match this ‘[01m[K([m[K’
[12.132s]    49 |         coordinates.insert([01;36m[K([m[K'D', {43.570596, 1.466500}));
[12.132s]       |                            [01;36m[K^[m[K
[12.133s] [01m[K/home/pi/autocab/raspberryPI3/ros2_ws/src/car_control/src/car_control_node.cpp:51:27:[m[K [01;31m[Kerror: [m[Kcannot convert ‘[01m[Kstd::map<char, float [2]>[m[K’ to ‘[01m[Kint[m[K’
[12.134s]    51 |         graph.createGraph([01;31m[Kcoordinates[m[K);
[12.135s]       |                           [01;31m[K^~~~~~~~~~~[m[K
[12.136s]       |                           [01;31m[K|[m[K
[12.137s]       |                           [01;31m[Kstd::map<char, float [2]>[m[K
[12.138s] In file included from [01m[K/home/pi/autocab/raspberryPI3/ros2_ws/src/car_control/src/car_control_node.cpp:18[m[K:
[12.138s] [01m[K/home/pi/autocab/raspberryPI3/ros2_ws/src/car_control/src/../include/car_control/fromAtoB.h:28:22:[m[K [01;36m[Knote: [m[K  initializing argument 1 of ‘[01m[Kvoid Graph::createGraph(int)[m[K’
[12.139s]    28 |     void createGraph([01;36m[Kmap[m[K<char, float[2]> coordinates);
[12.140s]       |                      [01;36m[K^~~[m[K
[12.822s] gmake[2]: *** [CMakeFiles/car_control_node.dir/build.make:118: CMakeFiles/car_control_node.dir/src/fromAtoB.cpp.o] Error 1
[12.823s] gmake[2]: *** Waiting for unfinished jobs....
[32.351s] gmake[2]: *** [CMakeFiles/car_control_node.dir/build.make:76: CMakeFiles/car_control_node.dir/src/car_control_node.cpp.o] Error 1
[32.351s] gmake[1]: *** [CMakeFiles/Makefile2:137: CMakeFiles/car_control_node.dir/all] Error 2
[32.352s] gmake: *** [Makefile:146: all] Error 2
[32.358s] Invoked command in '/home/pi/autocab/raspberryPI3/ros2_ws/build/car_control' returned '2': AMENT_PREFIX_PATH=/home/pi/autocab/raspberryPI3/ros2_ws/install/interfaces:${AMENT_PREFIX_PATH} CMAKE_PREFIX_PATH=/home/pi/autocab/raspberryPI3/ros2_ws/install/interfaces:/home/pi/ros2_ws/install/geicar_start:/home/pi/ros2_ws/install/system_check:/home/pi/ros2_ws/install/simulation:/home/pi/ros2_ws/install/imu_tools:/home/pi/ros2_ws/install/rviz_imu_plugin:/home/pi/ros2_ws/install/joystick:/home/pi/ros2_ws/install/car_control:/home/pi/ros2_ws/install/can:/home/pi/ros2_ws/install/interfaces:/home/pi/ros2_ws/install/imu_filter_madgwick:/home/pi/ros2_ws/install/imu_complementary_filter:/home/pi/ros2_ws/install/carla_msgs:/opt/ros/humble LD_LIBRARY_PATH=/home/pi/autocab/raspberryPI3/ros2_ws/install/interfaces/lib:${LD_LIBRARY_PATH} PYTHONPATH=/home/pi/autocab/raspberryPI3/ros2_ws/install/interfaces/local/lib/python3.10/dist-packages:${PYTHONPATH} /usr/bin/cmake --build /home/pi/autocab/raspberryPI3/ros2_ws/build/car_control -- -j4 -l4
