[0.250s] Invoking command in '/home/pi/autocab/raspberryPI3/ros2_ws/build/system_check': AMENT_PREFIX_PATH=/home/pi/autocab/raspberryPI3/ros2_ws/install/interfaces:${AMENT_PREFIX_PATH} CMAKE_PREFIX_PATH=/home/pi/autocab/raspberryPI3/ros2_ws/install/interfaces:/home/pi/ros2_ws/install/geicar_start:/home/pi/ros2_ws/install/system_check:/home/pi/ros2_ws/install/simulation:/home/pi/ros2_ws/install/imu_tools:/home/pi/ros2_ws/install/rviz_imu_plugin:/home/pi/ros2_ws/install/joystick:/home/pi/ros2_ws/install/car_control:/home/pi/ros2_ws/install/can:/home/pi/ros2_ws/install/interfaces:/home/pi/ros2_ws/install/imu_filter_madgwick:/home/pi/ros2_ws/install/imu_complementary_filter:/home/pi/ros2_ws/install/carla_msgs:/opt/ros/humble LD_LIBRARY_PATH=/home/pi/autocab/raspberryPI3/ros2_ws/install/interfaces/lib:${LD_LIBRARY_PATH} PYTHONPATH=/home/pi/autocab/raspberryPI3/ros2_ws/install/interfaces/local/lib/python3.10/dist-packages:${PYTHONPATH} /usr/bin/cmake --build /home/pi/autocab/raspberryPI3/ros2_ws/build/system_check -- -j4 -l4
[0.668s] -- Found ament_cmake: 1.3.2 (/opt/ros/humble/share/ament_cmake/cmake)
[2.915s] -- Found rclcpp: 16.0.1 (/opt/ros/humble/share/rclcpp/cmake)
[3.525s] -- Found rosidl_generator_c: 3.1.3 (/opt/ros/humble/share/rosidl_generator_c/cmake)
[3.564s] -- Found rosidl_adapter: 3.1.3 (/opt/ros/humble/share/rosidl_adapter/cmake)
[3.656s] -- Found rosidl_generator_cpp: 3.1.3 (/opt/ros/humble/share/rosidl_generator_cpp/cmake)
[3.826s] -- Using all available rosidl_typesupport_c: rosidl_typesupport_fastrtps_c;rosidl_typesupport_introspection_c
[4.060s] -- Using all available rosidl_typesupport_cpp: rosidl_typesupport_fastrtps_cpp;rosidl_typesupport_introspection_cpp
[4.895s] -- Found rmw_implementation_cmake: 6.1.0 (/opt/ros/humble/share/rmw_implementation_cmake/cmake)
[4.922s] -- Found rmw_fastrtps_cpp: 6.2.1 (/opt/ros/humble/share/rmw_fastrtps_cpp/cmake)
[8.181s] -- Using RMW implementation 'rmw_fastrtps_cpp' as default
[10.277s] -- Found sensor_msgs: 4.2.2 (/opt/ros/humble/share/sensor_msgs/cmake)
[11.910s] -- Found interfaces: 0.0.0 (/home/pi/autocab/raspberryPI3/ros2_ws/install/interfaces/share/interfaces/cmake)
[12.195s] -- Found ament_lint_auto: 0.12.4 (/opt/ros/humble/share/ament_lint_auto/cmake)
[13.602s] -- Added test 'cppcheck' to perform static code analysis on C / C++ code
[13.604s] -- Configured cppcheck include dirs: $<BUILD_INTERFACE:/home/pi/autocab/raspberryPI3/ros2_ws/src/system_check/include>
[13.605s] -- Configured cppcheck exclude dirs and/or files: 
[13.619s] -- Added test 'lint_cmake' to check CMake code style
[13.650s] -- Added test 'uncrustify' to check C / C++ code style
[13.651s] -- Configured uncrustify additional arguments: 
[13.657s] -- Added test 'xmllint' to check XML markup files
[13.675s] -- Configuring done
[13.893s] -- Generating done
[13.925s] -- Build files have been written to: /home/pi/autocab/raspberryPI3/ros2_ws/build/system_check
[14.666s] [ 50%] [32mBuilding CXX object CMakeFiles/system_check_node.dir/src/system_check_node.cpp.o[0m
[372.424s] [100%] [32m[1mLinking CXX executable system_check_node[0m
[391.060s] [100%] Built target system_check_node
[391.212s] Invoked command in '/home/pi/autocab/raspberryPI3/ros2_ws/build/system_check' returned '0': AMENT_PREFIX_PATH=/home/pi/autocab/raspberryPI3/ros2_ws/install/interfaces:${AMENT_PREFIX_PATH} CMAKE_PREFIX_PATH=/home/pi/autocab/raspberryPI3/ros2_ws/install/interfaces:/home/pi/ros2_ws/install/geicar_start:/home/pi/ros2_ws/install/system_check:/home/pi/ros2_ws/install/simulation:/home/pi/ros2_ws/install/imu_tools:/home/pi/ros2_ws/install/rviz_imu_plugin:/home/pi/ros2_ws/install/joystick:/home/pi/ros2_ws/install/car_control:/home/pi/ros2_ws/install/can:/home/pi/ros2_ws/install/interfaces:/home/pi/ros2_ws/install/imu_filter_madgwick:/home/pi/ros2_ws/install/imu_complementary_filter:/home/pi/ros2_ws/install/carla_msgs:/opt/ros/humble LD_LIBRARY_PATH=/home/pi/autocab/raspberryPI3/ros2_ws/install/interfaces/lib:${LD_LIBRARY_PATH} PYTHONPATH=/home/pi/autocab/raspberryPI3/ros2_ws/install/interfaces/local/lib/python3.10/dist-packages:${PYTHONPATH} /usr/bin/cmake --build /home/pi/autocab/raspberryPI3/ros2_ws/build/system_check -- -j4 -l4
[391.682s] Invoking command in '/home/pi/autocab/raspberryPI3/ros2_ws/build/system_check': AMENT_PREFIX_PATH=/home/pi/autocab/raspberryPI3/ros2_ws/install/interfaces:${AMENT_PREFIX_PATH} CMAKE_PREFIX_PATH=/home/pi/autocab/raspberryPI3/ros2_ws/install/interfaces:/home/pi/ros2_ws/install/geicar_start:/home/pi/ros2_ws/install/system_check:/home/pi/ros2_ws/install/simulation:/home/pi/ros2_ws/install/imu_tools:/home/pi/ros2_ws/install/rviz_imu_plugin:/home/pi/ros2_ws/install/joystick:/home/pi/ros2_ws/install/car_control:/home/pi/ros2_ws/install/can:/home/pi/ros2_ws/install/interfaces:/home/pi/ros2_ws/install/imu_filter_madgwick:/home/pi/ros2_ws/install/imu_complementary_filter:/home/pi/ros2_ws/install/carla_msgs:/opt/ros/humble LD_LIBRARY_PATH=/home/pi/autocab/raspberryPI3/ros2_ws/install/interfaces/lib:${LD_LIBRARY_PATH} PYTHONPATH=/home/pi/autocab/raspberryPI3/ros2_ws/install/interfaces/local/lib/python3.10/dist-packages:${PYTHONPATH} /usr/bin/cmake --install /home/pi/autocab/raspberryPI3/ros2_ws/build/system_check
[391.809s] -- Install configuration: ""
[391.816s] -- Installing: /home/pi/autocab/raspberryPI3/ros2_ws/install/system_check/lib/system_check/system_check_node
[392.346s] -- Set runtime path of "/home/pi/autocab/raspberryPI3/ros2_ws/install/system_check/lib/system_check/system_check_node" to ""
[392.347s] -- Up-to-date: /home/pi/autocab/raspberryPI3/ros2_ws/install/system_check/share/ament_index/resource_index/package_run_dependencies/system_check
[392.349s] -- Up-to-date: /home/pi/autocab/raspberryPI3/ros2_ws/install/system_check/share/ament_index/resource_index/parent_prefix_path/system_check
[392.350s] -- Installing: /home/pi/autocab/raspberryPI3/ros2_ws/install/system_check/share/system_check/environment/ament_prefix_path.sh
[392.355s] -- Installing: /home/pi/autocab/raspberryPI3/ros2_ws/install/system_check/share/system_check/environment/ament_prefix_path.dsv
[392.361s] -- Installing: /home/pi/autocab/raspberryPI3/ros2_ws/install/system_check/share/system_check/environment/path.sh
[392.365s] -- Installing: /home/pi/autocab/raspberryPI3/ros2_ws/install/system_check/share/system_check/environment/path.dsv
[392.370s] -- Up-to-date: /home/pi/autocab/raspberryPI3/ros2_ws/install/system_check/share/system_check/local_setup.bash
[392.371s] -- Up-to-date: /home/pi/autocab/raspberryPI3/ros2_ws/install/system_check/share/system_check/local_setup.sh
[392.373s] -- Up-to-date: /home/pi/autocab/raspberryPI3/ros2_ws/install/system_check/share/system_check/local_setup.zsh
[392.375s] -- Installing: /home/pi/autocab/raspberryPI3/ros2_ws/install/system_check/share/system_check/local_setup.dsv
[392.379s] -- Installing: /home/pi/autocab/raspberryPI3/ros2_ws/install/system_check/share/system_check/package.dsv
[392.384s] -- Up-to-date: /home/pi/autocab/raspberryPI3/ros2_ws/install/system_check/share/ament_index/resource_index/packages/system_check
[392.386s] -- Up-to-date: /home/pi/autocab/raspberryPI3/ros2_ws/install/system_check/share/system_check/cmake/ament_cmake_export_include_directories-extras.cmake
[392.389s] -- Up-to-date: /home/pi/autocab/raspberryPI3/ros2_ws/install/system_check/share/system_check/cmake/system_checkConfig.cmake
[392.396s] -- Up-to-date: /home/pi/autocab/raspberryPI3/ros2_ws/install/system_check/share/system_check/cmake/system_checkConfig-version.cmake
[392.400s] -- Installing: /home/pi/autocab/raspberryPI3/ros2_ws/install/system_check/share/system_check/package.xml
[392.439s] Invoked command in '/home/pi/autocab/raspberryPI3/ros2_ws/build/system_check' returned '0': AMENT_PREFIX_PATH=/home/pi/autocab/raspberryPI3/ros2_ws/install/interfaces:${AMENT_PREFIX_PATH} CMAKE_PREFIX_PATH=/home/pi/autocab/raspberryPI3/ros2_ws/install/interfaces:/home/pi/ros2_ws/install/geicar_start:/home/pi/ros2_ws/install/system_check:/home/pi/ros2_ws/install/simulation:/home/pi/ros2_ws/install/imu_tools:/home/pi/ros2_ws/install/rviz_imu_plugin:/home/pi/ros2_ws/install/joystick:/home/pi/ros2_ws/install/car_control:/home/pi/ros2_ws/install/can:/home/pi/ros2_ws/install/interfaces:/home/pi/ros2_ws/install/imu_filter_madgwick:/home/pi/ros2_ws/install/imu_complementary_filter:/home/pi/ros2_ws/install/carla_msgs:/opt/ros/humble LD_LIBRARY_PATH=/home/pi/autocab/raspberryPI3/ros2_ws/install/interfaces/lib:${LD_LIBRARY_PATH} PYTHONPATH=/home/pi/autocab/raspberryPI3/ros2_ws/install/interfaces/local/lib/python3.10/dist-packages:${PYTHONPATH} /usr/bin/cmake --install /home/pi/autocab/raspberryPI3/ros2_ws/build/system_check
