[0.163s] Invoking command in '/home/pi/estelle/autocab/raspberryPI3/ros2_ws/build/interfaces': CMAKE_PREFIX_PATH=${CMAKE_PREFIX_PATH}:/opt/ros/humble /usr/bin/cmake --build /home/pi/estelle/autocab/raspberryPI3/ros2_ws/build/interfaces -- -j4 -l4
[0.747s] [35m[1mConsolidate compiler generated dependencies of target interfaces__rosidl_generator_c[0m
[0.963s] [  1%] Built target interfaces__cpp
[1.142s] [ 12%] Built target interfaces__rosidl_generator_c
[1.150s] [35m[1mConsolidate compiler generated dependencies of target interfaces__rosidl_typesupport_cpp[0m
[1.265s] [ 12%] Built target ament_cmake_python_copy_interfaces
[1.362s] [35m[1mConsolidate compiler generated dependencies of target interfaces__rosidl_typesupport_fastrtps_cpp[0m
[1.412s] [35m[1mConsolidate compiler generated dependencies of target interfaces__rosidl_typesupport_introspection_cpp[0m
[1.473s] [ 24%] Built target interfaces__rosidl_typesupport_cpp
[1.652s] [35m[1mConsolidate compiler generated dependencies of target interfaces__rosidl_typesupport_fastrtps_c[0m
[1.734s] [35m[1mConsolidate compiler generated dependencies of target interfaces__rosidl_typesupport_introspection_c[0m
[1.881s] [ 35%] Built target interfaces__rosidl_typesupport_fastrtps_cpp
[2.022s] [ 47%] Built target interfaces__rosidl_typesupport_introspection_c
[2.062s] [ 58%] Built target interfaces__rosidl_typesupport_introspection_cpp
[2.156s] [ 70%] Built target interfaces__rosidl_typesupport_fastrtps_c
[2.170s] [35m[1mConsolidate compiler generated dependencies of target interfaces__rosidl_typesupport_c[0m
[2.400s] [ 81%] Built target interfaces__rosidl_typesupport_c
[2.868s] [ 81%] Built target interfaces
[3.301s] [ 82%] Built target interfaces__py
[3.460s] [35m[1mConsolidate compiler generated dependencies of target interfaces__rosidl_generator_py[0m
[3.765s] [ 93%] Built target interfaces__rosidl_generator_py
[3.934s] [35m[1mConsolidate compiler generated dependencies of target interfaces__rosidl_typesupport_fastrtps_c__pyext[0m
[4.042s] [35m[1mConsolidate compiler generated dependencies of target interfaces__rosidl_typesupport_c__pyext[0m
[4.057s] [35m[1mConsolidate compiler generated dependencies of target interfaces__rosidl_typesupport_introspection_c__pyext[0m
[4.148s] [ 95%] Built target interfaces__rosidl_typesupport_fastrtps_c__pyext
[4.351s] [ 97%] Built target interfaces__rosidl_typesupport_introspection_c__pyext
[4.412s] [100%] Built target interfaces__rosidl_typesupport_c__pyext
[5.955s] running egg_info
[5.969s] writing interfaces.egg-info/PKG-INFO
[5.975s] writing dependency_links to interfaces.egg-info/dependency_links.txt
[5.981s] writing top-level names to interfaces.egg-info/top_level.txt
[6.008s] reading manifest file 'interfaces.egg-info/SOURCES.txt'
[6.017s] writing manifest file 'interfaces.egg-info/SOURCES.txt'
[6.348s] [100%] Built target ament_cmake_python_build_interfaces_egg
[6.500s] Invoked command in '/home/pi/estelle/autocab/raspberryPI3/ros2_ws/build/interfaces' returned '0': CMAKE_PREFIX_PATH=${CMAKE_PREFIX_PATH}:/opt/ros/humble /usr/bin/cmake --build /home/pi/estelle/autocab/raspberryPI3/ros2_ws/build/interfaces -- -j4 -l4
[10.163s] Invoking command in '/home/pi/estelle/autocab/raspberryPI3/ros2_ws/build/interfaces': CMAKE_PREFIX_PATH=${CMAKE_PREFIX_PATH}:/opt/ros/humble /usr/bin/cmake --install /home/pi/estelle/autocab/raspberryPI3/ros2_ws/build/interfaces
[10.250s] -- Install configuration: ""
[10.253s] -- Up-to-date: /home/pi/estelle/autocab/raspberryPI3/ros2_ws/install/interfaces/share/ament_index/resource_index/rosidl_interfaces/interfaces
[10.255s] -- Up-to-date: /home/pi/estelle/autocab/raspberryPI3/ros2_ws/install/interfaces/include/interfaces/interfaces
[10.257s] -- Up-to-date: /home/pi/estelle/autocab/raspberryPI3/ros2_ws/install/interfaces/include/interfaces/interfaces/msg
[10.260s] -- Up-to-date: /home/pi/estelle/autocab/raspberryPI3/ros2_ws/install/interfaces/include/interfaces/interfaces/msg/system_check.h
[10.263s] -- Up-to-date: /home/pi/estelle/autocab/raspberryPI3/ros2_ws/install/interfaces/include/interfaces/interfaces/msg/rosidl_generator_c__visibility_control.h
[10.265s] -- Up-to-date: /home/pi/estelle/autocab/raspberryPI3/ros2_ws/install/interfaces/include/interfaces/interfaces/msg/motors_order.h
[10.267s] -- Up-to-date: /home/pi/estelle/autocab/raspberryPI3/ros2_ws/install/interfaces/include/interfaces/interfaces/msg/ultrasonic.h
[10.270s] -- Up-to-date: /home/pi/estelle/autocab/raspberryPI3/ros2_ws/install/interfaces/include/interfaces/interfaces/msg/joystick_order.h
[10.273s] -- Up-to-date: /home/pi/estelle/autocab/raspberryPI3/ros2_ws/install/interfaces/include/interfaces/interfaces/msg/steering_calibration.h
[10.277s] -- Up-to-date: /home/pi/estelle/autocab/raspberryPI3/ros2_ws/install/interfaces/include/interfaces/interfaces/msg/gnss.h
[10.279s] -- Up-to-date: /home/pi/estelle/autocab/raspberryPI3/ros2_ws/install/interfaces/include/interfaces/interfaces/msg/detail
[10.283s] -- Up-to-date: /home/pi/estelle/autocab/raspberryPI3/ros2_ws/install/interfaces/include/interfaces/interfaces/msg/detail/general_data__struct.h
[10.285s] -- Up-to-date: /home/pi/estelle/autocab/raspberryPI3/ros2_ws/install/interfaces/include/interfaces/interfaces/msg/detail/general_data__functions.h
[10.287s] -- Up-to-date: /home/pi/estelle/autocab/raspberryPI3/ros2_ws/install/interfaces/include/interfaces/interfaces/msg/detail/joystick_order__type_support.h
[10.289s] -- Up-to-date: /home/pi/estelle/autocab/raspberryPI3/ros2_ws/install/interfaces/include/interfaces/interfaces/msg/detail/steering_calibration__functions.c
[10.291s] -- Up-to-date: /home/pi/estelle/autocab/raspberryPI3/ros2_ws/install/interfaces/include/interfaces/interfaces/msg/detail/motors_feedback__functions.h
[10.296s] -- Up-to-date: /home/pi/estelle/autocab/raspberryPI3/ros2_ws/install/interfaces/include/interfaces/interfaces/msg/detail/motors_order__type_support.h
[10.297s] -- Up-to-date: /home/pi/estelle/autocab/raspberryPI3/ros2_ws/install/interfaces/include/interfaces/interfaces/msg/detail/joystick_order__functions.c
[10.299s] -- Up-to-date: /home/pi/estelle/autocab/raspberryPI3/ros2_ws/install/interfaces/include/interfaces/interfaces/msg/detail/general_data__type_support.h
[10.300s] -- Up-to-date: /home/pi/estelle/autocab/raspberryPI3/ros2_ws/install/interfaces/include/interfaces/interfaces/msg/detail/motors_feedback__functions.c
[10.330s] -- Up-to-date: /home/pi/estelle/autocab/raspberryPI3/ros2_ws/install/interfaces/include/interfaces/interfaces/msg/detail/gnss__struct.h
[10.332s] -- Up-to-date: /home/pi/estelle/autocab/raspberryPI3/ros2_ws/install/interfaces/include/interfaces/interfaces/msg/detail/ultrasonic__functions.c
[10.334s] -- Up-to-date: /home/pi/estelle/autocab/raspberryPI3/ros2_ws/install/interfaces/include/interfaces/interfaces/msg/detail/general_data__functions.c
[10.335s] -- Up-to-date: /home/pi/estelle/autocab/raspberryPI3/ros2_ws/install/interfaces/include/interfaces/interfaces/msg/detail/system_check__struct.h
[10.337s] -- Up-to-date: /home/pi/estelle/autocab/raspberryPI3/ros2_ws/install/interfaces/include/interfaces/interfaces/msg/detail/joystick_order__struct.h
[10.357s] -- Up-to-date: /home/pi/estelle/autocab/raspberryPI3/ros2_ws/install/interfaces/include/interfaces/interfaces/msg/detail/motors_order__functions.h
[10.362s] -- Up-to-date: /home/pi/estelle/autocab/raspberryPI3/ros2_ws/install/interfaces/include/interfaces/interfaces/msg/detail/gnss__functions.h
[10.374s] -- Up-to-date: /home/pi/estelle/autocab/raspberryPI3/ros2_ws/install/interfaces/include/interfaces/interfaces/msg/detail/ultrasonic__type_support.h
[10.376s] -- Up-to-date: /home/pi/estelle/autocab/raspberryPI3/ros2_ws/install/interfaces/include/interfaces/interfaces/msg/detail/system_check__functions.c
[10.377s] -- Up-to-date: /home/pi/estelle/autocab/raspberryPI3/ros2_ws/install/interfaces/include/interfaces/interfaces/msg/detail/motors_order__functions.c
[10.378s] -- Up-to-date: /home/pi/estelle/autocab/raspberryPI3/ros2_ws/install/interfaces/include/interfaces/interfaces/msg/detail/joystick_order__functions.h
[10.379s] -- Up-to-date: /home/pi/estelle/autocab/raspberryPI3/ros2_ws/install/interfaces/include/interfaces/interfaces/msg/detail/motors_feedback__type_support.h
[10.390s] -- Up-to-date: /home/pi/estelle/autocab/raspberryPI3/ros2_ws/install/interfaces/include/interfaces/interfaces/msg/detail/gnss__functions.c
[10.392s] -- Up-to-date: /home/pi/estelle/autocab/raspberryPI3/ros2_ws/install/interfaces/include/interfaces/interfaces/msg/detail/steering_calibration__functions.h
[10.393s] -- Up-to-date: /home/pi/estelle/autocab/raspberryPI3/ros2_ws/install/interfaces/include/interfaces/interfaces/msg/detail/system_check__functions.h
[10.395s] -- Up-to-date: /home/pi/estelle/autocab/raspberryPI3/ros2_ws/install/interfaces/include/interfaces/interfaces/msg/detail/ultrasonic__struct.h
[10.396s] -- Up-to-date: /home/pi/estelle/autocab/raspberryPI3/ros2_ws/install/interfaces/include/interfaces/interfaces/msg/detail/steering_calibration__type_support.h
[10.401s] -- Up-to-date: /home/pi/estelle/autocab/raspberryPI3/ros2_ws/install/interfaces/include/interfaces/interfaces/msg/detail/system_check__type_support.h
[10.403s] -- Up-to-date: /home/pi/estelle/autocab/raspberryPI3/ros2_ws/install/interfaces/include/interfaces/interfaces/msg/detail/ultrasonic__functions.h
[10.414s] -- Up-to-date: /home/pi/estelle/autocab/raspberryPI3/ros2_ws/install/interfaces/include/interfaces/interfaces/msg/detail/steering_calibration__struct.h
[10.416s] -- Up-to-date: /home/pi/estelle/autocab/raspberryPI3/ros2_ws/install/interfaces/include/interfaces/interfaces/msg/detail/motors_order__struct.h
[10.417s] -- Up-to-date: /home/pi/estelle/autocab/raspberryPI3/ros2_ws/install/interfaces/include/interfaces/interfaces/msg/detail/gnss__type_support.h
[10.419s] -- Up-to-date: /home/pi/estelle/autocab/raspberryPI3/ros2_ws/install/interfaces/include/interfaces/interfaces/msg/detail/motors_feedback__struct.h
[10.429s] -- Up-to-date: /home/pi/estelle/autocab/raspberryPI3/ros2_ws/install/interfaces/include/interfaces/interfaces/msg/general_data.h
[10.431s] -- Up-to-date: /home/pi/estelle/autocab/raspberryPI3/ros2_ws/install/interfaces/include/interfaces/interfaces/msg/motors_feedback.h
[10.435s] -- Up-to-date: /home/pi/estelle/autocab/raspberryPI3/ros2_ws/install/interfaces/share/interfaces/environment/library_path.sh
[10.436s] -- Up-to-date: /home/pi/estelle/autocab/raspberryPI3/ros2_ws/install/interfaces/share/interfaces/environment/library_path.dsv
[10.438s] -- Up-to-date: /home/pi/estelle/autocab/raspberryPI3/ros2_ws/install/interfaces/lib/libinterfaces__rosidl_generator_c.so
[10.439s] -- Up-to-date: /home/pi/estelle/autocab/raspberryPI3/ros2_ws/install/interfaces/include/interfaces/interfaces
[10.450s] -- Up-to-date: /home/pi/estelle/autocab/raspberryPI3/ros2_ws/install/interfaces/include/interfaces/interfaces/msg
[10.451s] -- Up-to-date: /home/pi/estelle/autocab/raspberryPI3/ros2_ws/install/interfaces/include/interfaces/interfaces/msg/rosidl_typesupport_fastrtps_c__visibility_control.h
[10.452s] -- Up-to-date: /home/pi/estelle/autocab/raspberryPI3/ros2_ws/install/interfaces/include/interfaces/interfaces/msg/detail
[10.454s] -- Up-to-date: /home/pi/estelle/autocab/raspberryPI3/ros2_ws/install/interfaces/include/interfaces/interfaces/msg/detail/steering_calibration__rosidl_typesupport_fastrtps_c.h
[10.455s] -- Up-to-date: /home/pi/estelle/autocab/raspberryPI3/ros2_ws/install/interfaces/include/interfaces/interfaces/msg/detail/joystick_order__rosidl_typesupport_fastrtps_c.h
[10.456s] -- Up-to-date: /home/pi/estelle/autocab/raspberryPI3/ros2_ws/install/interfaces/include/interfaces/interfaces/msg/detail/gnss__rosidl_typesupport_fastrtps_c.h
[10.457s] -- Up-to-date: /home/pi/estelle/autocab/raspberryPI3/ros2_ws/install/interfaces/include/interfaces/interfaces/msg/detail/motors_order__rosidl_typesupport_fastrtps_c.h
[10.459s] -- Up-to-date: /home/pi/estelle/autocab/raspberryPI3/ros2_ws/install/interfaces/include/interfaces/interfaces/msg/detail/ultrasonic__rosidl_typesupport_fastrtps_c.h
[10.471s] -- Up-to-date: /home/pi/estelle/autocab/raspberryPI3/ros2_ws/install/interfaces/include/interfaces/interfaces/msg/detail/motors_feedback__rosidl_typesupport_fastrtps_c.h
[10.472s] -- Up-to-date: /home/pi/estelle/autocab/raspberryPI3/ros2_ws/install/interfaces/include/interfaces/interfaces/msg/detail/general_data__rosidl_typesupport_fastrtps_c.h
[10.474s] -- Up-to-date: /home/pi/estelle/autocab/raspberryPI3/ros2_ws/install/interfaces/include/interfaces/interfaces/msg/detail/system_check__rosidl_typesupport_fastrtps_c.h
[10.475s] -- Up-to-date: /home/pi/estelle/autocab/raspberryPI3/ros2_ws/install/interfaces/lib/libinterfaces__rosidl_typesupport_fastrtps_c.so
[10.477s] -- Up-to-date: /home/pi/estelle/autocab/raspberryPI3/ros2_ws/install/interfaces/include/interfaces/interfaces
[10.489s] -- Up-to-date: /home/pi/estelle/autocab/raspberryPI3/ros2_ws/install/interfaces/include/interfaces/interfaces/msg
[10.491s] -- Up-to-date: /home/pi/estelle/autocab/raspberryPI3/ros2_ws/install/interfaces/include/interfaces/interfaces/msg/motors_order.hpp
[10.492s] -- Up-to-date: /home/pi/estelle/autocab/raspberryPI3/ros2_ws/install/interfaces/include/interfaces/interfaces/msg/gnss.hpp
[10.493s] -- Up-to-date: /home/pi/estelle/autocab/raspberryPI3/ros2_ws/install/interfaces/include/interfaces/interfaces/msg/motors_feedback.hpp
[10.494s] -- Up-to-date: /home/pi/estelle/autocab/raspberryPI3/ros2_ws/install/interfaces/include/interfaces/interfaces/msg/ultrasonic.hpp
[10.495s] -- Up-to-date: /home/pi/estelle/autocab/raspberryPI3/ros2_ws/install/interfaces/include/interfaces/interfaces/msg/steering_calibration.hpp
[10.496s] -- Up-to-date: /home/pi/estelle/autocab/raspberryPI3/ros2_ws/install/interfaces/include/interfaces/interfaces/msg/detail
[10.498s] -- Up-to-date: /home/pi/estelle/autocab/raspberryPI3/ros2_ws/install/interfaces/include/interfaces/interfaces/msg/detail/motors_feedback__builder.hpp
[10.499s] -- Up-to-date: /home/pi/estelle/autocab/raspberryPI3/ros2_ws/install/interfaces/include/interfaces/interfaces/msg/detail/general_data__traits.hpp
[10.508s] -- Up-to-date: /home/pi/estelle/autocab/raspberryPI3/ros2_ws/install/interfaces/include/interfaces/interfaces/msg/detail/motors_feedback__struct.hpp
[10.509s] -- Up-to-date: /home/pi/estelle/autocab/raspberryPI3/ros2_ws/install/interfaces/include/interfaces/interfaces/msg/detail/joystick_order__traits.hpp
[10.512s] -- Up-to-date: /home/pi/estelle/autocab/raspberryPI3/ros2_ws/install/interfaces/include/interfaces/interfaces/msg/detail/system_check__struct.hpp
[10.522s] -- Up-to-date: /home/pi/estelle/autocab/raspberryPI3/ros2_ws/install/interfaces/include/interfaces/interfaces/msg/detail/ultrasonic__builder.hpp
[10.524s] -- Up-to-date: /home/pi/estelle/autocab/raspberryPI3/ros2_ws/install/interfaces/include/interfaces/interfaces/msg/detail/ultrasonic__struct.hpp
[10.525s] -- Up-to-date: /home/pi/estelle/autocab/raspberryPI3/ros2_ws/install/interfaces/include/interfaces/interfaces/msg/detail/joystick_order__builder.hpp
[10.526s] -- Up-to-date: /home/pi/estelle/autocab/raspberryPI3/ros2_ws/install/interfaces/include/interfaces/interfaces/msg/detail/steering_calibration__struct.hpp
[10.527s] -- Up-to-date: /home/pi/estelle/autocab/raspberryPI3/ros2_ws/install/interfaces/include/interfaces/interfaces/msg/detail/steering_calibration__traits.hpp
[10.529s] -- Up-to-date: /home/pi/estelle/autocab/raspberryPI3/ros2_ws/install/interfaces/include/interfaces/interfaces/msg/detail/motors_order__struct.hpp
[10.531s] -- Up-to-date: /home/pi/estelle/autocab/raspberryPI3/ros2_ws/install/interfaces/include/interfaces/interfaces/msg/detail/gnss__builder.hpp
[10.532s] -- Up-to-date: /home/pi/estelle/autocab/raspberryPI3/ros2_ws/install/interfaces/include/interfaces/interfaces/msg/detail/general_data__builder.hpp
[10.535s] -- Up-to-date: /home/pi/estelle/autocab/raspberryPI3/ros2_ws/install/interfaces/include/interfaces/interfaces/msg/detail/motors_feedback__traits.hpp
[10.537s] -- Up-to-date: /home/pi/estelle/autocab/raspberryPI3/ros2_ws/install/interfaces/include/interfaces/interfaces/msg/detail/motors_order__builder.hpp
[10.538s] -- Up-to-date: /home/pi/estelle/autocab/raspberryPI3/ros2_ws/install/interfaces/include/interfaces/interfaces/msg/detail/joystick_order__struct.hpp
[10.539s] -- Up-to-date: /home/pi/estelle/autocab/raspberryPI3/ros2_ws/install/interfaces/include/interfaces/interfaces/msg/detail/motors_order__traits.hpp
[10.542s] -- Up-to-date: /home/pi/estelle/autocab/raspberryPI3/ros2_ws/install/interfaces/include/interfaces/interfaces/msg/detail/gnss__struct.hpp
[10.543s] -- Up-to-date: /home/pi/estelle/autocab/raspberryPI3/ros2_ws/install/interfaces/include/interfaces/interfaces/msg/detail/ultrasonic__traits.hpp
[10.544s] -- Up-to-date: /home/pi/estelle/autocab/raspberryPI3/ros2_ws/install/interfaces/include/interfaces/interfaces/msg/detail/system_check__traits.hpp
[10.546s] -- Up-to-date: /home/pi/estelle/autocab/raspberryPI3/ros2_ws/install/interfaces/include/interfaces/interfaces/msg/detail/steering_calibration__builder.hpp
[10.552s] -- Up-to-date: /home/pi/estelle/autocab/raspberryPI3/ros2_ws/install/interfaces/include/interfaces/interfaces/msg/detail/system_check__builder.hpp
[10.556s] -- Up-to-date: /home/pi/estelle/autocab/raspberryPI3/ros2_ws/install/interfaces/include/interfaces/interfaces/msg/detail/general_data__struct.hpp
[10.559s] -- Up-to-date: /home/pi/estelle/autocab/raspberryPI3/ros2_ws/install/interfaces/include/interfaces/interfaces/msg/detail/gnss__traits.hpp
[10.561s] -- Up-to-date: /home/pi/estelle/autocab/raspberryPI3/ros2_ws/install/interfaces/include/interfaces/interfaces/msg/joystick_order.hpp
[10.570s] -- Up-to-date: /home/pi/estelle/autocab/raspberryPI3/ros2_ws/install/interfaces/include/interfaces/interfaces/msg/system_check.hpp
[10.571s] -- Up-to-date: /home/pi/estelle/autocab/raspberryPI3/ros2_ws/install/interfaces/include/interfaces/interfaces/msg/general_data.hpp
[10.574s] -- Up-to-date: /home/pi/estelle/autocab/raspberryPI3/ros2_ws/install/interfaces/include/interfaces/interfaces
[10.575s] -- Up-to-date: /home/pi/estelle/autocab/raspberryPI3/ros2_ws/install/interfaces/include/interfaces/interfaces/msg
[10.576s] -- Up-to-date: /home/pi/estelle/autocab/raspberryPI3/ros2_ws/install/interfaces/include/interfaces/interfaces/msg/rosidl_typesupport_fastrtps_cpp__visibility_control.h
[10.581s] -- Up-to-date: /home/pi/estelle/autocab/raspberryPI3/ros2_ws/install/interfaces/include/interfaces/interfaces/msg/detail
[10.588s] -- Up-to-date: /home/pi/estelle/autocab/raspberryPI3/ros2_ws/install/interfaces/include/interfaces/interfaces/msg/detail/dds_fastrtps
[10.590s] -- Up-to-date: /home/pi/estelle/autocab/raspberryPI3/ros2_ws/install/interfaces/include/interfaces/interfaces/msg/detail/ultrasonic__rosidl_typesupport_fastrtps_cpp.hpp
[10.591s] -- Up-to-date: /home/pi/estelle/autocab/raspberryPI3/ros2_ws/install/interfaces/include/interfaces/interfaces/msg/detail/motors_order__rosidl_typesupport_fastrtps_cpp.hpp
[10.598s] -- Up-to-date: /home/pi/estelle/autocab/raspberryPI3/ros2_ws/install/interfaces/include/interfaces/interfaces/msg/detail/general_data__rosidl_typesupport_fastrtps_cpp.hpp
[10.599s] -- Up-to-date: /home/pi/estelle/autocab/raspberryPI3/ros2_ws/install/interfaces/include/interfaces/interfaces/msg/detail/system_check__rosidl_typesupport_fastrtps_cpp.hpp
[10.602s] -- Up-to-date: /home/pi/estelle/autocab/raspberryPI3/ros2_ws/install/interfaces/include/interfaces/interfaces/msg/detail/steering_calibration__rosidl_typesupport_fastrtps_cpp.hpp
[10.607s] -- Up-to-date: /home/pi/estelle/autocab/raspberryPI3/ros2_ws/install/interfaces/include/interfaces/interfaces/msg/detail/motors_feedback__rosidl_typesupport_fastrtps_cpp.hpp
[10.608s] -- Up-to-date: /home/pi/estelle/autocab/raspberryPI3/ros2_ws/install/interfaces/include/interfaces/interfaces/msg/detail/joystick_order__rosidl_typesupport_fastrtps_cpp.hpp
[10.614s] -- Up-to-date: /home/pi/estelle/autocab/raspberryPI3/ros2_ws/install/interfaces/include/interfaces/interfaces/msg/detail/gnss__rosidl_typesupport_fastrtps_cpp.hpp
[10.615s] -- Up-to-date: /home/pi/estelle/autocab/raspberryPI3/ros2_ws/install/interfaces/lib/libinterfaces__rosidl_typesupport_fastrtps_cpp.so
[10.618s] -- Up-to-date: /home/pi/estelle/autocab/raspberryPI3/ros2_ws/install/interfaces/include/interfaces/interfaces
[10.620s] -- Up-to-date: /home/pi/estelle/autocab/raspberryPI3/ros2_ws/install/interfaces/include/interfaces/interfaces/msg
[10.621s] -- Up-to-date: /home/pi/estelle/autocab/raspberryPI3/ros2_ws/install/interfaces/include/interfaces/interfaces/msg/rosidl_typesupport_introspection_c__visibility_control.h
[10.622s] -- Up-to-date: /home/pi/estelle/autocab/raspberryPI3/ros2_ws/install/interfaces/include/interfaces/interfaces/msg/detail
[10.624s] -- Up-to-date: /home/pi/estelle/autocab/raspberryPI3/ros2_ws/install/interfaces/include/interfaces/interfaces/msg/detail/gnss__rosidl_typesupport_introspection_c.h
[10.625s] -- Up-to-date: /home/pi/estelle/autocab/raspberryPI3/ros2_ws/install/interfaces/include/interfaces/interfaces/msg/detail/general_data__type_support.c
[10.626s] -- Up-to-date: /home/pi/estelle/autocab/raspberryPI3/ros2_ws/install/interfaces/include/interfaces/interfaces/msg/detail/gnss__type_support.c
[10.627s] -- Up-to-date: /home/pi/estelle/autocab/raspberryPI3/ros2_ws/install/interfaces/include/interfaces/interfaces/msg/detail/motors_order__type_support.c
[10.629s] -- Up-to-date: /home/pi/estelle/autocab/raspberryPI3/ros2_ws/install/interfaces/include/interfaces/interfaces/msg/detail/motors_order__rosidl_typesupport_introspection_c.h
[10.630s] -- Up-to-date: /home/pi/estelle/autocab/raspberryPI3/ros2_ws/install/interfaces/include/interfaces/interfaces/msg/detail/system_check__type_support.c
[10.631s] -- Up-to-date: /home/pi/estelle/autocab/raspberryPI3/ros2_ws/install/interfaces/include/interfaces/interfaces/msg/detail/motors_feedback__type_support.c
[10.632s] -- Up-to-date: /home/pi/estelle/autocab/raspberryPI3/ros2_ws/install/interfaces/include/interfaces/interfaces/msg/detail/joystick_order__type_support.c
[10.633s] -- Up-to-date: /home/pi/estelle/autocab/raspberryPI3/ros2_ws/install/interfaces/include/interfaces/interfaces/msg/detail/steering_calibration__rosidl_typesupport_introspection_c.h
[10.637s] -- Up-to-date: /home/pi/estelle/autocab/raspberryPI3/ros2_ws/install/interfaces/include/interfaces/interfaces/msg/detail/ultrasonic__rosidl_typesupport_introspection_c.h
[10.638s] -- Up-to-date: /home/pi/estelle/autocab/raspberryPI3/ros2_ws/install/interfaces/include/interfaces/interfaces/msg/detail/system_check__rosidl_typesupport_introspection_c.h
[10.640s] -- Up-to-date: /home/pi/estelle/autocab/raspberryPI3/ros2_ws/install/interfaces/include/interfaces/interfaces/msg/detail/steering_calibration__type_support.c
[10.641s] -- Up-to-date: /home/pi/estelle/autocab/raspberryPI3/ros2_ws/install/interfaces/include/interfaces/interfaces/msg/detail/ultrasonic__type_support.c
[10.643s] -- Up-to-date: /home/pi/estelle/autocab/raspberryPI3/ros2_ws/install/interfaces/include/interfaces/interfaces/msg/detail/general_data__rosidl_typesupport_introspection_c.h
[10.644s] -- Up-to-date: /home/pi/estelle/autocab/raspberryPI3/ros2_ws/install/interfaces/include/interfaces/interfaces/msg/detail/joystick_order__rosidl_typesupport_introspection_c.h
[10.645s] -- Up-to-date: /home/pi/estelle/autocab/raspberryPI3/ros2_ws/install/interfaces/include/interfaces/interfaces/msg/detail/motors_feedback__rosidl_typesupport_introspection_c.h
[10.646s] -- Up-to-date: /home/pi/estelle/autocab/raspberryPI3/ros2_ws/install/interfaces/lib/libinterfaces__rosidl_typesupport_introspection_c.so
[10.647s] -- Up-to-date: /home/pi/estelle/autocab/raspberryPI3/ros2_ws/install/interfaces/lib/libinterfaces__rosidl_typesupport_c.so
[10.648s] -- Up-to-date: /home/pi/estelle/autocab/raspberryPI3/ros2_ws/install/interfaces/include/interfaces/interfaces
[10.650s] -- Up-to-date: /home/pi/estelle/autocab/raspberryPI3/ros2_ws/install/interfaces/include/interfaces/interfaces/msg
[10.651s] -- Up-to-date: /home/pi/estelle/autocab/raspberryPI3/ros2_ws/install/interfaces/include/interfaces/interfaces/msg/detail
[10.652s] -- Up-to-date: /home/pi/estelle/autocab/raspberryPI3/ros2_ws/install/interfaces/include/interfaces/interfaces/msg/detail/general_data__rosidl_typesupport_introspection_cpp.hpp
[10.654s] -- Up-to-date: /home/pi/estelle/autocab/raspberryPI3/ros2_ws/install/interfaces/include/interfaces/interfaces/msg/detail/joystick_order__type_support.cpp
[10.655s] -- Up-to-date: /home/pi/estelle/autocab/raspberryPI3/ros2_ws/install/interfaces/include/interfaces/interfaces/msg/detail/general_data__type_support.cpp
[10.656s] -- Up-to-date: /home/pi/estelle/autocab/raspberryPI3/ros2_ws/install/interfaces/include/interfaces/interfaces/msg/detail/ultrasonic__rosidl_typesupport_introspection_cpp.hpp
[10.658s] -- Up-to-date: /home/pi/estelle/autocab/raspberryPI3/ros2_ws/install/interfaces/include/interfaces/interfaces/msg/detail/motors_order__type_support.cpp
[10.659s] -- Up-to-date: /home/pi/estelle/autocab/raspberryPI3/ros2_ws/install/interfaces/include/interfaces/interfaces/msg/detail/motors_feedback__rosidl_typesupport_introspection_cpp.hpp
[10.661s] -- Up-to-date: /home/pi/estelle/autocab/raspberryPI3/ros2_ws/install/interfaces/include/interfaces/interfaces/msg/detail/system_check__rosidl_typesupport_introspection_cpp.hpp
[10.662s] -- Up-to-date: /home/pi/estelle/autocab/raspberryPI3/ros2_ws/install/interfaces/include/interfaces/interfaces/msg/detail/joystick_order__rosidl_typesupport_introspection_cpp.hpp
[10.663s] -- Up-to-date: /home/pi/estelle/autocab/raspberryPI3/ros2_ws/install/interfaces/include/interfaces/interfaces/msg/detail/ultrasonic__type_support.cpp
[10.664s] -- Up-to-date: /home/pi/estelle/autocab/raspberryPI3/ros2_ws/install/interfaces/include/interfaces/interfaces/msg/detail/gnss__type_support.cpp
[10.666s] -- Up-to-date: /home/pi/estelle/autocab/raspberryPI3/ros2_ws/install/interfaces/include/interfaces/interfaces/msg/detail/motors_order__rosidl_typesupport_introspection_cpp.hpp
[10.667s] -- Up-to-date: /home/pi/estelle/autocab/raspberryPI3/ros2_ws/install/interfaces/include/interfaces/interfaces/msg/detail/motors_feedback__type_support.cpp
[10.668s] -- Up-to-date: /home/pi/estelle/autocab/raspberryPI3/ros2_ws/install/interfaces/include/interfaces/interfaces/msg/detail/gnss__rosidl_typesupport_introspection_cpp.hpp
[10.670s] -- Up-to-date: /home/pi/estelle/autocab/raspberryPI3/ros2_ws/install/interfaces/include/interfaces/interfaces/msg/detail/system_check__type_support.cpp
[10.671s] -- Up-to-date: /home/pi/estelle/autocab/raspberryPI3/ros2_ws/install/interfaces/include/interfaces/interfaces/msg/detail/steering_calibration__type_support.cpp
[10.672s] -- Up-to-date: /home/pi/estelle/autocab/raspberryPI3/ros2_ws/install/interfaces/include/interfaces/interfaces/msg/detail/steering_calibration__rosidl_typesupport_introspection_cpp.hpp
[10.674s] -- Up-to-date: /home/pi/estelle/autocab/raspberryPI3/ros2_ws/install/interfaces/lib/libinterfaces__rosidl_typesupport_introspection_cpp.so
[10.675s] -- Up-to-date: /home/pi/estelle/autocab/raspberryPI3/ros2_ws/install/interfaces/lib/libinterfaces__rosidl_typesupport_cpp.so
[10.676s] -- Up-to-date: /home/pi/estelle/autocab/raspberryPI3/ros2_ws/install/interfaces/share/interfaces/environment/pythonpath.sh
[10.677s] -- Up-to-date: /home/pi/estelle/autocab/raspberryPI3/ros2_ws/install/interfaces/share/interfaces/environment/pythonpath.dsv
[10.678s] -- Up-to-date: /home/pi/estelle/autocab/raspberryPI3/ros2_ws/install/interfaces/local/lib/python3.10/dist-packages/interfaces-0.0.0-py3.10.egg-info
[10.680s] -- Installing: /home/pi/estelle/autocab/raspberryPI3/ros2_ws/install/interfaces/local/lib/python3.10/dist-packages/interfaces-0.0.0-py3.10.egg-info/dependency_links.txt
[10.681s] -- Installing: /home/pi/estelle/autocab/raspberryPI3/ros2_ws/install/interfaces/local/lib/python3.10/dist-packages/interfaces-0.0.0-py3.10.egg-info/PKG-INFO
[10.682s] -- Installing: /home/pi/estelle/autocab/raspberryPI3/ros2_ws/install/interfaces/local/lib/python3.10/dist-packages/interfaces-0.0.0-py3.10.egg-info/top_level.txt
[10.683s] -- Installing: /home/pi/estelle/autocab/raspberryPI3/ros2_ws/install/interfaces/local/lib/python3.10/dist-packages/interfaces-0.0.0-py3.10.egg-info/SOURCES.txt
[10.684s] -- Up-to-date: /home/pi/estelle/autocab/raspberryPI3/ros2_ws/install/interfaces/local/lib/python3.10/dist-packages/interfaces
[10.686s] -- Up-to-date: /home/pi/estelle/autocab/raspberryPI3/ros2_ws/install/interfaces/local/lib/python3.10/dist-packages/interfaces/_interfaces_s.ep.rosidl_typesupport_c.c
[10.687s] -- Up-to-date: /home/pi/estelle/autocab/raspberryPI3/ros2_ws/install/interfaces/local/lib/python3.10/dist-packages/interfaces/interfaces_s__rosidl_typesupport_fastrtps_c.cpython-310-aarch64-linux-gnu.so
[10.688s] -- Up-to-date: /home/pi/estelle/autocab/raspberryPI3/ros2_ws/install/interfaces/local/lib/python3.10/dist-packages/interfaces/libinterfaces__rosidl_generator_py.so
[10.689s] -- Up-to-date: /home/pi/estelle/autocab/raspberryPI3/ros2_ws/install/interfaces/local/lib/python3.10/dist-packages/interfaces/_interfaces_s.ep.rosidl_typesupport_fastrtps_c.c
[10.690s] -- Up-to-date: /home/pi/estelle/autocab/raspberryPI3/ros2_ws/install/interfaces/local/lib/python3.10/dist-packages/interfaces/__init__.py
[10.691s] -- Up-to-date: /home/pi/estelle/autocab/raspberryPI3/ros2_ws/install/interfaces/local/lib/python3.10/dist-packages/interfaces/_interfaces_s.ep.rosidl_typesupport_introspection_c.c
[10.693s] -- Up-to-date: /home/pi/estelle/autocab/raspberryPI3/ros2_ws/install/interfaces/local/lib/python3.10/dist-packages/interfaces/interfaces_s__rosidl_typesupport_c.cpython-310-aarch64-linux-gnu.so
[10.694s] -- Up-to-date: /home/pi/estelle/autocab/raspberryPI3/ros2_ws/install/interfaces/local/lib/python3.10/dist-packages/interfaces/msg
[10.695s] -- Up-to-date: /home/pi/estelle/autocab/raspberryPI3/ros2_ws/install/interfaces/local/lib/python3.10/dist-packages/interfaces/msg/_joystick_order.py
[10.696s] -- Up-to-date: /home/pi/estelle/autocab/raspberryPI3/ros2_ws/install/interfaces/local/lib/python3.10/dist-packages/interfaces/msg/_system_check_s.c
[10.698s] -- Up-to-date: /home/pi/estelle/autocab/raspberryPI3/ros2_ws/install/interfaces/local/lib/python3.10/dist-packages/interfaces/msg/_joystick_order_s.c
[10.699s] -- Up-to-date: /home/pi/estelle/autocab/raspberryPI3/ros2_ws/install/interfaces/local/lib/python3.10/dist-packages/interfaces/msg/_steering_calibration.py
[10.700s] -- Up-to-date: /home/pi/estelle/autocab/raspberryPI3/ros2_ws/install/interfaces/local/lib/python3.10/dist-packages/interfaces/msg/_ultrasonic.py
[10.702s] -- Up-to-date: /home/pi/estelle/autocab/raspberryPI3/ros2_ws/install/interfaces/local/lib/python3.10/dist-packages/interfaces/msg/_motors_feedback_s.c
[10.703s] -- Up-to-date: /home/pi/estelle/autocab/raspberryPI3/ros2_ws/install/interfaces/local/lib/python3.10/dist-packages/interfaces/msg/__init__.py
[10.704s] -- Up-to-date: /home/pi/estelle/autocab/raspberryPI3/ros2_ws/install/interfaces/local/lib/python3.10/dist-packages/interfaces/msg/_general_data.py
[10.705s] -- Up-to-date: /home/pi/estelle/autocab/raspberryPI3/ros2_ws/install/interfaces/local/lib/python3.10/dist-packages/interfaces/msg/_general_data_s.c
[10.706s] -- Up-to-date: /home/pi/estelle/autocab/raspberryPI3/ros2_ws/install/interfaces/local/lib/python3.10/dist-packages/interfaces/msg/_gnss.py
[10.707s] -- Up-to-date: /home/pi/estelle/autocab/raspberryPI3/ros2_ws/install/interfaces/local/lib/python3.10/dist-packages/interfaces/msg/_motors_order_s.c
[10.709s] -- Up-to-date: /home/pi/estelle/autocab/raspberryPI3/ros2_ws/install/interfaces/local/lib/python3.10/dist-packages/interfaces/msg/_steering_calibration_s.c
[10.710s] -- Up-to-date: /home/pi/estelle/autocab/raspberryPI3/ros2_ws/install/interfaces/local/lib/python3.10/dist-packages/interfaces/msg/_gnss_s.c
[10.711s] -- Up-to-date: /home/pi/estelle/autocab/raspberryPI3/ros2_ws/install/interfaces/local/lib/python3.10/dist-packages/interfaces/msg/_system_check.py
[10.712s] -- Up-to-date: /home/pi/estelle/autocab/raspberryPI3/ros2_ws/install/interfaces/local/lib/python3.10/dist-packages/interfaces/msg/_motors_order.py
[10.713s] -- Up-to-date: /home/pi/estelle/autocab/raspberryPI3/ros2_ws/install/interfaces/local/lib/python3.10/dist-packages/interfaces/msg/_motors_feedback.py
[10.714s] -- Up-to-date: /home/pi/estelle/autocab/raspberryPI3/ros2_ws/install/interfaces/local/lib/python3.10/dist-packages/interfaces/msg/_ultrasonic_s.c
[10.715s] -- Up-to-date: /home/pi/estelle/autocab/raspberryPI3/ros2_ws/install/interfaces/local/lib/python3.10/dist-packages/interfaces/interfaces_s__rosidl_typesupport_introspection_c.cpython-310-aarch64-linux-gnu.so
[11.072s] Listing '/home/pi/estelle/autocab/raspberryPI3/ros2_ws/install/interfaces/local/lib/python3.10/dist-packages/interfaces'...
[11.075s] Listing '/home/pi/estelle/autocab/raspberryPI3/ros2_ws/install/interfaces/local/lib/python3.10/dist-packages/interfaces/msg'...
[11.124s] -- Up-to-date: /home/pi/estelle/autocab/raspberryPI3/ros2_ws/install/interfaces/local/lib/python3.10/dist-packages/interfaces/interfaces_s__rosidl_typesupport_fastrtps_c.cpython-310-aarch64-linux-gnu.so
[11.132s] -- Up-to-date: /home/pi/estelle/autocab/raspberryPI3/ros2_ws/install/interfaces/local/lib/python3.10/dist-packages/interfaces/interfaces_s__rosidl_typesupport_introspection_c.cpython-310-aarch64-linux-gnu.so
[11.139s] -- Up-to-date: /home/pi/estelle/autocab/raspberryPI3/ros2_ws/install/interfaces/local/lib/python3.10/dist-packages/interfaces/interfaces_s__rosidl_typesupport_c.cpython-310-aarch64-linux-gnu.so
[11.152s] -- Up-to-date: /home/pi/estelle/autocab/raspberryPI3/ros2_ws/install/interfaces/lib/libinterfaces__rosidl_generator_py.so
[11.158s] -- Up-to-date: /home/pi/estelle/autocab/raspberryPI3/ros2_ws/install/interfaces/share/interfaces/msg/JoystickOrder.idl
[11.162s] -- Up-to-date: /home/pi/estelle/autocab/raspberryPI3/ros2_ws/install/interfaces/share/interfaces/msg/MotorsOrder.idl
[11.165s] -- Up-to-date: /home/pi/estelle/autocab/raspberryPI3/ros2_ws/install/interfaces/share/interfaces/msg/MotorsFeedback.idl
[11.168s] -- Up-to-date: /home/pi/estelle/autocab/raspberryPI3/ros2_ws/install/interfaces/share/interfaces/msg/GeneralData.idl
[11.172s] -- Up-to-date: /home/pi/estelle/autocab/raspberryPI3/ros2_ws/install/interfaces/share/interfaces/msg/SteeringCalibration.idl
[11.176s] -- Up-to-date: /home/pi/estelle/autocab/raspberryPI3/ros2_ws/install/interfaces/share/interfaces/msg/Ultrasonic.idl
[11.179s] -- Up-to-date: /home/pi/estelle/autocab/raspberryPI3/ros2_ws/install/interfaces/share/interfaces/msg/Gnss.idl
[11.183s] -- Up-to-date: /home/pi/estelle/autocab/raspberryPI3/ros2_ws/install/interfaces/share/interfaces/msg/SystemCheck.idl
[11.186s] -- Up-to-date: /home/pi/estelle/autocab/raspberryPI3/ros2_ws/install/interfaces/share/interfaces/msg/JoystickOrder.msg
[11.190s] -- Up-to-date: /home/pi/estelle/autocab/raspberryPI3/ros2_ws/install/interfaces/share/interfaces/msg/MotorsOrder.msg
[11.193s] -- Up-to-date: /home/pi/estelle/autocab/raspberryPI3/ros2_ws/install/interfaces/share/interfaces/msg/MotorsFeedback.msg
[11.196s] -- Up-to-date: /home/pi/estelle/autocab/raspberryPI3/ros2_ws/install/interfaces/share/interfaces/msg/GeneralData.msg
[11.200s] -- Up-to-date: /home/pi/estelle/autocab/raspberryPI3/ros2_ws/install/interfaces/share/interfaces/msg/SteeringCalibration.msg
[11.202s] -- Up-to-date: /home/pi/estelle/autocab/raspberryPI3/ros2_ws/install/interfaces/share/interfaces/msg/Ultrasonic.msg
[11.206s] -- Up-to-date: /home/pi/estelle/autocab/raspberryPI3/ros2_ws/install/interfaces/share/interfaces/msg/Gnss.msg
[11.209s] -- Up-to-date: /home/pi/estelle/autocab/raspberryPI3/ros2_ws/install/interfaces/share/interfaces/msg/SystemCheck.msg
[11.213s] -- Up-to-date: /home/pi/estelle/autocab/raspberryPI3/ros2_ws/install/interfaces/share/ament_index/resource_index/package_run_dependencies/interfaces
[11.216s] -- Up-to-date: /home/pi/estelle/autocab/raspberryPI3/ros2_ws/install/interfaces/share/ament_index/resource_index/parent_prefix_path/interfaces
[11.220s] -- Up-to-date: /home/pi/estelle/autocab/raspberryPI3/ros2_ws/install/interfaces/share/interfaces/environment/ament_prefix_path.sh
[11.224s] -- Up-to-date: /home/pi/estelle/autocab/raspberryPI3/ros2_ws/install/interfaces/share/interfaces/environment/ament_prefix_path.dsv
[11.227s] -- Up-to-date: /home/pi/estelle/autocab/raspberryPI3/ros2_ws/install/interfaces/share/interfaces/environment/path.sh
[11.231s] -- Up-to-date: /home/pi/estelle/autocab/raspberryPI3/ros2_ws/install/interfaces/share/interfaces/environment/path.dsv
[11.236s] -- Up-to-date: /home/pi/estelle/autocab/raspberryPI3/ros2_ws/install/interfaces/share/interfaces/local_setup.bash
[11.239s] -- Up-to-date: /home/pi/estelle/autocab/raspberryPI3/ros2_ws/install/interfaces/share/interfaces/local_setup.sh
[11.242s] -- Up-to-date: /home/pi/estelle/autocab/raspberryPI3/ros2_ws/install/interfaces/share/interfaces/local_setup.zsh
[11.248s] -- Up-to-date: /home/pi/estelle/autocab/raspberryPI3/ros2_ws/install/interfaces/share/interfaces/local_setup.dsv
[11.250s] -- Installing: /home/pi/estelle/autocab/raspberryPI3/ros2_ws/install/interfaces/share/interfaces/package.dsv
[11.268s] -- Up-to-date: /home/pi/estelle/autocab/raspberryPI3/ros2_ws/install/interfaces/share/ament_index/resource_index/packages/interfaces
[11.270s] -- Up-to-date: /home/pi/estelle/autocab/raspberryPI3/ros2_ws/install/interfaces/share/interfaces/cmake/export_interfaces__rosidl_generator_cExport.cmake
[11.272s] -- Up-to-date: /home/pi/estelle/autocab/raspberryPI3/ros2_ws/install/interfaces/share/interfaces/cmake/export_interfaces__rosidl_generator_cExport-noconfig.cmake
[11.275s] -- Up-to-date: /home/pi/estelle/autocab/raspberryPI3/ros2_ws/install/interfaces/share/interfaces/cmake/export_interfaces__rosidl_typesupport_fastrtps_cExport.cmake
[11.278s] -- Up-to-date: /home/pi/estelle/autocab/raspberryPI3/ros2_ws/install/interfaces/share/interfaces/cmake/export_interfaces__rosidl_typesupport_fastrtps_cExport-noconfig.cmake
[11.282s] -- Up-to-date: /home/pi/estelle/autocab/raspberryPI3/ros2_ws/install/interfaces/share/interfaces/cmake/export_interfaces__rosidl_generator_cppExport.cmake
[11.287s] -- Up-to-date: /home/pi/estelle/autocab/raspberryPI3/ros2_ws/install/interfaces/share/interfaces/cmake/export_interfaces__rosidl_typesupport_fastrtps_cppExport.cmake
[11.297s] -- Up-to-date: /home/pi/estelle/autocab/raspberryPI3/ros2_ws/install/interfaces/share/interfaces/cmake/export_interfaces__rosidl_typesupport_fastrtps_cppExport-noconfig.cmake
[11.299s] -- Up-to-date: /home/pi/estelle/autocab/raspberryPI3/ros2_ws/install/interfaces/share/interfaces/cmake/interfaces__rosidl_typesupport_introspection_cExport.cmake
[11.300s] -- Up-to-date: /home/pi/estelle/autocab/raspberryPI3/ros2_ws/install/interfaces/share/interfaces/cmake/interfaces__rosidl_typesupport_introspection_cExport-noconfig.cmake
[11.301s] -- Up-to-date: /home/pi/estelle/autocab/raspberryPI3/ros2_ws/install/interfaces/share/interfaces/cmake/interfaces__rosidl_typesupport_cExport.cmake
[11.302s] -- Up-to-date: /home/pi/estelle/autocab/raspberryPI3/ros2_ws/install/interfaces/share/interfaces/cmake/interfaces__rosidl_typesupport_cExport-noconfig.cmake
[11.304s] -- Up-to-date: /home/pi/estelle/autocab/raspberryPI3/ros2_ws/install/interfaces/share/interfaces/cmake/interfaces__rosidl_typesupport_introspection_cppExport.cmake
[11.309s] -- Up-to-date: /home/pi/estelle/autocab/raspberryPI3/ros2_ws/install/interfaces/share/interfaces/cmake/interfaces__rosidl_typesupport_introspection_cppExport-noconfig.cmake
[11.311s] -- Up-to-date: /home/pi/estelle/autocab/raspberryPI3/ros2_ws/install/interfaces/share/interfaces/cmake/interfaces__rosidl_typesupport_cppExport.cmake
[11.312s] -- Up-to-date: /home/pi/estelle/autocab/raspberryPI3/ros2_ws/install/interfaces/share/interfaces/cmake/interfaces__rosidl_typesupport_cppExport-noconfig.cmake
[11.316s] -- Up-to-date: /home/pi/estelle/autocab/raspberryPI3/ros2_ws/install/interfaces/share/interfaces/cmake/export_interfaces__rosidl_generator_pyExport.cmake
[11.317s] -- Up-to-date: /home/pi/estelle/autocab/raspberryPI3/ros2_ws/install/interfaces/share/interfaces/cmake/export_interfaces__rosidl_generator_pyExport-noconfig.cmake
[11.318s] -- Up-to-date: /home/pi/estelle/autocab/raspberryPI3/ros2_ws/install/interfaces/share/interfaces/cmake/rosidl_cmake-extras.cmake
[11.325s] -- Up-to-date: /home/pi/estelle/autocab/raspberryPI3/ros2_ws/install/interfaces/share/interfaces/cmake/ament_cmake_export_include_directories-extras.cmake
[11.329s] -- Up-to-date: /home/pi/estelle/autocab/raspberryPI3/ros2_ws/install/interfaces/share/interfaces/cmake/ament_cmake_export_libraries-extras.cmake
[11.331s] -- Up-to-date: /home/pi/estelle/autocab/raspberryPI3/ros2_ws/install/interfaces/share/interfaces/cmake/ament_cmake_export_targets-extras.cmake
[11.337s] -- Up-to-date: /home/pi/estelle/autocab/raspberryPI3/ros2_ws/install/interfaces/share/interfaces/cmake/rosidl_cmake_export_typesupport_targets-extras.cmake
[11.345s] -- Up-to-date: /home/pi/estelle/autocab/raspberryPI3/ros2_ws/install/interfaces/share/interfaces/cmake/ament_cmake_export_dependencies-extras.cmake
[11.348s] -- Up-to-date: /home/pi/estelle/autocab/raspberryPI3/ros2_ws/install/interfaces/share/interfaces/cmake/rosidl_cmake_export_typesupport_libraries-extras.cmake
[11.350s] -- Up-to-date: /home/pi/estelle/autocab/raspberryPI3/ros2_ws/install/interfaces/share/interfaces/cmake/interfacesConfig.cmake
[11.351s] -- Up-to-date: /home/pi/estelle/autocab/raspberryPI3/ros2_ws/install/interfaces/share/interfaces/cmake/interfacesConfig-version.cmake
[11.352s] -- Up-to-date: /home/pi/estelle/autocab/raspberryPI3/ros2_ws/install/interfaces/share/interfaces/package.xml
[11.367s] Invoked command in '/home/pi/estelle/autocab/raspberryPI3/ros2_ws/build/interfaces' returned '0': CMAKE_PREFIX_PATH=${CMAKE_PREFIX_PATH}:/opt/ros/humble /usr/bin/cmake --install /home/pi/estelle/autocab/raspberryPI3/ros2_ws/build/interfaces
