[1.482s] DEBUG:colcon:Command line arguments: ['/usr/bin/colcon', 'list', '-p', '--base-paths', '/home/lilultime/Autocab/autocab/raspberryPI3/ros2_ws']
[1.482s] DEBUG:colcon:Parsed command line arguments: Namespace(log_base=None, log_level=None, verb_name='list', build_base='build', ignore_user_meta=False, metas=['./colcon.meta'], base_paths=['/home/lilultime/Autocab/autocab/raspberryPI3/ros2_ws'], packages_ignore=None, packages_ignore_regex=None, paths=None, packages_up_to=None, packages_up_to_regex=None, packages_above=None, packages_above_and_dependencies=None, packages_above_depth=None, packages_select_by_dep=None, packages_skip_by_dep=None, packages_skip_up_to=None, packages_select_build_failed=False, packages_skip_build_finished=False, packages_select_test_failures=False, packages_skip_test_passed=False, packages_select=None, packages_skip=None, packages_select_regex=None, packages_skip_regex=None, packages_start=None, packages_end=None, allow_overriding=[], topological_order=False, names_only=False, paths_only=True, topological_graph=False, topological_graph_dot=False, topological_graph_density=False, topological_graph_legend=False, topological_graph_dot_cluster=False, topological_graph_dot_include_skipped=False, verb_parser=<colcon_defaults.argument_parser.defaults.DefaultArgumentsDecorator object at 0x7f990ecf4850>, verb_extension=<colcon_package_information.verb.list.ListVerb object at 0x7f990ecf70a0>, main=<bound method ListVerb.main of <colcon_package_information.verb.list.ListVerb object at 0x7f990ecf70a0>>)
[1.576s] Level 1:colcon.colcon_core.package_discovery:discover_packages(colcon_meta) check parameters
[1.576s] Level 1:colcon.colcon_core.package_discovery:discover_packages(recursive) check parameters
[1.577s] Level 1:colcon.colcon_core.package_discovery:discover_packages(ignore) check parameters
[1.577s] Level 1:colcon.colcon_core.package_discovery:discover_packages(path) check parameters
[1.577s] Level 1:colcon.colcon_core.package_discovery:discover_packages(recursive) discover
[1.577s] INFO:colcon.colcon_core.package_discovery:Crawling recursively for packages in '/home/lilultime/Autocab/autocab/raspberryPI3/ros2_ws'
[1.577s] Level 1:colcon.colcon_core.package_identification:_identify(/home/lilultime/Autocab/autocab/raspberryPI3/ros2_ws) by extensions ['ignore', 'ignore_ament_install']
[1.577s] Level 1:colcon.colcon_core.package_identification:_identify(/home/lilultime/Autocab/autocab/raspberryPI3/ros2_ws) by extension 'ignore'
[1.577s] Level 1:colcon.colcon_core.package_identification:_identify(/home/lilultime/Autocab/autocab/raspberryPI3/ros2_ws) by extension 'ignore_ament_install'
[1.577s] Level 1:colcon.colcon_core.package_identification:_identify(/home/lilultime/Autocab/autocab/raspberryPI3/ros2_ws) by extensions ['colcon_pkg']
[1.577s] Level 1:colcon.colcon_core.package_identification:_identify(/home/lilultime/Autocab/autocab/raspberryPI3/ros2_ws) by extension 'colcon_pkg'
[1.577s] Level 1:colcon.colcon_core.package_identification:_identify(/home/lilultime/Autocab/autocab/raspberryPI3/ros2_ws) by extensions ['colcon_meta']
[1.577s] Level 1:colcon.colcon_core.package_identification:_identify(/home/lilultime/Autocab/autocab/raspberryPI3/ros2_ws) by extension 'colcon_meta'
[1.577s] Level 1:colcon.colcon_core.package_identification:_identify(/home/lilultime/Autocab/autocab/raspberryPI3/ros2_ws) by extensions ['ros']
[1.577s] Level 1:colcon.colcon_core.package_identification:_identify(/home/lilultime/Autocab/autocab/raspberryPI3/ros2_ws) by extension 'ros'
[1.589s] Level 1:colcon.colcon_core.package_identification:_identify(/home/lilultime/Autocab/autocab/raspberryPI3/ros2_ws) by extensions ['cmake', 'python']
[1.589s] Level 1:colcon.colcon_core.package_identification:_identify(/home/lilultime/Autocab/autocab/raspberryPI3/ros2_ws) by extension 'cmake'
[1.589s] Level 1:colcon.colcon_core.package_identification:_identify(/home/lilultime/Autocab/autocab/raspberryPI3/ros2_ws) by extension 'python'
[1.589s] Level 1:colcon.colcon_core.package_identification:_identify(/home/lilultime/Autocab/autocab/raspberryPI3/ros2_ws) by extensions ['python_setup_py']
[1.589s] Level 1:colcon.colcon_core.package_identification:_identify(/home/lilultime/Autocab/autocab/raspberryPI3/ros2_ws) by extension 'python_setup_py'
[1.590s] Level 1:colcon.colcon_core.package_identification:_identify(/home/lilultime/Autocab/autocab/raspberryPI3/ros2_ws/log) by extensions ['ignore', 'ignore_ament_install']
[1.590s] Level 1:colcon.colcon_core.package_identification:_identify(/home/lilultime/Autocab/autocab/raspberryPI3/ros2_ws/log) by extension 'ignore'
[1.590s] Level 1:colcon.colcon_core.package_identification:_identify(/home/lilultime/Autocab/autocab/raspberryPI3/ros2_ws/log) ignored
[1.590s] Level 1:colcon.colcon_core.package_identification:_identify(/home/lilultime/Autocab/autocab/raspberryPI3/ros2_ws/src) by extensions ['ignore', 'ignore_ament_install']
[1.590s] Level 1:colcon.colcon_core.package_identification:_identify(/home/lilultime/Autocab/autocab/raspberryPI3/ros2_ws/src) by extension 'ignore'
[1.590s] Level 1:colcon.colcon_core.package_identification:_identify(/home/lilultime/Autocab/autocab/raspberryPI3/ros2_ws/src) by extension 'ignore_ament_install'
[1.590s] Level 1:colcon.colcon_core.package_identification:_identify(/home/lilultime/Autocab/autocab/raspberryPI3/ros2_ws/src) by extensions ['colcon_pkg']
[1.590s] Level 1:colcon.colcon_core.package_identification:_identify(/home/lilultime/Autocab/autocab/raspberryPI3/ros2_ws/src) by extension 'colcon_pkg'
[1.590s] Level 1:colcon.colcon_core.package_identification:_identify(/home/lilultime/Autocab/autocab/raspberryPI3/ros2_ws/src) by extensions ['colcon_meta']
[1.590s] Level 1:colcon.colcon_core.package_identification:_identify(/home/lilultime/Autocab/autocab/raspberryPI3/ros2_ws/src) by extension 'colcon_meta'
[1.590s] Level 1:colcon.colcon_core.package_identification:_identify(/home/lilultime/Autocab/autocab/raspberryPI3/ros2_ws/src) by extensions ['ros']
[1.590s] Level 1:colcon.colcon_core.package_identification:_identify(/home/lilultime/Autocab/autocab/raspberryPI3/ros2_ws/src) by extension 'ros'
[1.590s] Level 1:colcon.colcon_core.package_identification:_identify(/home/lilultime/Autocab/autocab/raspberryPI3/ros2_ws/src) by extensions ['cmake', 'python']
[1.590s] Level 1:colcon.colcon_core.package_identification:_identify(/home/lilultime/Autocab/autocab/raspberryPI3/ros2_ws/src) by extension 'cmake'
[1.590s] Level 1:colcon.colcon_core.package_identification:_identify(/home/lilultime/Autocab/autocab/raspberryPI3/ros2_ws/src) by extension 'python'
[1.590s] Level 1:colcon.colcon_core.package_identification:_identify(/home/lilultime/Autocab/autocab/raspberryPI3/ros2_ws/src) by extensions ['python_setup_py']
[1.591s] Level 1:colcon.colcon_core.package_identification:_identify(/home/lilultime/Autocab/autocab/raspberryPI3/ros2_ws/src) by extension 'python_setup_py'
[1.591s] Level 1:colcon.colcon_core.package_identification:_identify(/home/lilultime/Autocab/autocab/raspberryPI3/ros2_ws/src/auto_traj) by extensions ['ignore', 'ignore_ament_install']
[1.591s] Level 1:colcon.colcon_core.package_identification:_identify(/home/lilultime/Autocab/autocab/raspberryPI3/ros2_ws/src/auto_traj) by extension 'ignore'
[1.591s] Level 1:colcon.colcon_core.package_identification:_identify(/home/lilultime/Autocab/autocab/raspberryPI3/ros2_ws/src/auto_traj) by extension 'ignore_ament_install'
[1.591s] Level 1:colcon.colcon_core.package_identification:_identify(/home/lilultime/Autocab/autocab/raspberryPI3/ros2_ws/src/auto_traj) by extensions ['colcon_pkg']
[1.591s] Level 1:colcon.colcon_core.package_identification:_identify(/home/lilultime/Autocab/autocab/raspberryPI3/ros2_ws/src/auto_traj) by extension 'colcon_pkg'
[1.591s] Level 1:colcon.colcon_core.package_identification:_identify(/home/lilultime/Autocab/autocab/raspberryPI3/ros2_ws/src/auto_traj) by extensions ['colcon_meta']
[1.591s] Level 1:colcon.colcon_core.package_identification:_identify(/home/lilultime/Autocab/autocab/raspberryPI3/ros2_ws/src/auto_traj) by extension 'colcon_meta'
[1.591s] Level 1:colcon.colcon_core.package_identification:_identify(/home/lilultime/Autocab/autocab/raspberryPI3/ros2_ws/src/auto_traj) by extensions ['ros']
[1.591s] Level 1:colcon.colcon_core.package_identification:_identify(/home/lilultime/Autocab/autocab/raspberryPI3/ros2_ws/src/auto_traj) by extension 'ros'
[1.591s] Level 1:colcon.colcon_core.package_identification:_identify(/home/lilultime/Autocab/autocab/raspberryPI3/ros2_ws/src/auto_traj) by extensions ['cmake', 'python']
[1.591s] Level 1:colcon.colcon_core.package_identification:_identify(/home/lilultime/Autocab/autocab/raspberryPI3/ros2_ws/src/auto_traj) by extension 'cmake'
[1.591s] Level 1:colcon.colcon_core.package_identification:_identify(/home/lilultime/Autocab/autocab/raspberryPI3/ros2_ws/src/auto_traj) by extension 'python'
[1.591s] Level 1:colcon.colcon_core.package_identification:_identify(/home/lilultime/Autocab/autocab/raspberryPI3/ros2_ws/src/auto_traj) by extensions ['python_setup_py']
[1.591s] Level 1:colcon.colcon_core.package_identification:_identify(/home/lilultime/Autocab/autocab/raspberryPI3/ros2_ws/src/auto_traj) by extension 'python_setup_py'
[1.591s] Level 1:colcon.colcon_core.package_identification:_identify(/home/lilultime/Autocab/autocab/raspberryPI3/ros2_ws/src/auto_traj/include) by extensions ['ignore', 'ignore_ament_install']
[1.592s] Level 1:colcon.colcon_core.package_identification:_identify(/home/lilultime/Autocab/autocab/raspberryPI3/ros2_ws/src/auto_traj/include) by extension 'ignore'
[1.592s] Level 1:colcon.colcon_core.package_identification:_identify(/home/lilultime/Autocab/autocab/raspberryPI3/ros2_ws/src/auto_traj/include) by extension 'ignore_ament_install'
[1.592s] Level 1:colcon.colcon_core.package_identification:_identify(/home/lilultime/Autocab/autocab/raspberryPI3/ros2_ws/src/auto_traj/include) by extensions ['colcon_pkg']
[1.592s] Level 1:colcon.colcon_core.package_identification:_identify(/home/lilultime/Autocab/autocab/raspberryPI3/ros2_ws/src/auto_traj/include) by extension 'colcon_pkg'
[1.592s] Level 1:colcon.colcon_core.package_identification:_identify(/home/lilultime/Autocab/autocab/raspberryPI3/ros2_ws/src/auto_traj/include) by extensions ['colcon_meta']
[1.592s] Level 1:colcon.colcon_core.package_identification:_identify(/home/lilultime/Autocab/autocab/raspberryPI3/ros2_ws/src/auto_traj/include) by extension 'colcon_meta'
[1.592s] Level 1:colcon.colcon_core.package_identification:_identify(/home/lilultime/Autocab/autocab/raspberryPI3/ros2_ws/src/auto_traj/include) by extensions ['ros']
[1.592s] Level 1:colcon.colcon_core.package_identification:_identify(/home/lilultime/Autocab/autocab/raspberryPI3/ros2_ws/src/auto_traj/include) by extension 'ros'
[1.592s] Level 1:colcon.colcon_core.package_identification:_identify(/home/lilultime/Autocab/autocab/raspberryPI3/ros2_ws/src/auto_traj/include) by extensions ['cmake', 'python']
[1.592s] Level 1:colcon.colcon_core.package_identification:_identify(/home/lilultime/Autocab/autocab/raspberryPI3/ros2_ws/src/auto_traj/include) by extension 'cmake'
[1.592s] Level 1:colcon.colcon_core.package_identification:_identify(/home/lilultime/Autocab/autocab/raspberryPI3/ros2_ws/src/auto_traj/include) by extension 'python'
[1.592s] Level 1:colcon.colcon_core.package_identification:_identify(/home/lilultime/Autocab/autocab/raspberryPI3/ros2_ws/src/auto_traj/include) by extensions ['python_setup_py']
[1.592s] Level 1:colcon.colcon_core.package_identification:_identify(/home/lilultime/Autocab/autocab/raspberryPI3/ros2_ws/src/auto_traj/include) by extension 'python_setup_py'
[1.592s] Level 1:colcon.colcon_core.package_identification:_identify(/home/lilultime/Autocab/autocab/raspberryPI3/ros2_ws/src/auto_traj/include/auto_traj) by extensions ['ignore', 'ignore_ament_install']
[1.592s] Level 1:colcon.colcon_core.package_identification:_identify(/home/lilultime/Autocab/autocab/raspberryPI3/ros2_ws/src/auto_traj/include/auto_traj) by extension 'ignore'
[1.592s] Level 1:colcon.colcon_core.package_identification:_identify(/home/lilultime/Autocab/autocab/raspberryPI3/ros2_ws/src/auto_traj/include/auto_traj) by extension 'ignore_ament_install'
[1.592s] Level 1:colcon.colcon_core.package_identification:_identify(/home/lilultime/Autocab/autocab/raspberryPI3/ros2_ws/src/auto_traj/include/auto_traj) by extensions ['colcon_pkg']
[1.592s] Level 1:colcon.colcon_core.package_identification:_identify(/home/lilultime/Autocab/autocab/raspberryPI3/ros2_ws/src/auto_traj/include/auto_traj) by extension 'colcon_pkg'
[1.592s] Level 1:colcon.colcon_core.package_identification:_identify(/home/lilultime/Autocab/autocab/raspberryPI3/ros2_ws/src/auto_traj/include/auto_traj) by extensions ['colcon_meta']
[1.592s] Level 1:colcon.colcon_core.package_identification:_identify(/home/lilultime/Autocab/autocab/raspberryPI3/ros2_ws/src/auto_traj/include/auto_traj) by extension 'colcon_meta'
[1.593s] Level 1:colcon.colcon_core.package_identification:_identify(/home/lilultime/Autocab/autocab/raspberryPI3/ros2_ws/src/auto_traj/include/auto_traj) by extensions ['ros']
[1.593s] Level 1:colcon.colcon_core.package_identification:_identify(/home/lilultime/Autocab/autocab/raspberryPI3/ros2_ws/src/auto_traj/include/auto_traj) by extension 'ros'
[1.593s] Level 1:colcon.colcon_core.package_identification:_identify(/home/lilultime/Autocab/autocab/raspberryPI3/ros2_ws/src/auto_traj/include/auto_traj) by extensions ['cmake', 'python']
[1.593s] Level 1:colcon.colcon_core.package_identification:_identify(/home/lilultime/Autocab/autocab/raspberryPI3/ros2_ws/src/auto_traj/include/auto_traj) by extension 'cmake'
[1.593s] Level 1:colcon.colcon_core.package_identification:_identify(/home/lilultime/Autocab/autocab/raspberryPI3/ros2_ws/src/auto_traj/include/auto_traj) by extension 'python'
[1.593s] Level 1:colcon.colcon_core.package_identification:_identify(/home/lilultime/Autocab/autocab/raspberryPI3/ros2_ws/src/auto_traj/include/auto_traj) by extensions ['python_setup_py']
[1.593s] Level 1:colcon.colcon_core.package_identification:_identify(/home/lilultime/Autocab/autocab/raspberryPI3/ros2_ws/src/auto_traj/include/auto_traj) by extension 'python_setup_py'
[1.593s] Level 1:colcon.colcon_core.package_identification:_identify(/home/lilultime/Autocab/autocab/raspberryPI3/ros2_ws/src/auto_traj/src) by extensions ['ignore', 'ignore_ament_install']
[1.593s] Level 1:colcon.colcon_core.package_identification:_identify(/home/lilultime/Autocab/autocab/raspberryPI3/ros2_ws/src/auto_traj/src) by extension 'ignore'
[1.593s] Level 1:colcon.colcon_core.package_identification:_identify(/home/lilultime/Autocab/autocab/raspberryPI3/ros2_ws/src/auto_traj/src) by extension 'ignore_ament_install'
[1.593s] Level 1:colcon.colcon_core.package_identification:_identify(/home/lilultime/Autocab/autocab/raspberryPI3/ros2_ws/src/auto_traj/src) by extensions ['colcon_pkg']
[1.593s] Level 1:colcon.colcon_core.package_identification:_identify(/home/lilultime/Autocab/autocab/raspberryPI3/ros2_ws/src/auto_traj/src) by extension 'colcon_pkg'
[1.593s] Level 1:colcon.colcon_core.package_identification:_identify(/home/lilultime/Autocab/autocab/raspberryPI3/ros2_ws/src/auto_traj/src) by extensions ['colcon_meta']
[1.593s] Level 1:colcon.colcon_core.package_identification:_identify(/home/lilultime/Autocab/autocab/raspberryPI3/ros2_ws/src/auto_traj/src) by extension 'colcon_meta'
[1.594s] Level 1:colcon.colcon_core.package_identification:_identify(/home/lilultime/Autocab/autocab/raspberryPI3/ros2_ws/src/auto_traj/src) by extensions ['ros']
[1.594s] Level 1:colcon.colcon_core.package_identification:_identify(/home/lilultime/Autocab/autocab/raspberryPI3/ros2_ws/src/auto_traj/src) by extension 'ros'
[1.594s] Level 1:colcon.colcon_core.package_identification:_identify(/home/lilultime/Autocab/autocab/raspberryPI3/ros2_ws/src/auto_traj/src) by extensions ['cmake', 'python']
[1.594s] Level 1:colcon.colcon_core.package_identification:_identify(/home/lilultime/Autocab/autocab/raspberryPI3/ros2_ws/src/auto_traj/src) by extension 'cmake'
[1.594s] Level 1:colcon.colcon_core.package_identification:_identify(/home/lilultime/Autocab/autocab/raspberryPI3/ros2_ws/src/auto_traj/src) by extension 'python'
[1.594s] Level 1:colcon.colcon_core.package_identification:_identify(/home/lilultime/Autocab/autocab/raspberryPI3/ros2_ws/src/auto_traj/src) by extensions ['python_setup_py']
[1.594s] Level 1:colcon.colcon_core.package_identification:_identify(/home/lilultime/Autocab/autocab/raspberryPI3/ros2_ws/src/auto_traj/src) by extension 'python_setup_py'
[1.594s] Level 1:colcon.colcon_core.package_identification:_identify(/home/lilultime/Autocab/autocab/raspberryPI3/ros2_ws/src/can) by extensions ['ignore', 'ignore_ament_install']
[1.594s] Level 1:colcon.colcon_core.package_identification:_identify(/home/lilultime/Autocab/autocab/raspberryPI3/ros2_ws/src/can) by extension 'ignore'
[1.594s] Level 1:colcon.colcon_core.package_identification:_identify(/home/lilultime/Autocab/autocab/raspberryPI3/ros2_ws/src/can) by extension 'ignore_ament_install'
[1.594s] Level 1:colcon.colcon_core.package_identification:_identify(/home/lilultime/Autocab/autocab/raspberryPI3/ros2_ws/src/can) by extensions ['colcon_pkg']
[1.594s] Level 1:colcon.colcon_core.package_identification:_identify(/home/lilultime/Autocab/autocab/raspberryPI3/ros2_ws/src/can) by extension 'colcon_pkg'
[1.594s] Level 1:colcon.colcon_core.package_identification:_identify(/home/lilultime/Autocab/autocab/raspberryPI3/ros2_ws/src/can) by extensions ['colcon_meta']
[1.594s] Level 1:colcon.colcon_core.package_identification:_identify(/home/lilultime/Autocab/autocab/raspberryPI3/ros2_ws/src/can) by extension 'colcon_meta'
[1.594s] Level 1:colcon.colcon_core.package_identification:_identify(/home/lilultime/Autocab/autocab/raspberryPI3/ros2_ws/src/can) by extensions ['ros']
[1.594s] Level 1:colcon.colcon_core.package_identification:_identify(/home/lilultime/Autocab/autocab/raspberryPI3/ros2_ws/src/can) by extension 'ros'
[1.597s] DEBUG:colcon.colcon_core.package_identification:Package '/home/lilultime/Autocab/autocab/raspberryPI3/ros2_ws/src/can' with type 'ros.ament_cmake' and name 'can'
[1.597s] Level 1:colcon.colcon_core.package_identification:_identify(/home/lilultime/Autocab/autocab/raspberryPI3/ros2_ws/src/car_control) by extensions ['ignore', 'ignore_ament_install']
[1.597s] Level 1:colcon.colcon_core.package_identification:_identify(/home/lilultime/Autocab/autocab/raspberryPI3/ros2_ws/src/car_control) by extension 'ignore'
[1.597s] Level 1:colcon.colcon_core.package_identification:_identify(/home/lilultime/Autocab/autocab/raspberryPI3/ros2_ws/src/car_control) by extension 'ignore_ament_install'
[1.597s] Level 1:colcon.colcon_core.package_identification:_identify(/home/lilultime/Autocab/autocab/raspberryPI3/ros2_ws/src/car_control) by extensions ['colcon_pkg']
[1.598s] Level 1:colcon.colcon_core.package_identification:_identify(/home/lilultime/Autocab/autocab/raspberryPI3/ros2_ws/src/car_control) by extension 'colcon_pkg'
[1.598s] Level 1:colcon.colcon_core.package_identification:_identify(/home/lilultime/Autocab/autocab/raspberryPI3/ros2_ws/src/car_control) by extensions ['colcon_meta']
[1.598s] Level 1:colcon.colcon_core.package_identification:_identify(/home/lilultime/Autocab/autocab/raspberryPI3/ros2_ws/src/car_control) by extension 'colcon_meta'
[1.598s] Level 1:colcon.colcon_core.package_identification:_identify(/home/lilultime/Autocab/autocab/raspberryPI3/ros2_ws/src/car_control) by extensions ['ros']
[1.598s] Level 1:colcon.colcon_core.package_identification:_identify(/home/lilultime/Autocab/autocab/raspberryPI3/ros2_ws/src/car_control) by extension 'ros'
[1.598s] DEBUG:colcon.colcon_core.package_identification:Package '/home/lilultime/Autocab/autocab/raspberryPI3/ros2_ws/src/car_control' with type 'ros.ament_cmake' and name 'car_control'
[1.599s] Level 1:colcon.colcon_core.package_identification:_identify(/home/lilultime/Autocab/autocab/raspberryPI3/ros2_ws/src/carla_msgs) by extensions ['ignore', 'ignore_ament_install']
[1.599s] Level 1:colcon.colcon_core.package_identification:_identify(/home/lilultime/Autocab/autocab/raspberryPI3/ros2_ws/src/carla_msgs) by extension 'ignore'
[1.599s] Level 1:colcon.colcon_core.package_identification:_identify(/home/lilultime/Autocab/autocab/raspberryPI3/ros2_ws/src/carla_msgs) by extension 'ignore_ament_install'
[1.599s] Level 1:colcon.colcon_core.package_identification:_identify(/home/lilultime/Autocab/autocab/raspberryPI3/ros2_ws/src/carla_msgs) by extensions ['colcon_pkg']
[1.599s] Level 1:colcon.colcon_core.package_identification:_identify(/home/lilultime/Autocab/autocab/raspberryPI3/ros2_ws/src/carla_msgs) by extension 'colcon_pkg'
[1.599s] Level 1:colcon.colcon_core.package_identification:_identify(/home/lilultime/Autocab/autocab/raspberryPI3/ros2_ws/src/carla_msgs) by extensions ['colcon_meta']
[1.599s] Level 1:colcon.colcon_core.package_identification:_identify(/home/lilultime/Autocab/autocab/raspberryPI3/ros2_ws/src/carla_msgs) by extension 'colcon_meta'
[1.599s] Level 1:colcon.colcon_core.package_identification:_identify(/home/lilultime/Autocab/autocab/raspberryPI3/ros2_ws/src/carla_msgs) by extensions ['ros']
[1.599s] Level 1:colcon.colcon_core.package_identification:_identify(/home/lilultime/Autocab/autocab/raspberryPI3/ros2_ws/src/carla_msgs) by extension 'ros'
[1.600s] DEBUG:colcon.colcon_core.package_identification:Package '/home/lilultime/Autocab/autocab/raspberryPI3/ros2_ws/src/carla_msgs' with type 'ros.ament_cmake' and name 'carla_msgs'
[1.600s] Level 1:colcon.colcon_core.package_identification:_identify(/home/lilultime/Autocab/autocab/raspberryPI3/ros2_ws/src/geicar_start) by extensions ['ignore', 'ignore_ament_install']
[1.600s] Level 1:colcon.colcon_core.package_identification:_identify(/home/lilultime/Autocab/autocab/raspberryPI3/ros2_ws/src/geicar_start) by extension 'ignore'
[1.600s] Level 1:colcon.colcon_core.package_identification:_identify(/home/lilultime/Autocab/autocab/raspberryPI3/ros2_ws/src/geicar_start) by extension 'ignore_ament_install'
[1.600s] Level 1:colcon.colcon_core.package_identification:_identify(/home/lilultime/Autocab/autocab/raspberryPI3/ros2_ws/src/geicar_start) by extensions ['colcon_pkg']
[1.600s] Level 1:colcon.colcon_core.package_identification:_identify(/home/lilultime/Autocab/autocab/raspberryPI3/ros2_ws/src/geicar_start) by extension 'colcon_pkg'
[1.600s] Level 1:colcon.colcon_core.package_identification:_identify(/home/lilultime/Autocab/autocab/raspberryPI3/ros2_ws/src/geicar_start) by extensions ['colcon_meta']
[1.600s] Level 1:colcon.colcon_core.package_identification:_identify(/home/lilultime/Autocab/autocab/raspberryPI3/ros2_ws/src/geicar_start) by extension 'colcon_meta'
[1.600s] Level 1:colcon.colcon_core.package_identification:_identify(/home/lilultime/Autocab/autocab/raspberryPI3/ros2_ws/src/geicar_start) by extensions ['ros']
[1.600s] Level 1:colcon.colcon_core.package_identification:_identify(/home/lilultime/Autocab/autocab/raspberryPI3/ros2_ws/src/geicar_start) by extension 'ros'
[1.601s] DEBUG:colcon.colcon_core.package_identification:Package '/home/lilultime/Autocab/autocab/raspberryPI3/ros2_ws/src/geicar_start' with type 'ros.ament_cmake' and name 'geicar_start'
[1.601s] Level 1:colcon.colcon_core.package_identification:_identify(/home/lilultime/Autocab/autocab/raspberryPI3/ros2_ws/src/imu_tools) by extensions ['ignore', 'ignore_ament_install']
[1.601s] Level 1:colcon.colcon_core.package_identification:_identify(/home/lilultime/Autocab/autocab/raspberryPI3/ros2_ws/src/imu_tools) by extension 'ignore'
[1.601s] Level 1:colcon.colcon_core.package_identification:_identify(/home/lilultime/Autocab/autocab/raspberryPI3/ros2_ws/src/imu_tools) by extension 'ignore_ament_install'
[1.601s] Level 1:colcon.colcon_core.package_identification:_identify(/home/lilultime/Autocab/autocab/raspberryPI3/ros2_ws/src/imu_tools) by extensions ['colcon_pkg']
[1.601s] Level 1:colcon.colcon_core.package_identification:_identify(/home/lilultime/Autocab/autocab/raspberryPI3/ros2_ws/src/imu_tools) by extension 'colcon_pkg'
[1.601s] Level 1:colcon.colcon_core.package_identification:_identify(/home/lilultime/Autocab/autocab/raspberryPI3/ros2_ws/src/imu_tools) by extensions ['colcon_meta']
[1.601s] Level 1:colcon.colcon_core.package_identification:_identify(/home/lilultime/Autocab/autocab/raspberryPI3/ros2_ws/src/imu_tools) by extension 'colcon_meta'
[1.602s] Level 1:colcon.colcon_core.package_identification:_identify(/home/lilultime/Autocab/autocab/raspberryPI3/ros2_ws/src/imu_tools) by extensions ['ros']
[1.602s] Level 1:colcon.colcon_core.package_identification:_identify(/home/lilultime/Autocab/autocab/raspberryPI3/ros2_ws/src/imu_tools) by extension 'ros'
[1.602s] Level 1:colcon.colcon_core.package_identification:_identify(/home/lilultime/Autocab/autocab/raspberryPI3/ros2_ws/src/imu_tools) by extensions ['cmake', 'python']
[1.602s] Level 1:colcon.colcon_core.package_identification:_identify(/home/lilultime/Autocab/autocab/raspberryPI3/ros2_ws/src/imu_tools) by extension 'cmake'
[1.602s] Level 1:colcon.colcon_core.package_identification:_identify(/home/lilultime/Autocab/autocab/raspberryPI3/ros2_ws/src/imu_tools) by extension 'python'
[1.602s] Level 1:colcon.colcon_core.package_identification:_identify(/home/lilultime/Autocab/autocab/raspberryPI3/ros2_ws/src/imu_tools) by extensions ['python_setup_py']
[1.602s] Level 1:colcon.colcon_core.package_identification:_identify(/home/lilultime/Autocab/autocab/raspberryPI3/ros2_ws/src/imu_tools) by extension 'python_setup_py'
[1.602s] Level 1:colcon.colcon_core.package_identification:_identify(/home/lilultime/Autocab/autocab/raspberryPI3/ros2_ws/src/imu_tools/imu_complementary_filter) by extensions ['ignore', 'ignore_ament_install']
[1.602s] Level 1:colcon.colcon_core.package_identification:_identify(/home/lilultime/Autocab/autocab/raspberryPI3/ros2_ws/src/imu_tools/imu_complementary_filter) by extension 'ignore'
[1.602s] Level 1:colcon.colcon_core.package_identification:_identify(/home/lilultime/Autocab/autocab/raspberryPI3/ros2_ws/src/imu_tools/imu_complementary_filter) by extension 'ignore_ament_install'
[1.602s] Level 1:colcon.colcon_core.package_identification:_identify(/home/lilultime/Autocab/autocab/raspberryPI3/ros2_ws/src/imu_tools/imu_complementary_filter) by extensions ['colcon_pkg']
[1.602s] Level 1:colcon.colcon_core.package_identification:_identify(/home/lilultime/Autocab/autocab/raspberryPI3/ros2_ws/src/imu_tools/imu_complementary_filter) by extension 'colcon_pkg'
[1.602s] Level 1:colcon.colcon_core.package_identification:_identify(/home/lilultime/Autocab/autocab/raspberryPI3/ros2_ws/src/imu_tools/imu_complementary_filter) by extensions ['colcon_meta']
[1.602s] Level 1:colcon.colcon_core.package_identification:_identify(/home/lilultime/Autocab/autocab/raspberryPI3/ros2_ws/src/imu_tools/imu_complementary_filter) by extension 'colcon_meta'
[1.602s] Level 1:colcon.colcon_core.package_identification:_identify(/home/lilultime/Autocab/autocab/raspberryPI3/ros2_ws/src/imu_tools/imu_complementary_filter) by extensions ['ros']
[1.602s] Level 1:colcon.colcon_core.package_identification:_identify(/home/lilultime/Autocab/autocab/raspberryPI3/ros2_ws/src/imu_tools/imu_complementary_filter) by extension 'ros'
[1.603s] DEBUG:colcon.colcon_core.package_identification:Package '/home/lilultime/Autocab/autocab/raspberryPI3/ros2_ws/src/imu_tools/imu_complementary_filter' with type 'ros.ament_cmake' and name 'imu_complementary_filter'
[1.603s] Level 1:colcon.colcon_core.package_identification:_identify(/home/lilultime/Autocab/autocab/raspberryPI3/ros2_ws/src/imu_tools/imu_filter_madgwick) by extensions ['ignore', 'ignore_ament_install']
[1.603s] Level 1:colcon.colcon_core.package_identification:_identify(/home/lilultime/Autocab/autocab/raspberryPI3/ros2_ws/src/imu_tools/imu_filter_madgwick) by extension 'ignore'
[1.603s] Level 1:colcon.colcon_core.package_identification:_identify(/home/lilultime/Autocab/autocab/raspberryPI3/ros2_ws/src/imu_tools/imu_filter_madgwick) by extension 'ignore_ament_install'
[1.603s] Level 1:colcon.colcon_core.package_identification:_identify(/home/lilultime/Autocab/autocab/raspberryPI3/ros2_ws/src/imu_tools/imu_filter_madgwick) by extensions ['colcon_pkg']
[1.603s] Level 1:colcon.colcon_core.package_identification:_identify(/home/lilultime/Autocab/autocab/raspberryPI3/ros2_ws/src/imu_tools/imu_filter_madgwick) by extension 'colcon_pkg'
[1.603s] Level 1:colcon.colcon_core.package_identification:_identify(/home/lilultime/Autocab/autocab/raspberryPI3/ros2_ws/src/imu_tools/imu_filter_madgwick) by extensions ['colcon_meta']
[1.603s] Level 1:colcon.colcon_core.package_identification:_identify(/home/lilultime/Autocab/autocab/raspberryPI3/ros2_ws/src/imu_tools/imu_filter_madgwick) by extension 'colcon_meta'
[1.604s] Level 1:colcon.colcon_core.package_identification:_identify(/home/lilultime/Autocab/autocab/raspberryPI3/ros2_ws/src/imu_tools/imu_filter_madgwick) by extensions ['ros']
[1.604s] Level 1:colcon.colcon_core.package_identification:_identify(/home/lilultime/Autocab/autocab/raspberryPI3/ros2_ws/src/imu_tools/imu_filter_madgwick) by extension 'ros'
[1.605s] DEBUG:colcon.colcon_core.package_identification:Package '/home/lilultime/Autocab/autocab/raspberryPI3/ros2_ws/src/imu_tools/imu_filter_madgwick' with type 'ros.ament_cmake' and name 'imu_filter_madgwick'
[1.605s] Level 1:colcon.colcon_core.package_identification:_identify(/home/lilultime/Autocab/autocab/raspberryPI3/ros2_ws/src/imu_tools/imu_tools) by extensions ['ignore', 'ignore_ament_install']
[1.605s] Level 1:colcon.colcon_core.package_identification:_identify(/home/lilultime/Autocab/autocab/raspberryPI3/ros2_ws/src/imu_tools/imu_tools) by extension 'ignore'
[1.605s] Level 1:colcon.colcon_core.package_identification:_identify(/home/lilultime/Autocab/autocab/raspberryPI3/ros2_ws/src/imu_tools/imu_tools) by extension 'ignore_ament_install'
[1.605s] Level 1:colcon.colcon_core.package_identification:_identify(/home/lilultime/Autocab/autocab/raspberryPI3/ros2_ws/src/imu_tools/imu_tools) by extensions ['colcon_pkg']
[1.605s] Level 1:colcon.colcon_core.package_identification:_identify(/home/lilultime/Autocab/autocab/raspberryPI3/ros2_ws/src/imu_tools/imu_tools) by extension 'colcon_pkg'
[1.605s] Level 1:colcon.colcon_core.package_identification:_identify(/home/lilultime/Autocab/autocab/raspberryPI3/ros2_ws/src/imu_tools/imu_tools) by extensions ['colcon_meta']
[1.605s] Level 1:colcon.colcon_core.package_identification:_identify(/home/lilultime/Autocab/autocab/raspberryPI3/ros2_ws/src/imu_tools/imu_tools) by extension 'colcon_meta'
[1.605s] Level 1:colcon.colcon_core.package_identification:_identify(/home/lilultime/Autocab/autocab/raspberryPI3/ros2_ws/src/imu_tools/imu_tools) by extensions ['ros']
[1.605s] Level 1:colcon.colcon_core.package_identification:_identify(/home/lilultime/Autocab/autocab/raspberryPI3/ros2_ws/src/imu_tools/imu_tools) by extension 'ros'
[1.606s] DEBUG:colcon.colcon_core.package_identification:Package '/home/lilultime/Autocab/autocab/raspberryPI3/ros2_ws/src/imu_tools/imu_tools' with type 'ros.ament_cmake' and name 'imu_tools'
[1.606s] Level 1:colcon.colcon_core.package_identification:_identify(/home/lilultime/Autocab/autocab/raspberryPI3/ros2_ws/src/imu_tools/rviz_imu_plugin) by extensions ['ignore', 'ignore_ament_install']
[1.606s] Level 1:colcon.colcon_core.package_identification:_identify(/home/lilultime/Autocab/autocab/raspberryPI3/ros2_ws/src/imu_tools/rviz_imu_plugin) by extension 'ignore'
[1.606s] Level 1:colcon.colcon_core.package_identification:_identify(/home/lilultime/Autocab/autocab/raspberryPI3/ros2_ws/src/imu_tools/rviz_imu_plugin) by extension 'ignore_ament_install'
[1.606s] Level 1:colcon.colcon_core.package_identification:_identify(/home/lilultime/Autocab/autocab/raspberryPI3/ros2_ws/src/imu_tools/rviz_imu_plugin) by extensions ['colcon_pkg']
[1.606s] Level 1:colcon.colcon_core.package_identification:_identify(/home/lilultime/Autocab/autocab/raspberryPI3/ros2_ws/src/imu_tools/rviz_imu_plugin) by extension 'colcon_pkg'
[1.606s] Level 1:colcon.colcon_core.package_identification:_identify(/home/lilultime/Autocab/autocab/raspberryPI3/ros2_ws/src/imu_tools/rviz_imu_plugin) by extensions ['colcon_meta']
[1.606s] Level 1:colcon.colcon_core.package_identification:_identify(/home/lilultime/Autocab/autocab/raspberryPI3/ros2_ws/src/imu_tools/rviz_imu_plugin) by extension 'colcon_meta'
[1.606s] Level 1:colcon.colcon_core.package_identification:_identify(/home/lilultime/Autocab/autocab/raspberryPI3/ros2_ws/src/imu_tools/rviz_imu_plugin) by extensions ['ros']
[1.606s] Level 1:colcon.colcon_core.package_identification:_identify(/home/lilultime/Autocab/autocab/raspberryPI3/ros2_ws/src/imu_tools/rviz_imu_plugin) by extension 'ros'
[1.607s] DEBUG:colcon.colcon_core.package_identification:Package '/home/lilultime/Autocab/autocab/raspberryPI3/ros2_ws/src/imu_tools/rviz_imu_plugin' with type 'ros.ament_cmake' and name 'rviz_imu_plugin'
[1.608s] Level 1:colcon.colcon_core.package_identification:_identify(/home/lilultime/Autocab/autocab/raspberryPI3/ros2_ws/src/interfaces) by extensions ['ignore', 'ignore_ament_install']
[1.608s] Level 1:colcon.colcon_core.package_identification:_identify(/home/lilultime/Autocab/autocab/raspberryPI3/ros2_ws/src/interfaces) by extension 'ignore'
[1.608s] Level 1:colcon.colcon_core.package_identification:_identify(/home/lilultime/Autocab/autocab/raspberryPI3/ros2_ws/src/interfaces) by extension 'ignore_ament_install'
[1.608s] Level 1:colcon.colcon_core.package_identification:_identify(/home/lilultime/Autocab/autocab/raspberryPI3/ros2_ws/src/interfaces) by extensions ['colcon_pkg']
[1.608s] Level 1:colcon.colcon_core.package_identification:_identify(/home/lilultime/Autocab/autocab/raspberryPI3/ros2_ws/src/interfaces) by extension 'colcon_pkg'
[1.608s] Level 1:colcon.colcon_core.package_identification:_identify(/home/lilultime/Autocab/autocab/raspberryPI3/ros2_ws/src/interfaces) by extensions ['colcon_meta']
[1.608s] Level 1:colcon.colcon_core.package_identification:_identify(/home/lilultime/Autocab/autocab/raspberryPI3/ros2_ws/src/interfaces) by extension 'colcon_meta'
[1.608s] Level 1:colcon.colcon_core.package_identification:_identify(/home/lilultime/Autocab/autocab/raspberryPI3/ros2_ws/src/interfaces) by extensions ['ros']
[1.608s] Level 1:colcon.colcon_core.package_identification:_identify(/home/lilultime/Autocab/autocab/raspberryPI3/ros2_ws/src/interfaces) by extension 'ros'
[1.609s] DEBUG:colcon.colcon_core.package_identification:Package '/home/lilultime/Autocab/autocab/raspberryPI3/ros2_ws/src/interfaces' with type 'ros.ament_cmake' and name 'interfaces'
[1.609s] Level 1:colcon.colcon_core.package_identification:_identify(/home/lilultime/Autocab/autocab/raspberryPI3/ros2_ws/src/joystick) by extensions ['ignore', 'ignore_ament_install']
[1.609s] Level 1:colcon.colcon_core.package_identification:_identify(/home/lilultime/Autocab/autocab/raspberryPI3/ros2_ws/src/joystick) by extension 'ignore'
[1.609s] Level 1:colcon.colcon_core.package_identification:_identify(/home/lilultime/Autocab/autocab/raspberryPI3/ros2_ws/src/joystick) by extension 'ignore_ament_install'
[1.609s] Level 1:colcon.colcon_core.package_identification:_identify(/home/lilultime/Autocab/autocab/raspberryPI3/ros2_ws/src/joystick) by extensions ['colcon_pkg']
[1.609s] Level 1:colcon.colcon_core.package_identification:_identify(/home/lilultime/Autocab/autocab/raspberryPI3/ros2_ws/src/joystick) by extension 'colcon_pkg'
[1.609s] Level 1:colcon.colcon_core.package_identification:_identify(/home/lilultime/Autocab/autocab/raspberryPI3/ros2_ws/src/joystick) by extensions ['colcon_meta']
[1.609s] Level 1:colcon.colcon_core.package_identification:_identify(/home/lilultime/Autocab/autocab/raspberryPI3/ros2_ws/src/joystick) by extension 'colcon_meta'
[1.609s] Level 1:colcon.colcon_core.package_identification:_identify(/home/lilultime/Autocab/autocab/raspberryPI3/ros2_ws/src/joystick) by extensions ['ros']
[1.609s] Level 1:colcon.colcon_core.package_identification:_identify(/home/lilultime/Autocab/autocab/raspberryPI3/ros2_ws/src/joystick) by extension 'ros'
[1.610s] DEBUG:colcon.colcon_core.package_identification:Package '/home/lilultime/Autocab/autocab/raspberryPI3/ros2_ws/src/joystick' with type 'ros.ament_cmake' and name 'joystick'
[1.610s] Level 1:colcon.colcon_core.package_identification:_identify(/home/lilultime/Autocab/autocab/raspberryPI3/ros2_ws/src/simulation) by extensions ['ignore', 'ignore_ament_install']
[1.610s] Level 1:colcon.colcon_core.package_identification:_identify(/home/lilultime/Autocab/autocab/raspberryPI3/ros2_ws/src/simulation) by extension 'ignore'
[1.610s] Level 1:colcon.colcon_core.package_identification:_identify(/home/lilultime/Autocab/autocab/raspberryPI3/ros2_ws/src/simulation) by extension 'ignore_ament_install'
[1.610s] Level 1:colcon.colcon_core.package_identification:_identify(/home/lilultime/Autocab/autocab/raspberryPI3/ros2_ws/src/simulation) by extensions ['colcon_pkg']
[1.610s] Level 1:colcon.colcon_core.package_identification:_identify(/home/lilultime/Autocab/autocab/raspberryPI3/ros2_ws/src/simulation) by extension 'colcon_pkg'
[1.610s] Level 1:colcon.colcon_core.package_identification:_identify(/home/lilultime/Autocab/autocab/raspberryPI3/ros2_ws/src/simulation) by extensions ['colcon_meta']
[1.610s] Level 1:colcon.colcon_core.package_identification:_identify(/home/lilultime/Autocab/autocab/raspberryPI3/ros2_ws/src/simulation) by extension 'colcon_meta'
[1.610s] Level 1:colcon.colcon_core.package_identification:_identify(/home/lilultime/Autocab/autocab/raspberryPI3/ros2_ws/src/simulation) by extensions ['ros']
[1.610s] Level 1:colcon.colcon_core.package_identification:_identify(/home/lilultime/Autocab/autocab/raspberryPI3/ros2_ws/src/simulation) by extension 'ros'
[1.611s] DEBUG:colcon.colcon_core.package_identification:Package '/home/lilultime/Autocab/autocab/raspberryPI3/ros2_ws/src/simulation' with type 'ros.ament_cmake' and name 'simulation'
[1.611s] Level 1:colcon.colcon_core.package_identification:_identify(/home/lilultime/Autocab/autocab/raspberryPI3/ros2_ws/src/system_check) by extensions ['ignore', 'ignore_ament_install']
[1.611s] Level 1:colcon.colcon_core.package_identification:_identify(/home/lilultime/Autocab/autocab/raspberryPI3/ros2_ws/src/system_check) by extension 'ignore'
[1.611s] Level 1:colcon.colcon_core.package_identification:_identify(/home/lilultime/Autocab/autocab/raspberryPI3/ros2_ws/src/system_check) by extension 'ignore_ament_install'
[1.611s] Level 1:colcon.colcon_core.package_identification:_identify(/home/lilultime/Autocab/autocab/raspberryPI3/ros2_ws/src/system_check) by extensions ['colcon_pkg']
[1.611s] Level 1:colcon.colcon_core.package_identification:_identify(/home/lilultime/Autocab/autocab/raspberryPI3/ros2_ws/src/system_check) by extension 'colcon_pkg'
[1.611s] Level 1:colcon.colcon_core.package_identification:_identify(/home/lilultime/Autocab/autocab/raspberryPI3/ros2_ws/src/system_check) by extensions ['colcon_meta']
[1.611s] Level 1:colcon.colcon_core.package_identification:_identify(/home/lilultime/Autocab/autocab/raspberryPI3/ros2_ws/src/system_check) by extension 'colcon_meta'
[1.612s] Level 1:colcon.colcon_core.package_identification:_identify(/home/lilultime/Autocab/autocab/raspberryPI3/ros2_ws/src/system_check) by extensions ['ros']
[1.612s] Level 1:colcon.colcon_core.package_identification:_identify(/home/lilultime/Autocab/autocab/raspberryPI3/ros2_ws/src/system_check) by extension 'ros'
[1.612s] DEBUG:colcon.colcon_core.package_identification:Package '/home/lilultime/Autocab/autocab/raspberryPI3/ros2_ws/src/system_check' with type 'ros.ament_cmake' and name 'system_check'
[1.612s] Level 1:colcon.colcon_core.package_discovery:discover_packages(recursive) using defaults
