[0.277s] Invoking command in '/home/pi/estelle/autocab/raspberryPI3/ros2_ws/build/car_control': CMAKE_PREFIX_PATH=/home/pi/estelle/autocab/raspberryPI3/ros2_ws/install/interfaces:/home/pi/estelle/autocab/raspberryPI3/ros2_ws/install/geicar_start:/home/pi/estelle/autocab/raspberryPI3/ros2_ws/install/system_check:/home/pi/estelle/autocab/raspberryPI3/ros2_ws/install/simulation:/home/pi/estelle/autocab/raspberryPI3/ros2_ws/install/imu_tools:/home/pi/estelle/autocab/raspberryPI3/ros2_ws/install/rviz_imu_plugin:/home/pi/estelle/autocab/raspberryPI3/ros2_ws/install/joystick:/home/pi/estelle/autocab/raspberryPI3/ros2_ws/install/car_control:/home/pi/estelle/autocab/raspberryPI3/ros2_ws/install/can:/home/pi/estelle/autocab/raspberryPI3/ros2_ws/install/imu_filter_madgwick:/home/pi/estelle/autocab/raspberryPI3/ros2_ws/install/imu_complementary_filter:/home/pi/estelle/autocab/raspberryPI3/ros2_ws/install/carla_msgs:/home/pi/ros2_ws/install/geicar_start:/home/pi/ros2_ws/install/system_check:/home/pi/ros2_ws/install/simulation:/home/pi/ros2_ws/install/imu_tools:/home/pi/ros2_ws/install/rviz_imu_plugin:/home/pi/ros2_ws/install/joystick:/home/pi/ros2_ws/install/car_control:/home/pi/ros2_ws/install/can:/home/pi/ros2_ws/install/interfaces:/home/pi/ros2_ws/install/imu_filter_madgwick:/home/pi/ros2_ws/install/imu_complementary_filter:/home/pi/ros2_ws/install/carla_msgs:/opt/ros/humble LD_LIBRARY_PATH=/home/pi/estelle/autocab/raspberryPI3/ros2_ws/install/interfaces/lib:/home/pi/estelle/autocab/raspberryPI3/ros2_ws/install/rviz_imu_plugin/lib:/home/pi/estelle/autocab/raspberryPI3/ros2_ws/install/imu_filter_madgwick/lib:/home/pi/estelle/autocab/raspberryPI3/ros2_ws/install/carla_msgs/lib:/home/pi/ros2_ws/install/rviz_imu_plugin/lib:/home/pi/ros2_ws/install/interfaces/lib:/home/pi/ros2_ws/install/imu_filter_madgwick/lib:/home/pi/ros2_ws/install/carla_msgs/lib:/opt/ros/humble/opt/rviz_ogre_vendor/lib:/opt/ros/humble/lib/aarch64-linux-gnu:/opt/ros/humble/lib /usr/bin/cmake /home/pi/estelle/autocab/raspberryPI3/ros2_ws/src/car_control -DCMAKE_INSTALL_PREFIX=/home/pi/estelle/autocab/raspberryPI3/ros2_ws/install/car_control
[1.223s] -- The C compiler identification is GNU 11.4.0
[2.013s] -- The CXX compiler identification is GNU 11.4.0
[2.136s] -- Detecting C compiler ABI info
[3.465s] -- Detecting C compiler ABI info - done
[3.551s] -- Check for working C compiler: /usr/bin/cc - skipped
[3.556s] -- Detecting C compile features
[3.567s] -- Detecting C compile features - done
[3.599s] -- Detecting CXX compiler ABI info
[4.952s] -- Detecting CXX compiler ABI info - done
[5.049s] -- Check for working CXX compiler: /usr/bin/c++ - skipped
[5.055s] -- Detecting CXX compile features
[5.069s] -- Detecting CXX compile features - done
[5.204s] -- Found ament_cmake: 1.3.2 (/opt/ros/humble/share/ament_cmake/cmake)
[8.623s] -- Found Python3: /usr/bin/python3.10 (found version "3.10.12") found components: Interpreter 
[11.079s] -- Found rclcpp: 16.0.1 (/opt/ros/humble/share/rclcpp/cmake)
[12.974s] -- Found rosidl_generator_c: 3.1.3 (/opt/ros/humble/share/rosidl_generator_c/cmake)
[13.205s] -- Found rosidl_adapter: 3.1.3 (/opt/ros/humble/share/rosidl_adapter/cmake)
[13.490s] -- Found rosidl_generator_cpp: 3.1.3 (/opt/ros/humble/share/rosidl_generator_cpp/cmake)
[13.860s] -- Using all available rosidl_typesupport_c: rosidl_typesupport_fastrtps_c;rosidl_typesupport_introspection_c
[14.419s] -- Using all available rosidl_typesupport_cpp: rosidl_typesupport_fastrtps_cpp;rosidl_typesupport_introspection_cpp
[15.975s] -- Found rmw_implementation_cmake: 6.1.0 (/opt/ros/humble/share/rmw_implementation_cmake/cmake)
[16.099s] -- Found rmw_fastrtps_cpp: 6.2.1 (/opt/ros/humble/share/rmw_fastrtps_cpp/cmake)
[18.370s] -- Found OpenSSL: /usr/lib/aarch64-linux-gnu/libcrypto.so (found version "3.0.2")  
[19.125s] -- Found FastRTPS: /opt/ros/humble/include  
[20.407s] -- Using RMW implementation 'rmw_fastrtps_cpp' as default
[22.822s] -- Found interfaces: 0.0.0 (/home/pi/estelle/autocab/raspberryPI3/ros2_ws/install/interfaces/share/interfaces/cmake)
[23.268s] -- Found sensor_msgs: 4.2.2 (/opt/ros/humble/share/sensor_msgs/cmake)
[25.144s] -- Found std_srvs: 4.2.2 (/opt/ros/humble/share/std_srvs/cmake)
[25.521s] -- Found ament_lint_auto: 0.12.4 (/opt/ros/humble/share/ament_lint_auto/cmake)
[27.451s] -- Added test 'cppcheck' to perform static code analysis on C / C++ code
[27.454s] -- Configured cppcheck include dirs: $<BUILD_INTERFACE:/home/pi/estelle/autocab/raspberryPI3/ros2_ws/src/car_control/include>
[27.455s] -- Configured cppcheck exclude dirs and/or files: 
[27.484s] -- Added test 'lint_cmake' to check CMake code style
[27.533s] -- Added test 'uncrustify' to check C / C++ code style
[27.534s] -- Configured uncrustify additional arguments: 
[27.554s] -- Added test 'xmllint' to check XML markup files
[27.607s] -- Configuring done
[27.848s] -- Generating done
[27.892s] -- Build files have been written to: /home/pi/estelle/autocab/raspberryPI3/ros2_ws/build/car_control
[27.985s] Invoked command in '/home/pi/estelle/autocab/raspberryPI3/ros2_ws/build/car_control' returned '0': CMAKE_PREFIX_PATH=/home/pi/estelle/autocab/raspberryPI3/ros2_ws/install/interfaces:/home/pi/estelle/autocab/raspberryPI3/ros2_ws/install/geicar_start:/home/pi/estelle/autocab/raspberryPI3/ros2_ws/install/system_check:/home/pi/estelle/autocab/raspberryPI3/ros2_ws/install/simulation:/home/pi/estelle/autocab/raspberryPI3/ros2_ws/install/imu_tools:/home/pi/estelle/autocab/raspberryPI3/ros2_ws/install/rviz_imu_plugin:/home/pi/estelle/autocab/raspberryPI3/ros2_ws/install/joystick:/home/pi/estelle/autocab/raspberryPI3/ros2_ws/install/car_control:/home/pi/estelle/autocab/raspberryPI3/ros2_ws/install/can:/home/pi/estelle/autocab/raspberryPI3/ros2_ws/install/imu_filter_madgwick:/home/pi/estelle/autocab/raspberryPI3/ros2_ws/install/imu_complementary_filter:/home/pi/estelle/autocab/raspberryPI3/ros2_ws/install/carla_msgs:/home/pi/ros2_ws/install/geicar_start:/home/pi/ros2_ws/install/system_check:/home/pi/ros2_ws/install/simulation:/home/pi/ros2_ws/install/imu_tools:/home/pi/ros2_ws/install/rviz_imu_plugin:/home/pi/ros2_ws/install/joystick:/home/pi/ros2_ws/install/car_control:/home/pi/ros2_ws/install/can:/home/pi/ros2_ws/install/interfaces:/home/pi/ros2_ws/install/imu_filter_madgwick:/home/pi/ros2_ws/install/imu_complementary_filter:/home/pi/ros2_ws/install/carla_msgs:/opt/ros/humble LD_LIBRARY_PATH=/home/pi/estelle/autocab/raspberryPI3/ros2_ws/install/interfaces/lib:/home/pi/estelle/autocab/raspberryPI3/ros2_ws/install/rviz_imu_plugin/lib:/home/pi/estelle/autocab/raspberryPI3/ros2_ws/install/imu_filter_madgwick/lib:/home/pi/estelle/autocab/raspberryPI3/ros2_ws/install/carla_msgs/lib:/home/pi/ros2_ws/install/rviz_imu_plugin/lib:/home/pi/ros2_ws/install/interfaces/lib:/home/pi/ros2_ws/install/imu_filter_madgwick/lib:/home/pi/ros2_ws/install/carla_msgs/lib:/opt/ros/humble/opt/rviz_ogre_vendor/lib:/opt/ros/humble/lib/aarch64-linux-gnu:/opt/ros/humble/lib /usr/bin/cmake /home/pi/estelle/autocab/raspberryPI3/ros2_ws/src/car_control -DCMAKE_INSTALL_PREFIX=/home/pi/estelle/autocab/raspberryPI3/ros2_ws/install/car_control
[27.997s] Invoking command in '/home/pi/estelle/autocab/raspberryPI3/ros2_ws/build/car_control': CMAKE_PREFIX_PATH=/home/pi/estelle/autocab/raspberryPI3/ros2_ws/install/interfaces:/home/pi/estelle/autocab/raspberryPI3/ros2_ws/install/geicar_start:/home/pi/estelle/autocab/raspberryPI3/ros2_ws/install/system_check:/home/pi/estelle/autocab/raspberryPI3/ros2_ws/install/simulation:/home/pi/estelle/autocab/raspberryPI3/ros2_ws/install/imu_tools:/home/pi/estelle/autocab/raspberryPI3/ros2_ws/install/rviz_imu_plugin:/home/pi/estelle/autocab/raspberryPI3/ros2_ws/install/joystick:/home/pi/estelle/autocab/raspberryPI3/ros2_ws/install/car_control:/home/pi/estelle/autocab/raspberryPI3/ros2_ws/install/can:/home/pi/estelle/autocab/raspberryPI3/ros2_ws/install/imu_filter_madgwick:/home/pi/estelle/autocab/raspberryPI3/ros2_ws/install/imu_complementary_filter:/home/pi/estelle/autocab/raspberryPI3/ros2_ws/install/carla_msgs:/home/pi/ros2_ws/install/geicar_start:/home/pi/ros2_ws/install/system_check:/home/pi/ros2_ws/install/simulation:/home/pi/ros2_ws/install/imu_tools:/home/pi/ros2_ws/install/rviz_imu_plugin:/home/pi/ros2_ws/install/joystick:/home/pi/ros2_ws/install/car_control:/home/pi/ros2_ws/install/can:/home/pi/ros2_ws/install/interfaces:/home/pi/ros2_ws/install/imu_filter_madgwick:/home/pi/ros2_ws/install/imu_complementary_filter:/home/pi/ros2_ws/install/carla_msgs:/opt/ros/humble LD_LIBRARY_PATH=/home/pi/estelle/autocab/raspberryPI3/ros2_ws/install/interfaces/lib:/home/pi/estelle/autocab/raspberryPI3/ros2_ws/install/rviz_imu_plugin/lib:/home/pi/estelle/autocab/raspberryPI3/ros2_ws/install/imu_filter_madgwick/lib:/home/pi/estelle/autocab/raspberryPI3/ros2_ws/install/carla_msgs/lib:/home/pi/ros2_ws/install/rviz_imu_plugin/lib:/home/pi/ros2_ws/install/interfaces/lib:/home/pi/ros2_ws/install/imu_filter_madgwick/lib:/home/pi/ros2_ws/install/carla_msgs/lib:/opt/ros/humble/opt/rviz_ogre_vendor/lib:/opt/ros/humble/lib/aarch64-linux-gnu:/opt/ros/humble/lib /usr/bin/cmake --build /home/pi/estelle/autocab/raspberryPI3/ros2_ws/build/car_control -- -j4 -l4
[29.448s] [ 25%] [32mBuilding CXX object CMakeFiles/car_control_node.dir/src/car_control_node.cpp.o[0m
[198.984s] [ 75%] [32mBuilding CXX object CMakeFiles/car_control_node.dir/src/propulsionCmd.cpp.o[0m
[198.986s] [ 75%] [32mBuilding CXX object CMakeFiles/car_control_node.dir/src/steeringCmd.cpp.o[0m
[201.790s] [100%] [32m[1mLinking CXX executable car_control_node[0m
[210.687s] [100%] Built target car_control_node
[210.811s] Invoked command in '/home/pi/estelle/autocab/raspberryPI3/ros2_ws/build/car_control' returned '0': CMAKE_PREFIX_PATH=/home/pi/estelle/autocab/raspberryPI3/ros2_ws/install/interfaces:/home/pi/estelle/autocab/raspberryPI3/ros2_ws/install/geicar_start:/home/pi/estelle/autocab/raspberryPI3/ros2_ws/install/system_check:/home/pi/estelle/autocab/raspberryPI3/ros2_ws/install/simulation:/home/pi/estelle/autocab/raspberryPI3/ros2_ws/install/imu_tools:/home/pi/estelle/autocab/raspberryPI3/ros2_ws/install/rviz_imu_plugin:/home/pi/estelle/autocab/raspberryPI3/ros2_ws/install/joystick:/home/pi/estelle/autocab/raspberryPI3/ros2_ws/install/car_control:/home/pi/estelle/autocab/raspberryPI3/ros2_ws/install/can:/home/pi/estelle/autocab/raspberryPI3/ros2_ws/install/imu_filter_madgwick:/home/pi/estelle/autocab/raspberryPI3/ros2_ws/install/imu_complementary_filter:/home/pi/estelle/autocab/raspberryPI3/ros2_ws/install/carla_msgs:/home/pi/ros2_ws/install/geicar_start:/home/pi/ros2_ws/install/system_check:/home/pi/ros2_ws/install/simulation:/home/pi/ros2_ws/install/imu_tools:/home/pi/ros2_ws/install/rviz_imu_plugin:/home/pi/ros2_ws/install/joystick:/home/pi/ros2_ws/install/car_control:/home/pi/ros2_ws/install/can:/home/pi/ros2_ws/install/interfaces:/home/pi/ros2_ws/install/imu_filter_madgwick:/home/pi/ros2_ws/install/imu_complementary_filter:/home/pi/ros2_ws/install/carla_msgs:/opt/ros/humble LD_LIBRARY_PATH=/home/pi/estelle/autocab/raspberryPI3/ros2_ws/install/interfaces/lib:/home/pi/estelle/autocab/raspberryPI3/ros2_ws/install/rviz_imu_plugin/lib:/home/pi/estelle/autocab/raspberryPI3/ros2_ws/install/imu_filter_madgwick/lib:/home/pi/estelle/autocab/raspberryPI3/ros2_ws/install/carla_msgs/lib:/home/pi/ros2_ws/install/rviz_imu_plugin/lib:/home/pi/ros2_ws/install/interfaces/lib:/home/pi/ros2_ws/install/imu_filter_madgwick/lib:/home/pi/ros2_ws/install/carla_msgs/lib:/opt/ros/humble/opt/rviz_ogre_vendor/lib:/opt/ros/humble/lib/aarch64-linux-gnu:/opt/ros/humble/lib /usr/bin/cmake --build /home/pi/estelle/autocab/raspberryPI3/ros2_ws/build/car_control -- -j4 -l4
[211.492s] Invoking command in '/home/pi/estelle/autocab/raspberryPI3/ros2_ws/build/car_control': CMAKE_PREFIX_PATH=/home/pi/estelle/autocab/raspberryPI3/ros2_ws/install/interfaces:/home/pi/estelle/autocab/raspberryPI3/ros2_ws/install/geicar_start:/home/pi/estelle/autocab/raspberryPI3/ros2_ws/install/system_check:/home/pi/estelle/autocab/raspberryPI3/ros2_ws/install/simulation:/home/pi/estelle/autocab/raspberryPI3/ros2_ws/install/imu_tools:/home/pi/estelle/autocab/raspberryPI3/ros2_ws/install/rviz_imu_plugin:/home/pi/estelle/autocab/raspberryPI3/ros2_ws/install/joystick:/home/pi/estelle/autocab/raspberryPI3/ros2_ws/install/car_control:/home/pi/estelle/autocab/raspberryPI3/ros2_ws/install/can:/home/pi/estelle/autocab/raspberryPI3/ros2_ws/install/imu_filter_madgwick:/home/pi/estelle/autocab/raspberryPI3/ros2_ws/install/imu_complementary_filter:/home/pi/estelle/autocab/raspberryPI3/ros2_ws/install/carla_msgs:/home/pi/ros2_ws/install/geicar_start:/home/pi/ros2_ws/install/system_check:/home/pi/ros2_ws/install/simulation:/home/pi/ros2_ws/install/imu_tools:/home/pi/ros2_ws/install/rviz_imu_plugin:/home/pi/ros2_ws/install/joystick:/home/pi/ros2_ws/install/car_control:/home/pi/ros2_ws/install/can:/home/pi/ros2_ws/install/interfaces:/home/pi/ros2_ws/install/imu_filter_madgwick:/home/pi/ros2_ws/install/imu_complementary_filter:/home/pi/ros2_ws/install/carla_msgs:/opt/ros/humble LD_LIBRARY_PATH=/home/pi/estelle/autocab/raspberryPI3/ros2_ws/install/interfaces/lib:/home/pi/estelle/autocab/raspberryPI3/ros2_ws/install/rviz_imu_plugin/lib:/home/pi/estelle/autocab/raspberryPI3/ros2_ws/install/imu_filter_madgwick/lib:/home/pi/estelle/autocab/raspberryPI3/ros2_ws/install/carla_msgs/lib:/home/pi/ros2_ws/install/rviz_imu_plugin/lib:/home/pi/ros2_ws/install/interfaces/lib:/home/pi/ros2_ws/install/imu_filter_madgwick/lib:/home/pi/ros2_ws/install/carla_msgs/lib:/opt/ros/humble/opt/rviz_ogre_vendor/lib:/opt/ros/humble/lib/aarch64-linux-gnu:/opt/ros/humble/lib /usr/bin/cmake --install /home/pi/estelle/autocab/raspberryPI3/ros2_ws/build/car_control
[211.590s] -- Install configuration: ""
[211.591s] -- Installing: /home/pi/estelle/autocab/raspberryPI3/ros2_ws/install/car_control/lib/car_control/car_control_node
[211.778s] -- Set runtime path of "/home/pi/estelle/autocab/raspberryPI3/ros2_ws/install/car_control/lib/car_control/car_control_node" to ""
[211.780s] -- Installing: /home/pi/estelle/autocab/raspberryPI3/ros2_ws/install/car_control/share/ament_index/resource_index/package_run_dependencies/car_control
[211.787s] -- Installing: /home/pi/estelle/autocab/raspberryPI3/ros2_ws/install/car_control/share/ament_index/resource_index/parent_prefix_path/car_control
[211.789s] -- Installing: /home/pi/estelle/autocab/raspberryPI3/ros2_ws/install/car_control/share/car_control/environment/ament_prefix_path.sh
[211.793s] -- Installing: /home/pi/estelle/autocab/raspberryPI3/ros2_ws/install/car_control/share/car_control/environment/ament_prefix_path.dsv
[211.798s] -- Installing: /home/pi/estelle/autocab/raspberryPI3/ros2_ws/install/car_control/share/car_control/environment/path.sh
[211.802s] -- Installing: /home/pi/estelle/autocab/raspberryPI3/ros2_ws/install/car_control/share/car_control/environment/path.dsv
[211.806s] -- Installing: /home/pi/estelle/autocab/raspberryPI3/ros2_ws/install/car_control/share/car_control/local_setup.bash
[211.811s] -- Installing: /home/pi/estelle/autocab/raspberryPI3/ros2_ws/install/car_control/share/car_control/local_setup.sh
[211.816s] -- Installing: /home/pi/estelle/autocab/raspberryPI3/ros2_ws/install/car_control/share/car_control/local_setup.zsh
[211.824s] -- Installing: /home/pi/estelle/autocab/raspberryPI3/ros2_ws/install/car_control/share/car_control/local_setup.dsv
[211.829s] -- Installing: /home/pi/estelle/autocab/raspberryPI3/ros2_ws/install/car_control/share/car_control/package.dsv
[211.834s] -- Installing: /home/pi/estelle/autocab/raspberryPI3/ros2_ws/install/car_control/share/ament_index/resource_index/packages/car_control
[211.838s] -- Installing: /home/pi/estelle/autocab/raspberryPI3/ros2_ws/install/car_control/share/car_control/cmake/ament_cmake_export_include_directories-extras.cmake
[211.844s] -- Installing: /home/pi/estelle/autocab/raspberryPI3/ros2_ws/install/car_control/share/car_control/cmake/car_controlConfig.cmake
[211.847s] -- Installing: /home/pi/estelle/autocab/raspberryPI3/ros2_ws/install/car_control/share/car_control/cmake/car_controlConfig-version.cmake
[211.851s] -- Installing: /home/pi/estelle/autocab/raspberryPI3/ros2_ws/install/car_control/share/car_control/package.xml
[211.873s] Invoked command in '/home/pi/estelle/autocab/raspberryPI3/ros2_ws/build/car_control' returned '0': CMAKE_PREFIX_PATH=/home/pi/estelle/autocab/raspberryPI3/ros2_ws/install/interfaces:/home/pi/estelle/autocab/raspberryPI3/ros2_ws/install/geicar_start:/home/pi/estelle/autocab/raspberryPI3/ros2_ws/install/system_check:/home/pi/estelle/autocab/raspberryPI3/ros2_ws/install/simulation:/home/pi/estelle/autocab/raspberryPI3/ros2_ws/install/imu_tools:/home/pi/estelle/autocab/raspberryPI3/ros2_ws/install/rviz_imu_plugin:/home/pi/estelle/autocab/raspberryPI3/ros2_ws/install/joystick:/home/pi/estelle/autocab/raspberryPI3/ros2_ws/install/car_control:/home/pi/estelle/autocab/raspberryPI3/ros2_ws/install/can:/home/pi/estelle/autocab/raspberryPI3/ros2_ws/install/imu_filter_madgwick:/home/pi/estelle/autocab/raspberryPI3/ros2_ws/install/imu_complementary_filter:/home/pi/estelle/autocab/raspberryPI3/ros2_ws/install/carla_msgs:/home/pi/ros2_ws/install/geicar_start:/home/pi/ros2_ws/install/system_check:/home/pi/ros2_ws/install/simulation:/home/pi/ros2_ws/install/imu_tools:/home/pi/ros2_ws/install/rviz_imu_plugin:/home/pi/ros2_ws/install/joystick:/home/pi/ros2_ws/install/car_control:/home/pi/ros2_ws/install/can:/home/pi/ros2_ws/install/interfaces:/home/pi/ros2_ws/install/imu_filter_madgwick:/home/pi/ros2_ws/install/imu_complementary_filter:/home/pi/ros2_ws/install/carla_msgs:/opt/ros/humble LD_LIBRARY_PATH=/home/pi/estelle/autocab/raspberryPI3/ros2_ws/install/interfaces/lib:/home/pi/estelle/autocab/raspberryPI3/ros2_ws/install/rviz_imu_plugin/lib:/home/pi/estelle/autocab/raspberryPI3/ros2_ws/install/imu_filter_madgwick/lib:/home/pi/estelle/autocab/raspberryPI3/ros2_ws/install/carla_msgs/lib:/home/pi/ros2_ws/install/rviz_imu_plugin/lib:/home/pi/ros2_ws/install/interfaces/lib:/home/pi/ros2_ws/install/imu_filter_madgwick/lib:/home/pi/ros2_ws/install/carla_msgs/lib:/opt/ros/humble/opt/rviz_ogre_vendor/lib:/opt/ros/humble/lib/aarch64-linux-gnu:/opt/ros/humble/lib /usr/bin/cmake --install /home/pi/estelle/autocab/raspberryPI3/ros2_ws/build/car_control
