[0.191s] Invoking command in '/home/pi/autocab/raspberryPI3/ros2_ws/build/interfaces': CMAKE_PREFIX_PATH=${CMAKE_PREFIX_PATH}:/opt/ros/humble /usr/bin/cmake --build /home/pi/autocab/raspberryPI3/ros2_ws/build/interfaces -- -j4 -l4
[0.494s] -- Found ament_cmake: 1.3.2 (/opt/ros/humble/share/ament_cmake/cmake)
[1.670s] -- Found rclcpp: 16.0.1 (/opt/ros/humble/share/rclcpp/cmake)
[1.916s] -- Found rosidl_generator_c: 3.1.3 (/opt/ros/humble/share/rosidl_generator_c/cmake)
[1.931s] -- Found rosidl_adapter: 3.1.3 (/opt/ros/humble/share/rosidl_adapter/cmake)
[1.974s] -- Found rosidl_generator_cpp: 3.1.3 (/opt/ros/humble/share/rosidl_generator_cpp/cmake)
[2.043s] -- Using all available rosidl_typesupport_c: rosidl_typesupport_fastrtps_c;rosidl_typesupport_introspection_c
[2.142s] -- Using all available rosidl_typesupport_cpp: rosidl_typesupport_fastrtps_cpp;rosidl_typesupport_introspection_cpp
[2.464s] -- Found rmw_implementation_cmake: 6.1.0 (/opt/ros/humble/share/rmw_implementation_cmake/cmake)
[2.477s] -- Found rmw_fastrtps_cpp: 6.2.1 (/opt/ros/humble/share/rmw_fastrtps_cpp/cmake)
[3.440s] -- Using RMW implementation 'rmw_fastrtps_cpp' as default
[4.110s] -- Found rosidl_default_generators: 1.2.0 (/opt/ros/humble/share/rosidl_default_generators/cmake)
[6.082s] -- Found ament_cmake_ros: 0.10.0 (/opt/ros/humble/share/ament_cmake_ros/cmake)
[12.180s] -- Using all available rosidl_typesupport_c: rosidl_typesupport_fastrtps_c;rosidl_typesupport_introspection_c
[15.609s] -- Using all available rosidl_typesupport_cpp: rosidl_typesupport_fastrtps_cpp;rosidl_typesupport_introspection_cpp
[16.041s] -- Found python_cmake_module: 0.10.0 (/opt/ros/humble/share/python_cmake_module/cmake)
[16.352s] -- Using PYTHON_EXECUTABLE: /usr/bin/python3
[16.369s] -- Using PYTHON_INCLUDE_DIRS: /usr/include/python3.10
[16.371s] -- Using PYTHON_LIBRARIES: /usr/lib/aarch64-linux-gnu/libpython3.10.so
[16.641s] -- Found ament_lint_auto: 0.12.4 (/opt/ros/humble/share/ament_lint_auto/cmake)
[17.098s] -- Added test 'cppcheck' to perform static code analysis on C / C++ code
[17.110s] -- Configured cppcheck include dirs: 
[17.113s] -- Configured cppcheck exclude dirs and/or files: 
[17.167s] -- Added test 'flake8' to check Python code syntax and style conventions
[17.241s] -- Added test 'lint_cmake' to check CMake code style
[17.281s] -- Added test 'pep257' to check Python code against some of the docstring style conventions in PEP 257
[18.115s] -- Added test 'uncrustify' to check C / C++ code style
[18.123s] -- Configured uncrustify additional arguments: 
[18.338s] -- Added test 'xmllint' to check XML markup files
[18.450s] -- Configuring done
[19.895s] -- Generating done
[20.108s] -- Build files have been written to: /home/pi/autocab/raspberryPI3/ros2_ws/build/interfaces
[22.314s] [  0%] Built target ament_cmake_python_copy_interfaces
[25.991s] [  1%] Built target interfaces__cpp
[26.425s] [  2%] [32mBuilding CXX object CMakeFiles/interfaces__rosidl_typesupport_cpp.dir/rosidl_typesupport_cpp/interfaces/msg/joystick_order__type_support.cpp.o[0m
[26.849s] [  3%] [32mBuilding CXX object CMakeFiles/interfaces__rosidl_typesupport_cpp.dir/rosidl_typesupport_cpp/interfaces/msg/motors_order__type_support.cpp.o[0m
[27.032s] [  4%] [32mBuilding C object CMakeFiles/interfaces__rosidl_generator_c.dir/rosidl_generator_c/interfaces/msg/detail/joystick_order__functions.c.o[0m
[27.806s] [  5%] [32mBuilding C object CMakeFiles/interfaces__rosidl_generator_c.dir/rosidl_generator_c/interfaces/msg/detail/motors_order__functions.c.o[0m
[29.286s] [  6%] [32mBuilding C object CMakeFiles/interfaces__rosidl_generator_c.dir/rosidl_generator_c/interfaces/msg/detail/motors_feedback__functions.c.o[0m
[31.384s] [  7%] [32mBuilding C object CMakeFiles/interfaces__rosidl_generator_c.dir/rosidl_generator_c/interfaces/msg/detail/general_data__functions.c.o[0m
[33.258s] [  8%] [32mBuilding C object CMakeFiles/interfaces__rosidl_generator_c.dir/rosidl_generator_c/interfaces/msg/detail/steering_calibration__functions.c.o[0m
[34.478s] running egg_info
[34.487s] writing interfaces.egg-info/PKG-INFO
[34.490s] writing dependency_links to interfaces.egg-info/dependency_links.txt
[34.493s] writing top-level names to interfaces.egg-info/top_level.txt
[34.552s] reading manifest file 'interfaces.egg-info/SOURCES.txt'
[34.576s] writing manifest file 'interfaces.egg-info/SOURCES.txt'
[35.267s] [  9%] [32mBuilding CXX object CMakeFiles/interfaces__rosidl_typesupport_cpp.dir/rosidl_typesupport_cpp/interfaces/msg/motors_feedback__type_support.cpp.o[0m
[35.308s] [ 10%] [32mBuilding C object CMakeFiles/interfaces__rosidl_generator_c.dir/rosidl_generator_c/interfaces/msg/detail/ultrasonic__functions.c.o[0m
[35.770s] [ 10%] Built target ament_cmake_python_build_interfaces_egg
[37.474s] [ 11%] [32mBuilding C object CMakeFiles/interfaces__rosidl_generator_c.dir/rosidl_generator_c/interfaces/msg/detail/gnss__functions.c.o[0m
[38.662s] [ 12%] [32mBuilding C object CMakeFiles/interfaces__rosidl_generator_c.dir/rosidl_generator_c/interfaces/msg/detail/system_check__functions.c.o[0m
[40.301s] [ 13%] [32mBuilding C object CMakeFiles/interfaces__rosidl_generator_c.dir/rosidl_generator_c/interfaces/msg/detail/serveur__functions.c.o[0m
[41.799s] [ 14%] [32m[1mLinking C shared library libinterfaces__rosidl_generator_c.so[0m
[42.862s] [ 15%] Built target interfaces__rosidl_generator_c
[43.858s] [ 16%] [32mBuilding CXX object CMakeFiles/interfaces__rosidl_typesupport_cpp.dir/rosidl_typesupport_cpp/interfaces/msg/general_data__type_support.cpp.o[0m
[50.623s] [ 17%] [32mBuilding CXX object CMakeFiles/interfaces__rosidl_typesupport_cpp.dir/rosidl_typesupport_cpp/interfaces/msg/steering_calibration__type_support.cpp.o[0m
[57.906s] [ 18%] [32mBuilding CXX object CMakeFiles/interfaces__rosidl_typesupport_cpp.dir/rosidl_typesupport_cpp/interfaces/msg/ultrasonic__type_support.cpp.o[0m
[64.323s] [ 20%] [32mBuilding CXX object CMakeFiles/interfaces__rosidl_typesupport_cpp.dir/rosidl_typesupport_cpp/interfaces/msg/gnss__type_support.cpp.o[0m
[69.947s] [ 21%] [32mBuilding CXX object CMakeFiles/interfaces__rosidl_typesupport_cpp.dir/rosidl_typesupport_cpp/interfaces/msg/system_check__type_support.cpp.o[0m
[75.582s] [ 22%] [32mBuilding CXX object CMakeFiles/interfaces__rosidl_typesupport_cpp.dir/rosidl_typesupport_cpp/interfaces/msg/serveur__type_support.cpp.o[0m
[81.738s] [ 23%] [32m[1mLinking CXX shared library libinterfaces__rosidl_typesupport_cpp.so[0m
[82.671s] [ 24%] Built target interfaces__rosidl_typesupport_cpp
[83.202s] [ 25%] [32mBuilding CXX object CMakeFiles/interfaces__rosidl_typesupport_introspection_cpp.dir/rosidl_typesupport_introspection_cpp/interfaces/msg/detail/joystick_order__type_support.cpp.o[0m
[90.300s] [ 26%] [32mBuilding CXX object CMakeFiles/interfaces__rosidl_typesupport_introspection_cpp.dir/rosidl_typesupport_introspection_cpp/interfaces/msg/detail/motors_order__type_support.cpp.o[0m
[96.299s] [ 27%] [32mBuilding CXX object CMakeFiles/interfaces__rosidl_typesupport_introspection_cpp.dir/rosidl_typesupport_introspection_cpp/interfaces/msg/detail/motors_feedback__type_support.cpp.o[0m
[102.040s] [ 28%] [32mBuilding CXX object CMakeFiles/interfaces__rosidl_typesupport_introspection_cpp.dir/rosidl_typesupport_introspection_cpp/interfaces/msg/detail/general_data__type_support.cpp.o[0m
[107.589s] [ 29%] [32mBuilding CXX object CMakeFiles/interfaces__rosidl_typesupport_introspection_cpp.dir/rosidl_typesupport_introspection_cpp/interfaces/msg/detail/steering_calibration__type_support.cpp.o[0m
[113.099s] [ 30%] [32mBuilding CXX object CMakeFiles/interfaces__rosidl_typesupport_introspection_cpp.dir/rosidl_typesupport_introspection_cpp/interfaces/msg/detail/ultrasonic__type_support.cpp.o[0m
[118.552s] [ 31%] [32mBuilding CXX object CMakeFiles/interfaces__rosidl_typesupport_introspection_cpp.dir/rosidl_typesupport_introspection_cpp/interfaces/msg/detail/gnss__type_support.cpp.o[0m
[124.499s] [ 32%] [32mBuilding CXX object CMakeFiles/interfaces__rosidl_typesupport_introspection_cpp.dir/rosidl_typesupport_introspection_cpp/interfaces/msg/detail/system_check__type_support.cpp.o[0m
[130.573s] [ 33%] [32mBuilding CXX object CMakeFiles/interfaces__rosidl_typesupport_introspection_cpp.dir/rosidl_typesupport_introspection_cpp/interfaces/msg/detail/serveur__type_support.cpp.o[0m
[137.035s] [ 34%] [32m[1mLinking CXX shared library libinterfaces__rosidl_typesupport_introspection_cpp.so[0m
[138.050s] [ 35%] Built target interfaces__rosidl_typesupport_introspection_cpp
[138.588s] [ 36%] [32mBuilding C object CMakeFiles/interfaces__rosidl_typesupport_introspection_c.dir/rosidl_typesupport_introspection_c/interfaces/msg/detail/joystick_order__type_support.c.o[0m
[139.268s] [ 37%] [32mBuilding C object CMakeFiles/interfaces__rosidl_typesupport_introspection_c.dir/rosidl_typesupport_introspection_c/interfaces/msg/detail/motors_order__type_support.c.o[0m
[139.794s] [ 38%] [32mBuilding C object CMakeFiles/interfaces__rosidl_typesupport_introspection_c.dir/rosidl_typesupport_introspection_c/interfaces/msg/detail/motors_feedback__type_support.c.o[0m
[140.380s] [ 40%] [32mBuilding C object CMakeFiles/interfaces__rosidl_typesupport_introspection_c.dir/rosidl_typesupport_introspection_c/interfaces/msg/detail/general_data__type_support.c.o[0m
[141.007s] [ 41%] [32mBuilding C object CMakeFiles/interfaces__rosidl_typesupport_introspection_c.dir/rosidl_typesupport_introspection_c/interfaces/msg/detail/steering_calibration__type_support.c.o[0m
[141.682s] [ 42%] [32mBuilding C object CMakeFiles/interfaces__rosidl_typesupport_introspection_c.dir/rosidl_typesupport_introspection_c/interfaces/msg/detail/ultrasonic__type_support.c.o[0m
[142.204s] [ 43%] [32mBuilding C object CMakeFiles/interfaces__rosidl_typesupport_introspection_c.dir/rosidl_typesupport_introspection_c/interfaces/msg/detail/gnss__type_support.c.o[0m
[142.744s] [ 44%] [32mBuilding C object CMakeFiles/interfaces__rosidl_typesupport_introspection_c.dir/rosidl_typesupport_introspection_c/interfaces/msg/detail/system_check__type_support.c.o[0m
[143.444s] [ 45%] [32mBuilding C object CMakeFiles/interfaces__rosidl_typesupport_introspection_c.dir/rosidl_typesupport_introspection_c/interfaces/msg/detail/serveur__type_support.c.o[0m
[144.153s] [ 46%] [32m[1mLinking C shared library libinterfaces__rosidl_typesupport_introspection_c.so[0m
[144.721s] [ 47%] Built target interfaces__rosidl_typesupport_introspection_c
[145.046s] [ 48%] [32mBuilding CXX object CMakeFiles/interfaces__rosidl_typesupport_c.dir/rosidl_typesupport_c/interfaces/msg/joystick_order__type_support.cpp.o[0m
[145.499s] [ 49%] [32mBuilding CXX object CMakeFiles/interfaces__rosidl_typesupport_c.dir/rosidl_typesupport_c/interfaces/msg/motors_order__type_support.cpp.o[0m
[145.991s] [ 50%] [32mBuilding CXX object CMakeFiles/interfaces__rosidl_typesupport_c.dir/rosidl_typesupport_c/interfaces/msg/motors_feedback__type_support.cpp.o[0m
[146.591s] [ 51%] [32mBuilding CXX object CMakeFiles/interfaces__rosidl_typesupport_c.dir/rosidl_typesupport_c/interfaces/msg/general_data__type_support.cpp.o[0m
[147.105s] [ 52%] [32mBuilding CXX object CMakeFiles/interfaces__rosidl_typesupport_c.dir/rosidl_typesupport_c/interfaces/msg/steering_calibration__type_support.cpp.o[0m
[147.587s] [ 53%] [32mBuilding CXX object CMakeFiles/interfaces__rosidl_typesupport_c.dir/rosidl_typesupport_c/interfaces/msg/ultrasonic__type_support.cpp.o[0m
[148.152s] [ 54%] [32mBuilding CXX object CMakeFiles/interfaces__rosidl_typesupport_c.dir/rosidl_typesupport_c/interfaces/msg/gnss__type_support.cpp.o[0m
[148.659s] [ 55%] [32mBuilding CXX object CMakeFiles/interfaces__rosidl_typesupport_c.dir/rosidl_typesupport_c/interfaces/msg/system_check__type_support.cpp.o[0m
[149.159s] [ 56%] [32mBuilding CXX object CMakeFiles/interfaces__rosidl_typesupport_c.dir/rosidl_typesupport_c/interfaces/msg/serveur__type_support.cpp.o[0m
[149.749s] [ 57%] [32m[1mLinking CXX shared library libinterfaces__rosidl_typesupport_c.so[0m
[150.374s] [ 58%] Built target interfaces__rosidl_typesupport_c
[150.677s] [ 60%] [32mBuilding CXX object CMakeFiles/interfaces__rosidl_typesupport_fastrtps_c.dir/rosidl_typesupport_fastrtps_c/interfaces/msg/detail/joystick_order__type_support_c.cpp.o[0m
[156.505s] [ 61%] [32mBuilding CXX object CMakeFiles/interfaces__rosidl_typesupport_fastrtps_c.dir/rosidl_typesupport_fastrtps_c/interfaces/msg/detail/motors_feedback__type_support_c.cpp.o[0m
[161.890s] [ 62%] [32mBuilding CXX object CMakeFiles/interfaces__rosidl_typesupport_fastrtps_c.dir/rosidl_typesupport_fastrtps_c/interfaces/msg/detail/general_data__type_support_c.cpp.o[0m
[167.279s] [ 63%] [32mBuilding CXX object CMakeFiles/interfaces__rosidl_typesupport_fastrtps_c.dir/rosidl_typesupport_fastrtps_c/interfaces/msg/detail/steering_calibration__type_support_c.cpp.o[0m
[173.045s] [ 64%] [32mBuilding CXX object CMakeFiles/interfaces__rosidl_typesupport_fastrtps_c.dir/rosidl_typesupport_fastrtps_c/interfaces/msg/detail/ultrasonic__type_support_c.cpp.o[0m
[178.264s] [ 65%] [32mBuilding CXX object CMakeFiles/interfaces__rosidl_typesupport_fastrtps_c.dir/rosidl_typesupport_fastrtps_c/interfaces/msg/detail/gnss__type_support_c.cpp.o[0m
[183.618s] [ 66%] [32mBuilding CXX object CMakeFiles/interfaces__rosidl_typesupport_fastrtps_c.dir/rosidl_typesupport_fastrtps_c/interfaces/msg/detail/system_check__type_support_c.cpp.o[0m
[189.177s] [ 67%] [32mBuilding CXX object CMakeFiles/interfaces__rosidl_typesupport_fastrtps_c.dir/rosidl_typesupport_fastrtps_c/interfaces/msg/detail/serveur__type_support_c.cpp.o[0m
[194.170s] [ 68%] [32mBuilding CXX object CMakeFiles/interfaces__rosidl_typesupport_fastrtps_c.dir/rosidl_typesupport_fastrtps_c/interfaces/msg/detail/motors_order__type_support_c.cpp.o[0m
[199.395s] [ 69%] [32m[1mLinking CXX shared library libinterfaces__rosidl_typesupport_fastrtps_c.so[0m
[200.305s] [ 70%] Built target interfaces__rosidl_typesupport_fastrtps_c
[200.623s] [ 71%] [32mBuilding CXX object CMakeFiles/interfaces__rosidl_typesupport_fastrtps_cpp.dir/rosidl_typesupport_fastrtps_cpp/interfaces/msg/detail/dds_fastrtps/joystick_order__type_support.cpp.o[0m
[207.094s] [ 72%] [32mBuilding CXX object CMakeFiles/interfaces__rosidl_typesupport_fastrtps_cpp.dir/rosidl_typesupport_fastrtps_cpp/interfaces/msg/detail/dds_fastrtps/general_data__type_support.cpp.o[0m
[213.562s] [ 73%] [32mBuilding CXX object CMakeFiles/interfaces__rosidl_typesupport_fastrtps_cpp.dir/rosidl_typesupport_fastrtps_cpp/interfaces/msg/detail/dds_fastrtps/steering_calibration__type_support.cpp.o[0m
[219.578s] [ 74%] [32mBuilding CXX object CMakeFiles/interfaces__rosidl_typesupport_fastrtps_cpp.dir/rosidl_typesupport_fastrtps_cpp/interfaces/msg/detail/dds_fastrtps/ultrasonic__type_support.cpp.o[0m
[225.333s] [ 75%] [32mBuilding CXX object CMakeFiles/interfaces__rosidl_typesupport_fastrtps_cpp.dir/rosidl_typesupport_fastrtps_cpp/interfaces/msg/detail/dds_fastrtps/gnss__type_support.cpp.o[0m
[231.777s] [ 76%] [32mBuilding CXX object CMakeFiles/interfaces__rosidl_typesupport_fastrtps_cpp.dir/rosidl_typesupport_fastrtps_cpp/interfaces/msg/detail/dds_fastrtps/system_check__type_support.cpp.o[0m
[238.175s] [ 77%] [32mBuilding CXX object CMakeFiles/interfaces__rosidl_typesupport_fastrtps_cpp.dir/rosidl_typesupport_fastrtps_cpp/interfaces/msg/detail/dds_fastrtps/serveur__type_support.cpp.o[0m
[243.849s] [ 78%] [32mBuilding CXX object CMakeFiles/interfaces__rosidl_typesupport_fastrtps_cpp.dir/rosidl_typesupport_fastrtps_cpp/interfaces/msg/detail/dds_fastrtps/motors_feedback__type_support.cpp.o[0m
[249.547s] [ 80%] [32mBuilding CXX object CMakeFiles/interfaces__rosidl_typesupport_fastrtps_cpp.dir/rosidl_typesupport_fastrtps_cpp/interfaces/msg/detail/dds_fastrtps/motors_order__type_support.cpp.o[0m
[255.149s] [ 81%] [32m[1mLinking CXX shared library libinterfaces__rosidl_typesupport_fastrtps_cpp.so[0m
[256.083s] [ 82%] Built target interfaces__rosidl_typesupport_fastrtps_cpp
[256.475s] [ 82%] Built target interfaces
[256.793s] [ 83%] Built target interfaces__py
[257.080s] [ 84%] [32mBuilding C object CMakeFiles/interfaces__rosidl_generator_py.dir/rosidl_generator_py/interfaces/msg/_joystick_order_s.c.o[0m
[258.829s] [ 85%] [32mBuilding C object CMakeFiles/interfaces__rosidl_generator_py.dir/rosidl_generator_py/interfaces/msg/_general_data_s.c.o[0m
[260.321s] [ 86%] [32mBuilding C object CMakeFiles/interfaces__rosidl_generator_py.dir/rosidl_generator_py/interfaces/msg/_steering_calibration_s.c.o[0m
[262.095s] [ 87%] [32mBuilding C object CMakeFiles/interfaces__rosidl_generator_py.dir/rosidl_generator_py/interfaces/msg/_ultrasonic_s.c.o[0m
[264.279s] [ 88%] [32mBuilding C object CMakeFiles/interfaces__rosidl_generator_py.dir/rosidl_generator_py/interfaces/msg/_gnss_s.c.o[0m
[266.069s] [ 89%] [32mBuilding C object CMakeFiles/interfaces__rosidl_generator_py.dir/rosidl_generator_py/interfaces/msg/_system_check_s.c.o[0m
[268.255s] [ 90%] [32mBuilding C object CMakeFiles/interfaces__rosidl_generator_py.dir/rosidl_generator_py/interfaces/msg/_serveur_s.c.o[0m
[269.869s] [ 91%] [32mBuilding C object CMakeFiles/interfaces__rosidl_generator_py.dir/rosidl_generator_py/interfaces/msg/_motors_feedback_s.c.o[0m
[271.595s] [ 92%] [32mBuilding C object CMakeFiles/interfaces__rosidl_generator_py.dir/rosidl_generator_py/interfaces/msg/_motors_order_s.c.o[0m
[273.220s] [ 93%] [32m[1mLinking C shared library rosidl_generator_py/interfaces/libinterfaces__rosidl_generator_py.so[0m
[274.037s] [ 93%] Built target interfaces__rosidl_generator_py
[274.340s] [ 94%] [32mBuilding C object CMakeFiles/interfaces__rosidl_typesupport_fastrtps_c__pyext.dir/rosidl_generator_py/interfaces/_interfaces_s.ep.rosidl_typesupport_fastrtps_c.c.o[0m
[276.390s] [ 95%] [32m[1mLinking C shared library rosidl_generator_py/interfaces/interfaces_s__rosidl_typesupport_fastrtps_c.cpython-310-aarch64-linux-gnu.so[0m
[276.927s] [ 95%] Built target interfaces__rosidl_typesupport_fastrtps_c__pyext
[277.220s] [ 96%] [32mBuilding C object CMakeFiles/interfaces__rosidl_typesupport_c__pyext.dir/rosidl_generator_py/interfaces/_interfaces_s.ep.rosidl_typesupport_c.c.o[0m
[279.022s] [ 97%] [32m[1mLinking C shared library rosidl_generator_py/interfaces/interfaces_s__rosidl_typesupport_c.cpython-310-aarch64-linux-gnu.so[0m
[279.477s] [ 97%] Built target interfaces__rosidl_typesupport_c__pyext
[279.746s] [ 98%] [32mBuilding C object CMakeFiles/interfaces__rosidl_typesupport_introspection_c__pyext.dir/rosidl_generator_py/interfaces/_interfaces_s.ep.rosidl_typesupport_introspection_c.c.o[0m
[281.619s] [100%] [32m[1mLinking C shared library rosidl_generator_py/interfaces/interfaces_s__rosidl_typesupport_introspection_c.cpython-310-aarch64-linux-gnu.so[0m
[282.091s] [100%] Built target interfaces__rosidl_typesupport_introspection_c__pyext
[282.275s] Invoked command in '/home/pi/autocab/raspberryPI3/ros2_ws/build/interfaces' returned '0': CMAKE_PREFIX_PATH=${CMAKE_PREFIX_PATH}:/opt/ros/humble /usr/bin/cmake --build /home/pi/autocab/raspberryPI3/ros2_ws/build/interfaces -- -j4 -l4
[288.170s] Invoking command in '/home/pi/autocab/raspberryPI3/ros2_ws/build/interfaces': CMAKE_PREFIX_PATH=${CMAKE_PREFIX_PATH}:/opt/ros/humble /usr/bin/cmake --install /home/pi/autocab/raspberryPI3/ros2_ws/build/interfaces
[288.338s] -- Install configuration: ""
[288.341s] -- Up-to-date: /home/pi/autocab/raspberryPI3/ros2_ws/install/interfaces/share/ament_index/resource_index/rosidl_interfaces/interfaces
[288.343s] -- Up-to-date: /home/pi/autocab/raspberryPI3/ros2_ws/install/interfaces/include/interfaces/interfaces
[288.346s] -- Up-to-date: /home/pi/autocab/raspberryPI3/ros2_ws/install/interfaces/include/interfaces/interfaces/msg
[288.348s] -- Up-to-date: /home/pi/autocab/raspberryPI3/ros2_ws/install/interfaces/include/interfaces/interfaces/msg/system_check.h
[288.350s] -- Up-to-date: /home/pi/autocab/raspberryPI3/ros2_ws/install/interfaces/include/interfaces/interfaces/msg/rosidl_generator_c__visibility_control.h
[288.357s] -- Up-to-date: /home/pi/autocab/raspberryPI3/ros2_ws/install/interfaces/include/interfaces/interfaces/msg/motors_order.h
[288.359s] -- Up-to-date: /home/pi/autocab/raspberryPI3/ros2_ws/install/interfaces/include/interfaces/interfaces/msg/ultrasonic.h
[288.360s] -- Up-to-date: /home/pi/autocab/raspberryPI3/ros2_ws/install/interfaces/include/interfaces/interfaces/msg/joystick_order.h
[288.366s] -- Up-to-date: /home/pi/autocab/raspberryPI3/ros2_ws/install/interfaces/include/interfaces/interfaces/msg/steering_calibration.h
[288.368s] -- Up-to-date: /home/pi/autocab/raspberryPI3/ros2_ws/install/interfaces/include/interfaces/interfaces/msg/gnss.h
[288.369s] -- Up-to-date: /home/pi/autocab/raspberryPI3/ros2_ws/install/interfaces/include/interfaces/interfaces/msg/detail
[288.374s] -- Installing: /home/pi/autocab/raspberryPI3/ros2_ws/install/interfaces/include/interfaces/interfaces/msg/detail/general_data__struct.h
[288.381s] -- Installing: /home/pi/autocab/raspberryPI3/ros2_ws/install/interfaces/include/interfaces/interfaces/msg/detail/general_data__functions.h
[288.384s] -- Installing: /home/pi/autocab/raspberryPI3/ros2_ws/install/interfaces/include/interfaces/interfaces/msg/detail/joystick_order__type_support.h
[288.385s] -- Installing: /home/pi/autocab/raspberryPI3/ros2_ws/install/interfaces/include/interfaces/interfaces/msg/detail/steering_calibration__functions.c
[288.398s] -- Installing: /home/pi/autocab/raspberryPI3/ros2_ws/install/interfaces/include/interfaces/interfaces/msg/detail/serveur__type_support.h
[288.400s] -- Installing: /home/pi/autocab/raspberryPI3/ros2_ws/install/interfaces/include/interfaces/interfaces/msg/detail/motors_feedback__functions.h
[288.401s] -- Installing: /home/pi/autocab/raspberryPI3/ros2_ws/install/interfaces/include/interfaces/interfaces/msg/detail/motors_order__type_support.h
[288.411s] -- Installing: /home/pi/autocab/raspberryPI3/ros2_ws/install/interfaces/include/interfaces/interfaces/msg/detail/joystick_order__functions.c
[288.419s] -- Installing: /home/pi/autocab/raspberryPI3/ros2_ws/install/interfaces/include/interfaces/interfaces/msg/detail/general_data__type_support.h
[288.424s] -- Installing: /home/pi/autocab/raspberryPI3/ros2_ws/install/interfaces/include/interfaces/interfaces/msg/detail/motors_feedback__functions.c
[288.430s] -- Installing: /home/pi/autocab/raspberryPI3/ros2_ws/install/interfaces/include/interfaces/interfaces/msg/detail/gnss__struct.h
[288.435s] -- Installing: /home/pi/autocab/raspberryPI3/ros2_ws/install/interfaces/include/interfaces/interfaces/msg/detail/ultrasonic__functions.c
[288.441s] -- Installing: /home/pi/autocab/raspberryPI3/ros2_ws/install/interfaces/include/interfaces/interfaces/msg/detail/general_data__functions.c
[288.446s] -- Installing: /home/pi/autocab/raspberryPI3/ros2_ws/install/interfaces/include/interfaces/interfaces/msg/detail/system_check__struct.h
[288.451s] -- Installing: /home/pi/autocab/raspberryPI3/ros2_ws/install/interfaces/include/interfaces/interfaces/msg/detail/joystick_order__struct.h
[288.456s] -- Installing: /home/pi/autocab/raspberryPI3/ros2_ws/install/interfaces/include/interfaces/interfaces/msg/detail/motors_order__functions.h
[288.462s] -- Installing: /home/pi/autocab/raspberryPI3/ros2_ws/install/interfaces/include/interfaces/interfaces/msg/detail/gnss__functions.h
[288.467s] -- Installing: /home/pi/autocab/raspberryPI3/ros2_ws/install/interfaces/include/interfaces/interfaces/msg/detail/ultrasonic__type_support.h
[288.476s] -- Installing: /home/pi/autocab/raspberryPI3/ros2_ws/install/interfaces/include/interfaces/interfaces/msg/detail/serveur__functions.h
[288.481s] -- Installing: /home/pi/autocab/raspberryPI3/ros2_ws/install/interfaces/include/interfaces/interfaces/msg/detail/system_check__functions.c
[288.487s] -- Installing: /home/pi/autocab/raspberryPI3/ros2_ws/install/interfaces/include/interfaces/interfaces/msg/detail/motors_order__functions.c
[288.498s] -- Installing: /home/pi/autocab/raspberryPI3/ros2_ws/install/interfaces/include/interfaces/interfaces/msg/detail/serveur__struct.h
[288.503s] -- Installing: /home/pi/autocab/raspberryPI3/ros2_ws/install/interfaces/include/interfaces/interfaces/msg/detail/joystick_order__functions.h
[288.510s] -- Installing: /home/pi/autocab/raspberryPI3/ros2_ws/install/interfaces/include/interfaces/interfaces/msg/detail/motors_feedback__type_support.h
[288.517s] -- Installing: /home/pi/autocab/raspberryPI3/ros2_ws/install/interfaces/include/interfaces/interfaces/msg/detail/gnss__functions.c
[288.524s] -- Installing: /home/pi/autocab/raspberryPI3/ros2_ws/install/interfaces/include/interfaces/interfaces/msg/detail/steering_calibration__functions.h
[288.531s] -- Installing: /home/pi/autocab/raspberryPI3/ros2_ws/install/interfaces/include/interfaces/interfaces/msg/detail/system_check__functions.h
[288.541s] -- Installing: /home/pi/autocab/raspberryPI3/ros2_ws/install/interfaces/include/interfaces/interfaces/msg/detail/ultrasonic__struct.h
[288.545s] -- Installing: /home/pi/autocab/raspberryPI3/ros2_ws/install/interfaces/include/interfaces/interfaces/msg/detail/steering_calibration__type_support.h
[288.553s] -- Installing: /home/pi/autocab/raspberryPI3/ros2_ws/install/interfaces/include/interfaces/interfaces/msg/detail/serveur__functions.c
[288.558s] -- Installing: /home/pi/autocab/raspberryPI3/ros2_ws/install/interfaces/include/interfaces/interfaces/msg/detail/system_check__type_support.h
[288.564s] -- Installing: /home/pi/autocab/raspberryPI3/ros2_ws/install/interfaces/include/interfaces/interfaces/msg/detail/ultrasonic__functions.h
[288.570s] -- Installing: /home/pi/autocab/raspberryPI3/ros2_ws/install/interfaces/include/interfaces/interfaces/msg/detail/steering_calibration__struct.h
[288.575s] -- Installing: /home/pi/autocab/raspberryPI3/ros2_ws/install/interfaces/include/interfaces/interfaces/msg/detail/motors_order__struct.h
[288.581s] -- Installing: /home/pi/autocab/raspberryPI3/ros2_ws/install/interfaces/include/interfaces/interfaces/msg/detail/gnss__type_support.h
[288.586s] -- Installing: /home/pi/autocab/raspberryPI3/ros2_ws/install/interfaces/include/interfaces/interfaces/msg/detail/motors_feedback__struct.h
[288.597s] -- Up-to-date: /home/pi/autocab/raspberryPI3/ros2_ws/install/interfaces/include/interfaces/interfaces/msg/general_data.h
[288.599s] -- Up-to-date: /home/pi/autocab/raspberryPI3/ros2_ws/install/interfaces/include/interfaces/interfaces/msg/serveur.h
[288.601s] -- Up-to-date: /home/pi/autocab/raspberryPI3/ros2_ws/install/interfaces/include/interfaces/interfaces/msg/motors_feedback.h
[288.604s] -- Installing: /home/pi/autocab/raspberryPI3/ros2_ws/install/interfaces/share/interfaces/environment/library_path.sh
[288.609s] -- Installing: /home/pi/autocab/raspberryPI3/ros2_ws/install/interfaces/share/interfaces/environment/library_path.dsv
[288.615s] -- Installing: /home/pi/autocab/raspberryPI3/ros2_ws/install/interfaces/lib/libinterfaces__rosidl_generator_c.so
[288.625s] -- Set runtime path of "/home/pi/autocab/raspberryPI3/ros2_ws/install/interfaces/lib/libinterfaces__rosidl_generator_c.so" to ""
[288.627s] -- Up-to-date: /home/pi/autocab/raspberryPI3/ros2_ws/install/interfaces/include/interfaces/interfaces
[288.628s] -- Up-to-date: /home/pi/autocab/raspberryPI3/ros2_ws/install/interfaces/include/interfaces/interfaces/msg
[288.632s] -- Up-to-date: /home/pi/autocab/raspberryPI3/ros2_ws/install/interfaces/include/interfaces/interfaces/msg/rosidl_typesupport_fastrtps_c__visibility_control.h
[288.638s] -- Up-to-date: /home/pi/autocab/raspberryPI3/ros2_ws/install/interfaces/include/interfaces/interfaces/msg/detail
[288.639s] -- Up-to-date: /home/pi/autocab/raspberryPI3/ros2_ws/install/interfaces/include/interfaces/interfaces/msg/detail/steering_calibration__rosidl_typesupport_fastrtps_c.h
[288.641s] -- Up-to-date: /home/pi/autocab/raspberryPI3/ros2_ws/install/interfaces/include/interfaces/interfaces/msg/detail/joystick_order__rosidl_typesupport_fastrtps_c.h
[288.643s] -- Up-to-date: /home/pi/autocab/raspberryPI3/ros2_ws/install/interfaces/include/interfaces/interfaces/msg/detail/serveur__rosidl_typesupport_fastrtps_c.h
[288.644s] -- Up-to-date: /home/pi/autocab/raspberryPI3/ros2_ws/install/interfaces/include/interfaces/interfaces/msg/detail/gnss__rosidl_typesupport_fastrtps_c.h
[288.652s] -- Up-to-date: /home/pi/autocab/raspberryPI3/ros2_ws/install/interfaces/include/interfaces/interfaces/msg/detail/motors_order__rosidl_typesupport_fastrtps_c.h
[288.659s] -- Up-to-date: /home/pi/autocab/raspberryPI3/ros2_ws/install/interfaces/include/interfaces/interfaces/msg/detail/ultrasonic__rosidl_typesupport_fastrtps_c.h
[288.660s] -- Up-to-date: /home/pi/autocab/raspberryPI3/ros2_ws/install/interfaces/include/interfaces/interfaces/msg/detail/motors_feedback__rosidl_typesupport_fastrtps_c.h
[288.662s] -- Up-to-date: /home/pi/autocab/raspberryPI3/ros2_ws/install/interfaces/include/interfaces/interfaces/msg/detail/general_data__rosidl_typesupport_fastrtps_c.h
[288.670s] -- Up-to-date: /home/pi/autocab/raspberryPI3/ros2_ws/install/interfaces/include/interfaces/interfaces/msg/detail/system_check__rosidl_typesupport_fastrtps_c.h
[288.672s] -- Installing: /home/pi/autocab/raspberryPI3/ros2_ws/install/interfaces/lib/libinterfaces__rosidl_typesupport_fastrtps_c.so
[288.686s] -- Set runtime path of "/home/pi/autocab/raspberryPI3/ros2_ws/install/interfaces/lib/libinterfaces__rosidl_typesupport_fastrtps_c.so" to ""
[288.687s] -- Up-to-date: /home/pi/autocab/raspberryPI3/ros2_ws/install/interfaces/include/interfaces/interfaces
[288.691s] -- Up-to-date: /home/pi/autocab/raspberryPI3/ros2_ws/install/interfaces/include/interfaces/interfaces/msg
[288.694s] -- Up-to-date: /home/pi/autocab/raspberryPI3/ros2_ws/install/interfaces/include/interfaces/interfaces/msg/motors_order.hpp
[288.695s] -- Up-to-date: /home/pi/autocab/raspberryPI3/ros2_ws/install/interfaces/include/interfaces/interfaces/msg/gnss.hpp
[288.704s] -- Up-to-date: /home/pi/autocab/raspberryPI3/ros2_ws/install/interfaces/include/interfaces/interfaces/msg/motors_feedback.hpp
[288.706s] -- Up-to-date: /home/pi/autocab/raspberryPI3/ros2_ws/install/interfaces/include/interfaces/interfaces/msg/ultrasonic.hpp
[288.707s] -- Up-to-date: /home/pi/autocab/raspberryPI3/ros2_ws/install/interfaces/include/interfaces/interfaces/msg/steering_calibration.hpp
[288.709s] -- Up-to-date: /home/pi/autocab/raspberryPI3/ros2_ws/install/interfaces/include/interfaces/interfaces/msg/serveur.hpp
[288.716s] -- Up-to-date: /home/pi/autocab/raspberryPI3/ros2_ws/install/interfaces/include/interfaces/interfaces/msg/detail
[288.718s] -- Installing: /home/pi/autocab/raspberryPI3/ros2_ws/install/interfaces/include/interfaces/interfaces/msg/detail/motors_feedback__builder.hpp
[288.719s] -- Installing: /home/pi/autocab/raspberryPI3/ros2_ws/install/interfaces/include/interfaces/interfaces/msg/detail/general_data__traits.hpp
[288.724s] -- Installing: /home/pi/autocab/raspberryPI3/ros2_ws/install/interfaces/include/interfaces/interfaces/msg/detail/motors_feedback__struct.hpp
[288.729s] -- Installing: /home/pi/autocab/raspberryPI3/ros2_ws/install/interfaces/include/interfaces/interfaces/msg/detail/joystick_order__traits.hpp
[288.733s] -- Installing: /home/pi/autocab/raspberryPI3/ros2_ws/install/interfaces/include/interfaces/interfaces/msg/detail/serveur__traits.hpp
[288.749s] -- Installing: /home/pi/autocab/raspberryPI3/ros2_ws/install/interfaces/include/interfaces/interfaces/msg/detail/system_check__struct.hpp
[288.754s] -- Installing: /home/pi/autocab/raspberryPI3/ros2_ws/install/interfaces/include/interfaces/interfaces/msg/detail/ultrasonic__builder.hpp
[288.758s] -- Installing: /home/pi/autocab/raspberryPI3/ros2_ws/install/interfaces/include/interfaces/interfaces/msg/detail/ultrasonic__struct.hpp
[288.770s] -- Installing: /home/pi/autocab/raspberryPI3/ros2_ws/install/interfaces/include/interfaces/interfaces/msg/detail/joystick_order__builder.hpp
[288.775s] -- Installing: /home/pi/autocab/raspberryPI3/ros2_ws/install/interfaces/include/interfaces/interfaces/msg/detail/steering_calibration__struct.hpp
[288.781s] -- Installing: /home/pi/autocab/raspberryPI3/ros2_ws/install/interfaces/include/interfaces/interfaces/msg/detail/steering_calibration__traits.hpp
[288.786s] -- Installing: /home/pi/autocab/raspberryPI3/ros2_ws/install/interfaces/include/interfaces/interfaces/msg/detail/motors_order__struct.hpp
[288.790s] -- Installing: /home/pi/autocab/raspberryPI3/ros2_ws/install/interfaces/include/interfaces/interfaces/msg/detail/gnss__builder.hpp
[288.800s] -- Installing: /home/pi/autocab/raspberryPI3/ros2_ws/install/interfaces/include/interfaces/interfaces/msg/detail/general_data__builder.hpp
[288.804s] -- Installing: /home/pi/autocab/raspberryPI3/ros2_ws/install/interfaces/include/interfaces/interfaces/msg/detail/motors_feedback__traits.hpp
[288.808s] -- Installing: /home/pi/autocab/raspberryPI3/ros2_ws/install/interfaces/include/interfaces/interfaces/msg/detail/motors_order__builder.hpp
[288.812s] -- Installing: /home/pi/autocab/raspberryPI3/ros2_ws/install/interfaces/include/interfaces/interfaces/msg/detail/joystick_order__struct.hpp
[288.815s] -- Installing: /home/pi/autocab/raspberryPI3/ros2_ws/install/interfaces/include/interfaces/interfaces/msg/detail/serveur__struct.hpp
[288.820s] -- Installing: /home/pi/autocab/raspberryPI3/ros2_ws/install/interfaces/include/interfaces/interfaces/msg/detail/motors_order__traits.hpp
[288.823s] -- Installing: /home/pi/autocab/raspberryPI3/ros2_ws/install/interfaces/include/interfaces/interfaces/msg/detail/gnss__struct.hpp
[288.827s] -- Installing: /home/pi/autocab/raspberryPI3/ros2_ws/install/interfaces/include/interfaces/interfaces/msg/detail/serveur__builder.hpp
[288.831s] -- Installing: /home/pi/autocab/raspberryPI3/ros2_ws/install/interfaces/include/interfaces/interfaces/msg/detail/ultrasonic__traits.hpp
[288.835s] -- Installing: /home/pi/autocab/raspberryPI3/ros2_ws/install/interfaces/include/interfaces/interfaces/msg/detail/system_check__traits.hpp
[288.839s] -- Installing: /home/pi/autocab/raspberryPI3/ros2_ws/install/interfaces/include/interfaces/interfaces/msg/detail/steering_calibration__builder.hpp
[288.843s] -- Installing: /home/pi/autocab/raspberryPI3/ros2_ws/install/interfaces/include/interfaces/interfaces/msg/detail/system_check__builder.hpp
[288.847s] -- Installing: /home/pi/autocab/raspberryPI3/ros2_ws/install/interfaces/include/interfaces/interfaces/msg/detail/general_data__struct.hpp
[288.851s] -- Installing: /home/pi/autocab/raspberryPI3/ros2_ws/install/interfaces/include/interfaces/interfaces/msg/detail/gnss__traits.hpp
[288.856s] -- Up-to-date: /home/pi/autocab/raspberryPI3/ros2_ws/install/interfaces/include/interfaces/interfaces/msg/joystick_order.hpp
[288.857s] -- Up-to-date: /home/pi/autocab/raspberryPI3/ros2_ws/install/interfaces/include/interfaces/interfaces/msg/system_check.hpp
[288.859s] -- Up-to-date: /home/pi/autocab/raspberryPI3/ros2_ws/install/interfaces/include/interfaces/interfaces/msg/general_data.hpp
[288.861s] -- Up-to-date: /home/pi/autocab/raspberryPI3/ros2_ws/install/interfaces/include/interfaces/interfaces
[288.863s] -- Up-to-date: /home/pi/autocab/raspberryPI3/ros2_ws/install/interfaces/include/interfaces/interfaces/msg
[288.864s] -- Up-to-date: /home/pi/autocab/raspberryPI3/ros2_ws/install/interfaces/include/interfaces/interfaces/msg/rosidl_typesupport_fastrtps_cpp__visibility_control.h
[288.866s] -- Up-to-date: /home/pi/autocab/raspberryPI3/ros2_ws/install/interfaces/include/interfaces/interfaces/msg/detail
[288.870s] -- Up-to-date: /home/pi/autocab/raspberryPI3/ros2_ws/install/interfaces/include/interfaces/interfaces/msg/detail/serveur__rosidl_typesupport_fastrtps_cpp.hpp
[288.874s] -- Installing: /home/pi/autocab/raspberryPI3/ros2_ws/install/interfaces/include/interfaces/interfaces/msg/detail/dds_fastrtps
[288.881s] -- Up-to-date: /home/pi/autocab/raspberryPI3/ros2_ws/install/interfaces/include/interfaces/interfaces/msg/detail/ultrasonic__rosidl_typesupport_fastrtps_cpp.hpp
[288.882s] -- Up-to-date: /home/pi/autocab/raspberryPI3/ros2_ws/install/interfaces/include/interfaces/interfaces/msg/detail/motors_order__rosidl_typesupport_fastrtps_cpp.hpp
[288.883s] -- Up-to-date: /home/pi/autocab/raspberryPI3/ros2_ws/install/interfaces/include/interfaces/interfaces/msg/detail/general_data__rosidl_typesupport_fastrtps_cpp.hpp
[288.891s] -- Up-to-date: /home/pi/autocab/raspberryPI3/ros2_ws/install/interfaces/include/interfaces/interfaces/msg/detail/system_check__rosidl_typesupport_fastrtps_cpp.hpp
[288.892s] -- Up-to-date: /home/pi/autocab/raspberryPI3/ros2_ws/install/interfaces/include/interfaces/interfaces/msg/detail/steering_calibration__rosidl_typesupport_fastrtps_cpp.hpp
[288.894s] -- Up-to-date: /home/pi/autocab/raspberryPI3/ros2_ws/install/interfaces/include/interfaces/interfaces/msg/detail/motors_feedback__rosidl_typesupport_fastrtps_cpp.hpp
[288.900s] -- Up-to-date: /home/pi/autocab/raspberryPI3/ros2_ws/install/interfaces/include/interfaces/interfaces/msg/detail/joystick_order__rosidl_typesupport_fastrtps_cpp.hpp
[288.907s] -- Up-to-date: /home/pi/autocab/raspberryPI3/ros2_ws/install/interfaces/include/interfaces/interfaces/msg/detail/gnss__rosidl_typesupport_fastrtps_cpp.hpp
[288.911s] -- Installing: /home/pi/autocab/raspberryPI3/ros2_ws/install/interfaces/lib/libinterfaces__rosidl_typesupport_fastrtps_cpp.so
[288.918s] -- Set runtime path of "/home/pi/autocab/raspberryPI3/ros2_ws/install/interfaces/lib/libinterfaces__rosidl_typesupport_fastrtps_cpp.so" to ""
[288.921s] -- Up-to-date: /home/pi/autocab/raspberryPI3/ros2_ws/install/interfaces/include/interfaces/interfaces
[288.922s] -- Up-to-date: /home/pi/autocab/raspberryPI3/ros2_ws/install/interfaces/include/interfaces/interfaces/msg
[288.923s] -- Up-to-date: /home/pi/autocab/raspberryPI3/ros2_ws/install/interfaces/include/interfaces/interfaces/msg/rosidl_typesupport_introspection_c__visibility_control.h
[288.925s] -- Up-to-date: /home/pi/autocab/raspberryPI3/ros2_ws/install/interfaces/include/interfaces/interfaces/msg/detail
[288.926s] -- Up-to-date: /home/pi/autocab/raspberryPI3/ros2_ws/install/interfaces/include/interfaces/interfaces/msg/detail/gnss__rosidl_typesupport_introspection_c.h
[288.927s] -- Up-to-date: /home/pi/autocab/raspberryPI3/ros2_ws/install/interfaces/include/interfaces/interfaces/msg/detail/general_data__type_support.c
[288.928s] -- Up-to-date: /home/pi/autocab/raspberryPI3/ros2_ws/install/interfaces/include/interfaces/interfaces/msg/detail/gnss__type_support.c
[288.941s] -- Up-to-date: /home/pi/autocab/raspberryPI3/ros2_ws/install/interfaces/include/interfaces/interfaces/msg/detail/motors_order__type_support.c
[288.945s] -- Up-to-date: /home/pi/autocab/raspberryPI3/ros2_ws/install/interfaces/include/interfaces/interfaces/msg/detail/motors_order__rosidl_typesupport_introspection_c.h
[288.950s] -- Up-to-date: /home/pi/autocab/raspberryPI3/ros2_ws/install/interfaces/include/interfaces/interfaces/msg/detail/system_check__type_support.c
[288.957s] -- Up-to-date: /home/pi/autocab/raspberryPI3/ros2_ws/install/interfaces/include/interfaces/interfaces/msg/detail/serveur__rosidl_typesupport_introspection_c.h
[288.964s] -- Up-to-date: /home/pi/autocab/raspberryPI3/ros2_ws/install/interfaces/include/interfaces/interfaces/msg/detail/motors_feedback__type_support.c
[288.965s] -- Up-to-date: /home/pi/autocab/raspberryPI3/ros2_ws/install/interfaces/include/interfaces/interfaces/msg/detail/serveur__type_support.c
[288.966s] -- Up-to-date: /home/pi/autocab/raspberryPI3/ros2_ws/install/interfaces/include/interfaces/interfaces/msg/detail/joystick_order__type_support.c
[288.967s] -- Up-to-date: /home/pi/autocab/raspberryPI3/ros2_ws/install/interfaces/include/interfaces/interfaces/msg/detail/steering_calibration__rosidl_typesupport_introspection_c.h
[288.968s] -- Up-to-date: /home/pi/autocab/raspberryPI3/ros2_ws/install/interfaces/include/interfaces/interfaces/msg/detail/ultrasonic__rosidl_typesupport_introspection_c.h
[288.969s] -- Up-to-date: /home/pi/autocab/raspberryPI3/ros2_ws/install/interfaces/include/interfaces/interfaces/msg/detail/system_check__rosidl_typesupport_introspection_c.h
[288.971s] -- Up-to-date: /home/pi/autocab/raspberryPI3/ros2_ws/install/interfaces/include/interfaces/interfaces/msg/detail/steering_calibration__type_support.c
[288.983s] -- Up-to-date: /home/pi/autocab/raspberryPI3/ros2_ws/install/interfaces/include/interfaces/interfaces/msg/detail/ultrasonic__type_support.c
[288.985s] -- Installing: /home/pi/autocab/raspberryPI3/ros2_ws/install/interfaces/include/interfaces/interfaces/msg/detail/general_data__rosidl_typesupport_introspection_c.h
[288.992s] -- Up-to-date: /home/pi/autocab/raspberryPI3/ros2_ws/install/interfaces/include/interfaces/interfaces/msg/detail/joystick_order__rosidl_typesupport_introspection_c.h
[288.994s] -- Up-to-date: /home/pi/autocab/raspberryPI3/ros2_ws/install/interfaces/include/interfaces/interfaces/msg/detail/motors_feedback__rosidl_typesupport_introspection_c.h
[288.995s] -- Installing: /home/pi/autocab/raspberryPI3/ros2_ws/install/interfaces/lib/libinterfaces__rosidl_typesupport_introspection_c.so
[288.996s] -- Set runtime path of "/home/pi/autocab/raspberryPI3/ros2_ws/install/interfaces/lib/libinterfaces__rosidl_typesupport_introspection_c.so" to ""
[288.997s] -- Installing: /home/pi/autocab/raspberryPI3/ros2_ws/install/interfaces/lib/libinterfaces__rosidl_typesupport_c.so
[288.998s] -- Set runtime path of "/home/pi/autocab/raspberryPI3/ros2_ws/install/interfaces/lib/libinterfaces__rosidl_typesupport_c.so" to ""
[288.999s] -- Up-to-date: /home/pi/autocab/raspberryPI3/ros2_ws/install/interfaces/include/interfaces/interfaces
[289.000s] -- Up-to-date: /home/pi/autocab/raspberryPI3/ros2_ws/install/interfaces/include/interfaces/interfaces/msg
[289.013s] -- Up-to-date: /home/pi/autocab/raspberryPI3/ros2_ws/install/interfaces/include/interfaces/interfaces/msg/detail
[289.015s] -- Up-to-date: /home/pi/autocab/raspberryPI3/ros2_ws/install/interfaces/include/interfaces/interfaces/msg/detail/general_data__rosidl_typesupport_introspection_cpp.hpp
[289.018s] -- Up-to-date: /home/pi/autocab/raspberryPI3/ros2_ws/install/interfaces/include/interfaces/interfaces/msg/detail/joystick_order__type_support.cpp
[289.019s] -- Up-to-date: /home/pi/autocab/raspberryPI3/ros2_ws/install/interfaces/include/interfaces/interfaces/msg/detail/general_data__type_support.cpp
[289.020s] -- Up-to-date: /home/pi/autocab/raspberryPI3/ros2_ws/install/interfaces/include/interfaces/interfaces/msg/detail/serveur__type_support.cpp
[289.021s] -- Up-to-date: /home/pi/autocab/raspberryPI3/ros2_ws/install/interfaces/include/interfaces/interfaces/msg/detail/ultrasonic__rosidl_typesupport_introspection_cpp.hpp
[289.028s] -- Up-to-date: /home/pi/autocab/raspberryPI3/ros2_ws/install/interfaces/include/interfaces/interfaces/msg/detail/motors_order__type_support.cpp
[289.029s] -- Up-to-date: /home/pi/autocab/raspberryPI3/ros2_ws/install/interfaces/include/interfaces/interfaces/msg/detail/motors_feedback__rosidl_typesupport_introspection_cpp.hpp
[289.030s] -- Up-to-date: /home/pi/autocab/raspberryPI3/ros2_ws/install/interfaces/include/interfaces/interfaces/msg/detail/system_check__rosidl_typesupport_introspection_cpp.hpp
[289.038s] -- Up-to-date: /home/pi/autocab/raspberryPI3/ros2_ws/install/interfaces/include/interfaces/interfaces/msg/detail/joystick_order__rosidl_typesupport_introspection_cpp.hpp
[289.040s] -- Up-to-date: /home/pi/autocab/raspberryPI3/ros2_ws/install/interfaces/include/interfaces/interfaces/msg/detail/ultrasonic__type_support.cpp
[289.043s] -- Up-to-date: /home/pi/autocab/raspberryPI3/ros2_ws/install/interfaces/include/interfaces/interfaces/msg/detail/gnss__type_support.cpp
[289.047s] -- Up-to-date: /home/pi/autocab/raspberryPI3/ros2_ws/install/interfaces/include/interfaces/interfaces/msg/detail/motors_order__rosidl_typesupport_introspection_cpp.hpp
[289.050s] -- Up-to-date: /home/pi/autocab/raspberryPI3/ros2_ws/install/interfaces/include/interfaces/interfaces/msg/detail/motors_feedback__type_support.cpp
[289.053s] -- Up-to-date: /home/pi/autocab/raspberryPI3/ros2_ws/install/interfaces/include/interfaces/interfaces/msg/detail/gnss__rosidl_typesupport_introspection_cpp.hpp
[289.055s] -- Up-to-date: /home/pi/autocab/raspberryPI3/ros2_ws/install/interfaces/include/interfaces/interfaces/msg/detail/serveur__rosidl_typesupport_introspection_cpp.hpp
[289.057s] -- Up-to-date: /home/pi/autocab/raspberryPI3/ros2_ws/install/interfaces/include/interfaces/interfaces/msg/detail/system_check__type_support.cpp
[289.058s] -- Up-to-date: /home/pi/autocab/raspberryPI3/ros2_ws/install/interfaces/include/interfaces/interfaces/msg/detail/steering_calibration__type_support.cpp
[289.059s] -- Up-to-date: /home/pi/autocab/raspberryPI3/ros2_ws/install/interfaces/include/interfaces/interfaces/msg/detail/steering_calibration__rosidl_typesupport_introspection_cpp.hpp
[289.060s] -- Installing: /home/pi/autocab/raspberryPI3/ros2_ws/install/interfaces/lib/libinterfaces__rosidl_typesupport_introspection_cpp.so
[289.061s] -- Set runtime path of "/home/pi/autocab/raspberryPI3/ros2_ws/install/interfaces/lib/libinterfaces__rosidl_typesupport_introspection_cpp.so" to ""
[289.063s] -- Installing: /home/pi/autocab/raspberryPI3/ros2_ws/install/interfaces/lib/libinterfaces__rosidl_typesupport_cpp.so
[289.064s] -- Set runtime path of "/home/pi/autocab/raspberryPI3/ros2_ws/install/interfaces/lib/libinterfaces__rosidl_typesupport_cpp.so" to ""
[289.065s] -- Up-to-date: /home/pi/autocab/raspberryPI3/ros2_ws/install/interfaces/share/interfaces/environment/pythonpath.sh
[289.066s] -- Installing: /home/pi/autocab/raspberryPI3/ros2_ws/install/interfaces/share/interfaces/environment/pythonpath.dsv
[289.067s] -- Up-to-date: /home/pi/autocab/raspberryPI3/ros2_ws/install/interfaces/local/lib/python3.10/dist-packages/interfaces-0.0.0-py3.10.egg-info
[289.068s] -- Installing: /home/pi/autocab/raspberryPI3/ros2_ws/install/interfaces/local/lib/python3.10/dist-packages/interfaces-0.0.0-py3.10.egg-info/dependency_links.txt
[289.070s] -- Installing: /home/pi/autocab/raspberryPI3/ros2_ws/install/interfaces/local/lib/python3.10/dist-packages/interfaces-0.0.0-py3.10.egg-info/PKG-INFO
[289.071s] -- Installing: /home/pi/autocab/raspberryPI3/ros2_ws/install/interfaces/local/lib/python3.10/dist-packages/interfaces-0.0.0-py3.10.egg-info/top_level.txt
[289.072s] -- Installing: /home/pi/autocab/raspberryPI3/ros2_ws/install/interfaces/local/lib/python3.10/dist-packages/interfaces-0.0.0-py3.10.egg-info/SOURCES.txt
[289.073s] -- Up-to-date: /home/pi/autocab/raspberryPI3/ros2_ws/install/interfaces/local/lib/python3.10/dist-packages/interfaces
[289.074s] -- Up-to-date: /home/pi/autocab/raspberryPI3/ros2_ws/install/interfaces/local/lib/python3.10/dist-packages/interfaces/_interfaces_s.ep.rosidl_typesupport_c.c
[289.075s] -- Installing: /home/pi/autocab/raspberryPI3/ros2_ws/install/interfaces/local/lib/python3.10/dist-packages/interfaces/interfaces_s__rosidl_typesupport_fastrtps_c.cpython-310-aarch64-linux-gnu.so
[289.076s] -- Installing: /home/pi/autocab/raspberryPI3/ros2_ws/install/interfaces/local/lib/python3.10/dist-packages/interfaces/libinterfaces__rosidl_generator_py.so
[289.078s] -- Up-to-date: /home/pi/autocab/raspberryPI3/ros2_ws/install/interfaces/local/lib/python3.10/dist-packages/interfaces/_interfaces_s.ep.rosidl_typesupport_fastrtps_c.c
[289.079s] -- Installing: /home/pi/autocab/raspberryPI3/ros2_ws/install/interfaces/local/lib/python3.10/dist-packages/interfaces/__init__.py
[289.080s] -- Up-to-date: /home/pi/autocab/raspberryPI3/ros2_ws/install/interfaces/local/lib/python3.10/dist-packages/interfaces/_interfaces_s.ep.rosidl_typesupport_introspection_c.c
[289.082s] -- Installing: /home/pi/autocab/raspberryPI3/ros2_ws/install/interfaces/local/lib/python3.10/dist-packages/interfaces/interfaces_s__rosidl_typesupport_c.cpython-310-aarch64-linux-gnu.so
[289.083s] -- Up-to-date: /home/pi/autocab/raspberryPI3/ros2_ws/install/interfaces/local/lib/python3.10/dist-packages/interfaces/msg
[289.084s] -- Up-to-date: /home/pi/autocab/raspberryPI3/ros2_ws/install/interfaces/local/lib/python3.10/dist-packages/interfaces/msg/_joystick_order.py
[289.085s] -- Up-to-date: /home/pi/autocab/raspberryPI3/ros2_ws/install/interfaces/local/lib/python3.10/dist-packages/interfaces/msg/_serveur.py
[289.089s] -- Up-to-date: /home/pi/autocab/raspberryPI3/ros2_ws/install/interfaces/local/lib/python3.10/dist-packages/interfaces/msg/_system_check_s.c
[289.090s] -- Up-to-date: /home/pi/autocab/raspberryPI3/ros2_ws/install/interfaces/local/lib/python3.10/dist-packages/interfaces/msg/_joystick_order_s.c
[289.091s] -- Up-to-date: /home/pi/autocab/raspberryPI3/ros2_ws/install/interfaces/local/lib/python3.10/dist-packages/interfaces/msg/_steering_calibration.py
[289.094s] -- Up-to-date: /home/pi/autocab/raspberryPI3/ros2_ws/install/interfaces/local/lib/python3.10/dist-packages/interfaces/msg/_ultrasonic.py
[289.095s] -- Up-to-date: /home/pi/autocab/raspberryPI3/ros2_ws/install/interfaces/local/lib/python3.10/dist-packages/interfaces/msg/_motors_feedback_s.c
[289.097s] -- Up-to-date: /home/pi/autocab/raspberryPI3/ros2_ws/install/interfaces/local/lib/python3.10/dist-packages/interfaces/msg/_serveur_s.c
[289.098s] -- Up-to-date: /home/pi/autocab/raspberryPI3/ros2_ws/install/interfaces/local/lib/python3.10/dist-packages/interfaces/msg/__init__.py
[289.100s] -- Up-to-date: /home/pi/autocab/raspberryPI3/ros2_ws/install/interfaces/local/lib/python3.10/dist-packages/interfaces/msg/_general_data.py
[289.101s] -- Up-to-date: /home/pi/autocab/raspberryPI3/ros2_ws/install/interfaces/local/lib/python3.10/dist-packages/interfaces/msg/_general_data_s.c
[289.102s] -- Up-to-date: /home/pi/autocab/raspberryPI3/ros2_ws/install/interfaces/local/lib/python3.10/dist-packages/interfaces/msg/_gnss.py
[289.104s] -- Up-to-date: /home/pi/autocab/raspberryPI3/ros2_ws/install/interfaces/local/lib/python3.10/dist-packages/interfaces/msg/_motors_order_s.c
[289.105s] -- Up-to-date: /home/pi/autocab/raspberryPI3/ros2_ws/install/interfaces/local/lib/python3.10/dist-packages/interfaces/msg/_steering_calibration_s.c
[289.106s] -- Up-to-date: /home/pi/autocab/raspberryPI3/ros2_ws/install/interfaces/local/lib/python3.10/dist-packages/interfaces/msg/_gnss_s.c
[289.107s] -- Up-to-date: /home/pi/autocab/raspberryPI3/ros2_ws/install/interfaces/local/lib/python3.10/dist-packages/interfaces/msg/_system_check.py
[289.109s] -- Up-to-date: /home/pi/autocab/raspberryPI3/ros2_ws/install/interfaces/local/lib/python3.10/dist-packages/interfaces/msg/_motors_order.py
[289.110s] -- Up-to-date: /home/pi/autocab/raspberryPI3/ros2_ws/install/interfaces/local/lib/python3.10/dist-packages/interfaces/msg/_motors_feedback.py
[289.111s] -- Up-to-date: /home/pi/autocab/raspberryPI3/ros2_ws/install/interfaces/local/lib/python3.10/dist-packages/interfaces/msg/_ultrasonic_s.c
[289.112s] -- Installing: /home/pi/autocab/raspberryPI3/ros2_ws/install/interfaces/local/lib/python3.10/dist-packages/interfaces/interfaces_s__rosidl_typesupport_introspection_c.cpython-310-aarch64-linux-gnu.so
[289.791s] Listing '/home/pi/autocab/raspberryPI3/ros2_ws/install/interfaces/local/lib/python3.10/dist-packages/interfaces'...
[289.792s] Compiling '/home/pi/autocab/raspberryPI3/ros2_ws/install/interfaces/local/lib/python3.10/dist-packages/interfaces/__init__.py'...
[289.794s] Listing '/home/pi/autocab/raspberryPI3/ros2_ws/install/interfaces/local/lib/python3.10/dist-packages/interfaces/msg'...
[289.795s] Compiling '/home/pi/autocab/raspberryPI3/ros2_ws/install/interfaces/local/lib/python3.10/dist-packages/interfaces/msg/__init__.py'...
[289.797s] Compiling '/home/pi/autocab/raspberryPI3/ros2_ws/install/interfaces/local/lib/python3.10/dist-packages/interfaces/msg/_general_data.py'...
[289.799s] Compiling '/home/pi/autocab/raspberryPI3/ros2_ws/install/interfaces/local/lib/python3.10/dist-packages/interfaces/msg/_gnss.py'...
[289.800s] Compiling '/home/pi/autocab/raspberryPI3/ros2_ws/install/interfaces/local/lib/python3.10/dist-packages/interfaces/msg/_joystick_order.py'...
[289.802s] Compiling '/home/pi/autocab/raspberryPI3/ros2_ws/install/interfaces/local/lib/python3.10/dist-packages/interfaces/msg/_motors_feedback.py'...
[289.803s] Compiling '/home/pi/autocab/raspberryPI3/ros2_ws/install/interfaces/local/lib/python3.10/dist-packages/interfaces/msg/_motors_order.py'...
[289.818s] Compiling '/home/pi/autocab/raspberryPI3/ros2_ws/install/interfaces/local/lib/python3.10/dist-packages/interfaces/msg/_serveur.py'...
[289.819s] Compiling '/home/pi/autocab/raspberryPI3/ros2_ws/install/interfaces/local/lib/python3.10/dist-packages/interfaces/msg/_steering_calibration.py'...
[289.821s] Compiling '/home/pi/autocab/raspberryPI3/ros2_ws/install/interfaces/local/lib/python3.10/dist-packages/interfaces/msg/_system_check.py'...
[289.823s] Compiling '/home/pi/autocab/raspberryPI3/ros2_ws/install/interfaces/local/lib/python3.10/dist-packages/interfaces/msg/_ultrasonic.py'...
[289.892s] -- Installing: /home/pi/autocab/raspberryPI3/ros2_ws/install/interfaces/local/lib/python3.10/dist-packages/interfaces/interfaces_s__rosidl_typesupport_fastrtps_c.cpython-310-aarch64-linux-gnu.so
[289.903s] -- Set runtime path of "/home/pi/autocab/raspberryPI3/ros2_ws/install/interfaces/local/lib/python3.10/dist-packages/interfaces/interfaces_s__rosidl_typesupport_fastrtps_c.cpython-310-aarch64-linux-gnu.so" to ""
[289.915s] -- Installing: /home/pi/autocab/raspberryPI3/ros2_ws/install/interfaces/local/lib/python3.10/dist-packages/interfaces/interfaces_s__rosidl_typesupport_introspection_c.cpython-310-aarch64-linux-gnu.so
[289.929s] -- Set runtime path of "/home/pi/autocab/raspberryPI3/ros2_ws/install/interfaces/local/lib/python3.10/dist-packages/interfaces/interfaces_s__rosidl_typesupport_introspection_c.cpython-310-aarch64-linux-gnu.so" to ""
[289.938s] -- Installing: /home/pi/autocab/raspberryPI3/ros2_ws/install/interfaces/local/lib/python3.10/dist-packages/interfaces/interfaces_s__rosidl_typesupport_c.cpython-310-aarch64-linux-gnu.so
[289.950s] -- Set runtime path of "/home/pi/autocab/raspberryPI3/ros2_ws/install/interfaces/local/lib/python3.10/dist-packages/interfaces/interfaces_s__rosidl_typesupport_c.cpython-310-aarch64-linux-gnu.so" to ""
[289.954s] -- Installing: /home/pi/autocab/raspberryPI3/ros2_ws/install/interfaces/lib/libinterfaces__rosidl_generator_py.so
[289.966s] -- Set runtime path of "/home/pi/autocab/raspberryPI3/ros2_ws/install/interfaces/lib/libinterfaces__rosidl_generator_py.so" to ""
[289.969s] -- Up-to-date: /home/pi/autocab/raspberryPI3/ros2_ws/install/interfaces/share/interfaces/msg/JoystickOrder.idl
[289.973s] -- Up-to-date: /home/pi/autocab/raspberryPI3/ros2_ws/install/interfaces/share/interfaces/msg/MotorsOrder.idl
[289.977s] -- Up-to-date: /home/pi/autocab/raspberryPI3/ros2_ws/install/interfaces/share/interfaces/msg/MotorsFeedback.idl
[289.982s] -- Up-to-date: /home/pi/autocab/raspberryPI3/ros2_ws/install/interfaces/share/interfaces/msg/GeneralData.idl
[289.987s] -- Up-to-date: /home/pi/autocab/raspberryPI3/ros2_ws/install/interfaces/share/interfaces/msg/SteeringCalibration.idl
[289.993s] -- Up-to-date: /home/pi/autocab/raspberryPI3/ros2_ws/install/interfaces/share/interfaces/msg/Ultrasonic.idl
[289.998s] -- Up-to-date: /home/pi/autocab/raspberryPI3/ros2_ws/install/interfaces/share/interfaces/msg/Gnss.idl
[290.003s] -- Up-to-date: /home/pi/autocab/raspberryPI3/ros2_ws/install/interfaces/share/interfaces/msg/SystemCheck.idl
[290.014s] -- Up-to-date: /home/pi/autocab/raspberryPI3/ros2_ws/install/interfaces/share/interfaces/msg/Serveur.idl
[290.016s] -- Installing: /home/pi/autocab/raspberryPI3/ros2_ws/install/interfaces/share/interfaces/msg/JoystickOrder.msg
[290.024s] -- Installing: /home/pi/autocab/raspberryPI3/ros2_ws/install/interfaces/share/interfaces/msg/MotorsOrder.msg
[290.030s] -- Installing: /home/pi/autocab/raspberryPI3/ros2_ws/install/interfaces/share/interfaces/msg/MotorsFeedback.msg
[290.038s] -- Installing: /home/pi/autocab/raspberryPI3/ros2_ws/install/interfaces/share/interfaces/msg/GeneralData.msg
[290.044s] -- Installing: /home/pi/autocab/raspberryPI3/ros2_ws/install/interfaces/share/interfaces/msg/SteeringCalibration.msg
[290.050s] -- Installing: /home/pi/autocab/raspberryPI3/ros2_ws/install/interfaces/share/interfaces/msg/Ultrasonic.msg
[290.055s] -- Installing: /home/pi/autocab/raspberryPI3/ros2_ws/install/interfaces/share/interfaces/msg/Gnss.msg
[290.061s] -- Installing: /home/pi/autocab/raspberryPI3/ros2_ws/install/interfaces/share/interfaces/msg/SystemCheck.msg
[290.067s] -- Up-to-date: /home/pi/autocab/raspberryPI3/ros2_ws/install/interfaces/share/interfaces/msg/Serveur.msg
[290.071s] -- Up-to-date: /home/pi/autocab/raspberryPI3/ros2_ws/install/interfaces/share/ament_index/resource_index/package_run_dependencies/interfaces
[290.075s] -- Up-to-date: /home/pi/autocab/raspberryPI3/ros2_ws/install/interfaces/share/ament_index/resource_index/parent_prefix_path/interfaces
[290.078s] -- Installing: /home/pi/autocab/raspberryPI3/ros2_ws/install/interfaces/share/interfaces/environment/ament_prefix_path.sh
[290.084s] -- Installing: /home/pi/autocab/raspberryPI3/ros2_ws/install/interfaces/share/interfaces/environment/ament_prefix_path.dsv
[290.091s] -- Installing: /home/pi/autocab/raspberryPI3/ros2_ws/install/interfaces/share/interfaces/environment/path.sh
[290.097s] -- Installing: /home/pi/autocab/raspberryPI3/ros2_ws/install/interfaces/share/interfaces/environment/path.dsv
[290.103s] -- Up-to-date: /home/pi/autocab/raspberryPI3/ros2_ws/install/interfaces/share/interfaces/local_setup.bash
[290.110s] -- Up-to-date: /home/pi/autocab/raspberryPI3/ros2_ws/install/interfaces/share/interfaces/local_setup.sh
[290.120s] -- Up-to-date: /home/pi/autocab/raspberryPI3/ros2_ws/install/interfaces/share/interfaces/local_setup.zsh
[290.128s] -- Installing: /home/pi/autocab/raspberryPI3/ros2_ws/install/interfaces/share/interfaces/local_setup.dsv
[290.138s] -- Installing: /home/pi/autocab/raspberryPI3/ros2_ws/install/interfaces/share/interfaces/package.dsv
[290.147s] -- Up-to-date: /home/pi/autocab/raspberryPI3/ros2_ws/install/interfaces/share/ament_index/resource_index/packages/interfaces
[290.153s] -- Up-to-date: /home/pi/autocab/raspberryPI3/ros2_ws/install/interfaces/share/interfaces/cmake/export_interfaces__rosidl_generator_cExport.cmake
[290.158s] -- Up-to-date: /home/pi/autocab/raspberryPI3/ros2_ws/install/interfaces/share/interfaces/cmake/export_interfaces__rosidl_generator_cExport-noconfig.cmake
[290.163s] -- Up-to-date: /home/pi/autocab/raspberryPI3/ros2_ws/install/interfaces/share/interfaces/cmake/export_interfaces__rosidl_typesupport_fastrtps_cExport.cmake
[290.167s] -- Up-to-date: /home/pi/autocab/raspberryPI3/ros2_ws/install/interfaces/share/interfaces/cmake/export_interfaces__rosidl_typesupport_fastrtps_cExport-noconfig.cmake
[290.172s] -- Up-to-date: /home/pi/autocab/raspberryPI3/ros2_ws/install/interfaces/share/interfaces/cmake/export_interfaces__rosidl_generator_cppExport.cmake
[290.178s] -- Up-to-date: /home/pi/autocab/raspberryPI3/ros2_ws/install/interfaces/share/interfaces/cmake/export_interfaces__rosidl_typesupport_fastrtps_cppExport.cmake
[290.183s] -- Up-to-date: /home/pi/autocab/raspberryPI3/ros2_ws/install/interfaces/share/interfaces/cmake/export_interfaces__rosidl_typesupport_fastrtps_cppExport-noconfig.cmake
[290.188s] -- Up-to-date: /home/pi/autocab/raspberryPI3/ros2_ws/install/interfaces/share/interfaces/cmake/interfaces__rosidl_typesupport_introspection_cExport.cmake
[290.192s] -- Up-to-date: /home/pi/autocab/raspberryPI3/ros2_ws/install/interfaces/share/interfaces/cmake/interfaces__rosidl_typesupport_introspection_cExport-noconfig.cmake
[290.197s] -- Up-to-date: /home/pi/autocab/raspberryPI3/ros2_ws/install/interfaces/share/interfaces/cmake/interfaces__rosidl_typesupport_cExport.cmake
[290.201s] -- Up-to-date: /home/pi/autocab/raspberryPI3/ros2_ws/install/interfaces/share/interfaces/cmake/interfaces__rosidl_typesupport_cExport-noconfig.cmake
[290.209s] -- Up-to-date: /home/pi/autocab/raspberryPI3/ros2_ws/install/interfaces/share/interfaces/cmake/interfaces__rosidl_typesupport_introspection_cppExport.cmake
[290.215s] -- Up-to-date: /home/pi/autocab/raspberryPI3/ros2_ws/install/interfaces/share/interfaces/cmake/interfaces__rosidl_typesupport_introspection_cppExport-noconfig.cmake
[290.221s] -- Up-to-date: /home/pi/autocab/raspberryPI3/ros2_ws/install/interfaces/share/interfaces/cmake/interfaces__rosidl_typesupport_cppExport.cmake
[290.225s] -- Up-to-date: /home/pi/autocab/raspberryPI3/ros2_ws/install/interfaces/share/interfaces/cmake/interfaces__rosidl_typesupport_cppExport-noconfig.cmake
[290.230s] -- Up-to-date: /home/pi/autocab/raspberryPI3/ros2_ws/install/interfaces/share/interfaces/cmake/export_interfaces__rosidl_generator_pyExport.cmake
[290.234s] -- Up-to-date: /home/pi/autocab/raspberryPI3/ros2_ws/install/interfaces/share/interfaces/cmake/export_interfaces__rosidl_generator_pyExport-noconfig.cmake
[290.237s] -- Up-to-date: /home/pi/autocab/raspberryPI3/ros2_ws/install/interfaces/share/interfaces/cmake/rosidl_cmake-extras.cmake
[290.241s] -- Up-to-date: /home/pi/autocab/raspberryPI3/ros2_ws/install/interfaces/share/interfaces/cmake/ament_cmake_export_include_directories-extras.cmake
[290.246s] -- Up-to-date: /home/pi/autocab/raspberryPI3/ros2_ws/install/interfaces/share/interfaces/cmake/ament_cmake_export_libraries-extras.cmake
[290.249s] -- Up-to-date: /home/pi/autocab/raspberryPI3/ros2_ws/install/interfaces/share/interfaces/cmake/ament_cmake_export_targets-extras.cmake
[290.253s] -- Up-to-date: /home/pi/autocab/raspberryPI3/ros2_ws/install/interfaces/share/interfaces/cmake/rosidl_cmake_export_typesupport_targets-extras.cmake
[290.256s] -- Up-to-date: /home/pi/autocab/raspberryPI3/ros2_ws/install/interfaces/share/interfaces/cmake/ament_cmake_export_dependencies-extras.cmake
[290.260s] -- Up-to-date: /home/pi/autocab/raspberryPI3/ros2_ws/install/interfaces/share/interfaces/cmake/rosidl_cmake_export_typesupport_libraries-extras.cmake
[290.263s] -- Up-to-date: /home/pi/autocab/raspberryPI3/ros2_ws/install/interfaces/share/interfaces/cmake/interfacesConfig.cmake
[290.265s] -- Up-to-date: /home/pi/autocab/raspberryPI3/ros2_ws/install/interfaces/share/interfaces/cmake/interfacesConfig-version.cmake
[290.269s] -- Installing: /home/pi/autocab/raspberryPI3/ros2_ws/install/interfaces/share/interfaces/package.xml
[290.304s] Invoked command in '/home/pi/autocab/raspberryPI3/ros2_ws/build/interfaces' returned '0': CMAKE_PREFIX_PATH=${CMAKE_PREFIX_PATH}:/opt/ros/humble /usr/bin/cmake --install /home/pi/autocab/raspberryPI3/ros2_ws/build/interfaces
