[0.066s] Invoking command in '/home/achraf/autocab/raspberryPI3/ros2_ws/build/imu_tools': AMENT_PREFIX_PATH=/home/achraf/autocab/raspberryPI3/ros2_ws/install/rviz_imu_plugin:/home/achraf/autocab/raspberryPI3/ros2_ws/install/imu_filter_madgwick:/home/achraf/autocab/raspberryPI3/ros2_ws/install/imu_complementary_filter:${AMENT_PREFIX_PATH} CMAKE_PREFIX_PATH=/home/achraf/autocab/raspberryPI3/ros2_ws/install/rviz_imu_plugin:/home/achraf/autocab/raspberryPI3/ros2_ws/install/imu_filter_madgwick:/home/achraf/autocab/raspberryPI3/ros2_ws/install/imu_complementary_filter:/opt/ros/humble LD_LIBRARY_PATH=/home/achraf/autocab/raspberryPI3/ros2_ws/install/rviz_imu_plugin/lib:/home/achraf/autocab/raspberryPI3/ros2_ws/install/imu_filter_madgwick/lib:${LD_LIBRARY_PATH} /usr/bin/cmake --build /home/achraf/autocab/raspberryPI3/ros2_ws/build/imu_tools -- -j8 -l8
[0.128s] Invoked command in '/home/achraf/autocab/raspberryPI3/ros2_ws/build/imu_tools' returned '0': AMENT_PREFIX_PATH=/home/achraf/autocab/raspberryPI3/ros2_ws/install/rviz_imu_plugin:/home/achraf/autocab/raspberryPI3/ros2_ws/install/imu_filter_madgwick:/home/achraf/autocab/raspberryPI3/ros2_ws/install/imu_complementary_filter:${AMENT_PREFIX_PATH} CMAKE_PREFIX_PATH=/home/achraf/autocab/raspberryPI3/ros2_ws/install/rviz_imu_plugin:/home/achraf/autocab/raspberryPI3/ros2_ws/install/imu_filter_madgwick:/home/achraf/autocab/raspberryPI3/ros2_ws/install/imu_complementary_filter:/opt/ros/humble LD_LIBRARY_PATH=/home/achraf/autocab/raspberryPI3/ros2_ws/install/rviz_imu_plugin/lib:/home/achraf/autocab/raspberryPI3/ros2_ws/install/imu_filter_madgwick/lib:${LD_LIBRARY_PATH} /usr/bin/cmake --build /home/achraf/autocab/raspberryPI3/ros2_ws/build/imu_tools -- -j8 -l8
[0.219s] Invoking command in '/home/achraf/autocab/raspberryPI3/ros2_ws/build/imu_tools': AMENT_PREFIX_PATH=/home/achraf/autocab/raspberryPI3/ros2_ws/install/rviz_imu_plugin:/home/achraf/autocab/raspberryPI3/ros2_ws/install/imu_filter_madgwick:/home/achraf/autocab/raspberryPI3/ros2_ws/install/imu_complementary_filter:${AMENT_PREFIX_PATH} CMAKE_PREFIX_PATH=/home/achraf/autocab/raspberryPI3/ros2_ws/install/rviz_imu_plugin:/home/achraf/autocab/raspberryPI3/ros2_ws/install/imu_filter_madgwick:/home/achraf/autocab/raspberryPI3/ros2_ws/install/imu_complementary_filter:/opt/ros/humble LD_LIBRARY_PATH=/home/achraf/autocab/raspberryPI3/ros2_ws/install/rviz_imu_plugin/lib:/home/achraf/autocab/raspberryPI3/ros2_ws/install/imu_filter_madgwick/lib:${LD_LIBRARY_PATH} /usr/bin/cmake --install /home/achraf/autocab/raspberryPI3/ros2_ws/build/imu_tools
[0.227s] -- Install configuration: ""
[0.227s] -- Up-to-date: /home/achraf/autocab/raspberryPI3/ros2_ws/install/imu_tools/share/ament_index/resource_index/package_run_dependencies/imu_tools
[0.227s] -- Up-to-date: /home/achraf/autocab/raspberryPI3/ros2_ws/install/imu_tools/share/ament_index/resource_index/parent_prefix_path/imu_tools
[0.227s] -- Up-to-date: /home/achraf/autocab/raspberryPI3/ros2_ws/install/imu_tools/share/imu_tools/environment/ament_prefix_path.sh
[0.228s] -- Up-to-date: /home/achraf/autocab/raspberryPI3/ros2_ws/install/imu_tools/share/imu_tools/environment/ament_prefix_path.dsv
[0.228s] -- Up-to-date: /home/achraf/autocab/raspberryPI3/ros2_ws/install/imu_tools/share/imu_tools/environment/path.sh
[0.228s] -- Up-to-date: /home/achraf/autocab/raspberryPI3/ros2_ws/install/imu_tools/share/imu_tools/environment/path.dsv
[0.228s] -- Up-to-date: /home/achraf/autocab/raspberryPI3/ros2_ws/install/imu_tools/share/imu_tools/local_setup.bash
[0.228s] -- Up-to-date: /home/achraf/autocab/raspberryPI3/ros2_ws/install/imu_tools/share/imu_tools/local_setup.sh
[0.228s] -- Up-to-date: /home/achraf/autocab/raspberryPI3/ros2_ws/install/imu_tools/share/imu_tools/local_setup.zsh
[0.229s] -- Up-to-date: /home/achraf/autocab/raspberryPI3/ros2_ws/install/imu_tools/share/imu_tools/local_setup.dsv
[0.229s] -- Up-to-date: /home/achraf/autocab/raspberryPI3/ros2_ws/install/imu_tools/share/imu_tools/package.dsv
[0.229s] -- Up-to-date: /home/achraf/autocab/raspberryPI3/ros2_ws/install/imu_tools/share/ament_index/resource_index/packages/imu_tools
[0.229s] -- Up-to-date: /home/achraf/autocab/raspberryPI3/ros2_ws/install/imu_tools/share/imu_tools/cmake/imu_toolsConfig.cmake
[0.229s] -- Up-to-date: /home/achraf/autocab/raspberryPI3/ros2_ws/install/imu_tools/share/imu_tools/cmake/imu_toolsConfig-version.cmake
[0.230s] -- Up-to-date: /home/achraf/autocab/raspberryPI3/ros2_ws/install/imu_tools/share/imu_tools/package.xml
[0.403s] Invoked command in '/home/achraf/autocab/raspberryPI3/ros2_ws/build/imu_tools' returned '0': AMENT_PREFIX_PATH=/home/achraf/autocab/raspberryPI3/ros2_ws/install/rviz_imu_plugin:/home/achraf/autocab/raspberryPI3/ros2_ws/install/imu_filter_madgwick:/home/achraf/autocab/raspberryPI3/ros2_ws/install/imu_complementary_filter:${AMENT_PREFIX_PATH} CMAKE_PREFIX_PATH=/home/achraf/autocab/raspberryPI3/ros2_ws/install/rviz_imu_plugin:/home/achraf/autocab/raspberryPI3/ros2_ws/install/imu_filter_madgwick:/home/achraf/autocab/raspberryPI3/ros2_ws/install/imu_complementary_filter:/opt/ros/humble LD_LIBRARY_PATH=/home/achraf/autocab/raspberryPI3/ros2_ws/install/rviz_imu_plugin/lib:/home/achraf/autocab/raspberryPI3/ros2_ws/install/imu_filter_madgwick/lib:${LD_LIBRARY_PATH} /usr/bin/cmake --install /home/achraf/autocab/raspberryPI3/ros2_ws/build/imu_tools
