[3.614s] DEBUG:colcon:Command line arguments: ['/usr/bin/colcon', 'build', '--packages-select', 'interfaces']
[3.615s] DEBUG:colcon:Parsed command line arguments: Namespace(log_base=None, log_level=None, verb_name='build', build_base='build', install_base='install', merge_install=False, symlink_install=False, test_result_base=None, continue_on_error=False, executor='parallel', parallel_workers=4, event_handlers=None, ignore_user_meta=False, metas=['./colcon.meta'], base_paths=['.'], packages_ignore=None, packages_ignore_regex=None, paths=None, packages_up_to=None, packages_up_to_regex=None, packages_above=None, packages_above_and_dependencies=None, packages_above_depth=None, packages_select_by_dep=None, packages_skip_by_dep=None, packages_skip_up_to=None, packages_select_build_failed=False, packages_skip_build_finished=False, packages_select_test_failures=False, packages_skip_test_passed=False, packages_select=['interfaces'], packages_skip=None, packages_select_regex=None, packages_skip_regex=None, packages_start=None, packages_end=None, allow_overriding=[], cmake_args=None, cmake_target=None, cmake_target_skip_unavailable=False, cmake_clean_cache=False, cmake_clean_first=False, cmake_force_configure=False, ament_cmake_args=None, catkin_cmake_args=None, catkin_skip_building_tests=False, verb_parser=<colcon_defaults.argument_parser.defaults.DefaultArgumentsDecorator object at 0xffffa90bd270>, verb_extension=<colcon_core.verb.build.BuildVerb object at 0xffffa9ac7460>, main=<bound method BuildVerb.main of <colcon_core.verb.build.BuildVerb object at 0xffffa9ac7460>>)
[3.884s] Level 1:colcon.colcon_core.package_discovery:discover_packages(colcon_meta) check parameters
[3.885s] Level 1:colcon.colcon_core.package_discovery:discover_packages(recursive) check parameters
[3.885s] Level 1:colcon.colcon_core.package_discovery:discover_packages(ignore) check parameters
[3.886s] Level 1:colcon.colcon_core.package_discovery:discover_packages(path) check parameters
[3.886s] Level 1:colcon.colcon_core.package_discovery:discover_packages(colcon_meta) discover
[3.887s] Level 1:colcon.colcon_core.package_discovery:discover_packages(recursive) discover
[3.887s] INFO:colcon.colcon_core.package_discovery:Crawling recursively for packages in '/home/pi/estelle/autocab/raspberryPI3/ros2_ws'
[3.889s] Level 1:colcon.colcon_core.package_identification:_identify(.) by extensions ['ignore', 'ignore_ament_install']
[3.890s] Level 1:colcon.colcon_core.package_identification:_identify(.) by extension 'ignore'
[3.891s] Level 1:colcon.colcon_core.package_identification:_identify(.) by extension 'ignore_ament_install'
[3.892s] Level 1:colcon.colcon_core.package_identification:_identify(.) by extensions ['colcon_pkg']
[3.892s] Level 1:colcon.colcon_core.package_identification:_identify(.) by extension 'colcon_pkg'
[3.893s] Level 1:colcon.colcon_core.package_identification:_identify(.) by extensions ['colcon_meta']
[3.893s] Level 1:colcon.colcon_core.package_identification:_identify(.) by extension 'colcon_meta'
[3.894s] Level 1:colcon.colcon_core.package_identification:_identify(.) by extensions ['ros']
[3.894s] Level 1:colcon.colcon_core.package_identification:_identify(.) by extension 'ros'
[4.031s] Level 1:colcon.colcon_core.package_identification:_identify(.) by extensions ['cmake', 'python']
[4.032s] Level 1:colcon.colcon_core.package_identification:_identify(.) by extension 'cmake'
[4.033s] Level 1:colcon.colcon_core.package_identification:_identify(.) by extension 'python'
[4.034s] Level 1:colcon.colcon_core.package_identification:_identify(.) by extensions ['python_setup_py']
[4.035s] Level 1:colcon.colcon_core.package_identification:_identify(.) by extension 'python_setup_py'
[4.037s] Level 1:colcon.colcon_core.package_identification:_identify(build) by extensions ['ignore', 'ignore_ament_install']
[4.038s] Level 1:colcon.colcon_core.package_identification:_identify(build) by extension 'ignore'
[4.039s] Level 1:colcon.colcon_core.package_identification:_identify(build) ignored
[4.041s] Level 1:colcon.colcon_core.package_identification:_identify(install) by extensions ['ignore', 'ignore_ament_install']
[4.042s] Level 1:colcon.colcon_core.package_identification:_identify(install) by extension 'ignore'
[4.043s] Level 1:colcon.colcon_core.package_identification:_identify(install) ignored
[4.045s] Level 1:colcon.colcon_core.package_identification:_identify(log) by extensions ['ignore', 'ignore_ament_install']
[4.046s] Level 1:colcon.colcon_core.package_identification:_identify(log) by extension 'ignore'
[4.047s] Level 1:colcon.colcon_core.package_identification:_identify(log) ignored
[4.048s] Level 1:colcon.colcon_core.package_identification:_identify(src) by extensions ['ignore', 'ignore_ament_install']
[4.050s] Level 1:colcon.colcon_core.package_identification:_identify(src) by extension 'ignore'
[4.050s] Level 1:colcon.colcon_core.package_identification:_identify(src) by extension 'ignore_ament_install'
[4.051s] Level 1:colcon.colcon_core.package_identification:_identify(src) by extensions ['colcon_pkg']
[4.052s] Level 1:colcon.colcon_core.package_identification:_identify(src) by extension 'colcon_pkg'
[4.052s] Level 1:colcon.colcon_core.package_identification:_identify(src) by extensions ['colcon_meta']
[4.053s] Level 1:colcon.colcon_core.package_identification:_identify(src) by extension 'colcon_meta'
[4.054s] Level 1:colcon.colcon_core.package_identification:_identify(src) by extensions ['ros']
[4.054s] Level 1:colcon.colcon_core.package_identification:_identify(src) by extension 'ros'
[4.055s] Level 1:colcon.colcon_core.package_identification:_identify(src) by extensions ['cmake', 'python']
[4.056s] Level 1:colcon.colcon_core.package_identification:_identify(src) by extension 'cmake'
[4.056s] Level 1:colcon.colcon_core.package_identification:_identify(src) by extension 'python'
[4.057s] Level 1:colcon.colcon_core.package_identification:_identify(src) by extensions ['python_setup_py']
[4.058s] Level 1:colcon.colcon_core.package_identification:_identify(src) by extension 'python_setup_py'
[4.059s] Level 1:colcon.colcon_core.package_identification:_identify(src/can) by extensions ['ignore', 'ignore_ament_install']
[4.060s] Level 1:colcon.colcon_core.package_identification:_identify(src/can) by extension 'ignore'
[4.061s] Level 1:colcon.colcon_core.package_identification:_identify(src/can) by extension 'ignore_ament_install'
[4.062s] Level 1:colcon.colcon_core.package_identification:_identify(src/can) by extensions ['colcon_pkg']
[4.063s] Level 1:colcon.colcon_core.package_identification:_identify(src/can) by extension 'colcon_pkg'
[4.063s] Level 1:colcon.colcon_core.package_identification:_identify(src/can) by extensions ['colcon_meta']
[4.064s] Level 1:colcon.colcon_core.package_identification:_identify(src/can) by extension 'colcon_meta'
[4.065s] Level 1:colcon.colcon_core.package_identification:_identify(src/can) by extensions ['ros']
[4.065s] Level 1:colcon.colcon_core.package_identification:_identify(src/can) by extension 'ros'
[4.159s] DEBUG:colcon.colcon_core.package_identification:Package 'src/can' with type 'ros.ament_cmake' and name 'can'
[4.161s] Level 1:colcon.colcon_core.package_identification:_identify(src/car_control) by extensions ['ignore', 'ignore_ament_install']
[4.162s] Level 1:colcon.colcon_core.package_identification:_identify(src/car_control) by extension 'ignore'
[4.163s] Level 1:colcon.colcon_core.package_identification:_identify(src/car_control) by extension 'ignore_ament_install'
[4.164s] Level 1:colcon.colcon_core.package_identification:_identify(src/car_control) by extensions ['colcon_pkg']
[4.164s] Level 1:colcon.colcon_core.package_identification:_identify(src/car_control) by extension 'colcon_pkg'
[4.165s] Level 1:colcon.colcon_core.package_identification:_identify(src/car_control) by extensions ['colcon_meta']
[4.166s] Level 1:colcon.colcon_core.package_identification:_identify(src/car_control) by extension 'colcon_meta'
[4.167s] Level 1:colcon.colcon_core.package_identification:_identify(src/car_control) by extensions ['ros']
[4.167s] Level 1:colcon.colcon_core.package_identification:_identify(src/car_control) by extension 'ros'
[4.176s] DEBUG:colcon.colcon_core.package_identification:Package 'src/car_control' with type 'ros.ament_cmake' and name 'car_control'
[4.177s] Level 1:colcon.colcon_core.package_identification:_identify(src/carla_msgs) by extensions ['ignore', 'ignore_ament_install']
[4.178s] Level 1:colcon.colcon_core.package_identification:_identify(src/carla_msgs) by extension 'ignore'
[4.179s] Level 1:colcon.colcon_core.package_identification:_identify(src/carla_msgs) by extension 'ignore_ament_install'
[4.180s] Level 1:colcon.colcon_core.package_identification:_identify(src/carla_msgs) by extensions ['colcon_pkg']
[4.181s] Level 1:colcon.colcon_core.package_identification:_identify(src/carla_msgs) by extension 'colcon_pkg'
[4.181s] Level 1:colcon.colcon_core.package_identification:_identify(src/carla_msgs) by extensions ['colcon_meta']
[4.182s] Level 1:colcon.colcon_core.package_identification:_identify(src/carla_msgs) by extension 'colcon_meta'
[4.182s] Level 1:colcon.colcon_core.package_identification:_identify(src/carla_msgs) by extensions ['ros']
[4.183s] Level 1:colcon.colcon_core.package_identification:_identify(src/carla_msgs) by extension 'ros'
[4.190s] DEBUG:colcon.colcon_core.package_identification:Package 'src/carla_msgs' with type 'ros.ament_cmake' and name 'carla_msgs'
[4.191s] Level 1:colcon.colcon_core.package_identification:_identify(src/geicar_start) by extensions ['ignore', 'ignore_ament_install']
[4.192s] Level 1:colcon.colcon_core.package_identification:_identify(src/geicar_start) by extension 'ignore'
[4.193s] Level 1:colcon.colcon_core.package_identification:_identify(src/geicar_start) by extension 'ignore_ament_install'
[4.194s] Level 1:colcon.colcon_core.package_identification:_identify(src/geicar_start) by extensions ['colcon_pkg']
[4.194s] Level 1:colcon.colcon_core.package_identification:_identify(src/geicar_start) by extension 'colcon_pkg'
[4.195s] Level 1:colcon.colcon_core.package_identification:_identify(src/geicar_start) by extensions ['colcon_meta']
[4.196s] Level 1:colcon.colcon_core.package_identification:_identify(src/geicar_start) by extension 'colcon_meta'
[4.196s] Level 1:colcon.colcon_core.package_identification:_identify(src/geicar_start) by extensions ['ros']
[4.197s] Level 1:colcon.colcon_core.package_identification:_identify(src/geicar_start) by extension 'ros'
[4.203s] DEBUG:colcon.colcon_core.package_identification:Package 'src/geicar_start' with type 'ros.ament_cmake' and name 'geicar_start'
[4.205s] Level 1:colcon.colcon_core.package_identification:_identify(src/imu_tools) by extensions ['ignore', 'ignore_ament_install']
[4.206s] Level 1:colcon.colcon_core.package_identification:_identify(src/imu_tools) by extension 'ignore'
[4.207s] Level 1:colcon.colcon_core.package_identification:_identify(src/imu_tools) by extension 'ignore_ament_install'
[4.207s] Level 1:colcon.colcon_core.package_identification:_identify(src/imu_tools) by extensions ['colcon_pkg']
[4.208s] Level 1:colcon.colcon_core.package_identification:_identify(src/imu_tools) by extension 'colcon_pkg'
[4.208s] Level 1:colcon.colcon_core.package_identification:_identify(src/imu_tools) by extensions ['colcon_meta']
[4.208s] Level 1:colcon.colcon_core.package_identification:_identify(src/imu_tools) by extension 'colcon_meta'
[4.209s] Level 1:colcon.colcon_core.package_identification:_identify(src/imu_tools) by extensions ['ros']
[4.209s] Level 1:colcon.colcon_core.package_identification:_identify(src/imu_tools) by extension 'ros'
[4.211s] Level 1:colcon.colcon_core.package_identification:_identify(src/imu_tools) by extensions ['cmake', 'python']
[4.211s] Level 1:colcon.colcon_core.package_identification:_identify(src/imu_tools) by extension 'cmake'
[4.212s] Level 1:colcon.colcon_core.package_identification:_identify(src/imu_tools) by extension 'python'
[4.212s] Level 1:colcon.colcon_core.package_identification:_identify(src/imu_tools) by extensions ['python_setup_py']
[4.213s] Level 1:colcon.colcon_core.package_identification:_identify(src/imu_tools) by extension 'python_setup_py'
[4.214s] Level 1:colcon.colcon_core.package_identification:_identify(src/imu_tools/imu_complementary_filter) by extensions ['ignore', 'ignore_ament_install']
[4.216s] Level 1:colcon.colcon_core.package_identification:_identify(src/imu_tools/imu_complementary_filter) by extension 'ignore'
[4.216s] Level 1:colcon.colcon_core.package_identification:_identify(src/imu_tools/imu_complementary_filter) by extension 'ignore_ament_install'
[4.217s] Level 1:colcon.colcon_core.package_identification:_identify(src/imu_tools/imu_complementary_filter) by extensions ['colcon_pkg']
[4.218s] Level 1:colcon.colcon_core.package_identification:_identify(src/imu_tools/imu_complementary_filter) by extension 'colcon_pkg'
[4.218s] Level 1:colcon.colcon_core.package_identification:_identify(src/imu_tools/imu_complementary_filter) by extensions ['colcon_meta']
[4.219s] Level 1:colcon.colcon_core.package_identification:_identify(src/imu_tools/imu_complementary_filter) by extension 'colcon_meta'
[4.219s] Level 1:colcon.colcon_core.package_identification:_identify(src/imu_tools/imu_complementary_filter) by extensions ['ros']
[4.220s] Level 1:colcon.colcon_core.package_identification:_identify(src/imu_tools/imu_complementary_filter) by extension 'ros'
[4.227s] DEBUG:colcon.colcon_core.package_identification:Package 'src/imu_tools/imu_complementary_filter' with type 'ros.ament_cmake' and name 'imu_complementary_filter'
[4.229s] Level 1:colcon.colcon_core.package_identification:_identify(src/imu_tools/imu_filter_madgwick) by extensions ['ignore', 'ignore_ament_install']
[4.230s] Level 1:colcon.colcon_core.package_identification:_identify(src/imu_tools/imu_filter_madgwick) by extension 'ignore'
[4.231s] Level 1:colcon.colcon_core.package_identification:_identify(src/imu_tools/imu_filter_madgwick) by extension 'ignore_ament_install'
[4.231s] Level 1:colcon.colcon_core.package_identification:_identify(src/imu_tools/imu_filter_madgwick) by extensions ['colcon_pkg']
[4.232s] Level 1:colcon.colcon_core.package_identification:_identify(src/imu_tools/imu_filter_madgwick) by extension 'colcon_pkg'
[4.232s] Level 1:colcon.colcon_core.package_identification:_identify(src/imu_tools/imu_filter_madgwick) by extensions ['colcon_meta']
[4.233s] Level 1:colcon.colcon_core.package_identification:_identify(src/imu_tools/imu_filter_madgwick) by extension 'colcon_meta'
[4.233s] Level 1:colcon.colcon_core.package_identification:_identify(src/imu_tools/imu_filter_madgwick) by extensions ['ros']
[4.234s] Level 1:colcon.colcon_core.package_identification:_identify(src/imu_tools/imu_filter_madgwick) by extension 'ros'
[4.247s] DEBUG:colcon.colcon_core.package_identification:Package 'src/imu_tools/imu_filter_madgwick' with type 'ros.ament_cmake' and name 'imu_filter_madgwick'
[4.249s] Level 1:colcon.colcon_core.package_identification:_identify(src/imu_tools/imu_tools) by extensions ['ignore', 'ignore_ament_install']
[4.249s] Level 1:colcon.colcon_core.package_identification:_identify(src/imu_tools/imu_tools) by extension 'ignore'
[4.250s] Level 1:colcon.colcon_core.package_identification:_identify(src/imu_tools/imu_tools) by extension 'ignore_ament_install'
[4.251s] Level 1:colcon.colcon_core.package_identification:_identify(src/imu_tools/imu_tools) by extensions ['colcon_pkg']
[4.251s] Level 1:colcon.colcon_core.package_identification:_identify(src/imu_tools/imu_tools) by extension 'colcon_pkg'
[4.252s] Level 1:colcon.colcon_core.package_identification:_identify(src/imu_tools/imu_tools) by extensions ['colcon_meta']
[4.252s] Level 1:colcon.colcon_core.package_identification:_identify(src/imu_tools/imu_tools) by extension 'colcon_meta'
[4.253s] Level 1:colcon.colcon_core.package_identification:_identify(src/imu_tools/imu_tools) by extensions ['ros']
[4.253s] Level 1:colcon.colcon_core.package_identification:_identify(src/imu_tools/imu_tools) by extension 'ros'
[4.258s] DEBUG:colcon.colcon_core.package_identification:Package 'src/imu_tools/imu_tools' with type 'ros.ament_cmake' and name 'imu_tools'
[4.260s] Level 1:colcon.colcon_core.package_identification:_identify(src/imu_tools/rviz_imu_plugin) by extensions ['ignore', 'ignore_ament_install']
[4.261s] Level 1:colcon.colcon_core.package_identification:_identify(src/imu_tools/rviz_imu_plugin) by extension 'ignore'
[4.261s] Level 1:colcon.colcon_core.package_identification:_identify(src/imu_tools/rviz_imu_plugin) by extension 'ignore_ament_install'
[4.262s] Level 1:colcon.colcon_core.package_identification:_identify(src/imu_tools/rviz_imu_plugin) by extensions ['colcon_pkg']
[4.263s] Level 1:colcon.colcon_core.package_identification:_identify(src/imu_tools/rviz_imu_plugin) by extension 'colcon_pkg'
[4.263s] Level 1:colcon.colcon_core.package_identification:_identify(src/imu_tools/rviz_imu_plugin) by extensions ['colcon_meta']
[4.263s] Level 1:colcon.colcon_core.package_identification:_identify(src/imu_tools/rviz_imu_plugin) by extension 'colcon_meta'
[4.264s] Level 1:colcon.colcon_core.package_identification:_identify(src/imu_tools/rviz_imu_plugin) by extensions ['ros']
[4.265s] Level 1:colcon.colcon_core.package_identification:_identify(src/imu_tools/rviz_imu_plugin) by extension 'ros'
[4.278s] DEBUG:colcon.colcon_core.package_identification:Package 'src/imu_tools/rviz_imu_plugin' with type 'ros.ament_cmake' and name 'rviz_imu_plugin'
[4.280s] Level 1:colcon.colcon_core.package_identification:_identify(src/interfaces) by extensions ['ignore', 'ignore_ament_install']
[4.281s] Level 1:colcon.colcon_core.package_identification:_identify(src/interfaces) by extension 'ignore'
[4.282s] Level 1:colcon.colcon_core.package_identification:_identify(src/interfaces) by extension 'ignore_ament_install'
[4.283s] Level 1:colcon.colcon_core.package_identification:_identify(src/interfaces) by extensions ['colcon_pkg']
[4.283s] Level 1:colcon.colcon_core.package_identification:_identify(src/interfaces) by extension 'colcon_pkg'
[4.284s] Level 1:colcon.colcon_core.package_identification:_identify(src/interfaces) by extensions ['colcon_meta']
[4.284s] Level 1:colcon.colcon_core.package_identification:_identify(src/interfaces) by extension 'colcon_meta'
[4.285s] Level 1:colcon.colcon_core.package_identification:_identify(src/interfaces) by extensions ['ros']
[4.285s] Level 1:colcon.colcon_core.package_identification:_identify(src/interfaces) by extension 'ros'
[4.292s] DEBUG:colcon.colcon_core.package_identification:Package 'src/interfaces' with type 'ros.ament_cmake' and name 'interfaces'
[4.294s] Level 1:colcon.colcon_core.package_identification:_identify(src/joystick) by extensions ['ignore', 'ignore_ament_install']
[4.295s] Level 1:colcon.colcon_core.package_identification:_identify(src/joystick) by extension 'ignore'
[4.295s] Level 1:colcon.colcon_core.package_identification:_identify(src/joystick) by extension 'ignore_ament_install'
[4.296s] Level 1:colcon.colcon_core.package_identification:_identify(src/joystick) by extensions ['colcon_pkg']
[4.296s] Level 1:colcon.colcon_core.package_identification:_identify(src/joystick) by extension 'colcon_pkg'
[4.297s] Level 1:colcon.colcon_core.package_identification:_identify(src/joystick) by extensions ['colcon_meta']
[4.297s] Level 1:colcon.colcon_core.package_identification:_identify(src/joystick) by extension 'colcon_meta'
[4.298s] Level 1:colcon.colcon_core.package_identification:_identify(src/joystick) by extensions ['ros']
[4.298s] Level 1:colcon.colcon_core.package_identification:_identify(src/joystick) by extension 'ros'
[4.306s] DEBUG:colcon.colcon_core.package_identification:Package 'src/joystick' with type 'ros.ament_cmake' and name 'joystick'
[4.308s] Level 1:colcon.colcon_core.package_identification:_identify(src/simulation) by extensions ['ignore', 'ignore_ament_install']
[4.309s] Level 1:colcon.colcon_core.package_identification:_identify(src/simulation) by extension 'ignore'
[4.309s] Level 1:colcon.colcon_core.package_identification:_identify(src/simulation) by extension 'ignore_ament_install'
[4.310s] Level 1:colcon.colcon_core.package_identification:_identify(src/simulation) by extensions ['colcon_pkg']
[4.310s] Level 1:colcon.colcon_core.package_identification:_identify(src/simulation) by extension 'colcon_pkg'
[4.311s] Level 1:colcon.colcon_core.package_identification:_identify(src/simulation) by extensions ['colcon_meta']
[4.311s] Level 1:colcon.colcon_core.package_identification:_identify(src/simulation) by extension 'colcon_meta'
[4.312s] Level 1:colcon.colcon_core.package_identification:_identify(src/simulation) by extensions ['ros']
[4.312s] Level 1:colcon.colcon_core.package_identification:_identify(src/simulation) by extension 'ros'
[4.319s] DEBUG:colcon.colcon_core.package_identification:Package 'src/simulation' with type 'ros.ament_cmake' and name 'simulation'
[4.321s] Level 1:colcon.colcon_core.package_identification:_identify(src/system_check) by extensions ['ignore', 'ignore_ament_install']
[4.321s] Level 1:colcon.colcon_core.package_identification:_identify(src/system_check) by extension 'ignore'
[4.322s] Level 1:colcon.colcon_core.package_identification:_identify(src/system_check) by extension 'ignore_ament_install'
[4.323s] Level 1:colcon.colcon_core.package_identification:_identify(src/system_check) by extensions ['colcon_pkg']
[4.323s] Level 1:colcon.colcon_core.package_identification:_identify(src/system_check) by extension 'colcon_pkg'
[4.324s] Level 1:colcon.colcon_core.package_identification:_identify(src/system_check) by extensions ['colcon_meta']
[4.324s] Level 1:colcon.colcon_core.package_identification:_identify(src/system_check) by extension 'colcon_meta'
[4.325s] Level 1:colcon.colcon_core.package_identification:_identify(src/system_check) by extensions ['ros']
[4.325s] Level 1:colcon.colcon_core.package_identification:_identify(src/system_check) by extension 'ros'
[4.332s] DEBUG:colcon.colcon_core.package_identification:Package 'src/system_check' with type 'ros.ament_cmake' and name 'system_check'
[4.333s] Level 1:colcon.colcon_core.package_discovery:discover_packages(recursive) using defaults
[4.334s] Level 1:colcon.colcon_core.package_discovery:discover_packages(ignore) discover
[4.334s] Level 1:colcon.colcon_core.package_discovery:discover_packages(ignore) using defaults
[4.334s] Level 1:colcon.colcon_core.package_discovery:discover_packages(path) discover
[4.335s] Level 1:colcon.colcon_core.package_discovery:discover_packages(path) using defaults
[4.579s] INFO:colcon.colcon_core.package_selection:Skipping not selected package 'carla_msgs' in 'src/carla_msgs'
[4.579s] INFO:colcon.colcon_core.package_selection:Skipping not selected package 'imu_complementary_filter' in 'src/imu_tools/imu_complementary_filter'
[4.580s] INFO:colcon.colcon_core.package_selection:Skipping not selected package 'imu_filter_madgwick' in 'src/imu_tools/imu_filter_madgwick'
[4.580s] INFO:colcon.colcon_core.package_selection:Skipping not selected package 'rviz_imu_plugin' in 'src/imu_tools/rviz_imu_plugin'
[4.581s] INFO:colcon.colcon_core.package_selection:Skipping not selected package 'can' in 'src/can'
[4.581s] INFO:colcon.colcon_core.package_selection:Skipping not selected package 'car_control' in 'src/car_control'
[4.581s] INFO:colcon.colcon_core.package_selection:Skipping not selected package 'imu_tools' in 'src/imu_tools/imu_tools'
[4.581s] INFO:colcon.colcon_core.package_selection:Skipping not selected package 'joystick' in 'src/joystick'
[4.582s] INFO:colcon.colcon_core.package_selection:Skipping not selected package 'simulation' in 'src/simulation'
[4.582s] INFO:colcon.colcon_core.package_selection:Skipping not selected package 'system_check' in 'src/system_check'
[4.582s] INFO:colcon.colcon_core.package_selection:Skipping not selected package 'geicar_start' in 'src/geicar_start'
[4.590s] Level 1:colcon.colcon_core.package_discovery:discover_packages(prefix_path) check parameters
[4.591s] Level 1:colcon.colcon_core.package_discovery:discover_packages(prefix_path) discover
[4.635s] DEBUG:colcon.colcon_installed_package_information.package_discovery:Found 12 installed packages in /home/pi/ros2_ws/install
[4.667s] DEBUG:colcon.colcon_installed_package_information.package_discovery:Found 281 installed packages in /opt/ros/humble
[4.694s] Level 1:colcon.colcon_core.package_discovery:discover_packages(prefix_path) using defaults
[5.433s] WARNING:colcon.colcon_core.package_selection:Some selected packages are already built in one or more underlay workspaces:
	'interfaces' is in: /home/pi/ros2_ws/install/interfaces
If a package in a merged underlay workspace is overridden and it installs headers, then all packages in the overlay must sort their include directories by workspace order. Failure to do so may result in build failures or undefined behavior at run time.
If the overridden package is used by another package in any underlay, then the overriding package in the overlay must be API and ABI compatible or undefined behavior at run time may occur.

If you understand the risks and want to override a package anyways, add the following to the command line:
	--allow-overriding interfaces

This may be promoted to an error in a future release of colcon-override-check.
[5.448s] Level 5:colcon.colcon_core.verb:set package 'interfaces' build argument 'cmake_args' from command line to 'None'
[5.448s] Level 5:colcon.colcon_core.verb:set package 'interfaces' build argument 'cmake_target' from command line to 'None'
[5.449s] Level 5:colcon.colcon_core.verb:set package 'interfaces' build argument 'cmake_target_skip_unavailable' from command line to 'False'
[5.449s] Level 5:colcon.colcon_core.verb:set package 'interfaces' build argument 'cmake_clean_cache' from command line to 'False'
[5.449s] Level 5:colcon.colcon_core.verb:set package 'interfaces' build argument 'cmake_clean_first' from command line to 'False'
[5.450s] Level 5:colcon.colcon_core.verb:set package 'interfaces' build argument 'cmake_force_configure' from command line to 'False'
[5.450s] Level 5:colcon.colcon_core.verb:set package 'interfaces' build argument 'ament_cmake_args' from command line to 'None'
[5.450s] Level 5:colcon.colcon_core.verb:set package 'interfaces' build argument 'catkin_cmake_args' from command line to 'None'
[5.451s] Level 5:colcon.colcon_core.verb:set package 'interfaces' build argument 'catkin_skip_building_tests' from command line to 'False'
[5.451s] DEBUG:colcon.colcon_core.verb:Building package 'interfaces' with the following arguments: {'ament_cmake_args': None, 'build_base': '/home/pi/estelle/autocab/raspberryPI3/ros2_ws/build/interfaces', 'catkin_cmake_args': None, 'catkin_skip_building_tests': False, 'cmake_args': None, 'cmake_clean_cache': False, 'cmake_clean_first': False, 'cmake_force_configure': False, 'cmake_target': None, 'cmake_target_skip_unavailable': False, 'install_base': '/home/pi/estelle/autocab/raspberryPI3/ros2_ws/install/interfaces', 'merge_install': False, 'path': '/home/pi/estelle/autocab/raspberryPI3/ros2_ws/src/interfaces', 'symlink_install': False, 'test_result_base': None}
[5.458s] INFO:colcon.colcon_core.executor:Executing jobs using 'parallel' executor
[5.500s] DEBUG:colcon.colcon_parallel_executor.executor.parallel:run_until_complete
[5.501s] INFO:colcon.colcon_ros.task.ament_cmake.build:Building ROS package in '/home/pi/estelle/autocab/raspberryPI3/ros2_ws/src/interfaces' with build type 'ament_cmake'
[5.503s] INFO:colcon.colcon_cmake.task.cmake.build:Building CMake package in '/home/pi/estelle/autocab/raspberryPI3/ros2_ws/src/interfaces'
[5.553s] INFO:colcon.colcon_core.plugin_system:Skipping extension 'colcon_core.shell.bat': Not used on non-Windows systems
[5.555s] INFO:colcon.colcon_core.shell:Skip shell extension 'powershell' for command environment: Not usable outside of PowerShell
[5.556s] DEBUG:colcon.colcon_core.shell:Skip shell extension 'dsv' for command environment
[5.681s] DEBUG:colcon.colcon_core.event_handler.log_command:Invoking command in '/home/pi/estelle/autocab/raspberryPI3/ros2_ws/build/interfaces': CMAKE_PREFIX_PATH=${CMAKE_PREFIX_PATH}:/opt/ros/humble /usr/bin/cmake --build /home/pi/estelle/autocab/raspberryPI3/ros2_ws/build/interfaces -- -j4 -l4
[12.018s] DEBUG:colcon.colcon_core.event_handler.log_command:Invoked command in '/home/pi/estelle/autocab/raspberryPI3/ros2_ws/build/interfaces' returned '0': CMAKE_PREFIX_PATH=${CMAKE_PREFIX_PATH}:/opt/ros/humble /usr/bin/cmake --build /home/pi/estelle/autocab/raspberryPI3/ros2_ws/build/interfaces -- -j4 -l4
[15.682s] DEBUG:colcon.colcon_core.event_handler.log_command:Invoking command in '/home/pi/estelle/autocab/raspberryPI3/ros2_ws/build/interfaces': CMAKE_PREFIX_PATH=${CMAKE_PREFIX_PATH}:/opt/ros/humble /usr/bin/cmake --install /home/pi/estelle/autocab/raspberryPI3/ros2_ws/build/interfaces
[16.877s] Level 1:colcon.colcon_core.environment:create_environment_scripts_only(interfaces)
[16.886s] DEBUG:colcon.colcon_core.event_handler.log_command:Invoked command in '/home/pi/estelle/autocab/raspberryPI3/ros2_ws/build/interfaces' returned '0': CMAKE_PREFIX_PATH=${CMAKE_PREFIX_PATH}:/opt/ros/humble /usr/bin/cmake --install /home/pi/estelle/autocab/raspberryPI3/ros2_ws/build/interfaces
[16.943s] Level 1:colcon.colcon_core.environment:checking '/home/pi/estelle/autocab/raspberryPI3/ros2_ws/install/interfaces' for CMake module files
[16.957s] Level 1:colcon.colcon_core.environment:checking '/home/pi/estelle/autocab/raspberryPI3/ros2_ws/install/interfaces' for CMake config files
[16.973s] Level 1:colcon.colcon_core.shell:create_environment_hook('interfaces', 'cmake_prefix_path')
[16.991s] INFO:colcon.colcon_core.shell:Creating environment hook '/home/pi/estelle/autocab/raspberryPI3/ros2_ws/install/interfaces/share/interfaces/hook/cmake_prefix_path.ps1'
[17.001s] INFO:colcon.colcon_core.shell:Creating environment descriptor '/home/pi/estelle/autocab/raspberryPI3/ros2_ws/install/interfaces/share/interfaces/hook/cmake_prefix_path.dsv'
[17.007s] INFO:colcon.colcon_core.shell:Creating environment hook '/home/pi/estelle/autocab/raspberryPI3/ros2_ws/install/interfaces/share/interfaces/hook/cmake_prefix_path.sh'
[17.018s] Level 1:colcon.colcon_core.environment:checking '/home/pi/estelle/autocab/raspberryPI3/ros2_ws/install/interfaces/lib'
[17.021s] Level 1:colcon.colcon_core.shell:create_environment_hook('interfaces', 'ld_library_path_lib')
[17.037s] INFO:colcon.colcon_core.shell:Creating environment hook '/home/pi/estelle/autocab/raspberryPI3/ros2_ws/install/interfaces/share/interfaces/hook/ld_library_path_lib.ps1'
[17.043s] INFO:colcon.colcon_core.shell:Creating environment descriptor '/home/pi/estelle/autocab/raspberryPI3/ros2_ws/install/interfaces/share/interfaces/hook/ld_library_path_lib.dsv'
[17.048s] INFO:colcon.colcon_core.shell:Creating environment hook '/home/pi/estelle/autocab/raspberryPI3/ros2_ws/install/interfaces/share/interfaces/hook/ld_library_path_lib.sh'
[17.053s] Level 1:colcon.colcon_core.environment:checking '/home/pi/estelle/autocab/raspberryPI3/ros2_ws/install/interfaces/bin'
[17.054s] Level 1:colcon.colcon_core.environment:checking '/home/pi/estelle/autocab/raspberryPI3/ros2_ws/install/interfaces/lib/pkgconfig/interfaces.pc'
[17.057s] Level 1:colcon.colcon_core.environment:checking '/home/pi/estelle/autocab/raspberryPI3/ros2_ws/install/interfaces/lib/python3.10/site-packages'
[17.060s] Level 1:colcon.colcon_core.environment:checking '/home/pi/estelle/autocab/raspberryPI3/ros2_ws/install/interfaces/bin'
[17.080s] INFO:colcon.colcon_core.shell:Creating package script '/home/pi/estelle/autocab/raspberryPI3/ros2_ws/install/interfaces/share/interfaces/package.ps1'
[17.091s] INFO:colcon.colcon_core.shell:Creating package descriptor '/home/pi/estelle/autocab/raspberryPI3/ros2_ws/install/interfaces/share/interfaces/package.dsv'
[17.099s] INFO:colcon.colcon_core.shell:Creating package script '/home/pi/estelle/autocab/raspberryPI3/ros2_ws/install/interfaces/share/interfaces/package.sh'
[17.109s] INFO:colcon.colcon_core.shell:Creating package script '/home/pi/estelle/autocab/raspberryPI3/ros2_ws/install/interfaces/share/interfaces/package.bash'
[17.119s] INFO:colcon.colcon_core.shell:Creating package script '/home/pi/estelle/autocab/raspberryPI3/ros2_ws/install/interfaces/share/interfaces/package.zsh'
[17.128s] Level 1:colcon.colcon_core.environment:create_file_with_runtime_dependencies(/home/pi/estelle/autocab/raspberryPI3/ros2_ws/install/interfaces/share/colcon-core/packages/interfaces)
[20.724s] Level 1:colcon.colcon_core.environment:create_environment_scripts_only(interfaces)
[20.748s] Level 1:colcon.colcon_core.environment:checking '/home/pi/estelle/autocab/raspberryPI3/ros2_ws/install/interfaces' for CMake module files
[20.761s] Level 1:colcon.colcon_core.environment:checking '/home/pi/estelle/autocab/raspberryPI3/ros2_ws/install/interfaces' for CMake config files
[20.776s] Level 1:colcon.colcon_core.shell:create_environment_hook('interfaces', 'cmake_prefix_path')
[20.794s] INFO:colcon.colcon_core.shell:Creating environment hook '/home/pi/estelle/autocab/raspberryPI3/ros2_ws/install/interfaces/share/interfaces/hook/cmake_prefix_path.ps1'
[20.800s] INFO:colcon.colcon_core.shell:Creating environment descriptor '/home/pi/estelle/autocab/raspberryPI3/ros2_ws/install/interfaces/share/interfaces/hook/cmake_prefix_path.dsv'
[20.805s] INFO:colcon.colcon_core.shell:Creating environment hook '/home/pi/estelle/autocab/raspberryPI3/ros2_ws/install/interfaces/share/interfaces/hook/cmake_prefix_path.sh'
[20.813s] Level 1:colcon.colcon_core.environment:checking '/home/pi/estelle/autocab/raspberryPI3/ros2_ws/install/interfaces/lib'
[20.815s] Level 1:colcon.colcon_core.shell:create_environment_hook('interfaces', 'ld_library_path_lib')
[20.829s] INFO:colcon.colcon_core.shell:Creating environment hook '/home/pi/estelle/autocab/raspberryPI3/ros2_ws/install/interfaces/share/interfaces/hook/ld_library_path_lib.ps1'
[20.834s] INFO:colcon.colcon_core.shell:Creating environment descriptor '/home/pi/estelle/autocab/raspberryPI3/ros2_ws/install/interfaces/share/interfaces/hook/ld_library_path_lib.dsv'
[20.839s] INFO:colcon.colcon_core.shell:Creating environment hook '/home/pi/estelle/autocab/raspberryPI3/ros2_ws/install/interfaces/share/interfaces/hook/ld_library_path_lib.sh'
[20.845s] Level 1:colcon.colcon_core.environment:checking '/home/pi/estelle/autocab/raspberryPI3/ros2_ws/install/interfaces/bin'
[20.846s] Level 1:colcon.colcon_core.environment:checking '/home/pi/estelle/autocab/raspberryPI3/ros2_ws/install/interfaces/lib/pkgconfig/interfaces.pc'
[20.848s] Level 1:colcon.colcon_core.environment:checking '/home/pi/estelle/autocab/raspberryPI3/ros2_ws/install/interfaces/lib/python3.10/site-packages'
[20.851s] Level 1:colcon.colcon_core.environment:checking '/home/pi/estelle/autocab/raspberryPI3/ros2_ws/install/interfaces/bin'
[20.867s] INFO:colcon.colcon_core.shell:Creating package script '/home/pi/estelle/autocab/raspberryPI3/ros2_ws/install/interfaces/share/interfaces/package.ps1'
[20.873s] INFO:colcon.colcon_core.shell:Creating package descriptor '/home/pi/estelle/autocab/raspberryPI3/ros2_ws/install/interfaces/share/interfaces/package.dsv'
[20.880s] INFO:colcon.colcon_core.shell:Creating package script '/home/pi/estelle/autocab/raspberryPI3/ros2_ws/install/interfaces/share/interfaces/package.sh'
[20.887s] INFO:colcon.colcon_core.shell:Creating package script '/home/pi/estelle/autocab/raspberryPI3/ros2_ws/install/interfaces/share/interfaces/package.bash'
[20.892s] INFO:colcon.colcon_core.shell:Creating package script '/home/pi/estelle/autocab/raspberryPI3/ros2_ws/install/interfaces/share/interfaces/package.zsh'
[20.899s] Level 1:colcon.colcon_core.environment:create_file_with_runtime_dependencies(/home/pi/estelle/autocab/raspberryPI3/ros2_ws/install/interfaces/share/colcon-core/packages/interfaces)
[20.905s] DEBUG:colcon.colcon_parallel_executor.executor.parallel:closing loop
[20.907s] DEBUG:colcon.colcon_parallel_executor.executor.parallel:loop closed
[20.909s] DEBUG:colcon.colcon_parallel_executor.executor.parallel:run_until_complete finished with '0'
[20.910s] DEBUG:colcon.colcon_core.event_reactor:joining thread
[20.983s] INFO:colcon.colcon_core.plugin_system:Skipping extension 'colcon_notification.desktop_notification.notify_send': Could not find 'notify-send'
[20.985s] INFO:colcon.colcon_core.plugin_system:Skipping extension 'colcon_notification.desktop_notification.terminal_notifier': Not used on non-Darwin systems
[20.986s] INFO:colcon.colcon_core.plugin_system:Skipping extension 'colcon_notification.desktop_notification.win32': Not used on non-Windows systems
[20.987s] INFO:colcon.colcon_notification.desktop_notification:Sending desktop notification using 'notify2'
[20.994s] DEBUG:colcon.colcon_notification.desktop_notification.notify2:Failed to initialize notify2: org.freedesktop.DBus.Error.ServiceUnknown: The name org.freedesktop.Notifications was not provided by any .service files
[20.995s] DEBUG:colcon.colcon_core.event_reactor:joined thread
[21.010s] INFO:colcon.colcon_core.shell:Creating prefix script '/home/pi/estelle/autocab/raspberryPI3/ros2_ws/install/local_setup.ps1'
[21.020s] INFO:colcon.colcon_core.shell:Creating prefix util module '/home/pi/estelle/autocab/raspberryPI3/ros2_ws/install/_local_setup_util_ps1.py'
[21.036s] INFO:colcon.colcon_core.shell:Creating prefix chain script '/home/pi/estelle/autocab/raspberryPI3/ros2_ws/install/setup.ps1'
[21.068s] INFO:colcon.colcon_core.shell:Creating prefix script '/home/pi/estelle/autocab/raspberryPI3/ros2_ws/install/local_setup.sh'
[21.076s] INFO:colcon.colcon_core.shell:Creating prefix util module '/home/pi/estelle/autocab/raspberryPI3/ros2_ws/install/_local_setup_util_sh.py'
[21.082s] INFO:colcon.colcon_core.shell:Creating prefix chain script '/home/pi/estelle/autocab/raspberryPI3/ros2_ws/install/setup.sh'
[21.109s] INFO:colcon.colcon_core.shell:Creating prefix script '/home/pi/estelle/autocab/raspberryPI3/ros2_ws/install/local_setup.bash'
[21.116s] INFO:colcon.colcon_core.shell:Creating prefix chain script '/home/pi/estelle/autocab/raspberryPI3/ros2_ws/install/setup.bash'
[21.142s] INFO:colcon.colcon_core.shell:Creating prefix script '/home/pi/estelle/autocab/raspberryPI3/ros2_ws/install/local_setup.zsh'
[21.148s] INFO:colcon.colcon_core.shell:Creating prefix chain script '/home/pi/estelle/autocab/raspberryPI3/ros2_ws/install/setup.zsh'
