[0.062s] Invoking command in '/home/pi/autocab/raspberryPI3/ros2_ws/src/build/interfaces': CMAKE_PREFIX_PATH=${CMAKE_PREFIX_PATH}:/opt/ros/humble /usr/bin/cmake /home/pi/autocab/raspberryPI3/ros2_ws/src/interfaces -DCMAKE_INSTALL_PREFIX=/home/pi/autocab/raspberryPI3/ros2_ws/src/install/interfaces
[0.820s] -- The C compiler identification is GNU 11.4.0
[1.144s] -- The CXX compiler identification is GNU 11.4.0
[1.185s] -- Detecting C compiler ABI info
[1.583s] -- Detecting C compiler ABI info - done
[1.608s] -- Check for working C compiler: /usr/bin/cc - skipped
[1.610s] -- Detecting C compile features
[1.613s] -- Detecting C compile features - done
[1.627s] -- Detecting CXX compiler ABI info
[2.046s] -- Detecting CXX compiler ABI info - done
[2.073s] -- Check for working CXX compiler: /usr/bin/c++ - skipped
[2.074s] -- Detecting CXX compile features
[2.076s] -- Detecting CXX compile features - done
[2.110s] -- Found ament_cmake: 1.3.2 (/opt/ros/humble/share/ament_cmake/cmake)
[3.146s] -- Found Python3: /usr/bin/python3.10 (found version "3.10.12") found components: Interpreter 
[3.895s] -- Found rclcpp: 16.0.1 (/opt/ros/humble/share/rclcpp/cmake)
[4.476s] -- Found rosidl_generator_c: 3.1.3 (/opt/ros/humble/share/rosidl_generator_c/cmake)
[4.546s] -- Found rosidl_adapter: 3.1.3 (/opt/ros/humble/share/rosidl_adapter/cmake)
[4.631s] -- Found rosidl_generator_cpp: 3.1.3 (/opt/ros/humble/share/rosidl_generator_cpp/cmake)
[4.757s] -- Using all available rosidl_typesupport_c: rosidl_typesupport_fastrtps_c;rosidl_typesupport_introspection_c
[4.912s] -- Using all available rosidl_typesupport_cpp: rosidl_typesupport_fastrtps_cpp;rosidl_typesupport_introspection_cpp
[5.378s] -- Found rmw_implementation_cmake: 6.1.0 (/opt/ros/humble/share/rmw_implementation_cmake/cmake)
[5.414s] -- Found rmw_fastrtps_cpp: 6.2.1 (/opt/ros/humble/share/rmw_fastrtps_cpp/cmake)
[6.096s] -- Found OpenSSL: /usr/lib/aarch64-linux-gnu/libcrypto.so (found version "3.0.2")  
[6.316s] -- Found FastRTPS: /opt/ros/humble/include  
[6.698s] -- Using RMW implementation 'rmw_fastrtps_cpp' as default
[7.463s] -- Found rosidl_default_generators: 1.2.0 (/opt/ros/humble/share/rosidl_default_generators/cmake)
[9.151s] -- Found ament_cmake_ros: 0.10.0 (/opt/ros/humble/share/ament_cmake_ros/cmake)
[10.891s] -- Using all available rosidl_typesupport_c: rosidl_typesupport_fastrtps_c;rosidl_typesupport_introspection_c
[11.519s] -- Using all available rosidl_typesupport_cpp: rosidl_typesupport_fastrtps_cpp;rosidl_typesupport_introspection_cpp
[11.640s] -- Found PythonInterp: /usr/bin/python3 (found suitable version "3.10.12", minimum required is "3.6") 
[11.678s] -- Found python_cmake_module: 0.10.0 (/opt/ros/humble/share/python_cmake_module/cmake)
[11.838s] -- Found PythonLibs: /usr/lib/aarch64-linux-gnu/libpython3.10.so (found suitable version "3.10.12", minimum required is "3.5") 
[11.839s] -- Using PYTHON_EXECUTABLE: /usr/bin/python3
[11.840s] -- Using PYTHON_INCLUDE_DIRS: /usr/include/python3.10
[11.841s] -- Using PYTHON_LIBRARIES: /usr/lib/aarch64-linux-gnu/libpython3.10.so
[11.945s] -- Found PythonExtra: .so  
[12.212s] -- Found ament_lint_auto: 0.12.4 (/opt/ros/humble/share/ament_lint_auto/cmake)
[12.589s] -- Added test 'cppcheck' to perform static code analysis on C / C++ code
[12.591s] -- Configured cppcheck include dirs: 
[12.591s] -- Configured cppcheck exclude dirs and/or files: 
[12.605s] -- Added test 'flake8' to check Python code syntax and style conventions
[12.630s] -- Added test 'lint_cmake' to check CMake code style
[12.645s] -- Added test 'pep257' to check Python code against some of the docstring style conventions in PEP 257
[12.735s] -- Added test 'uncrustify' to check C / C++ code style
[12.736s] -- Configured uncrustify additional arguments: 
[12.751s] -- Added test 'xmllint' to check XML markup files
[12.778s] -- Configuring done
[13.010s] -- Generating done
[13.027s] -- Build files have been written to: /home/pi/autocab/raspberryPI3/ros2_ws/src/build/interfaces
[13.079s] Invoked command in '/home/pi/autocab/raspberryPI3/ros2_ws/src/build/interfaces' returned '0': CMAKE_PREFIX_PATH=${CMAKE_PREFIX_PATH}:/opt/ros/humble /usr/bin/cmake /home/pi/autocab/raspberryPI3/ros2_ws/src/interfaces -DCMAKE_INSTALL_PREFIX=/home/pi/autocab/raspberryPI3/ros2_ws/src/install/interfaces
[13.089s] Invoking command in '/home/pi/autocab/raspberryPI3/ros2_ws/src/build/interfaces': CMAKE_PREFIX_PATH=${CMAKE_PREFIX_PATH}:/opt/ros/humble /usr/bin/cmake --build /home/pi/autocab/raspberryPI3/ros2_ws/src/build/interfaces -- -j4 -l4
[13.311s] [  1%] [34m[1mGenerating C code for ROS interfaces[0m
[13.421s] [  2%] [34m[1mGenerating C++ code for ROS interfaces[0m
[13.510s] [  2%] Built target ament_cmake_python_copy_interfaces
[17.771s] running egg_info
[17.774s] creating interfaces.egg-info
[17.777s] writing interfaces.egg-info/PKG-INFO
[17.779s] writing dependency_links to interfaces.egg-info/dependency_links.txt
[17.779s] writing top-level names to interfaces.egg-info/top_level.txt
[17.780s] writing manifest file 'interfaces.egg-info/SOURCES.txt'
[17.792s] reading manifest file 'interfaces.egg-info/SOURCES.txt'
[17.797s] writing manifest file 'interfaces.egg-info/SOURCES.txt'
[17.946s] [  2%] Built target ament_cmake_python_build_interfaces_egg
[22.454s] [  2%] Built target interfaces__cpp
[22.537s] [  4%] [34m[1mGenerating C++ introspection for ROS interfaces[0m
[22.540s] [  4%] [34m[1mGenerating C++ type support for eProsima Fast-RTPS[0m
[22.543s] [  5%] [34m[1mGenerating C++ type support dispatch for ROS interfaces[0m
[22.612s] [  6%] [32mBuilding C object CMakeFiles/interfaces__rosidl_generator_c.dir/rosidl_generator_c/interfaces/msg/detail/joystick_order__functions.c.o[0m
[23.090s] [  7%] [32mBuilding C object CMakeFiles/interfaces__rosidl_generator_c.dir/rosidl_generator_c/interfaces/msg/detail/motors_order__functions.c.o[0m
[23.411s] [  8%] [32mBuilding C object CMakeFiles/interfaces__rosidl_generator_c.dir/rosidl_generator_c/interfaces/msg/detail/motors_feedback__functions.c.o[0m
[23.767s] [  9%] [32mBuilding C object CMakeFiles/interfaces__rosidl_generator_c.dir/rosidl_generator_c/interfaces/msg/detail/general_data__functions.c.o[0m
[24.131s] [ 10%] [32mBuilding C object CMakeFiles/interfaces__rosidl_generator_c.dir/rosidl_generator_c/interfaces/msg/detail/steering_calibration__functions.c.o[0m
[24.485s] [ 11%] [32mBuilding C object CMakeFiles/interfaces__rosidl_generator_c.dir/rosidl_generator_c/interfaces/msg/detail/ultrasonic__functions.c.o[0m
[25.525s] [ 12%] [32mBuilding C object CMakeFiles/interfaces__rosidl_generator_c.dir/rosidl_generator_c/interfaces/msg/detail/gnss__functions.c.o[0m
[26.236s] [ 13%] [32mBuilding C object CMakeFiles/interfaces__rosidl_generator_c.dir/rosidl_generator_c/interfaces/msg/detail/system_check__functions.c.o[0m
[27.268s] [ 14%] [32mBuilding C object CMakeFiles/interfaces__rosidl_generator_c.dir/rosidl_generator_c/interfaces/msg/detail/serveur__functions.c.o[0m
[28.247s] [ 15%] [32m[1mLinking C shared library libinterfaces__rosidl_generator_c.so[0m
[29.068s] [ 15%] Built target interfaces__rosidl_generator_c
[29.230s] [ 16%] [34m[1mGenerating C type support for eProsima Fast-RTPS[0m
[34.350s] [ 17%] [32mBuilding CXX object CMakeFiles/interfaces__rosidl_typesupport_cpp.dir/rosidl_typesupport_cpp/interfaces/msg/joystick_order__type_support.cpp.o[0m
[37.292s] [ 18%] [32mBuilding CXX object CMakeFiles/interfaces__rosidl_typesupport_introspection_cpp.dir/rosidl_typesupport_introspection_cpp/interfaces/msg/detail/joystick_order__type_support.cpp.o[0m
[38.381s] [ 20%] [32mBuilding CXX object CMakeFiles/interfaces__rosidl_typesupport_cpp.dir/rosidl_typesupport_cpp/interfaces/msg/motors_order__type_support.cpp.o[0m
[38.390s] [ 21%] [32mBuilding CXX object CMakeFiles/interfaces__rosidl_typesupport_fastrtps_cpp.dir/rosidl_typesupport_fastrtps_cpp/interfaces/msg/detail/dds_fastrtps/joystick_order__type_support.cpp.o[0m
[42.542s] [ 22%] [32mBuilding CXX object CMakeFiles/interfaces__rosidl_typesupport_cpp.dir/rosidl_typesupport_cpp/interfaces/msg/motors_feedback__type_support.cpp.o[0m
[42.946s] [ 23%] [32mBuilding CXX object CMakeFiles/interfaces__rosidl_typesupport_introspection_cpp.dir/rosidl_typesupport_introspection_cpp/interfaces/msg/detail/motors_order__type_support.cpp.o[0m
[44.773s] [ 24%] [32mBuilding CXX object CMakeFiles/interfaces__rosidl_typesupport_fastrtps_cpp.dir/rosidl_typesupport_fastrtps_cpp/interfaces/msg/detail/dds_fastrtps/motors_order__type_support.cpp.o[0m
[46.558s] [ 25%] [32mBuilding CXX object CMakeFiles/interfaces__rosidl_typesupport_cpp.dir/rosidl_typesupport_cpp/interfaces/msg/general_data__type_support.cpp.o[0m
[48.401s] [ 26%] [32mBuilding CXX object CMakeFiles/interfaces__rosidl_typesupport_fastrtps_c.dir/rosidl_typesupport_fastrtps_c/interfaces/msg/detail/joystick_order__type_support_c.cpp.o[0m
[49.232s] [ 27%] [32mBuilding CXX object CMakeFiles/interfaces__rosidl_typesupport_introspection_cpp.dir/rosidl_typesupport_introspection_cpp/interfaces/msg/detail/motors_feedback__type_support.cpp.o[0m
[51.076s] [ 28%] [32mBuilding CXX object CMakeFiles/interfaces__rosidl_typesupport_fastrtps_cpp.dir/rosidl_typesupport_fastrtps_cpp/interfaces/msg/detail/dds_fastrtps/motors_feedback__type_support.cpp.o[0m
[51.090s] [ 29%] [32mBuilding CXX object CMakeFiles/interfaces__rosidl_typesupport_cpp.dir/rosidl_typesupport_cpp/interfaces/msg/steering_calibration__type_support.cpp.o[0m
[54.143s] [ 30%] [32mBuilding CXX object CMakeFiles/interfaces__rosidl_typesupport_fastrtps_c.dir/rosidl_typesupport_fastrtps_c/interfaces/msg/detail/motors_order__type_support_c.cpp.o[0m
[55.545s] [ 31%] [32mBuilding CXX object CMakeFiles/interfaces__rosidl_typesupport_introspection_cpp.dir/rosidl_typesupport_introspection_cpp/interfaces/msg/detail/general_data__type_support.cpp.o[0m
[55.833s] [ 32%] [32mBuilding CXX object CMakeFiles/interfaces__rosidl_typesupport_cpp.dir/rosidl_typesupport_cpp/interfaces/msg/ultrasonic__type_support.cpp.o[0m
[57.324s] [ 33%] [32mBuilding CXX object CMakeFiles/interfaces__rosidl_typesupport_fastrtps_cpp.dir/rosidl_typesupport_fastrtps_cpp/interfaces/msg/detail/dds_fastrtps/general_data__type_support.cpp.o[0m
[59.840s] [ 34%] [32mBuilding CXX object CMakeFiles/interfaces__rosidl_typesupport_fastrtps_c.dir/rosidl_typesupport_fastrtps_c/interfaces/msg/detail/motors_feedback__type_support_c.cpp.o[0m
[60.542s] [ 35%] [32mBuilding CXX object CMakeFiles/interfaces__rosidl_typesupport_cpp.dir/rosidl_typesupport_cpp/interfaces/msg/gnss__type_support.cpp.o[0m
[62.002s] [ 36%] [32mBuilding CXX object CMakeFiles/interfaces__rosidl_typesupport_introspection_cpp.dir/rosidl_typesupport_introspection_cpp/interfaces/msg/detail/steering_calibration__type_support.cpp.o[0m
[63.977s] [ 37%] [32mBuilding CXX object CMakeFiles/interfaces__rosidl_typesupport_fastrtps_cpp.dir/rosidl_typesupport_fastrtps_cpp/interfaces/msg/detail/dds_fastrtps/steering_calibration__type_support.cpp.o[0m
[65.068s] [ 38%] [32mBuilding CXX object CMakeFiles/interfaces__rosidl_typesupport_fastrtps_c.dir/rosidl_typesupport_fastrtps_c/interfaces/msg/detail/general_data__type_support_c.cpp.o[0m
[65.332s] [ 40%] [32mBuilding CXX object CMakeFiles/interfaces__rosidl_typesupport_cpp.dir/rosidl_typesupport_cpp/interfaces/msg/system_check__type_support.cpp.o[0m
[69.071s] [ 41%] [32mBuilding CXX object CMakeFiles/interfaces__rosidl_typesupport_introspection_cpp.dir/rosidl_typesupport_introspection_cpp/interfaces/msg/detail/ultrasonic__type_support.cpp.o[0m
[70.510s] [ 42%] [32mBuilding CXX object CMakeFiles/interfaces__rosidl_typesupport_cpp.dir/rosidl_typesupport_cpp/interfaces/msg/serveur__type_support.cpp.o[0m
[70.725s] [ 43%] [32mBuilding CXX object CMakeFiles/interfaces__rosidl_typesupport_fastrtps_cpp.dir/rosidl_typesupport_fastrtps_cpp/interfaces/msg/detail/dds_fastrtps/ultrasonic__type_support.cpp.o[0m
[71.405s] [ 44%] [32mBuilding CXX object CMakeFiles/interfaces__rosidl_typesupport_fastrtps_c.dir/rosidl_typesupport_fastrtps_c/interfaces/msg/detail/steering_calibration__type_support_c.cpp.o[0m
[74.987s] [ 45%] [32m[1mLinking CXX shared library libinterfaces__rosidl_typesupport_cpp.so[0m
[75.049s] [ 46%] [32mBuilding CXX object CMakeFiles/interfaces__rosidl_typesupport_introspection_cpp.dir/rosidl_typesupport_introspection_cpp/interfaces/msg/detail/gnss__type_support.cpp.o[0m
[75.749s] [ 46%] Built target interfaces__rosidl_typesupport_cpp
[76.728s] [ 47%] [32mBuilding CXX object CMakeFiles/interfaces__rosidl_typesupport_fastrtps_c.dir/rosidl_typesupport_fastrtps_c/interfaces/msg/detail/ultrasonic__type_support_c.cpp.o[0m
[77.018s] [ 48%] [32mBuilding CXX object CMakeFiles/interfaces__rosidl_typesupport_fastrtps_cpp.dir/rosidl_typesupport_fastrtps_cpp/interfaces/msg/detail/dds_fastrtps/gnss__type_support.cpp.o[0m
[80.368s] [ 49%] [32mBuilding CXX object CMakeFiles/interfaces__rosidl_typesupport_introspection_cpp.dir/rosidl_typesupport_introspection_cpp/interfaces/msg/detail/system_check__type_support.cpp.o[0m
[81.171s] [ 50%] [32mBuilding CXX object CMakeFiles/interfaces__rosidl_typesupport_fastrtps_c.dir/rosidl_typesupport_fastrtps_c/interfaces/msg/detail/gnss__type_support_c.cpp.o[0m
[82.258s] [ 51%] [32mBuilding CXX object CMakeFiles/interfaces__rosidl_typesupport_fastrtps_cpp.dir/rosidl_typesupport_fastrtps_cpp/interfaces/msg/detail/dds_fastrtps/system_check__type_support.cpp.o[0m
[85.149s] [ 52%] [32mBuilding CXX object CMakeFiles/interfaces__rosidl_typesupport_introspection_cpp.dir/rosidl_typesupport_introspection_cpp/interfaces/msg/detail/serveur__type_support.cpp.o[0m
[85.171s] [ 53%] [32mBuilding CXX object CMakeFiles/interfaces__rosidl_typesupport_fastrtps_c.dir/rosidl_typesupport_fastrtps_c/interfaces/msg/detail/system_check__type_support_c.cpp.o[0m
[87.604s] [ 54%] [32mBuilding CXX object CMakeFiles/interfaces__rosidl_typesupport_fastrtps_cpp.dir/rosidl_typesupport_fastrtps_cpp/interfaces/msg/detail/dds_fastrtps/serveur__type_support.cpp.o[0m
[90.161s] [ 56%] [32m[1mLinking CXX shared library libinterfaces__rosidl_typesupport_introspection_cpp.so[0m
[90.171s] [ 56%] [32mBuilding CXX object CMakeFiles/interfaces__rosidl_typesupport_fastrtps_c.dir/rosidl_typesupport_fastrtps_c/interfaces/msg/detail/serveur__type_support_c.cpp.o[0m
[91.102s] [ 56%] Built target interfaces__rosidl_typesupport_introspection_cpp
[91.980s] [ 57%] [32m[1mLinking CXX shared library libinterfaces__rosidl_typesupport_fastrtps_cpp.so[0m
[92.841s] [ 57%] Built target interfaces__rosidl_typesupport_fastrtps_cpp
[93.661s] [ 58%] [32m[1mLinking CXX shared library libinterfaces__rosidl_typesupport_fastrtps_c.so[0m
[94.379s] [ 58%] Built target interfaces__rosidl_typesupport_fastrtps_c
[94.502s] [ 60%] [34m[1mGenerating C type support dispatch for ROS interfaces[0m
[99.858s] [ 61%] [32mBuilding CXX object CMakeFiles/interfaces__rosidl_typesupport_c.dir/rosidl_typesupport_c/interfaces/msg/joystick_order__type_support.cpp.o[0m
[99.860s] [ 62%] [32mBuilding CXX object CMakeFiles/interfaces__rosidl_typesupport_c.dir/rosidl_typesupport_c/interfaces/msg/motors_order__type_support.cpp.o[0m
[100.247s] [ 63%] [32mBuilding CXX object CMakeFiles/interfaces__rosidl_typesupport_c.dir/rosidl_typesupport_c/interfaces/msg/motors_feedback__type_support.cpp.o[0m
[100.359s] [ 64%] [32mBuilding CXX object CMakeFiles/interfaces__rosidl_typesupport_c.dir/rosidl_typesupport_c/interfaces/msg/steering_calibration__type_support.cpp.o[0m
[100.696s] [ 65%] [32mBuilding CXX object CMakeFiles/interfaces__rosidl_typesupport_c.dir/rosidl_typesupport_c/interfaces/msg/general_data__type_support.cpp.o[0m
[100.785s] [ 66%] [32mBuilding CXX object CMakeFiles/interfaces__rosidl_typesupport_c.dir/rosidl_typesupport_c/interfaces/msg/ultrasonic__type_support.cpp.o[0m
[101.121s] [ 67%] [32mBuilding CXX object CMakeFiles/interfaces__rosidl_typesupport_c.dir/rosidl_typesupport_c/interfaces/msg/gnss__type_support.cpp.o[0m
[101.253s] [ 68%] [32mBuilding CXX object CMakeFiles/interfaces__rosidl_typesupport_c.dir/rosidl_typesupport_c/interfaces/msg/system_check__type_support.cpp.o[0m
[101.552s] [ 69%] [32mBuilding CXX object CMakeFiles/interfaces__rosidl_typesupport_c.dir/rosidl_typesupport_c/interfaces/msg/serveur__type_support.cpp.o[0m
[101.842s] [ 70%] [32m[1mLinking CXX shared library libinterfaces__rosidl_typesupport_c.so[0m
[102.344s] [ 70%] Built target interfaces__rosidl_typesupport_c
[102.476s] [ 71%] [34m[1mGenerating C introspection for ROS interfaces[0m
[109.591s] [ 72%] [32mBuilding C object CMakeFiles/interfaces__rosidl_typesupport_introspection_c.dir/rosidl_typesupport_introspection_c/interfaces/msg/detail/joystick_order__type_support.c.o[0m
[109.599s] [ 73%] [32mBuilding C object CMakeFiles/interfaces__rosidl_typesupport_introspection_c.dir/rosidl_typesupport_introspection_c/interfaces/msg/detail/motors_order__type_support.c.o[0m
[109.605s] [ 74%] [32mBuilding C object CMakeFiles/interfaces__rosidl_typesupport_introspection_c.dir/rosidl_typesupport_introspection_c/interfaces/msg/detail/motors_feedback__type_support.c.o[0m
[110.070s] [ 75%] [32mBuilding C object CMakeFiles/interfaces__rosidl_typesupport_introspection_c.dir/rosidl_typesupport_introspection_c/interfaces/msg/detail/general_data__type_support.c.o[0m
[110.079s] [ 76%] [32mBuilding C object CMakeFiles/interfaces__rosidl_typesupport_introspection_c.dir/rosidl_typesupport_introspection_c/interfaces/msg/detail/steering_calibration__type_support.c.o[0m
[110.108s] [ 77%] [32mBuilding C object CMakeFiles/interfaces__rosidl_typesupport_introspection_c.dir/rosidl_typesupport_introspection_c/interfaces/msg/detail/ultrasonic__type_support.c.o[0m
[110.616s] [ 78%] [32mBuilding C object CMakeFiles/interfaces__rosidl_typesupport_introspection_c.dir/rosidl_typesupport_introspection_c/interfaces/msg/detail/gnss__type_support.c.o[0m
[110.641s] [ 80%] [32mBuilding C object CMakeFiles/interfaces__rosidl_typesupport_introspection_c.dir/rosidl_typesupport_introspection_c/interfaces/msg/detail/system_check__type_support.c.o[0m
[110.667s] [ 81%] [32mBuilding C object CMakeFiles/interfaces__rosidl_typesupport_introspection_c.dir/rosidl_typesupport_introspection_c/interfaces/msg/detail/serveur__type_support.c.o[0m
[111.258s] [ 82%] [32m[1mLinking C shared library libinterfaces__rosidl_typesupport_introspection_c.so[0m
[111.439s] [ 82%] Built target interfaces__rosidl_typesupport_introspection_c
[111.535s] [ 82%] Built target interfaces
[111.633s] [ 83%] [34m[1mGenerating Python code for ROS interfaces[0m
[122.287s] [ 83%] Built target interfaces__py
[122.545s] [ 84%] [32mBuilding C object CMakeFiles/interfaces__rosidl_generator_py.dir/rosidl_generator_py/interfaces/msg/_joystick_order_s.c.o[0m
[122.556s] [ 85%] [32mBuilding C object CMakeFiles/interfaces__rosidl_generator_py.dir/rosidl_generator_py/interfaces/msg/_motors_order_s.c.o[0m
[122.563s] [ 86%] [32mBuilding C object CMakeFiles/interfaces__rosidl_generator_py.dir/rosidl_generator_py/interfaces/msg/_motors_feedback_s.c.o[0m
[122.608s] [ 87%] [32mBuilding C object CMakeFiles/interfaces__rosidl_generator_py.dir/rosidl_generator_py/interfaces/msg/_general_data_s.c.o[0m
[124.146s] [ 88%] [32mBuilding C object CMakeFiles/interfaces__rosidl_generator_py.dir/rosidl_generator_py/interfaces/msg/_steering_calibration_s.c.o[0m
[124.160s] [ 89%] [32mBuilding C object CMakeFiles/interfaces__rosidl_generator_py.dir/rosidl_generator_py/interfaces/msg/_gnss_s.c.o[0m
[124.208s] [ 90%] [32mBuilding C object CMakeFiles/interfaces__rosidl_generator_py.dir/rosidl_generator_py/interfaces/msg/_ultrasonic_s.c.o[0m
[124.413s] [ 91%] [32mBuilding C object CMakeFiles/interfaces__rosidl_generator_py.dir/rosidl_generator_py/interfaces/msg/_system_check_s.c.o[0m
[126.009s] [ 92%] [32mBuilding C object CMakeFiles/interfaces__rosidl_generator_py.dir/rosidl_generator_py/interfaces/msg/_serveur_s.c.o[0m
[127.218s] [ 93%] [32m[1mLinking C shared library rosidl_generator_py/interfaces/libinterfaces__rosidl_generator_py.so[0m
[127.443s] [ 93%] Built target interfaces__rosidl_generator_py
[127.700s] [ 94%] [32mBuilding C object CMakeFiles/interfaces__rosidl_typesupport_fastrtps_c__pyext.dir/rosidl_generator_py/interfaces/_interfaces_s.ep.rosidl_typesupport_fastrtps_c.c.o[0m
[127.708s] [ 95%] [32mBuilding C object CMakeFiles/interfaces__rosidl_typesupport_introspection_c__pyext.dir/rosidl_generator_py/interfaces/_interfaces_s.ep.rosidl_typesupport_introspection_c.c.o[0m
[127.729s] [ 96%] [32mBuilding C object CMakeFiles/interfaces__rosidl_typesupport_c__pyext.dir/rosidl_generator_py/interfaces/_interfaces_s.ep.rosidl_typesupport_c.c.o[0m
[129.442s] [ 97%] [32m[1mLinking C shared library rosidl_generator_py/interfaces/interfaces_s__rosidl_typesupport_c.cpython-310-aarch64-linux-gnu.so[0m
[129.516s] [ 98%] [32m[1mLinking C shared library rosidl_generator_py/interfaces/interfaces_s__rosidl_typesupport_introspection_c.cpython-310-aarch64-linux-gnu.so[0m
[129.595s] [100%] [32m[1mLinking C shared library rosidl_generator_py/interfaces/interfaces_s__rosidl_typesupport_fastrtps_c.cpython-310-aarch64-linux-gnu.so[0m
[129.948s] [100%] Built target interfaces__rosidl_typesupport_c__pyext
[129.972s] [100%] Built target interfaces__rosidl_typesupport_introspection_c__pyext
[130.103s] [100%] Built target interfaces__rosidl_typesupport_fastrtps_c__pyext
[130.268s] Invoked command in '/home/pi/autocab/raspberryPI3/ros2_ws/src/build/interfaces' returned '0': CMAKE_PREFIX_PATH=${CMAKE_PREFIX_PATH}:/opt/ros/humble /usr/bin/cmake --build /home/pi/autocab/raspberryPI3/ros2_ws/src/build/interfaces -- -j4 -l4
[132.016s] Invoking command in '/home/pi/autocab/raspberryPI3/ros2_ws/src/build/interfaces': CMAKE_PREFIX_PATH=${CMAKE_PREFIX_PATH}:/opt/ros/humble /usr/bin/cmake --install /home/pi/autocab/raspberryPI3/ros2_ws/src/build/interfaces
[132.047s] -- Install configuration: ""
[132.048s] -- Installing: /home/pi/autocab/raspberryPI3/ros2_ws/src/install/interfaces/share/ament_index/resource_index/rosidl_interfaces/interfaces
[132.049s] -- Installing: /home/pi/autocab/raspberryPI3/ros2_ws/src/install/interfaces/include/interfaces/interfaces
[132.050s] -- Installing: /home/pi/autocab/raspberryPI3/ros2_ws/src/install/interfaces/include/interfaces/interfaces/msg
[132.051s] -- Installing: /home/pi/autocab/raspberryPI3/ros2_ws/src/install/interfaces/include/interfaces/interfaces/msg/system_check.h
[132.052s] -- Installing: /home/pi/autocab/raspberryPI3/ros2_ws/src/install/interfaces/include/interfaces/interfaces/msg/rosidl_generator_c__visibility_control.h
[132.053s] -- Installing: /home/pi/autocab/raspberryPI3/ros2_ws/src/install/interfaces/include/interfaces/interfaces/msg/motors_order.h
[132.055s] -- Installing: /home/pi/autocab/raspberryPI3/ros2_ws/src/install/interfaces/include/interfaces/interfaces/msg/ultrasonic.h
[132.056s] -- Installing: /home/pi/autocab/raspberryPI3/ros2_ws/src/install/interfaces/include/interfaces/interfaces/msg/joystick_order.h
[132.057s] -- Installing: /home/pi/autocab/raspberryPI3/ros2_ws/src/install/interfaces/include/interfaces/interfaces/msg/steering_calibration.h
[132.058s] -- Installing: /home/pi/autocab/raspberryPI3/ros2_ws/src/install/interfaces/include/interfaces/interfaces/msg/gnss.h
[132.059s] -- Installing: /home/pi/autocab/raspberryPI3/ros2_ws/src/install/interfaces/include/interfaces/interfaces/msg/detail
[132.060s] -- Installing: /home/pi/autocab/raspberryPI3/ros2_ws/src/install/interfaces/include/interfaces/interfaces/msg/detail/general_data__struct.h
[132.061s] -- Installing: /home/pi/autocab/raspberryPI3/ros2_ws/src/install/interfaces/include/interfaces/interfaces/msg/detail/general_data__functions.h
[132.062s] -- Installing: /home/pi/autocab/raspberryPI3/ros2_ws/src/install/interfaces/include/interfaces/interfaces/msg/detail/joystick_order__type_support.h
[132.063s] -- Installing: /home/pi/autocab/raspberryPI3/ros2_ws/src/install/interfaces/include/interfaces/interfaces/msg/detail/steering_calibration__functions.c
[132.065s] -- Installing: /home/pi/autocab/raspberryPI3/ros2_ws/src/install/interfaces/include/interfaces/interfaces/msg/detail/serveur__type_support.h
[132.066s] -- Installing: /home/pi/autocab/raspberryPI3/ros2_ws/src/install/interfaces/include/interfaces/interfaces/msg/detail/motors_feedback__functions.h
[132.067s] -- Installing: /home/pi/autocab/raspberryPI3/ros2_ws/src/install/interfaces/include/interfaces/interfaces/msg/detail/motors_order__type_support.h
[132.068s] -- Installing: /home/pi/autocab/raspberryPI3/ros2_ws/src/install/interfaces/include/interfaces/interfaces/msg/detail/joystick_order__functions.c
[132.069s] -- Installing: /home/pi/autocab/raspberryPI3/ros2_ws/src/install/interfaces/include/interfaces/interfaces/msg/detail/general_data__type_support.h
[132.070s] -- Installing: /home/pi/autocab/raspberryPI3/ros2_ws/src/install/interfaces/include/interfaces/interfaces/msg/detail/motors_feedback__functions.c
[132.072s] -- Installing: /home/pi/autocab/raspberryPI3/ros2_ws/src/install/interfaces/include/interfaces/interfaces/msg/detail/gnss__struct.h
[132.073s] -- Installing: /home/pi/autocab/raspberryPI3/ros2_ws/src/install/interfaces/include/interfaces/interfaces/msg/detail/ultrasonic__functions.c
[132.074s] -- Installing: /home/pi/autocab/raspberryPI3/ros2_ws/src/install/interfaces/include/interfaces/interfaces/msg/detail/general_data__functions.c
[132.075s] -- Installing: /home/pi/autocab/raspberryPI3/ros2_ws/src/install/interfaces/include/interfaces/interfaces/msg/detail/system_check__struct.h
[132.076s] -- Installing: /home/pi/autocab/raspberryPI3/ros2_ws/src/install/interfaces/include/interfaces/interfaces/msg/detail/joystick_order__struct.h
[132.077s] -- Installing: /home/pi/autocab/raspberryPI3/ros2_ws/src/install/interfaces/include/interfaces/interfaces/msg/detail/motors_order__functions.h
[132.079s] -- Installing: /home/pi/autocab/raspberryPI3/ros2_ws/src/install/interfaces/include/interfaces/interfaces/msg/detail/gnss__functions.h
[132.080s] -- Installing: /home/pi/autocab/raspberryPI3/ros2_ws/src/install/interfaces/include/interfaces/interfaces/msg/detail/ultrasonic__type_support.h
[132.081s] -- Installing: /home/pi/autocab/raspberryPI3/ros2_ws/src/install/interfaces/include/interfaces/interfaces/msg/detail/serveur__functions.h
[132.082s] -- Installing: /home/pi/autocab/raspberryPI3/ros2_ws/src/install/interfaces/include/interfaces/interfaces/msg/detail/system_check__functions.c
[132.083s] -- Installing: /home/pi/autocab/raspberryPI3/ros2_ws/src/install/interfaces/include/interfaces/interfaces/msg/detail/motors_order__functions.c
[132.084s] -- Installing: /home/pi/autocab/raspberryPI3/ros2_ws/src/install/interfaces/include/interfaces/interfaces/msg/detail/serveur__struct.h
[132.085s] -- Installing: /home/pi/autocab/raspberryPI3/ros2_ws/src/install/interfaces/include/interfaces/interfaces/msg/detail/joystick_order__functions.h
[132.087s] -- Installing: /home/pi/autocab/raspberryPI3/ros2_ws/src/install/interfaces/include/interfaces/interfaces/msg/detail/motors_feedback__type_support.h
[132.088s] -- Installing: /home/pi/autocab/raspberryPI3/ros2_ws/src/install/interfaces/include/interfaces/interfaces/msg/detail/gnss__functions.c
[132.089s] -- Installing: /home/pi/autocab/raspberryPI3/ros2_ws/src/install/interfaces/include/interfaces/interfaces/msg/detail/steering_calibration__functions.h
[132.090s] -- Installing: /home/pi/autocab/raspberryPI3/ros2_ws/src/install/interfaces/include/interfaces/interfaces/msg/detail/system_check__functions.h
[132.092s] -- Installing: /home/pi/autocab/raspberryPI3/ros2_ws/src/install/interfaces/include/interfaces/interfaces/msg/detail/ultrasonic__struct.h
[132.093s] -- Installing: /home/pi/autocab/raspberryPI3/ros2_ws/src/install/interfaces/include/interfaces/interfaces/msg/detail/steering_calibration__type_support.h
[132.094s] -- Installing: /home/pi/autocab/raspberryPI3/ros2_ws/src/install/interfaces/include/interfaces/interfaces/msg/detail/serveur__functions.c
[132.095s] -- Installing: /home/pi/autocab/raspberryPI3/ros2_ws/src/install/interfaces/include/interfaces/interfaces/msg/detail/system_check__type_support.h
[132.096s] -- Installing: /home/pi/autocab/raspberryPI3/ros2_ws/src/install/interfaces/include/interfaces/interfaces/msg/detail/ultrasonic__functions.h
[132.097s] -- Installing: /home/pi/autocab/raspberryPI3/ros2_ws/src/install/interfaces/include/interfaces/interfaces/msg/detail/steering_calibration__struct.h
[132.099s] -- Installing: /home/pi/autocab/raspberryPI3/ros2_ws/src/install/interfaces/include/interfaces/interfaces/msg/detail/motors_order__struct.h
[132.100s] -- Installing: /home/pi/autocab/raspberryPI3/ros2_ws/src/install/interfaces/include/interfaces/interfaces/msg/detail/gnss__type_support.h
[132.101s] -- Installing: /home/pi/autocab/raspberryPI3/ros2_ws/src/install/interfaces/include/interfaces/interfaces/msg/detail/motors_feedback__struct.h
[132.102s] -- Installing: /home/pi/autocab/raspberryPI3/ros2_ws/src/install/interfaces/include/interfaces/interfaces/msg/general_data.h
[132.103s] -- Installing: /home/pi/autocab/raspberryPI3/ros2_ws/src/install/interfaces/include/interfaces/interfaces/msg/serveur.h
[132.104s] -- Installing: /home/pi/autocab/raspberryPI3/ros2_ws/src/install/interfaces/include/interfaces/interfaces/msg/motors_feedback.h
[132.106s] -- Installing: /home/pi/autocab/raspberryPI3/ros2_ws/src/install/interfaces/share/interfaces/environment/library_path.sh
[132.108s] -- Installing: /home/pi/autocab/raspberryPI3/ros2_ws/src/install/interfaces/share/interfaces/environment/library_path.dsv
[132.109s] -- Installing: /home/pi/autocab/raspberryPI3/ros2_ws/src/install/interfaces/lib/libinterfaces__rosidl_generator_c.so
[132.112s] -- Set runtime path of "/home/pi/autocab/raspberryPI3/ros2_ws/src/install/interfaces/lib/libinterfaces__rosidl_generator_c.so" to ""
[132.113s] -- Up-to-date: /home/pi/autocab/raspberryPI3/ros2_ws/src/install/interfaces/include/interfaces/interfaces
[132.114s] -- Up-to-date: /home/pi/autocab/raspberryPI3/ros2_ws/src/install/interfaces/include/interfaces/interfaces/msg
[132.114s] -- Installing: /home/pi/autocab/raspberryPI3/ros2_ws/src/install/interfaces/include/interfaces/interfaces/msg/rosidl_typesupport_fastrtps_c__visibility_control.h
[132.115s] -- Up-to-date: /home/pi/autocab/raspberryPI3/ros2_ws/src/install/interfaces/include/interfaces/interfaces/msg/detail
[132.115s] -- Installing: /home/pi/autocab/raspberryPI3/ros2_ws/src/install/interfaces/include/interfaces/interfaces/msg/detail/steering_calibration__rosidl_typesupport_fastrtps_c.h
[132.117s] -- Installing: /home/pi/autocab/raspberryPI3/ros2_ws/src/install/interfaces/include/interfaces/interfaces/msg/detail/joystick_order__rosidl_typesupport_fastrtps_c.h
[132.135s] -- Installing: /home/pi/autocab/raspberryPI3/ros2_ws/src/install/interfaces/include/interfaces/interfaces/msg/detail/serveur__rosidl_typesupport_fastrtps_c.h
[132.137s] -- Installing: /home/pi/autocab/raspberryPI3/ros2_ws/src/install/interfaces/include/interfaces/interfaces/msg/detail/gnss__rosidl_typesupport_fastrtps_c.h
[132.140s] -- Installing: /home/pi/autocab/raspberryPI3/ros2_ws/src/install/interfaces/include/interfaces/interfaces/msg/detail/motors_order__rosidl_typesupport_fastrtps_c.h
[132.143s] -- Installing: /home/pi/autocab/raspberryPI3/ros2_ws/src/install/interfaces/include/interfaces/interfaces/msg/detail/ultrasonic__rosidl_typesupport_fastrtps_c.h
[132.145s] -- Installing: /home/pi/autocab/raspberryPI3/ros2_ws/src/install/interfaces/include/interfaces/interfaces/msg/detail/motors_feedback__rosidl_typesupport_fastrtps_c.h
[132.148s] -- Installing: /home/pi/autocab/raspberryPI3/ros2_ws/src/install/interfaces/include/interfaces/interfaces/msg/detail/general_data__rosidl_typesupport_fastrtps_c.h
[132.150s] -- Installing: /home/pi/autocab/raspberryPI3/ros2_ws/src/install/interfaces/include/interfaces/interfaces/msg/detail/system_check__rosidl_typesupport_fastrtps_c.h
[132.151s] -- Installing: /home/pi/autocab/raspberryPI3/ros2_ws/src/install/interfaces/lib/libinterfaces__rosidl_typesupport_fastrtps_c.so
[132.155s] -- Set runtime path of "/home/pi/autocab/raspberryPI3/ros2_ws/src/install/interfaces/lib/libinterfaces__rosidl_typesupport_fastrtps_c.so" to ""
[132.155s] -- Up-to-date: /home/pi/autocab/raspberryPI3/ros2_ws/src/install/interfaces/include/interfaces/interfaces
[132.156s] -- Up-to-date: /home/pi/autocab/raspberryPI3/ros2_ws/src/install/interfaces/include/interfaces/interfaces/msg
[132.156s] -- Installing: /home/pi/autocab/raspberryPI3/ros2_ws/src/install/interfaces/include/interfaces/interfaces/msg/motors_order.hpp
[132.157s] -- Installing: /home/pi/autocab/raspberryPI3/ros2_ws/src/install/interfaces/include/interfaces/interfaces/msg/gnss.hpp
[132.158s] -- Installing: /home/pi/autocab/raspberryPI3/ros2_ws/src/install/interfaces/include/interfaces/interfaces/msg/motors_feedback.hpp
[132.159s] -- Installing: /home/pi/autocab/raspberryPI3/ros2_ws/src/install/interfaces/include/interfaces/interfaces/msg/ultrasonic.hpp
[132.160s] -- Installing: /home/pi/autocab/raspberryPI3/ros2_ws/src/install/interfaces/include/interfaces/interfaces/msg/steering_calibration.hpp
[132.161s] -- Installing: /home/pi/autocab/raspberryPI3/ros2_ws/src/install/interfaces/include/interfaces/interfaces/msg/serveur.hpp
[132.162s] -- Up-to-date: /home/pi/autocab/raspberryPI3/ros2_ws/src/install/interfaces/include/interfaces/interfaces/msg/detail
[132.163s] -- Installing: /home/pi/autocab/raspberryPI3/ros2_ws/src/install/interfaces/include/interfaces/interfaces/msg/detail/motors_feedback__builder.hpp
[132.164s] -- Installing: /home/pi/autocab/raspberryPI3/ros2_ws/src/install/interfaces/include/interfaces/interfaces/msg/detail/general_data__traits.hpp
[132.165s] -- Installing: /home/pi/autocab/raspberryPI3/ros2_ws/src/install/interfaces/include/interfaces/interfaces/msg/detail/motors_feedback__struct.hpp
[132.167s] -- Installing: /home/pi/autocab/raspberryPI3/ros2_ws/src/install/interfaces/include/interfaces/interfaces/msg/detail/joystick_order__traits.hpp
[132.168s] -- Installing: /home/pi/autocab/raspberryPI3/ros2_ws/src/install/interfaces/include/interfaces/interfaces/msg/detail/serveur__traits.hpp
[132.169s] -- Installing: /home/pi/autocab/raspberryPI3/ros2_ws/src/install/interfaces/include/interfaces/interfaces/msg/detail/system_check__struct.hpp
[132.170s] -- Installing: /home/pi/autocab/raspberryPI3/ros2_ws/src/install/interfaces/include/interfaces/interfaces/msg/detail/ultrasonic__builder.hpp
[132.171s] -- Installing: /home/pi/autocab/raspberryPI3/ros2_ws/src/install/interfaces/include/interfaces/interfaces/msg/detail/ultrasonic__struct.hpp
[132.172s] -- Installing: /home/pi/autocab/raspberryPI3/ros2_ws/src/install/interfaces/include/interfaces/interfaces/msg/detail/joystick_order__builder.hpp
[132.174s] -- Installing: /home/pi/autocab/raspberryPI3/ros2_ws/src/install/interfaces/include/interfaces/interfaces/msg/detail/steering_calibration__struct.hpp
[132.175s] -- Installing: /home/pi/autocab/raspberryPI3/ros2_ws/src/install/interfaces/include/interfaces/interfaces/msg/detail/steering_calibration__traits.hpp
[132.176s] -- Installing: /home/pi/autocab/raspberryPI3/ros2_ws/src/install/interfaces/include/interfaces/interfaces/msg/detail/motors_order__struct.hpp
[132.177s] -- Installing: /home/pi/autocab/raspberryPI3/ros2_ws/src/install/interfaces/include/interfaces/interfaces/msg/detail/gnss__builder.hpp
[132.178s] -- Installing: /home/pi/autocab/raspberryPI3/ros2_ws/src/install/interfaces/include/interfaces/interfaces/msg/detail/general_data__builder.hpp
[132.180s] -- Installing: /home/pi/autocab/raspberryPI3/ros2_ws/src/install/interfaces/include/interfaces/interfaces/msg/detail/motors_feedback__traits.hpp
[132.181s] -- Installing: /home/pi/autocab/raspberryPI3/ros2_ws/src/install/interfaces/include/interfaces/interfaces/msg/detail/motors_order__builder.hpp
[132.182s] -- Installing: /home/pi/autocab/raspberryPI3/ros2_ws/src/install/interfaces/include/interfaces/interfaces/msg/detail/joystick_order__struct.hpp
[132.183s] -- Installing: /home/pi/autocab/raspberryPI3/ros2_ws/src/install/interfaces/include/interfaces/interfaces/msg/detail/serveur__struct.hpp
[132.184s] -- Installing: /home/pi/autocab/raspberryPI3/ros2_ws/src/install/interfaces/include/interfaces/interfaces/msg/detail/motors_order__traits.hpp
[132.185s] -- Installing: /home/pi/autocab/raspberryPI3/ros2_ws/src/install/interfaces/include/interfaces/interfaces/msg/detail/gnss__struct.hpp
[132.187s] -- Installing: /home/pi/autocab/raspberryPI3/ros2_ws/src/install/interfaces/include/interfaces/interfaces/msg/detail/serveur__builder.hpp
[132.188s] -- Installing: /home/pi/autocab/raspberryPI3/ros2_ws/src/install/interfaces/include/interfaces/interfaces/msg/detail/ultrasonic__traits.hpp
[132.189s] -- Installing: /home/pi/autocab/raspberryPI3/ros2_ws/src/install/interfaces/include/interfaces/interfaces/msg/detail/system_check__traits.hpp
[132.190s] -- Installing: /home/pi/autocab/raspberryPI3/ros2_ws/src/install/interfaces/include/interfaces/interfaces/msg/detail/steering_calibration__builder.hpp
[132.191s] -- Installing: /home/pi/autocab/raspberryPI3/ros2_ws/src/install/interfaces/include/interfaces/interfaces/msg/detail/system_check__builder.hpp
[132.193s] -- Installing: /home/pi/autocab/raspberryPI3/ros2_ws/src/install/interfaces/include/interfaces/interfaces/msg/detail/general_data__struct.hpp
[132.194s] -- Installing: /home/pi/autocab/raspberryPI3/ros2_ws/src/install/interfaces/include/interfaces/interfaces/msg/detail/gnss__traits.hpp
[132.195s] -- Installing: /home/pi/autocab/raspberryPI3/ros2_ws/src/install/interfaces/include/interfaces/interfaces/msg/joystick_order.hpp
[132.196s] -- Installing: /home/pi/autocab/raspberryPI3/ros2_ws/src/install/interfaces/include/interfaces/interfaces/msg/system_check.hpp
[132.197s] -- Installing: /home/pi/autocab/raspberryPI3/ros2_ws/src/install/interfaces/include/interfaces/interfaces/msg/general_data.hpp
[132.198s] -- Up-to-date: /home/pi/autocab/raspberryPI3/ros2_ws/src/install/interfaces/include/interfaces/interfaces
[132.199s] -- Up-to-date: /home/pi/autocab/raspberryPI3/ros2_ws/src/install/interfaces/include/interfaces/interfaces/msg
[132.200s] -- Installing: /home/pi/autocab/raspberryPI3/ros2_ws/src/install/interfaces/include/interfaces/interfaces/msg/rosidl_typesupport_fastrtps_cpp__visibility_control.h
[132.201s] -- Up-to-date: /home/pi/autocab/raspberryPI3/ros2_ws/src/install/interfaces/include/interfaces/interfaces/msg/detail
[132.201s] -- Installing: /home/pi/autocab/raspberryPI3/ros2_ws/src/install/interfaces/include/interfaces/interfaces/msg/detail/serveur__rosidl_typesupport_fastrtps_cpp.hpp
[132.202s] -- Installing: /home/pi/autocab/raspberryPI3/ros2_ws/src/install/interfaces/include/interfaces/interfaces/msg/detail/dds_fastrtps
[132.203s] -- Installing: /home/pi/autocab/raspberryPI3/ros2_ws/src/install/interfaces/include/interfaces/interfaces/msg/detail/ultrasonic__rosidl_typesupport_fastrtps_cpp.hpp
[132.205s] -- Installing: /home/pi/autocab/raspberryPI3/ros2_ws/src/install/interfaces/include/interfaces/interfaces/msg/detail/motors_order__rosidl_typesupport_fastrtps_cpp.hpp
[132.206s] -- Installing: /home/pi/autocab/raspberryPI3/ros2_ws/src/install/interfaces/include/interfaces/interfaces/msg/detail/general_data__rosidl_typesupport_fastrtps_cpp.hpp
[132.208s] -- Installing: /home/pi/autocab/raspberryPI3/ros2_ws/src/install/interfaces/include/interfaces/interfaces/msg/detail/system_check__rosidl_typesupport_fastrtps_cpp.hpp
[132.209s] -- Installing: /home/pi/autocab/raspberryPI3/ros2_ws/src/install/interfaces/include/interfaces/interfaces/msg/detail/steering_calibration__rosidl_typesupport_fastrtps_cpp.hpp
[132.210s] -- Installing: /home/pi/autocab/raspberryPI3/ros2_ws/src/install/interfaces/include/interfaces/interfaces/msg/detail/motors_feedback__rosidl_typesupport_fastrtps_cpp.hpp
[132.212s] -- Installing: /home/pi/autocab/raspberryPI3/ros2_ws/src/install/interfaces/include/interfaces/interfaces/msg/detail/joystick_order__rosidl_typesupport_fastrtps_cpp.hpp
[132.213s] -- Installing: /home/pi/autocab/raspberryPI3/ros2_ws/src/install/interfaces/include/interfaces/interfaces/msg/detail/gnss__rosidl_typesupport_fastrtps_cpp.hpp
[132.214s] -- Installing: /home/pi/autocab/raspberryPI3/ros2_ws/src/install/interfaces/lib/libinterfaces__rosidl_typesupport_fastrtps_cpp.so
[132.218s] -- Set runtime path of "/home/pi/autocab/raspberryPI3/ros2_ws/src/install/interfaces/lib/libinterfaces__rosidl_typesupport_fastrtps_cpp.so" to ""
[132.218s] -- Up-to-date: /home/pi/autocab/raspberryPI3/ros2_ws/src/install/interfaces/include/interfaces/interfaces
[132.219s] -- Up-to-date: /home/pi/autocab/raspberryPI3/ros2_ws/src/install/interfaces/include/interfaces/interfaces/msg
[132.219s] -- Installing: /home/pi/autocab/raspberryPI3/ros2_ws/src/install/interfaces/include/interfaces/interfaces/msg/rosidl_typesupport_introspection_c__visibility_control.h
[132.220s] -- Up-to-date: /home/pi/autocab/raspberryPI3/ros2_ws/src/install/interfaces/include/interfaces/interfaces/msg/detail
[132.221s] -- Installing: /home/pi/autocab/raspberryPI3/ros2_ws/src/install/interfaces/include/interfaces/interfaces/msg/detail/gnss__rosidl_typesupport_introspection_c.h
[132.222s] -- Installing: /home/pi/autocab/raspberryPI3/ros2_ws/src/install/interfaces/include/interfaces/interfaces/msg/detail/general_data__type_support.c
[132.223s] -- Installing: /home/pi/autocab/raspberryPI3/ros2_ws/src/install/interfaces/include/interfaces/interfaces/msg/detail/gnss__type_support.c
[132.224s] -- Installing: /home/pi/autocab/raspberryPI3/ros2_ws/src/install/interfaces/include/interfaces/interfaces/msg/detail/motors_order__type_support.c
[132.226s] -- Installing: /home/pi/autocab/raspberryPI3/ros2_ws/src/install/interfaces/include/interfaces/interfaces/msg/detail/motors_order__rosidl_typesupport_introspection_c.h
[132.227s] -- Installing: /home/pi/autocab/raspberryPI3/ros2_ws/src/install/interfaces/include/interfaces/interfaces/msg/detail/system_check__type_support.c
[132.228s] -- Installing: /home/pi/autocab/raspberryPI3/ros2_ws/src/install/interfaces/include/interfaces/interfaces/msg/detail/serveur__rosidl_typesupport_introspection_c.h
[132.230s] -- Installing: /home/pi/autocab/raspberryPI3/ros2_ws/src/install/interfaces/include/interfaces/interfaces/msg/detail/motors_feedback__type_support.c
[132.231s] -- Installing: /home/pi/autocab/raspberryPI3/ros2_ws/src/install/interfaces/include/interfaces/interfaces/msg/detail/serveur__type_support.c
[132.232s] -- Installing: /home/pi/autocab/raspberryPI3/ros2_ws/src/install/interfaces/include/interfaces/interfaces/msg/detail/joystick_order__type_support.c
[132.233s] -- Installing: /home/pi/autocab/raspberryPI3/ros2_ws/src/install/interfaces/include/interfaces/interfaces/msg/detail/steering_calibration__rosidl_typesupport_introspection_c.h
[132.235s] -- Installing: /home/pi/autocab/raspberryPI3/ros2_ws/src/install/interfaces/include/interfaces/interfaces/msg/detail/ultrasonic__rosidl_typesupport_introspection_c.h
[132.236s] -- Installing: /home/pi/autocab/raspberryPI3/ros2_ws/src/install/interfaces/include/interfaces/interfaces/msg/detail/system_check__rosidl_typesupport_introspection_c.h
[132.237s] -- Installing: /home/pi/autocab/raspberryPI3/ros2_ws/src/install/interfaces/include/interfaces/interfaces/msg/detail/steering_calibration__type_support.c
[132.238s] -- Installing: /home/pi/autocab/raspberryPI3/ros2_ws/src/install/interfaces/include/interfaces/interfaces/msg/detail/ultrasonic__type_support.c
[132.240s] -- Installing: /home/pi/autocab/raspberryPI3/ros2_ws/src/install/interfaces/include/interfaces/interfaces/msg/detail/general_data__rosidl_typesupport_introspection_c.h
[132.241s] -- Installing: /home/pi/autocab/raspberryPI3/ros2_ws/src/install/interfaces/include/interfaces/interfaces/msg/detail/joystick_order__rosidl_typesupport_introspection_c.h
[132.242s] -- Installing: /home/pi/autocab/raspberryPI3/ros2_ws/src/install/interfaces/include/interfaces/interfaces/msg/detail/motors_feedback__rosidl_typesupport_introspection_c.h
[132.244s] -- Installing: /home/pi/autocab/raspberryPI3/ros2_ws/src/install/interfaces/lib/libinterfaces__rosidl_typesupport_introspection_c.so
[132.247s] -- Set runtime path of "/home/pi/autocab/raspberryPI3/ros2_ws/src/install/interfaces/lib/libinterfaces__rosidl_typesupport_introspection_c.so" to ""
[132.247s] -- Installing: /home/pi/autocab/raspberryPI3/ros2_ws/src/install/interfaces/lib/libinterfaces__rosidl_typesupport_c.so
[132.250s] -- Set runtime path of "/home/pi/autocab/raspberryPI3/ros2_ws/src/install/interfaces/lib/libinterfaces__rosidl_typesupport_c.so" to ""
[132.250s] -- Up-to-date: /home/pi/autocab/raspberryPI3/ros2_ws/src/install/interfaces/include/interfaces/interfaces
[132.251s] -- Up-to-date: /home/pi/autocab/raspberryPI3/ros2_ws/src/install/interfaces/include/interfaces/interfaces/msg
[132.251s] -- Up-to-date: /home/pi/autocab/raspberryPI3/ros2_ws/src/install/interfaces/include/interfaces/interfaces/msg/detail
[132.251s] -- Installing: /home/pi/autocab/raspberryPI3/ros2_ws/src/install/interfaces/include/interfaces/interfaces/msg/detail/general_data__rosidl_typesupport_introspection_cpp.hpp
[132.253s] -- Installing: /home/pi/autocab/raspberryPI3/ros2_ws/src/install/interfaces/include/interfaces/interfaces/msg/detail/joystick_order__type_support.cpp
[132.254s] -- Installing: /home/pi/autocab/raspberryPI3/ros2_ws/src/install/interfaces/include/interfaces/interfaces/msg/detail/general_data__type_support.cpp
[132.256s] -- Installing: /home/pi/autocab/raspberryPI3/ros2_ws/src/install/interfaces/include/interfaces/interfaces/msg/detail/serveur__type_support.cpp
[132.257s] -- Installing: /home/pi/autocab/raspberryPI3/ros2_ws/src/install/interfaces/include/interfaces/interfaces/msg/detail/ultrasonic__rosidl_typesupport_introspection_cpp.hpp
[132.258s] -- Installing: /home/pi/autocab/raspberryPI3/ros2_ws/src/install/interfaces/include/interfaces/interfaces/msg/detail/motors_order__type_support.cpp
[132.259s] -- Installing: /home/pi/autocab/raspberryPI3/ros2_ws/src/install/interfaces/include/interfaces/interfaces/msg/detail/motors_feedback__rosidl_typesupport_introspection_cpp.hpp
[132.261s] -- Installing: /home/pi/autocab/raspberryPI3/ros2_ws/src/install/interfaces/include/interfaces/interfaces/msg/detail/system_check__rosidl_typesupport_introspection_cpp.hpp
[132.262s] -- Installing: /home/pi/autocab/raspberryPI3/ros2_ws/src/install/interfaces/include/interfaces/interfaces/msg/detail/joystick_order__rosidl_typesupport_introspection_cpp.hpp
[132.263s] -- Installing: /home/pi/autocab/raspberryPI3/ros2_ws/src/install/interfaces/include/interfaces/interfaces/msg/detail/ultrasonic__type_support.cpp
[132.264s] -- Installing: /home/pi/autocab/raspberryPI3/ros2_ws/src/install/interfaces/include/interfaces/interfaces/msg/detail/gnss__type_support.cpp
[132.266s] -- Installing: /home/pi/autocab/raspberryPI3/ros2_ws/src/install/interfaces/include/interfaces/interfaces/msg/detail/motors_order__rosidl_typesupport_introspection_cpp.hpp
[132.267s] -- Installing: /home/pi/autocab/raspberryPI3/ros2_ws/src/install/interfaces/include/interfaces/interfaces/msg/detail/motors_feedback__type_support.cpp
[132.268s] -- Installing: /home/pi/autocab/raspberryPI3/ros2_ws/src/install/interfaces/include/interfaces/interfaces/msg/detail/gnss__rosidl_typesupport_introspection_cpp.hpp
[132.270s] -- Installing: /home/pi/autocab/raspberryPI3/ros2_ws/src/install/interfaces/include/interfaces/interfaces/msg/detail/serveur__rosidl_typesupport_introspection_cpp.hpp
[132.271s] -- Installing: /home/pi/autocab/raspberryPI3/ros2_ws/src/install/interfaces/include/interfaces/interfaces/msg/detail/system_check__type_support.cpp
[132.272s] -- Installing: /home/pi/autocab/raspberryPI3/ros2_ws/src/install/interfaces/include/interfaces/interfaces/msg/detail/steering_calibration__type_support.cpp
[132.273s] -- Installing: /home/pi/autocab/raspberryPI3/ros2_ws/src/install/interfaces/include/interfaces/interfaces/msg/detail/steering_calibration__rosidl_typesupport_introspection_cpp.hpp
[132.275s] -- Installing: /home/pi/autocab/raspberryPI3/ros2_ws/src/install/interfaces/lib/libinterfaces__rosidl_typesupport_introspection_cpp.so
[132.278s] -- Set runtime path of "/home/pi/autocab/raspberryPI3/ros2_ws/src/install/interfaces/lib/libinterfaces__rosidl_typesupport_introspection_cpp.so" to ""
[132.279s] -- Installing: /home/pi/autocab/raspberryPI3/ros2_ws/src/install/interfaces/lib/libinterfaces__rosidl_typesupport_cpp.so
[132.282s] -- Set runtime path of "/home/pi/autocab/raspberryPI3/ros2_ws/src/install/interfaces/lib/libinterfaces__rosidl_typesupport_cpp.so" to ""
[132.282s] -- Installing: /home/pi/autocab/raspberryPI3/ros2_ws/src/install/interfaces/share/interfaces/environment/pythonpath.sh
[132.283s] -- Installing: /home/pi/autocab/raspberryPI3/ros2_ws/src/install/interfaces/share/interfaces/environment/pythonpath.dsv
[132.285s] -- Installing: /home/pi/autocab/raspberryPI3/ros2_ws/src/install/interfaces/local/lib/python3.10/dist-packages/interfaces-0.0.0-py3.10.egg-info
[132.286s] -- Installing: /home/pi/autocab/raspberryPI3/ros2_ws/src/install/interfaces/local/lib/python3.10/dist-packages/interfaces-0.0.0-py3.10.egg-info/dependency_links.txt
[132.287s] -- Installing: /home/pi/autocab/raspberryPI3/ros2_ws/src/install/interfaces/local/lib/python3.10/dist-packages/interfaces-0.0.0-py3.10.egg-info/PKG-INFO
[132.288s] -- Installing: /home/pi/autocab/raspberryPI3/ros2_ws/src/install/interfaces/local/lib/python3.10/dist-packages/interfaces-0.0.0-py3.10.egg-info/top_level.txt
[132.289s] -- Installing: /home/pi/autocab/raspberryPI3/ros2_ws/src/install/interfaces/local/lib/python3.10/dist-packages/interfaces-0.0.0-py3.10.egg-info/SOURCES.txt
[132.291s] -- Installing: /home/pi/autocab/raspberryPI3/ros2_ws/src/install/interfaces/local/lib/python3.10/dist-packages/interfaces
[132.291s] -- Installing: /home/pi/autocab/raspberryPI3/ros2_ws/src/install/interfaces/local/lib/python3.10/dist-packages/interfaces/_interfaces_s.ep.rosidl_typesupport_c.c
[132.293s] -- Installing: /home/pi/autocab/raspberryPI3/ros2_ws/src/install/interfaces/local/lib/python3.10/dist-packages/interfaces/interfaces_s__rosidl_typesupport_fastrtps_c.cpython-310-aarch64-linux-gnu.so
[132.295s] -- Installing: /home/pi/autocab/raspberryPI3/ros2_ws/src/install/interfaces/local/lib/python3.10/dist-packages/interfaces/libinterfaces__rosidl_generator_py.so
[132.296s] -- Installing: /home/pi/autocab/raspberryPI3/ros2_ws/src/install/interfaces/local/lib/python3.10/dist-packages/interfaces/_interfaces_s.ep.rosidl_typesupport_fastrtps_c.c
[132.298s] -- Installing: /home/pi/autocab/raspberryPI3/ros2_ws/src/install/interfaces/local/lib/python3.10/dist-packages/interfaces/__init__.py
[132.299s] -- Installing: /home/pi/autocab/raspberryPI3/ros2_ws/src/install/interfaces/local/lib/python3.10/dist-packages/interfaces/_interfaces_s.ep.rosidl_typesupport_introspection_c.c
[132.301s] -- Installing: /home/pi/autocab/raspberryPI3/ros2_ws/src/install/interfaces/local/lib/python3.10/dist-packages/interfaces/interfaces_s__rosidl_typesupport_c.cpython-310-aarch64-linux-gnu.so
[132.302s] -- Installing: /home/pi/autocab/raspberryPI3/ros2_ws/src/install/interfaces/local/lib/python3.10/dist-packages/interfaces/msg
[132.303s] -- Installing: /home/pi/autocab/raspberryPI3/ros2_ws/src/install/interfaces/local/lib/python3.10/dist-packages/interfaces/msg/_joystick_order.py
[132.304s] -- Installing: /home/pi/autocab/raspberryPI3/ros2_ws/src/install/interfaces/local/lib/python3.10/dist-packages/interfaces/msg/_serveur.py
[132.306s] -- Installing: /home/pi/autocab/raspberryPI3/ros2_ws/src/install/interfaces/local/lib/python3.10/dist-packages/interfaces/msg/_system_check_s.c
[132.307s] -- Installing: /home/pi/autocab/raspberryPI3/ros2_ws/src/install/interfaces/local/lib/python3.10/dist-packages/interfaces/msg/_joystick_order_s.c
[132.309s] -- Installing: /home/pi/autocab/raspberryPI3/ros2_ws/src/install/interfaces/local/lib/python3.10/dist-packages/interfaces/msg/_steering_calibration.py
[132.310s] -- Installing: /home/pi/autocab/raspberryPI3/ros2_ws/src/install/interfaces/local/lib/python3.10/dist-packages/interfaces/msg/_ultrasonic.py
[132.311s] -- Installing: /home/pi/autocab/raspberryPI3/ros2_ws/src/install/interfaces/local/lib/python3.10/dist-packages/interfaces/msg/_motors_feedback_s.c
[132.312s] -- Installing: /home/pi/autocab/raspberryPI3/ros2_ws/src/install/interfaces/local/lib/python3.10/dist-packages/interfaces/msg/_serveur_s.c
[132.313s] -- Installing: /home/pi/autocab/raspberryPI3/ros2_ws/src/install/interfaces/local/lib/python3.10/dist-packages/interfaces/msg/__init__.py
[132.314s] -- Installing: /home/pi/autocab/raspberryPI3/ros2_ws/src/install/interfaces/local/lib/python3.10/dist-packages/interfaces/msg/_general_data.py
[132.315s] -- Installing: /home/pi/autocab/raspberryPI3/ros2_ws/src/install/interfaces/local/lib/python3.10/dist-packages/interfaces/msg/_general_data_s.c
[132.317s] -- Installing: /home/pi/autocab/raspberryPI3/ros2_ws/src/install/interfaces/local/lib/python3.10/dist-packages/interfaces/msg/_gnss.py
[132.318s] -- Installing: /home/pi/autocab/raspberryPI3/ros2_ws/src/install/interfaces/local/lib/python3.10/dist-packages/interfaces/msg/_motors_order_s.c
[132.319s] -- Installing: /home/pi/autocab/raspberryPI3/ros2_ws/src/install/interfaces/local/lib/python3.10/dist-packages/interfaces/msg/_steering_calibration_s.c
[132.320s] -- Installing: /home/pi/autocab/raspberryPI3/ros2_ws/src/install/interfaces/local/lib/python3.10/dist-packages/interfaces/msg/_gnss_s.c
[132.321s] -- Installing: /home/pi/autocab/raspberryPI3/ros2_ws/src/install/interfaces/local/lib/python3.10/dist-packages/interfaces/msg/_system_check.py
[132.322s] -- Installing: /home/pi/autocab/raspberryPI3/ros2_ws/src/install/interfaces/local/lib/python3.10/dist-packages/interfaces/msg/_motors_order.py
[132.324s] -- Installing: /home/pi/autocab/raspberryPI3/ros2_ws/src/install/interfaces/local/lib/python3.10/dist-packages/interfaces/msg/_motors_feedback.py
[132.325s] -- Installing: /home/pi/autocab/raspberryPI3/ros2_ws/src/install/interfaces/local/lib/python3.10/dist-packages/interfaces/msg/_ultrasonic_s.c
[132.326s] -- Installing: /home/pi/autocab/raspberryPI3/ros2_ws/src/install/interfaces/local/lib/python3.10/dist-packages/interfaces/interfaces_s__rosidl_typesupport_introspection_c.cpython-310-aarch64-linux-gnu.so
[132.562s] Listing '/home/pi/autocab/raspberryPI3/ros2_ws/src/install/interfaces/local/lib/python3.10/dist-packages/interfaces'...
[132.564s] Compiling '/home/pi/autocab/raspberryPI3/ros2_ws/src/install/interfaces/local/lib/python3.10/dist-packages/interfaces/__init__.py'...
[132.565s] Listing '/home/pi/autocab/raspberryPI3/ros2_ws/src/install/interfaces/local/lib/python3.10/dist-packages/interfaces/msg'...
[132.566s] Compiling '/home/pi/autocab/raspberryPI3/ros2_ws/src/install/interfaces/local/lib/python3.10/dist-packages/interfaces/msg/__init__.py'...
[132.567s] Compiling '/home/pi/autocab/raspberryPI3/ros2_ws/src/install/interfaces/local/lib/python3.10/dist-packages/interfaces/msg/_general_data.py'...
[132.568s] Compiling '/home/pi/autocab/raspberryPI3/ros2_ws/src/install/interfaces/local/lib/python3.10/dist-packages/interfaces/msg/_gnss.py'...
[132.569s] Compiling '/home/pi/autocab/raspberryPI3/ros2_ws/src/install/interfaces/local/lib/python3.10/dist-packages/interfaces/msg/_joystick_order.py'...
[132.571s] Compiling '/home/pi/autocab/raspberryPI3/ros2_ws/src/install/interfaces/local/lib/python3.10/dist-packages/interfaces/msg/_motors_feedback.py'...
[132.572s] Compiling '/home/pi/autocab/raspberryPI3/ros2_ws/src/install/interfaces/local/lib/python3.10/dist-packages/interfaces/msg/_motors_order.py'...
[132.573s] Compiling '/home/pi/autocab/raspberryPI3/ros2_ws/src/install/interfaces/local/lib/python3.10/dist-packages/interfaces/msg/_serveur.py'...
[132.574s] Compiling '/home/pi/autocab/raspberryPI3/ros2_ws/src/install/interfaces/local/lib/python3.10/dist-packages/interfaces/msg/_steering_calibration.py'...
[132.575s] Compiling '/home/pi/autocab/raspberryPI3/ros2_ws/src/install/interfaces/local/lib/python3.10/dist-packages/interfaces/msg/_system_check.py'...
[132.576s] Compiling '/home/pi/autocab/raspberryPI3/ros2_ws/src/install/interfaces/local/lib/python3.10/dist-packages/interfaces/msg/_ultrasonic.py'...
[132.589s] -- Installing: /home/pi/autocab/raspberryPI3/ros2_ws/src/install/interfaces/local/lib/python3.10/dist-packages/interfaces/interfaces_s__rosidl_typesupport_fastrtps_c.cpython-310-aarch64-linux-gnu.so
[132.592s] -- Set runtime path of "/home/pi/autocab/raspberryPI3/ros2_ws/src/install/interfaces/local/lib/python3.10/dist-packages/interfaces/interfaces_s__rosidl_typesupport_fastrtps_c.cpython-310-aarch64-linux-gnu.so" to ""
[132.594s] -- Installing: /home/pi/autocab/raspberryPI3/ros2_ws/src/install/interfaces/local/lib/python3.10/dist-packages/interfaces/interfaces_s__rosidl_typesupport_introspection_c.cpython-310-aarch64-linux-gnu.so
[132.598s] -- Set runtime path of "/home/pi/autocab/raspberryPI3/ros2_ws/src/install/interfaces/local/lib/python3.10/dist-packages/interfaces/interfaces_s__rosidl_typesupport_introspection_c.cpython-310-aarch64-linux-gnu.so" to ""
[132.599s] -- Installing: /home/pi/autocab/raspberryPI3/ros2_ws/src/install/interfaces/local/lib/python3.10/dist-packages/interfaces/interfaces_s__rosidl_typesupport_c.cpython-310-aarch64-linux-gnu.so
[132.603s] -- Set runtime path of "/home/pi/autocab/raspberryPI3/ros2_ws/src/install/interfaces/local/lib/python3.10/dist-packages/interfaces/interfaces_s__rosidl_typesupport_c.cpython-310-aarch64-linux-gnu.so" to ""
[132.604s] -- Installing: /home/pi/autocab/raspberryPI3/ros2_ws/src/install/interfaces/lib/libinterfaces__rosidl_generator_py.so
[132.608s] -- Set runtime path of "/home/pi/autocab/raspberryPI3/ros2_ws/src/install/interfaces/lib/libinterfaces__rosidl_generator_py.so" to ""
[132.608s] -- Installing: /home/pi/autocab/raspberryPI3/ros2_ws/src/install/interfaces/share/interfaces/msg/JoystickOrder.idl
[132.610s] -- Installing: /home/pi/autocab/raspberryPI3/ros2_ws/src/install/interfaces/share/interfaces/msg/MotorsOrder.idl
[132.611s] -- Installing: /home/pi/autocab/raspberryPI3/ros2_ws/src/install/interfaces/share/interfaces/msg/MotorsFeedback.idl
[132.612s] -- Installing: /home/pi/autocab/raspberryPI3/ros2_ws/src/install/interfaces/share/interfaces/msg/GeneralData.idl
[132.614s] -- Installing: /home/pi/autocab/raspberryPI3/ros2_ws/src/install/interfaces/share/interfaces/msg/SteeringCalibration.idl
[132.615s] -- Installing: /home/pi/autocab/raspberryPI3/ros2_ws/src/install/interfaces/share/interfaces/msg/Ultrasonic.idl
[132.616s] -- Installing: /home/pi/autocab/raspberryPI3/ros2_ws/src/install/interfaces/share/interfaces/msg/Gnss.idl
[132.618s] -- Installing: /home/pi/autocab/raspberryPI3/ros2_ws/src/install/interfaces/share/interfaces/msg/SystemCheck.idl
[132.619s] -- Installing: /home/pi/autocab/raspberryPI3/ros2_ws/src/install/interfaces/share/interfaces/msg/Serveur.idl
[132.620s] -- Installing: /home/pi/autocab/raspberryPI3/ros2_ws/src/install/interfaces/share/interfaces/msg/JoystickOrder.msg
[132.621s] -- Installing: /home/pi/autocab/raspberryPI3/ros2_ws/src/install/interfaces/share/interfaces/msg/MotorsOrder.msg
[132.622s] -- Installing: /home/pi/autocab/raspberryPI3/ros2_ws/src/install/interfaces/share/interfaces/msg/MotorsFeedback.msg
[132.624s] -- Installing: /home/pi/autocab/raspberryPI3/ros2_ws/src/install/interfaces/share/interfaces/msg/GeneralData.msg
[132.625s] -- Installing: /home/pi/autocab/raspberryPI3/ros2_ws/src/install/interfaces/share/interfaces/msg/SteeringCalibration.msg
[132.626s] -- Installing: /home/pi/autocab/raspberryPI3/ros2_ws/src/install/interfaces/share/interfaces/msg/Ultrasonic.msg
[132.627s] -- Installing: /home/pi/autocab/raspberryPI3/ros2_ws/src/install/interfaces/share/interfaces/msg/Gnss.msg
[132.629s] -- Installing: /home/pi/autocab/raspberryPI3/ros2_ws/src/install/interfaces/share/interfaces/msg/SystemCheck.msg
[132.630s] -- Installing: /home/pi/autocab/raspberryPI3/ros2_ws/src/install/interfaces/share/interfaces/msg/Serveur.msg
[132.639s] -- Installing: /home/pi/autocab/raspberryPI3/ros2_ws/src/install/interfaces/share/ament_index/resource_index/package_run_dependencies/interfaces
[132.641s] -- Installing: /home/pi/autocab/raspberryPI3/ros2_ws/src/install/interfaces/share/ament_index/resource_index/parent_prefix_path/interfaces
[132.642s] -- Installing: /home/pi/autocab/raspberryPI3/ros2_ws/src/install/interfaces/share/interfaces/environment/ament_prefix_path.sh
[132.644s] -- Installing: /home/pi/autocab/raspberryPI3/ros2_ws/src/install/interfaces/share/interfaces/environment/ament_prefix_path.dsv
[132.645s] -- Installing: /home/pi/autocab/raspberryPI3/ros2_ws/src/install/interfaces/share/interfaces/environment/path.sh
[132.647s] -- Installing: /home/pi/autocab/raspberryPI3/ros2_ws/src/install/interfaces/share/interfaces/environment/path.dsv
[132.649s] -- Installing: /home/pi/autocab/raspberryPI3/ros2_ws/src/install/interfaces/share/interfaces/local_setup.bash
[132.650s] -- Installing: /home/pi/autocab/raspberryPI3/ros2_ws/src/install/interfaces/share/interfaces/local_setup.sh
[132.652s] -- Installing: /home/pi/autocab/raspberryPI3/ros2_ws/src/install/interfaces/share/interfaces/local_setup.zsh
[132.654s] -- Installing: /home/pi/autocab/raspberryPI3/ros2_ws/src/install/interfaces/share/interfaces/local_setup.dsv
[132.655s] -- Installing: /home/pi/autocab/raspberryPI3/ros2_ws/src/install/interfaces/share/interfaces/package.dsv
[132.657s] -- Installing: /home/pi/autocab/raspberryPI3/ros2_ws/src/install/interfaces/share/ament_index/resource_index/packages/interfaces
[132.659s] -- Installing: /home/pi/autocab/raspberryPI3/ros2_ws/src/install/interfaces/share/interfaces/cmake/export_interfaces__rosidl_generator_cExport.cmake
[132.660s] -- Installing: /home/pi/autocab/raspberryPI3/ros2_ws/src/install/interfaces/share/interfaces/cmake/export_interfaces__rosidl_generator_cExport-noconfig.cmake
[132.662s] -- Installing: /home/pi/autocab/raspberryPI3/ros2_ws/src/install/interfaces/share/interfaces/cmake/export_interfaces__rosidl_typesupport_fastrtps_cExport.cmake
[132.664s] -- Installing: /home/pi/autocab/raspberryPI3/ros2_ws/src/install/interfaces/share/interfaces/cmake/export_interfaces__rosidl_typesupport_fastrtps_cExport-noconfig.cmake
[132.665s] -- Installing: /home/pi/autocab/raspberryPI3/ros2_ws/src/install/interfaces/share/interfaces/cmake/export_interfaces__rosidl_generator_cppExport.cmake
[132.669s] -- Installing: /home/pi/autocab/raspberryPI3/ros2_ws/src/install/interfaces/share/interfaces/cmake/export_interfaces__rosidl_typesupport_fastrtps_cppExport.cmake
[132.671s] -- Installing: /home/pi/autocab/raspberryPI3/ros2_ws/src/install/interfaces/share/interfaces/cmake/export_interfaces__rosidl_typesupport_fastrtps_cppExport-noconfig.cmake
[132.675s] -- Installing: /home/pi/autocab/raspberryPI3/ros2_ws/src/install/interfaces/share/interfaces/cmake/interfaces__rosidl_typesupport_introspection_cExport.cmake
[132.676s] -- Installing: /home/pi/autocab/raspberryPI3/ros2_ws/src/install/interfaces/share/interfaces/cmake/interfaces__rosidl_typesupport_introspection_cExport-noconfig.cmake
[132.678s] -- Installing: /home/pi/autocab/raspberryPI3/ros2_ws/src/install/interfaces/share/interfaces/cmake/interfaces__rosidl_typesupport_cExport.cmake
[132.680s] -- Installing: /home/pi/autocab/raspberryPI3/ros2_ws/src/install/interfaces/share/interfaces/cmake/interfaces__rosidl_typesupport_cExport-noconfig.cmake
[132.683s] -- Installing: /home/pi/autocab/raspberryPI3/ros2_ws/src/install/interfaces/share/interfaces/cmake/interfaces__rosidl_typesupport_introspection_cppExport.cmake
[132.685s] -- Installing: /home/pi/autocab/raspberryPI3/ros2_ws/src/install/interfaces/share/interfaces/cmake/interfaces__rosidl_typesupport_introspection_cppExport-noconfig.cmake
[132.687s] -- Installing: /home/pi/autocab/raspberryPI3/ros2_ws/src/install/interfaces/share/interfaces/cmake/interfaces__rosidl_typesupport_cppExport.cmake
[132.689s] -- Installing: /home/pi/autocab/raspberryPI3/ros2_ws/src/install/interfaces/share/interfaces/cmake/interfaces__rosidl_typesupport_cppExport-noconfig.cmake
[132.690s] -- Installing: /home/pi/autocab/raspberryPI3/ros2_ws/src/install/interfaces/share/interfaces/cmake/export_interfaces__rosidl_generator_pyExport.cmake
[132.692s] -- Installing: /home/pi/autocab/raspberryPI3/ros2_ws/src/install/interfaces/share/interfaces/cmake/export_interfaces__rosidl_generator_pyExport-noconfig.cmake
[132.693s] -- Installing: /home/pi/autocab/raspberryPI3/ros2_ws/src/install/interfaces/share/interfaces/cmake/rosidl_cmake-extras.cmake
[132.695s] -- Installing: /home/pi/autocab/raspberryPI3/ros2_ws/src/install/interfaces/share/interfaces/cmake/ament_cmake_export_include_directories-extras.cmake
[132.696s] -- Installing: /home/pi/autocab/raspberryPI3/ros2_ws/src/install/interfaces/share/interfaces/cmake/ament_cmake_export_libraries-extras.cmake
[132.698s] -- Installing: /home/pi/autocab/raspberryPI3/ros2_ws/src/install/interfaces/share/interfaces/cmake/ament_cmake_export_targets-extras.cmake
[132.699s] -- Installing: /home/pi/autocab/raspberryPI3/ros2_ws/src/install/interfaces/share/interfaces/cmake/rosidl_cmake_export_typesupport_targets-extras.cmake
[132.700s] -- Installing: /home/pi/autocab/raspberryPI3/ros2_ws/src/install/interfaces/share/interfaces/cmake/ament_cmake_export_dependencies-extras.cmake
[132.702s] -- Installing: /home/pi/autocab/raspberryPI3/ros2_ws/src/install/interfaces/share/interfaces/cmake/rosidl_cmake_export_typesupport_libraries-extras.cmake
[132.704s] -- Installing: /home/pi/autocab/raspberryPI3/ros2_ws/src/install/interfaces/share/interfaces/cmake/interfacesConfig.cmake
[132.705s] -- Installing: /home/pi/autocab/raspberryPI3/ros2_ws/src/install/interfaces/share/interfaces/cmake/interfacesConfig-version.cmake
[132.706s] -- Installing: /home/pi/autocab/raspberryPI3/ros2_ws/src/install/interfaces/share/interfaces/package.xml
[132.716s] Invoked command in '/home/pi/autocab/raspberryPI3/ros2_ws/src/build/interfaces' returned '0': CMAKE_PREFIX_PATH=${CMAKE_PREFIX_PATH}:/opt/ros/humble /usr/bin/cmake --install /home/pi/autocab/raspberryPI3/ros2_ws/src/build/interfaces
