[0.134s] Invoking command in '/home/achraf/autocab/raspberryPI3/ros2_ws/build/simulation': AMENT_PREFIX_PATH=/home/achraf/autocab/raspberryPI3/ros2_ws/install/interfaces:/home/achraf/autocab/raspberryPI3/ros2_ws/install/carla_msgs:${AMENT_PREFIX_PATH} CMAKE_PREFIX_PATH=/home/achraf/autocab/raspberryPI3/ros2_ws/install/interfaces:/home/achraf/autocab/raspberryPI3/ros2_ws/install/carla_msgs:/opt/ros/humble LD_LIBRARY_PATH=/home/achraf/autocab/raspberryPI3/ros2_ws/install/interfaces/lib:/home/achraf/autocab/raspberryPI3/ros2_ws/install/carla_msgs/lib:${LD_LIBRARY_PATH} PYTHONPATH=/home/achraf/autocab/raspberryPI3/ros2_ws/install/interfaces/local/lib/python3.10/dist-packages:/home/achraf/autocab/raspberryPI3/ros2_ws/install/carla_msgs/local/lib/python3.10/dist-packages:${PYTHONPATH} /usr/bin/cmake --build /home/achraf/autocab/raspberryPI3/ros2_ws/build/simulation -- -j8 -l8
[0.217s] [100%] Built target simulation_node
[0.232s] Invoked command in '/home/achraf/autocab/raspberryPI3/ros2_ws/build/simulation' returned '0': AMENT_PREFIX_PATH=/home/achraf/autocab/raspberryPI3/ros2_ws/install/interfaces:/home/achraf/autocab/raspberryPI3/ros2_ws/install/carla_msgs:${AMENT_PREFIX_PATH} CMAKE_PREFIX_PATH=/home/achraf/autocab/raspberryPI3/ros2_ws/install/interfaces:/home/achraf/autocab/raspberryPI3/ros2_ws/install/carla_msgs:/opt/ros/humble LD_LIBRARY_PATH=/home/achraf/autocab/raspberryPI3/ros2_ws/install/interfaces/lib:/home/achraf/autocab/raspberryPI3/ros2_ws/install/carla_msgs/lib:${LD_LIBRARY_PATH} PYTHONPATH=/home/achraf/autocab/raspberryPI3/ros2_ws/install/interfaces/local/lib/python3.10/dist-packages:/home/achraf/autocab/raspberryPI3/ros2_ws/install/carla_msgs/local/lib/python3.10/dist-packages:${PYTHONPATH} /usr/bin/cmake --build /home/achraf/autocab/raspberryPI3/ros2_ws/build/simulation -- -j8 -l8
[0.352s] Invoking command in '/home/achraf/autocab/raspberryPI3/ros2_ws/build/simulation': AMENT_PREFIX_PATH=/home/achraf/autocab/raspberryPI3/ros2_ws/install/interfaces:/home/achraf/autocab/raspberryPI3/ros2_ws/install/carla_msgs:${AMENT_PREFIX_PATH} CMAKE_PREFIX_PATH=/home/achraf/autocab/raspberryPI3/ros2_ws/install/interfaces:/home/achraf/autocab/raspberryPI3/ros2_ws/install/carla_msgs:/opt/ros/humble LD_LIBRARY_PATH=/home/achraf/autocab/raspberryPI3/ros2_ws/install/interfaces/lib:/home/achraf/autocab/raspberryPI3/ros2_ws/install/carla_msgs/lib:${LD_LIBRARY_PATH} PYTHONPATH=/home/achraf/autocab/raspberryPI3/ros2_ws/install/interfaces/local/lib/python3.10/dist-packages:/home/achraf/autocab/raspberryPI3/ros2_ws/install/carla_msgs/local/lib/python3.10/dist-packages:${PYTHONPATH} /usr/bin/cmake --install /home/achraf/autocab/raspberryPI3/ros2_ws/build/simulation
[0.362s] -- Install configuration: ""
[0.363s] -- Up-to-date: /home/achraf/autocab/raspberryPI3/ros2_ws/install/simulation/lib/simulation/simulation_node
[0.363s] -- Up-to-date: /home/achraf/autocab/raspberryPI3/ros2_ws/install/simulation/share/ament_index/resource_index/package_run_dependencies/simulation
[0.364s] -- Up-to-date: /home/achraf/autocab/raspberryPI3/ros2_ws/install/simulation/share/ament_index/resource_index/parent_prefix_path/simulation
[0.364s] -- Up-to-date: /home/achraf/autocab/raspberryPI3/ros2_ws/install/simulation/share/simulation/environment/ament_prefix_path.sh
[0.364s] -- Up-to-date: /home/achraf/autocab/raspberryPI3/ros2_ws/install/simulation/share/simulation/environment/ament_prefix_path.dsv
[0.365s] -- Up-to-date: /home/achraf/autocab/raspberryPI3/ros2_ws/install/simulation/share/simulation/environment/path.sh
[0.365s] -- Up-to-date: /home/achraf/autocab/raspberryPI3/ros2_ws/install/simulation/share/simulation/environment/path.dsv
[0.365s] -- Up-to-date: /home/achraf/autocab/raspberryPI3/ros2_ws/install/simulation/share/simulation/local_setup.bash
[0.367s] -- Up-to-date: /home/achraf/autocab/raspberryPI3/ros2_ws/install/simulation/share/simulation/local_setup.sh
[0.368s] -- Up-to-date: /home/achraf/autocab/raspberryPI3/ros2_ws/install/simulation/share/simulation/local_setup.zsh
[0.368s] -- Up-to-date: /home/achraf/autocab/raspberryPI3/ros2_ws/install/simulation/share/simulation/local_setup.dsv
[0.368s] -- Installing: /home/achraf/autocab/raspberryPI3/ros2_ws/install/simulation/share/simulation/package.dsv
[0.369s] -- Up-to-date: /home/achraf/autocab/raspberryPI3/ros2_ws/install/simulation/share/ament_index/resource_index/packages/simulation
[0.369s] -- Up-to-date: /home/achraf/autocab/raspberryPI3/ros2_ws/install/simulation/share/simulation/cmake/simulationConfig.cmake
[0.369s] -- Up-to-date: /home/achraf/autocab/raspberryPI3/ros2_ws/install/simulation/share/simulation/cmake/simulationConfig-version.cmake
[0.369s] -- Up-to-date: /home/achraf/autocab/raspberryPI3/ros2_ws/install/simulation/share/simulation/package.xml
[0.492s] Invoked command in '/home/achraf/autocab/raspberryPI3/ros2_ws/build/simulation' returned '0': AMENT_PREFIX_PATH=/home/achraf/autocab/raspberryPI3/ros2_ws/install/interfaces:/home/achraf/autocab/raspberryPI3/ros2_ws/install/carla_msgs:${AMENT_PREFIX_PATH} CMAKE_PREFIX_PATH=/home/achraf/autocab/raspberryPI3/ros2_ws/install/interfaces:/home/achraf/autocab/raspberryPI3/ros2_ws/install/carla_msgs:/opt/ros/humble LD_LIBRARY_PATH=/home/achraf/autocab/raspberryPI3/ros2_ws/install/interfaces/lib:/home/achraf/autocab/raspberryPI3/ros2_ws/install/carla_msgs/lib:${LD_LIBRARY_PATH} PYTHONPATH=/home/achraf/autocab/raspberryPI3/ros2_ws/install/interfaces/local/lib/python3.10/dist-packages:/home/achraf/autocab/raspberryPI3/ros2_ws/install/carla_msgs/local/lib/python3.10/dist-packages:${PYTHONPATH} /usr/bin/cmake --install /home/achraf/autocab/raspberryPI3/ros2_ws/build/simulation
