[0.146s] Invoking command in '/home/achraf/autocab/raspberryPI3/ros2_ws/build/carla_msgs': CMAKE_PREFIX_PATH=/opt/ros/humble /usr/bin/cmake --build /home/achraf/autocab/raspberryPI3/ros2_ws/build/carla_msgs -- -j8 -l8
[0.219s] [  9%] Built target carla_msgs__rosidl_generator_c
[0.232s] [ 12%] Built target carla_msgs__cpp
[0.254s] [ 12%] Built target ament_cmake_python_copy_carla_msgs
[0.264s] [ 22%] Built target carla_msgs__rosidl_typesupport_introspection_c
[0.274s] [ 32%] Built target carla_msgs__rosidl_typesupport_fastrtps_c
[0.332s] [ 41%] Built target carla_msgs__rosidl_typesupport_c
[0.342s] [ 51%] Built target carla_msgs__rosidl_typesupport_cpp
[0.353s] [ 64%] Built target carla_msgs__rosidl_typesupport_introspection_cpp
[0.354s] [ 70%] Built target carla_msgs__rosidl_typesupport_fastrtps_cpp
[0.400s] [ 70%] Built target carla_msgs
[0.444s] [ 74%] Built target carla_msgs__py
[0.472s] [ 80%] Built target carla_msgs__rosidl_generator_py
[0.503s] [ 87%] Built target carla_msgs__rosidl_typesupport_c__pyext
[0.505s] [ 93%] Built target carla_msgs__rosidl_typesupport_fastrtps_c__pyext
[0.507s] [100%] Built target carla_msgs__rosidl_typesupport_introspection_c__pyext
[0.665s] running egg_info
[0.666s] writing carla_msgs.egg-info/PKG-INFO
[0.667s] writing dependency_links to carla_msgs.egg-info/dependency_links.txt
[0.667s] writing top-level names to carla_msgs.egg-info/top_level.txt
[0.669s] reading manifest file 'carla_msgs.egg-info/SOURCES.txt'
[0.670s] writing manifest file 'carla_msgs.egg-info/SOURCES.txt'
[0.699s] [100%] Built target ament_cmake_python_build_carla_msgs_egg
[0.820s] Invoked command in '/home/achraf/autocab/raspberryPI3/ros2_ws/build/carla_msgs' returned '0': CMAKE_PREFIX_PATH=/opt/ros/humble /usr/bin/cmake --build /home/achraf/autocab/raspberryPI3/ros2_ws/build/carla_msgs -- -j8 -l8
[0.901s] Invoking command in '/home/achraf/autocab/raspberryPI3/ros2_ws/build/carla_msgs': CMAKE_PREFIX_PATH=/opt/ros/humble /usr/bin/cmake --install /home/achraf/autocab/raspberryPI3/ros2_ws/build/carla_msgs
[0.909s] -- Install configuration: ""
[0.909s] -- Up-to-date: /home/achraf/autocab/raspberryPI3/ros2_ws/install/carla_msgs/share/ament_index/resource_index/rosidl_interfaces/carla_msgs
[0.910s] -- Up-to-date: /home/achraf/autocab/raspberryPI3/ros2_ws/install/carla_msgs/include/carla_msgs/carla_msgs
[0.910s] -- Up-to-date: /home/achraf/autocab/raspberryPI3/ros2_ws/install/carla_msgs/include/carla_msgs/carla_msgs/msg
[0.910s] -- Up-to-date: /home/achraf/autocab/raspberryPI3/ros2_ws/install/carla_msgs/include/carla_msgs/carla_msgs/msg/carla_ego_vehicle_control.h
[0.910s] -- Up-to-date: /home/achraf/autocab/raspberryPI3/ros2_ws/install/carla_msgs/include/carla_msgs/carla_msgs/msg/detail
[0.910s] -- Up-to-date: /home/achraf/autocab/raspberryPI3/ros2_ws/install/carla_msgs/include/carla_msgs/carla_msgs/msg/detail/carla_ego_vehicle_control__struct.h
[0.911s] -- Up-to-date: /home/achraf/autocab/raspberryPI3/ros2_ws/install/carla_msgs/include/carla_msgs/carla_msgs/msg/detail/carla_ego_vehicle_control__type_support.h
[0.911s] -- Up-to-date: /home/achraf/autocab/raspberryPI3/ros2_ws/install/carla_msgs/include/carla_msgs/carla_msgs/msg/detail/carla_ego_vehicle_control__functions.c
[0.911s] -- Up-to-date: /home/achraf/autocab/raspberryPI3/ros2_ws/install/carla_msgs/include/carla_msgs/carla_msgs/msg/detail/carla_ego_vehicle_control__functions.h
[0.911s] -- Up-to-date: /home/achraf/autocab/raspberryPI3/ros2_ws/install/carla_msgs/include/carla_msgs/carla_msgs/msg/rosidl_generator_c__visibility_control.h
[0.911s] -- Up-to-date: /home/achraf/autocab/raspberryPI3/ros2_ws/install/carla_msgs/share/carla_msgs/environment/library_path.sh
[0.912s] -- Up-to-date: /home/achraf/autocab/raspberryPI3/ros2_ws/install/carla_msgs/share/carla_msgs/environment/library_path.dsv
[0.912s] -- Up-to-date: /home/achraf/autocab/raspberryPI3/ros2_ws/install/carla_msgs/lib/libcarla_msgs__rosidl_generator_c.so
[0.912s] -- Up-to-date: /home/achraf/autocab/raspberryPI3/ros2_ws/install/carla_msgs/include/carla_msgs/carla_msgs
[0.912s] -- Up-to-date: /home/achraf/autocab/raspberryPI3/ros2_ws/install/carla_msgs/include/carla_msgs/carla_msgs/msg
[0.913s] -- Up-to-date: /home/achraf/autocab/raspberryPI3/ros2_ws/install/carla_msgs/include/carla_msgs/carla_msgs/msg/rosidl_typesupport_fastrtps_c__visibility_control.h
[0.913s] -- Up-to-date: /home/achraf/autocab/raspberryPI3/ros2_ws/install/carla_msgs/include/carla_msgs/carla_msgs/msg/detail
[0.913s] -- Up-to-date: /home/achraf/autocab/raspberryPI3/ros2_ws/install/carla_msgs/include/carla_msgs/carla_msgs/msg/detail/carla_ego_vehicle_control__rosidl_typesupport_fastrtps_c.h
[0.913s] -- Up-to-date: /home/achraf/autocab/raspberryPI3/ros2_ws/install/carla_msgs/lib/libcarla_msgs__rosidl_typesupport_fastrtps_c.so
[0.913s] -- Up-to-date: /home/achraf/autocab/raspberryPI3/ros2_ws/install/carla_msgs/include/carla_msgs/carla_msgs
[0.913s] -- Up-to-date: /home/achraf/autocab/raspberryPI3/ros2_ws/install/carla_msgs/include/carla_msgs/carla_msgs/msg
[0.913s] -- Up-to-date: /home/achraf/autocab/raspberryPI3/ros2_ws/install/carla_msgs/include/carla_msgs/carla_msgs/msg/detail
[0.914s] -- Up-to-date: /home/achraf/autocab/raspberryPI3/ros2_ws/install/carla_msgs/include/carla_msgs/carla_msgs/msg/detail/carla_ego_vehicle_control__struct.hpp
[0.914s] -- Up-to-date: /home/achraf/autocab/raspberryPI3/ros2_ws/install/carla_msgs/include/carla_msgs/carla_msgs/msg/detail/carla_ego_vehicle_control__builder.hpp
[0.914s] -- Up-to-date: /home/achraf/autocab/raspberryPI3/ros2_ws/install/carla_msgs/include/carla_msgs/carla_msgs/msg/detail/carla_ego_vehicle_control__traits.hpp
[0.914s] -- Up-to-date: /home/achraf/autocab/raspberryPI3/ros2_ws/install/carla_msgs/include/carla_msgs/carla_msgs/msg/carla_ego_vehicle_control.hpp
[0.914s] -- Up-to-date: /home/achraf/autocab/raspberryPI3/ros2_ws/install/carla_msgs/include/carla_msgs/carla_msgs
[0.914s] -- Up-to-date: /home/achraf/autocab/raspberryPI3/ros2_ws/install/carla_msgs/include/carla_msgs/carla_msgs/msg
[0.914s] -- Up-to-date: /home/achraf/autocab/raspberryPI3/ros2_ws/install/carla_msgs/include/carla_msgs/carla_msgs/msg/detail
[0.914s] -- Up-to-date: /home/achraf/autocab/raspberryPI3/ros2_ws/install/carla_msgs/include/carla_msgs/carla_msgs/msg/detail/dds_fastrtps
[0.915s] -- Up-to-date: /home/achraf/autocab/raspberryPI3/ros2_ws/install/carla_msgs/include/carla_msgs/carla_msgs/msg/detail/carla_ego_vehicle_control__rosidl_typesupport_fastrtps_cpp.hpp
[0.915s] -- Up-to-date: /home/achraf/autocab/raspberryPI3/ros2_ws/install/carla_msgs/include/carla_msgs/carla_msgs/msg/rosidl_typesupport_fastrtps_cpp__visibility_control.h
[0.915s] -- Up-to-date: /home/achraf/autocab/raspberryPI3/ros2_ws/install/carla_msgs/lib/libcarla_msgs__rosidl_typesupport_fastrtps_cpp.so
[0.915s] -- Up-to-date: /home/achraf/autocab/raspberryPI3/ros2_ws/install/carla_msgs/include/carla_msgs/carla_msgs
[0.915s] -- Up-to-date: /home/achraf/autocab/raspberryPI3/ros2_ws/install/carla_msgs/include/carla_msgs/carla_msgs/msg
[0.916s] -- Up-to-date: /home/achraf/autocab/raspberryPI3/ros2_ws/install/carla_msgs/include/carla_msgs/carla_msgs/msg/detail
[0.916s] -- Up-to-date: /home/achraf/autocab/raspberryPI3/ros2_ws/install/carla_msgs/include/carla_msgs/carla_msgs/msg/detail/carla_ego_vehicle_control__rosidl_typesupport_introspection_c.h
[0.916s] -- Up-to-date: /home/achraf/autocab/raspberryPI3/ros2_ws/install/carla_msgs/include/carla_msgs/carla_msgs/msg/detail/carla_ego_vehicle_control__type_support.c
[0.916s] -- Up-to-date: /home/achraf/autocab/raspberryPI3/ros2_ws/install/carla_msgs/include/carla_msgs/carla_msgs/msg/rosidl_typesupport_introspection_c__visibility_control.h
[0.916s] -- Up-to-date: /home/achraf/autocab/raspberryPI3/ros2_ws/install/carla_msgs/lib/libcarla_msgs__rosidl_typesupport_introspection_c.so
[0.916s] -- Up-to-date: /home/achraf/autocab/raspberryPI3/ros2_ws/install/carla_msgs/lib/libcarla_msgs__rosidl_typesupport_c.so
[0.917s] -- Up-to-date: /home/achraf/autocab/raspberryPI3/ros2_ws/install/carla_msgs/include/carla_msgs/carla_msgs
[0.917s] -- Up-to-date: /home/achraf/autocab/raspberryPI3/ros2_ws/install/carla_msgs/include/carla_msgs/carla_msgs/msg
[0.917s] -- Up-to-date: /home/achraf/autocab/raspberryPI3/ros2_ws/install/carla_msgs/include/carla_msgs/carla_msgs/msg/detail
[0.917s] -- Up-to-date: /home/achraf/autocab/raspberryPI3/ros2_ws/install/carla_msgs/include/carla_msgs/carla_msgs/msg/detail/carla_ego_vehicle_control__rosidl_typesupport_introspection_cpp.hpp
[0.917s] -- Up-to-date: /home/achraf/autocab/raspberryPI3/ros2_ws/install/carla_msgs/include/carla_msgs/carla_msgs/msg/detail/carla_ego_vehicle_control__type_support.cpp
[0.917s] -- Up-to-date: /home/achraf/autocab/raspberryPI3/ros2_ws/install/carla_msgs/lib/libcarla_msgs__rosidl_typesupport_introspection_cpp.so
[0.918s] -- Up-to-date: /home/achraf/autocab/raspberryPI3/ros2_ws/install/carla_msgs/lib/libcarla_msgs__rosidl_typesupport_cpp.so
[0.918s] -- Up-to-date: /home/achraf/autocab/raspberryPI3/ros2_ws/install/carla_msgs/share/carla_msgs/environment/pythonpath.sh
[0.918s] -- Up-to-date: /home/achraf/autocab/raspberryPI3/ros2_ws/install/carla_msgs/share/carla_msgs/environment/pythonpath.dsv
[0.918s] -- Up-to-date: /home/achraf/autocab/raspberryPI3/ros2_ws/install/carla_msgs/local/lib/python3.10/dist-packages/carla_msgs-0.0.0-py3.10.egg-info
[0.918s] -- Installing: /home/achraf/autocab/raspberryPI3/ros2_ws/install/carla_msgs/local/lib/python3.10/dist-packages/carla_msgs-0.0.0-py3.10.egg-info/PKG-INFO
[0.918s] -- Installing: /home/achraf/autocab/raspberryPI3/ros2_ws/install/carla_msgs/local/lib/python3.10/dist-packages/carla_msgs-0.0.0-py3.10.egg-info/dependency_links.txt
[0.919s] -- Installing: /home/achraf/autocab/raspberryPI3/ros2_ws/install/carla_msgs/local/lib/python3.10/dist-packages/carla_msgs-0.0.0-py3.10.egg-info/top_level.txt
[0.919s] -- Installing: /home/achraf/autocab/raspberryPI3/ros2_ws/install/carla_msgs/local/lib/python3.10/dist-packages/carla_msgs-0.0.0-py3.10.egg-info/SOURCES.txt
[0.919s] -- Up-to-date: /home/achraf/autocab/raspberryPI3/ros2_ws/install/carla_msgs/local/lib/python3.10/dist-packages/carla_msgs
[0.919s] -- Up-to-date: /home/achraf/autocab/raspberryPI3/ros2_ws/install/carla_msgs/local/lib/python3.10/dist-packages/carla_msgs/carla_msgs_s__rosidl_typesupport_c.cpython-310-x86_64-linux-gnu.so
[0.919s] -- Up-to-date: /home/achraf/autocab/raspberryPI3/ros2_ws/install/carla_msgs/local/lib/python3.10/dist-packages/carla_msgs/carla_msgs_s__rosidl_typesupport_fastrtps_c.cpython-310-x86_64-linux-gnu.so
[0.920s] -- Up-to-date: /home/achraf/autocab/raspberryPI3/ros2_ws/install/carla_msgs/local/lib/python3.10/dist-packages/carla_msgs/_carla_msgs_s.ep.rosidl_typesupport_fastrtps_c.c
[0.920s] -- Up-to-date: /home/achraf/autocab/raspberryPI3/ros2_ws/install/carla_msgs/local/lib/python3.10/dist-packages/carla_msgs/carla_msgs_s__rosidl_typesupport_introspection_c.cpython-310-x86_64-linux-gnu.so
[0.920s] -- Up-to-date: /home/achraf/autocab/raspberryPI3/ros2_ws/install/carla_msgs/local/lib/python3.10/dist-packages/carla_msgs/libcarla_msgs__rosidl_generator_py.so
[0.920s] -- Up-to-date: /home/achraf/autocab/raspberryPI3/ros2_ws/install/carla_msgs/local/lib/python3.10/dist-packages/carla_msgs/_carla_msgs_s.ep.rosidl_typesupport_c.c
[0.920s] -- Up-to-date: /home/achraf/autocab/raspberryPI3/ros2_ws/install/carla_msgs/local/lib/python3.10/dist-packages/carla_msgs/_carla_msgs_s.ep.rosidl_typesupport_introspection_c.c
[0.920s] -- Up-to-date: /home/achraf/autocab/raspberryPI3/ros2_ws/install/carla_msgs/local/lib/python3.10/dist-packages/carla_msgs/__init__.py
[0.920s] -- Up-to-date: /home/achraf/autocab/raspberryPI3/ros2_ws/install/carla_msgs/local/lib/python3.10/dist-packages/carla_msgs/msg
[0.920s] -- Up-to-date: /home/achraf/autocab/raspberryPI3/ros2_ws/install/carla_msgs/local/lib/python3.10/dist-packages/carla_msgs/msg/_carla_ego_vehicle_control.py
[0.921s] -- Up-to-date: /home/achraf/autocab/raspberryPI3/ros2_ws/install/carla_msgs/local/lib/python3.10/dist-packages/carla_msgs/msg/__init__.py
[0.921s] -- Up-to-date: /home/achraf/autocab/raspberryPI3/ros2_ws/install/carla_msgs/local/lib/python3.10/dist-packages/carla_msgs/msg/_carla_ego_vehicle_control_s.c
[0.954s] Listing '/home/achraf/autocab/raspberryPI3/ros2_ws/install/carla_msgs/local/lib/python3.10/dist-packages/carla_msgs'...
[0.954s] Listing '/home/achraf/autocab/raspberryPI3/ros2_ws/install/carla_msgs/local/lib/python3.10/dist-packages/carla_msgs/msg'...
[0.958s] -- Up-to-date: /home/achraf/autocab/raspberryPI3/ros2_ws/install/carla_msgs/local/lib/python3.10/dist-packages/carla_msgs/carla_msgs_s__rosidl_typesupport_fastrtps_c.cpython-310-x86_64-linux-gnu.so
[0.958s] -- Up-to-date: /home/achraf/autocab/raspberryPI3/ros2_ws/install/carla_msgs/local/lib/python3.10/dist-packages/carla_msgs/carla_msgs_s__rosidl_typesupport_introspection_c.cpython-310-x86_64-linux-gnu.so
[0.959s] -- Up-to-date: /home/achraf/autocab/raspberryPI3/ros2_ws/install/carla_msgs/local/lib/python3.10/dist-packages/carla_msgs/carla_msgs_s__rosidl_typesupport_c.cpython-310-x86_64-linux-gnu.so
[0.960s] -- Up-to-date: /home/achraf/autocab/raspberryPI3/ros2_ws/install/carla_msgs/lib/libcarla_msgs__rosidl_generator_py.so
[0.960s] -- Up-to-date: /home/achraf/autocab/raspberryPI3/ros2_ws/install/carla_msgs/share/carla_msgs/msg/CarlaEgoVehicleControl.idl
[0.960s] -- Up-to-date: /home/achraf/autocab/raspberryPI3/ros2_ws/install/carla_msgs/share/carla_msgs/msg/CarlaEgoVehicleControl.msg
[0.961s] -- Up-to-date: /home/achraf/autocab/raspberryPI3/ros2_ws/install/carla_msgs/share/ament_index/resource_index/package_run_dependencies/carla_msgs
[0.961s] -- Up-to-date: /home/achraf/autocab/raspberryPI3/ros2_ws/install/carla_msgs/share/ament_index/resource_index/parent_prefix_path/carla_msgs
[0.961s] -- Up-to-date: /home/achraf/autocab/raspberryPI3/ros2_ws/install/carla_msgs/share/carla_msgs/environment/ament_prefix_path.sh
[0.962s] -- Up-to-date: /home/achraf/autocab/raspberryPI3/ros2_ws/install/carla_msgs/share/carla_msgs/environment/ament_prefix_path.dsv
[0.962s] -- Up-to-date: /home/achraf/autocab/raspberryPI3/ros2_ws/install/carla_msgs/share/carla_msgs/environment/path.sh
[0.962s] -- Up-to-date: /home/achraf/autocab/raspberryPI3/ros2_ws/install/carla_msgs/share/carla_msgs/environment/path.dsv
[0.963s] -- Up-to-date: /home/achraf/autocab/raspberryPI3/ros2_ws/install/carla_msgs/share/carla_msgs/local_setup.bash
[0.963s] -- Up-to-date: /home/achraf/autocab/raspberryPI3/ros2_ws/install/carla_msgs/share/carla_msgs/local_setup.sh
[0.963s] -- Up-to-date: /home/achraf/autocab/raspberryPI3/ros2_ws/install/carla_msgs/share/carla_msgs/local_setup.zsh
[0.964s] -- Up-to-date: /home/achraf/autocab/raspberryPI3/ros2_ws/install/carla_msgs/share/carla_msgs/local_setup.dsv
[0.964s] -- Installing: /home/achraf/autocab/raspberryPI3/ros2_ws/install/carla_msgs/share/carla_msgs/package.dsv
[0.964s] -- Up-to-date: /home/achraf/autocab/raspberryPI3/ros2_ws/install/carla_msgs/share/ament_index/resource_index/packages/carla_msgs
[0.964s] -- Up-to-date: /home/achraf/autocab/raspberryPI3/ros2_ws/install/carla_msgs/share/carla_msgs/cmake/export_carla_msgs__rosidl_generator_cExport.cmake
[0.965s] -- Up-to-date: /home/achraf/autocab/raspberryPI3/ros2_ws/install/carla_msgs/share/carla_msgs/cmake/export_carla_msgs__rosidl_generator_cExport-noconfig.cmake
[0.965s] -- Up-to-date: /home/achraf/autocab/raspberryPI3/ros2_ws/install/carla_msgs/share/carla_msgs/cmake/export_carla_msgs__rosidl_typesupport_fastrtps_cExport.cmake
[0.966s] -- Up-to-date: /home/achraf/autocab/raspberryPI3/ros2_ws/install/carla_msgs/share/carla_msgs/cmake/export_carla_msgs__rosidl_typesupport_fastrtps_cExport-noconfig.cmake
[0.966s] -- Up-to-date: /home/achraf/autocab/raspberryPI3/ros2_ws/install/carla_msgs/share/carla_msgs/cmake/export_carla_msgs__rosidl_generator_cppExport.cmake
[0.966s] -- Up-to-date: /home/achraf/autocab/raspberryPI3/ros2_ws/install/carla_msgs/share/carla_msgs/cmake/export_carla_msgs__rosidl_typesupport_fastrtps_cppExport.cmake
[0.966s] -- Up-to-date: /home/achraf/autocab/raspberryPI3/ros2_ws/install/carla_msgs/share/carla_msgs/cmake/export_carla_msgs__rosidl_typesupport_fastrtps_cppExport-noconfig.cmake
[0.967s] -- Up-to-date: /home/achraf/autocab/raspberryPI3/ros2_ws/install/carla_msgs/share/carla_msgs/cmake/carla_msgs__rosidl_typesupport_introspection_cExport.cmake
[0.967s] -- Up-to-date: /home/achraf/autocab/raspberryPI3/ros2_ws/install/carla_msgs/share/carla_msgs/cmake/carla_msgs__rosidl_typesupport_introspection_cExport-noconfig.cmake
[0.967s] -- Up-to-date: /home/achraf/autocab/raspberryPI3/ros2_ws/install/carla_msgs/share/carla_msgs/cmake/carla_msgs__rosidl_typesupport_cExport.cmake
[0.967s] -- Up-to-date: /home/achraf/autocab/raspberryPI3/ros2_ws/install/carla_msgs/share/carla_msgs/cmake/carla_msgs__rosidl_typesupport_cExport-noconfig.cmake
[0.968s] -- Up-to-date: /home/achraf/autocab/raspberryPI3/ros2_ws/install/carla_msgs/share/carla_msgs/cmake/carla_msgs__rosidl_typesupport_introspection_cppExport.cmake
[0.968s] -- Up-to-date: /home/achraf/autocab/raspberryPI3/ros2_ws/install/carla_msgs/share/carla_msgs/cmake/carla_msgs__rosidl_typesupport_introspection_cppExport-noconfig.cmake
[0.968s] -- Up-to-date: /home/achraf/autocab/raspberryPI3/ros2_ws/install/carla_msgs/share/carla_msgs/cmake/carla_msgs__rosidl_typesupport_cppExport.cmake
[0.968s] -- Up-to-date: /home/achraf/autocab/raspberryPI3/ros2_ws/install/carla_msgs/share/carla_msgs/cmake/carla_msgs__rosidl_typesupport_cppExport-noconfig.cmake
[0.969s] -- Up-to-date: /home/achraf/autocab/raspberryPI3/ros2_ws/install/carla_msgs/share/carla_msgs/cmake/export_carla_msgs__rosidl_generator_pyExport.cmake
[0.969s] -- Up-to-date: /home/achraf/autocab/raspberryPI3/ros2_ws/install/carla_msgs/share/carla_msgs/cmake/export_carla_msgs__rosidl_generator_pyExport-noconfig.cmake
[0.969s] -- Up-to-date: /home/achraf/autocab/raspberryPI3/ros2_ws/install/carla_msgs/share/carla_msgs/cmake/rosidl_cmake-extras.cmake
[0.969s] -- Up-to-date: /home/achraf/autocab/raspberryPI3/ros2_ws/install/carla_msgs/share/carla_msgs/cmake/ament_cmake_export_dependencies-extras.cmake
[0.969s] -- Up-to-date: /home/achraf/autocab/raspberryPI3/ros2_ws/install/carla_msgs/share/carla_msgs/cmake/ament_cmake_export_include_directories-extras.cmake
[0.969s] -- Up-to-date: /home/achraf/autocab/raspberryPI3/ros2_ws/install/carla_msgs/share/carla_msgs/cmake/ament_cmake_export_libraries-extras.cmake
[0.970s] -- Up-to-date: /home/achraf/autocab/raspberryPI3/ros2_ws/install/carla_msgs/share/carla_msgs/cmake/ament_cmake_export_targets-extras.cmake
[0.970s] -- Up-to-date: /home/achraf/autocab/raspberryPI3/ros2_ws/install/carla_msgs/share/carla_msgs/cmake/rosidl_cmake_export_typesupport_targets-extras.cmake
[0.970s] -- Up-to-date: /home/achraf/autocab/raspberryPI3/ros2_ws/install/carla_msgs/share/carla_msgs/cmake/rosidl_cmake_export_typesupport_libraries-extras.cmake
[0.970s] -- Up-to-date: /home/achraf/autocab/raspberryPI3/ros2_ws/install/carla_msgs/share/carla_msgs/cmake/carla_msgsConfig.cmake
[0.970s] -- Up-to-date: /home/achraf/autocab/raspberryPI3/ros2_ws/install/carla_msgs/share/carla_msgs/cmake/carla_msgsConfig-version.cmake
[0.970s] -- Up-to-date: /home/achraf/autocab/raspberryPI3/ros2_ws/install/carla_msgs/share/carla_msgs/package.xml
[1.112s] Invoked command in '/home/achraf/autocab/raspberryPI3/ros2_ws/build/carla_msgs' returned '0': CMAKE_PREFIX_PATH=/opt/ros/humble /usr/bin/cmake --install /home/achraf/autocab/raspberryPI3/ros2_ws/build/carla_msgs
