[0.109s] Invoking command in '/home/pi/autocab/raspberryPI3/ros2_ws/build/joystick': AMENT_PREFIX_PATH=/home/pi/autocab/raspberryPI3/ros2_ws/install/interfaces:${AMENT_PREFIX_PATH} CMAKE_PREFIX_PATH=/home/pi/autocab/raspberryPI3/ros2_ws/install/interfaces:/home/pi/ros2_ws/install/geicar_start:/home/pi/ros2_ws/install/system_check:/home/pi/ros2_ws/install/simulation:/home/pi/ros2_ws/install/imu_tools:/home/pi/ros2_ws/install/rviz_imu_plugin:/home/pi/ros2_ws/install/joystick:/home/pi/ros2_ws/install/car_control:/home/pi/ros2_ws/install/can:/home/pi/ros2_ws/install/interfaces:/home/pi/ros2_ws/install/imu_filter_madgwick:/home/pi/ros2_ws/install/imu_complementary_filter:/home/pi/ros2_ws/install/carla_msgs:/opt/ros/humble LD_LIBRARY_PATH=/home/pi/autocab/raspberryPI3/ros2_ws/install/interfaces/lib:${LD_LIBRARY_PATH} PYTHONPATH=/home/pi/autocab/raspberryPI3/ros2_ws/install/interfaces/local/lib/python3.10/dist-packages:${PYTHONPATH} /usr/bin/cmake /home/pi/autocab/raspberryPI3/ros2_ws/src/joystick -DCMAKE_INSTALL_PREFIX=/home/pi/autocab/raspberryPI3/ros2_ws/install/joystick
[0.503s] -- The C compiler identification is GNU 11.4.0
[0.830s] -- The CXX compiler identification is GNU 11.4.0
[0.872s] -- Detecting C compiler ABI info
[1.318s] -- Detecting C compiler ABI info - done
[1.350s] -- Check for working C compiler: /usr/bin/cc - skipped
[1.353s] -- Detecting C compile features
[1.357s] -- Detecting C compile features - done
[1.378s] -- Detecting CXX compiler ABI info
[1.886s] -- Detecting CXX compiler ABI info - done
[1.921s] -- Check for working CXX compiler: /usr/bin/c++ - skipped
[1.923s] -- Detecting CXX compile features
[1.927s] -- Detecting CXX compile features - done
[1.971s] -- Found ament_cmake: 1.3.2 (/opt/ros/humble/share/ament_cmake/cmake)
[3.767s] -- Found Python3: /usr/bin/python3.10 (found version "3.10.12") found components: Interpreter 
[6.200s] -- Found rclcpp: 16.0.1 (/opt/ros/humble/share/rclcpp/cmake)
[6.906s] -- Found rosidl_generator_c: 3.1.3 (/opt/ros/humble/share/rosidl_generator_c/cmake)
[7.010s] -- Found rosidl_adapter: 3.1.3 (/opt/ros/humble/share/rosidl_adapter/cmake)
[7.295s] -- Found rosidl_generator_cpp: 3.1.3 (/opt/ros/humble/share/rosidl_generator_cpp/cmake)
[7.657s] -- Using all available rosidl_typesupport_c: rosidl_typesupport_fastrtps_c;rosidl_typesupport_introspection_c
[8.186s] -- Using all available rosidl_typesupport_cpp: rosidl_typesupport_fastrtps_cpp;rosidl_typesupport_introspection_cpp
[9.752s] -- Found rmw_implementation_cmake: 6.1.0 (/opt/ros/humble/share/rmw_implementation_cmake/cmake)
[9.880s] -- Found rmw_fastrtps_cpp: 6.2.1 (/opt/ros/humble/share/rmw_fastrtps_cpp/cmake)
[11.224s] -- Found OpenSSL: /usr/lib/aarch64-linux-gnu/libcrypto.so (found version "3.0.2")  
[11.943s] -- Found FastRTPS: /opt/ros/humble/include  
[13.244s] -- Using RMW implementation 'rmw_fastrtps_cpp' as default
[14.708s] -- Found rclpy: 3.3.4 (/opt/ros/humble/share/rclpy/cmake)
[14.713s] -- Found interfaces: 0.0.0 (/home/pi/autocab/raspberryPI3/ros2_ws/install/interfaces/share/interfaces/cmake)
[14.871s] -- Found sensor_msgs: 4.2.2 (/opt/ros/humble/share/sensor_msgs/cmake)
[18.239s] -- Found ament_lint_auto: 0.12.4 (/opt/ros/humble/share/ament_lint_auto/cmake)
[19.550s] -- Added test 'copyright' to check source files copyright and LICENSE
[19.610s] -- Added test 'cppcheck' to perform static code analysis on C / C++ code
[19.616s] -- Configured cppcheck include dirs: /home/pi/autocab/raspberryPI3/ros2_ws/src/joystick/include
[19.617s] -- Configured cppcheck exclude dirs and/or files: 
[19.669s] -- Added test 'cpplint' to check C / C++ code against the Google style
[19.671s] -- Configured cpplint exclude dirs and/or files: 
[19.688s] -- Added test 'flake8' to check Python code syntax and style conventions
[19.708s] -- Added test 'lint_cmake' to check CMake code style
[19.725s] -- Added test 'pep257' to check Python code against some of the docstring style conventions in PEP 257
[19.772s] -- Added test 'uncrustify' to check C / C++ code style
[19.773s] -- Configured uncrustify additional arguments: 
[19.788s] -- Added test 'xmllint' to check XML markup files
[19.828s] -- Configuring done
[20.073s] -- Generating done
[20.100s] -- Build files have been written to: /home/pi/autocab/raspberryPI3/ros2_ws/build/joystick
[20.180s] Invoked command in '/home/pi/autocab/raspberryPI3/ros2_ws/build/joystick' returned '0': AMENT_PREFIX_PATH=/home/pi/autocab/raspberryPI3/ros2_ws/install/interfaces:${AMENT_PREFIX_PATH} CMAKE_PREFIX_PATH=/home/pi/autocab/raspberryPI3/ros2_ws/install/interfaces:/home/pi/ros2_ws/install/geicar_start:/home/pi/ros2_ws/install/system_check:/home/pi/ros2_ws/install/simulation:/home/pi/ros2_ws/install/imu_tools:/home/pi/ros2_ws/install/rviz_imu_plugin:/home/pi/ros2_ws/install/joystick:/home/pi/ros2_ws/install/car_control:/home/pi/ros2_ws/install/can:/home/pi/ros2_ws/install/interfaces:/home/pi/ros2_ws/install/imu_filter_madgwick:/home/pi/ros2_ws/install/imu_complementary_filter:/home/pi/ros2_ws/install/carla_msgs:/opt/ros/humble LD_LIBRARY_PATH=/home/pi/autocab/raspberryPI3/ros2_ws/install/interfaces/lib:${LD_LIBRARY_PATH} PYTHONPATH=/home/pi/autocab/raspberryPI3/ros2_ws/install/interfaces/local/lib/python3.10/dist-packages:${PYTHONPATH} /usr/bin/cmake /home/pi/autocab/raspberryPI3/ros2_ws/src/joystick -DCMAKE_INSTALL_PREFIX=/home/pi/autocab/raspberryPI3/ros2_ws/install/joystick
[20.190s] Invoking command in '/home/pi/autocab/raspberryPI3/ros2_ws/build/joystick': AMENT_PREFIX_PATH=/home/pi/autocab/raspberryPI3/ros2_ws/install/interfaces:${AMENT_PREFIX_PATH} CMAKE_PREFIX_PATH=/home/pi/autocab/raspberryPI3/ros2_ws/install/interfaces:/home/pi/ros2_ws/install/geicar_start:/home/pi/ros2_ws/install/system_check:/home/pi/ros2_ws/install/simulation:/home/pi/ros2_ws/install/imu_tools:/home/pi/ros2_ws/install/rviz_imu_plugin:/home/pi/ros2_ws/install/joystick:/home/pi/ros2_ws/install/car_control:/home/pi/ros2_ws/install/can:/home/pi/ros2_ws/install/interfaces:/home/pi/ros2_ws/install/imu_filter_madgwick:/home/pi/ros2_ws/install/imu_complementary_filter:/home/pi/ros2_ws/install/carla_msgs:/opt/ros/humble LD_LIBRARY_PATH=/home/pi/autocab/raspberryPI3/ros2_ws/install/interfaces/lib:${LD_LIBRARY_PATH} PYTHONPATH=/home/pi/autocab/raspberryPI3/ros2_ws/install/interfaces/local/lib/python3.10/dist-packages:${PYTHONPATH} /usr/bin/cmake --build /home/pi/autocab/raspberryPI3/ros2_ws/build/joystick -- -j4 -l4
[20.931s] [ 50%] [32mBuilding CXX object CMakeFiles/joystick_to_cmd.dir/src/joystick_to_cmd_node.cpp.o[0m
[89.577s] [100%] [32m[1mLinking CXX executable joystick_to_cmd[0m
[92.135s] [100%] Built target joystick_to_cmd
[92.302s] [100%] Built target ament_cmake_python_copy_joystick
[93.991s] running egg_info
[93.994s] creating joystick.egg-info
[93.995s] writing joystick.egg-info/PKG-INFO
[93.996s] writing dependency_links to joystick.egg-info/dependency_links.txt
[93.998s] writing top-level names to joystick.egg-info/top_level.txt
[93.999s] writing manifest file 'joystick.egg-info/SOURCES.txt'
[94.010s] reading manifest file 'joystick.egg-info/SOURCES.txt'
[94.013s] writing manifest file 'joystick.egg-info/SOURCES.txt'
[94.181s] [100%] Built target ament_cmake_python_build_joystick_egg
[94.246s] Invoked command in '/home/pi/autocab/raspberryPI3/ros2_ws/build/joystick' returned '0': AMENT_PREFIX_PATH=/home/pi/autocab/raspberryPI3/ros2_ws/install/interfaces:${AMENT_PREFIX_PATH} CMAKE_PREFIX_PATH=/home/pi/autocab/raspberryPI3/ros2_ws/install/interfaces:/home/pi/ros2_ws/install/geicar_start:/home/pi/ros2_ws/install/system_check:/home/pi/ros2_ws/install/simulation:/home/pi/ros2_ws/install/imu_tools:/home/pi/ros2_ws/install/rviz_imu_plugin:/home/pi/ros2_ws/install/joystick:/home/pi/ros2_ws/install/car_control:/home/pi/ros2_ws/install/can:/home/pi/ros2_ws/install/interfaces:/home/pi/ros2_ws/install/imu_filter_madgwick:/home/pi/ros2_ws/install/imu_complementary_filter:/home/pi/ros2_ws/install/carla_msgs:/opt/ros/humble LD_LIBRARY_PATH=/home/pi/autocab/raspberryPI3/ros2_ws/install/interfaces/lib:${LD_LIBRARY_PATH} PYTHONPATH=/home/pi/autocab/raspberryPI3/ros2_ws/install/interfaces/local/lib/python3.10/dist-packages:${PYTHONPATH} /usr/bin/cmake --build /home/pi/autocab/raspberryPI3/ros2_ws/build/joystick -- -j4 -l4
[94.405s] Invoking command in '/home/pi/autocab/raspberryPI3/ros2_ws/build/joystick': AMENT_PREFIX_PATH=/home/pi/autocab/raspberryPI3/ros2_ws/install/interfaces:${AMENT_PREFIX_PATH} CMAKE_PREFIX_PATH=/home/pi/autocab/raspberryPI3/ros2_ws/install/interfaces:/home/pi/ros2_ws/install/geicar_start:/home/pi/ros2_ws/install/system_check:/home/pi/ros2_ws/install/simulation:/home/pi/ros2_ws/install/imu_tools:/home/pi/ros2_ws/install/rviz_imu_plugin:/home/pi/ros2_ws/install/joystick:/home/pi/ros2_ws/install/car_control:/home/pi/ros2_ws/install/can:/home/pi/ros2_ws/install/interfaces:/home/pi/ros2_ws/install/imu_filter_madgwick:/home/pi/ros2_ws/install/imu_complementary_filter:/home/pi/ros2_ws/install/carla_msgs:/opt/ros/humble LD_LIBRARY_PATH=/home/pi/autocab/raspberryPI3/ros2_ws/install/interfaces/lib:${LD_LIBRARY_PATH} PYTHONPATH=/home/pi/autocab/raspberryPI3/ros2_ws/install/interfaces/local/lib/python3.10/dist-packages:${PYTHONPATH} /usr/bin/cmake --install /home/pi/autocab/raspberryPI3/ros2_ws/build/joystick
[94.445s] -- Install configuration: ""
[94.446s] -- Installing: /home/pi/autocab/raspberryPI3/ros2_ws/install/joystick/lib/joystick/joystick_to_cmd
[94.479s] -- Set runtime path of "/home/pi/autocab/raspberryPI3/ros2_ws/install/joystick/lib/joystick/joystick_to_cmd" to ""
[94.480s] -- Installing: /home/pi/autocab/raspberryPI3/ros2_ws/install/joystick/share/joystick/environment/pythonpath.sh
[94.481s] -- Installing: /home/pi/autocab/raspberryPI3/ros2_ws/install/joystick/share/joystick/environment/pythonpath.dsv
[94.483s] -- Installing: /home/pi/autocab/raspberryPI3/ros2_ws/install/joystick/local/lib/python3.10/dist-packages/joystick-0.0.0-py3.10.egg-info
[94.484s] -- Installing: /home/pi/autocab/raspberryPI3/ros2_ws/install/joystick/local/lib/python3.10/dist-packages/joystick-0.0.0-py3.10.egg-info/dependency_links.txt
[94.485s] -- Installing: /home/pi/autocab/raspberryPI3/ros2_ws/install/joystick/local/lib/python3.10/dist-packages/joystick-0.0.0-py3.10.egg-info/PKG-INFO
[94.488s] -- Installing: /home/pi/autocab/raspberryPI3/ros2_ws/install/joystick/local/lib/python3.10/dist-packages/joystick-0.0.0-py3.10.egg-info/top_level.txt
[94.492s] -- Installing: /home/pi/autocab/raspberryPI3/ros2_ws/install/joystick/local/lib/python3.10/dist-packages/joystick-0.0.0-py3.10.egg-info/SOURCES.txt
[94.493s] -- Installing: /home/pi/autocab/raspberryPI3/ros2_ws/install/joystick/local/lib/python3.10/dist-packages/joystick
[94.494s] -- Installing: /home/pi/autocab/raspberryPI3/ros2_ws/install/joystick/local/lib/python3.10/dist-packages/joystick/LICENSE
[94.495s] -- Installing: /home/pi/autocab/raspberryPI3/ros2_ws/install/joystick/local/lib/python3.10/dist-packages/joystick/resource
[94.496s] -- Installing: /home/pi/autocab/raspberryPI3/ros2_ws/install/joystick/local/lib/python3.10/dist-packages/joystick/resource/joystick_ros2
[94.497s] -- Installing: /home/pi/autocab/raspberryPI3/ros2_ws/install/joystick/local/lib/python3.10/dist-packages/joystick/joystick_ros2.py
[94.498s] -- Installing: /home/pi/autocab/raspberryPI3/ros2_ws/install/joystick/local/lib/python3.10/dist-packages/joystick/CONTRIBUTING.md
[94.499s] -- Installing: /home/pi/autocab/raspberryPI3/ros2_ws/install/joystick/local/lib/python3.10/dist-packages/joystick/input_example.py
[94.500s] -- Installing: /home/pi/autocab/raspberryPI3/ros2_ws/install/joystick/local/lib/python3.10/dist-packages/joystick/__init__.py
[94.502s] -- Installing: /home/pi/autocab/raspberryPI3/ros2_ws/install/joystick/local/lib/python3.10/dist-packages/joystick/inputs.py
[94.504s] -- Installing: /home/pi/autocab/raspberryPI3/ros2_ws/install/joystick/local/lib/python3.10/dist-packages/joystick/README.md
[94.506s] -- Installing: /home/pi/autocab/raspberryPI3/ros2_ws/install/joystick/local/lib/python3.10/dist-packages/joystick/package.xml
[94.507s] -- Installing: /home/pi/autocab/raspberryPI3/ros2_ws/install/joystick/local/lib/python3.10/dist-packages/joystick/images
[94.508s] -- Installing: /home/pi/autocab/raspberryPI3/ros2_ws/install/joystick/local/lib/python3.10/dist-packages/joystick/images/mac_settings.png
[94.792s] Listing '/home/pi/autocab/raspberryPI3/ros2_ws/install/joystick/local/lib/python3.10/dist-packages/joystick'...
[94.799s] Compiling '/home/pi/autocab/raspberryPI3/ros2_ws/install/joystick/local/lib/python3.10/dist-packages/joystick/__init__.py'...
[94.802s] Listing '/home/pi/autocab/raspberryPI3/ros2_ws/install/joystick/local/lib/python3.10/dist-packages/joystick/images'...
[94.803s] Compiling '/home/pi/autocab/raspberryPI3/ros2_ws/install/joystick/local/lib/python3.10/dist-packages/joystick/input_example.py'...
[94.805s] Compiling '/home/pi/autocab/raspberryPI3/ros2_ws/install/joystick/local/lib/python3.10/dist-packages/joystick/inputs.py'...
[94.807s] Compiling '/home/pi/autocab/raspberryPI3/ros2_ws/install/joystick/local/lib/python3.10/dist-packages/joystick/joystick_ros2.py'...
[94.808s] Listing '/home/pi/autocab/raspberryPI3/ros2_ws/install/joystick/local/lib/python3.10/dist-packages/joystick/resource'...
[94.829s] -- Installing: /home/pi/autocab/raspberryPI3/ros2_ws/install/joystick/lib/joystick/joystick_ros2.py
[94.832s] -- Installing: /home/pi/autocab/raspberryPI3/ros2_ws/install/joystick/share/ament_index/resource_index/package_run_dependencies/joystick
[94.834s] -- Installing: /home/pi/autocab/raspberryPI3/ros2_ws/install/joystick/share/ament_index/resource_index/parent_prefix_path/joystick
[94.835s] -- Installing: /home/pi/autocab/raspberryPI3/ros2_ws/install/joystick/share/joystick/environment/ament_prefix_path.sh
[94.837s] -- Installing: /home/pi/autocab/raspberryPI3/ros2_ws/install/joystick/share/joystick/environment/ament_prefix_path.dsv
[94.838s] -- Installing: /home/pi/autocab/raspberryPI3/ros2_ws/install/joystick/share/joystick/environment/path.sh
[94.840s] -- Installing: /home/pi/autocab/raspberryPI3/ros2_ws/install/joystick/share/joystick/environment/path.dsv
[94.841s] -- Installing: /home/pi/autocab/raspberryPI3/ros2_ws/install/joystick/share/joystick/local_setup.bash
[94.843s] -- Installing: /home/pi/autocab/raspberryPI3/ros2_ws/install/joystick/share/joystick/local_setup.sh
[94.844s] -- Installing: /home/pi/autocab/raspberryPI3/ros2_ws/install/joystick/share/joystick/local_setup.zsh
[94.846s] -- Installing: /home/pi/autocab/raspberryPI3/ros2_ws/install/joystick/share/joystick/local_setup.dsv
[94.847s] -- Installing: /home/pi/autocab/raspberryPI3/ros2_ws/install/joystick/share/joystick/package.dsv
[94.849s] -- Installing: /home/pi/autocab/raspberryPI3/ros2_ws/install/joystick/share/ament_index/resource_index/packages/joystick
[94.851s] -- Installing: /home/pi/autocab/raspberryPI3/ros2_ws/install/joystick/share/joystick/cmake/joystickConfig.cmake
[94.852s] -- Installing: /home/pi/autocab/raspberryPI3/ros2_ws/install/joystick/share/joystick/cmake/joystickConfig-version.cmake
[94.853s] -- Installing: /home/pi/autocab/raspberryPI3/ros2_ws/install/joystick/share/joystick/package.xml
[94.872s] Invoked command in '/home/pi/autocab/raspberryPI3/ros2_ws/build/joystick' returned '0': AMENT_PREFIX_PATH=/home/pi/autocab/raspberryPI3/ros2_ws/install/interfaces:${AMENT_PREFIX_PATH} CMAKE_PREFIX_PATH=/home/pi/autocab/raspberryPI3/ros2_ws/install/interfaces:/home/pi/ros2_ws/install/geicar_start:/home/pi/ros2_ws/install/system_check:/home/pi/ros2_ws/install/simulation:/home/pi/ros2_ws/install/imu_tools:/home/pi/ros2_ws/install/rviz_imu_plugin:/home/pi/ros2_ws/install/joystick:/home/pi/ros2_ws/install/car_control:/home/pi/ros2_ws/install/can:/home/pi/ros2_ws/install/interfaces:/home/pi/ros2_ws/install/imu_filter_madgwick:/home/pi/ros2_ws/install/imu_complementary_filter:/home/pi/ros2_ws/install/carla_msgs:/opt/ros/humble LD_LIBRARY_PATH=/home/pi/autocab/raspberryPI3/ros2_ws/install/interfaces/lib:${LD_LIBRARY_PATH} PYTHONPATH=/home/pi/autocab/raspberryPI3/ros2_ws/install/interfaces/local/lib/python3.10/dist-packages:${PYTHONPATH} /usr/bin/cmake --install /home/pi/autocab/raspberryPI3/ros2_ws/build/joystick
