[0.168s] Invoking command in '/home/achraf/autocab/raspberryPI3/ros2_ws/build/carla_msgs': CMAKE_PREFIX_PATH=/opt/ros/humble /usr/bin/cmake --build /home/achraf/autocab/raspberryPI3/ros2_ws/build/carla_msgs -- -j8 -l8
[0.250s] [  3%] Built target carla_msgs__cpp
[0.258s] [  3%] Built target ament_cmake_python_copy_carla_msgs
[0.265s] [ 12%] Built target carla_msgs__rosidl_generator_c
[0.317s] [ 22%] Built target carla_msgs__rosidl_typesupport_introspection_cpp
[0.326s] [ 32%] Built target carla_msgs__rosidl_typesupport_fastrtps_cpp
[0.334s] [ 41%] Built target carla_msgs__rosidl_typesupport_cpp
[0.369s] [ 51%] Built target carla_msgs__rosidl_typesupport_introspection_c
[0.380s] [ 61%] Built target carla_msgs__rosidl_typesupport_c
[0.383s] [ 70%] Built target carla_msgs__rosidl_typesupport_fastrtps_c
[0.419s] [ 70%] Built target carla_msgs
[0.450s] [ 74%] Built target carla_msgs__py
[0.492s] [ 80%] Built target carla_msgs__rosidl_generator_py
[0.531s] [ 87%] Built target carla_msgs__rosidl_typesupport_fastrtps_c__pyext
[0.539s] [ 93%] Built target carla_msgs__rosidl_typesupport_introspection_c__pyext
[0.562s] [100%] Built target carla_msgs__rosidl_typesupport_c__pyext
[0.729s] running egg_info
[0.730s] writing carla_msgs.egg-info/PKG-INFO
[0.731s] writing dependency_links to carla_msgs.egg-info/dependency_links.txt
[0.731s] writing top-level names to carla_msgs.egg-info/top_level.txt
[0.735s] reading manifest file 'carla_msgs.egg-info/SOURCES.txt'
[0.736s] writing manifest file 'carla_msgs.egg-info/SOURCES.txt'
[0.769s] [100%] Built target ament_cmake_python_build_carla_msgs_egg
[0.939s] Invoked command in '/home/achraf/autocab/raspberryPI3/ros2_ws/build/carla_msgs' returned '0': CMAKE_PREFIX_PATH=/opt/ros/humble /usr/bin/cmake --build /home/achraf/autocab/raspberryPI3/ros2_ws/build/carla_msgs -- -j8 -l8
[1.099s] Invoking command in '/home/achraf/autocab/raspberryPI3/ros2_ws/build/carla_msgs': CMAKE_PREFIX_PATH=/opt/ros/humble /usr/bin/cmake --install /home/achraf/autocab/raspberryPI3/ros2_ws/build/carla_msgs
[1.110s] -- Install configuration: ""
[1.110s] -- Up-to-date: /home/achraf/autocab/raspberryPI3/ros2_ws/install/carla_msgs/share/ament_index/resource_index/rosidl_interfaces/carla_msgs
[1.111s] -- Up-to-date: /home/achraf/autocab/raspberryPI3/ros2_ws/install/carla_msgs/include/carla_msgs/carla_msgs
[1.111s] -- Up-to-date: /home/achraf/autocab/raspberryPI3/ros2_ws/install/carla_msgs/include/carla_msgs/carla_msgs/msg
[1.111s] -- Up-to-date: /home/achraf/autocab/raspberryPI3/ros2_ws/install/carla_msgs/include/carla_msgs/carla_msgs/msg/carla_ego_vehicle_control.h
[1.111s] -- Up-to-date: /home/achraf/autocab/raspberryPI3/ros2_ws/install/carla_msgs/include/carla_msgs/carla_msgs/msg/detail
[1.111s] -- Up-to-date: /home/achraf/autocab/raspberryPI3/ros2_ws/install/carla_msgs/include/carla_msgs/carla_msgs/msg/detail/carla_ego_vehicle_control__struct.h
[1.111s] -- Up-to-date: /home/achraf/autocab/raspberryPI3/ros2_ws/install/carla_msgs/include/carla_msgs/carla_msgs/msg/detail/carla_ego_vehicle_control__type_support.h
[1.112s] -- Up-to-date: /home/achraf/autocab/raspberryPI3/ros2_ws/install/carla_msgs/include/carla_msgs/carla_msgs/msg/detail/carla_ego_vehicle_control__functions.c
[1.112s] -- Up-to-date: /home/achraf/autocab/raspberryPI3/ros2_ws/install/carla_msgs/include/carla_msgs/carla_msgs/msg/detail/carla_ego_vehicle_control__functions.h
[1.112s] -- Up-to-date: /home/achraf/autocab/raspberryPI3/ros2_ws/install/carla_msgs/include/carla_msgs/carla_msgs/msg/rosidl_generator_c__visibility_control.h
[1.112s] -- Up-to-date: /home/achraf/autocab/raspberryPI3/ros2_ws/install/carla_msgs/share/carla_msgs/environment/library_path.sh
[1.112s] -- Up-to-date: /home/achraf/autocab/raspberryPI3/ros2_ws/install/carla_msgs/share/carla_msgs/environment/library_path.dsv
[1.112s] -- Up-to-date: /home/achraf/autocab/raspberryPI3/ros2_ws/install/carla_msgs/lib/libcarla_msgs__rosidl_generator_c.so
[1.112s] -- Up-to-date: /home/achraf/autocab/raspberryPI3/ros2_ws/install/carla_msgs/include/carla_msgs/carla_msgs
[1.112s] -- Up-to-date: /home/achraf/autocab/raspberryPI3/ros2_ws/install/carla_msgs/include/carla_msgs/carla_msgs/msg
[1.113s] -- Up-to-date: /home/achraf/autocab/raspberryPI3/ros2_ws/install/carla_msgs/include/carla_msgs/carla_msgs/msg/rosidl_typesupport_fastrtps_c__visibility_control.h
[1.113s] -- Up-to-date: /home/achraf/autocab/raspberryPI3/ros2_ws/install/carla_msgs/include/carla_msgs/carla_msgs/msg/detail
[1.113s] -- Up-to-date: /home/achraf/autocab/raspberryPI3/ros2_ws/install/carla_msgs/include/carla_msgs/carla_msgs/msg/detail/carla_ego_vehicle_control__rosidl_typesupport_fastrtps_c.h
[1.113s] -- Up-to-date: /home/achraf/autocab/raspberryPI3/ros2_ws/install/carla_msgs/lib/libcarla_msgs__rosidl_typesupport_fastrtps_c.so
[1.113s] -- Up-to-date: /home/achraf/autocab/raspberryPI3/ros2_ws/install/carla_msgs/include/carla_msgs/carla_msgs
[1.113s] -- Up-to-date: /home/achraf/autocab/raspberryPI3/ros2_ws/install/carla_msgs/include/carla_msgs/carla_msgs/msg
[1.114s] -- Up-to-date: /home/achraf/autocab/raspberryPI3/ros2_ws/install/carla_msgs/include/carla_msgs/carla_msgs/msg/detail
[1.114s] -- Up-to-date: /home/achraf/autocab/raspberryPI3/ros2_ws/install/carla_msgs/include/carla_msgs/carla_msgs/msg/detail/carla_ego_vehicle_control__struct.hpp
[1.114s] -- Up-to-date: /home/achraf/autocab/raspberryPI3/ros2_ws/install/carla_msgs/include/carla_msgs/carla_msgs/msg/detail/carla_ego_vehicle_control__builder.hpp
[1.114s] -- Up-to-date: /home/achraf/autocab/raspberryPI3/ros2_ws/install/carla_msgs/include/carla_msgs/carla_msgs/msg/detail/carla_ego_vehicle_control__traits.hpp
[1.114s] -- Up-to-date: /home/achraf/autocab/raspberryPI3/ros2_ws/install/carla_msgs/include/carla_msgs/carla_msgs/msg/carla_ego_vehicle_control.hpp
[1.115s] -- Up-to-date: /home/achraf/autocab/raspberryPI3/ros2_ws/install/carla_msgs/include/carla_msgs/carla_msgs
[1.115s] -- Up-to-date: /home/achraf/autocab/raspberryPI3/ros2_ws/install/carla_msgs/include/carla_msgs/carla_msgs/msg
[1.115s] -- Up-to-date: /home/achraf/autocab/raspberryPI3/ros2_ws/install/carla_msgs/include/carla_msgs/carla_msgs/msg/detail
[1.115s] -- Up-to-date: /home/achraf/autocab/raspberryPI3/ros2_ws/install/carla_msgs/include/carla_msgs/carla_msgs/msg/detail/dds_fastrtps
[1.115s] -- Up-to-date: /home/achraf/autocab/raspberryPI3/ros2_ws/install/carla_msgs/include/carla_msgs/carla_msgs/msg/detail/carla_ego_vehicle_control__rosidl_typesupport_fastrtps_cpp.hpp
[1.116s] -- Up-to-date: /home/achraf/autocab/raspberryPI3/ros2_ws/install/carla_msgs/include/carla_msgs/carla_msgs/msg/rosidl_typesupport_fastrtps_cpp__visibility_control.h
[1.116s] -- Up-to-date: /home/achraf/autocab/raspberryPI3/ros2_ws/install/carla_msgs/lib/libcarla_msgs__rosidl_typesupport_fastrtps_cpp.so
[1.116s] -- Up-to-date: /home/achraf/autocab/raspberryPI3/ros2_ws/install/carla_msgs/include/carla_msgs/carla_msgs
[1.116s] -- Up-to-date: /home/achraf/autocab/raspberryPI3/ros2_ws/install/carla_msgs/include/carla_msgs/carla_msgs/msg
[1.116s] -- Up-to-date: /home/achraf/autocab/raspberryPI3/ros2_ws/install/carla_msgs/include/carla_msgs/carla_msgs/msg/detail
[1.116s] -- Up-to-date: /home/achraf/autocab/raspberryPI3/ros2_ws/install/carla_msgs/include/carla_msgs/carla_msgs/msg/detail/carla_ego_vehicle_control__rosidl_typesupport_introspection_c.h
[1.116s] -- Up-to-date: /home/achraf/autocab/raspberryPI3/ros2_ws/install/carla_msgs/include/carla_msgs/carla_msgs/msg/detail/carla_ego_vehicle_control__type_support.c
[1.116s] -- Up-to-date: /home/achraf/autocab/raspberryPI3/ros2_ws/install/carla_msgs/include/carla_msgs/carla_msgs/msg/rosidl_typesupport_introspection_c__visibility_control.h
[1.117s] -- Up-to-date: /home/achraf/autocab/raspberryPI3/ros2_ws/install/carla_msgs/lib/libcarla_msgs__rosidl_typesupport_introspection_c.so
[1.117s] -- Up-to-date: /home/achraf/autocab/raspberryPI3/ros2_ws/install/carla_msgs/lib/libcarla_msgs__rosidl_typesupport_c.so
[1.117s] -- Up-to-date: /home/achraf/autocab/raspberryPI3/ros2_ws/install/carla_msgs/include/carla_msgs/carla_msgs
[1.117s] -- Up-to-date: /home/achraf/autocab/raspberryPI3/ros2_ws/install/carla_msgs/include/carla_msgs/carla_msgs/msg
[1.117s] -- Up-to-date: /home/achraf/autocab/raspberryPI3/ros2_ws/install/carla_msgs/include/carla_msgs/carla_msgs/msg/detail
[1.117s] -- Up-to-date: /home/achraf/autocab/raspberryPI3/ros2_ws/install/carla_msgs/include/carla_msgs/carla_msgs/msg/detail/carla_ego_vehicle_control__rosidl_typesupport_introspection_cpp.hpp
[1.117s] -- Up-to-date: /home/achraf/autocab/raspberryPI3/ros2_ws/install/carla_msgs/include/carla_msgs/carla_msgs/msg/detail/carla_ego_vehicle_control__type_support.cpp
[1.118s] -- Up-to-date: /home/achraf/autocab/raspberryPI3/ros2_ws/install/carla_msgs/lib/libcarla_msgs__rosidl_typesupport_introspection_cpp.so
[1.118s] -- Up-to-date: /home/achraf/autocab/raspberryPI3/ros2_ws/install/carla_msgs/lib/libcarla_msgs__rosidl_typesupport_cpp.so
[1.118s] -- Up-to-date: /home/achraf/autocab/raspberryPI3/ros2_ws/install/carla_msgs/share/carla_msgs/environment/pythonpath.sh
[1.118s] -- Up-to-date: /home/achraf/autocab/raspberryPI3/ros2_ws/install/carla_msgs/share/carla_msgs/environment/pythonpath.dsv
[1.118s] -- Up-to-date: /home/achraf/autocab/raspberryPI3/ros2_ws/install/carla_msgs/local/lib/python3.10/dist-packages/carla_msgs-0.0.0-py3.10.egg-info
[1.118s] -- Installing: /home/achraf/autocab/raspberryPI3/ros2_ws/install/carla_msgs/local/lib/python3.10/dist-packages/carla_msgs-0.0.0-py3.10.egg-info/PKG-INFO
[1.118s] -- Installing: /home/achraf/autocab/raspberryPI3/ros2_ws/install/carla_msgs/local/lib/python3.10/dist-packages/carla_msgs-0.0.0-py3.10.egg-info/dependency_links.txt
[1.119s] -- Installing: /home/achraf/autocab/raspberryPI3/ros2_ws/install/carla_msgs/local/lib/python3.10/dist-packages/carla_msgs-0.0.0-py3.10.egg-info/top_level.txt
[1.119s] -- Installing: /home/achraf/autocab/raspberryPI3/ros2_ws/install/carla_msgs/local/lib/python3.10/dist-packages/carla_msgs-0.0.0-py3.10.egg-info/SOURCES.txt
[1.119s] -- Up-to-date: /home/achraf/autocab/raspberryPI3/ros2_ws/install/carla_msgs/local/lib/python3.10/dist-packages/carla_msgs
[1.119s] -- Up-to-date: /home/achraf/autocab/raspberryPI3/ros2_ws/install/carla_msgs/local/lib/python3.10/dist-packages/carla_msgs/carla_msgs_s__rosidl_typesupport_c.cpython-310-x86_64-linux-gnu.so
[1.119s] -- Up-to-date: /home/achraf/autocab/raspberryPI3/ros2_ws/install/carla_msgs/local/lib/python3.10/dist-packages/carla_msgs/carla_msgs_s__rosidl_typesupport_fastrtps_c.cpython-310-x86_64-linux-gnu.so
[1.119s] -- Up-to-date: /home/achraf/autocab/raspberryPI3/ros2_ws/install/carla_msgs/local/lib/python3.10/dist-packages/carla_msgs/_carla_msgs_s.ep.rosidl_typesupport_fastrtps_c.c
[1.119s] -- Up-to-date: /home/achraf/autocab/raspberryPI3/ros2_ws/install/carla_msgs/local/lib/python3.10/dist-packages/carla_msgs/carla_msgs_s__rosidl_typesupport_introspection_c.cpython-310-x86_64-linux-gnu.so
[1.119s] -- Up-to-date: /home/achraf/autocab/raspberryPI3/ros2_ws/install/carla_msgs/local/lib/python3.10/dist-packages/carla_msgs/libcarla_msgs__rosidl_generator_py.so
[1.120s] -- Up-to-date: /home/achraf/autocab/raspberryPI3/ros2_ws/install/carla_msgs/local/lib/python3.10/dist-packages/carla_msgs/_carla_msgs_s.ep.rosidl_typesupport_c.c
[1.120s] -- Up-to-date: /home/achraf/autocab/raspberryPI3/ros2_ws/install/carla_msgs/local/lib/python3.10/dist-packages/carla_msgs/_carla_msgs_s.ep.rosidl_typesupport_introspection_c.c
[1.120s] -- Up-to-date: /home/achraf/autocab/raspberryPI3/ros2_ws/install/carla_msgs/local/lib/python3.10/dist-packages/carla_msgs/__init__.py
[1.120s] -- Up-to-date: /home/achraf/autocab/raspberryPI3/ros2_ws/install/carla_msgs/local/lib/python3.10/dist-packages/carla_msgs/msg
[1.120s] -- Up-to-date: /home/achraf/autocab/raspberryPI3/ros2_ws/install/carla_msgs/local/lib/python3.10/dist-packages/carla_msgs/msg/_carla_ego_vehicle_control.py
[1.120s] -- Up-to-date: /home/achraf/autocab/raspberryPI3/ros2_ws/install/carla_msgs/local/lib/python3.10/dist-packages/carla_msgs/msg/__init__.py
[1.120s] -- Up-to-date: /home/achraf/autocab/raspberryPI3/ros2_ws/install/carla_msgs/local/lib/python3.10/dist-packages/carla_msgs/msg/_carla_ego_vehicle_control_s.c
[1.166s] Listing '/home/achraf/autocab/raspberryPI3/ros2_ws/install/carla_msgs/local/lib/python3.10/dist-packages/carla_msgs'...
[1.166s] Listing '/home/achraf/autocab/raspberryPI3/ros2_ws/install/carla_msgs/local/lib/python3.10/dist-packages/carla_msgs/msg'...
[1.170s] -- Up-to-date: /home/achraf/autocab/raspberryPI3/ros2_ws/install/carla_msgs/local/lib/python3.10/dist-packages/carla_msgs/carla_msgs_s__rosidl_typesupport_fastrtps_c.cpython-310-x86_64-linux-gnu.so
[1.171s] -- Up-to-date: /home/achraf/autocab/raspberryPI3/ros2_ws/install/carla_msgs/local/lib/python3.10/dist-packages/carla_msgs/carla_msgs_s__rosidl_typesupport_introspection_c.cpython-310-x86_64-linux-gnu.so
[1.171s] -- Up-to-date: /home/achraf/autocab/raspberryPI3/ros2_ws/install/carla_msgs/local/lib/python3.10/dist-packages/carla_msgs/carla_msgs_s__rosidl_typesupport_c.cpython-310-x86_64-linux-gnu.so
[1.172s] -- Up-to-date: /home/achraf/autocab/raspberryPI3/ros2_ws/install/carla_msgs/lib/libcarla_msgs__rosidl_generator_py.so
[1.172s] -- Up-to-date: /home/achraf/autocab/raspberryPI3/ros2_ws/install/carla_msgs/share/carla_msgs/msg/CarlaEgoVehicleControl.idl
[1.172s] -- Up-to-date: /home/achraf/autocab/raspberryPI3/ros2_ws/install/carla_msgs/share/carla_msgs/msg/CarlaEgoVehicleControl.msg
[1.172s] -- Up-to-date: /home/achraf/autocab/raspberryPI3/ros2_ws/install/carla_msgs/share/ament_index/resource_index/package_run_dependencies/carla_msgs
[1.172s] -- Up-to-date: /home/achraf/autocab/raspberryPI3/ros2_ws/install/carla_msgs/share/ament_index/resource_index/parent_prefix_path/carla_msgs
[1.173s] -- Up-to-date: /home/achraf/autocab/raspberryPI3/ros2_ws/install/carla_msgs/share/carla_msgs/environment/ament_prefix_path.sh
[1.173s] -- Up-to-date: /home/achraf/autocab/raspberryPI3/ros2_ws/install/carla_msgs/share/carla_msgs/environment/ament_prefix_path.dsv
[1.173s] -- Up-to-date: /home/achraf/autocab/raspberryPI3/ros2_ws/install/carla_msgs/share/carla_msgs/environment/path.sh
[1.173s] -- Up-to-date: /home/achraf/autocab/raspberryPI3/ros2_ws/install/carla_msgs/share/carla_msgs/environment/path.dsv
[1.173s] -- Up-to-date: /home/achraf/autocab/raspberryPI3/ros2_ws/install/carla_msgs/share/carla_msgs/local_setup.bash
[1.174s] -- Up-to-date: /home/achraf/autocab/raspberryPI3/ros2_ws/install/carla_msgs/share/carla_msgs/local_setup.sh
[1.174s] -- Up-to-date: /home/achraf/autocab/raspberryPI3/ros2_ws/install/carla_msgs/share/carla_msgs/local_setup.zsh
[1.174s] -- Up-to-date: /home/achraf/autocab/raspberryPI3/ros2_ws/install/carla_msgs/share/carla_msgs/local_setup.dsv
[1.174s] -- Installing: /home/achraf/autocab/raspberryPI3/ros2_ws/install/carla_msgs/share/carla_msgs/package.dsv
[1.175s] -- Up-to-date: /home/achraf/autocab/raspberryPI3/ros2_ws/install/carla_msgs/share/ament_index/resource_index/packages/carla_msgs
[1.175s] -- Up-to-date: /home/achraf/autocab/raspberryPI3/ros2_ws/install/carla_msgs/share/carla_msgs/cmake/export_carla_msgs__rosidl_generator_cExport.cmake
[1.175s] -- Up-to-date: /home/achraf/autocab/raspberryPI3/ros2_ws/install/carla_msgs/share/carla_msgs/cmake/export_carla_msgs__rosidl_generator_cExport-noconfig.cmake
[1.175s] -- Up-to-date: /home/achraf/autocab/raspberryPI3/ros2_ws/install/carla_msgs/share/carla_msgs/cmake/export_carla_msgs__rosidl_typesupport_fastrtps_cExport.cmake
[1.175s] -- Up-to-date: /home/achraf/autocab/raspberryPI3/ros2_ws/install/carla_msgs/share/carla_msgs/cmake/export_carla_msgs__rosidl_typesupport_fastrtps_cExport-noconfig.cmake
[1.176s] -- Up-to-date: /home/achraf/autocab/raspberryPI3/ros2_ws/install/carla_msgs/share/carla_msgs/cmake/export_carla_msgs__rosidl_generator_cppExport.cmake
[1.176s] -- Up-to-date: /home/achraf/autocab/raspberryPI3/ros2_ws/install/carla_msgs/share/carla_msgs/cmake/export_carla_msgs__rosidl_typesupport_fastrtps_cppExport.cmake
[1.176s] -- Up-to-date: /home/achraf/autocab/raspberryPI3/ros2_ws/install/carla_msgs/share/carla_msgs/cmake/export_carla_msgs__rosidl_typesupport_fastrtps_cppExport-noconfig.cmake
[1.176s] -- Up-to-date: /home/achraf/autocab/raspberryPI3/ros2_ws/install/carla_msgs/share/carla_msgs/cmake/carla_msgs__rosidl_typesupport_introspection_cExport.cmake
[1.176s] -- Up-to-date: /home/achraf/autocab/raspberryPI3/ros2_ws/install/carla_msgs/share/carla_msgs/cmake/carla_msgs__rosidl_typesupport_introspection_cExport-noconfig.cmake
[1.177s] -- Up-to-date: /home/achraf/autocab/raspberryPI3/ros2_ws/install/carla_msgs/share/carla_msgs/cmake/carla_msgs__rosidl_typesupport_cExport.cmake
[1.177s] -- Up-to-date: /home/achraf/autocab/raspberryPI3/ros2_ws/install/carla_msgs/share/carla_msgs/cmake/carla_msgs__rosidl_typesupport_cExport-noconfig.cmake
[1.177s] -- Up-to-date: /home/achraf/autocab/raspberryPI3/ros2_ws/install/carla_msgs/share/carla_msgs/cmake/carla_msgs__rosidl_typesupport_introspection_cppExport.cmake
[1.177s] -- Up-to-date: /home/achraf/autocab/raspberryPI3/ros2_ws/install/carla_msgs/share/carla_msgs/cmake/carla_msgs__rosidl_typesupport_introspection_cppExport-noconfig.cmake
[1.177s] -- Up-to-date: /home/achraf/autocab/raspberryPI3/ros2_ws/install/carla_msgs/share/carla_msgs/cmake/carla_msgs__rosidl_typesupport_cppExport.cmake
[1.178s] -- Up-to-date: /home/achraf/autocab/raspberryPI3/ros2_ws/install/carla_msgs/share/carla_msgs/cmake/carla_msgs__rosidl_typesupport_cppExport-noconfig.cmake
[1.178s] -- Up-to-date: /home/achraf/autocab/raspberryPI3/ros2_ws/install/carla_msgs/share/carla_msgs/cmake/export_carla_msgs__rosidl_generator_pyExport.cmake
[1.178s] -- Up-to-date: /home/achraf/autocab/raspberryPI3/ros2_ws/install/carla_msgs/share/carla_msgs/cmake/export_carla_msgs__rosidl_generator_pyExport-noconfig.cmake
[1.178s] -- Up-to-date: /home/achraf/autocab/raspberryPI3/ros2_ws/install/carla_msgs/share/carla_msgs/cmake/rosidl_cmake-extras.cmake
[1.179s] -- Up-to-date: /home/achraf/autocab/raspberryPI3/ros2_ws/install/carla_msgs/share/carla_msgs/cmake/ament_cmake_export_dependencies-extras.cmake
[1.179s] -- Up-to-date: /home/achraf/autocab/raspberryPI3/ros2_ws/install/carla_msgs/share/carla_msgs/cmake/ament_cmake_export_include_directories-extras.cmake
[1.179s] -- Up-to-date: /home/achraf/autocab/raspberryPI3/ros2_ws/install/carla_msgs/share/carla_msgs/cmake/ament_cmake_export_libraries-extras.cmake
[1.179s] -- Up-to-date: /home/achraf/autocab/raspberryPI3/ros2_ws/install/carla_msgs/share/carla_msgs/cmake/ament_cmake_export_targets-extras.cmake
[1.179s] -- Up-to-date: /home/achraf/autocab/raspberryPI3/ros2_ws/install/carla_msgs/share/carla_msgs/cmake/rosidl_cmake_export_typesupport_targets-extras.cmake
[1.180s] -- Up-to-date: /home/achraf/autocab/raspberryPI3/ros2_ws/install/carla_msgs/share/carla_msgs/cmake/rosidl_cmake_export_typesupport_libraries-extras.cmake
[1.180s] -- Up-to-date: /home/achraf/autocab/raspberryPI3/ros2_ws/install/carla_msgs/share/carla_msgs/cmake/carla_msgsConfig.cmake
[1.180s] -- Up-to-date: /home/achraf/autocab/raspberryPI3/ros2_ws/install/carla_msgs/share/carla_msgs/cmake/carla_msgsConfig-version.cmake
[1.180s] -- Up-to-date: /home/achraf/autocab/raspberryPI3/ros2_ws/install/carla_msgs/share/carla_msgs/package.xml
[1.181s] Invoked command in '/home/achraf/autocab/raspberryPI3/ros2_ws/build/carla_msgs' returned '0': CMAKE_PREFIX_PATH=/opt/ros/humble /usr/bin/cmake --install /home/achraf/autocab/raspberryPI3/ros2_ws/build/carla_msgs
