[0.081s] Invoking command in '/home/pi/autocab/raspberryPI3/ros2_ws/build/car_control': AMENT_PREFIX_PATH=/home/pi/autocab/raspberryPI3/ros2_ws/install/interfaces:${AMENT_PREFIX_PATH} CMAKE_PREFIX_PATH=/home/pi/autocab/raspberryPI3/ros2_ws/install/interfaces:/home/pi/ros2_ws/install/geicar_start:/home/pi/ros2_ws/install/system_check:/home/pi/ros2_ws/install/simulation:/home/pi/ros2_ws/install/imu_tools:/home/pi/ros2_ws/install/rviz_imu_plugin:/home/pi/ros2_ws/install/joystick:/home/pi/ros2_ws/install/car_control:/home/pi/ros2_ws/install/can:/home/pi/ros2_ws/install/interfaces:/home/pi/ros2_ws/install/imu_filter_madgwick:/home/pi/ros2_ws/install/imu_complementary_filter:/home/pi/ros2_ws/install/carla_msgs:/opt/ros/humble LD_LIBRARY_PATH=/home/pi/autocab/raspberryPI3/ros2_ws/install/interfaces/lib:${LD_LIBRARY_PATH} PYTHONPATH=/home/pi/autocab/raspberryPI3/ros2_ws/install/interfaces/local/lib/python3.10/dist-packages:${PYTHONPATH} /usr/bin/cmake --build /home/pi/autocab/raspberryPI3/ros2_ws/build/car_control -- -j4 -l4
[0.296s] [35m[1mConsolidate compiler generated dependencies of target car_control_node[0m
[0.419s] [ 20%] [32mBuilding CXX object CMakeFiles/car_control_node.dir/src/car_control_node.cpp.o[0m
[11.473s] [01m[K/home/pi/autocab/raspberryPI3/ros2_ws/src/car_control/src/car_control_node.cpp:[m[K In member function ‘[01m[Kvoid car_control::updateCmd()[m[K’:
[11.474s] [01m[K/home/pi/autocab/raspberryPI3/ros2_ws/src/car_control/src/car_control_node.cpp:191:51:[m[K [01;31m[Kerror: [m[Kno matching function for call to ‘[01m[Kstd::vector<char>::erase(int)[m[K’
[11.475s]   191 |                         [01;31m[KpathToDeparturePoint.erase(0)[m[K ;
[11.475s]       |                         [01;31m[K~~~~~~~~~~~~~~~~~~~~~~~~~~^~~[m[K
[11.476s] In file included from [01m[K/usr/include/c++/11/vector:67[m[K,
[11.476s]                  from [01m[K/usr/include/c++/11/functional:62[m[K,
[11.477s]                  from [01m[K/usr/include/c++/11/pstl/glue_algorithm_defs.h:13[m[K,
[11.477s]                  from [01m[K/usr/include/c++/11/algorithm:74[m[K,
[11.478s]                  from [01m[K/opt/ros/humble/include/rclcpp/rclcpp/executor.hpp:18[m[K,
[11.478s]                  from [01m[K/opt/ros/humble/include/rclcpp/rclcpp/executors/multi_threaded_executor.hpp:25[m[K,
[11.479s]                  from [01m[K/opt/ros/humble/include/rclcpp/rclcpp/executors.hpp:21[m[K,
[11.479s]                  from [01m[K/opt/ros/humble/include/rclcpp/rclcpp/rclcpp.hpp:155[m[K,
[11.480s]                  from [01m[K/home/pi/autocab/raspberryPI3/ros2_ws/src/car_control/src/car_control_node.cpp:1[m[K:
[11.480s] [01m[K/usr/include/c++/11/bits/stl_vector.h:1430:7:[m[K [01;36m[Knote: [m[Kcandidate: ‘[01m[Kstd::vector<_Tp, _Alloc>::iterator std::vector<_Tp, _Alloc>::erase(std::vector<_Tp, _Alloc>::const_iterator) [with _Tp = char; _Alloc = std::allocator<char>; std::vector<_Tp, _Alloc>::iterator = std::vector<char>::iterator; std::vector<_Tp, _Alloc>::const_iterator = std::vector<char>::const_iterator][m[K’
[11.481s]  1430 |       [01;36m[Kerase[m[K(const_iterator __position)
[11.481s]       |       [01;36m[K^~~~~[m[K
[11.482s] [01m[K/usr/include/c++/11/bits/stl_vector.h:1430:28:[m[K [01;36m[Knote: [m[K  no known conversion for argument 1 from ‘[01m[Kint[m[K’ to ‘[01m[Kstd::vector<char>::const_iterator[m[K’
[11.482s]  1430 |       erase([01;36m[Kconst_iterator __position[m[K)
[11.483s]       |             [01;36m[K~~~~~~~~~~~~~~~^~~~~~~~~~[m[K
[11.483s] [01m[K/usr/include/c++/11/bits/stl_vector.h:1457:7:[m[K [01;36m[Knote: [m[Kcandidate: ‘[01m[Kstd::vector<_Tp, _Alloc>::iterator std::vector<_Tp, _Alloc>::erase(std::vector<_Tp, _Alloc>::const_iterator, std::vector<_Tp, _Alloc>::const_iterator) [with _Tp = char; _Alloc = std::allocator<char>; std::vector<_Tp, _Alloc>::iterator = std::vector<char>::iterator; std::vector<_Tp, _Alloc>::const_iterator = std::vector<char>::const_iterator][m[K’
[11.484s]  1457 |       [01;36m[Kerase[m[K(const_iterator __first, const_iterator __last)
[11.484s]       |       [01;36m[K^~~~~[m[K
[11.485s] [01m[K/usr/include/c++/11/bits/stl_vector.h:1457:7:[m[K [01;36m[Knote: [m[K  candidate expects 2 arguments, 1 provided
[11.485s] [01m[K/home/pi/autocab/raspberryPI3/ros2_ws/src/car_control/src/car_control_node.cpp:196:47:[m[K [01;31m[Kerror: [m[Kno matching function for call to ‘[01m[Kstd::vector<char>::erase(int)[m[K’
[11.486s]   196 |                         [01;31m[KpathToFinalPoint.erase(0)[m[K ;
[11.486s]       |                         [01;31m[K~~~~~~~~~~~~~~~~~~~~~~^~~[m[K
[11.487s] In file included from [01m[K/usr/include/c++/11/vector:67[m[K,
[11.487s]                  from [01m[K/usr/include/c++/11/functional:62[m[K,
[11.488s]                  from [01m[K/usr/include/c++/11/pstl/glue_algorithm_defs.h:13[m[K,
[11.488s]                  from [01m[K/usr/include/c++/11/algorithm:74[m[K,
[11.488s]                  from [01m[K/opt/ros/humble/include/rclcpp/rclcpp/executor.hpp:18[m[K,
[11.489s]                  from [01m[K/opt/ros/humble/include/rclcpp/rclcpp/executors/multi_threaded_executor.hpp:25[m[K,
[11.489s]                  from [01m[K/opt/ros/humble/include/rclcpp/rclcpp/executors.hpp:21[m[K,
[11.490s]                  from [01m[K/opt/ros/humble/include/rclcpp/rclcpp/rclcpp.hpp:155[m[K,
[11.490s]                  from [01m[K/home/pi/autocab/raspberryPI3/ros2_ws/src/car_control/src/car_control_node.cpp:1[m[K:
[11.491s] [01m[K/usr/include/c++/11/bits/stl_vector.h:1430:7:[m[K [01;36m[Knote: [m[Kcandidate: ‘[01m[Kstd::vector<_Tp, _Alloc>::iterator std::vector<_Tp, _Alloc>::erase(std::vector<_Tp, _Alloc>::const_iterator) [with _Tp = char; _Alloc = std::allocator<char>; std::vector<_Tp, _Alloc>::iterator = std::vector<char>::iterator; std::vector<_Tp, _Alloc>::const_iterator = std::vector<char>::const_iterator][m[K’
[11.492s]  1430 |       [01;36m[Kerase[m[K(const_iterator __position)
[11.492s]       |       [01;36m[K^~~~~[m[K
[11.492s] [01m[K/usr/include/c++/11/bits/stl_vector.h:1430:28:[m[K [01;36m[Knote: [m[K  no known conversion for argument 1 from ‘[01m[Kint[m[K’ to ‘[01m[Kstd::vector<char>::const_iterator[m[K’
[11.493s]  1430 |       erase([01;36m[Kconst_iterator __position[m[K)
[11.493s]       |             [01;36m[K~~~~~~~~~~~~~~~^~~~~~~~~~[m[K
[11.494s] [01m[K/usr/include/c++/11/bits/stl_vector.h:1457:7:[m[K [01;36m[Knote: [m[Kcandidate: ‘[01m[Kstd::vector<_Tp, _Alloc>::iterator std::vector<_Tp, _Alloc>::erase(std::vector<_Tp, _Alloc>::const_iterator, std::vector<_Tp, _Alloc>::const_iterator) [with _Tp = char; _Alloc = std::allocator<char>; std::vector<_Tp, _Alloc>::iterator = std::vector<char>::iterator; std::vector<_Tp, _Alloc>::const_iterator = std::vector<char>::const_iterator][m[K’
[11.494s]  1457 |       [01;36m[Kerase[m[K(const_iterator __first, const_iterator __last)
[11.495s]       |       [01;36m[K^~~~~[m[K
[11.495s] [01m[K/usr/include/c++/11/bits/stl_vector.h:1457:7:[m[K [01;36m[Knote: [m[K  candidate expects 2 arguments, 1 provided
[40.122s] gmake[2]: *** [CMakeFiles/car_control_node.dir/build.make:76: CMakeFiles/car_control_node.dir/src/car_control_node.cpp.o] Error 1
[40.125s] gmake[1]: *** [CMakeFiles/Makefile2:137: CMakeFiles/car_control_node.dir/all] Error 2
[40.126s] gmake: *** [Makefile:146: all] Error 2
[40.131s] Invoked command in '/home/pi/autocab/raspberryPI3/ros2_ws/build/car_control' returned '2': AMENT_PREFIX_PATH=/home/pi/autocab/raspberryPI3/ros2_ws/install/interfaces:${AMENT_PREFIX_PATH} CMAKE_PREFIX_PATH=/home/pi/autocab/raspberryPI3/ros2_ws/install/interfaces:/home/pi/ros2_ws/install/geicar_start:/home/pi/ros2_ws/install/system_check:/home/pi/ros2_ws/install/simulation:/home/pi/ros2_ws/install/imu_tools:/home/pi/ros2_ws/install/rviz_imu_plugin:/home/pi/ros2_ws/install/joystick:/home/pi/ros2_ws/install/car_control:/home/pi/ros2_ws/install/can:/home/pi/ros2_ws/install/interfaces:/home/pi/ros2_ws/install/imu_filter_madgwick:/home/pi/ros2_ws/install/imu_complementary_filter:/home/pi/ros2_ws/install/carla_msgs:/opt/ros/humble LD_LIBRARY_PATH=/home/pi/autocab/raspberryPI3/ros2_ws/install/interfaces/lib:${LD_LIBRARY_PATH} PYTHONPATH=/home/pi/autocab/raspberryPI3/ros2_ws/install/interfaces/local/lib/python3.10/dist-packages:${PYTHONPATH} /usr/bin/cmake --build /home/pi/autocab/raspberryPI3/ros2_ws/build/car_control -- -j4 -l4
