[0.337s] Invoking command in '/home/pi/autocab/raspberryPI3/ros2_ws/build/imu_filter_madgwick': CMAKE_PREFIX_PATH=${CMAKE_PREFIX_PATH}:/opt/ros/humble /usr/bin/cmake /home/pi/autocab/raspberryPI3/ros2_ws/src/imu_tools/imu_filter_madgwick -DCMAKE_INSTALL_PREFIX=/home/pi/autocab/raspberryPI3/ros2_ws/install/imu_filter_madgwick
[1.075s] -- The C compiler identification is GNU 11.4.0
[1.820s] -- The CXX compiler identification is GNU 11.4.0
[1.906s] -- Detecting C compiler ABI info
[2.828s] -- Detecting C compiler ABI info - done
[2.901s] -- Check for working C compiler: /usr/bin/cc - skipped
[2.904s] -- Detecting C compile features
[2.910s] -- Detecting C compile features - done
[2.945s] -- Detecting CXX compiler ABI info
[3.969s] -- Detecting CXX compiler ABI info - done
[4.049s] -- Check for working CXX compiler: /usr/bin/c++ - skipped
[4.052s] -- Detecting CXX compile features
[4.056s] -- Detecting CXX compile features - done
[4.158s] -- Found ament_cmake: 1.3.2 (/opt/ros/humble/share/ament_cmake/cmake)
[6.874s] -- Found Python3: /usr/bin/python3.10 (found version "3.10.12") found components: Interpreter 
[9.065s] -- Found rclcpp: 16.0.1 (/opt/ros/humble/share/rclcpp/cmake)
[10.660s] -- Found rosidl_generator_c: 3.1.3 (/opt/ros/humble/share/rosidl_generator_c/cmake)
[10.872s] -- Found rosidl_adapter: 3.1.3 (/opt/ros/humble/share/rosidl_adapter/cmake)
[11.127s] -- Found rosidl_generator_cpp: 3.1.3 (/opt/ros/humble/share/rosidl_generator_cpp/cmake)
[11.448s] -- Using all available rosidl_typesupport_c: rosidl_typesupport_fastrtps_c;rosidl_typesupport_introspection_c
[11.915s] -- Using all available rosidl_typesupport_cpp: rosidl_typesupport_fastrtps_cpp;rosidl_typesupport_introspection_cpp
[13.292s] -- Found rmw_implementation_cmake: 6.1.0 (/opt/ros/humble/share/rmw_implementation_cmake/cmake)
[13.404s] -- Found rmw_fastrtps_cpp: 6.2.1 (/opt/ros/humble/share/rmw_fastrtps_cpp/cmake)
[15.282s] -- Found OpenSSL: /usr/lib/aarch64-linux-gnu/libcrypto.so (found version "3.0.2")  
[15.932s] -- Found FastRTPS: /opt/ros/humble/include  
[17.059s] -- Using RMW implementation 'rmw_fastrtps_cpp' as default
[19.243s] -- Found rclcpp_components: 16.0.1 (/opt/ros/humble/share/rclcpp_components/cmake)
[20.470s] -- Found geometry_msgs: 4.2.2 (/opt/ros/humble/share/geometry_msgs/cmake)
[21.096s] -- Found tf2_geometry_msgs: 0.25.0 (/opt/ros/humble/share/tf2_geometry_msgs/cmake)
[25.520s] -- Found sensor_msgs: 4.2.2 (/opt/ros/humble/share/sensor_msgs/cmake)
[26.645s] -- Found ament_cmake_gtest: 1.3.2 (/opt/ros/humble/share/ament_cmake_gtest/cmake)
[26.763s] -- Found gtest sources under '/opt/ros/humble/src/gtest_vendor': C++ tests using 'Google Test' will be built
[26.791s] -- Looking for pthread.h
[27.792s] -- Looking for pthread.h - found
[27.797s] -- Performing Test CMAKE_HAVE_LIBC_PTHREAD
[28.903s] -- Performing Test CMAKE_HAVE_LIBC_PTHREAD - Success
[28.925s] -- Found Threads: TRUE  
[30.239s] -- Configuring done
[31.030s] -- Generating done
[31.063s] -- Build files have been written to: /home/pi/autocab/raspberryPI3/ros2_ws/build/imu_filter_madgwick
[31.178s] Invoked command in '/home/pi/autocab/raspberryPI3/ros2_ws/build/imu_filter_madgwick' returned '0': CMAKE_PREFIX_PATH=${CMAKE_PREFIX_PATH}:/opt/ros/humble /usr/bin/cmake /home/pi/autocab/raspberryPI3/ros2_ws/src/imu_tools/imu_filter_madgwick -DCMAKE_INSTALL_PREFIX=/home/pi/autocab/raspberryPI3/ros2_ws/install/imu_filter_madgwick
[31.183s] Invoking command in '/home/pi/autocab/raspberryPI3/ros2_ws/build/imu_filter_madgwick': CMAKE_PREFIX_PATH=${CMAKE_PREFIX_PATH}:/opt/ros/humble /usr/bin/cmake --build /home/pi/autocab/raspberryPI3/ros2_ws/build/imu_filter_madgwick -- -j4 -l4
[31.993s] [  7%] [32mBuilding CXX object CMakeFiles/imu_filter_madgwick.dir/src/imu_filter_ros.cpp.o[0m
[32.085s] [ 14%] [32mBuilding CXX object CMakeFiles/imu_filter_madgwick.dir/src/imu_filter.cpp.o[0m
[32.091s] [ 21%] [32mBuilding CXX object gtest/CMakeFiles/gtest.dir/src/gtest-all.cc.o[0m
[32.250s] [ 28%] [32mBuilding CXX object gtest/CMakeFiles/gtest_main.dir/src/gtest_main.cc.o[0m
[52.607s] [ 35%] [32m[1mLinking CXX static library libgtest_main.a[0m
[53.506s] [ 35%] Built target gtest_main
[90.589s] [ 42%] [32m[1mLinking CXX static library libgtest.a[0m
[91.767s] [ 42%] Built target gtest
[249.760s] [ 50%] [32mBuilding CXX object CMakeFiles/imu_filter_madgwick.dir/src/stateless_orientation.cpp.o[0m
[285.854s] [ 57%] [32m[1mLinking CXX shared library libimu_filter_madgwick.so[0m
[296.502s] gmake[2]: *** Deleting file 'libimu_filter_madgwick.so'
[296.504s] gmake[2]: *** [CMakeFiles/imu_filter_madgwick.dir/build.make:248: libimu_filter_madgwick.so] Interrupt
[296.507s] gmake[1]: *** [CMakeFiles/Makefile2:176: CMakeFiles/imu_filter_madgwick.dir/all] Interrupt
[296.517s] gmake: *** [Makefile:146: all] Interrupt
[296.542s] Invoked command in '/home/pi/autocab/raspberryPI3/ros2_ws/build/imu_filter_madgwick' returned '-2': CMAKE_PREFIX_PATH=${CMAKE_PREFIX_PATH}:/opt/ros/humble /usr/bin/cmake --build /home/pi/autocab/raspberryPI3/ros2_ws/build/imu_filter_madgwick -- -j4 -l4
