[0.092s] Invoking command in '/home/pi/autocab/raspberryPI3/ros2_ws/build/joystick': AMENT_PREFIX_PATH=/home/pi/autocab/raspberryPI3/ros2_ws/install/interfaces:${AMENT_PREFIX_PATH} CMAKE_PREFIX_PATH=/home/pi/autocab/raspberryPI3/ros2_ws/install/interfaces:/home/pi/ros2_ws/install/geicar_start:/home/pi/ros2_ws/install/system_check:/home/pi/ros2_ws/install/simulation:/home/pi/ros2_ws/install/imu_tools:/home/pi/ros2_ws/install/rviz_imu_plugin:/home/pi/ros2_ws/install/joystick:/home/pi/ros2_ws/install/car_control:/home/pi/ros2_ws/install/can:/home/pi/ros2_ws/install/interfaces:/home/pi/ros2_ws/install/imu_filter_madgwick:/home/pi/ros2_ws/install/imu_complementary_filter:/home/pi/ros2_ws/install/carla_msgs:/opt/ros/humble LD_LIBRARY_PATH=/home/pi/autocab/raspberryPI3/ros2_ws/install/interfaces/lib:${LD_LIBRARY_PATH} PYTHONPATH=/home/pi/autocab/raspberryPI3/ros2_ws/install/interfaces/local/lib/python3.10/dist-packages:${PYTHONPATH} /usr/bin/cmake /home/pi/autocab/raspberryPI3/ros2_ws/src/joystick -DCMAKE_INSTALL_PREFIX=/home/pi/autocab/raspberryPI3/ros2_ws/install/joystick
[0.449s] -- The C compiler identification is GNU 11.4.0
[0.778s] -- The CXX compiler identification is GNU 11.4.0
[0.820s] -- Detecting C compiler ABI info
[1.267s] -- Detecting C compiler ABI info - done
[1.299s] -- Check for working C compiler: /usr/bin/cc - skipped
[1.301s] -- Detecting C compile features
[1.305s] -- Detecting C compile features - done
[1.323s] -- Detecting CXX compiler ABI info
[1.815s] -- Detecting CXX compiler ABI info - done
[1.849s] -- Check for working CXX compiler: /usr/bin/c++ - skipped
[1.852s] -- Detecting CXX compile features
[1.856s] -- Detecting CXX compile features - done
[1.901s] -- Found ament_cmake: 1.3.2 (/opt/ros/humble/share/ament_cmake/cmake)
[3.302s] -- Found Python3: /usr/bin/python3.10 (found version "3.10.12") found components: Interpreter 
[4.329s] -- Found rclcpp: 16.0.1 (/opt/ros/humble/share/rclcpp/cmake)
[5.031s] -- Found rosidl_generator_c: 3.1.3 (/opt/ros/humble/share/rosidl_generator_c/cmake)
[5.120s] -- Found rosidl_adapter: 3.1.3 (/opt/ros/humble/share/rosidl_adapter/cmake)
[5.232s] -- Found rosidl_generator_cpp: 3.1.3 (/opt/ros/humble/share/rosidl_generator_cpp/cmake)
[5.378s] -- Using all available rosidl_typesupport_c: rosidl_typesupport_fastrtps_c;rosidl_typesupport_introspection_c
[5.588s] -- Using all available rosidl_typesupport_cpp: rosidl_typesupport_fastrtps_cpp;rosidl_typesupport_introspection_cpp
[6.194s] -- Found rmw_implementation_cmake: 6.1.0 (/opt/ros/humble/share/rmw_implementation_cmake/cmake)
[6.242s] -- Found rmw_fastrtps_cpp: 6.2.1 (/opt/ros/humble/share/rmw_fastrtps_cpp/cmake)
[7.072s] -- Found OpenSSL: /usr/lib/aarch64-linux-gnu/libcrypto.so (found version "3.0.2")  
[7.328s] -- Found FastRTPS: /opt/ros/humble/include  
[7.774s] -- Using RMW implementation 'rmw_fastrtps_cpp' as default
[8.737s] -- Found rclpy: 3.3.4 (/opt/ros/humble/share/rclpy/cmake)
[8.742s] -- Found interfaces: 0.0.0 (/home/pi/autocab/raspberryPI3/ros2_ws/install/interfaces/share/interfaces/cmake)
[8.876s] -- Found sensor_msgs: 4.2.2 (/opt/ros/humble/share/sensor_msgs/cmake)
[10.160s] -- Found ament_lint_auto: 0.12.4 (/opt/ros/humble/share/ament_lint_auto/cmake)
[11.036s] -- Added test 'copyright' to check source files copyright and LICENSE
[11.058s] -- Added test 'cppcheck' to perform static code analysis on C / C++ code
[11.061s] -- Configured cppcheck include dirs: /home/pi/autocab/raspberryPI3/ros2_ws/src/joystick/include
[11.062s] -- Configured cppcheck exclude dirs and/or files: 
[11.079s] -- Added test 'cpplint' to check C / C++ code against the Google style
[11.081s] -- Configured cpplint exclude dirs and/or files: 
[11.088s] -- Added test 'flake8' to check Python code syntax and style conventions
[11.097s] -- Added test 'lint_cmake' to check CMake code style
[11.104s] -- Added test 'pep257' to check Python code against some of the docstring style conventions in PEP 257
[11.121s] -- Added test 'uncrustify' to check C / C++ code style
[11.122s] -- Configured uncrustify additional arguments: 
[11.129s] -- Added test 'xmllint' to check XML markup files
[11.146s] -- Configuring done
[11.240s] -- Generating done
[11.253s] -- Build files have been written to: /home/pi/autocab/raspberryPI3/ros2_ws/build/joystick
[11.313s] Invoked command in '/home/pi/autocab/raspberryPI3/ros2_ws/build/joystick' returned '0': AMENT_PREFIX_PATH=/home/pi/autocab/raspberryPI3/ros2_ws/install/interfaces:${AMENT_PREFIX_PATH} CMAKE_PREFIX_PATH=/home/pi/autocab/raspberryPI3/ros2_ws/install/interfaces:/home/pi/ros2_ws/install/geicar_start:/home/pi/ros2_ws/install/system_check:/home/pi/ros2_ws/install/simulation:/home/pi/ros2_ws/install/imu_tools:/home/pi/ros2_ws/install/rviz_imu_plugin:/home/pi/ros2_ws/install/joystick:/home/pi/ros2_ws/install/car_control:/home/pi/ros2_ws/install/can:/home/pi/ros2_ws/install/interfaces:/home/pi/ros2_ws/install/imu_filter_madgwick:/home/pi/ros2_ws/install/imu_complementary_filter:/home/pi/ros2_ws/install/carla_msgs:/opt/ros/humble LD_LIBRARY_PATH=/home/pi/autocab/raspberryPI3/ros2_ws/install/interfaces/lib:${LD_LIBRARY_PATH} PYTHONPATH=/home/pi/autocab/raspberryPI3/ros2_ws/install/interfaces/local/lib/python3.10/dist-packages:${PYTHONPATH} /usr/bin/cmake /home/pi/autocab/raspberryPI3/ros2_ws/src/joystick -DCMAKE_INSTALL_PREFIX=/home/pi/autocab/raspberryPI3/ros2_ws/install/joystick
[11.315s] Invoking command in '/home/pi/autocab/raspberryPI3/ros2_ws/build/joystick': AMENT_PREFIX_PATH=/home/pi/autocab/raspberryPI3/ros2_ws/install/interfaces:${AMENT_PREFIX_PATH} CMAKE_PREFIX_PATH=/home/pi/autocab/raspberryPI3/ros2_ws/install/interfaces:/home/pi/ros2_ws/install/geicar_start:/home/pi/ros2_ws/install/system_check:/home/pi/ros2_ws/install/simulation:/home/pi/ros2_ws/install/imu_tools:/home/pi/ros2_ws/install/rviz_imu_plugin:/home/pi/ros2_ws/install/joystick:/home/pi/ros2_ws/install/car_control:/home/pi/ros2_ws/install/can:/home/pi/ros2_ws/install/interfaces:/home/pi/ros2_ws/install/imu_filter_madgwick:/home/pi/ros2_ws/install/imu_complementary_filter:/home/pi/ros2_ws/install/carla_msgs:/opt/ros/humble LD_LIBRARY_PATH=/home/pi/autocab/raspberryPI3/ros2_ws/install/interfaces/lib:${LD_LIBRARY_PATH} PYTHONPATH=/home/pi/autocab/raspberryPI3/ros2_ws/install/interfaces/local/lib/python3.10/dist-packages:${PYTHONPATH} /usr/bin/cmake --build /home/pi/autocab/raspberryPI3/ros2_ws/build/joystick -- -j4 -l4
[11.618s] [ 50%] [32mBuilding CXX object CMakeFiles/joystick_to_cmd.dir/src/joystick_to_cmd_node.cpp.o[0m
[70.219s] [100%] [32m[1mLinking CXX executable joystick_to_cmd[0m
[72.959s] [100%] Built target joystick_to_cmd
[73.143s] [100%] Built target ament_cmake_python_copy_joystick
[75.333s] running egg_info
[75.338s] creating joystick.egg-info
[75.339s] writing joystick.egg-info/PKG-INFO
[75.341s] writing dependency_links to joystick.egg-info/dependency_links.txt
[75.343s] writing top-level names to joystick.egg-info/top_level.txt
[75.344s] writing manifest file 'joystick.egg-info/SOURCES.txt'
[75.359s] reading manifest file 'joystick.egg-info/SOURCES.txt'
[75.364s] writing manifest file 'joystick.egg-info/SOURCES.txt'
[75.563s] [100%] Built target ament_cmake_python_build_joystick_egg
[75.628s] Invoked command in '/home/pi/autocab/raspberryPI3/ros2_ws/build/joystick' returned '0': AMENT_PREFIX_PATH=/home/pi/autocab/raspberryPI3/ros2_ws/install/interfaces:${AMENT_PREFIX_PATH} CMAKE_PREFIX_PATH=/home/pi/autocab/raspberryPI3/ros2_ws/install/interfaces:/home/pi/ros2_ws/install/geicar_start:/home/pi/ros2_ws/install/system_check:/home/pi/ros2_ws/install/simulation:/home/pi/ros2_ws/install/imu_tools:/home/pi/ros2_ws/install/rviz_imu_plugin:/home/pi/ros2_ws/install/joystick:/home/pi/ros2_ws/install/car_control:/home/pi/ros2_ws/install/can:/home/pi/ros2_ws/install/interfaces:/home/pi/ros2_ws/install/imu_filter_madgwick:/home/pi/ros2_ws/install/imu_complementary_filter:/home/pi/ros2_ws/install/carla_msgs:/opt/ros/humble LD_LIBRARY_PATH=/home/pi/autocab/raspberryPI3/ros2_ws/install/interfaces/lib:${LD_LIBRARY_PATH} PYTHONPATH=/home/pi/autocab/raspberryPI3/ros2_ws/install/interfaces/local/lib/python3.10/dist-packages:${PYTHONPATH} /usr/bin/cmake --build /home/pi/autocab/raspberryPI3/ros2_ws/build/joystick -- -j4 -l4
[75.829s] Invoking command in '/home/pi/autocab/raspberryPI3/ros2_ws/build/joystick': AMENT_PREFIX_PATH=/home/pi/autocab/raspberryPI3/ros2_ws/install/interfaces:${AMENT_PREFIX_PATH} CMAKE_PREFIX_PATH=/home/pi/autocab/raspberryPI3/ros2_ws/install/interfaces:/home/pi/ros2_ws/install/geicar_start:/home/pi/ros2_ws/install/system_check:/home/pi/ros2_ws/install/simulation:/home/pi/ros2_ws/install/imu_tools:/home/pi/ros2_ws/install/rviz_imu_plugin:/home/pi/ros2_ws/install/joystick:/home/pi/ros2_ws/install/car_control:/home/pi/ros2_ws/install/can:/home/pi/ros2_ws/install/interfaces:/home/pi/ros2_ws/install/imu_filter_madgwick:/home/pi/ros2_ws/install/imu_complementary_filter:/home/pi/ros2_ws/install/carla_msgs:/opt/ros/humble LD_LIBRARY_PATH=/home/pi/autocab/raspberryPI3/ros2_ws/install/interfaces/lib:${LD_LIBRARY_PATH} PYTHONPATH=/home/pi/autocab/raspberryPI3/ros2_ws/install/interfaces/local/lib/python3.10/dist-packages:${PYTHONPATH} /usr/bin/cmake --install /home/pi/autocab/raspberryPI3/ros2_ws/build/joystick
[75.884s] -- Install configuration: ""
[75.887s] -- Installing: /home/pi/autocab/raspberryPI3/ros2_ws/install/joystick/lib/joystick/joystick_to_cmd
[75.922s] -- Set runtime path of "/home/pi/autocab/raspberryPI3/ros2_ws/install/joystick/lib/joystick/joystick_to_cmd" to ""
[75.925s] -- Installing: /home/pi/autocab/raspberryPI3/ros2_ws/install/joystick/share/joystick/environment/pythonpath.sh
[75.928s] -- Installing: /home/pi/autocab/raspberryPI3/ros2_ws/install/joystick/share/joystick/environment/pythonpath.dsv
[75.931s] -- Installing: /home/pi/autocab/raspberryPI3/ros2_ws/install/joystick/local/lib/python3.10/dist-packages/joystick-0.0.0-py3.10.egg-info
[75.934s] -- Installing: /home/pi/autocab/raspberryPI3/ros2_ws/install/joystick/local/lib/python3.10/dist-packages/joystick-0.0.0-py3.10.egg-info/dependency_links.txt
[75.938s] -- Installing: /home/pi/autocab/raspberryPI3/ros2_ws/install/joystick/local/lib/python3.10/dist-packages/joystick-0.0.0-py3.10.egg-info/PKG-INFO
[75.941s] -- Installing: /home/pi/autocab/raspberryPI3/ros2_ws/install/joystick/local/lib/python3.10/dist-packages/joystick-0.0.0-py3.10.egg-info/top_level.txt
[75.944s] -- Installing: /home/pi/autocab/raspberryPI3/ros2_ws/install/joystick/local/lib/python3.10/dist-packages/joystick-0.0.0-py3.10.egg-info/SOURCES.txt
[75.947s] -- Installing: /home/pi/autocab/raspberryPI3/ros2_ws/install/joystick/local/lib/python3.10/dist-packages/joystick
[75.950s] -- Installing: /home/pi/autocab/raspberryPI3/ros2_ws/install/joystick/local/lib/python3.10/dist-packages/joystick/LICENSE
[75.953s] -- Installing: /home/pi/autocab/raspberryPI3/ros2_ws/install/joystick/local/lib/python3.10/dist-packages/joystick/resource
[75.955s] -- Installing: /home/pi/autocab/raspberryPI3/ros2_ws/install/joystick/local/lib/python3.10/dist-packages/joystick/resource/joystick_ros2
[75.958s] -- Installing: /home/pi/autocab/raspberryPI3/ros2_ws/install/joystick/local/lib/python3.10/dist-packages/joystick/joystick_ros2.py
[75.962s] -- Installing: /home/pi/autocab/raspberryPI3/ros2_ws/install/joystick/local/lib/python3.10/dist-packages/joystick/CONTRIBUTING.md
[75.965s] -- Installing: /home/pi/autocab/raspberryPI3/ros2_ws/install/joystick/local/lib/python3.10/dist-packages/joystick/input_example.py
[75.968s] -- Installing: /home/pi/autocab/raspberryPI3/ros2_ws/install/joystick/local/lib/python3.10/dist-packages/joystick/__init__.py
[75.971s] -- Installing: /home/pi/autocab/raspberryPI3/ros2_ws/install/joystick/local/lib/python3.10/dist-packages/joystick/inputs.py
[75.975s] -- Installing: /home/pi/autocab/raspberryPI3/ros2_ws/install/joystick/local/lib/python3.10/dist-packages/joystick/README.md
[75.978s] -- Installing: /home/pi/autocab/raspberryPI3/ros2_ws/install/joystick/local/lib/python3.10/dist-packages/joystick/package.xml
[75.981s] -- Installing: /home/pi/autocab/raspberryPI3/ros2_ws/install/joystick/local/lib/python3.10/dist-packages/joystick/images
[75.983s] -- Installing: /home/pi/autocab/raspberryPI3/ros2_ws/install/joystick/local/lib/python3.10/dist-packages/joystick/images/mac_settings.png
[76.314s] Listing '/home/pi/autocab/raspberryPI3/ros2_ws/install/joystick/local/lib/python3.10/dist-packages/joystick'...
[76.315s] Compiling '/home/pi/autocab/raspberryPI3/ros2_ws/install/joystick/local/lib/python3.10/dist-packages/joystick/__init__.py'...
[76.316s] Listing '/home/pi/autocab/raspberryPI3/ros2_ws/install/joystick/local/lib/python3.10/dist-packages/joystick/images'...
[76.317s] Compiling '/home/pi/autocab/raspberryPI3/ros2_ws/install/joystick/local/lib/python3.10/dist-packages/joystick/input_example.py'...
[76.318s] Compiling '/home/pi/autocab/raspberryPI3/ros2_ws/install/joystick/local/lib/python3.10/dist-packages/joystick/inputs.py'...
[76.318s] Compiling '/home/pi/autocab/raspberryPI3/ros2_ws/install/joystick/local/lib/python3.10/dist-packages/joystick/joystick_ros2.py'...
[76.319s] Listing '/home/pi/autocab/raspberryPI3/ros2_ws/install/joystick/local/lib/python3.10/dist-packages/joystick/resource'...
[76.367s] -- Installing: /home/pi/autocab/raspberryPI3/ros2_ws/install/joystick/lib/joystick/joystick_ros2.py
[76.369s] -- Installing: /home/pi/autocab/raspberryPI3/ros2_ws/install/joystick/lib/joystick/inputs.py
[76.370s] -- Installing: /home/pi/autocab/raspberryPI3/ros2_ws/install/joystick/share/ament_index/resource_index/package_run_dependencies/joystick
[76.371s] -- Installing: /home/pi/autocab/raspberryPI3/ros2_ws/install/joystick/share/ament_index/resource_index/parent_prefix_path/joystick
[76.374s] -- Installing: /home/pi/autocab/raspberryPI3/ros2_ws/install/joystick/share/joystick/environment/ament_prefix_path.sh
[76.377s] -- Installing: /home/pi/autocab/raspberryPI3/ros2_ws/install/joystick/share/joystick/environment/ament_prefix_path.dsv
[76.380s] -- Installing: /home/pi/autocab/raspberryPI3/ros2_ws/install/joystick/share/joystick/environment/path.sh
[76.383s] -- Installing: /home/pi/autocab/raspberryPI3/ros2_ws/install/joystick/share/joystick/environment/path.dsv
[76.386s] -- Installing: /home/pi/autocab/raspberryPI3/ros2_ws/install/joystick/share/joystick/local_setup.bash
[76.389s] -- Installing: /home/pi/autocab/raspberryPI3/ros2_ws/install/joystick/share/joystick/local_setup.sh
[76.392s] -- Installing: /home/pi/autocab/raspberryPI3/ros2_ws/install/joystick/share/joystick/local_setup.zsh
[76.395s] -- Installing: /home/pi/autocab/raspberryPI3/ros2_ws/install/joystick/share/joystick/local_setup.dsv
[76.398s] -- Installing: /home/pi/autocab/raspberryPI3/ros2_ws/install/joystick/share/joystick/package.dsv
[76.401s] -- Installing: /home/pi/autocab/raspberryPI3/ros2_ws/install/joystick/share/ament_index/resource_index/packages/joystick
[76.404s] -- Installing: /home/pi/autocab/raspberryPI3/ros2_ws/install/joystick/share/joystick/cmake/joystickConfig.cmake
[76.407s] -- Installing: /home/pi/autocab/raspberryPI3/ros2_ws/install/joystick/share/joystick/cmake/joystickConfig-version.cmake
[76.410s] -- Installing: /home/pi/autocab/raspberryPI3/ros2_ws/install/joystick/share/joystick/package.xml
[76.429s] Invoked command in '/home/pi/autocab/raspberryPI3/ros2_ws/build/joystick' returned '0': AMENT_PREFIX_PATH=/home/pi/autocab/raspberryPI3/ros2_ws/install/interfaces:${AMENT_PREFIX_PATH} CMAKE_PREFIX_PATH=/home/pi/autocab/raspberryPI3/ros2_ws/install/interfaces:/home/pi/ros2_ws/install/geicar_start:/home/pi/ros2_ws/install/system_check:/home/pi/ros2_ws/install/simulation:/home/pi/ros2_ws/install/imu_tools:/home/pi/ros2_ws/install/rviz_imu_plugin:/home/pi/ros2_ws/install/joystick:/home/pi/ros2_ws/install/car_control:/home/pi/ros2_ws/install/can:/home/pi/ros2_ws/install/interfaces:/home/pi/ros2_ws/install/imu_filter_madgwick:/home/pi/ros2_ws/install/imu_complementary_filter:/home/pi/ros2_ws/install/carla_msgs:/opt/ros/humble LD_LIBRARY_PATH=/home/pi/autocab/raspberryPI3/ros2_ws/install/interfaces/lib:${LD_LIBRARY_PATH} PYTHONPATH=/home/pi/autocab/raspberryPI3/ros2_ws/install/interfaces/local/lib/python3.10/dist-packages:${PYTHONPATH} /usr/bin/cmake --install /home/pi/autocab/raspberryPI3/ros2_ws/build/joystick
