[0.362s] Invoking command in '/home/pi/autocab/raspberryPI3/ros2_ws/build/imu_filter_madgwick': CMAKE_PREFIX_PATH=${CMAKE_PREFIX_PATH}:/opt/ros/humble /usr/bin/cmake --build /home/pi/autocab/raspberryPI3/ros2_ws/build/imu_filter_madgwick -- -j4 -l4
[0.867s] -- Found ament_cmake: 1.3.2 (/opt/ros/humble/share/ament_cmake/cmake)
[3.031s] -- Found rclcpp: 16.0.1 (/opt/ros/humble/share/rclcpp/cmake)
[3.566s] -- Found rosidl_generator_c: 3.1.3 (/opt/ros/humble/share/rosidl_generator_c/cmake)
[3.602s] -- Found rosidl_adapter: 3.1.3 (/opt/ros/humble/share/rosidl_adapter/cmake)
[3.681s] -- Found rosidl_generator_cpp: 3.1.3 (/opt/ros/humble/share/rosidl_generator_cpp/cmake)
[3.835s] -- Using all available rosidl_typesupport_c: rosidl_typesupport_fastrtps_c;rosidl_typesupport_introspection_c
[4.052s] -- Using all available rosidl_typesupport_cpp: rosidl_typesupport_fastrtps_cpp;rosidl_typesupport_introspection_cpp
[4.806s] -- Found rmw_implementation_cmake: 6.1.0 (/opt/ros/humble/share/rmw_implementation_cmake/cmake)
[4.834s] -- Found rmw_fastrtps_cpp: 6.2.1 (/opt/ros/humble/share/rmw_fastrtps_cpp/cmake)
[7.504s] -- Using RMW implementation 'rmw_fastrtps_cpp' as default
[9.272s] -- Found rclcpp_components: 16.0.1 (/opt/ros/humble/share/rclcpp_components/cmake)
[10.039s] -- Found geometry_msgs: 4.2.2 (/opt/ros/humble/share/geometry_msgs/cmake)
[10.594s] -- Found tf2_geometry_msgs: 0.25.0 (/opt/ros/humble/share/tf2_geometry_msgs/cmake)
[14.086s] -- Found sensor_msgs: 4.2.2 (/opt/ros/humble/share/sensor_msgs/cmake)
[15.142s] -- Found ament_cmake_gtest: 1.3.2 (/opt/ros/humble/share/ament_cmake_gtest/cmake)
[15.161s] -- Found gtest sources under '/opt/ros/humble/src/gtest_vendor': C++ tests using 'Google Test' will be built
[16.183s] -- Configuring done
[16.706s] -- Generating done
[16.750s] -- Build files have been written to: /home/pi/autocab/raspberryPI3/ros2_ws/build/imu_filter_madgwick
[17.191s] [35m[1mConsolidate compiler generated dependencies of target imu_filter_madgwick[0m
[17.192s] [35m[1mConsolidate compiler generated dependencies of target gtest_main[0m
[17.203s] [35m[1mConsolidate compiler generated dependencies of target gtest[0m
[17.542s] [  7%] [32mBuilding CXX object gtest/CMakeFiles/gtest_main.dir/src/gtest_main.cc.o[0m
[17.549s] [ 14%] [32mBuilding CXX object gtest/CMakeFiles/gtest.dir/src/gtest-all.cc.o[0m
[17.722s] [ 21%] [32mBuilding CXX object CMakeFiles/imu_filter_madgwick.dir/src/imu_filter.cpp.o[0m
[17.764s] [ 28%] [32mBuilding CXX object CMakeFiles/imu_filter_madgwick.dir/src/imu_filter_ros.cpp.o[0m
[40.452s] [ 35%] [32m[1mLinking CXX static library libgtest_main.a[0m
[41.747s] [ 35%] Built target gtest_main
[84.625s] [ 42%] [32m[1mLinking CXX static library libgtest.a[0m
[85.711s] [ 42%] Built target gtest
[249.436s] [ 50%] [32mBuilding CXX object CMakeFiles/imu_filter_madgwick.dir/src/stateless_orientation.cpp.o[0m
[288.860s] [ 57%] [32m[1mLinking CXX shared library libimu_filter_madgwick.so[0m
[300.629s] [ 57%] Built target imu_filter_madgwick
[300.804s] [35m[1mConsolidate compiler generated dependencies of target imu_filter_madgwick_node[0m
[301.114s] [ 64%] [32mBuilding CXX object CMakeFiles/imu_filter_madgwick_node.dir/src/imu_filter_node.cpp.o[0m
[340.046s] [ 71%] [32m[1mLinking CXX executable imu_filter_madgwick_node[0m
[345.605s] [ 71%] Built target imu_filter_madgwick_node
[345.668s] [35m[1mConsolidate compiler generated dependencies of target stateless_orientation_test[0m
[345.874s] [ 78%] [32mBuilding CXX object test/CMakeFiles/stateless_orientation_test.dir/stateless_orientation_test.cpp.o[0m
[368.248s] [ 85%] [32m[1mLinking CXX executable stateless_orientation_test[0m
[375.141s] [ 85%] Built target stateless_orientation_test
[375.292s] [35m[1mConsolidate compiler generated dependencies of target madgwick_test[0m
[375.518s] [ 92%] [32mBuilding CXX object test/CMakeFiles/madgwick_test.dir/madgwick_test.cpp.o[0m
[397.065s] [100%] [32m[1mLinking CXX executable madgwick_test[0m
[403.452s] [100%] Built target madgwick_test
[403.585s] Invoked command in '/home/pi/autocab/raspberryPI3/ros2_ws/build/imu_filter_madgwick' returned '0': CMAKE_PREFIX_PATH=${CMAKE_PREFIX_PATH}:/opt/ros/humble /usr/bin/cmake --build /home/pi/autocab/raspberryPI3/ros2_ws/build/imu_filter_madgwick -- -j4 -l4
[404.206s] Invoking command in '/home/pi/autocab/raspberryPI3/ros2_ws/build/imu_filter_madgwick': CMAKE_PREFIX_PATH=${CMAKE_PREFIX_PATH}:/opt/ros/humble /usr/bin/cmake --install /home/pi/autocab/raspberryPI3/ros2_ws/build/imu_filter_madgwick
[404.325s] -- Install configuration: ""
[404.339s] -- Installing: /home/pi/autocab/raspberryPI3/ros2_ws/install/imu_filter_madgwick/lib/libimu_filter_madgwick.so
[404.680s] -- Set runtime path of "/home/pi/autocab/raspberryPI3/ros2_ws/install/imu_filter_madgwick/lib/libimu_filter_madgwick.so" to ""
[404.684s] -- Up-to-date: /home/pi/autocab/raspberryPI3/ros2_ws/install/imu_filter_madgwick/include
[404.687s] -- Up-to-date: /home/pi/autocab/raspberryPI3/ros2_ws/install/imu_filter_madgwick/include/imu_filter_madgwick
[404.691s] -- Installing: /home/pi/autocab/raspberryPI3/ros2_ws/install/imu_filter_madgwick/include/imu_filter_madgwick/imu_filter.h
[404.697s] -- Installing: /home/pi/autocab/raspberryPI3/ros2_ws/install/imu_filter_madgwick/include/imu_filter_madgwick/stateless_orientation.h
[404.704s] -- Installing: /home/pi/autocab/raspberryPI3/ros2_ws/install/imu_filter_madgwick/include/imu_filter_madgwick/base_node.hpp
[404.709s] -- Installing: /home/pi/autocab/raspberryPI3/ros2_ws/install/imu_filter_madgwick/include/imu_filter_madgwick/imu_filter_ros.h
[404.716s] -- Installing: /home/pi/autocab/raspberryPI3/ros2_ws/install/imu_filter_madgwick/include/imu_filter_madgwick/visibility_control.h
[404.722s] -- Installing: /home/pi/autocab/raspberryPI3/ros2_ws/install/imu_filter_madgwick/include/imu_filter_madgwick/world_frame.h
[404.731s] -- Installing: /home/pi/autocab/raspberryPI3/ros2_ws/install/imu_filter_madgwick/lib/imu_filter_madgwick/imu_filter_madgwick_node
[404.745s] -- Set runtime path of "/home/pi/autocab/raspberryPI3/ros2_ws/install/imu_filter_madgwick/lib/imu_filter_madgwick/imu_filter_madgwick_node" to ""
[404.749s] -- Up-to-date: /home/pi/autocab/raspberryPI3/ros2_ws/install/imu_filter_madgwick/share/imu_filter_madgwick/launch
[404.753s] -- Installing: /home/pi/autocab/raspberryPI3/ros2_ws/install/imu_filter_madgwick/share/imu_filter_madgwick/launch/imu_filter_component.launch.py
[404.760s] -- Installing: /home/pi/autocab/raspberryPI3/ros2_ws/install/imu_filter_madgwick/share/imu_filter_madgwick/launch/imu_filter.launch.py
[404.767s] -- Up-to-date: /home/pi/autocab/raspberryPI3/ros2_ws/install/imu_filter_madgwick/share/imu_filter_madgwick/config
[404.770s] -- Installing: /home/pi/autocab/raspberryPI3/ros2_ws/install/imu_filter_madgwick/share/imu_filter_madgwick/config/imu_filter.yaml
[404.778s] -- Installing: /home/pi/autocab/raspberryPI3/ros2_ws/install/imu_filter_madgwick/share/imu_filter_madgwick/environment/library_path.sh
[404.785s] -- Installing: /home/pi/autocab/raspberryPI3/ros2_ws/install/imu_filter_madgwick/share/imu_filter_madgwick/environment/library_path.dsv
[404.792s] -- Installing: /home/pi/autocab/raspberryPI3/ros2_ws/install/imu_filter_madgwick/share/ament_index/resource_index/package_run_dependencies/imu_filter_madgwick
[404.799s] -- Installing: /home/pi/autocab/raspberryPI3/ros2_ws/install/imu_filter_madgwick/share/ament_index/resource_index/parent_prefix_path/imu_filter_madgwick
[404.806s] -- Installing: /home/pi/autocab/raspberryPI3/ros2_ws/install/imu_filter_madgwick/share/imu_filter_madgwick/environment/ament_prefix_path.sh
[404.812s] -- Installing: /home/pi/autocab/raspberryPI3/ros2_ws/install/imu_filter_madgwick/share/imu_filter_madgwick/environment/ament_prefix_path.dsv
[404.819s] -- Installing: /home/pi/autocab/raspberryPI3/ros2_ws/install/imu_filter_madgwick/share/imu_filter_madgwick/environment/path.sh
[404.825s] -- Installing: /home/pi/autocab/raspberryPI3/ros2_ws/install/imu_filter_madgwick/share/imu_filter_madgwick/environment/path.dsv
[404.831s] -- Installing: /home/pi/autocab/raspberryPI3/ros2_ws/install/imu_filter_madgwick/share/imu_filter_madgwick/local_setup.bash
[404.839s] -- Installing: /home/pi/autocab/raspberryPI3/ros2_ws/install/imu_filter_madgwick/share/imu_filter_madgwick/local_setup.sh
[404.845s] -- Installing: /home/pi/autocab/raspberryPI3/ros2_ws/install/imu_filter_madgwick/share/imu_filter_madgwick/local_setup.zsh
[404.851s] -- Installing: /home/pi/autocab/raspberryPI3/ros2_ws/install/imu_filter_madgwick/share/imu_filter_madgwick/local_setup.dsv
[404.857s] -- Installing: /home/pi/autocab/raspberryPI3/ros2_ws/install/imu_filter_madgwick/share/imu_filter_madgwick/package.dsv
[404.864s] -- Installing: /home/pi/autocab/raspberryPI3/ros2_ws/install/imu_filter_madgwick/share/ament_index/resource_index/packages/imu_filter_madgwick
[404.870s] -- Installing: /home/pi/autocab/raspberryPI3/ros2_ws/install/imu_filter_madgwick/share/ament_index/resource_index/rclcpp_components/imu_filter_madgwick
[404.877s] -- Installing: /home/pi/autocab/raspberryPI3/ros2_ws/install/imu_filter_madgwick/share/imu_filter_madgwick/cmake/ament_cmake_export_include_directories-extras.cmake
[404.883s] -- Installing: /home/pi/autocab/raspberryPI3/ros2_ws/install/imu_filter_madgwick/share/imu_filter_madgwick/cmake/ament_cmake_export_libraries-extras.cmake
[404.890s] -- Installing: /home/pi/autocab/raspberryPI3/ros2_ws/install/imu_filter_madgwick/share/imu_filter_madgwick/cmake/imu_filter_madgwickConfig.cmake
[404.896s] -- Installing: /home/pi/autocab/raspberryPI3/ros2_ws/install/imu_filter_madgwick/share/imu_filter_madgwick/cmake/imu_filter_madgwickConfig-version.cmake
[404.902s] -- Installing: /home/pi/autocab/raspberryPI3/ros2_ws/install/imu_filter_madgwick/share/imu_filter_madgwick/package.xml
[404.939s] Invoked command in '/home/pi/autocab/raspberryPI3/ros2_ws/build/imu_filter_madgwick' returned '0': CMAKE_PREFIX_PATH=${CMAKE_PREFIX_PATH}:/opt/ros/humble /usr/bin/cmake --install /home/pi/autocab/raspberryPI3/ros2_ws/build/imu_filter_madgwick
