[0.049s] Invoking command in '/home/achraf/autocab/raspberryPI3/ros2_ws/build/simulation': AMENT_PREFIX_PATH=/home/achraf/autocab/raspberryPI3/ros2_ws/install/interfaces:/home/achraf/autocab/raspberryPI3/ros2_ws/install/carla_msgs:${AMENT_PREFIX_PATH} CMAKE_PREFIX_PATH=/home/achraf/autocab/raspberryPI3/ros2_ws/install/interfaces:/home/achraf/autocab/raspberryPI3/ros2_ws/install/carla_msgs:/opt/ros/humble LD_LIBRARY_PATH=/home/achraf/autocab/raspberryPI3/ros2_ws/install/interfaces/lib:/home/achraf/autocab/raspberryPI3/ros2_ws/install/carla_msgs/lib:${LD_LIBRARY_PATH} PYTHONPATH=/home/achraf/autocab/raspberryPI3/ros2_ws/install/interfaces/local/lib/python3.10/dist-packages:/home/achraf/autocab/raspberryPI3/ros2_ws/install/carla_msgs/local/lib/python3.10/dist-packages:${PYTHONPATH} /usr/bin/cmake /home/achraf/autocab/raspberryPI3/ros2_ws/src/simulation -DCMAKE_INSTALL_PREFIX=/home/achraf/autocab/raspberryPI3/ros2_ws/install/simulation
[0.095s] -- The C compiler identification is GNU 11.4.0
[0.144s] -- The CXX compiler identification is GNU 11.4.0
[0.150s] -- Detecting C compiler ABI info
[0.209s] -- Detecting C compiler ABI info - done
[0.216s] -- Check for working C compiler: /usr/bin/cc - skipped
[0.216s] -- Detecting C compile features
[0.216s] -- Detecting C compile features - done
[0.219s] -- Detecting CXX compiler ABI info
[0.288s] -- Detecting CXX compiler ABI info - done
[0.295s] -- Check for working CXX compiler: /usr/bin/c++ - skipped
[0.295s] -- Detecting CXX compile features
[0.295s] -- Detecting CXX compile features - done
[0.297s] -- Found ament_cmake: 1.3.6 (/opt/ros/humble/share/ament_cmake/cmake)
[0.446s] -- Found Python3: /usr/bin/python3.10 (found version "3.10.12") found components: Interpreter 
[0.519s] -- Found rclcpp: 16.0.7 (/opt/ros/humble/share/rclcpp/cmake)
[0.556s] -- Found rosidl_generator_c: 3.1.5 (/opt/ros/humble/share/rosidl_generator_c/cmake)
[0.560s] -- Found rosidl_adapter: 3.1.5 (/opt/ros/humble/share/rosidl_adapter/cmake)
[0.567s] -- Found rosidl_generator_cpp: 3.1.5 (/opt/ros/humble/share/rosidl_generator_cpp/cmake)
[0.580s] -- Using all available rosidl_typesupport_c: rosidl_typesupport_fastrtps_c;rosidl_typesupport_introspection_c
[0.597s] -- Using all available rosidl_typesupport_cpp: rosidl_typesupport_fastrtps_cpp;rosidl_typesupport_introspection_cpp
[0.662s] -- Found rmw_implementation_cmake: 6.1.1 (/opt/ros/humble/share/rmw_implementation_cmake/cmake)
[0.664s] -- Found rmw_fastrtps_cpp: 6.2.5 (/opt/ros/humble/share/rmw_fastrtps_cpp/cmake)
[0.749s] -- Found OpenSSL: /usr/lib/x86_64-linux-gnu/libcrypto.so (found version "3.0.2")  
[0.771s] -- Found FastRTPS: /opt/ros/humble/include  
[0.812s] -- Using RMW implementation 'rmw_fastrtps_cpp' as default
[0.820s] -- Looking for pthread.h
[0.884s] -- Looking for pthread.h - found
[0.884s] -- Performing Test CMAKE_HAVE_LIBC_PTHREAD
[0.947s] -- Performing Test CMAKE_HAVE_LIBC_PTHREAD - Success
[0.948s] -- Found Threads: TRUE  
[1.106s] -- Found interfaces: 0.0.0 (/home/achraf/autocab/raspberryPI3/ros2_ws/install/interfaces/share/interfaces/cmake)
[1.122s] -- Found carla_msgs: 0.0.0 (/home/achraf/autocab/raspberryPI3/ros2_ws/install/carla_msgs/share/carla_msgs/cmake)
[1.180s] -- Found ament_lint_auto: 0.12.9 (/opt/ros/humble/share/ament_lint_auto/cmake)
[1.247s] -- Added test 'cppcheck' to perform static code analysis on C / C++ code
[1.247s] -- Configured cppcheck include dirs: $<BUILD_INTERFACE:/home/achraf/autocab/raspberryPI3/ros2_ws/src/simulation/include>
[1.247s] -- Configured cppcheck exclude dirs and/or files: 
[1.248s] -- Added test 'lint_cmake' to check CMake code style
[1.248s] -- Added test 'uncrustify' to check C / C++ code style
[1.248s] -- Configured uncrustify additional arguments: 
[1.249s] -- Added test 'xmllint' to check XML markup files
[1.250s] -- Configuring done
[1.259s] -- Generating done
[1.260s] -- Build files have been written to: /home/achraf/autocab/raspberryPI3/ros2_ws/build/simulation
[1.268s] Invoked command in '/home/achraf/autocab/raspberryPI3/ros2_ws/build/simulation' returned '0': AMENT_PREFIX_PATH=/home/achraf/autocab/raspberryPI3/ros2_ws/install/interfaces:/home/achraf/autocab/raspberryPI3/ros2_ws/install/carla_msgs:${AMENT_PREFIX_PATH} CMAKE_PREFIX_PATH=/home/achraf/autocab/raspberryPI3/ros2_ws/install/interfaces:/home/achraf/autocab/raspberryPI3/ros2_ws/install/carla_msgs:/opt/ros/humble LD_LIBRARY_PATH=/home/achraf/autocab/raspberryPI3/ros2_ws/install/interfaces/lib:/home/achraf/autocab/raspberryPI3/ros2_ws/install/carla_msgs/lib:${LD_LIBRARY_PATH} PYTHONPATH=/home/achraf/autocab/raspberryPI3/ros2_ws/install/interfaces/local/lib/python3.10/dist-packages:/home/achraf/autocab/raspberryPI3/ros2_ws/install/carla_msgs/local/lib/python3.10/dist-packages:${PYTHONPATH} /usr/bin/cmake /home/achraf/autocab/raspberryPI3/ros2_ws/src/simulation -DCMAKE_INSTALL_PREFIX=/home/achraf/autocab/raspberryPI3/ros2_ws/install/simulation
[1.270s] Invoking command in '/home/achraf/autocab/raspberryPI3/ros2_ws/build/simulation': AMENT_PREFIX_PATH=/home/achraf/autocab/raspberryPI3/ros2_ws/install/interfaces:/home/achraf/autocab/raspberryPI3/ros2_ws/install/carla_msgs:${AMENT_PREFIX_PATH} CMAKE_PREFIX_PATH=/home/achraf/autocab/raspberryPI3/ros2_ws/install/interfaces:/home/achraf/autocab/raspberryPI3/ros2_ws/install/carla_msgs:/opt/ros/humble LD_LIBRARY_PATH=/home/achraf/autocab/raspberryPI3/ros2_ws/install/interfaces/lib:/home/achraf/autocab/raspberryPI3/ros2_ws/install/carla_msgs/lib:${LD_LIBRARY_PATH} PYTHONPATH=/home/achraf/autocab/raspberryPI3/ros2_ws/install/interfaces/local/lib/python3.10/dist-packages:/home/achraf/autocab/raspberryPI3/ros2_ws/install/carla_msgs/local/lib/python3.10/dist-packages:${PYTHONPATH} /usr/bin/cmake --build /home/achraf/autocab/raspberryPI3/ros2_ws/build/simulation -- -j8 -l8
[1.314s] [ 50%] [32mBuilding CXX object CMakeFiles/simulation_node.dir/src/simulation_node.cpp.o[0m
[10.294s] [100%] [32m[1mLinking CXX executable simulation_node[0m
[10.743s] [100%] Built target simulation_node
[10.753s] Invoked command in '/home/achraf/autocab/raspberryPI3/ros2_ws/build/simulation' returned '0': AMENT_PREFIX_PATH=/home/achraf/autocab/raspberryPI3/ros2_ws/install/interfaces:/home/achraf/autocab/raspberryPI3/ros2_ws/install/carla_msgs:${AMENT_PREFIX_PATH} CMAKE_PREFIX_PATH=/home/achraf/autocab/raspberryPI3/ros2_ws/install/interfaces:/home/achraf/autocab/raspberryPI3/ros2_ws/install/carla_msgs:/opt/ros/humble LD_LIBRARY_PATH=/home/achraf/autocab/raspberryPI3/ros2_ws/install/interfaces/lib:/home/achraf/autocab/raspberryPI3/ros2_ws/install/carla_msgs/lib:${LD_LIBRARY_PATH} PYTHONPATH=/home/achraf/autocab/raspberryPI3/ros2_ws/install/interfaces/local/lib/python3.10/dist-packages:/home/achraf/autocab/raspberryPI3/ros2_ws/install/carla_msgs/local/lib/python3.10/dist-packages:${PYTHONPATH} /usr/bin/cmake --build /home/achraf/autocab/raspberryPI3/ros2_ws/build/simulation -- -j8 -l8
[10.783s] Invoking command in '/home/achraf/autocab/raspberryPI3/ros2_ws/build/simulation': AMENT_PREFIX_PATH=/home/achraf/autocab/raspberryPI3/ros2_ws/install/interfaces:/home/achraf/autocab/raspberryPI3/ros2_ws/install/carla_msgs:${AMENT_PREFIX_PATH} CMAKE_PREFIX_PATH=/home/achraf/autocab/raspberryPI3/ros2_ws/install/interfaces:/home/achraf/autocab/raspberryPI3/ros2_ws/install/carla_msgs:/opt/ros/humble LD_LIBRARY_PATH=/home/achraf/autocab/raspberryPI3/ros2_ws/install/interfaces/lib:/home/achraf/autocab/raspberryPI3/ros2_ws/install/carla_msgs/lib:${LD_LIBRARY_PATH} PYTHONPATH=/home/achraf/autocab/raspberryPI3/ros2_ws/install/interfaces/local/lib/python3.10/dist-packages:/home/achraf/autocab/raspberryPI3/ros2_ws/install/carla_msgs/local/lib/python3.10/dist-packages:${PYTHONPATH} /usr/bin/cmake --install /home/achraf/autocab/raspberryPI3/ros2_ws/build/simulation
[10.789s] -- Install configuration: ""
[10.789s] -- Installing: /home/achraf/autocab/raspberryPI3/ros2_ws/install/simulation/lib/simulation/simulation_node
[10.794s] -- Set runtime path of "/home/achraf/autocab/raspberryPI3/ros2_ws/install/simulation/lib/simulation/simulation_node" to ""
[10.794s] -- Installing: /home/achraf/autocab/raspberryPI3/ros2_ws/install/simulation/share/ament_index/resource_index/package_run_dependencies/simulation
[10.794s] -- Installing: /home/achraf/autocab/raspberryPI3/ros2_ws/install/simulation/share/ament_index/resource_index/parent_prefix_path/simulation
[10.795s] -- Installing: /home/achraf/autocab/raspberryPI3/ros2_ws/install/simulation/share/simulation/environment/ament_prefix_path.sh
[10.795s] -- Installing: /home/achraf/autocab/raspberryPI3/ros2_ws/install/simulation/share/simulation/environment/ament_prefix_path.dsv
[10.795s] -- Installing: /home/achraf/autocab/raspberryPI3/ros2_ws/install/simulation/share/simulation/environment/path.sh
[10.795s] -- Installing: /home/achraf/autocab/raspberryPI3/ros2_ws/install/simulation/share/simulation/environment/path.dsv
[10.795s] -- Installing: /home/achraf/autocab/raspberryPI3/ros2_ws/install/simulation/share/simulation/local_setup.bash
[10.795s] -- Installing: /home/achraf/autocab/raspberryPI3/ros2_ws/install/simulation/share/simulation/local_setup.sh
[10.795s] -- Installing: /home/achraf/autocab/raspberryPI3/ros2_ws/install/simulation/share/simulation/local_setup.zsh
[10.795s] -- Installing: /home/achraf/autocab/raspberryPI3/ros2_ws/install/simulation/share/simulation/local_setup.dsv
[10.795s] -- Installing: /home/achraf/autocab/raspberryPI3/ros2_ws/install/simulation/share/simulation/package.dsv
[10.796s] -- Installing: /home/achraf/autocab/raspberryPI3/ros2_ws/install/simulation/share/ament_index/resource_index/packages/simulation
[10.796s] -- Installing: /home/achraf/autocab/raspberryPI3/ros2_ws/install/simulation/share/simulation/cmake/simulationConfig.cmake
[10.796s] -- Installing: /home/achraf/autocab/raspberryPI3/ros2_ws/install/simulation/share/simulation/cmake/simulationConfig-version.cmake
[10.796s] -- Installing: /home/achraf/autocab/raspberryPI3/ros2_ws/install/simulation/share/simulation/package.xml
[10.798s] Invoked command in '/home/achraf/autocab/raspberryPI3/ros2_ws/build/simulation' returned '0': AMENT_PREFIX_PATH=/home/achraf/autocab/raspberryPI3/ros2_ws/install/interfaces:/home/achraf/autocab/raspberryPI3/ros2_ws/install/carla_msgs:${AMENT_PREFIX_PATH} CMAKE_PREFIX_PATH=/home/achraf/autocab/raspberryPI3/ros2_ws/install/interfaces:/home/achraf/autocab/raspberryPI3/ros2_ws/install/carla_msgs:/opt/ros/humble LD_LIBRARY_PATH=/home/achraf/autocab/raspberryPI3/ros2_ws/install/interfaces/lib:/home/achraf/autocab/raspberryPI3/ros2_ws/install/carla_msgs/lib:${LD_LIBRARY_PATH} PYTHONPATH=/home/achraf/autocab/raspberryPI3/ros2_ws/install/interfaces/local/lib/python3.10/dist-packages:/home/achraf/autocab/raspberryPI3/ros2_ws/install/carla_msgs/local/lib/python3.10/dist-packages:${PYTHONPATH} /usr/bin/cmake --install /home/achraf/autocab/raspberryPI3/ros2_ws/build/simulation
