[0.070s] Invoking command in '/home/achraf/autocab/raspberryPI3/ros2_ws/build/rviz_imu_plugin': CMAKE_PREFIX_PATH=/opt/ros/humble /usr/bin/cmake --build /home/achraf/autocab/raspberryPI3/ros2_ws/build/rviz_imu_plugin -- -j8 -l8
[0.176s] [ 11%] [34m[1mAutomatic MOC for target rviz_imu_plugin[0m
[0.270s] [ 11%] Built target rviz_imu_plugin_autogen
[0.347s] [100%] Built target rviz_imu_plugin
[0.462s] Invoked command in '/home/achraf/autocab/raspberryPI3/ros2_ws/build/rviz_imu_plugin' returned '0': CMAKE_PREFIX_PATH=/opt/ros/humble /usr/bin/cmake --build /home/achraf/autocab/raspberryPI3/ros2_ws/build/rviz_imu_plugin -- -j8 -l8
[0.646s] Invoking command in '/home/achraf/autocab/raspberryPI3/ros2_ws/build/rviz_imu_plugin': CMAKE_PREFIX_PATH=/opt/ros/humble /usr/bin/cmake --install /home/achraf/autocab/raspberryPI3/ros2_ws/build/rviz_imu_plugin
[0.653s] -- Install configuration: ""
[0.654s] -- Up-to-date: /home/achraf/autocab/raspberryPI3/ros2_ws/install/rviz_imu_plugin/share/rviz_imu_plugin/plugin_description.xml
[0.654s] -- Up-to-date: /home/achraf/autocab/raspberryPI3/ros2_ws/install/rviz_imu_plugin/share/rviz_imu_plugin/environment/library_path.sh
[0.654s] -- Up-to-date: /home/achraf/autocab/raspberryPI3/ros2_ws/install/rviz_imu_plugin/share/rviz_imu_plugin/environment/library_path.dsv
[0.655s] -- Up-to-date: /home/achraf/autocab/raspberryPI3/ros2_ws/install/rviz_imu_plugin/lib/librviz_imu_plugin.so
[0.655s] -- Up-to-date: /home/achraf/autocab/raspberryPI3/ros2_ws/install/rviz_imu_plugin/share/ament_index/resource_index/package_run_dependencies/rviz_imu_plugin
[0.655s] -- Up-to-date: /home/achraf/autocab/raspberryPI3/ros2_ws/install/rviz_imu_plugin/share/ament_index/resource_index/parent_prefix_path/rviz_imu_plugin
[0.655s] -- Up-to-date: /home/achraf/autocab/raspberryPI3/ros2_ws/install/rviz_imu_plugin/share/rviz_imu_plugin/environment/ament_prefix_path.sh
[0.656s] -- Up-to-date: /home/achraf/autocab/raspberryPI3/ros2_ws/install/rviz_imu_plugin/share/rviz_imu_plugin/environment/ament_prefix_path.dsv
[0.656s] -- Up-to-date: /home/achraf/autocab/raspberryPI3/ros2_ws/install/rviz_imu_plugin/share/rviz_imu_plugin/environment/path.sh
[0.656s] -- Up-to-date: /home/achraf/autocab/raspberryPI3/ros2_ws/install/rviz_imu_plugin/share/rviz_imu_plugin/environment/path.dsv
[0.656s] -- Up-to-date: /home/achraf/autocab/raspberryPI3/ros2_ws/install/rviz_imu_plugin/share/rviz_imu_plugin/local_setup.bash
[0.657s] -- Up-to-date: /home/achraf/autocab/raspberryPI3/ros2_ws/install/rviz_imu_plugin/share/rviz_imu_plugin/local_setup.sh
[0.657s] -- Up-to-date: /home/achraf/autocab/raspberryPI3/ros2_ws/install/rviz_imu_plugin/share/rviz_imu_plugin/local_setup.zsh
[0.657s] -- Up-to-date: /home/achraf/autocab/raspberryPI3/ros2_ws/install/rviz_imu_plugin/share/rviz_imu_plugin/local_setup.dsv
[0.658s] -- Installing: /home/achraf/autocab/raspberryPI3/ros2_ws/install/rviz_imu_plugin/share/rviz_imu_plugin/package.dsv
[0.658s] -- Up-to-date: /home/achraf/autocab/raspberryPI3/ros2_ws/install/rviz_imu_plugin/share/ament_index/resource_index/packages/rviz_imu_plugin
[0.658s] -- Up-to-date: /home/achraf/autocab/raspberryPI3/ros2_ws/install/rviz_imu_plugin/share/ament_index/resource_index/rviz_common__pluginlib__plugin/rviz_imu_plugin
[0.659s] -- Up-to-date: /home/achraf/autocab/raspberryPI3/ros2_ws/install/rviz_imu_plugin/share/rviz_imu_plugin/cmake/ament_cmake_export_include_directories-extras.cmake
[0.659s] -- Up-to-date: /home/achraf/autocab/raspberryPI3/ros2_ws/install/rviz_imu_plugin/share/rviz_imu_plugin/cmake/ament_cmake_export_libraries-extras.cmake
[0.660s] -- Up-to-date: /home/achraf/autocab/raspberryPI3/ros2_ws/install/rviz_imu_plugin/share/rviz_imu_plugin/cmake/ament_cmake_export_dependencies-extras.cmake
[0.660s] -- Up-to-date: /home/achraf/autocab/raspberryPI3/ros2_ws/install/rviz_imu_plugin/share/rviz_imu_plugin/cmake/rviz_imu_pluginConfig.cmake
[0.660s] -- Up-to-date: /home/achraf/autocab/raspberryPI3/ros2_ws/install/rviz_imu_plugin/share/rviz_imu_plugin/cmake/rviz_imu_pluginConfig-version.cmake
[0.660s] -- Up-to-date: /home/achraf/autocab/raspberryPI3/ros2_ws/install/rviz_imu_plugin/share/rviz_imu_plugin/package.xml
[0.742s] Invoked command in '/home/achraf/autocab/raspberryPI3/ros2_ws/build/rviz_imu_plugin' returned '0': CMAKE_PREFIX_PATH=/opt/ros/humble /usr/bin/cmake --install /home/achraf/autocab/raspberryPI3/ros2_ws/build/rviz_imu_plugin
