[0.336s] Invoking command in '/home/pi/autocab/raspberryPI3/ros2_ws/build/car_control': CMAKE_PREFIX_PATH=/home/pi/autocab/raspberryPI3/ros2_ws/install/interfaces:/home/pi/autocab/raspberryPI3/ros2_ws/install/imu_complementary_filter:/home/pi/autocab/raspberryPI3/ros2_ws/install/geicar_start:/home/pi/autocab/raspberryPI3/ros2_ws/install/system_check:/home/pi/autocab/raspberryPI3/ros2_ws/install/simulation:/home/pi/autocab/raspberryPI3/ros2_ws/install/imu_tools:/home/pi/autocab/raspberryPI3/ros2_ws/install/rviz_imu_plugin:/home/pi/autocab/raspberryPI3/ros2_ws/install/joystick:/home/pi/autocab/raspberryPI3/ros2_ws/install/car_control:/home/pi/autocab/raspberryPI3/ros2_ws/install/can:/home/pi/autocab/raspberryPI3/ros2_ws/install/imu_filter_madgwick:/home/pi/autocab/raspberryPI3/ros2_ws/install/carla_msgs:/home/pi/ros2_ws/install/geicar_start:/home/pi/ros2_ws/install/system_check:/home/pi/ros2_ws/install/simulation:/home/pi/ros2_ws/install/imu_tools:/home/pi/ros2_ws/install/rviz_imu_plugin:/home/pi/ros2_ws/install/joystick:/home/pi/ros2_ws/install/car_control:/home/pi/ros2_ws/install/can:/home/pi/ros2_ws/install/interfaces:/home/pi/ros2_ws/install/imu_filter_madgwick:/home/pi/ros2_ws/install/imu_complementary_filter:/home/pi/ros2_ws/install/carla_msgs:/opt/ros/humble LD_LIBRARY_PATH=/home/pi/autocab/raspberryPI3/ros2_ws/install/interfaces/lib:/home/pi/autocab/raspberryPI3/ros2_ws/install/rviz_imu_plugin/lib:/home/pi/autocab/raspberryPI3/ros2_ws/install/imu_filter_madgwick/lib:/home/pi/autocab/raspberryPI3/ros2_ws/install/carla_msgs/lib:/home/pi/ros2_ws/install/rviz_imu_plugin/lib:/home/pi/ros2_ws/install/interfaces/lib:/home/pi/ros2_ws/install/imu_filter_madgwick/lib:/home/pi/ros2_ws/install/carla_msgs/lib:/opt/ros/humble/opt/rviz_ogre_vendor/lib:/opt/ros/humble/lib/aarch64-linux-gnu:/opt/ros/humble/lib /usr/bin/cmake /home/pi/autocab/raspberryPI3/ros2_ws/src/car_control -DCMAKE_INSTALL_PREFIX=/home/pi/autocab/raspberryPI3/ros2_ws/install/car_control
[1.174s] -- The C compiler identification is GNU 11.4.0
[1.822s] -- The CXX compiler identification is GNU 11.4.0
[1.911s] -- Detecting C compiler ABI info
[2.972s] -- Detecting C compiler ABI info - done
[3.070s] -- Check for working C compiler: /usr/bin/cc - skipped
[3.075s] -- Detecting C compile features
[3.081s] -- Detecting C compile features - done
[3.124s] -- Detecting CXX compiler ABI info
[4.258s] -- Detecting CXX compiler ABI info - done
[4.343s] -- Check for working CXX compiler: /usr/bin/c++ - skipped
[4.346s] -- Detecting CXX compile features
[4.352s] -- Detecting CXX compile features - done
[4.473s] -- Found ament_cmake: 1.3.2 (/opt/ros/humble/share/ament_cmake/cmake)
[7.414s] -- Found Python3: /usr/bin/python3.10 (found version "3.10.12") found components: Interpreter 
[9.840s] -- Found rclcpp: 16.0.1 (/opt/ros/humble/share/rclcpp/cmake)
[11.617s] -- Found rosidl_generator_c: 3.1.3 (/opt/ros/humble/share/rosidl_generator_c/cmake)
[11.764s] -- Found rosidl_adapter: 3.1.3 (/opt/ros/humble/share/rosidl_adapter/cmake)
[12.056s] -- Found rosidl_generator_cpp: 3.1.3 (/opt/ros/humble/share/rosidl_generator_cpp/cmake)
[12.424s] -- Using all available rosidl_typesupport_c: rosidl_typesupport_fastrtps_c;rosidl_typesupport_introspection_c
[12.958s] -- Using all available rosidl_typesupport_cpp: rosidl_typesupport_fastrtps_cpp;rosidl_typesupport_introspection_cpp
[14.515s] -- Found rmw_implementation_cmake: 6.1.0 (/opt/ros/humble/share/rmw_implementation_cmake/cmake)
[14.649s] -- Found rmw_fastrtps_cpp: 6.2.1 (/opt/ros/humble/share/rmw_fastrtps_cpp/cmake)
[16.639s] -- Found OpenSSL: /usr/lib/aarch64-linux-gnu/libcrypto.so (found version "3.0.2")  
[17.350s] -- Found FastRTPS: /opt/ros/humble/include  
[18.424s] -- Using RMW implementation 'rmw_fastrtps_cpp' as default
[20.727s] -- Found interfaces: 0.0.0 (/home/pi/autocab/raspberryPI3/ros2_ws/install/interfaces/share/interfaces/cmake)
[21.065s] -- Found sensor_msgs: 4.2.2 (/opt/ros/humble/share/sensor_msgs/cmake)
[22.620s] -- Found std_srvs: 4.2.2 (/opt/ros/humble/share/std_srvs/cmake)
[23.047s] -- Found ament_lint_auto: 0.12.4 (/opt/ros/humble/share/ament_lint_auto/cmake)
[24.889s] -- Added test 'cppcheck' to perform static code analysis on C / C++ code
[24.893s] -- Configured cppcheck include dirs: $<BUILD_INTERFACE:/home/pi/autocab/raspberryPI3/ros2_ws/src/car_control/include>
[24.894s] -- Configured cppcheck exclude dirs and/or files: 
[24.923s] -- Added test 'lint_cmake' to check CMake code style
[24.970s] -- Added test 'uncrustify' to check C / C++ code style
[24.971s] -- Configured uncrustify additional arguments: 
[24.990s] -- Added test 'xmllint' to check XML markup files
[25.039s] -- Configuring done
[25.182s] -- Generating done
[25.192s] -- Build files have been written to: /home/pi/autocab/raspberryPI3/ros2_ws/build/car_control
[25.263s] Invoked command in '/home/pi/autocab/raspberryPI3/ros2_ws/build/car_control' returned '0': CMAKE_PREFIX_PATH=/home/pi/autocab/raspberryPI3/ros2_ws/install/interfaces:/home/pi/autocab/raspberryPI3/ros2_ws/install/imu_complementary_filter:/home/pi/autocab/raspberryPI3/ros2_ws/install/geicar_start:/home/pi/autocab/raspberryPI3/ros2_ws/install/system_check:/home/pi/autocab/raspberryPI3/ros2_ws/install/simulation:/home/pi/autocab/raspberryPI3/ros2_ws/install/imu_tools:/home/pi/autocab/raspberryPI3/ros2_ws/install/rviz_imu_plugin:/home/pi/autocab/raspberryPI3/ros2_ws/install/joystick:/home/pi/autocab/raspberryPI3/ros2_ws/install/car_control:/home/pi/autocab/raspberryPI3/ros2_ws/install/can:/home/pi/autocab/raspberryPI3/ros2_ws/install/imu_filter_madgwick:/home/pi/autocab/raspberryPI3/ros2_ws/install/carla_msgs:/home/pi/ros2_ws/install/geicar_start:/home/pi/ros2_ws/install/system_check:/home/pi/ros2_ws/install/simulation:/home/pi/ros2_ws/install/imu_tools:/home/pi/ros2_ws/install/rviz_imu_plugin:/home/pi/ros2_ws/install/joystick:/home/pi/ros2_ws/install/car_control:/home/pi/ros2_ws/install/can:/home/pi/ros2_ws/install/interfaces:/home/pi/ros2_ws/install/imu_filter_madgwick:/home/pi/ros2_ws/install/imu_complementary_filter:/home/pi/ros2_ws/install/carla_msgs:/opt/ros/humble LD_LIBRARY_PATH=/home/pi/autocab/raspberryPI3/ros2_ws/install/interfaces/lib:/home/pi/autocab/raspberryPI3/ros2_ws/install/rviz_imu_plugin/lib:/home/pi/autocab/raspberryPI3/ros2_ws/install/imu_filter_madgwick/lib:/home/pi/autocab/raspberryPI3/ros2_ws/install/carla_msgs/lib:/home/pi/ros2_ws/install/rviz_imu_plugin/lib:/home/pi/ros2_ws/install/interfaces/lib:/home/pi/ros2_ws/install/imu_filter_madgwick/lib:/home/pi/ros2_ws/install/carla_msgs/lib:/opt/ros/humble/opt/rviz_ogre_vendor/lib:/opt/ros/humble/lib/aarch64-linux-gnu:/opt/ros/humble/lib /usr/bin/cmake /home/pi/autocab/raspberryPI3/ros2_ws/src/car_control -DCMAKE_INSTALL_PREFIX=/home/pi/autocab/raspberryPI3/ros2_ws/install/car_control
[25.277s] Invoking command in '/home/pi/autocab/raspberryPI3/ros2_ws/build/car_control': CMAKE_PREFIX_PATH=/home/pi/autocab/raspberryPI3/ros2_ws/install/interfaces:/home/pi/autocab/raspberryPI3/ros2_ws/install/imu_complementary_filter:/home/pi/autocab/raspberryPI3/ros2_ws/install/geicar_start:/home/pi/autocab/raspberryPI3/ros2_ws/install/system_check:/home/pi/autocab/raspberryPI3/ros2_ws/install/simulation:/home/pi/autocab/raspberryPI3/ros2_ws/install/imu_tools:/home/pi/autocab/raspberryPI3/ros2_ws/install/rviz_imu_plugin:/home/pi/autocab/raspberryPI3/ros2_ws/install/joystick:/home/pi/autocab/raspberryPI3/ros2_ws/install/car_control:/home/pi/autocab/raspberryPI3/ros2_ws/install/can:/home/pi/autocab/raspberryPI3/ros2_ws/install/imu_filter_madgwick:/home/pi/autocab/raspberryPI3/ros2_ws/install/carla_msgs:/home/pi/ros2_ws/install/geicar_start:/home/pi/ros2_ws/install/system_check:/home/pi/ros2_ws/install/simulation:/home/pi/ros2_ws/install/imu_tools:/home/pi/ros2_ws/install/rviz_imu_plugin:/home/pi/ros2_ws/install/joystick:/home/pi/ros2_ws/install/car_control:/home/pi/ros2_ws/install/can:/home/pi/ros2_ws/install/interfaces:/home/pi/ros2_ws/install/imu_filter_madgwick:/home/pi/ros2_ws/install/imu_complementary_filter:/home/pi/ros2_ws/install/carla_msgs:/opt/ros/humble LD_LIBRARY_PATH=/home/pi/autocab/raspberryPI3/ros2_ws/install/interfaces/lib:/home/pi/autocab/raspberryPI3/ros2_ws/install/rviz_imu_plugin/lib:/home/pi/autocab/raspberryPI3/ros2_ws/install/imu_filter_madgwick/lib:/home/pi/autocab/raspberryPI3/ros2_ws/install/carla_msgs/lib:/home/pi/ros2_ws/install/rviz_imu_plugin/lib:/home/pi/ros2_ws/install/interfaces/lib:/home/pi/ros2_ws/install/imu_filter_madgwick/lib:/home/pi/ros2_ws/install/carla_msgs/lib:/opt/ros/humble/opt/rviz_ogre_vendor/lib:/opt/ros/humble/lib/aarch64-linux-gnu:/opt/ros/humble/lib /usr/bin/cmake --build /home/pi/autocab/raspberryPI3/ros2_ws/build/car_control -- -j4 -l4
[26.035s] [ 20%] [32mBuilding CXX object CMakeFiles/car_control_node.dir/src/car_control_node.cpp.o[0m
[224.765s] [ 40%] [32mBuilding CXX object CMakeFiles/car_control_node.dir/src/obstacle_detection.cpp.o[0m
[233.189s] [01m[K/home/pi/autocab/raspberryPI3/ros2_ws/src/car_control/src/obstacle_detection.cpp:[m[K In function ‘[01m[Kint ObstacleCmdFront(int16_t, int16_t, int16_t)[m[K’:
[233.191s] [01m[K/home/pi/autocab/raspberryPI3/ros2_ws/src/car_control/src/obstacle_detection.cpp:16:1:[m[K [01;35m[Kwarning: [m[Kcontrol reaches end of non-void function [[01;35m[K]8;;https://gcc.gnu.org/onlinedocs/gcc/Warning-Options.html#index-Wreturn-type-Wreturn-type]8;;[m[K]
[233.194s]    16 | [01;35m[K}[m[K
[233.196s]       | [01;35m[K^[m[K
[233.197s] [01m[K/home/pi/autocab/raspberryPI3/ros2_ws/src/car_control/src/obstacle_detection.cpp:[m[K In function ‘[01m[Kint ObstacleCmdRear(int16_t, int16_t, int16_t)[m[K’:
[233.198s] [01m[K/home/pi/autocab/raspberryPI3/ros2_ws/src/car_control/src/obstacle_detection.cpp:25:1:[m[K [01;35m[Kwarning: [m[Kcontrol reaches end of non-void function [[01;35m[K]8;;https://gcc.gnu.org/onlinedocs/gcc/Warning-Options.html#index-Wreturn-type-Wreturn-type]8;;[m[K]
[233.199s]    25 | [01;35m[K}[m[K
[233.201s]       | [01;35m[K^[m[K
[233.463s] [ 60%] [32mBuilding CXX object CMakeFiles/car_control_node.dir/src/propulsionCmd.cpp.o[0m
[234.060s] [ 80%] [32mBuilding CXX object CMakeFiles/car_control_node.dir/src/steeringCmd.cpp.o[0m
[236.857s] [100%] [32m[1mLinking CXX executable car_control_node[0m
[248.138s] [100%] Built target car_control_node
[248.297s] Invoked command in '/home/pi/autocab/raspberryPI3/ros2_ws/build/car_control' returned '0': CMAKE_PREFIX_PATH=/home/pi/autocab/raspberryPI3/ros2_ws/install/interfaces:/home/pi/autocab/raspberryPI3/ros2_ws/install/imu_complementary_filter:/home/pi/autocab/raspberryPI3/ros2_ws/install/geicar_start:/home/pi/autocab/raspberryPI3/ros2_ws/install/system_check:/home/pi/autocab/raspberryPI3/ros2_ws/install/simulation:/home/pi/autocab/raspberryPI3/ros2_ws/install/imu_tools:/home/pi/autocab/raspberryPI3/ros2_ws/install/rviz_imu_plugin:/home/pi/autocab/raspberryPI3/ros2_ws/install/joystick:/home/pi/autocab/raspberryPI3/ros2_ws/install/car_control:/home/pi/autocab/raspberryPI3/ros2_ws/install/can:/home/pi/autocab/raspberryPI3/ros2_ws/install/imu_filter_madgwick:/home/pi/autocab/raspberryPI3/ros2_ws/install/carla_msgs:/home/pi/ros2_ws/install/geicar_start:/home/pi/ros2_ws/install/system_check:/home/pi/ros2_ws/install/simulation:/home/pi/ros2_ws/install/imu_tools:/home/pi/ros2_ws/install/rviz_imu_plugin:/home/pi/ros2_ws/install/joystick:/home/pi/ros2_ws/install/car_control:/home/pi/ros2_ws/install/can:/home/pi/ros2_ws/install/interfaces:/home/pi/ros2_ws/install/imu_filter_madgwick:/home/pi/ros2_ws/install/imu_complementary_filter:/home/pi/ros2_ws/install/carla_msgs:/opt/ros/humble LD_LIBRARY_PATH=/home/pi/autocab/raspberryPI3/ros2_ws/install/interfaces/lib:/home/pi/autocab/raspberryPI3/ros2_ws/install/rviz_imu_plugin/lib:/home/pi/autocab/raspberryPI3/ros2_ws/install/imu_filter_madgwick/lib:/home/pi/autocab/raspberryPI3/ros2_ws/install/carla_msgs/lib:/home/pi/ros2_ws/install/rviz_imu_plugin/lib:/home/pi/ros2_ws/install/interfaces/lib:/home/pi/ros2_ws/install/imu_filter_madgwick/lib:/home/pi/ros2_ws/install/carla_msgs/lib:/opt/ros/humble/opt/rviz_ogre_vendor/lib:/opt/ros/humble/lib/aarch64-linux-gnu:/opt/ros/humble/lib /usr/bin/cmake --build /home/pi/autocab/raspberryPI3/ros2_ws/build/car_control -- -j4 -l4
[249.092s] Invoking command in '/home/pi/autocab/raspberryPI3/ros2_ws/build/car_control': CMAKE_PREFIX_PATH=/home/pi/autocab/raspberryPI3/ros2_ws/install/interfaces:/home/pi/autocab/raspberryPI3/ros2_ws/install/imu_complementary_filter:/home/pi/autocab/raspberryPI3/ros2_ws/install/geicar_start:/home/pi/autocab/raspberryPI3/ros2_ws/install/system_check:/home/pi/autocab/raspberryPI3/ros2_ws/install/simulation:/home/pi/autocab/raspberryPI3/ros2_ws/install/imu_tools:/home/pi/autocab/raspberryPI3/ros2_ws/install/rviz_imu_plugin:/home/pi/autocab/raspberryPI3/ros2_ws/install/joystick:/home/pi/autocab/raspberryPI3/ros2_ws/install/car_control:/home/pi/autocab/raspberryPI3/ros2_ws/install/can:/home/pi/autocab/raspberryPI3/ros2_ws/install/imu_filter_madgwick:/home/pi/autocab/raspberryPI3/ros2_ws/install/carla_msgs:/home/pi/ros2_ws/install/geicar_start:/home/pi/ros2_ws/install/system_check:/home/pi/ros2_ws/install/simulation:/home/pi/ros2_ws/install/imu_tools:/home/pi/ros2_ws/install/rviz_imu_plugin:/home/pi/ros2_ws/install/joystick:/home/pi/ros2_ws/install/car_control:/home/pi/ros2_ws/install/can:/home/pi/ros2_ws/install/interfaces:/home/pi/ros2_ws/install/imu_filter_madgwick:/home/pi/ros2_ws/install/imu_complementary_filter:/home/pi/ros2_ws/install/carla_msgs:/opt/ros/humble LD_LIBRARY_PATH=/home/pi/autocab/raspberryPI3/ros2_ws/install/interfaces/lib:/home/pi/autocab/raspberryPI3/ros2_ws/install/rviz_imu_plugin/lib:/home/pi/autocab/raspberryPI3/ros2_ws/install/imu_filter_madgwick/lib:/home/pi/autocab/raspberryPI3/ros2_ws/install/carla_msgs/lib:/home/pi/ros2_ws/install/rviz_imu_plugin/lib:/home/pi/ros2_ws/install/interfaces/lib:/home/pi/ros2_ws/install/imu_filter_madgwick/lib:/home/pi/ros2_ws/install/carla_msgs/lib:/opt/ros/humble/opt/rviz_ogre_vendor/lib:/opt/ros/humble/lib/aarch64-linux-gnu:/opt/ros/humble/lib /usr/bin/cmake --install /home/pi/autocab/raspberryPI3/ros2_ws/build/car_control
[249.258s] -- Install configuration: ""
[249.265s] -- Installing: /home/pi/autocab/raspberryPI3/ros2_ws/install/car_control/lib/car_control/car_control_node
[249.514s] -- Set runtime path of "/home/pi/autocab/raspberryPI3/ros2_ws/install/car_control/lib/car_control/car_control_node" to ""
[249.525s] -- Installing: /home/pi/autocab/raspberryPI3/ros2_ws/install/car_control/share/ament_index/resource_index/package_run_dependencies/car_control
[249.534s] -- Installing: /home/pi/autocab/raspberryPI3/ros2_ws/install/car_control/share/ament_index/resource_index/parent_prefix_path/car_control
[249.543s] -- Installing: /home/pi/autocab/raspberryPI3/ros2_ws/install/car_control/share/car_control/environment/ament_prefix_path.sh
[249.550s] -- Installing: /home/pi/autocab/raspberryPI3/ros2_ws/install/car_control/share/car_control/environment/ament_prefix_path.dsv
[249.557s] -- Installing: /home/pi/autocab/raspberryPI3/ros2_ws/install/car_control/share/car_control/environment/path.sh
[249.565s] -- Installing: /home/pi/autocab/raspberryPI3/ros2_ws/install/car_control/share/car_control/environment/path.dsv
[249.573s] -- Installing: /home/pi/autocab/raspberryPI3/ros2_ws/install/car_control/share/car_control/local_setup.bash
[249.581s] -- Installing: /home/pi/autocab/raspberryPI3/ros2_ws/install/car_control/share/car_control/local_setup.sh
[249.589s] -- Installing: /home/pi/autocab/raspberryPI3/ros2_ws/install/car_control/share/car_control/local_setup.zsh
[249.597s] -- Installing: /home/pi/autocab/raspberryPI3/ros2_ws/install/car_control/share/car_control/local_setup.dsv
[249.605s] -- Installing: /home/pi/autocab/raspberryPI3/ros2_ws/install/car_control/share/car_control/package.dsv
[249.613s] -- Installing: /home/pi/autocab/raspberryPI3/ros2_ws/install/car_control/share/ament_index/resource_index/packages/car_control
[249.624s] -- Installing: /home/pi/autocab/raspberryPI3/ros2_ws/install/car_control/share/car_control/cmake/ament_cmake_export_include_directories-extras.cmake
[249.631s] -- Installing: /home/pi/autocab/raspberryPI3/ros2_ws/install/car_control/share/car_control/cmake/car_controlConfig.cmake
[249.637s] -- Installing: /home/pi/autocab/raspberryPI3/ros2_ws/install/car_control/share/car_control/cmake/car_controlConfig-version.cmake
[249.644s] -- Installing: /home/pi/autocab/raspberryPI3/ros2_ws/install/car_control/share/car_control/package.xml
[249.666s] Invoked command in '/home/pi/autocab/raspberryPI3/ros2_ws/build/car_control' returned '0': CMAKE_PREFIX_PATH=/home/pi/autocab/raspberryPI3/ros2_ws/install/interfaces:/home/pi/autocab/raspberryPI3/ros2_ws/install/imu_complementary_filter:/home/pi/autocab/raspberryPI3/ros2_ws/install/geicar_start:/home/pi/autocab/raspberryPI3/ros2_ws/install/system_check:/home/pi/autocab/raspberryPI3/ros2_ws/install/simulation:/home/pi/autocab/raspberryPI3/ros2_ws/install/imu_tools:/home/pi/autocab/raspberryPI3/ros2_ws/install/rviz_imu_plugin:/home/pi/autocab/raspberryPI3/ros2_ws/install/joystick:/home/pi/autocab/raspberryPI3/ros2_ws/install/car_control:/home/pi/autocab/raspberryPI3/ros2_ws/install/can:/home/pi/autocab/raspberryPI3/ros2_ws/install/imu_filter_madgwick:/home/pi/autocab/raspberryPI3/ros2_ws/install/carla_msgs:/home/pi/ros2_ws/install/geicar_start:/home/pi/ros2_ws/install/system_check:/home/pi/ros2_ws/install/simulation:/home/pi/ros2_ws/install/imu_tools:/home/pi/ros2_ws/install/rviz_imu_plugin:/home/pi/ros2_ws/install/joystick:/home/pi/ros2_ws/install/car_control:/home/pi/ros2_ws/install/can:/home/pi/ros2_ws/install/interfaces:/home/pi/ros2_ws/install/imu_filter_madgwick:/home/pi/ros2_ws/install/imu_complementary_filter:/home/pi/ros2_ws/install/carla_msgs:/opt/ros/humble LD_LIBRARY_PATH=/home/pi/autocab/raspberryPI3/ros2_ws/install/interfaces/lib:/home/pi/autocab/raspberryPI3/ros2_ws/install/rviz_imu_plugin/lib:/home/pi/autocab/raspberryPI3/ros2_ws/install/imu_filter_madgwick/lib:/home/pi/autocab/raspberryPI3/ros2_ws/install/carla_msgs/lib:/home/pi/ros2_ws/install/rviz_imu_plugin/lib:/home/pi/ros2_ws/install/interfaces/lib:/home/pi/ros2_ws/install/imu_filter_madgwick/lib:/home/pi/ros2_ws/install/carla_msgs/lib:/opt/ros/humble/opt/rviz_ogre_vendor/lib:/opt/ros/humble/lib/aarch64-linux-gnu:/opt/ros/humble/lib /usr/bin/cmake --install /home/pi/autocab/raspberryPI3/ros2_ws/build/car_control
