[0.045s] Invoking command in '/home/achraf/autocab/raspberryPI3/ros2_ws/build/carla_msgs': CMAKE_PREFIX_PATH=/opt/ros/humble /usr/bin/cmake /home/achraf/autocab/raspberryPI3/ros2_ws/src/carla_msgs -DCMAKE_INSTALL_PREFIX=/home/achraf/autocab/raspberryPI3/ros2_ws/install/carla_msgs
[0.090s] -- The C compiler identification is GNU 11.4.0
[0.138s] -- The CXX compiler identification is GNU 11.4.0
[0.144s] -- Detecting C compiler ABI info
[0.202s] -- Detecting C compiler ABI info - done
[0.208s] -- Check for working C compiler: /usr/bin/cc - skipped
[0.209s] -- Detecting C compile features
[0.209s] -- Detecting C compile features - done
[0.212s] -- Detecting CXX compiler ABI info
[0.279s] -- Detecting CXX compiler ABI info - done
[0.286s] -- Check for working CXX compiler: /usr/bin/c++ - skipped
[0.286s] -- Detecting CXX compile features
[0.286s] -- Detecting CXX compile features - done
[0.288s] -- Found ament_cmake: 1.3.6 (/opt/ros/humble/share/ament_cmake/cmake)
[0.430s] -- Found Python3: /usr/bin/python3.10 (found version "3.10.12") found components: Interpreter 
[0.500s] -- Found rclcpp: 16.0.7 (/opt/ros/humble/share/rclcpp/cmake)
[0.534s] -- Found rosidl_generator_c: 3.1.5 (/opt/ros/humble/share/rosidl_generator_c/cmake)
[0.538s] -- Found rosidl_adapter: 3.1.5 (/opt/ros/humble/share/rosidl_adapter/cmake)
[0.544s] -- Found rosidl_generator_cpp: 3.1.5 (/opt/ros/humble/share/rosidl_generator_cpp/cmake)
[0.556s] -- Using all available rosidl_typesupport_c: rosidl_typesupport_fastrtps_c;rosidl_typesupport_introspection_c
[0.573s] -- Using all available rosidl_typesupport_cpp: rosidl_typesupport_fastrtps_cpp;rosidl_typesupport_introspection_cpp
[0.635s] -- Found rmw_implementation_cmake: 6.1.1 (/opt/ros/humble/share/rmw_implementation_cmake/cmake)
[0.637s] -- Found rmw_fastrtps_cpp: 6.2.5 (/opt/ros/humble/share/rmw_fastrtps_cpp/cmake)
[0.718s] -- Found OpenSSL: /usr/lib/x86_64-linux-gnu/libcrypto.so (found version "3.0.2")  
[0.739s] -- Found FastRTPS: /opt/ros/humble/include  
[0.779s] -- Using RMW implementation 'rmw_fastrtps_cpp' as default
[0.787s] -- Looking for pthread.h
[0.849s] -- Looking for pthread.h - found
[0.849s] -- Performing Test CMAKE_HAVE_LIBC_PTHREAD
[0.913s] -- Performing Test CMAKE_HAVE_LIBC_PTHREAD - Success
[0.914s] -- Found Threads: TRUE  
[1.066s] -- Found rosidl_default_generators: 1.2.0 (/opt/ros/humble/share/rosidl_default_generators/cmake)
[1.300s] -- Found ament_cmake_ros: 0.10.0 (/opt/ros/humble/share/ament_cmake_ros/cmake)
[1.609s] -- Using all available rosidl_typesupport_c: rosidl_typesupport_fastrtps_c;rosidl_typesupport_introspection_c
[1.730s] -- Using all available rosidl_typesupport_cpp: rosidl_typesupport_fastrtps_cpp;rosidl_typesupport_introspection_cpp
[1.749s] -- Found PythonInterp: /usr/bin/python3 (found suitable version "3.10.12", minimum required is "3.6") 
[1.750s] -- Found python_cmake_module: 0.10.0 (/opt/ros/humble/share/python_cmake_module/cmake)
[1.772s] -- Found PythonLibs: /usr/lib/x86_64-linux-gnu/libpython3.10.so (found suitable version "3.10.12", minimum required is "3.5") 
[1.772s] -- Using PYTHON_EXECUTABLE: /usr/bin/python3
[1.772s] -- Using PYTHON_INCLUDE_DIRS: /usr/include/python3.10
[1.772s] -- Using PYTHON_LIBRARIES: /usr/lib/x86_64-linux-gnu/libpython3.10.so
[1.789s] -- Found PythonExtra: .so  
[1.831s] -- Found ament_lint_auto: 0.12.9 (/opt/ros/humble/share/ament_lint_auto/cmake)
[1.845s] -- Added test 'lint_cmake' to check CMake code style
[1.847s] -- Added test 'xmllint' to check XML markup files
[1.849s] -- Configuring done
[1.879s] -- Generating done
[1.881s] -- Build files have been written to: /home/achraf/autocab/raspberryPI3/ros2_ws/build/carla_msgs
[1.889s] Invoked command in '/home/achraf/autocab/raspberryPI3/ros2_ws/build/carla_msgs' returned '0': CMAKE_PREFIX_PATH=/opt/ros/humble /usr/bin/cmake /home/achraf/autocab/raspberryPI3/ros2_ws/src/carla_msgs -DCMAKE_INSTALL_PREFIX=/home/achraf/autocab/raspberryPI3/ros2_ws/install/carla_msgs
[1.891s] Invoking command in '/home/achraf/autocab/raspberryPI3/ros2_ws/build/carla_msgs': CMAKE_PREFIX_PATH=/opt/ros/humble /usr/bin/cmake --build /home/achraf/autocab/raspberryPI3/ros2_ws/build/carla_msgs -- -j8 -l8
[1.926s] [  3%] [34m[1mGenerating C code for ROS interfaces[0m
[1.935s] [  6%] [34m[1mGenerating C++ code for ROS interfaces[0m
[1.943s] [  6%] Built target ament_cmake_python_copy_carla_msgs
[2.153s] running egg_info
[2.153s] creating carla_msgs.egg-info
[2.153s] writing carla_msgs.egg-info/PKG-INFO
[2.154s] writing dependency_links to carla_msgs.egg-info/dependency_links.txt
[2.154s] writing top-level names to carla_msgs.egg-info/top_level.txt
[2.154s] writing manifest file 'carla_msgs.egg-info/SOURCES.txt'
[2.155s] reading manifest file 'carla_msgs.egg-info/SOURCES.txt'
[2.156s] writing manifest file 'carla_msgs.egg-info/SOURCES.txt'
[2.178s] [  6%] Built target ament_cmake_python_build_carla_msgs_egg
[2.222s] [  6%] Built target carla_msgs__cpp
[2.227s] [  9%] [32mBuilding C object CMakeFiles/carla_msgs__rosidl_generator_c.dir/rosidl_generator_c/carla_msgs/msg/detail/carla_ego_vehicle_control__functions.c.o[0m
[2.231s] [ 12%] [34m[1mGenerating C++ type support dispatch for ROS interfaces[0m
[2.231s] [ 16%] [34m[1mGenerating C++ introspection for ROS interfaces[0m
[2.232s] [ 19%] [34m[1mGenerating C++ type support for eProsima Fast-RTPS[0m
[2.274s] [ 22%] [32m[1mLinking C shared library libcarla_msgs__rosidl_generator_c.so[0m
[2.308s] [ 22%] Built target carla_msgs__rosidl_generator_c
[2.317s] [ 25%] [34m[1mGenerating C type support for eProsima Fast-RTPS[0m
[2.320s] [ 32%] [34m[1mGenerating C introspection for ROS interfaces[0m
[2.320s] [ 32%] [34m[1mGenerating C type support dispatch for ROS interfaces[0m
[2.523s] [ 35%] [32mBuilding CXX object CMakeFiles/carla_msgs__rosidl_typesupport_cpp.dir/rosidl_typesupport_cpp/carla_msgs/msg/carla_ego_vehicle_control__type_support.cpp.o[0m
[2.540s] [ 38%] [32mBuilding CXX object CMakeFiles/carla_msgs__rosidl_typesupport_fastrtps_cpp.dir/rosidl_typesupport_fastrtps_cpp/carla_msgs/msg/detail/dds_fastrtps/carla_ego_vehicle_control__type_support.cpp.o[0m
[2.720s] [ 41%] [32mBuilding CXX object CMakeFiles/carla_msgs__rosidl_typesupport_introspection_cpp.dir/rosidl_typesupport_introspection_cpp/carla_msgs/msg/detail/carla_ego_vehicle_control__type_support.cpp.o[0m
[2.812s] [ 45%] [32m[1mLinking CXX shared library libcarla_msgs__rosidl_typesupport_cpp.so[0m
[2.822s] [ 48%] [32mBuilding CXX object CMakeFiles/carla_msgs__rosidl_typesupport_c.dir/rosidl_typesupport_c/carla_msgs/msg/carla_ego_vehicle_control__type_support.cpp.o[0m
[2.862s] [ 51%] [32mBuilding CXX object CMakeFiles/carla_msgs__rosidl_typesupport_fastrtps_c.dir/rosidl_typesupport_fastrtps_c/carla_msgs/msg/detail/carla_ego_vehicle_control__type_support_c.cpp.o[0m
[2.863s] [ 54%] [32m[1mLinking CXX shared library libcarla_msgs__rosidl_typesupport_c.so[0m
[2.873s] [ 54%] Built target carla_msgs__rosidl_typesupport_cpp
[2.878s] [ 58%] [32mBuilding C object CMakeFiles/carla_msgs__rosidl_typesupport_introspection_c.dir/rosidl_typesupport_introspection_c/carla_msgs/msg/detail/carla_ego_vehicle_control__type_support.c.o[0m
[2.922s] [ 58%] Built target carla_msgs__rosidl_typesupport_c
[2.923s] [ 61%] [32m[1mLinking C shared library libcarla_msgs__rosidl_typesupport_introspection_c.so[0m
[2.954s] [ 61%] Built target carla_msgs__rosidl_typesupport_introspection_c
[2.996s] [ 64%] [32m[1mLinking CXX shared library libcarla_msgs__rosidl_typesupport_fastrtps_cpp.so[0m
[3.070s] [ 64%] Built target carla_msgs__rosidl_typesupport_fastrtps_cpp
[3.131s] [ 67%] [32m[1mLinking CXX shared library libcarla_msgs__rosidl_typesupport_introspection_cpp.so[0m
[3.206s] [ 70%] [32m[1mLinking CXX shared library libcarla_msgs__rosidl_typesupport_fastrtps_c.so[0m
[3.209s] [ 70%] Built target carla_msgs__rosidl_typesupport_introspection_cpp
[3.293s] [ 70%] Built target carla_msgs__rosidl_typesupport_fastrtps_c
[3.312s] [ 70%] Built target carla_msgs
[3.330s] [ 74%] [34m[1mGenerating Python code for ROS interfaces[0m
[3.819s] [ 74%] Built target carla_msgs__py
[3.837s] [ 77%] [32mBuilding C object CMakeFiles/carla_msgs__rosidl_generator_py.dir/rosidl_generator_py/carla_msgs/msg/_carla_ego_vehicle_control_s.c.o[0m
[3.928s] [ 80%] [32m[1mLinking C shared library rosidl_generator_py/carla_msgs/libcarla_msgs__rosidl_generator_py.so[0m
[3.964s] [ 80%] Built target carla_msgs__rosidl_generator_py
[3.982s] [ 90%] [32mBuilding C object CMakeFiles/carla_msgs__rosidl_typesupport_fastrtps_c__pyext.dir/rosidl_generator_py/carla_msgs/_carla_msgs_s.ep.rosidl_typesupport_fastrtps_c.c.o[0m
[3.983s] [ 90%] [32mBuilding C object CMakeFiles/carla_msgs__rosidl_typesupport_c__pyext.dir/rosidl_generator_py/carla_msgs/_carla_msgs_s.ep.rosidl_typesupport_c.c.o[0m
[3.983s] [ 90%] [32mBuilding C object CMakeFiles/carla_msgs__rosidl_typesupport_introspection_c__pyext.dir/rosidl_generator_py/carla_msgs/_carla_msgs_s.ep.rosidl_typesupport_introspection_c.c.o[0m
[4.074s] [100%] [32m[1mLinking C shared library rosidl_generator_py/carla_msgs/carla_msgs_s__rosidl_typesupport_c.cpython-310-x86_64-linux-gnu.so[0m
[4.074s] [100%] [32m[1mLinking C shared library rosidl_generator_py/carla_msgs/carla_msgs_s__rosidl_typesupport_introspection_c.cpython-310-x86_64-linux-gnu.so[0m
[4.074s] [100%] [32m[1mLinking C shared library rosidl_generator_py/carla_msgs/carla_msgs_s__rosidl_typesupport_fastrtps_c.cpython-310-x86_64-linux-gnu.so[0m
[4.110s] [100%] Built target carla_msgs__rosidl_typesupport_introspection_c__pyext
[4.110s] [100%] Built target carla_msgs__rosidl_typesupport_c__pyext
[4.110s] [100%] Built target carla_msgs__rosidl_typesupport_fastrtps_c__pyext
[4.121s] Invoked command in '/home/achraf/autocab/raspberryPI3/ros2_ws/build/carla_msgs' returned '0': CMAKE_PREFIX_PATH=/opt/ros/humble /usr/bin/cmake --build /home/achraf/autocab/raspberryPI3/ros2_ws/build/carla_msgs -- -j8 -l8
[4.181s] Invoking command in '/home/achraf/autocab/raspberryPI3/ros2_ws/build/carla_msgs': CMAKE_PREFIX_PATH=/opt/ros/humble /usr/bin/cmake --install /home/achraf/autocab/raspberryPI3/ros2_ws/build/carla_msgs
[4.190s] -- Install configuration: ""
[4.190s] -- Installing: /home/achraf/autocab/raspberryPI3/ros2_ws/install/carla_msgs/share/ament_index/resource_index/rosidl_interfaces/carla_msgs
[4.190s] -- Installing: /home/achraf/autocab/raspberryPI3/ros2_ws/install/carla_msgs/include/carla_msgs/carla_msgs
[4.190s] -- Installing: /home/achraf/autocab/raspberryPI3/ros2_ws/install/carla_msgs/include/carla_msgs/carla_msgs/msg
[4.190s] -- Installing: /home/achraf/autocab/raspberryPI3/ros2_ws/install/carla_msgs/include/carla_msgs/carla_msgs/msg/carla_ego_vehicle_control.h
[4.190s] -- Installing: /home/achraf/autocab/raspberryPI3/ros2_ws/install/carla_msgs/include/carla_msgs/carla_msgs/msg/detail
[4.190s] -- Installing: /home/achraf/autocab/raspberryPI3/ros2_ws/install/carla_msgs/include/carla_msgs/carla_msgs/msg/detail/carla_ego_vehicle_control__struct.h
[4.191s] -- Installing: /home/achraf/autocab/raspberryPI3/ros2_ws/install/carla_msgs/include/carla_msgs/carla_msgs/msg/detail/carla_ego_vehicle_control__type_support.h
[4.191s] -- Installing: /home/achraf/autocab/raspberryPI3/ros2_ws/install/carla_msgs/include/carla_msgs/carla_msgs/msg/detail/carla_ego_vehicle_control__functions.c
[4.191s] -- Installing: /home/achraf/autocab/raspberryPI3/ros2_ws/install/carla_msgs/include/carla_msgs/carla_msgs/msg/detail/carla_ego_vehicle_control__functions.h
[4.191s] -- Installing: /home/achraf/autocab/raspberryPI3/ros2_ws/install/carla_msgs/include/carla_msgs/carla_msgs/msg/rosidl_generator_c__visibility_control.h
[4.191s] -- Installing: /home/achraf/autocab/raspberryPI3/ros2_ws/install/carla_msgs/share/carla_msgs/environment/library_path.sh
[4.191s] -- Installing: /home/achraf/autocab/raspberryPI3/ros2_ws/install/carla_msgs/share/carla_msgs/environment/library_path.dsv
[4.191s] -- Installing: /home/achraf/autocab/raspberryPI3/ros2_ws/install/carla_msgs/lib/libcarla_msgs__rosidl_generator_c.so
[4.192s] -- Set runtime path of "/home/achraf/autocab/raspberryPI3/ros2_ws/install/carla_msgs/lib/libcarla_msgs__rosidl_generator_c.so" to ""
[4.192s] -- Up-to-date: /home/achraf/autocab/raspberryPI3/ros2_ws/install/carla_msgs/include/carla_msgs/carla_msgs
[4.192s] -- Up-to-date: /home/achraf/autocab/raspberryPI3/ros2_ws/install/carla_msgs/include/carla_msgs/carla_msgs/msg
[4.192s] -- Installing: /home/achraf/autocab/raspberryPI3/ros2_ws/install/carla_msgs/include/carla_msgs/carla_msgs/msg/rosidl_typesupport_fastrtps_c__visibility_control.h
[4.192s] -- Up-to-date: /home/achraf/autocab/raspberryPI3/ros2_ws/install/carla_msgs/include/carla_msgs/carla_msgs/msg/detail
[4.192s] -- Installing: /home/achraf/autocab/raspberryPI3/ros2_ws/install/carla_msgs/include/carla_msgs/carla_msgs/msg/detail/carla_ego_vehicle_control__rosidl_typesupport_fastrtps_c.h
[4.192s] -- Installing: /home/achraf/autocab/raspberryPI3/ros2_ws/install/carla_msgs/lib/libcarla_msgs__rosidl_typesupport_fastrtps_c.so
[4.193s] -- Set runtime path of "/home/achraf/autocab/raspberryPI3/ros2_ws/install/carla_msgs/lib/libcarla_msgs__rosidl_typesupport_fastrtps_c.so" to ""
[4.193s] -- Up-to-date: /home/achraf/autocab/raspberryPI3/ros2_ws/install/carla_msgs/include/carla_msgs/carla_msgs
[4.193s] -- Up-to-date: /home/achraf/autocab/raspberryPI3/ros2_ws/install/carla_msgs/include/carla_msgs/carla_msgs/msg
[4.193s] -- Up-to-date: /home/achraf/autocab/raspberryPI3/ros2_ws/install/carla_msgs/include/carla_msgs/carla_msgs/msg/detail
[4.193s] -- Installing: /home/achraf/autocab/raspberryPI3/ros2_ws/install/carla_msgs/include/carla_msgs/carla_msgs/msg/detail/carla_ego_vehicle_control__struct.hpp
[4.193s] -- Installing: /home/achraf/autocab/raspberryPI3/ros2_ws/install/carla_msgs/include/carla_msgs/carla_msgs/msg/detail/carla_ego_vehicle_control__builder.hpp
[4.193s] -- Installing: /home/achraf/autocab/raspberryPI3/ros2_ws/install/carla_msgs/include/carla_msgs/carla_msgs/msg/detail/carla_ego_vehicle_control__traits.hpp
[4.193s] -- Installing: /home/achraf/autocab/raspberryPI3/ros2_ws/install/carla_msgs/include/carla_msgs/carla_msgs/msg/carla_ego_vehicle_control.hpp
[4.194s] -- Up-to-date: /home/achraf/autocab/raspberryPI3/ros2_ws/install/carla_msgs/include/carla_msgs/carla_msgs
[4.194s] -- Up-to-date: /home/achraf/autocab/raspberryPI3/ros2_ws/install/carla_msgs/include/carla_msgs/carla_msgs/msg
[4.194s] -- Up-to-date: /home/achraf/autocab/raspberryPI3/ros2_ws/install/carla_msgs/include/carla_msgs/carla_msgs/msg/detail
[4.194s] -- Installing: /home/achraf/autocab/raspberryPI3/ros2_ws/install/carla_msgs/include/carla_msgs/carla_msgs/msg/detail/dds_fastrtps
[4.194s] -- Installing: /home/achraf/autocab/raspberryPI3/ros2_ws/install/carla_msgs/include/carla_msgs/carla_msgs/msg/detail/carla_ego_vehicle_control__rosidl_typesupport_fastrtps_cpp.hpp
[4.194s] -- Installing: /home/achraf/autocab/raspberryPI3/ros2_ws/install/carla_msgs/include/carla_msgs/carla_msgs/msg/rosidl_typesupport_fastrtps_cpp__visibility_control.h
[4.194s] -- Installing: /home/achraf/autocab/raspberryPI3/ros2_ws/install/carla_msgs/lib/libcarla_msgs__rosidl_typesupport_fastrtps_cpp.so
[4.195s] -- Set runtime path of "/home/achraf/autocab/raspberryPI3/ros2_ws/install/carla_msgs/lib/libcarla_msgs__rosidl_typesupport_fastrtps_cpp.so" to ""
[4.195s] -- Up-to-date: /home/achraf/autocab/raspberryPI3/ros2_ws/install/carla_msgs/include/carla_msgs/carla_msgs
[4.195s] -- Up-to-date: /home/achraf/autocab/raspberryPI3/ros2_ws/install/carla_msgs/include/carla_msgs/carla_msgs/msg
[4.195s] -- Up-to-date: /home/achraf/autocab/raspberryPI3/ros2_ws/install/carla_msgs/include/carla_msgs/carla_msgs/msg/detail
[4.195s] -- Installing: /home/achraf/autocab/raspberryPI3/ros2_ws/install/carla_msgs/include/carla_msgs/carla_msgs/msg/detail/carla_ego_vehicle_control__rosidl_typesupport_introspection_c.h
[4.195s] -- Installing: /home/achraf/autocab/raspberryPI3/ros2_ws/install/carla_msgs/include/carla_msgs/carla_msgs/msg/detail/carla_ego_vehicle_control__type_support.c
[4.195s] -- Installing: /home/achraf/autocab/raspberryPI3/ros2_ws/install/carla_msgs/include/carla_msgs/carla_msgs/msg/rosidl_typesupport_introspection_c__visibility_control.h
[4.195s] -- Installing: /home/achraf/autocab/raspberryPI3/ros2_ws/install/carla_msgs/lib/libcarla_msgs__rosidl_typesupport_introspection_c.so
[4.196s] -- Set runtime path of "/home/achraf/autocab/raspberryPI3/ros2_ws/install/carla_msgs/lib/libcarla_msgs__rosidl_typesupport_introspection_c.so" to ""
[4.196s] -- Installing: /home/achraf/autocab/raspberryPI3/ros2_ws/install/carla_msgs/lib/libcarla_msgs__rosidl_typesupport_c.so
[4.196s] -- Set runtime path of "/home/achraf/autocab/raspberryPI3/ros2_ws/install/carla_msgs/lib/libcarla_msgs__rosidl_typesupport_c.so" to ""
[4.196s] -- Up-to-date: /home/achraf/autocab/raspberryPI3/ros2_ws/install/carla_msgs/include/carla_msgs/carla_msgs
[4.196s] -- Up-to-date: /home/achraf/autocab/raspberryPI3/ros2_ws/install/carla_msgs/include/carla_msgs/carla_msgs/msg
[4.196s] -- Up-to-date: /home/achraf/autocab/raspberryPI3/ros2_ws/install/carla_msgs/include/carla_msgs/carla_msgs/msg/detail
[4.196s] -- Installing: /home/achraf/autocab/raspberryPI3/ros2_ws/install/carla_msgs/include/carla_msgs/carla_msgs/msg/detail/carla_ego_vehicle_control__rosidl_typesupport_introspection_cpp.hpp
[4.197s] -- Installing: /home/achraf/autocab/raspberryPI3/ros2_ws/install/carla_msgs/include/carla_msgs/carla_msgs/msg/detail/carla_ego_vehicle_control__type_support.cpp
[4.197s] -- Installing: /home/achraf/autocab/raspberryPI3/ros2_ws/install/carla_msgs/lib/libcarla_msgs__rosidl_typesupport_introspection_cpp.so
[4.197s] -- Set runtime path of "/home/achraf/autocab/raspberryPI3/ros2_ws/install/carla_msgs/lib/libcarla_msgs__rosidl_typesupport_introspection_cpp.so" to ""
[4.197s] -- Installing: /home/achraf/autocab/raspberryPI3/ros2_ws/install/carla_msgs/lib/libcarla_msgs__rosidl_typesupport_cpp.so
[4.197s] -- Set runtime path of "/home/achraf/autocab/raspberryPI3/ros2_ws/install/carla_msgs/lib/libcarla_msgs__rosidl_typesupport_cpp.so" to ""
[4.197s] -- Installing: /home/achraf/autocab/raspberryPI3/ros2_ws/install/carla_msgs/share/carla_msgs/environment/pythonpath.sh
[4.198s] -- Installing: /home/achraf/autocab/raspberryPI3/ros2_ws/install/carla_msgs/share/carla_msgs/environment/pythonpath.dsv
[4.198s] -- Installing: /home/achraf/autocab/raspberryPI3/ros2_ws/install/carla_msgs/local/lib/python3.10/dist-packages/carla_msgs-0.0.0-py3.10.egg-info
[4.198s] -- Installing: /home/achraf/autocab/raspberryPI3/ros2_ws/install/carla_msgs/local/lib/python3.10/dist-packages/carla_msgs-0.0.0-py3.10.egg-info/PKG-INFO
[4.198s] -- Installing: /home/achraf/autocab/raspberryPI3/ros2_ws/install/carla_msgs/local/lib/python3.10/dist-packages/carla_msgs-0.0.0-py3.10.egg-info/dependency_links.txt
[4.198s] -- Installing: /home/achraf/autocab/raspberryPI3/ros2_ws/install/carla_msgs/local/lib/python3.10/dist-packages/carla_msgs-0.0.0-py3.10.egg-info/top_level.txt
[4.198s] -- Installing: /home/achraf/autocab/raspberryPI3/ros2_ws/install/carla_msgs/local/lib/python3.10/dist-packages/carla_msgs-0.0.0-py3.10.egg-info/SOURCES.txt
[4.198s] -- Installing: /home/achraf/autocab/raspberryPI3/ros2_ws/install/carla_msgs/local/lib/python3.10/dist-packages/carla_msgs
[4.198s] -- Installing: /home/achraf/autocab/raspberryPI3/ros2_ws/install/carla_msgs/local/lib/python3.10/dist-packages/carla_msgs/carla_msgs_s__rosidl_typesupport_c.cpython-310-x86_64-linux-gnu.so
[4.199s] -- Installing: /home/achraf/autocab/raspberryPI3/ros2_ws/install/carla_msgs/local/lib/python3.10/dist-packages/carla_msgs/carla_msgs_s__rosidl_typesupport_fastrtps_c.cpython-310-x86_64-linux-gnu.so
[4.199s] -- Installing: /home/achraf/autocab/raspberryPI3/ros2_ws/install/carla_msgs/local/lib/python3.10/dist-packages/carla_msgs/_carla_msgs_s.ep.rosidl_typesupport_fastrtps_c.c
[4.199s] -- Installing: /home/achraf/autocab/raspberryPI3/ros2_ws/install/carla_msgs/local/lib/python3.10/dist-packages/carla_msgs/carla_msgs_s__rosidl_typesupport_introspection_c.cpython-310-x86_64-linux-gnu.so
[4.199s] -- Installing: /home/achraf/autocab/raspberryPI3/ros2_ws/install/carla_msgs/local/lib/python3.10/dist-packages/carla_msgs/libcarla_msgs__rosidl_generator_py.so
[4.199s] -- Installing: /home/achraf/autocab/raspberryPI3/ros2_ws/install/carla_msgs/local/lib/python3.10/dist-packages/carla_msgs/_carla_msgs_s.ep.rosidl_typesupport_c.c
[4.199s] -- Installing: /home/achraf/autocab/raspberryPI3/ros2_ws/install/carla_msgs/local/lib/python3.10/dist-packages/carla_msgs/_carla_msgs_s.ep.rosidl_typesupport_introspection_c.c
[4.199s] -- Installing: /home/achraf/autocab/raspberryPI3/ros2_ws/install/carla_msgs/local/lib/python3.10/dist-packages/carla_msgs/__init__.py
[4.199s] -- Installing: /home/achraf/autocab/raspberryPI3/ros2_ws/install/carla_msgs/local/lib/python3.10/dist-packages/carla_msgs/msg
[4.200s] -- Installing: /home/achraf/autocab/raspberryPI3/ros2_ws/install/carla_msgs/local/lib/python3.10/dist-packages/carla_msgs/msg/_carla_ego_vehicle_control.py
[4.200s] -- Installing: /home/achraf/autocab/raspberryPI3/ros2_ws/install/carla_msgs/local/lib/python3.10/dist-packages/carla_msgs/msg/__init__.py
[4.200s] -- Installing: /home/achraf/autocab/raspberryPI3/ros2_ws/install/carla_msgs/local/lib/python3.10/dist-packages/carla_msgs/msg/_carla_ego_vehicle_control_s.c
[4.229s] Listing '/home/achraf/autocab/raspberryPI3/ros2_ws/install/carla_msgs/local/lib/python3.10/dist-packages/carla_msgs'...
[4.229s] Compiling '/home/achraf/autocab/raspberryPI3/ros2_ws/install/carla_msgs/local/lib/python3.10/dist-packages/carla_msgs/__init__.py'...
[4.229s] Listing '/home/achraf/autocab/raspberryPI3/ros2_ws/install/carla_msgs/local/lib/python3.10/dist-packages/carla_msgs/msg'...
[4.229s] Compiling '/home/achraf/autocab/raspberryPI3/ros2_ws/install/carla_msgs/local/lib/python3.10/dist-packages/carla_msgs/msg/__init__.py'...
[4.229s] Compiling '/home/achraf/autocab/raspberryPI3/ros2_ws/install/carla_msgs/local/lib/python3.10/dist-packages/carla_msgs/msg/_carla_ego_vehicle_control.py'...
[4.233s] -- Installing: /home/achraf/autocab/raspberryPI3/ros2_ws/install/carla_msgs/local/lib/python3.10/dist-packages/carla_msgs/carla_msgs_s__rosidl_typesupport_fastrtps_c.cpython-310-x86_64-linux-gnu.so
[4.233s] -- Set runtime path of "/home/achraf/autocab/raspberryPI3/ros2_ws/install/carla_msgs/local/lib/python3.10/dist-packages/carla_msgs/carla_msgs_s__rosidl_typesupport_fastrtps_c.cpython-310-x86_64-linux-gnu.so" to ""
[4.234s] -- Installing: /home/achraf/autocab/raspberryPI3/ros2_ws/install/carla_msgs/local/lib/python3.10/dist-packages/carla_msgs/carla_msgs_s__rosidl_typesupport_introspection_c.cpython-310-x86_64-linux-gnu.so
[4.234s] -- Set runtime path of "/home/achraf/autocab/raspberryPI3/ros2_ws/install/carla_msgs/local/lib/python3.10/dist-packages/carla_msgs/carla_msgs_s__rosidl_typesupport_introspection_c.cpython-310-x86_64-linux-gnu.so" to ""
[4.235s] -- Installing: /home/achraf/autocab/raspberryPI3/ros2_ws/install/carla_msgs/local/lib/python3.10/dist-packages/carla_msgs/carla_msgs_s__rosidl_typesupport_c.cpython-310-x86_64-linux-gnu.so
[4.235s] -- Set runtime path of "/home/achraf/autocab/raspberryPI3/ros2_ws/install/carla_msgs/local/lib/python3.10/dist-packages/carla_msgs/carla_msgs_s__rosidl_typesupport_c.cpython-310-x86_64-linux-gnu.so" to ""
[4.235s] -- Installing: /home/achraf/autocab/raspberryPI3/ros2_ws/install/carla_msgs/lib/libcarla_msgs__rosidl_generator_py.so
[4.236s] -- Set runtime path of "/home/achraf/autocab/raspberryPI3/ros2_ws/install/carla_msgs/lib/libcarla_msgs__rosidl_generator_py.so" to ""
[4.236s] -- Installing: /home/achraf/autocab/raspberryPI3/ros2_ws/install/carla_msgs/share/carla_msgs/msg/CarlaEgoVehicleControl.idl
[4.236s] -- Installing: /home/achraf/autocab/raspberryPI3/ros2_ws/install/carla_msgs/share/carla_msgs/msg/CarlaEgoVehicleControl.msg
[4.236s] -- Installing: /home/achraf/autocab/raspberryPI3/ros2_ws/install/carla_msgs/share/ament_index/resource_index/package_run_dependencies/carla_msgs
[4.236s] -- Installing: /home/achraf/autocab/raspberryPI3/ros2_ws/install/carla_msgs/share/ament_index/resource_index/parent_prefix_path/carla_msgs
[4.236s] -- Installing: /home/achraf/autocab/raspberryPI3/ros2_ws/install/carla_msgs/share/carla_msgs/environment/ament_prefix_path.sh
[4.236s] -- Installing: /home/achraf/autocab/raspberryPI3/ros2_ws/install/carla_msgs/share/carla_msgs/environment/ament_prefix_path.dsv
[4.237s] -- Installing: /home/achraf/autocab/raspberryPI3/ros2_ws/install/carla_msgs/share/carla_msgs/environment/path.sh
[4.237s] -- Installing: /home/achraf/autocab/raspberryPI3/ros2_ws/install/carla_msgs/share/carla_msgs/environment/path.dsv
[4.237s] -- Installing: /home/achraf/autocab/raspberryPI3/ros2_ws/install/carla_msgs/share/carla_msgs/local_setup.bash
[4.237s] -- Installing: /home/achraf/autocab/raspberryPI3/ros2_ws/install/carla_msgs/share/carla_msgs/local_setup.sh
[4.237s] -- Installing: /home/achraf/autocab/raspberryPI3/ros2_ws/install/carla_msgs/share/carla_msgs/local_setup.zsh
[4.237s] -- Installing: /home/achraf/autocab/raspberryPI3/ros2_ws/install/carla_msgs/share/carla_msgs/local_setup.dsv
[4.237s] -- Installing: /home/achraf/autocab/raspberryPI3/ros2_ws/install/carla_msgs/share/carla_msgs/package.dsv
[4.238s] -- Installing: /home/achraf/autocab/raspberryPI3/ros2_ws/install/carla_msgs/share/ament_index/resource_index/packages/carla_msgs
[4.238s] -- Installing: /home/achraf/autocab/raspberryPI3/ros2_ws/install/carla_msgs/share/carla_msgs/cmake/export_carla_msgs__rosidl_generator_cExport.cmake
[4.238s] -- Installing: /home/achraf/autocab/raspberryPI3/ros2_ws/install/carla_msgs/share/carla_msgs/cmake/export_carla_msgs__rosidl_generator_cExport-noconfig.cmake
[4.238s] -- Installing: /home/achraf/autocab/raspberryPI3/ros2_ws/install/carla_msgs/share/carla_msgs/cmake/export_carla_msgs__rosidl_typesupport_fastrtps_cExport.cmake
[4.238s] -- Installing: /home/achraf/autocab/raspberryPI3/ros2_ws/install/carla_msgs/share/carla_msgs/cmake/export_carla_msgs__rosidl_typesupport_fastrtps_cExport-noconfig.cmake
[4.239s] -- Installing: /home/achraf/autocab/raspberryPI3/ros2_ws/install/carla_msgs/share/carla_msgs/cmake/export_carla_msgs__rosidl_generator_cppExport.cmake
[4.239s] -- Installing: /home/achraf/autocab/raspberryPI3/ros2_ws/install/carla_msgs/share/carla_msgs/cmake/export_carla_msgs__rosidl_typesupport_fastrtps_cppExport.cmake
[4.239s] -- Installing: /home/achraf/autocab/raspberryPI3/ros2_ws/install/carla_msgs/share/carla_msgs/cmake/export_carla_msgs__rosidl_typesupport_fastrtps_cppExport-noconfig.cmake
[4.239s] -- Installing: /home/achraf/autocab/raspberryPI3/ros2_ws/install/carla_msgs/share/carla_msgs/cmake/carla_msgs__rosidl_typesupport_introspection_cExport.cmake
[4.239s] -- Installing: /home/achraf/autocab/raspberryPI3/ros2_ws/install/carla_msgs/share/carla_msgs/cmake/carla_msgs__rosidl_typesupport_introspection_cExport-noconfig.cmake
[4.239s] -- Installing: /home/achraf/autocab/raspberryPI3/ros2_ws/install/carla_msgs/share/carla_msgs/cmake/carla_msgs__rosidl_typesupport_cExport.cmake
[4.239s] -- Installing: /home/achraf/autocab/raspberryPI3/ros2_ws/install/carla_msgs/share/carla_msgs/cmake/carla_msgs__rosidl_typesupport_cExport-noconfig.cmake
[4.240s] -- Installing: /home/achraf/autocab/raspberryPI3/ros2_ws/install/carla_msgs/share/carla_msgs/cmake/carla_msgs__rosidl_typesupport_introspection_cppExport.cmake
[4.240s] -- Installing: /home/achraf/autocab/raspberryPI3/ros2_ws/install/carla_msgs/share/carla_msgs/cmake/carla_msgs__rosidl_typesupport_introspection_cppExport-noconfig.cmake
[4.240s] -- Installing: /home/achraf/autocab/raspberryPI3/ros2_ws/install/carla_msgs/share/carla_msgs/cmake/carla_msgs__rosidl_typesupport_cppExport.cmake
[4.240s] -- Installing: /home/achraf/autocab/raspberryPI3/ros2_ws/install/carla_msgs/share/carla_msgs/cmake/carla_msgs__rosidl_typesupport_cppExport-noconfig.cmake
[4.240s] -- Installing: /home/achraf/autocab/raspberryPI3/ros2_ws/install/carla_msgs/share/carla_msgs/cmake/export_carla_msgs__rosidl_generator_pyExport.cmake
[4.240s] -- Installing: /home/achraf/autocab/raspberryPI3/ros2_ws/install/carla_msgs/share/carla_msgs/cmake/export_carla_msgs__rosidl_generator_pyExport-noconfig.cmake
[4.240s] -- Installing: /home/achraf/autocab/raspberryPI3/ros2_ws/install/carla_msgs/share/carla_msgs/cmake/rosidl_cmake-extras.cmake
[4.241s] -- Installing: /home/achraf/autocab/raspberryPI3/ros2_ws/install/carla_msgs/share/carla_msgs/cmake/ament_cmake_export_dependencies-extras.cmake
[4.241s] -- Installing: /home/achraf/autocab/raspberryPI3/ros2_ws/install/carla_msgs/share/carla_msgs/cmake/ament_cmake_export_include_directories-extras.cmake
[4.241s] -- Installing: /home/achraf/autocab/raspberryPI3/ros2_ws/install/carla_msgs/share/carla_msgs/cmake/ament_cmake_export_libraries-extras.cmake
[4.241s] -- Installing: /home/achraf/autocab/raspberryPI3/ros2_ws/install/carla_msgs/share/carla_msgs/cmake/ament_cmake_export_targets-extras.cmake
[4.241s] -- Installing: /home/achraf/autocab/raspberryPI3/ros2_ws/install/carla_msgs/share/carla_msgs/cmake/rosidl_cmake_export_typesupport_targets-extras.cmake
[4.241s] -- Installing: /home/achraf/autocab/raspberryPI3/ros2_ws/install/carla_msgs/share/carla_msgs/cmake/rosidl_cmake_export_typesupport_libraries-extras.cmake
[4.242s] -- Installing: /home/achraf/autocab/raspberryPI3/ros2_ws/install/carla_msgs/share/carla_msgs/cmake/carla_msgsConfig.cmake
[4.242s] -- Installing: /home/achraf/autocab/raspberryPI3/ros2_ws/install/carla_msgs/share/carla_msgs/cmake/carla_msgsConfig-version.cmake
[4.242s] -- Installing: /home/achraf/autocab/raspberryPI3/ros2_ws/install/carla_msgs/share/carla_msgs/package.xml
[4.244s] Invoked command in '/home/achraf/autocab/raspberryPI3/ros2_ws/build/carla_msgs' returned '0': CMAKE_PREFIX_PATH=/opt/ros/humble /usr/bin/cmake --install /home/achraf/autocab/raspberryPI3/ros2_ws/build/carla_msgs
