[0.332s] Invoking command in '/home/achraf/autocab/raspberryPI3/ros2_ws/build/can': AMENT_PREFIX_PATH=/home/achraf/autocab/raspberryPI3/ros2_ws/install/interfaces:${AMENT_PREFIX_PATH} CMAKE_PREFIX_PATH=/home/achraf/autocab/raspberryPI3/ros2_ws/install/interfaces:/opt/ros/humble LD_LIBRARY_PATH=/home/achraf/autocab/raspberryPI3/ros2_ws/install/interfaces/lib:${LD_LIBRARY_PATH} PYTHONPATH=/home/achraf/autocab/raspberryPI3/ros2_ws/install/interfaces/local/lib/python3.10/dist-packages:${PYTHONPATH} /usr/bin/cmake --build /home/achraf/autocab/raspberryPI3/ros2_ws/build/can -- -j8 -l8
[0.415s] [ 50%] Built target can_tx_node
[0.419s] [100%] Built target can_rx_node
[0.435s] Invoked command in '/home/achraf/autocab/raspberryPI3/ros2_ws/build/can' returned '0': AMENT_PREFIX_PATH=/home/achraf/autocab/raspberryPI3/ros2_ws/install/interfaces:${AMENT_PREFIX_PATH} CMAKE_PREFIX_PATH=/home/achraf/autocab/raspberryPI3/ros2_ws/install/interfaces:/opt/ros/humble LD_LIBRARY_PATH=/home/achraf/autocab/raspberryPI3/ros2_ws/install/interfaces/lib:${LD_LIBRARY_PATH} PYTHONPATH=/home/achraf/autocab/raspberryPI3/ros2_ws/install/interfaces/local/lib/python3.10/dist-packages:${PYTHONPATH} /usr/bin/cmake --build /home/achraf/autocab/raspberryPI3/ros2_ws/build/can -- -j8 -l8
[0.474s] Invoking command in '/home/achraf/autocab/raspberryPI3/ros2_ws/build/can': AMENT_PREFIX_PATH=/home/achraf/autocab/raspberryPI3/ros2_ws/install/interfaces:${AMENT_PREFIX_PATH} CMAKE_PREFIX_PATH=/home/achraf/autocab/raspberryPI3/ros2_ws/install/interfaces:/opt/ros/humble LD_LIBRARY_PATH=/home/achraf/autocab/raspberryPI3/ros2_ws/install/interfaces/lib:${LD_LIBRARY_PATH} PYTHONPATH=/home/achraf/autocab/raspberryPI3/ros2_ws/install/interfaces/local/lib/python3.10/dist-packages:${PYTHONPATH} /usr/bin/cmake --install /home/achraf/autocab/raspberryPI3/ros2_ws/build/can
[0.487s] -- Install configuration: ""
[0.487s] -- Up-to-date: /home/achraf/autocab/raspberryPI3/ros2_ws/install/can/lib/can/can_rx_node
[0.488s] -- Up-to-date: /home/achraf/autocab/raspberryPI3/ros2_ws/install/can/lib/can/can_tx_node
[0.488s] -- Up-to-date: /home/achraf/autocab/raspberryPI3/ros2_ws/install/can/share/ament_index/resource_index/package_run_dependencies/can
[0.488s] -- Up-to-date: /home/achraf/autocab/raspberryPI3/ros2_ws/install/can/share/ament_index/resource_index/parent_prefix_path/can
[0.488s] -- Up-to-date: /home/achraf/autocab/raspberryPI3/ros2_ws/install/can/share/can/environment/ament_prefix_path.sh
[0.489s] -- Up-to-date: /home/achraf/autocab/raspberryPI3/ros2_ws/install/can/share/can/environment/ament_prefix_path.dsv
[0.489s] -- Up-to-date: /home/achraf/autocab/raspberryPI3/ros2_ws/install/can/share/can/environment/path.sh
[0.489s] -- Up-to-date: /home/achraf/autocab/raspberryPI3/ros2_ws/install/can/share/can/environment/path.dsv
[0.489s] -- Up-to-date: /home/achraf/autocab/raspberryPI3/ros2_ws/install/can/share/can/local_setup.bash
[0.489s] -- Up-to-date: /home/achraf/autocab/raspberryPI3/ros2_ws/install/can/share/can/local_setup.sh
[0.490s] -- Up-to-date: /home/achraf/autocab/raspberryPI3/ros2_ws/install/can/share/can/local_setup.zsh
[0.490s] -- Up-to-date: /home/achraf/autocab/raspberryPI3/ros2_ws/install/can/share/can/local_setup.dsv
[0.490s] -- Installing: /home/achraf/autocab/raspberryPI3/ros2_ws/install/can/share/can/package.dsv
[0.490s] -- Up-to-date: /home/achraf/autocab/raspberryPI3/ros2_ws/install/can/share/ament_index/resource_index/packages/can
[0.490s] -- Up-to-date: /home/achraf/autocab/raspberryPI3/ros2_ws/install/can/share/can/cmake/canConfig.cmake
[0.490s] -- Up-to-date: /home/achraf/autocab/raspberryPI3/ros2_ws/install/can/share/can/cmake/canConfig-version.cmake
[0.490s] -- Up-to-date: /home/achraf/autocab/raspberryPI3/ros2_ws/install/can/share/can/package.xml
[0.505s] Invoked command in '/home/achraf/autocab/raspberryPI3/ros2_ws/build/can' returned '0': AMENT_PREFIX_PATH=/home/achraf/autocab/raspberryPI3/ros2_ws/install/interfaces:${AMENT_PREFIX_PATH} CMAKE_PREFIX_PATH=/home/achraf/autocab/raspberryPI3/ros2_ws/install/interfaces:/opt/ros/humble LD_LIBRARY_PATH=/home/achraf/autocab/raspberryPI3/ros2_ws/install/interfaces/lib:${LD_LIBRARY_PATH} PYTHONPATH=/home/achraf/autocab/raspberryPI3/ros2_ws/install/interfaces/local/lib/python3.10/dist-packages:${PYTHONPATH} /usr/bin/cmake --install /home/achraf/autocab/raspberryPI3/ros2_ws/build/can
