gmake[1]: *** [CMakeFiles/Makefile2:563: CMakeFiles/carla_msgs__rosidl_typesupport_c__pyext.dir/all] Interrupt
Traceback (most recent call last):
  File "/home/pi/autocab/raspberryPI3/ros2_ws/build/carla_msgs/ament_cmake_python/carla_msgs/setup.py", line 1, in <module>
    from setuptools import find_packages
  File "/usr/lib/python3/dist-packages/setuptools/__init__.py", line 16, in <module>
gmake[1]: *** [CMakeFiles/Makefile2:506: CMakeFiles/carla_msgs__rosidl_typesupport_fastrtps_c__pyext.dir/all] Interrupt
    import setuptools.version
  File "/usr/lib/python3/dist-packages/setuptools/version.py", line 1, in <module>
    import pkg_resources
  File "/usr/lib/python3/dist-packages/pkg_resources/__init__.py", line 78, in <module>
    __import__('pkg_resources.extern.packaging.requirements')
  File "/usr/lib/python3/dist-packages/pkg_resources/_vendor/packaging/requirements.py", line 10, in <module>
    from pkg_resources.extern.pyparsing import (  # noqa
  File "<frozen importlib._bootstrap>", line 1027, in _find_and_load
  File "<frozen importlib._bootstrap>", line 1006, in _find_and_load_unlocked
  File "<frozen importlib._bootstrap>", line 674, in _load_unlocked
  File "<frozen importlib._bootstrap>", line 571, in module_from_spec
  File "/usr/lib/python3/dist-packages/pkg_resources/extern/__init__.py", line 52, in create_module
    return self.load_module(spec.name)
  File "/usr/lib/python3/dist-packages/pkg_resources/extern/__init__.py", line 37, in load_module
    __import__(extant)
  File "/usr/lib/python3/dist-packages/pkg_resources/_vendor/pyparsing.py", line 5399, in <module>
    class pyparsing_common:
  File "/usr/lib/python3/dist-packages/pkg_resources/_vendor/pyparsing.py", line 5565, in pyparsing_common
    sci_real = Regex(r'[+-]?\d+([eE][+-]?\d+|\.\d*([eE][+-]?\d+)?)').setName("real number with scientific notation").setParseAction(convertToFloat)
  File "/usr/lib/python3/dist-packages/pkg_resources/_vendor/pyparsing.py", line 1284, in setParseAction
    self.parseAction = list(map(_trim_arity, list(fns)))
  File "/usr/lib/python3/dist-packages/pkg_resources/_vendor/pyparsing.py", line 1096, in _trim_arity
    getattr(func, '__class__').__name__)
KeyboardInterrupt
gmake[2]: *** [CMakeFiles/ament_cmake_python_build_carla_msgs_egg.dir/build.make:70: CMakeFiles/ament_cmake_python_build_carla_msgs_egg] Interrupt
gmake[1]: *** [CMakeFiles/Makefile2:447: CMakeFiles/ament_cmake_python_build_carla_msgs_egg.dir/all] Interrupt
gmake: *** [Makefile:146: all] Interrupt
