[01m[K/home/lilultime/Autocab/autocab/raspberryPI3/ros2_ws/src/car_control/src/fromAtoB.cpp:[m[K In function ‘[01m[Kint* straightLine(float, float, float*, float&, bool&, float&)[m[K’:
[01m[K/home/lilultime/Autocab/autocab/raspberryPI3/ros2_ws/src/car_control/src/fromAtoB.cpp:40:23:[m[K [01;31m[Kerror: [m[K‘[01m[Kdegrees[m[K’ was not declared in this scope
   40 |         float angle = [01;31m[Kdegrees[m[K(acos((aVector[0]*bVector[0] + aVector[1]*bVector[1])/(sqrt(pow(aVector[0], 2) + pow(aVector[1], 2)) * sqrt(pow(bVector[0], 2) + pow(bVector[1], 2)))));
      |                       [01;31m[K^~~~~~~[m[K
gmake[2]: *** [CMakeFiles/car_control_node.dir/build.make:118: CMakeFiles/car_control_node.dir/src/fromAtoB.cpp.o] Error 1
gmake[2]: *** Waiting for unfinished jobs....
[01m[K/home/lilultime/Autocab/autocab/raspberryPI3/ros2_ws/src/car_control/src/car_control_node.cpp:233:50:[m[K [01;31m[Kerror: [m[K‘[01m[Kgnss[m[K’ in namespace ‘[01m[Kinterfaces::msg[m[K’ does not name a type; did you mean ‘[01m[KGnss[m[K’?
  233 |     void gnssDataCallback(const interfaces::msg::[01;31m[Kgnss[m[K & gnssData){
      |                                                  [01;31m[K^~~~[m[K
      |                                                  [32m[KGnss[m[K
[01m[K/home/lilultime/Autocab/autocab/raspberryPI3/ros2_ws/src/car_control/src/car_control_node.cpp:240:6:[m[K [01;31m[Kerror: [m[Kexpected ‘[01m[K;[m[K’ after class definition
  240 |     }
      |      [01;31m[K^[m[K
      |      [32m[K;[m[K
[01m[K/home/lilultime/Autocab/autocab/raspberryPI3/ros2_ws/src/car_control/src/car_control_node.cpp:[m[K In constructor ‘[01m[Kcar_control::car_control()[m[K’:
[01m[K/home/lilultime/Autocab/autocab/raspberryPI3/ros2_ws/src/car_control/src/car_control_node.cpp:30:9:[m[K [01;31m[Kerror: [m[K‘[01m[Kstart[m[K’ was not declared in this scope
   30 |         [01;31m[Kstart[m[K = false;
      |         [01;31m[K^~~~~[m[K
[01m[K/home/lilultime/Autocab/autocab/raspberryPI3/ros2_ws/src/car_control/src/car_control_node.cpp:31:9:[m[K [01;31m[Kerror: [m[K‘[01m[Kmode[m[K’ was not declared in this scope; did you mean ‘[01m[KNode[m[K’?
   31 |         [01;31m[Kmode[m[K = 0;
      |         [01;31m[K^~~~[m[K
      |         [32m[KNode[m[K
[01m[K/home/lilultime/Autocab/autocab/raspberryPI3/ros2_ws/src/car_control/src/car_control_node.cpp:32:9:[m[K [01;31m[Kerror: [m[K‘[01m[KrequestedThrottle[m[K’ was not declared in this scope
   32 |         [01;31m[KrequestedThrottle[m[K = 0;
      |         [01;31m[K^~~~~~~~~~~~~~~~~[m[K
[01m[K/home/lilultime/Autocab/autocab/raspberryPI3/ros2_ws/src/car_control/src/car_control_node.cpp:33:9:[m[K [01;31m[Kerror: [m[K‘[01m[KrequestedSteerAngle[m[K’ was not declared in this scope
   33 |         [01;31m[KrequestedSteerAngle[m[K = 0;
      |         [01;31m[K^~~~~~~~~~~~~~~~~~~[m[K
[01m[K/home/lilultime/Autocab/autocab/raspberryPI3/ros2_ws/src/car_control/src/car_control_node.cpp:34:9:[m[K [01;31m[Kerror: [m[K‘[01m[KcurrentLatitude[m[K’ was not declared in this scope
   34 |         [01;31m[KcurrentLatitude[m[K = 0;
      |         [01;31m[K^~~~~~~~~~~~~~~[m[K
[01m[K/home/lilultime/Autocab/autocab/raspberryPI3/ros2_ws/src/car_control/src/car_control_node.cpp:35:9:[m[K [01;31m[Kerror: [m[K‘[01m[KcurrentLongitude[m[K’ was not declared in this scope
   35 |         [01;31m[KcurrentLongitude[m[K = 0;
      |         [01;31m[K^~~~~~~~~~~~~~~~[m[K
[01m[K/home/lilultime/Autocab/autocab/raspberryPI3/ros2_ws/src/car_control/src/car_control_node.cpp:36:9:[m[K [01;31m[Kerror: [m[K‘[01m[KcurrentDirection[m[K’ was not declared in this scope
   36 |         [01;31m[KcurrentDirection[m[K[0]=1;
      |         [01;31m[K^~~~~~~~~~~~~~~~[m[K
[01m[K/home/lilultime/Autocab/autocab/raspberryPI3/ros2_ws/src/car_control/src/car_control_node.cpp:40:9:[m[K [01;31m[Kerror: [m[K‘[01m[Kpublisher_can_[m[K’ was not declared in this scope
   40 |         [01;31m[Kpublisher_can_[m[K= this->create_publisher<interfaces::msg::MotorsOrder>("motors_order", 10);
      |         [01;31m[K^~~~~~~~~~~~~~[m[K
[01m[K/home/lilultime/Autocab/autocab/raspberryPI3/ros2_ws/src/car_control/src/car_control_node.cpp:42:9:[m[K [01;31m[Kerror: [m[K‘[01m[Kpublisher_steeringCalibration_[m[K’ was not declared in this scope; did you mean ‘[01m[KstartSteeringCalibration[m[K’?
   42 |         [01;31m[Kpublisher_steeringCalibration_[m[K = this->create_publisher<interfaces::msg::SteeringCalibration>("steering_calibration", 10);
      |         [01;31m[K^~~~~~~~~~~~~~~~~~~~~~~~~~~~~~[m[K
      |         [32m[KstartSteeringCalibration[m[K
[01m[K/home/lilultime/Autocab/autocab/raspberryPI3/ros2_ws/src/car_control/src/car_control_node.cpp:46:9:[m[K [01;31m[Kerror: [m[K‘[01m[Ksubscription_joystick_order_[m[K’ was not declared in this scope
   46 |         [01;31m[Ksubscription_joystick_order_[m[K = this->create_subscription<interfaces::msg::JoystickOrder>(
      |         [01;31m[K^~~~~~~~~~~~~~~~~~~~~~~~~~~~[m[K
[01m[K/home/lilultime/Autocab/autocab/raspberryPI3/ros2_ws/src/car_control/src/car_control_node.cpp:49:9:[m[K [01;31m[Kerror: [m[K‘[01m[Ksubscription_motors_feedback_[m[K’ was not declared in this scope
   49 |         [01;31m[Ksubscription_motors_feedback_[m[K = this->create_subscription<interfaces::msg::MotorsFeedback>(
      |         [01;31m[K^~~~~~~~~~~~~~~~~~~~~~~~~~~~~[m[K
[01m[K/home/lilultime/Autocab/autocab/raspberryPI3/ros2_ws/src/car_control/src/car_control_node.cpp:52:9:[m[K [01;31m[Kerror: [m[K‘[01m[Ksubscription_steering_calibration_[m[K’ was not declared in this scope
   52 |         [01;31m[Ksubscription_steering_calibration_[m[K = this->create_subscription<interfaces::msg::SteeringCalibration>(
      |         [01;31m[K^~~~~~~~~~~~~~~~~~~~~~~~~~~~~~~~~~[m[K
[01m[K/home/lilultime/Autocab/autocab/raspberryPI3/ros2_ws/src/car_control/src/car_control_node.cpp:55:9:[m[K [01;31m[Kerror: [m[K‘[01m[Ksubscription_gnss_data_[m[K’ was not declared in this scope
   55 |         [01;31m[Ksubscription_gnss_data_[m[K = this->create_subscription<interfaces::msg::Gnss>(
      |         [01;31m[K^~~~~~~~~~~~~~~~~~~~~~~[m[K
[01m[K/home/lilultime/Autocab/autocab/raspberryPI3/ros2_ws/src/car_control/src/car_control_node.cpp:61:9:[m[K [01;31m[Kerror: [m[K‘[01m[Kserver_calibration_[m[K’ was not declared in this scope
   61 |         [01;31m[Kserver_calibration_[m[K = this->create_service<std_srvs::srv::Empty>(
      |         [01;31m[K^~~~~~~~~~~~~~~~~~~[m[K
[01m[K/home/lilultime/Autocab/autocab/raspberryPI3/ros2_ws/src/car_control/src/car_control_node.cpp:64:9:[m[K [01;31m[Kerror: [m[K‘[01m[Ktimer_[m[K’ was not declared in this scope; did you mean ‘[01m[Ktimer_t[m[K’?
   64 |         [01;31m[Ktimer_[m[K = this->create_wall_timer(PERIOD_UPDATE_CMD, std::bind(&car_control::updateCmd, this));
      |         [01;31m[K^~~~~~[m[K
      |         [32m[Ktimer_t[m[K
[01m[K/home/lilultime/Autocab/autocab/raspberryPI3/ros2_ws/src/car_control/src/car_control_node.cpp:[m[K In member function ‘[01m[Kvoid car_control::joystickOrderCallback(const JoystickOrder&)[m[K’:
[01m[K/home/lilultime/Autocab/autocab/raspberryPI3/ros2_ws/src/car_control/src/car_control_node.cpp:80:31:[m[K [01;31m[Kerror: [m[K‘[01m[Kstart[m[K’ was not declared in this scope
   80 |         if (joyOrder.start != [01;31m[Kstart[m[K){
      |                               [01;31m[K^~~~~[m[K
[01m[K/home/lilultime/Autocab/autocab/raspberryPI3/ros2_ws/src/car_control/src/car_control_node.cpp:90:30:[m[K [01;31m[Kerror: [m[K‘[01m[Kmode[m[K’ was not declared in this scope; did you mean ‘[01m[KNode[m[K’?
   90 |         if (joyOrder.mode != [01;31m[Kmode[m[K && joyOrder.mode != -1){ //if mode change
      |                              [01;31m[K^~~~[m[K
      |                              [32m[KNode[m[K
[01m[K/home/lilultime/Autocab/autocab/raspberryPI3/ros2_ws/src/car_control/src/car_control_node.cpp:103:13:[m[K [01;31m[Kerror: [m[K‘[01m[Kmode[m[K’ was not declared in this scope; did you mean ‘[01m[KNode[m[K’?
  103 |         if ([01;31m[Kmode[m[K == 0 && start){  //if manual mode -> update requestedThrottle, requestedSteerAngle and reverse from joystick order
      |             [01;31m[K^~~~[m[K
      |             [32m[KNode[m[K
[01m[K/home/lilultime/Autocab/autocab/raspberryPI3/ros2_ws/src/car_control/src/car_control_node.cpp:103:26:[m[K [01;31m[Kerror: [m[K‘[01m[Kstart[m[K’ was not declared in this scope
  103 |         if (mode == 0 && [01;31m[Kstart[m[K){  //if manual mode -> update requestedThrottle, requestedSteerAngle and reverse from joystick order
      |                          [01;31m[K^~~~~[m[K
[01m[K/home/lilultime/Autocab/autocab/raspberryPI3/ros2_ws/src/car_control/src/car_control_node.cpp:104:13:[m[K [01;31m[Kerror: [m[K‘[01m[KrequestedThrottle[m[K’ was not declared in this scope
  104 |             [01;31m[KrequestedThrottle[m[K = joyOrder.throttle;
      |             [01;31m[K^~~~~~~~~~~~~~~~~[m[K
[01m[K/home/lilultime/Autocab/autocab/raspberryPI3/ros2_ws/src/car_control/src/car_control_node.cpp:105:13:[m[K [01;31m[Kerror: [m[K‘[01m[KrequestedSteerAngle[m[K’ was not declared in this scope
  105 |             [01;31m[KrequestedSteerAngle[m[K = joyOrder.steer;
      |             [01;31m[K^~~~~~~~~~~~~~~~~~~[m[K
[01m[K/home/lilultime/Autocab/autocab/raspberryPI3/ros2_ws/src/car_control/src/car_control_node.cpp:106:32:[m[K [01;31m[Kerror: [m[Koverloaded function with no contextual type information
  106 |             reverse = joyOrder.[01;31m[Kreverse[m[K;
      |                                [01;31m[K^~~~~~~[m[K
[01m[K/home/lilultime/Autocab/autocab/raspberryPI3/ros2_ws/src/car_control/src/car_control_node.cpp:[m[K In member function ‘[01m[Kvoid car_control::motorsFeedbackCallback(const MotorsFeedback&)[m[K’:
[01m[K/home/lilultime/Autocab/autocab/raspberryPI3/ros2_ws/src/car_control/src/car_control_node.cpp:116:9:[m[K [01;31m[Kerror: [m[K‘[01m[KcurrentAngle[m[K’ was not declared in this scope
  116 |         [01;31m[KcurrentAngle[m[K = motorsFeedback.steering_angle;
      |         [01;31m[K^~~~~~~~~~~~[m[K
[01m[K/home/lilultime/Autocab/autocab/raspberryPI3/ros2_ws/src/car_control/src/car_control_node.cpp:[m[K In member function ‘[01m[Kvoid car_control::updateCmd()[m[K’:
[01m[K/home/lilultime/Autocab/autocab/raspberryPI3/ros2_ws/src/car_control/src/car_control_node.cpp:132:14:[m[K [01;31m[Kerror: [m[K‘[01m[Kstart[m[K’ was not declared in this scope
  132 |         if (![01;31m[Kstart[m[K){    //Car stopped
      |              [01;31m[K^~~~~[m[K
[01m[K/home/lilultime/Autocab/autocab/raspberryPI3/ros2_ws/src/car_control/src/car_control_node.cpp:133:13:[m[K [01;31m[Kerror: [m[K‘[01m[KleftRearPwmCmd[m[K’ was not declared in this scope
  133 |             [01;31m[KleftRearPwmCmd[m[K = STOP;
      |             [01;31m[K^~~~~~~~~~~~~~[m[K
[01m[K/home/lilultime/Autocab/autocab/raspberryPI3/ros2_ws/src/car_control/src/car_control_node.cpp:134:13:[m[K [01;31m[Kerror: [m[K‘[01m[KrightRearPwmCmd[m[K’ was not declared in this scope
  134 |             [01;31m[KrightRearPwmCmd[m[K = STOP;
      |             [01;31m[K^~~~~~~~~~~~~~~[m[K
[01m[K/home/lilultime/Autocab/autocab/raspberryPI3/ros2_ws/src/car_control/src/car_control_node.cpp:135:13:[m[K [01;31m[Kerror: [m[K‘[01m[KsteeringPwmCmd[m[K’ was not declared in this scope; did you mean ‘[01m[KsteeringCmd[m[K’?
  135 |             [01;31m[KsteeringPwmCmd[m[K = STOP;
      |             [01;31m[K^~~~~~~~~~~~~~[m[K
      |             [32m[KsteeringCmd[m[K
[01m[K/home/lilultime/Autocab/autocab/raspberryPI3/ros2_ws/src/car_control/src/car_control_node.cpp:141:17:[m[K [01;31m[Kerror: [m[K‘[01m[Kmode[m[K’ was not declared in this scope; did you mean ‘[01m[KNode[m[K’?
  141 |             if ([01;31m[Kmode[m[K==0){
      |                 [01;31m[K^~~~[m[K
      |                 [32m[KNode[m[K
[01m[K/home/lilultime/Autocab/autocab/raspberryPI3/ros2_ws/src/car_control/src/car_control_node.cpp:143:37:[m[K [01;31m[Kerror: [m[K‘[01m[KrequestedThrottle[m[K’ was not declared in this scope
  143 |                 manualPropulsionCmd([01;31m[KrequestedThrottle[m[K, reverse, leftRearPwmCmd,rightRearPwmCmd);
      |                                     [01;31m[K^~~~~~~~~~~~~~~~~[m[K
[01m[K/home/lilultime/Autocab/autocab/raspberryPI3/ros2_ws/src/car_control/src/car_control_node.cpp:143:65:[m[K [01;31m[Kerror: [m[K‘[01m[KleftRearPwmCmd[m[K’ was not declared in this scope
  143 |                 manualPropulsionCmd(requestedThrottle, reverse, [01;31m[KleftRearPwmCmd[m[K,rightRearPwmCmd);
      |                                                                 [01;31m[K^~~~~~~~~~~~~~[m[K
[01m[K/home/lilultime/Autocab/autocab/raspberryPI3/ros2_ws/src/car_control/src/car_control_node.cpp:143:80:[m[K [01;31m[Kerror: [m[K‘[01m[KrightRearPwmCmd[m[K’ was not declared in this scope
  143 |                 manualPropulsionCmd(requestedThrottle, reverse, leftRearPwmCmd,[01;31m[KrightRearPwmCmd[m[K);
      |                                                                                [01;31m[K^~~~~~~~~~~~~~~[m[K
[01m[K/home/lilultime/Autocab/autocab/raspberryPI3/ros2_ws/src/car_control/src/car_control_node.cpp:145:29:[m[K [01;31m[Kerror: [m[K‘[01m[KrequestedSteerAngle[m[K’ was not declared in this scope
  145 |                 steeringCmd([01;31m[KrequestedSteerAngle[m[K,currentAngle, steeringPwmCmd);
      |                             [01;31m[K^~~~~~~~~~~~~~~~~~~[m[K
[01m[K/home/lilultime/Autocab/autocab/raspberryPI3/ros2_ws/src/car_control/src/car_control_node.cpp:145:49:[m[K [01;31m[Kerror: [m[K‘[01m[KcurrentAngle[m[K’ was not declared in this scope
  145 |                 steeringCmd(requestedSteerAngle,[01;31m[KcurrentAngle[m[K, steeringPwmCmd);
      |                                                 [01;31m[K^~~~~~~~~~~~[m[K
[01m[K/home/lilultime/Autocab/autocab/raspberryPI3/ros2_ws/src/car_control/src/car_control_node.cpp:145:63:[m[K [01;31m[Kerror: [m[K‘[01m[KsteeringPwmCmd[m[K’ was not declared in this scope; did you mean ‘[01m[KsteeringCmd[m[K’?
  145 |                 steeringCmd(requestedSteerAngle,currentAngle, [01;31m[KsteeringPwmCmd[m[K);
      |                                                               [01;31m[K^~~~~~~~~~~~~~[m[K
      |                                                               [32m[KsteeringCmd[m[K
[01m[K/home/lilultime/Autocab/autocab/raspberryPI3/ros2_ws/src/car_control/src/car_control_node.cpp:151:30:[m[K [01;31m[Kerror: [m[K‘[01m[KcurrentLatitude[m[K’ was not declared in this scope
  151 |                 straightLine([01;31m[KcurrentLatitude[m[K, currentLongitude, currentDirection, requestedThrottle, reverse, requestedSteerAngle);
      |                              [01;31m[K^~~~~~~~~~~~~~~[m[K
[01m[K/home/lilultime/Autocab/autocab/raspberryPI3/ros2_ws/src/car_control/src/car_control_node.cpp:151:47:[m[K [01;31m[Kerror: [m[K‘[01m[KcurrentLongitude[m[K’ was not declared in this scope
  151 |                 straightLine(currentLatitude, [01;31m[KcurrentLongitude[m[K, currentDirection, requestedThrottle, reverse, requestedSteerAngle);
      |                                               [01;31m[K^~~~~~~~~~~~~~~~[m[K
[01m[K/home/lilultime/Autocab/autocab/raspberryPI3/ros2_ws/src/car_control/src/car_control_node.cpp:151:65:[m[K [01;31m[Kerror: [m[K‘[01m[KcurrentDirection[m[K’ was not declared in this scope
  151 |                 straightLine(currentLatitude, currentLongitude, [01;31m[KcurrentDirection[m[K, requestedThrottle, reverse, requestedSteerAngle);
      |                                                                 [01;31m[K^~~~~~~~~~~~~~~~[m[K
[01m[K/home/lilultime/Autocab/autocab/raspberryPI3/ros2_ws/src/car_control/src/car_control_node.cpp:151:83:[m[K [01;31m[Kerror: [m[K‘[01m[KrequestedThrottle[m[K’ was not declared in this scope
  151 |                 straightLine(currentLatitude, currentLongitude, currentDirection, [01;31m[KrequestedThrottle[m[K, reverse, requestedSteerAngle);
      |                                                                                   [01;31m[K^~~~~~~~~~~~~~~~~[m[K
[01m[K/home/lilultime/Autocab/autocab/raspberryPI3/ros2_ws/src/car_control/src/car_control_node.cpp:151:111:[m[K [01;31m[Kerror: [m[K‘[01m[KrequestedSteerAngle[m[K’ was not declared in this scope
  151 |                 straightLine(currentLatitude, currentLongitude, currentDirection, requestedThrottle, reverse, [01;31m[KrequestedSteerAngle[m[K);
      |                                                                                                               [01;31m[K^~~~~~~~~~~~~~~~~~~[m[K
[01m[K/home/lilultime/Autocab/autocab/raspberryPI3/ros2_ws/src/car_control/src/car_control_node.cpp:153:65:[m[K [01;31m[Kerror: [m[K‘[01m[KleftRearPwmCmd[m[K’ was not declared in this scope
  153 |                 manualPropulsionCmd(requestedThrottle, reverse, [01;31m[KleftRearPwmCmd[m[K,rightRearPwmCmd);
      |                                                                 [01;31m[K^~~~~~~~~~~~~~[m[K
[01m[K/home/lilultime/Autocab/autocab/raspberryPI3/ros2_ws/src/car_control/src/car_control_node.cpp:153:80:[m[K [01;31m[Kerror: [m[K‘[01m[KrightRearPwmCmd[m[K’ was not declared in this scope
  153 |                 manualPropulsionCmd(requestedThrottle, reverse, leftRearPwmCmd,[01;31m[KrightRearPwmCmd[m[K);
      |                                                                                [01;31m[K^~~~~~~~~~~~~~~[m[K
[01m[K/home/lilultime/Autocab/autocab/raspberryPI3/ros2_ws/src/car_control/src/car_control_node.cpp:155:49:[m[K [01;31m[Kerror: [m[K‘[01m[KcurrentAngle[m[K’ was not declared in this scope
  155 |                 steeringCmd(requestedSteerAngle,[01;31m[KcurrentAngle[m[K, steeringPwmCmd);
      |                                                 [01;31m[K^~~~~~~~~~~~[m[K
[01m[K/home/lilultime/Autocab/autocab/raspberryPI3/ros2_ws/src/car_control/src/car_control_node.cpp:155:63:[m[K [01;31m[Kerror: [m[K‘[01m[KsteeringPwmCmd[m[K’ was not declared in this scope; did you mean ‘[01m[KsteeringCmd[m[K’?
  155 |                 steeringCmd(requestedSteerAngle,currentAngle, [01;31m[KsteeringPwmCmd[m[K);
      |                                                               [01;31m[K^~~~~~~~~~~~~~[m[K
      |                                                               [32m[KsteeringCmd[m[K
[01m[K/home/lilultime/Autocab/autocab/raspberryPI3/ros2_ws/src/car_control/src/car_control_node.cpp:162:37:[m[K [01;31m[Kerror: [m[K‘[01m[KleftRearPwmCmd[m[K’ was not declared in this scope
  162 |         motorsOrder.left_rear_pwm = [01;31m[KleftRearPwmCmd[m[K;
      |                                     [01;31m[K^~~~~~~~~~~~~~[m[K
[01m[K/home/lilultime/Autocab/autocab/raspberryPI3/ros2_ws/src/car_control/src/car_control_node.cpp:163:38:[m[K [01;31m[Kerror: [m[K‘[01m[KrightRearPwmCmd[m[K’ was not declared in this scope
  163 |         motorsOrder.right_rear_pwm = [01;31m[KrightRearPwmCmd[m[K;
      |                                      [01;31m[K^~~~~~~~~~~~~~~[m[K
[01m[K/home/lilultime/Autocab/autocab/raspberryPI3/ros2_ws/src/car_control/src/car_control_node.cpp:164:36:[m[K [01;31m[Kerror: [m[K‘[01m[KsteeringPwmCmd[m[K’ was not declared in this scope; did you mean ‘[01m[KsteeringCmd[m[K’?
  164 |         motorsOrder.steering_pwm = [01;31m[KsteeringPwmCmd[m[K;
      |                                    [01;31m[K^~~~~~~~~~~~~~[m[K
      |                                    [32m[KsteeringCmd[m[K
[01m[K/home/lilultime/Autocab/autocab/raspberryPI3/ros2_ws/src/car_control/src/car_control_node.cpp:167:9:[m[K [01;31m[Kerror: [m[K‘[01m[Kpublisher_can_[m[K’ was not declared in this scope
  167 |         [01;31m[Kpublisher_can_[m[K->publish(motorsOrder);
      |         [01;31m[K^~~~~~~~~~~~~~[m[K
[01m[K/home/lilultime/Autocab/autocab/raspberryPI3/ros2_ws/src/car_control/src/car_control_node.cpp:[m[K In member function ‘[01m[Kvoid car_control::startSteeringCalibration()[m[K’:
[01m[K/home/lilultime/Autocab/autocab/raspberryPI3/ros2_ws/src/car_control/src/car_control_node.cpp:181:9:[m[K [01;31m[Kerror: [m[K‘[01m[Kpublisher_steeringCalibration_[m[K’ was not declared in this scope; did you mean ‘[01m[KstartSteeringCalibration[m[K’?
  181 |         [01;31m[Kpublisher_steeringCalibration_[m[K->publish(calibrationMsg);
      |         [01;31m[K^~~~~~~~~~~~~~~~~~~~~~~~~~~~~~[m[K
      |         [32m[KstartSteeringCalibration[m[K
[01m[K/home/lilultime/Autocab/autocab/raspberryPI3/ros2_ws/src/car_control/src/car_control_node.cpp:[m[K In member function ‘[01m[Kvoid car_control::steeringCalibration(std_srvs::srv::Empty_Request_<std::allocator<void> >::SharedPtr, std_srvs::srv::Empty_Response_<std::allocator<void> >::SharedPtr)[m[K’:
[01m[K/home/lilultime/Autocab/autocab/raspberryPI3/ros2_ws/src/car_control/src/car_control_node.cpp:193:9:[m[K [01;31m[Kerror: [m[K‘[01m[Kmode[m[K’ was not declared in this scope; did you mean ‘[01m[KNode[m[K’?
  193 |         [01;31m[Kmode[m[K = 2;    //Switch to calibration mode
      |         [01;31m[K^~~~[m[K
      |         [32m[KNode[m[K
[01m[K/home/lilultime/Autocab/autocab/raspberryPI3/ros2_ws/src/car_control/src/car_control_node.cpp:[m[K In member function ‘[01m[Kvoid car_control::steeringCalibrationCallback(const SteeringCalibration&)[m[K’:
[01m[K/home/lilultime/Autocab/autocab/raspberryPI3/ros2_ws/src/car_control/src/car_control_node.cpp:214:13:[m[K [01;31m[Kerror: [m[K‘[01m[Kmode[m[K’ was not declared in this scope; did you mean ‘[01m[KNode[m[K’?
  214 |             [01;31m[Kmode[m[K = 0;    //Switch to manual mode
      |             [01;31m[K^~~~[m[K
      |             [32m[KNode[m[K
[01m[K/home/lilultime/Autocab/autocab/raspberryPI3/ros2_ws/src/car_control/src/car_control_node.cpp:215:13:[m[K [01;31m[Kerror: [m[K‘[01m[Kstart[m[K’ was not declared in this scope
  215 |             [01;31m[Kstart[m[K = false;  //Stop car
      |             [01;31m[K^~~~~[m[K
[01m[K/home/lilultime/Autocab/autocab/raspberryPI3/ros2_ws/src/car_control/src/car_control_node.cpp:220:13:[m[K [01;31m[Kerror: [m[K‘[01m[Kmode[m[K’ was not declared in this scope; did you mean ‘[01m[KNode[m[K’?
  220 |             [01;31m[Kmode[m[K = 0;    //Switch to manual mode
      |             [01;31m[K^~~~[m[K
      |             [32m[KNode[m[K
[01m[K/home/lilultime/Autocab/autocab/raspberryPI3/ros2_ws/src/car_control/src/car_control_node.cpp:221:13:[m[K [01;31m[Kerror: [m[K‘[01m[Kstart[m[K’ was not declared in this scope
  221 |             [01;31m[Kstart[m[K = false;  //Stop car
      |             [01;31m[K^~~~~[m[K
[01m[K/home/lilultime/Autocab/autocab/raspberryPI3/ros2_ws/src/car_control/src/car_control_node.cpp:[m[K In member function ‘[01m[Kvoid car_control::gnssDataCallback(const int&)[m[K’:
[01m[K/home/lilultime/Autocab/autocab/raspberryPI3/ros2_ws/src/car_control/src/car_control_node.cpp:234:18:[m[K [01;31m[Kerror: [m[K‘[01m[KcurrentLatitude[m[K’ was not declared in this scope
  234 |         if ((abs([01;31m[KcurrentLatitude[m[K-gnssData.latitude) >= MIN_UPDATE_COORDINATES) || (abs(currentLongitude-gnssData.longitude) >= MIN_UPDATE_COORDINATES)){
      |                  [01;31m[K^~~~~~~~~~~~~~~[m[K
[01m[K/home/lilultime/Autocab/autocab/raspberryPI3/ros2_ws/src/car_control/src/car_control_node.cpp:234:43:[m[K [01;31m[Kerror: [m[Krequest for member ‘[01m[Klatitude[m[K’ in ‘[01m[KgnssData[m[K’, which is of non-class type ‘[01m[Kconst int[m[K’
  234 |         if ((abs(currentLatitude-gnssData.[01;31m[Klatitude[m[K) >= MIN_UPDATE_COORDINATES) || (abs(currentLongitude-gnssData.longitude) >= MIN_UPDATE_COORDINATES)){
      |                                           [01;31m[K^~~~~~~~[m[K
[01m[K/home/lilultime/Autocab/autocab/raspberryPI3/ros2_ws/src/car_control/src/car_control_node.cpp:234:88:[m[K [01;31m[Kerror: [m[K‘[01m[KcurrentLongitude[m[K’ was not declared in this scope
  234 |         if ((abs(currentLatitude-gnssData.latitude) >= MIN_UPDATE_COORDINATES) || (abs([01;31m[KcurrentLongitude[m[K-gnssData.longitude) >= MIN_UPDATE_COORDINATES)){
      |                                                                                        [01;31m[K^~~~~~~~~~~~~~~~[m[K
[01m[K/home/lilultime/Autocab/autocab/raspberryPI3/ros2_ws/src/car_control/src/car_control_node.cpp:234:114:[m[K [01;31m[Kerror: [m[Krequest for member ‘[01m[Klongitude[m[K’ in ‘[01m[KgnssData[m[K’, which is of non-class type ‘[01m[Kconst int[m[K’
  234 |         if ((abs(currentLatitude-gnssData.latitude) >= MIN_UPDATE_COORDINATES) || (abs(currentLongitude-gnssData.[01;31m[Klongitude[m[K) >= MIN_UPDATE_COORDINATES)){
      |                                                                                                                  [01;31m[K^~~~~~~~~[m[K
[01m[K/home/lilultime/Autocab/autocab/raspberryPI3/ros2_ws/src/car_control/src/car_control_node.cpp:235:13:[m[K [01;31m[Kerror: [m[K‘[01m[KcurrentDirection[m[K’ was not declared in this scope
  235 |             [01;31m[KcurrentDirection[m[K[0] =  gnssData.latitude - currentLatitude ;
      |             [01;31m[K^~~~~~~~~~~~~~~~[m[K
[01m[K/home/lilultime/Autocab/autocab/raspberryPI3/ros2_ws/src/car_control/src/car_control_node.cpp:235:45:[m[K [01;31m[Kerror: [m[Krequest for member ‘[01m[Klatitude[m[K’ in ‘[01m[KgnssData[m[K’, which is of non-class type ‘[01m[Kconst int[m[K’
  235 |             currentDirection[0] =  gnssData.[01;31m[Klatitude[m[K - currentLatitude ;
      |                                             [01;31m[K^~~~~~~~[m[K
[01m[K/home/lilultime/Autocab/autocab/raspberryPI3/ros2_ws/src/car_control/src/car_control_node.cpp:236:45:[m[K [01;31m[Kerror: [m[Krequest for member ‘[01m[Klongitude[m[K’ in ‘[01m[KgnssData[m[K’, which is of non-class type ‘[01m[Kconst int[m[K’
  236 |             currentDirection[1] =  gnssData.[01;31m[Klongitude[m[K - currentLongitude};
      |                                             [01;31m[K^~~~~~~~~[m[K
[01m[K/home/lilultime/Autocab/autocab/raspberryPI3/ros2_ws/src/car_control/src/car_control_node.cpp:237:13:[m[K [01;31m[Kerror: [m[K‘[01m[KcurrentLatitude[m[K’ was not declared in this scope
  237 |             [01;31m[KcurrentLatitude[m[K = gnssData.latitude;
      |             [01;31m[K^~~~~~~~~~~~~~~[m[K
[01m[K/home/lilultime/Autocab/autocab/raspberryPI3/ros2_ws/src/car_control/src/car_control_node.cpp:237:40:[m[K [01;31m[Kerror: [m[Krequest for member ‘[01m[Klatitude[m[K’ in ‘[01m[KgnssData[m[K’, which is of non-class type ‘[01m[Kconst int[m[K’
  237 |             currentLatitude = gnssData.[01;31m[Klatitude[m[K;
      |                                        [01;31m[K^~~~~~~~[m[K
[01m[K/home/lilultime/Autocab/autocab/raspberryPI3/ros2_ws/src/car_control/src/car_control_node.cpp:238:13:[m[K [01;31m[Kerror: [m[K‘[01m[KcurrentLongitude[m[K’ was not declared in this scope
  238 |             [01;31m[KcurrentLongitude[m[K = gnssData.longitude;
      |             [01;31m[K^~~~~~~~~~~~~~~~[m[K
[01m[K/home/lilultime/Autocab/autocab/raspberryPI3/ros2_ws/src/car_control/src/car_control_node.cpp:238:41:[m[K [01;31m[Kerror: [m[Krequest for member ‘[01m[Klongitude[m[K’ in ‘[01m[KgnssData[m[K’, which is of non-class type ‘[01m[Kconst int[m[K’
  238 |             currentLongitude = gnssData.[01;31m[Klongitude[m[K;
      |                                         [01;31m[K^~~~~~~~~[m[K
[01m[K/home/lilultime/Autocab/autocab/raspberryPI3/ros2_ws/src/car_control/src/car_control_node.cpp:[m[K At global scope:
[01m[K/home/lilultime/Autocab/autocab/raspberryPI3/ros2_ws/src/car_control/src/car_control_node.cpp:275:43:[m[K [01;31m[Kerror: [m[K‘[01m[Kgnss[m[K’ is not a member of ‘[01m[Kinterfaces::msg[m[K’; did you mean ‘[01m[KGnss[m[K’?
  275 |     rclcpp::Subscription<interfaces::msg::[01;31m[Kgnss[m[K>::SharedPtr subscription_gnss_data_;
      |                                           [01;31m[K^~~~[m[K
      |                                           [32m[KGnss[m[K
[01m[K/home/lilultime/Autocab/autocab/raspberryPI3/ros2_ws/src/car_control/src/car_control_node.cpp:275:47:[m[K [01;31m[Kerror: [m[Ktemplate argument 1 is invalid
  275 |     rclcpp::Subscription<interfaces::msg::gnss[01;31m[K>[m[K::SharedPtr subscription_gnss_data_;
      |                                               [01;31m[K^[m[K
[01m[K/home/lilultime/Autocab/autocab/raspberryPI3/ros2_ws/src/car_control/src/car_control_node.cpp:275:47:[m[K [01;31m[Kerror: [m[Ktemplate argument 3 is invalid
[01m[K/home/lilultime/Autocab/autocab/raspberryPI3/ros2_ws/src/car_control/src/car_control_node.cpp:275:47:[m[K [01;31m[Kerror: [m[Ktemplate argument 4 is invalid
[01m[K/home/lilultime/Autocab/autocab/raspberryPI3/ros2_ws/src/car_control/src/car_control_node.cpp:275:47:[m[K [01;31m[Kerror: [m[Ktemplate argument 5 is invalid
[01m[K/home/lilultime/Autocab/autocab/raspberryPI3/ros2_ws/src/car_control/src/car_control_node.cpp:275:60:[m[K [01;31m[Kerror: [m[Kexpected initializer before ‘[01m[Ksubscription_gnss_data_[m[K’
  275 |     rclcpp::Subscription<interfaces::msg::gnss>::SharedPtr [01;31m[Ksubscription_gnss_data_[m[K;
      |                                                            [01;31m[K^~~~~~~~~~~~~~~~~~~~~~~[m[K
[01m[K/home/lilultime/Autocab/autocab/raspberryPI3/ros2_ws/src/car_control/src/car_control_node.cpp:282:1:[m[K [01;31m[Kerror: [m[Kexpected declaration before ‘[01m[K}[m[K’ token
  282 | [01;31m[K}[m[K;
      | [01;31m[K^[m[K
In file included from [01m[K/opt/ros/humble/include/rclcpp/rclcpp/subscription_base.hpp:32[m[K,
                 from [01m[K/opt/ros/humble/include/rclcpp/rclcpp/callback_group.hpp:29[m[K,
                 from [01m[K/opt/ros/humble/include/rclcpp/rclcpp/any_executable.hpp:20[m[K,
                 from [01m[K/opt/ros/humble/include/rclcpp/rclcpp/memory_strategy.hpp:25[m[K,
                 from [01m[K/opt/ros/humble/include/rclcpp/rclcpp/memory_strategies.hpp:18[m[K,
                 from [01m[K/opt/ros/humble/include/rclcpp/rclcpp/executor_options.hpp:20[m[K,
                 from [01m[K/opt/ros/humble/include/rclcpp/rclcpp/executor.hpp:37[m[K,
                 from [01m[K/opt/ros/humble/include/rclcpp/rclcpp/executors/multi_threaded_executor.hpp:25[m[K,
                 from [01m[K/opt/ros/humble/include/rclcpp/rclcpp/executors.hpp:21[m[K,
                 from [01m[K/opt/ros/humble/include/rclcpp/rclcpp/rclcpp.hpp:155[m[K,
                 from [01m[K/home/lilultime/Autocab/autocab/raspberryPI3/ros2_ws/src/car_control/src/car_control_node.cpp:1[m[K:
/opt/ros/humble/include/rclcpp/rclcpp/any_subscription_callback.hpp: In instantiation of ‘[01m[Krclcpp::AnySubscriptionCallback<MessageT, AllocatorT> rclcpp::AnySubscriptionCallback<MessageT, AllocatorT>::set(CallbackT) [with CallbackT = std::_Bind<void (car_control::*(car_control*, std::_Placeholder<1>))(const int&)>; MessageT = interfaces::msg::Gnss_<std::allocator<void> >; AllocatorT = std::allocator<void>][m[K’:
[01m[K/opt/ros/humble/include/rclcpp/rclcpp/subscription_factory.hpp:94:32:[m[K   required from ‘[01m[Krclcpp::SubscriptionFactory rclcpp::create_subscription_factory(CallbackT&&, const rclcpp::SubscriptionOptionsWithAllocator<AllocatorT>&, typename MessageMemoryStrategyT::SharedPtr, std::shared_ptr<rclcpp::topic_statistics::SubscriptionTopicStatistics<ROSMessageType> >) [with MessageT = interfaces::msg::Gnss_<std::allocator<void> >; CallbackT = std::_Bind<void (car_control::*(car_control*, std::_Placeholder<1>))(const int&)>; AllocatorT = std::allocator<void>; SubscriptionT = rclcpp::Subscription<interfaces::msg::Gnss_<std::allocator<void> >, std::allocator<void>, interfaces::msg::Gnss_<std::allocator<void> >, interfaces::msg::Gnss_<std::allocator<void> >, rclcpp::message_memory_strategy::MessageMemoryStrategy<interfaces::msg::Gnss_<std::allocator<void> >, std::allocator<void> > >; MessageMemoryStrategyT = rclcpp::message_memory_strategy::MessageMemoryStrategy<interfaces::msg::Gnss_<std::allocator<void> >, std::allocator<void> >; ROSMessageType = interfaces::msg::Gnss_<std::allocator<void> >; typename MessageMemoryStrategyT::SharedPtr = std::shared_ptr<rclcpp::message_memory_strategy::MessageMemoryStrategy<interfaces::msg::Gnss_<std::allocator<void> >, std::allocator<void> > >][m[K’
[01m[K/opt/ros/humble/include/rclcpp/rclcpp/create_subscription.hpp:122:63:[m[K   required from ‘[01m[Kstd::shared_ptr<ROSMessageT> rclcpp::detail::create_subscription(NodeParametersT&, NodeTopicsT&, const string&, const rclcpp::QoS&, CallbackT&&, const rclcpp::SubscriptionOptionsWithAllocator<AllocatorT>&, typename MessageMemoryStrategyT::SharedPtr) [with MessageT = interfaces::msg::Gnss_<std::allocator<void> >; CallbackT = std::_Bind<void (car_control::*(car_control*, std::_Placeholder<1>))(const int&)>; AllocatorT = std::allocator<void>; SubscriptionT = rclcpp::Subscription<interfaces::msg::Gnss_<std::allocator<void> >, std::allocator<void>, interfaces::msg::Gnss_<std::allocator<void> >, interfaces::msg::Gnss_<std::allocator<void> >, rclcpp::message_memory_strategy::MessageMemoryStrategy<interfaces::msg::Gnss_<std::allocator<void> >, std::allocator<void> > >; MessageMemoryStrategyT = rclcpp::message_memory_strategy::MessageMemoryStrategy<interfaces::msg::Gnss_<std::allocator<void> >, std::allocator<void> >; NodeParametersT = rclcpp::Node; NodeTopicsT = rclcpp::Node; ROSMessageType = interfaces::msg::Gnss_<std::allocator<void> >; std::string = std::__cxx11::basic_string<char>; typename MessageMemoryStrategyT::SharedPtr = std::shared_ptr<rclcpp::message_memory_strategy::MessageMemoryStrategy<interfaces::msg::Gnss_<std::allocator<void> >, std::allocator<void> > >][m[K’
[01m[K/opt/ros/humble/include/rclcpp/rclcpp/create_subscription.hpp:191:76:[m[K   required from ‘[01m[Kstd::shared_ptr<ROSMessageT> rclcpp::create_subscription(NodeT&, const string&, const rclcpp::QoS&, CallbackT&&, const rclcpp::SubscriptionOptionsWithAllocator<AllocatorT>&, typename MessageMemoryStrategyT::SharedPtr) [with MessageT = interfaces::msg::Gnss_<std::allocator<void> >; CallbackT = std::_Bind<void (car_control::*(car_control*, std::_Placeholder<1>))(const int&)>; AllocatorT = std::allocator<void>; SubscriptionT = rclcpp::Subscription<interfaces::msg::Gnss_<std::allocator<void> >, std::allocator<void>, interfaces::msg::Gnss_<std::allocator<void> >, interfaces::msg::Gnss_<std::allocator<void> >, rclcpp::message_memory_strategy::MessageMemoryStrategy<interfaces::msg::Gnss_<std::allocator<void> >, std::allocator<void> > >; MessageMemoryStrategyT = rclcpp::message_memory_strategy::MessageMemoryStrategy<interfaces::msg::Gnss_<std::allocator<void> >, std::allocator<void> >; NodeT = rclcpp::Node; std::string = std::__cxx11::basic_string<char>; typename MessageMemoryStrategyT::SharedPtr = std::shared_ptr<rclcpp::message_memory_strategy::MessageMemoryStrategy<interfaces::msg::Gnss_<std::allocator<void> >, std::allocator<void> > >][m[K’
[01m[K/opt/ros/humble/include/rclcpp/rclcpp/node_impl.hpp:99:47:[m[K   required from ‘[01m[Kstd::shared_ptr<ROSMessageT> rclcpp::Node::create_subscription(const string&, const rclcpp::QoS&, CallbackT&&, const rclcpp::SubscriptionOptionsWithAllocator<AllocatorT>&, typename MessageMemoryStrategyT::SharedPtr) [with MessageT = interfaces::msg::Gnss_<std::allocator<void> >; CallbackT = std::_Bind<void (car_control::*(car_control*, std::_Placeholder<1>))(const int&)>; AllocatorT = std::allocator<void>; SubscriptionT = rclcpp::Subscription<interfaces::msg::Gnss_<std::allocator<void> >, std::allocator<void>, interfaces::msg::Gnss_<std::allocator<void> >, interfaces::msg::Gnss_<std::allocator<void> >, rclcpp::message_memory_strategy::MessageMemoryStrategy<interfaces::msg::Gnss_<std::allocator<void> >, std::allocator<void> > >; MessageMemoryStrategyT = rclcpp::message_memory_strategy::MessageMemoryStrategy<interfaces::msg::Gnss_<std::allocator<void> >, std::allocator<void> >; std::string = std::__cxx11::basic_string<char>; typename MessageMemoryStrategyT::SharedPtr = std::shared_ptr<rclcpp::message_memory_strategy::MessageMemoryStrategy<interfaces::msg::Gnss_<std::allocator<void> >, std::allocator<void> > >][m[K’
[01m[K/home/lilultime/Autocab/autocab/raspberryPI3/ros2_ws/src/car_control/src/car_control_node.cpp:55:83:[m[K   required from here
[01m[K/opt/ros/humble/include/rclcpp/rclcpp/any_subscription_callback.hpp:394:25:[m[K [01;31m[Kerror: [m[Kno match for ‘[01m[Koperator=[m[K’ (operand types are ‘[01m[Krclcpp::detail::AnySubscriptionCallbackHelper<interfaces::msg::Gnss_<std::allocator<void> >, std::allocator<void>, false>::variant_type[m[K’ {aka ‘[01m[Kstd::variant<std::function<void(const interfaces::msg::Gnss_<std::allocator<void> >&)>, std::function<void(const interfaces::msg::Gnss_<std::allocator<void> >&, const rclcpp::MessageInfo&)>, std::function<void(const rclcpp::SerializedMessage&)>, std::function<void(const rclcpp::SerializedMessage&, const rclcpp::MessageInfo&)>, std::function<void(std::unique_ptr<interfaces::msg::Gnss_<std::allocator<void> >, std::default_delete<interfaces::msg::Gnss_<std::allocator<void> > > >)>, std::function<void(std::unique_ptr<interfaces::msg::Gnss_<std::allocator<void> >, std::default_delete<interfaces::msg::Gnss_<std::allocator<void> > > >, const rclcpp::MessageInfo&)>, std::function<void(std::unique_ptr<rclcpp::SerializedMessage, std::default_delete<rclcpp::SerializedMessage> >)>, std::function<void(std::unique_ptr<rclcpp::SerializedMessage, std::default_delete<rclcpp::SerializedMessage> >, const rclcpp::MessageInfo&)>, std::function<void(std::shared_ptr<const interfaces::msg::Gnss_<std::allocator<void> > >)>, std::function<void(std::shared_ptr<const interfaces::msg::Gnss_<std::allocator<void> > >, const rclcpp::MessageInfo&)>, std::function<void(std::shared_ptr<const rclcpp::SerializedMessage>)>, std::function<void(std::shared_ptr<const rclcpp::SerializedMessage>, const rclcpp::MessageInfo&)>, std::function<void(const std::shared_ptr<const interfaces::msg::Gnss_<std::allocator<void> > >&)>, std::function<void(const std::shared_ptr<const interfaces::msg::Gnss_<std::allocator<void> > >&, const rclcpp::MessageInfo&)>, std::function<void(const std::shared_ptr<const rclcpp::SerializedMessage>&)>, std::function<void(const std::shared_ptr<const rclcpp::SerializedMessage>&, const rclcpp::MessageInfo&)>, std::function<void(std::shared_ptr<interfaces::msg::Gnss_<std::allocator<void> > >)>, std::function<void(std::shared_ptr<interfaces::msg::Gnss_<std::allocator<void> > >, const rclcpp::MessageInfo&)>, std::function<void(std::shared_ptr<rclcpp::SerializedMessage>)>, std::function<void(std::shared_ptr<rclcpp::SerializedMessage>, const rclcpp::MessageInfo&)> >[m[K’} and ‘[01m[Krclcpp::detail::SubscriptionCallbackTypeHelper<interfaces::msg::Gnss_<std::allocator<void> >, std::_Bind<void (car_control::*(car_control*, std::_Placeholder<1>))(const int&)>, void>::callback_type[m[K’ {aka ‘[01m[Kstd::function<void(const int&)>[m[K’})
  394 |       [01;31m[Kcallback_variant_ = static_cast<typename scbth::callback_type>(callback)[m[K;
      |       [01;31m[K~~~~~~~~~~~~~~~~~~^~~~~~~~~~~~~~~~~~~~~~~~~~~~~~~~~~~~~~~~~~~~~~~~~~~~~~[m[K
In file included from [01m[K/opt/ros/humble/include/rclcpp/rclcpp/client.hpp:28[m[K,
                 from [01m[K/opt/ros/humble/include/rclcpp/rclcpp/callback_group.hpp:24[m[K,
                 from [01m[K/opt/ros/humble/include/rclcpp/rclcpp/any_executable.hpp:20[m[K,
                 from [01m[K/opt/ros/humble/include/rclcpp/rclcpp/memory_strategy.hpp:25[m[K,
                 from [01m[K/opt/ros/humble/include/rclcpp/rclcpp/memory_strategies.hpp:18[m[K,
                 from [01m[K/opt/ros/humble/include/rclcpp/rclcpp/executor_options.hpp:20[m[K,
                 from [01m[K/opt/ros/humble/include/rclcpp/rclcpp/executor.hpp:37[m[K,
                 from [01m[K/opt/ros/humble/include/rclcpp/rclcpp/executors/multi_threaded_executor.hpp:25[m[K,
                 from [01m[K/opt/ros/humble/include/rclcpp/rclcpp/executors.hpp:21[m[K,
                 from [01m[K/opt/ros/humble/include/rclcpp/rclcpp/rclcpp.hpp:155[m[K,
                 from [01m[K/home/lilultime/Autocab/autocab/raspberryPI3/ros2_ws/src/car_control/src/car_control_node.cpp:1[m[K:
[01m[K/usr/include/c++/11/variant:1461:9:[m[K [01;36m[Knote: [m[Kcandidate: ‘[01m[Ktemplate<class _Tp> std::enable_if_t<((__exactly_once<std::variant<_Types>::__accepted_type<_Tp&&, typename std::enable_if<__not_self<_Tp&&>, void>::type> > && is_constructible_v<std::variant<_Types>::__accepted_type<_Tp&&, typename std::enable_if<__not_self<_Tp&&>, void>::type>, _Tp>) && is_assignable_v<std::variant<_Types>::__accepted_type<_Tp&&, typename std::enable_if<__not_self<_Tp&&>, void>::type>&, _Tp>), std::variant<_Types>&> std::variant<_Types>::operator=(_Tp&&) [with _Tp = _Tp; _Types = {std::function<void(const interfaces::msg::Gnss_<std::allocator<void> >&)>, std::function<void(const interfaces::msg::Gnss_<std::allocator<void> >&, const rclcpp::MessageInfo&)>, std::function<void(const rclcpp::SerializedMessage&)>, std::function<void(const rclcpp::SerializedMessage&, const rclcpp::MessageInfo&)>, std::function<void(std::unique_ptr<interfaces::msg::Gnss_<std::allocator<void> >, std::default_delete<interfaces::msg::Gnss_<std::allocator<void> > > >)>, std::function<void(std::unique_ptr<interfaces::msg::Gnss_<std::allocator<void> >, std::default_delete<interfaces::msg::Gnss_<std::allocator<void> > > >, const rclcpp::MessageInfo&)>, std::function<void(std::unique_ptr<rclcpp::SerializedMessage, std::default_delete<rclcpp::SerializedMessage> >)>, std::function<void(std::unique_ptr<rclcpp::SerializedMessage, std::default_delete<rclcpp::SerializedMessage> >, const rclcpp::MessageInfo&)>, std::function<void(std::shared_ptr<const interfaces::msg::Gnss_<std::allocator<void> > >)>, std::function<void(std::shared_ptr<const interfaces::msg::Gnss_<std::allocator<void> > >, const rclcpp::MessageInfo&)>, std::function<void(std::shared_ptr<const rclcpp::SerializedMessage>)>, std::function<void(std::shared_ptr<const rclcpp::SerializedMessage>, const rclcpp::MessageInfo&)>, std::function<void(const std::shared_ptr<const interfaces::msg::Gnss_<std::allocator<void> > >&)>, std::function<void(const std::shared_ptr<const interfaces::msg::Gnss_<std::allocator<void> > >&, const rclcpp::MessageInfo&)>, std::function<void(const std::shared_ptr<const rclcpp::SerializedMessage>&)>, std::function<void(const std::shared_ptr<const rclcpp::SerializedMessage>&, const rclcpp::MessageInfo&)>, std::function<void(std::shared_ptr<interfaces::msg::Gnss_<std::allocator<void> > >)>, std::function<void(std::shared_ptr<interfaces::msg::Gnss_<std::allocator<void> > >, const rclcpp::MessageInfo&)>, std::function<void(std::shared_ptr<rclcpp::SerializedMessage>)>, std::function<void(std::shared_ptr<rclcpp::SerializedMessage>, const rclcpp::MessageInfo&)>}][m[K’
 1461 |         [01;36m[Koperator[m[K=(_Tp&& __rhs)
      |         [01;36m[K^~~~~~~~[m[K
[01m[K/usr/include/c++/11/variant:1461:9:[m[K [01;36m[Knote: [m[K  template argument deduction/substitution failed:
/usr/include/c++/11/variant: In substitution of ‘[01m[Ktemplate<class ... _Types> template<class _Tp, class> using __accepted_type = std::variant<_Types>::__to_type<__accepted_index<_Tp> > [with _Tp = std::function<void(const int&)>&&; <template-parameter-2-2> = void; _Types = {std::function<void(const interfaces::msg::Gnss_<std::allocator<void> >&)>, std::function<void(const interfaces::msg::Gnss_<std::allocator<void> >&, const rclcpp::MessageInfo&)>, std::function<void(const rclcpp::SerializedMessage&)>, std::function<void(const rclcpp::SerializedMessage&, const rclcpp::MessageInfo&)>, std::function<void(std::unique_ptr<interfaces::msg::Gnss_<std::allocator<void> >, std::default_delete<interfaces::msg::Gnss_<std::allocator<void> > > >)>, std::function<void(std::unique_ptr<interfaces::msg::Gnss_<std::allocator<void> >, std::default_delete<interfaces::msg::Gnss_<std::allocator<void> > > >, const rclcpp::MessageInfo&)>, std::function<void(std::unique_ptr<rclcpp::SerializedMessage, std::default_delete<rclcpp::SerializedMessage> >)>, std::function<void(std::unique_ptr<rclcpp::SerializedMessage, std::default_delete<rclcpp::SerializedMessage> >, const rclcpp::MessageInfo&)>, std::function<void(std::shared_ptr<const interfaces::msg::Gnss_<std::allocator<void> > >)>, std::function<void(std::shared_ptr<const interfaces::msg::Gnss_<std::allocator<void> > >, const rclcpp::MessageInfo&)>, std::function<void(std::shared_ptr<const rclcpp::SerializedMessage>)>, std::function<void(std::shared_ptr<const rclcpp::SerializedMessage>, const rclcpp::MessageInfo&)>, std::function<void(const std::shared_ptr<const interfaces::msg::Gnss_<std::allocator<void> > >&)>, std::function<void(const std::shared_ptr<const interfaces::msg::Gnss_<std::allocator<void> > >&, const rclcpp::MessageInfo&)>, std::function<void(const std::shared_ptr<const rclcpp::SerializedMessage>&)>, std::function<void(const std::shared_ptr<const rclcpp::SerializedMessage>&, const rclcpp::MessageInfo&)>, std::function<void(std::shared_ptr<interfaces::msg::Gnss_<std::allocator<void> > >)>, std::function<void(std::shared_ptr<interfaces::msg::Gnss_<std::allocator<void> > >, const rclcpp::MessageInfo&)>, std::function<void(std::shared_ptr<rclcpp::SerializedMessage>)>, std::function<void(std::shared_ptr<rclcpp::SerializedMessage>, const rclcpp::MessageInfo&)>}][m[K’:
[01m[K/usr/include/c++/11/variant:1457:14:[m[K   required by substitution of ‘[01m[Ktemplate<class _Tp> std::enable_if_t<((__exactly_once<std::variant<std::function<void(const interfaces::msg::Gnss_<std::allocator<void> >&)>, std::function<void(const interfaces::msg::Gnss_<std::allocator<void> >&, const rclcpp::MessageInfo&)>, std::function<void(const rclcpp::SerializedMessage&)>, std::function<void(const rclcpp::SerializedMessage&, const rclcpp::MessageInfo&)>, std::function<void(std::unique_ptr<interfaces::msg::Gnss_<std::allocator<void> >, std::default_delete<interfaces::msg::Gnss_<std::allocator<void> > > >)>, std::function<void(std::unique_ptr<interfaces::msg::Gnss_<std::allocator<void> >, std::default_delete<interfaces::msg::Gnss_<std::allocator<void> > > >, const rclcpp::MessageInfo&)>, std::function<void(std::unique_ptr<rclcpp::SerializedMessage, std::default_delete<rclcpp::SerializedMessage> >)>, std::function<void(std::unique_ptr<rclcpp::SerializedMessage, std::default_delete<rclcpp::SerializedMessage> >, const rclcpp::MessageInfo&)>, std::function<void(std::shared_ptr<const interfaces::msg::Gnss_<std::allocator<void> > >)>, std::function<void(std::shared_ptr<const interfaces::msg::Gnss_<std::allocator<void> > >, const rclcpp::MessageInfo&)>, std::function<void(std::shared_ptr<const rclcpp::SerializedMessage>)>, std::function<void(std::shared_ptr<const rclcpp::SerializedMessage>, const rclcpp::MessageInfo&)>, std::function<void(const std::shared_ptr<const interfaces::msg::Gnss_<std::allocator<void> > >&)>, std::function<void(const std::shared_ptr<const interfaces::msg::Gnss_<std::allocator<void> > >&, const rclcpp::MessageInfo&)>, std::function<void(const std::shared_ptr<const rclcpp::SerializedMessage>&)>, std::function<void(const std::shared_ptr<const rclcpp::SerializedMessage>&, const rclcpp::MessageInfo&)>, std::function<void(std::shared_ptr<interfaces::msg::Gnss_<std::allocator<void> > >)>, std::function<void(std::shared_ptr<interfaces::msg::Gnss_<std::allocator<void> > >, const rclcpp::MessageInfo&)>, std::function<void(std::shared_ptr<rclcpp::SerializedMessage>)>, std::function<void(std::shared_ptr<rclcpp::SerializedMessage>, const rclcpp::MessageInfo&)> >::__accepted_type<_Tp&&, typename std::enable_if<__not_self<_Tp&&>, void>::type> > && is_constructible_v<std::variant<std::function<void(const interfaces::msg::Gnss_<std::allocator<void> >&)>, std::function<void(const interfaces::msg::Gnss_<std::allocator<void> >&, const rclcpp::MessageInfo&)>, std::function<void(const rclcpp::SerializedMessage&)>, std::function<void(const rclcpp::SerializedMessage&, const rclcpp::MessageInfo&)>, std::function<void(std::unique_ptr<interfaces::msg::Gnss_<std::allocator<void> >, std::default_delete<interfaces::msg::Gnss_<std::allocator<void> > > >)>, std::function<void(std::unique_ptr<interfaces::msg::Gnss_<std::allocator<void> >, std::default_delete<interfaces::msg::Gnss_<std::allocator<void> > > >, const rclcpp::MessageInfo&)>, std::function<void(std::unique_ptr<rclcpp::SerializedMessage, std::default_delete<rclcpp::SerializedMessage> >)>, std::function<void(std::unique_ptr<rclcpp::SerializedMessage, std::default_delete<rclcpp::SerializedMessage> >, const rclcpp::MessageInfo&)>, std::function<void(std::shared_ptr<const interfaces::msg::Gnss_<std::allocator<void> > >)>, std::function<void(std::shared_ptr<const interfaces::msg::Gnss_<std::allocator<void> > >, const rclcpp::MessageInfo&)>, std::function<void(std::shared_ptr<const rclcpp::SerializedMessage>)>, std::function<void(std::shared_ptr<const rclcpp::SerializedMessage>, const rclcpp::MessageInfo&)>, std::function<void(const std::shared_ptr<const interfaces::msg::Gnss_<std::allocator<void> > >&)>, std::function<void(const std::shared_ptr<const interfaces::msg::Gnss_<std::allocator<void> > >&, const rclcpp::MessageInfo&)>, std::function<void(const std::shared_ptr<const rclcpp::SerializedMessage>&)>, std::function<void(const std::shared_ptr<const rclcpp::SerializedMessage>&, const rclcpp::MessageInfo&)>, std::function<void(std::shared_ptr<interfaces::msg::Gnss_<std::allocator<void> > >)>, std::function<void(std::shared_ptr<interfaces::msg::Gnss_<std::allocator<void> > >, const rclcpp::MessageInfo&)>, std::function<void(std::shared_ptr<rclcpp::SerializedMessage>)>, std::function<void(std::shared_ptr<rclcpp::SerializedMessage>, const rclcpp::MessageInfo&)> >::__accepted_type<_Tp&&, typename std::enable_if<__not_self<_Tp&&>, void>::type>, _Tp>) && is_assignable_v<std::variant<std::function<void(const interfaces::msg::Gnss_<std::allocator<void> >&)>, std::function<void(const interfaces::msg::Gnss_<std::allocator<void> >&, const rclcpp::MessageInfo&)>, std::function<void(const rclcpp::SerializedMessage&)>, std::function<void(const rclcpp::SerializedMessage&, const rclcpp::MessageInfo&)>, std::function<void(std::unique_ptr<interfaces::msg::Gnss_<std::allocator<void> >, std::default_delete<interfaces::msg::Gnss_<std::allocator<void> > > >)>, std::function<void(std::unique_ptr<interfaces::msg::Gnss_<std::allocator<void> >, std::default_delete<interfaces::msg::Gnss_<std::allocator<void> > > >, const rclcpp::MessageInfo&)>, std::function<void(std::unique_ptr<rclcpp::SerializedMessage, std::default_delete<rclcpp::SerializedMessage> >)>, std::function<void(std::unique_ptr<rclcpp::SerializedMessage, std::default_delete<rclcpp::SerializedMessage> >, const rclcpp::MessageInfo&)>, std::function<void(std::shared_ptr<const interfaces::msg::Gnss_<std::allocator<void> > >)>, std::function<void(std::shared_ptr<const interfaces::msg::Gnss_<std::allocator<void> > >, const rclcpp::MessageInfo&)>, std::function<void(std::shared_ptr<const rclcpp::SerializedMessage>)>, std::function<void(std::shared_ptr<const rclcpp::SerializedMessage>, const rclcpp::MessageInfo&)>, std::function<void(const std::shared_ptr<const interfaces::msg::Gnss_<std::allocator<void> > >&)>, std::function<void(const std::shared_ptr<const interfaces::msg::Gnss_<std::allocator<void> > >&, const rclcpp::MessageInfo&)>, std::function<void(const std::shared_ptr<const rclcpp::SerializedMessage>&)>, std::function<void(const std::shared_ptr<const rclcpp::SerializedMessage>&, const rclcpp::MessageInfo&)>, std::function<void(std::shared_ptr<interfaces::msg::Gnss_<std::allocator<void> > >)>, std::function<void(std::shared_ptr<interfaces::msg::Gnss_<std::allocator<void> > >, const rclcpp::MessageInfo&)>, std::function<void(std::shared_ptr<rclcpp::SerializedMessage>)>, std::function<void(std::shared_ptr<rclcpp::SerializedMessage>, const rclcpp::MessageInfo&)> >::__accepted_type<_Tp&&, typename std::enable_if<__not_self<_Tp&&>, void>::type>&, _Tp>), std::variant<std::function<void(const interfaces::msg::Gnss_<std::allocator<void> >&)>, std::function<void(const interfaces::msg::Gnss_<std::allocator<void> >&, const rclcpp::MessageInfo&)>, std::function<void(const rclcpp::SerializedMessage&)>, std::function<void(const rclcpp::SerializedMessage&, const rclcpp::MessageInfo&)>, std::function<void(std::unique_ptr<interfaces::msg::Gnss_<std::allocator<void> >, std::default_delete<interfaces::msg::Gnss_<std::allocator<void> > > >)>, std::function<void(std::unique_ptr<interfaces::msg::Gnss_<std::allocator<void> >, std::default_delete<interfaces::msg::Gnss_<std::allocator<void> > > >, const rclcpp::MessageInfo&)>, std::function<void(std::unique_ptr<rclcpp::SerializedMessage, std::default_delete<rclcpp::SerializedMessage> >)>, std::function<void(std::unique_ptr<rclcpp::SerializedMessage, std::default_delete<rclcpp::SerializedMessage> >, const rclcpp::MessageInfo&)>, std::function<void(std::shared_ptr<const interfaces::msg::Gnss_<std::allocator<void> > >)>, std::function<void(std::shared_ptr<const interfaces::msg::Gnss_<std::allocator<void> > >, const rclcpp::MessageInfo&)>, std::function<void(std::shared_ptr<const rclcpp::SerializedMessage>)>, std::function<void(std::shared_ptr<const rclcpp::SerializedMessage>, const rclcpp::MessageInfo&)>, std::function<void(const std::shared_ptr<const interfaces::msg::Gnss_<std::allocator<void> > >&)>, std::function<void(const std::shared_ptr<const interfaces::msg::Gnss_<std::allocator<void> > >&, const rclcpp::MessageInfo&)>, std::function<void(const std::shared_ptr<const rclcpp::SerializedMessage>&)>, std::function<void(const std::shared_ptr<const rclcpp::SerializedMessage>&, const rclcpp::MessageInfo&)>, std::function<void(std::shared_ptr<interfaces::msg::Gnss_<std::allocator<void> > >)>, std::function<void(std::shared_ptr<interfaces::msg::Gnss_<std::allocator<void> > >, const rclcpp::MessageInfo&)>, std::function<void(std::shared_ptr<rclcpp::SerializedMessage>)>, std::function<void(std::shared_ptr<rclcpp::SerializedMessage>, const rclcpp::MessageInfo&)> >&> std::variant<std::function<void(const interfaces::msg::Gnss_<std::allocator<void> >&)>, std::function<void(const interfaces::msg::Gnss_<std::allocator<void> >&, const rclcpp::MessageInfo&)>, std::function<void(const rclcpp::SerializedMessage&)>, std::function<void(const rclcpp::SerializedMessage&, const rclcpp::MessageInfo&)>, std::function<void(std::unique_ptr<interfaces::msg::Gnss_<std::allocator<void> >, std::default_delete<interfaces::msg::Gnss_<std::allocator<void> > > >)>, std::function<void(std::unique_ptr<interfaces::msg::Gnss_<std::allocator<void> >, std::default_delete<interfaces::msg::Gnss_<std::allocator<void> > > >, const rclcpp::MessageInfo&)>, std::function<void(std::unique_ptr<rclcpp::SerializedMessage, std::default_delete<rclcpp::SerializedMessage> >)>, std::function<void(std::unique_ptr<rclcpp::SerializedMessage, std::default_delete<rclcpp::SerializedMessage> >, const rclcpp::MessageInfo&)>, std::function<void(std::shared_ptr<const interfaces::msg::Gnss_<std::allocator<void> > >)>, std::function<void(std::shared_ptr<const interfaces::msg::Gnss_<std::allocator<void> > >, const rclcpp::MessageInfo&)>, std::function<void(std::shared_ptr<const rclcpp::SerializedMessage>)>, std::function<void(std::shared_ptr<const rclcpp::SerializedMessage>, const rclcpp::MessageInfo&)>, std::function<void(const std::shared_ptr<const interfaces::msg::Gnss_<std::allocator<void> > >&)>, std::function<void(const std::shared_ptr<const interfaces::msg::Gnss_<std::allocator<void> > >&, const rclcpp::MessageInfo&)>, std::function<void(const std::shared_ptr<const rclcpp::SerializedMessage>&)>, std::function<void(const std::shared_ptr<const rclcpp::SerializedMessage>&, const rclcpp::MessageInfo&)>, std::function<void(std::shared_ptr<interfaces::msg::Gnss_<std::allocator<void> > >)>, std::function<void(std::shared_ptr<interfaces::msg::Gnss_<std::allocator<void> > >, const rclcpp::MessageInfo&)>, std::function<void(std::shared_ptr<rclcpp::SerializedMessage>)>, std::function<void(std::shared_ptr<rclcpp::SerializedMessage>, const rclcpp::MessageInfo&)> >::operator=<_Tp>(_Tp&&) [with _Tp = std::function<void(const int&)>][m[K’
[01m[K/opt/ros/humble/include/rclcpp/rclcpp/any_subscription_callback.hpp:394:25:[m[K   required from ‘[01m[Krclcpp::AnySubscriptionCallback<MessageT, AllocatorT> rclcpp::AnySubscriptionCallback<MessageT, AllocatorT>::set(CallbackT) [with CallbackT = std::_Bind<void (car_control::*(car_control*, std::_Placeholder<1>))(const int&)>; MessageT = interfaces::msg::Gnss_<std::allocator<void> >; AllocatorT = std::allocator<void>][m[K’
[01m[K/opt/ros/humble/include/rclcpp/rclcpp/subscription_factory.hpp:94:32:[m[K   required from ‘[01m[Krclcpp::SubscriptionFactory rclcpp::create_subscription_factory(CallbackT&&, const rclcpp::SubscriptionOptionsWithAllocator<AllocatorT>&, typename MessageMemoryStrategyT::SharedPtr, std::shared_ptr<rclcpp::topic_statistics::SubscriptionTopicStatistics<ROSMessageType> >) [with MessageT = interfaces::msg::Gnss_<std::allocator<void> >; CallbackT = std::_Bind<void (car_control::*(car_control*, std::_Placeholder<1>))(const int&)>; AllocatorT = std::allocator<void>; SubscriptionT = rclcpp::Subscription<interfaces::msg::Gnss_<std::allocator<void> >, std::allocator<void>, interfaces::msg::Gnss_<std::allocator<void> >, interfaces::msg::Gnss_<std::allocator<void> >, rclcpp::message_memory_strategy::MessageMemoryStrategy<interfaces::msg::Gnss_<std::allocator<void> >, std::allocator<void> > >; MessageMemoryStrategyT = rclcpp::message_memory_strategy::MessageMemoryStrategy<interfaces::msg::Gnss_<std::allocator<void> >, std::allocator<void> >; ROSMessageType = interfaces::msg::Gnss_<std::allocator<void> >; typename MessageMemoryStrategyT::SharedPtr = std::shared_ptr<rclcpp::message_memory_strategy::MessageMemoryStrategy<interfaces::msg::Gnss_<std::allocator<void> >, std::allocator<void> > >][m[K’
[01m[K/opt/ros/humble/include/rclcpp/rclcpp/create_subscription.hpp:122:63:[m[K   required from ‘[01m[Kstd::shared_ptr<ROSMessageT> rclcpp::detail::create_subscription(NodeParametersT&, NodeTopicsT&, const string&, const rclcpp::QoS&, CallbackT&&, const rclcpp::SubscriptionOptionsWithAllocator<AllocatorT>&, typename MessageMemoryStrategyT::SharedPtr) [with MessageT = interfaces::msg::Gnss_<std::allocator<void> >; CallbackT = std::_Bind<void (car_control::*(car_control*, std::_Placeholder<1>))(const int&)>; AllocatorT = std::allocator<void>; SubscriptionT = rclcpp::Subscription<interfaces::msg::Gnss_<std::allocator<void> >, std::allocator<void>, interfaces::msg::Gnss_<std::allocator<void> >, interfaces::msg::Gnss_<std::allocator<void> >, rclcpp::message_memory_strategy::MessageMemoryStrategy<interfaces::msg::Gnss_<std::allocator<void> >, std::allocator<void> > >; MessageMemoryStrategyT = rclcpp::message_memory_strategy::MessageMemoryStrategy<interfaces::msg::Gnss_<std::allocator<void> >, std::allocator<void> >; NodeParametersT = rclcpp::Node; NodeTopicsT = rclcpp::Node; ROSMessageType = interfaces::msg::Gnss_<std::allocator<void> >; std::string = std::__cxx11::basic_string<char>; typename MessageMemoryStrategyT::SharedPtr = std::shared_ptr<rclcpp::message_memory_strategy::MessageMemoryStrategy<interfaces::msg::Gnss_<std::allocator<void> >, std::allocator<void> > >][m[K’
[01m[K/opt/ros/humble/include/rclcpp/rclcpp/create_subscription.hpp:191:76:[m[K   required from ‘[01m[Kstd::shared_ptr<ROSMessageT> rclcpp::create_subscription(NodeT&, const string&, const rclcpp::QoS&, CallbackT&&, const rclcpp::SubscriptionOptionsWithAllocator<AllocatorT>&, typename MessageMemoryStrategyT::SharedPtr) [with MessageT = interfaces::msg::Gnss_<std::allocator<void> >; CallbackT = std::_Bind<void (car_control::*(car_control*, std::_Placeholder<1>))(const int&)>; AllocatorT = std::allocator<void>; SubscriptionT = rclcpp::Subscription<interfaces::msg::Gnss_<std::allocator<void> >, std::allocator<void>, interfaces::msg::Gnss_<std::allocator<void> >, interfaces::msg::Gnss_<std::allocator<void> >, rclcpp::message_memory_strategy::MessageMemoryStrategy<interfaces::msg::Gnss_<std::allocator<void> >, std::allocator<void> > >; MessageMemoryStrategyT = rclcpp::message_memory_strategy::MessageMemoryStrategy<interfaces::msg::Gnss_<std::allocator<void> >, std::allocator<void> >; NodeT = rclcpp::Node; std::string = std::__cxx11::basic_string<char>; typename MessageMemoryStrategyT::SharedPtr = std::shared_ptr<rclcpp::message_memory_strategy::MessageMemoryStrategy<interfaces::msg::Gnss_<std::allocator<void> >, std::allocator<void> > >][m[K’
[01m[K/opt/ros/humble/include/rclcpp/rclcpp/node_impl.hpp:99:47:[m[K   required from ‘[01m[Kstd::shared_ptr<ROSMessageT> rclcpp::Node::create_subscription(const string&, const rclcpp::QoS&, CallbackT&&, const rclcpp::SubscriptionOptionsWithAllocator<AllocatorT>&, typename MessageMemoryStrategyT::SharedPtr) [with MessageT = interfaces::msg::Gnss_<std::allocator<void> >; CallbackT = std::_Bind<void (car_control::*(car_control*, std::_Placeholder<1>))(const int&)>; AllocatorT = std::allocator<void>; SubscriptionT = rclcpp::Subscription<interfaces::msg::Gnss_<std::allocator<void> >, std::allocator<void>, interfaces::msg::Gnss_<std::allocator<void> >, interfaces::msg::Gnss_<std::allocator<void> >, rclcpp::message_memory_strategy::MessageMemoryStrategy<interfaces::msg::Gnss_<std::allocator<void> >, std::allocator<void> > >; MessageMemoryStrategyT = rclcpp::message_memory_strategy::MessageMemoryStrategy<interfaces::msg::Gnss_<std::allocator<void> >, std::allocator<void> >; std::string = std::__cxx11::basic_string<char>; typename MessageMemoryStrategyT::SharedPtr = std::shared_ptr<rclcpp::message_memory_strategy::MessageMemoryStrategy<interfaces::msg::Gnss_<std::allocator<void> >, std::allocator<void> > >][m[K’
[01m[K/home/lilultime/Autocab/autocab/raspberryPI3/ros2_ws/src/car_control/src/car_control_node.cpp:55:83:[m[K   required from here
[01m[K/usr/include/c++/11/variant:1375:15:[m[K [01;31m[Kerror: [m[Kno type named ‘[01m[Ktype[m[K’ in ‘[01m[Kstruct std::enable_if<false, void>[m[K’
 1375 |         using [01;31m[K__accepted_type[m[K = __to_type<__accepted_index<_Tp>>;
      |               [01;31m[K^~~~~~~~~~~~~~~[m[K
/opt/ros/humble/include/rclcpp/rclcpp/any_subscription_callback.hpp: In instantiation of ‘[01m[Krclcpp::AnySubscriptionCallback<MessageT, AllocatorT> rclcpp::AnySubscriptionCallback<MessageT, AllocatorT>::set(CallbackT) [with CallbackT = std::_Bind<void (car_control::*(car_control*, std::_Placeholder<1>))(const int&)>; MessageT = interfaces::msg::Gnss_<std::allocator<void> >; AllocatorT = std::allocator<void>][m[K’:
[01m[K/opt/ros/humble/include/rclcpp/rclcpp/subscription_factory.hpp:94:32:[m[K   required from ‘[01m[Krclcpp::SubscriptionFactory rclcpp::create_subscription_factory(CallbackT&&, const rclcpp::SubscriptionOptionsWithAllocator<AllocatorT>&, typename MessageMemoryStrategyT::SharedPtr, std::shared_ptr<rclcpp::topic_statistics::SubscriptionTopicStatistics<ROSMessageType> >) [with MessageT = interfaces::msg::Gnss_<std::allocator<void> >; CallbackT = std::_Bind<void (car_control::*(car_control*, std::_Placeholder<1>))(const int&)>; AllocatorT = std::allocator<void>; SubscriptionT = rclcpp::Subscription<interfaces::msg::Gnss_<std::allocator<void> >, std::allocator<void>, interfaces::msg::Gnss_<std::allocator<void> >, interfaces::msg::Gnss_<std::allocator<void> >, rclcpp::message_memory_strategy::MessageMemoryStrategy<interfaces::msg::Gnss_<std::allocator<void> >, std::allocator<void> > >; MessageMemoryStrategyT = rclcpp::message_memory_strategy::MessageMemoryStrategy<interfaces::msg::Gnss_<std::allocator<void> >, std::allocator<void> >; ROSMessageType = interfaces::msg::Gnss_<std::allocator<void> >; typename MessageMemoryStrategyT::SharedPtr = std::shared_ptr<rclcpp::message_memory_strategy::MessageMemoryStrategy<interfaces::msg::Gnss_<std::allocator<void> >, std::allocator<void> > >][m[K’
[01m[K/opt/ros/humble/include/rclcpp/rclcpp/create_subscription.hpp:122:63:[m[K   required from ‘[01m[Kstd::shared_ptr<ROSMessageT> rclcpp::detail::create_subscription(NodeParametersT&, NodeTopicsT&, const string&, const rclcpp::QoS&, CallbackT&&, const rclcpp::SubscriptionOptionsWithAllocator<AllocatorT>&, typename MessageMemoryStrategyT::SharedPtr) [with MessageT = interfaces::msg::Gnss_<std::allocator<void> >; CallbackT = std::_Bind<void (car_control::*(car_control*, std::_Placeholder<1>))(const int&)>; AllocatorT = std::allocator<void>; SubscriptionT = rclcpp::Subscription<interfaces::msg::Gnss_<std::allocator<void> >, std::allocator<void>, interfaces::msg::Gnss_<std::allocator<void> >, interfaces::msg::Gnss_<std::allocator<void> >, rclcpp::message_memory_strategy::MessageMemoryStrategy<interfaces::msg::Gnss_<std::allocator<void> >, std::allocator<void> > >; MessageMemoryStrategyT = rclcpp::message_memory_strategy::MessageMemoryStrategy<interfaces::msg::Gnss_<std::allocator<void> >, std::allocator<void> >; NodeParametersT = rclcpp::Node; NodeTopicsT = rclcpp::Node; ROSMessageType = interfaces::msg::Gnss_<std::allocator<void> >; std::string = std::__cxx11::basic_string<char>; typename MessageMemoryStrategyT::SharedPtr = std::shared_ptr<rclcpp::message_memory_strategy::MessageMemoryStrategy<interfaces::msg::Gnss_<std::allocator<void> >, std::allocator<void> > >][m[K’
[01m[K/opt/ros/humble/include/rclcpp/rclcpp/create_subscription.hpp:191:76:[m[K   required from ‘[01m[Kstd::shared_ptr<ROSMessageT> rclcpp::create_subscription(NodeT&, const string&, const rclcpp::QoS&, CallbackT&&, const rclcpp::SubscriptionOptionsWithAllocator<AllocatorT>&, typename MessageMemoryStrategyT::SharedPtr) [with MessageT = interfaces::msg::Gnss_<std::allocator<void> >; CallbackT = std::_Bind<void (car_control::*(car_control*, std::_Placeholder<1>))(const int&)>; AllocatorT = std::allocator<void>; SubscriptionT = rclcpp::Subscription<interfaces::msg::Gnss_<std::allocator<void> >, std::allocator<void>, interfaces::msg::Gnss_<std::allocator<void> >, interfaces::msg::Gnss_<std::allocator<void> >, rclcpp::message_memory_strategy::MessageMemoryStrategy<interfaces::msg::Gnss_<std::allocator<void> >, std::allocator<void> > >; MessageMemoryStrategyT = rclcpp::message_memory_strategy::MessageMemoryStrategy<interfaces::msg::Gnss_<std::allocator<void> >, std::allocator<void> >; NodeT = rclcpp::Node; std::string = std::__cxx11::basic_string<char>; typename MessageMemoryStrategyT::SharedPtr = std::shared_ptr<rclcpp::message_memory_strategy::MessageMemoryStrategy<interfaces::msg::Gnss_<std::allocator<void> >, std::allocator<void> > >][m[K’
[01m[K/opt/ros/humble/include/rclcpp/rclcpp/node_impl.hpp:99:47:[m[K   required from ‘[01m[Kstd::shared_ptr<ROSMessageT> rclcpp::Node::create_subscription(const string&, const rclcpp::QoS&, CallbackT&&, const rclcpp::SubscriptionOptionsWithAllocator<AllocatorT>&, typename MessageMemoryStrategyT::SharedPtr) [with MessageT = interfaces::msg::Gnss_<std::allocator<void> >; CallbackT = std::_Bind<void (car_control::*(car_control*, std::_Placeholder<1>))(const int&)>; AllocatorT = std::allocator<void>; SubscriptionT = rclcpp::Subscription<interfaces::msg::Gnss_<std::allocator<void> >, std::allocator<void>, interfaces::msg::Gnss_<std::allocator<void> >, interfaces::msg::Gnss_<std::allocator<void> >, rclcpp::message_memory_strategy::MessageMemoryStrategy<interfaces::msg::Gnss_<std::allocator<void> >, std::allocator<void> > >; MessageMemoryStrategyT = rclcpp::message_memory_strategy::MessageMemoryStrategy<interfaces::msg::Gnss_<std::allocator<void> >, std::allocator<void> >; std::string = std::__cxx11::basic_string<char>; typename MessageMemoryStrategyT::SharedPtr = std::shared_ptr<rclcpp::message_memory_strategy::MessageMemoryStrategy<interfaces::msg::Gnss_<std::allocator<void> >, std::allocator<void> > >][m[K’
[01m[K/home/lilultime/Autocab/autocab/raspberryPI3/ros2_ws/src/car_control/src/car_control_node.cpp:55:83:[m[K   required from here
[01m[K/usr/include/c++/11/variant:1398:16:[m[K [01;36m[Knote: [m[Kcandidate: ‘[01m[Kstd::variant<_Types>& std::variant<_Types>::operator=(const std::variant<_Types>&) [with _Types = {std::function<void(const interfaces::msg::Gnss_<std::allocator<void> >&)>, std::function<void(const interfaces::msg::Gnss_<std::allocator<void> >&, const rclcpp::MessageInfo&)>, std::function<void(const rclcpp::SerializedMessage&)>, std::function<void(const rclcpp::SerializedMessage&, const rclcpp::MessageInfo&)>, std::function<void(std::unique_ptr<interfaces::msg::Gnss_<std::allocator<void> >, std::default_delete<interfaces::msg::Gnss_<std::allocator<void> > > >)>, std::function<void(std::unique_ptr<interfaces::msg::Gnss_<std::allocator<void> >, std::default_delete<interfaces::msg::Gnss_<std::allocator<void> > > >, const rclcpp::MessageInfo&)>, std::function<void(std::unique_ptr<rclcpp::SerializedMessage, std::default_delete<rclcpp::SerializedMessage> >)>, std::function<void(std::unique_ptr<rclcpp::SerializedMessage, std::default_delete<rclcpp::SerializedMessage> >, const rclcpp::MessageInfo&)>, std::function<void(std::shared_ptr<const interfaces::msg::Gnss_<std::allocator<void> > >)>, std::function<void(std::shared_ptr<const interfaces::msg::Gnss_<std::allocator<void> > >, const rclcpp::MessageInfo&)>, std::function<void(std::shared_ptr<const rclcpp::SerializedMessage>)>, std::function<void(std::shared_ptr<const rclcpp::SerializedMessage>, const rclcpp::MessageInfo&)>, std::function<void(const std::shared_ptr<const interfaces::msg::Gnss_<std::allocator<void> > >&)>, std::function<void(const std::shared_ptr<const interfaces::msg::Gnss_<std::allocator<void> > >&, const rclcpp::MessageInfo&)>, std::function<void(const std::shared_ptr<const rclcpp::SerializedMessage>&)>, std::function<void(const std::shared_ptr<const rclcpp::SerializedMessage>&, const rclcpp::MessageInfo&)>, std::function<void(std::shared_ptr<interfaces::msg::Gnss_<std::allocator<void> > >)>, std::function<void(std::shared_ptr<interfaces::msg::Gnss_<std::allocator<void> > >, const rclcpp::MessageInfo&)>, std::function<void(std::shared_ptr<rclcpp::SerializedMessage>)>, std::function<void(std::shared_ptr<rclcpp::SerializedMessage>, const rclcpp::MessageInfo&)>}][m[K’
 1398 |       variant& [01;36m[Koperator[m[K=(const variant&) = default;
      |                [01;36m[K^~~~~~~~[m[K
[01m[K/usr/include/c++/11/variant:1398:26:[m[K [01;36m[Knote: [m[K  no known conversion for argument 1 from ‘[01m[Krclcpp::detail::SubscriptionCallbackTypeHelper<interfaces::msg::Gnss_<std::allocator<void> >, std::_Bind<void (car_control::*(car_control*, std::_Placeholder<1>))(const int&)>, void>::callback_type[m[K’ {aka ‘[01m[Kstd::function<void(const int&)>[m[K’} to ‘[01m[Kconst std::variant<std::function<void(const interfaces::msg::Gnss_<std::allocator<void> >&)>, std::function<void(const interfaces::msg::Gnss_<std::allocator<void> >&, const rclcpp::MessageInfo&)>, std::function<void(const rclcpp::SerializedMessage&)>, std::function<void(const rclcpp::SerializedMessage&, const rclcpp::MessageInfo&)>, std::function<void(std::unique_ptr<interfaces::msg::Gnss_<std::allocator<void> >, std::default_delete<interfaces::msg::Gnss_<std::allocator<void> > > >)>, std::function<void(std::unique_ptr<interfaces::msg::Gnss_<std::allocator<void> >, std::default_delete<interfaces::msg::Gnss_<std::allocator<void> > > >, const rclcpp::MessageInfo&)>, std::function<void(std::unique_ptr<rclcpp::SerializedMessage, std::default_delete<rclcpp::SerializedMessage> >)>, std::function<void(std::unique_ptr<rclcpp::SerializedMessage, std::default_delete<rclcpp::SerializedMessage> >, const rclcpp::MessageInfo&)>, std::function<void(std::shared_ptr<const interfaces::msg::Gnss_<std::allocator<void> > >)>, std::function<void(std::shared_ptr<const interfaces::msg::Gnss_<std::allocator<void> > >, const rclcpp::MessageInfo&)>, std::function<void(std::shared_ptr<const rclcpp::SerializedMessage>)>, std::function<void(std::shared_ptr<const rclcpp::SerializedMessage>, const rclcpp::MessageInfo&)>, std::function<void(const std::shared_ptr<const interfaces::msg::Gnss_<std::allocator<void> > >&)>, std::function<void(const std::shared_ptr<const interfaces::msg::Gnss_<std::allocator<void> > >&, const rclcpp::MessageInfo&)>, std::function<void(const std::shared_ptr<const rclcpp::SerializedMessage>&)>, std::function<void(const std::shared_ptr<const rclcpp::SerializedMessage>&, const rclcpp::MessageInfo&)>, std::function<void(std::shared_ptr<interfaces::msg::Gnss_<std::allocator<void> > >)>, std::function<void(std::shared_ptr<interfaces::msg::Gnss_<std::allocator<void> > >, const rclcpp::MessageInfo&)>, std::function<void(std::shared_ptr<rclcpp::SerializedMessage>)>, std::function<void(std::shared_ptr<rclcpp::SerializedMessage>, const rclcpp::MessageInfo&)> >&[m[K’
 1398 |       variant& operator=([01;36m[Kconst variant&[m[K) = default;
      |                          [01;36m[K^~~~~~~~~~~~~~[m[K
[01m[K/usr/include/c++/11/variant:1399:16:[m[K [01;36m[Knote: [m[Kcandidate: ‘[01m[Kstd::variant<_Types>& std::variant<_Types>::operator=(std::variant<_Types>&&) [with _Types = {std::function<void(const interfaces::msg::Gnss_<std::allocator<void> >&)>, std::function<void(const interfaces::msg::Gnss_<std::allocator<void> >&, const rclcpp::MessageInfo&)>, std::function<void(const rclcpp::SerializedMessage&)>, std::function<void(const rclcpp::SerializedMessage&, const rclcpp::MessageInfo&)>, std::function<void(std::unique_ptr<interfaces::msg::Gnss_<std::allocator<void> >, std::default_delete<interfaces::msg::Gnss_<std::allocator<void> > > >)>, std::function<void(std::unique_ptr<interfaces::msg::Gnss_<std::allocator<void> >, std::default_delete<interfaces::msg::Gnss_<std::allocator<void> > > >, const rclcpp::MessageInfo&)>, std::function<void(std::unique_ptr<rclcpp::SerializedMessage, std::default_delete<rclcpp::SerializedMessage> >)>, std::function<void(std::unique_ptr<rclcpp::SerializedMessage, std::default_delete<rclcpp::SerializedMessage> >, const rclcpp::MessageInfo&)>, std::function<void(std::shared_ptr<const interfaces::msg::Gnss_<std::allocator<void> > >)>, std::function<void(std::shared_ptr<const interfaces::msg::Gnss_<std::allocator<void> > >, const rclcpp::MessageInfo&)>, std::function<void(std::shared_ptr<const rclcpp::SerializedMessage>)>, std::function<void(std::shared_ptr<const rclcpp::SerializedMessage>, const rclcpp::MessageInfo&)>, std::function<void(const std::shared_ptr<const interfaces::msg::Gnss_<std::allocator<void> > >&)>, std::function<void(const std::shared_ptr<const interfaces::msg::Gnss_<std::allocator<void> > >&, const rclcpp::MessageInfo&)>, std::function<void(const std::shared_ptr<const rclcpp::SerializedMessage>&)>, std::function<void(const std::shared_ptr<const rclcpp::SerializedMessage>&, const rclcpp::MessageInfo&)>, std::function<void(std::shared_ptr<interfaces::msg::Gnss_<std::allocator<void> > >)>, std::function<void(std::shared_ptr<interfaces::msg::Gnss_<std::allocator<void> > >, const rclcpp::MessageInfo&)>, std::function<void(std::shared_ptr<rclcpp::SerializedMessage>)>, std::function<void(std::shared_ptr<rclcpp::SerializedMessage>, const rclcpp::MessageInfo&)>}][m[K’
 1399 |       variant& [01;36m[Koperator[m[K=(variant&&) = default;
      |                [01;36m[K^~~~~~~~[m[K
[01m[K/usr/include/c++/11/variant:1399:26:[m[K [01;36m[Knote: [m[K  no known conversion for argument 1 from ‘[01m[Krclcpp::detail::SubscriptionCallbackTypeHelper<interfaces::msg::Gnss_<std::allocator<void> >, std::_Bind<void (car_control::*(car_control*, std::_Placeholder<1>))(const int&)>, void>::callback_type[m[K’ {aka ‘[01m[Kstd::function<void(const int&)>[m[K’} to ‘[01m[Kstd::variant<std::function<void(const interfaces::msg::Gnss_<std::allocator<void> >&)>, std::function<void(const interfaces::msg::Gnss_<std::allocator<void> >&, const rclcpp::MessageInfo&)>, std::function<void(const rclcpp::SerializedMessage&)>, std::function<void(const rclcpp::SerializedMessage&, const rclcpp::MessageInfo&)>, std::function<void(std::unique_ptr<interfaces::msg::Gnss_<std::allocator<void> >, std::default_delete<interfaces::msg::Gnss_<std::allocator<void> > > >)>, std::function<void(std::unique_ptr<interfaces::msg::Gnss_<std::allocator<void> >, std::default_delete<interfaces::msg::Gnss_<std::allocator<void> > > >, const rclcpp::MessageInfo&)>, std::function<void(std::unique_ptr<rclcpp::SerializedMessage, std::default_delete<rclcpp::SerializedMessage> >)>, std::function<void(std::unique_ptr<rclcpp::SerializedMessage, std::default_delete<rclcpp::SerializedMessage> >, const rclcpp::MessageInfo&)>, std::function<void(std::shared_ptr<const interfaces::msg::Gnss_<std::allocator<void> > >)>, std::function<void(std::shared_ptr<const interfaces::msg::Gnss_<std::allocator<void> > >, const rclcpp::MessageInfo&)>, std::function<void(std::shared_ptr<const rclcpp::SerializedMessage>)>, std::function<void(std::shared_ptr<const rclcpp::SerializedMessage>, const rclcpp::MessageInfo&)>, std::function<void(const std::shared_ptr<const interfaces::msg::Gnss_<std::allocator<void> > >&)>, std::function<void(const std::shared_ptr<const interfaces::msg::Gnss_<std::allocator<void> > >&, const rclcpp::MessageInfo&)>, std::function<void(const std::shared_ptr<const rclcpp::SerializedMessage>&)>, std::function<void(const std::shared_ptr<const rclcpp::SerializedMessage>&, const rclcpp::MessageInfo&)>, std::function<void(std::shared_ptr<interfaces::msg::Gnss_<std::allocator<void> > >)>, std::function<void(std::shared_ptr<interfaces::msg::Gnss_<std::allocator<void> > >, const rclcpp::MessageInfo&)>, std::function<void(std::shared_ptr<rclcpp::SerializedMessage>)>, std::function<void(std::shared_ptr<rclcpp::SerializedMessage>, const rclcpp::MessageInfo&)> >&&[m[K’
 1399 |       variant& operator=([01;36m[Kvariant&&[m[K) = default;
      |                          [01;36m[K^~~~~~~~~[m[K
gmake[2]: *** [CMakeFiles/car_control_node.dir/build.make:76: CMakeFiles/car_control_node.dir/src/car_control_node.cpp.o] Error 1
gmake[1]: *** [CMakeFiles/Makefile2:137: CMakeFiles/car_control_node.dir/all] Error 2
gmake: *** [Makefile:146: all] Error 2
