[0.082s] Invoking command in '/home/pi/sebastian/autocab/raspberryPI3/ros2_ws/build/car_control': AMENT_PREFIX_PATH=/home/pi/autocab/raspberryPI3/ros2_ws/install/interfaces:${AMENT_PREFIX_PATH} CMAKE_PREFIX_PATH=/home/pi/autocab/raspberryPI3/ros2_ws/install/interfaces:/home/pi/sebastian/autocab/raspberryPI3/ros2_ws/install/car_control:/home/pi/sebastian/autocab/raspberryPI3/ros2_ws/install/interfaces:/home/pi/sebastian/autocab/raspberryPI3/ros2_ws/install/carla_msgs:/home/pi/ros2_ws/install/geicar_start:/home/pi/ros2_ws/install/system_check:/home/pi/ros2_ws/install/simulation:/home/pi/ros2_ws/install/imu_tools:/home/pi/ros2_ws/install/rviz_imu_plugin:/home/pi/ros2_ws/install/joystick:/home/pi/ros2_ws/install/car_control:/home/pi/ros2_ws/install/can:/home/pi/ros2_ws/install/interfaces:/home/pi/ros2_ws/install/imu_filter_madgwick:/home/pi/ros2_ws/install/imu_complementary_filter:/home/pi/ros2_ws/install/carla_msgs:/opt/ros/humble LD_LIBRARY_PATH=/home/pi/autocab/raspberryPI3/ros2_ws/install/interfaces/lib:${LD_LIBRARY_PATH} PYTHONPATH=/home/pi/autocab/raspberryPI3/ros2_ws/install/interfaces/local/lib/python3.10/dist-packages:${PYTHONPATH} /usr/bin/cmake --build /home/pi/sebastian/autocab/raspberryPI3/ros2_ws/build/car_control -- -j4 -l4
[0.292s] [35m[1mConsolidate compiler generated dependencies of target car_control_node[0m
[0.397s] [ 20%] [32mBuilding CXX object CMakeFiles/car_control_node.dir/src/car_control_node.cpp.o[0m
[60.442s] [ 40%] [32m[1mLinking CXX executable car_control_node[0m
[64.301s] [100%] Built target car_control_node
[64.350s] Invoked command in '/home/pi/sebastian/autocab/raspberryPI3/ros2_ws/build/car_control' returned '0': AMENT_PREFIX_PATH=/home/pi/autocab/raspberryPI3/ros2_ws/install/interfaces:${AMENT_PREFIX_PATH} CMAKE_PREFIX_PATH=/home/pi/autocab/raspberryPI3/ros2_ws/install/interfaces:/home/pi/sebastian/autocab/raspberryPI3/ros2_ws/install/car_control:/home/pi/sebastian/autocab/raspberryPI3/ros2_ws/install/interfaces:/home/pi/sebastian/autocab/raspberryPI3/ros2_ws/install/carla_msgs:/home/pi/ros2_ws/install/geicar_start:/home/pi/ros2_ws/install/system_check:/home/pi/ros2_ws/install/simulation:/home/pi/ros2_ws/install/imu_tools:/home/pi/ros2_ws/install/rviz_imu_plugin:/home/pi/ros2_ws/install/joystick:/home/pi/ros2_ws/install/car_control:/home/pi/ros2_ws/install/can:/home/pi/ros2_ws/install/interfaces:/home/pi/ros2_ws/install/imu_filter_madgwick:/home/pi/ros2_ws/install/imu_complementary_filter:/home/pi/ros2_ws/install/carla_msgs:/opt/ros/humble LD_LIBRARY_PATH=/home/pi/autocab/raspberryPI3/ros2_ws/install/interfaces/lib:${LD_LIBRARY_PATH} PYTHONPATH=/home/pi/autocab/raspberryPI3/ros2_ws/install/interfaces/local/lib/python3.10/dist-packages:${PYTHONPATH} /usr/bin/cmake --build /home/pi/sebastian/autocab/raspberryPI3/ros2_ws/build/car_control -- -j4 -l4
[64.603s] Invoking command in '/home/pi/sebastian/autocab/raspberryPI3/ros2_ws/build/car_control': AMENT_PREFIX_PATH=/home/pi/autocab/raspberryPI3/ros2_ws/install/interfaces:${AMENT_PREFIX_PATH} CMAKE_PREFIX_PATH=/home/pi/autocab/raspberryPI3/ros2_ws/install/interfaces:/home/pi/sebastian/autocab/raspberryPI3/ros2_ws/install/car_control:/home/pi/sebastian/autocab/raspberryPI3/ros2_ws/install/interfaces:/home/pi/sebastian/autocab/raspberryPI3/ros2_ws/install/carla_msgs:/home/pi/ros2_ws/install/geicar_start:/home/pi/ros2_ws/install/system_check:/home/pi/ros2_ws/install/simulation:/home/pi/ros2_ws/install/imu_tools:/home/pi/ros2_ws/install/rviz_imu_plugin:/home/pi/ros2_ws/install/joystick:/home/pi/ros2_ws/install/car_control:/home/pi/ros2_ws/install/can:/home/pi/ros2_ws/install/interfaces:/home/pi/ros2_ws/install/imu_filter_madgwick:/home/pi/ros2_ws/install/imu_complementary_filter:/home/pi/ros2_ws/install/carla_msgs:/opt/ros/humble LD_LIBRARY_PATH=/home/pi/autocab/raspberryPI3/ros2_ws/install/interfaces/lib:${LD_LIBRARY_PATH} PYTHONPATH=/home/pi/autocab/raspberryPI3/ros2_ws/install/interfaces/local/lib/python3.10/dist-packages:${PYTHONPATH} /usr/bin/cmake --install /home/pi/sebastian/autocab/raspberryPI3/ros2_ws/build/car_control
[64.635s] -- Install configuration: ""
[64.637s] -- Installing: /home/pi/sebastian/autocab/raspberryPI3/ros2_ws/install/car_control/lib/car_control/car_control_node
[64.714s] -- Set runtime path of "/home/pi/sebastian/autocab/raspberryPI3/ros2_ws/install/car_control/lib/car_control/car_control_node" to ""
[64.715s] -- Up-to-date: /home/pi/sebastian/autocab/raspberryPI3/ros2_ws/install/car_control/share/ament_index/resource_index/package_run_dependencies/car_control
[64.715s] -- Up-to-date: /home/pi/sebastian/autocab/raspberryPI3/ros2_ws/install/car_control/share/ament_index/resource_index/parent_prefix_path/car_control
[64.716s] -- Up-to-date: /home/pi/sebastian/autocab/raspberryPI3/ros2_ws/install/car_control/share/car_control/environment/ament_prefix_path.sh
[64.717s] -- Up-to-date: /home/pi/sebastian/autocab/raspberryPI3/ros2_ws/install/car_control/share/car_control/environment/ament_prefix_path.dsv
[64.718s] -- Up-to-date: /home/pi/sebastian/autocab/raspberryPI3/ros2_ws/install/car_control/share/car_control/environment/path.sh
[64.718s] -- Up-to-date: /home/pi/sebastian/autocab/raspberryPI3/ros2_ws/install/car_control/share/car_control/environment/path.dsv
[64.719s] -- Up-to-date: /home/pi/sebastian/autocab/raspberryPI3/ros2_ws/install/car_control/share/car_control/local_setup.bash
[64.719s] -- Up-to-date: /home/pi/sebastian/autocab/raspberryPI3/ros2_ws/install/car_control/share/car_control/local_setup.sh
[64.720s] -- Up-to-date: /home/pi/sebastian/autocab/raspberryPI3/ros2_ws/install/car_control/share/car_control/local_setup.zsh
[64.721s] -- Up-to-date: /home/pi/sebastian/autocab/raspberryPI3/ros2_ws/install/car_control/share/car_control/local_setup.dsv
[64.722s] -- Installing: /home/pi/sebastian/autocab/raspberryPI3/ros2_ws/install/car_control/share/car_control/package.dsv
[64.723s] -- Up-to-date: /home/pi/sebastian/autocab/raspberryPI3/ros2_ws/install/car_control/share/ament_index/resource_index/packages/car_control
[64.723s] -- Up-to-date: /home/pi/sebastian/autocab/raspberryPI3/ros2_ws/install/car_control/share/car_control/cmake/ament_cmake_export_include_directories-extras.cmake
[64.735s] -- Up-to-date: /home/pi/sebastian/autocab/raspberryPI3/ros2_ws/install/car_control/share/car_control/cmake/car_controlConfig.cmake
[64.741s] -- Up-to-date: /home/pi/sebastian/autocab/raspberryPI3/ros2_ws/install/car_control/share/car_control/cmake/car_controlConfig-version.cmake
[64.743s] -- Up-to-date: /home/pi/sebastian/autocab/raspberryPI3/ros2_ws/install/car_control/share/car_control/package.xml
[64.746s] Invoked command in '/home/pi/sebastian/autocab/raspberryPI3/ros2_ws/build/car_control' returned '0': AMENT_PREFIX_PATH=/home/pi/autocab/raspberryPI3/ros2_ws/install/interfaces:${AMENT_PREFIX_PATH} CMAKE_PREFIX_PATH=/home/pi/autocab/raspberryPI3/ros2_ws/install/interfaces:/home/pi/sebastian/autocab/raspberryPI3/ros2_ws/install/car_control:/home/pi/sebastian/autocab/raspberryPI3/ros2_ws/install/interfaces:/home/pi/sebastian/autocab/raspberryPI3/ros2_ws/install/carla_msgs:/home/pi/ros2_ws/install/geicar_start:/home/pi/ros2_ws/install/system_check:/home/pi/ros2_ws/install/simulation:/home/pi/ros2_ws/install/imu_tools:/home/pi/ros2_ws/install/rviz_imu_plugin:/home/pi/ros2_ws/install/joystick:/home/pi/ros2_ws/install/car_control:/home/pi/ros2_ws/install/can:/home/pi/ros2_ws/install/interfaces:/home/pi/ros2_ws/install/imu_filter_madgwick:/home/pi/ros2_ws/install/imu_complementary_filter:/home/pi/ros2_ws/install/carla_msgs:/opt/ros/humble LD_LIBRARY_PATH=/home/pi/autocab/raspberryPI3/ros2_ws/install/interfaces/lib:${LD_LIBRARY_PATH} PYTHONPATH=/home/pi/autocab/raspberryPI3/ros2_ws/install/interfaces/local/lib/python3.10/dist-packages:${PYTHONPATH} /usr/bin/cmake --install /home/pi/sebastian/autocab/raspberryPI3/ros2_ws/build/car_control
