[0.078s] Invoking command in '/home/pi/autocab/raspberryPI3/ros2_ws/build/car_control': AMENT_PREFIX_PATH=/home/pi/autocab/raspberryPI3/ros2_ws/install/interfaces:${AMENT_PREFIX_PATH} CMAKE_PREFIX_PATH=/home/pi/autocab/raspberryPI3/ros2_ws/install/interfaces:/home/pi/ros2_ws/install/geicar_start:/home/pi/ros2_ws/install/system_check:/home/pi/ros2_ws/install/simulation:/home/pi/ros2_ws/install/imu_tools:/home/pi/ros2_ws/install/rviz_imu_plugin:/home/pi/ros2_ws/install/joystick:/home/pi/ros2_ws/install/car_control:/home/pi/ros2_ws/install/can:/home/pi/ros2_ws/install/interfaces:/home/pi/ros2_ws/install/imu_filter_madgwick:/home/pi/ros2_ws/install/imu_complementary_filter:/home/pi/ros2_ws/install/carla_msgs:/opt/ros/humble LD_LIBRARY_PATH=/home/pi/autocab/raspberryPI3/ros2_ws/install/interfaces/lib:${LD_LIBRARY_PATH} PYTHONPATH=/home/pi/autocab/raspberryPI3/ros2_ws/install/interfaces/local/lib/python3.10/dist-packages:${PYTHONPATH} /usr/bin/cmake --build /home/pi/autocab/raspberryPI3/ros2_ws/build/car_control -- -j4 -l4
[0.286s] [35m[1mConsolidate compiler generated dependencies of target car_control_node[0m
[0.395s] [ 20%] [32mBuilding CXX object CMakeFiles/car_control_node.dir/src/car_control_node.cpp.o[0m
[0.400s] [ 40%] [32mBuilding CXX object CMakeFiles/car_control_node.dir/src/fromAtoB.cpp.o[0m
[11.084s] In file included from [01m[K/home/pi/autocab/raspberryPI3/ros2_ws/src/car_control/src/fromAtoB.cpp:1[m[K:
[11.085s] [01m[K/home/pi/autocab/raspberryPI3/ros2_ws/src/car_control/src/../include/car_control/fromAtoB.h:32:38:[m[K [01;31m[Kerror: [m[K‘[01m[Kunordered_map[m[K’ does not name a type
[11.086s]    32 |     void add_vertex(char name, const [01;31m[Kunordered_map[m[K<char, float>& edges);
[11.086s]       |                                      [01;31m[K^~~~~~~~~~~~~[m[K
[11.087s] [01m[K/home/pi/autocab/raspberryPI3/ros2_ws/src/car_control/src/../include/car_control/fromAtoB.h:32:51:[m[K [01;31m[Kerror: [m[Kexpected ‘[01m[K,[m[K’ or ‘[01m[K...[m[K’ before ‘[01m[K<[m[K’ token
[11.088s]    32 |     void add_vertex(char name, const unordered_map[01;31m[K<[m[Kchar, float>& edges);
[11.088s]       |                                                   [01;31m[K^[m[K
[11.090s] [01m[K/home/pi/autocab/raspberryPI3/ros2_ws/src/car_control/src/../include/car_control/fromAtoB.h:33:5:[m[K [01;31m[Kerror: [m[K‘[01m[Kvector[m[K’ does not name a type
[11.091s]    33 |     [01;31m[Kvector[m[K<char> shortest_path(char start, char finish);
[11.091s]       |     [01;31m[K^~~~~~[m[K
[11.092s] [01m[K/home/pi/autocab/raspberryPI3/ros2_ws/src/car_control/src/../include/car_control/fromAtoB.h:34:22:[m[K [01;31m[Kerror: [m[K‘[01m[Kmap[m[K’ has not been declared
[11.092s]    34 |     void createGraph([01;31m[Kmap[m[K<char, float[2]> coordinates);
[11.093s]       |                      [01;31m[K^~~[m[K
[11.094s] [01m[K/home/pi/autocab/raspberryPI3/ros2_ws/src/car_control/src/../include/car_control/fromAtoB.h:34:25:[m[K [01;31m[Kerror: [m[Kexpected ‘[01m[K,[m[K’ or ‘[01m[K...[m[K’ before ‘[01m[K<[m[K’ token
[11.094s]    34 |     void createGraph(map[01;31m[K<[m[Kchar, float[2]> coordinates);
[11.095s]       |                         [01;31m[K^[m[K
[11.096s] [01m[K/home/pi/autocab/raspberryPI3/ros2_ws/src/car_control/src/../include/car_control/fromAtoB.h:36:2:[m[K [01;31m[Kerror: [m[Kexpected ‘[01m[K;[m[K’ after class definition
[11.097s]    36 | }
[11.098s]       |  [01;31m[K^[m[K
[11.098s]       |  [32m[K;[m[K
[11.099s] [01m[K/home/pi/autocab/raspberryPI3/ros2_ws/src/car_control/src/fromAtoB.cpp:78:7:[m[K [01;31m[Kerror: [m[Kredefinition of ‘[01m[Kclass Graph[m[K’
[11.099s]    78 | class [01;31m[KGraph[m[K {
[11.100s]       |       [01;31m[K^~~~~[m[K
[11.100s] In file included from [01m[K/home/pi/autocab/raspberryPI3/ros2_ws/src/car_control/src/fromAtoB.cpp:1[m[K:
[11.101s] [01m[K/home/pi/autocab/raspberryPI3/ros2_ws/src/car_control/src/../include/car_control/fromAtoB.h:31:7:[m[K [01;36m[Knote: [m[Kprevious definition of ‘[01m[Kclass Graph[m[K’
[11.102s]    31 | class [01;36m[KGraph[m[K{
[11.102s]       |       [01;36m[K^~~~~[m[K
[11.268s] In file included from [01m[K/home/pi/autocab/raspberryPI3/ros2_ws/src/car_control/src/car_control_node.cpp:19[m[K:
[11.269s] [01m[K/home/pi/autocab/raspberryPI3/ros2_ws/src/car_control/src/../include/car_control/fromAtoB.h:32:38:[m[K [01;31m[Kerror: [m[K‘[01m[Kunordered_map[m[K’ does not name a type
[11.270s]    32 |     void add_vertex(char name, const [01;31m[Kunordered_map[m[K<char, float>& edges);
[11.270s]       |                                      [01;31m[K^~~~~~~~~~~~~[m[K
[11.271s] [01m[K/home/pi/autocab/raspberryPI3/ros2_ws/src/car_control/src/../include/car_control/fromAtoB.h:32:51:[m[K [01;31m[Kerror: [m[Kexpected ‘[01m[K,[m[K’ or ‘[01m[K...[m[K’ before ‘[01m[K<[m[K’ token
[11.271s]    32 |     void add_vertex(char name, const unordered_map[01;31m[K<[m[Kchar, float>& edges);
[11.272s]       |                                                   [01;31m[K^[m[K
[11.274s] [01m[K/home/pi/autocab/raspberryPI3/ros2_ws/src/car_control/src/../include/car_control/fromAtoB.h:33:5:[m[K [01;31m[Kerror: [m[K‘[01m[Kvector[m[K’ does not name a type
[11.275s]    33 |     [01;31m[Kvector[m[K<char> shortest_path(char start, char finish);
[11.275s]       |     [01;31m[K^~~~~~[m[K
[11.276s] [01m[K/home/pi/autocab/raspberryPI3/ros2_ws/src/car_control/src/../include/car_control/fromAtoB.h:34:22:[m[K [01;31m[Kerror: [m[K‘[01m[Kmap[m[K’ has not been declared
[11.277s]    34 |     void createGraph([01;31m[Kmap[m[K<char, float[2]> coordinates);
[11.277s]       |                      [01;31m[K^~~[m[K
[11.278s] [01m[K/home/pi/autocab/raspberryPI3/ros2_ws/src/car_control/src/../include/car_control/fromAtoB.h:34:25:[m[K [01;31m[Kerror: [m[Kexpected ‘[01m[K,[m[K’ or ‘[01m[K...[m[K’ before ‘[01m[K<[m[K’ token
[11.278s]    34 |     void createGraph(map[01;31m[K<[m[Kchar, float[2]> coordinates);
[11.279s]       |                         [01;31m[K^[m[K
[11.279s] [01m[K/home/pi/autocab/raspberryPI3/ros2_ws/src/car_control/src/../include/car_control/fromAtoB.h:36:2:[m[K [01;31m[Kerror: [m[Kexpected ‘[01m[K;[m[K’ after class definition
[11.280s]    36 | }
[11.280s]       |  [01;31m[K^[m[K
[11.281s]       |  [32m[K;[m[K
[12.170s] [01m[K/home/pi/autocab/raspberryPI3/ros2_ws/src/car_control/src/car_control_node.cpp:[m[K In constructor ‘[01m[Kcar_control::car_control()[m[K’:
[12.170s] [01m[K/home/pi/autocab/raspberryPI3/ros2_ws/src/car_control/src/car_control_node.cpp:47:34:[m[K [01;31m[Kerror: [m[Kexpected primary-expression before ‘[01m[K{[m[K’ token
[12.171s]    47 |         coordinates.insert(('A', [01;31m[K{[m[K43.570596, 1.466500}));
[12.171s]       |                                  [01;31m[K^[m[K
[12.172s] [01m[K/home/pi/autocab/raspberryPI3/ros2_ws/src/car_control/src/car_control_node.cpp:47:34:[m[K [01;31m[Kerror: [m[Kexpected ‘[01m[K)[m[K’ before ‘[01m[K{[m[K’ token
[12.172s] [01m[K/home/pi/autocab/raspberryPI3/ros2_ws/src/car_control/src/car_control_node.cpp:47:28:[m[K [01;36m[Knote: [m[Kto match this ‘[01m[K([m[K’
[12.173s]    47 |         coordinates.insert([01;36m[K([m[K'A', {43.570596, 1.466500}));
[12.174s]       |                            [01;36m[K^[m[K
[12.174s] [01m[K/home/pi/autocab/raspberryPI3/ros2_ws/src/car_control/src/car_control_node.cpp:48:34:[m[K [01;31m[Kerror: [m[Kexpected primary-expression before ‘[01m[K{[m[K’ token
[12.175s]    48 |         coordinates.insert(('B', [01;31m[K{[m[K43.570596, 1.466500}));
[12.175s]       |                                  [01;31m[K^[m[K
[12.176s] [01m[K/home/pi/autocab/raspberryPI3/ros2_ws/src/car_control/src/car_control_node.cpp:48:34:[m[K [01;31m[Kerror: [m[Kexpected ‘[01m[K)[m[K’ before ‘[01m[K{[m[K’ token
[12.176s] [01m[K/home/pi/autocab/raspberryPI3/ros2_ws/src/car_control/src/car_control_node.cpp:48:28:[m[K [01;36m[Knote: [m[Kto match this ‘[01m[K([m[K’
[12.177s]    48 |         coordinates.insert([01;36m[K([m[K'B', {43.570596, 1.466500}));
[12.178s]       |                            [01;36m[K^[m[K
[12.178s] [01m[K/home/pi/autocab/raspberryPI3/ros2_ws/src/car_control/src/car_control_node.cpp:49:34:[m[K [01;31m[Kerror: [m[Kexpected primary-expression before ‘[01m[K{[m[K’ token
[12.179s]    49 |         coordinates.insert(('C', [01;31m[K{[m[K43.570596, 1.466500}));
[12.179s]       |                                  [01;31m[K^[m[K
[12.180s] [01m[K/home/pi/autocab/raspberryPI3/ros2_ws/src/car_control/src/car_control_node.cpp:49:34:[m[K [01;31m[Kerror: [m[Kexpected ‘[01m[K)[m[K’ before ‘[01m[K{[m[K’ token
[12.180s] [01m[K/home/pi/autocab/raspberryPI3/ros2_ws/src/car_control/src/car_control_node.cpp:49:28:[m[K [01;36m[Knote: [m[Kto match this ‘[01m[K([m[K’
[12.181s]    49 |         coordinates.insert([01;36m[K([m[K'C', {43.570596, 1.466500}));
[12.182s]       |                            [01;36m[K^[m[K
[12.182s] [01m[K/home/pi/autocab/raspberryPI3/ros2_ws/src/car_control/src/car_control_node.cpp:50:34:[m[K [01;31m[Kerror: [m[Kexpected primary-expression before ‘[01m[K{[m[K’ token
[12.183s]    50 |         coordinates.insert(('D', [01;31m[K{[m[K43.570596, 1.466500}));
[12.184s]       |                                  [01;31m[K^[m[K
[12.184s] [01m[K/home/pi/autocab/raspberryPI3/ros2_ws/src/car_control/src/car_control_node.cpp:50:34:[m[K [01;31m[Kerror: [m[Kexpected ‘[01m[K)[m[K’ before ‘[01m[K{[m[K’ token
[12.185s] [01m[K/home/pi/autocab/raspberryPI3/ros2_ws/src/car_control/src/car_control_node.cpp:50:28:[m[K [01;36m[Knote: [m[Kto match this ‘[01m[K([m[K’
[12.186s]    50 |         coordinates.insert([01;36m[K([m[K'D', {43.570596, 1.466500}));
[12.186s]       |                            [01;36m[K^[m[K
[12.187s] [01m[K/home/pi/autocab/raspberryPI3/ros2_ws/src/car_control/src/car_control_node.cpp:52:27:[m[K [01;31m[Kerror: [m[Kcannot convert ‘[01m[Kstd::map<char, float [2]>[m[K’ to ‘[01m[Kint[m[K’
[12.187s]    52 |         graph.createGraph([01;31m[Kcoordinates[m[K);
[12.189s]       |                           [01;31m[K^~~~~~~~~~~[m[K
[12.190s]       |                           [01;31m[K|[m[K
[12.191s]       |                           [01;31m[Kstd::map<char, float [2]>[m[K
[12.192s] In file included from [01m[K/home/pi/autocab/raspberryPI3/ros2_ws/src/car_control/src/car_control_node.cpp:19[m[K:
[12.193s] [01m[K/home/pi/autocab/raspberryPI3/ros2_ws/src/car_control/src/../include/car_control/fromAtoB.h:34:22:[m[K [01;36m[Knote: [m[K  initializing argument 1 of ‘[01m[Kvoid Graph::createGraph(int)[m[K’
[12.194s]    34 |     void createGraph([01;36m[Kmap[m[K<char, float[2]> coordinates);
[12.195s]       |                      [01;36m[K^~~[m[K
[13.225s] gmake[2]: *** [CMakeFiles/car_control_node.dir/build.make:118: CMakeFiles/car_control_node.dir/src/fromAtoB.cpp.o] Error 1
[13.225s] gmake[2]: *** Waiting for unfinished jobs....
[32.609s] gmake[2]: *** [CMakeFiles/car_control_node.dir/build.make:76: CMakeFiles/car_control_node.dir/src/car_control_node.cpp.o] Error 1
[32.609s] gmake[1]: *** [CMakeFiles/Makefile2:137: CMakeFiles/car_control_node.dir/all] Error 2
[32.610s] gmake: *** [Makefile:146: all] Error 2
[32.616s] Invoked command in '/home/pi/autocab/raspberryPI3/ros2_ws/build/car_control' returned '2': AMENT_PREFIX_PATH=/home/pi/autocab/raspberryPI3/ros2_ws/install/interfaces:${AMENT_PREFIX_PATH} CMAKE_PREFIX_PATH=/home/pi/autocab/raspberryPI3/ros2_ws/install/interfaces:/home/pi/ros2_ws/install/geicar_start:/home/pi/ros2_ws/install/system_check:/home/pi/ros2_ws/install/simulation:/home/pi/ros2_ws/install/imu_tools:/home/pi/ros2_ws/install/rviz_imu_plugin:/home/pi/ros2_ws/install/joystick:/home/pi/ros2_ws/install/car_control:/home/pi/ros2_ws/install/can:/home/pi/ros2_ws/install/interfaces:/home/pi/ros2_ws/install/imu_filter_madgwick:/home/pi/ros2_ws/install/imu_complementary_filter:/home/pi/ros2_ws/install/carla_msgs:/opt/ros/humble LD_LIBRARY_PATH=/home/pi/autocab/raspberryPI3/ros2_ws/install/interfaces/lib:${LD_LIBRARY_PATH} PYTHONPATH=/home/pi/autocab/raspberryPI3/ros2_ws/install/interfaces/local/lib/python3.10/dist-packages:${PYTHONPATH} /usr/bin/cmake --build /home/pi/autocab/raspberryPI3/ros2_ws/build/car_control -- -j4 -l4
