-- Found ament_cmake: 1.3.2 (/opt/ros/humble/share/ament_cmake/cmake)
-- Configuring done
-- Generating done
-- Build files have been written to: /home/pi/autocab/raspberryPI3/ros2_ws/build/imu_tools
-- Install configuration: ""
-- Up-to-date: /home/pi/autocab/raspberryPI3/ros2_ws/install/imu_tools/share/ament_index/resource_index/package_run_dependencies/imu_tools
-- Up-to-date: /home/pi/autocab/raspberryPI3/ros2_ws/install/imu_tools/share/ament_index/resource_index/parent_prefix_path/imu_tools
-- Installing: /home/pi/autocab/raspberryPI3/ros2_ws/install/imu_tools/share/imu_tools/environment/ament_prefix_path.sh
-- Installing: /home/pi/autocab/raspberryPI3/ros2_ws/install/imu_tools/share/imu_tools/environment/ament_prefix_path.dsv
-- Installing: /home/pi/autocab/raspberryPI3/ros2_ws/install/imu_tools/share/imu_tools/environment/path.sh
-- Installing: /home/pi/autocab/raspberryPI3/ros2_ws/install/imu_tools/share/imu_tools/environment/path.dsv
-- Up-to-date: /home/pi/autocab/raspberryPI3/ros2_ws/install/imu_tools/share/imu_tools/local_setup.bash
-- Up-to-date: /home/pi/autocab/raspberryPI3/ros2_ws/install/imu_tools/share/imu_tools/local_setup.sh
-- Up-to-date: /home/pi/autocab/raspberryPI3/ros2_ws/install/imu_tools/share/imu_tools/local_setup.zsh
-- Installing: /home/pi/autocab/raspberryPI3/ros2_ws/install/imu_tools/share/imu_tools/local_setup.dsv
-- Installing: /home/pi/autocab/raspberryPI3/ros2_ws/install/imu_tools/share/imu_tools/package.dsv
-- Up-to-date: /home/pi/autocab/raspberryPI3/ros2_ws/install/imu_tools/share/ament_index/resource_index/packages/imu_tools
-- Up-to-date: /home/pi/autocab/raspberryPI3/ros2_ws/install/imu_tools/share/imu_tools/cmake/imu_toolsConfig.cmake
-- Up-to-date: /home/pi/autocab/raspberryPI3/ros2_ws/install/imu_tools/share/imu_tools/cmake/imu_toolsConfig-version.cmake
-- Installing: /home/pi/autocab/raspberryPI3/ros2_ws/install/imu_tools/share/imu_tools/package.xml
