[0.153s] Invoking command in '/home/achraf/autocab/raspberryPI3/ros2_ws/build/system_check': AMENT_PREFIX_PATH=/home/achraf/autocab/raspberryPI3/ros2_ws/install/interfaces:${AMENT_PREFIX_PATH} CMAKE_PREFIX_PATH=/home/achraf/autocab/raspberryPI3/ros2_ws/install/interfaces:/opt/ros/humble LD_LIBRARY_PATH=/home/achraf/autocab/raspberryPI3/ros2_ws/install/interfaces/lib:${LD_LIBRARY_PATH} PYTHONPATH=/home/achraf/autocab/raspberryPI3/ros2_ws/install/interfaces/local/lib/python3.10/dist-packages:${PYTHONPATH} /usr/bin/cmake --build /home/achraf/autocab/raspberryPI3/ros2_ws/build/system_check -- -j8 -l8
[0.249s] [100%] Built target system_check_node
[0.270s] Invoked command in '/home/achraf/autocab/raspberryPI3/ros2_ws/build/system_check' returned '0': AMENT_PREFIX_PATH=/home/achraf/autocab/raspberryPI3/ros2_ws/install/interfaces:${AMENT_PREFIX_PATH} CMAKE_PREFIX_PATH=/home/achraf/autocab/raspberryPI3/ros2_ws/install/interfaces:/opt/ros/humble LD_LIBRARY_PATH=/home/achraf/autocab/raspberryPI3/ros2_ws/install/interfaces/lib:${LD_LIBRARY_PATH} PYTHONPATH=/home/achraf/autocab/raspberryPI3/ros2_ws/install/interfaces/local/lib/python3.10/dist-packages:${PYTHONPATH} /usr/bin/cmake --build /home/achraf/autocab/raspberryPI3/ros2_ws/build/system_check -- -j8 -l8
[0.304s] Invoking command in '/home/achraf/autocab/raspberryPI3/ros2_ws/build/system_check': AMENT_PREFIX_PATH=/home/achraf/autocab/raspberryPI3/ros2_ws/install/interfaces:${AMENT_PREFIX_PATH} CMAKE_PREFIX_PATH=/home/achraf/autocab/raspberryPI3/ros2_ws/install/interfaces:/opt/ros/humble LD_LIBRARY_PATH=/home/achraf/autocab/raspberryPI3/ros2_ws/install/interfaces/lib:${LD_LIBRARY_PATH} PYTHONPATH=/home/achraf/autocab/raspberryPI3/ros2_ws/install/interfaces/local/lib/python3.10/dist-packages:${PYTHONPATH} /usr/bin/cmake --install /home/achraf/autocab/raspberryPI3/ros2_ws/build/system_check
[0.316s] -- Install configuration: ""
[0.316s] -- Up-to-date: /home/achraf/autocab/raspberryPI3/ros2_ws/install/system_check/lib/system_check/system_check_node
[0.319s] -- Up-to-date: /home/achraf/autocab/raspberryPI3/ros2_ws/install/system_check/share/ament_index/resource_index/package_run_dependencies/system_check
[0.320s] -- Up-to-date: /home/achraf/autocab/raspberryPI3/ros2_ws/install/system_check/share/ament_index/resource_index/parent_prefix_path/system_check
[0.320s] -- Up-to-date: /home/achraf/autocab/raspberryPI3/ros2_ws/install/system_check/share/system_check/environment/ament_prefix_path.sh
[0.320s] -- Up-to-date: /home/achraf/autocab/raspberryPI3/ros2_ws/install/system_check/share/system_check/environment/ament_prefix_path.dsv
[0.320s] -- Up-to-date: /home/achraf/autocab/raspberryPI3/ros2_ws/install/system_check/share/system_check/environment/path.sh
[0.320s] -- Up-to-date: /home/achraf/autocab/raspberryPI3/ros2_ws/install/system_check/share/system_check/environment/path.dsv
[0.320s] -- Up-to-date: /home/achraf/autocab/raspberryPI3/ros2_ws/install/system_check/share/system_check/local_setup.bash
[0.320s] -- Up-to-date: /home/achraf/autocab/raspberryPI3/ros2_ws/install/system_check/share/system_check/local_setup.sh
[0.321s] -- Up-to-date: /home/achraf/autocab/raspberryPI3/ros2_ws/install/system_check/share/system_check/local_setup.zsh
[0.321s] -- Up-to-date: /home/achraf/autocab/raspberryPI3/ros2_ws/install/system_check/share/system_check/local_setup.dsv
[0.321s] -- Installing: /home/achraf/autocab/raspberryPI3/ros2_ws/install/system_check/share/system_check/package.dsv
[0.321s] -- Up-to-date: /home/achraf/autocab/raspberryPI3/ros2_ws/install/system_check/share/ament_index/resource_index/packages/system_check
[0.321s] -- Up-to-date: /home/achraf/autocab/raspberryPI3/ros2_ws/install/system_check/share/system_check/cmake/ament_cmake_export_include_directories-extras.cmake
[0.321s] -- Up-to-date: /home/achraf/autocab/raspberryPI3/ros2_ws/install/system_check/share/system_check/cmake/system_checkConfig.cmake
[0.321s] -- Up-to-date: /home/achraf/autocab/raspberryPI3/ros2_ws/install/system_check/share/system_check/cmake/system_checkConfig-version.cmake
[0.321s] -- Up-to-date: /home/achraf/autocab/raspberryPI3/ros2_ws/install/system_check/share/system_check/package.xml
[0.468s] Invoked command in '/home/achraf/autocab/raspberryPI3/ros2_ws/build/system_check' returned '0': AMENT_PREFIX_PATH=/home/achraf/autocab/raspberryPI3/ros2_ws/install/interfaces:${AMENT_PREFIX_PATH} CMAKE_PREFIX_PATH=/home/achraf/autocab/raspberryPI3/ros2_ws/install/interfaces:/opt/ros/humble LD_LIBRARY_PATH=/home/achraf/autocab/raspberryPI3/ros2_ws/install/interfaces/lib:${LD_LIBRARY_PATH} PYTHONPATH=/home/achraf/autocab/raspberryPI3/ros2_ws/install/interfaces/local/lib/python3.10/dist-packages:${PYTHONPATH} /usr/bin/cmake --install /home/achraf/autocab/raspberryPI3/ros2_ws/build/system_check
