[0.091s] Invoking command in '/home/pi/autocab/raspberryPI3/ros2_ws/build/joystick': AMENT_PREFIX_PATH=/home/pi/autocab/raspberryPI3/ros2_ws/install/interfaces:${AMENT_PREFIX_PATH} CMAKE_PREFIX_PATH=/home/pi/autocab/raspberryPI3/ros2_ws/install/interfaces:/home/pi/ros2_ws/install/geicar_start:/home/pi/ros2_ws/install/system_check:/home/pi/ros2_ws/install/simulation:/home/pi/ros2_ws/install/imu_tools:/home/pi/ros2_ws/install/rviz_imu_plugin:/home/pi/ros2_ws/install/joystick:/home/pi/ros2_ws/install/car_control:/home/pi/ros2_ws/install/can:/home/pi/ros2_ws/install/interfaces:/home/pi/ros2_ws/install/imu_filter_madgwick:/home/pi/ros2_ws/install/imu_complementary_filter:/home/pi/ros2_ws/install/carla_msgs:/opt/ros/humble LD_LIBRARY_PATH=/home/pi/autocab/raspberryPI3/ros2_ws/install/interfaces/lib:${LD_LIBRARY_PATH} PYTHONPATH=/home/pi/autocab/raspberryPI3/ros2_ws/install/interfaces/local/lib/python3.10/dist-packages:${PYTHONPATH} /usr/bin/cmake /home/pi/autocab/raspberryPI3/ros2_ws/src/joystick -DCMAKE_INSTALL_PREFIX=/home/pi/autocab/raspberryPI3/ros2_ws/install/joystick
[0.448s] -- The C compiler identification is GNU 11.4.0
[0.845s] -- The CXX compiler identification is GNU 11.4.0
[0.880s] -- Detecting C compiler ABI info
[1.341s] -- Detecting C compiler ABI info - done
[1.380s] -- Check for working C compiler: /usr/bin/cc - skipped
[1.381s] -- Detecting C compile features
[1.382s] -- Detecting C compile features - done
[1.407s] -- Detecting CXX compiler ABI info
[1.935s] -- Detecting CXX compiler ABI info - done
[1.962s] -- Check for working CXX compiler: /usr/bin/c++ - skipped
[1.963s] -- Detecting CXX compile features
[1.965s] -- Detecting CXX compile features - done
[2.000s] -- Found ament_cmake: 1.3.2 (/opt/ros/humble/share/ament_cmake/cmake)
[3.386s] -- Found Python3: /usr/bin/python3.10 (found version "3.10.12") found components: Interpreter 
[4.339s] -- Found rclcpp: 16.0.1 (/opt/ros/humble/share/rclcpp/cmake)
[4.900s] -- Found rosidl_generator_c: 3.1.3 (/opt/ros/humble/share/rosidl_generator_c/cmake)
[4.976s] -- Found rosidl_adapter: 3.1.3 (/opt/ros/humble/share/rosidl_adapter/cmake)
[5.066s] -- Found rosidl_generator_cpp: 3.1.3 (/opt/ros/humble/share/rosidl_generator_cpp/cmake)
[5.181s] -- Using all available rosidl_typesupport_c: rosidl_typesupport_fastrtps_c;rosidl_typesupport_introspection_c
[5.344s] -- Using all available rosidl_typesupport_cpp: rosidl_typesupport_fastrtps_cpp;rosidl_typesupport_introspection_cpp
[5.835s] -- Found rmw_implementation_cmake: 6.1.0 (/opt/ros/humble/share/rmw_implementation_cmake/cmake)
[5.876s] -- Found rmw_fastrtps_cpp: 6.2.1 (/opt/ros/humble/share/rmw_fastrtps_cpp/cmake)
[6.578s] -- Found OpenSSL: /usr/lib/aarch64-linux-gnu/libcrypto.so (found version "3.0.2")  
[6.807s] -- Found FastRTPS: /opt/ros/humble/include  
[7.196s] -- Using RMW implementation 'rmw_fastrtps_cpp' as default
[7.977s] -- Found rclpy: 3.3.4 (/opt/ros/humble/share/rclpy/cmake)
[7.981s] -- Found interfaces: 0.0.0 (/home/pi/autocab/raspberryPI3/ros2_ws/install/interfaces/share/interfaces/cmake)
[8.085s] -- Found sensor_msgs: 4.2.2 (/opt/ros/humble/share/sensor_msgs/cmake)
[9.222s] -- Found ament_lint_auto: 0.12.4 (/opt/ros/humble/share/ament_lint_auto/cmake)
[9.992s] -- Added test 'copyright' to check source files copyright and LICENSE
[10.006s] -- Added test 'cppcheck' to perform static code analysis on C / C++ code
[10.007s] -- Configured cppcheck include dirs: /home/pi/autocab/raspberryPI3/ros2_ws/src/joystick/include
[10.008s] -- Configured cppcheck exclude dirs and/or files: 
[10.021s] -- Added test 'cpplint' to check C / C++ code against the Google style
[10.021s] -- Configured cpplint exclude dirs and/or files: 
[10.026s] -- Added test 'flake8' to check Python code syntax and style conventions
[10.032s] -- Added test 'lint_cmake' to check CMake code style
[10.037s] -- Added test 'pep257' to check Python code against some of the docstring style conventions in PEP 257
[10.050s] -- Added test 'uncrustify' to check C / C++ code style
[10.051s] -- Configured uncrustify additional arguments: 
[10.056s] -- Added test 'xmllint' to check XML markup files
[10.064s] -- Configuring done
[10.148s] -- Generating done
[10.170s] -- Build files have been written to: /home/pi/autocab/raspberryPI3/ros2_ws/build/joystick
[10.225s] Invoked command in '/home/pi/autocab/raspberryPI3/ros2_ws/build/joystick' returned '0': AMENT_PREFIX_PATH=/home/pi/autocab/raspberryPI3/ros2_ws/install/interfaces:${AMENT_PREFIX_PATH} CMAKE_PREFIX_PATH=/home/pi/autocab/raspberryPI3/ros2_ws/install/interfaces:/home/pi/ros2_ws/install/geicar_start:/home/pi/ros2_ws/install/system_check:/home/pi/ros2_ws/install/simulation:/home/pi/ros2_ws/install/imu_tools:/home/pi/ros2_ws/install/rviz_imu_plugin:/home/pi/ros2_ws/install/joystick:/home/pi/ros2_ws/install/car_control:/home/pi/ros2_ws/install/can:/home/pi/ros2_ws/install/interfaces:/home/pi/ros2_ws/install/imu_filter_madgwick:/home/pi/ros2_ws/install/imu_complementary_filter:/home/pi/ros2_ws/install/carla_msgs:/opt/ros/humble LD_LIBRARY_PATH=/home/pi/autocab/raspberryPI3/ros2_ws/install/interfaces/lib:${LD_LIBRARY_PATH} PYTHONPATH=/home/pi/autocab/raspberryPI3/ros2_ws/install/interfaces/local/lib/python3.10/dist-packages:${PYTHONPATH} /usr/bin/cmake /home/pi/autocab/raspberryPI3/ros2_ws/src/joystick -DCMAKE_INSTALL_PREFIX=/home/pi/autocab/raspberryPI3/ros2_ws/install/joystick
[10.227s] Invoking command in '/home/pi/autocab/raspberryPI3/ros2_ws/build/joystick': AMENT_PREFIX_PATH=/home/pi/autocab/raspberryPI3/ros2_ws/install/interfaces:${AMENT_PREFIX_PATH} CMAKE_PREFIX_PATH=/home/pi/autocab/raspberryPI3/ros2_ws/install/interfaces:/home/pi/ros2_ws/install/geicar_start:/home/pi/ros2_ws/install/system_check:/home/pi/ros2_ws/install/simulation:/home/pi/ros2_ws/install/imu_tools:/home/pi/ros2_ws/install/rviz_imu_plugin:/home/pi/ros2_ws/install/joystick:/home/pi/ros2_ws/install/car_control:/home/pi/ros2_ws/install/can:/home/pi/ros2_ws/install/interfaces:/home/pi/ros2_ws/install/imu_filter_madgwick:/home/pi/ros2_ws/install/imu_complementary_filter:/home/pi/ros2_ws/install/carla_msgs:/opt/ros/humble LD_LIBRARY_PATH=/home/pi/autocab/raspberryPI3/ros2_ws/install/interfaces/lib:${LD_LIBRARY_PATH} PYTHONPATH=/home/pi/autocab/raspberryPI3/ros2_ws/install/interfaces/local/lib/python3.10/dist-packages:${PYTHONPATH} /usr/bin/cmake --build /home/pi/autocab/raspberryPI3/ros2_ws/build/joystick -- -j4 -l4
[10.637s] [35m[1mConsolidate compiler generated dependencies of target joystick_to_cmd[0m
[10.855s] [ 50%] [32mBuilding CXX object CMakeFiles/joystick_to_cmd.dir/src/joystick_to_cmd_node.cpp.o[0m
[10.971s] [ 50%] Built target ament_cmake_python_copy_joystick
[12.622s] running egg_info
[12.626s] writing joystick.egg-info/PKG-INFO
[12.627s] writing dependency_links to joystick.egg-info/dependency_links.txt
[12.628s] writing top-level names to joystick.egg-info/top_level.txt
[12.638s] reading manifest file 'joystick.egg-info/SOURCES.txt'
[12.641s] writing manifest file 'joystick.egg-info/SOURCES.txt'
[12.846s] [ 50%] Built target ament_cmake_python_build_joystick_egg
[75.853s] [100%] [32m[1mLinking CXX executable joystick_to_cmd[0m
[78.670s] [100%] Built target joystick_to_cmd
[78.735s] Invoked command in '/home/pi/autocab/raspberryPI3/ros2_ws/build/joystick' returned '0': AMENT_PREFIX_PATH=/home/pi/autocab/raspberryPI3/ros2_ws/install/interfaces:${AMENT_PREFIX_PATH} CMAKE_PREFIX_PATH=/home/pi/autocab/raspberryPI3/ros2_ws/install/interfaces:/home/pi/ros2_ws/install/geicar_start:/home/pi/ros2_ws/install/system_check:/home/pi/ros2_ws/install/simulation:/home/pi/ros2_ws/install/imu_tools:/home/pi/ros2_ws/install/rviz_imu_plugin:/home/pi/ros2_ws/install/joystick:/home/pi/ros2_ws/install/car_control:/home/pi/ros2_ws/install/can:/home/pi/ros2_ws/install/interfaces:/home/pi/ros2_ws/install/imu_filter_madgwick:/home/pi/ros2_ws/install/imu_complementary_filter:/home/pi/ros2_ws/install/carla_msgs:/opt/ros/humble LD_LIBRARY_PATH=/home/pi/autocab/raspberryPI3/ros2_ws/install/interfaces/lib:${LD_LIBRARY_PATH} PYTHONPATH=/home/pi/autocab/raspberryPI3/ros2_ws/install/interfaces/local/lib/python3.10/dist-packages:${PYTHONPATH} /usr/bin/cmake --build /home/pi/autocab/raspberryPI3/ros2_ws/build/joystick -- -j4 -l4
[78.939s] Invoking command in '/home/pi/autocab/raspberryPI3/ros2_ws/build/joystick': AMENT_PREFIX_PATH=/home/pi/autocab/raspberryPI3/ros2_ws/install/interfaces:${AMENT_PREFIX_PATH} CMAKE_PREFIX_PATH=/home/pi/autocab/raspberryPI3/ros2_ws/install/interfaces:/home/pi/ros2_ws/install/geicar_start:/home/pi/ros2_ws/install/system_check:/home/pi/ros2_ws/install/simulation:/home/pi/ros2_ws/install/imu_tools:/home/pi/ros2_ws/install/rviz_imu_plugin:/home/pi/ros2_ws/install/joystick:/home/pi/ros2_ws/install/car_control:/home/pi/ros2_ws/install/can:/home/pi/ros2_ws/install/interfaces:/home/pi/ros2_ws/install/imu_filter_madgwick:/home/pi/ros2_ws/install/imu_complementary_filter:/home/pi/ros2_ws/install/carla_msgs:/opt/ros/humble LD_LIBRARY_PATH=/home/pi/autocab/raspberryPI3/ros2_ws/install/interfaces/lib:${LD_LIBRARY_PATH} PYTHONPATH=/home/pi/autocab/raspberryPI3/ros2_ws/install/interfaces/local/lib/python3.10/dist-packages:${PYTHONPATH} /usr/bin/cmake --install /home/pi/autocab/raspberryPI3/ros2_ws/build/joystick
[78.990s] -- Install configuration: ""
[78.994s] -- Installing: /home/pi/autocab/raspberryPI3/ros2_ws/install/joystick/lib/joystick/joystick_to_cmd
[79.029s] -- Set runtime path of "/home/pi/autocab/raspberryPI3/ros2_ws/install/joystick/lib/joystick/joystick_to_cmd" to ""
[79.032s] -- Up-to-date: /home/pi/autocab/raspberryPI3/ros2_ws/install/joystick/share/joystick/environment/pythonpath.sh
[79.034s] -- Installing: /home/pi/autocab/raspberryPI3/ros2_ws/install/joystick/share/joystick/environment/pythonpath.dsv
[79.037s] -- Up-to-date: /home/pi/autocab/raspberryPI3/ros2_ws/install/joystick/local/lib/python3.10/dist-packages/joystick-0.0.0-py3.10.egg-info
[79.039s] -- Installing: /home/pi/autocab/raspberryPI3/ros2_ws/install/joystick/local/lib/python3.10/dist-packages/joystick-0.0.0-py3.10.egg-info/dependency_links.txt
[79.043s] -- Installing: /home/pi/autocab/raspberryPI3/ros2_ws/install/joystick/local/lib/python3.10/dist-packages/joystick-0.0.0-py3.10.egg-info/PKG-INFO
[79.046s] -- Installing: /home/pi/autocab/raspberryPI3/ros2_ws/install/joystick/local/lib/python3.10/dist-packages/joystick-0.0.0-py3.10.egg-info/top_level.txt
[79.049s] -- Installing: /home/pi/autocab/raspberryPI3/ros2_ws/install/joystick/local/lib/python3.10/dist-packages/joystick-0.0.0-py3.10.egg-info/SOURCES.txt
[79.053s] -- Up-to-date: /home/pi/autocab/raspberryPI3/ros2_ws/install/joystick/local/lib/python3.10/dist-packages/joystick
[79.055s] -- Up-to-date: /home/pi/autocab/raspberryPI3/ros2_ws/install/joystick/local/lib/python3.10/dist-packages/joystick/LICENSE
[79.056s] -- Up-to-date: /home/pi/autocab/raspberryPI3/ros2_ws/install/joystick/local/lib/python3.10/dist-packages/joystick/resource
[79.059s] -- Up-to-date: /home/pi/autocab/raspberryPI3/ros2_ws/install/joystick/local/lib/python3.10/dist-packages/joystick/resource/joystick_ros2
[79.060s] -- Up-to-date: /home/pi/autocab/raspberryPI3/ros2_ws/install/joystick/local/lib/python3.10/dist-packages/joystick/joystick_ros2.py
[79.062s] -- Up-to-date: /home/pi/autocab/raspberryPI3/ros2_ws/install/joystick/local/lib/python3.10/dist-packages/joystick/CONTRIBUTING.md
[79.064s] -- Up-to-date: /home/pi/autocab/raspberryPI3/ros2_ws/install/joystick/local/lib/python3.10/dist-packages/joystick/input_example.py
[79.066s] -- Up-to-date: /home/pi/autocab/raspberryPI3/ros2_ws/install/joystick/local/lib/python3.10/dist-packages/joystick/__init__.py
[79.068s] -- Up-to-date: /home/pi/autocab/raspberryPI3/ros2_ws/install/joystick/local/lib/python3.10/dist-packages/joystick/inputs.py
[79.069s] -- Up-to-date: /home/pi/autocab/raspberryPI3/ros2_ws/install/joystick/local/lib/python3.10/dist-packages/joystick/README.md
[79.071s] -- Up-to-date: /home/pi/autocab/raspberryPI3/ros2_ws/install/joystick/local/lib/python3.10/dist-packages/joystick/package.xml
[79.073s] -- Up-to-date: /home/pi/autocab/raspberryPI3/ros2_ws/install/joystick/local/lib/python3.10/dist-packages/joystick/images
[79.075s] -- Up-to-date: /home/pi/autocab/raspberryPI3/ros2_ws/install/joystick/local/lib/python3.10/dist-packages/joystick/images/mac_settings.png
[79.320s] Listing '/home/pi/autocab/raspberryPI3/ros2_ws/install/joystick/local/lib/python3.10/dist-packages/joystick'...
[79.322s] Listing '/home/pi/autocab/raspberryPI3/ros2_ws/install/joystick/local/lib/python3.10/dist-packages/joystick/images'...
[79.323s] Listing '/home/pi/autocab/raspberryPI3/ros2_ws/install/joystick/local/lib/python3.10/dist-packages/joystick/resource'...
[79.361s] -- Up-to-date: /home/pi/autocab/raspberryPI3/ros2_ws/install/joystick/lib/joystick/joystick_ros2.py
[79.363s] -- Up-to-date: /home/pi/autocab/raspberryPI3/ros2_ws/install/joystick/share/ament_index/resource_index/package_run_dependencies/joystick
[79.365s] -- Up-to-date: /home/pi/autocab/raspberryPI3/ros2_ws/install/joystick/share/ament_index/resource_index/parent_prefix_path/joystick
[79.368s] -- Up-to-date: /home/pi/autocab/raspberryPI3/ros2_ws/install/joystick/share/joystick/environment/ament_prefix_path.sh
[79.373s] -- Installing: /home/pi/autocab/raspberryPI3/ros2_ws/install/joystick/share/joystick/environment/ament_prefix_path.dsv
[79.374s] -- Up-to-date: /home/pi/autocab/raspberryPI3/ros2_ws/install/joystick/share/joystick/environment/path.sh
[79.376s] -- Installing: /home/pi/autocab/raspberryPI3/ros2_ws/install/joystick/share/joystick/environment/path.dsv
[79.380s] -- Up-to-date: /home/pi/autocab/raspberryPI3/ros2_ws/install/joystick/share/joystick/local_setup.bash
[79.382s] -- Up-to-date: /home/pi/autocab/raspberryPI3/ros2_ws/install/joystick/share/joystick/local_setup.sh
[79.384s] -- Up-to-date: /home/pi/autocab/raspberryPI3/ros2_ws/install/joystick/share/joystick/local_setup.zsh
[79.388s] -- Installing: /home/pi/autocab/raspberryPI3/ros2_ws/install/joystick/share/joystick/local_setup.dsv
[79.391s] -- Installing: /home/pi/autocab/raspberryPI3/ros2_ws/install/joystick/share/joystick/package.dsv
[79.395s] -- Up-to-date: /home/pi/autocab/raspberryPI3/ros2_ws/install/joystick/share/ament_index/resource_index/packages/joystick
[79.397s] -- Up-to-date: /home/pi/autocab/raspberryPI3/ros2_ws/install/joystick/share/joystick/cmake/joystickConfig.cmake
[79.399s] -- Up-to-date: /home/pi/autocab/raspberryPI3/ros2_ws/install/joystick/share/joystick/cmake/joystickConfig-version.cmake
[79.401s] -- Up-to-date: /home/pi/autocab/raspberryPI3/ros2_ws/install/joystick/share/joystick/package.xml
[79.425s] Invoked command in '/home/pi/autocab/raspberryPI3/ros2_ws/build/joystick' returned '0': AMENT_PREFIX_PATH=/home/pi/autocab/raspberryPI3/ros2_ws/install/interfaces:${AMENT_PREFIX_PATH} CMAKE_PREFIX_PATH=/home/pi/autocab/raspberryPI3/ros2_ws/install/interfaces:/home/pi/ros2_ws/install/geicar_start:/home/pi/ros2_ws/install/system_check:/home/pi/ros2_ws/install/simulation:/home/pi/ros2_ws/install/imu_tools:/home/pi/ros2_ws/install/rviz_imu_plugin:/home/pi/ros2_ws/install/joystick:/home/pi/ros2_ws/install/car_control:/home/pi/ros2_ws/install/can:/home/pi/ros2_ws/install/interfaces:/home/pi/ros2_ws/install/imu_filter_madgwick:/home/pi/ros2_ws/install/imu_complementary_filter:/home/pi/ros2_ws/install/carla_msgs:/opt/ros/humble LD_LIBRARY_PATH=/home/pi/autocab/raspberryPI3/ros2_ws/install/interfaces/lib:${LD_LIBRARY_PATH} PYTHONPATH=/home/pi/autocab/raspberryPI3/ros2_ws/install/interfaces/local/lib/python3.10/dist-packages:${PYTHONPATH} /usr/bin/cmake --install /home/pi/autocab/raspberryPI3/ros2_ws/build/joystick
