[1.483s] Invoking command in '/home/pi/autocab/raspberryPI3/ros2_ws/build/interfaces': CMAKE_PREFIX_PATH=${CMAKE_PREFIX_PATH}:/opt/ros/humble /usr/bin/cmake /home/pi/autocab/raspberryPI3/ros2_ws/src/interfaces -DCMAKE_INSTALL_PREFIX=/home/pi/autocab/raspberryPI3/ros2_ws/install/interfaces
[3.050s] -- The C compiler identification is GNU 11.4.0
[4.300s] -- The CXX compiler identification is GNU 11.4.0
[4.515s] -- Detecting C compiler ABI info
[5.499s] -- Detecting C compiler ABI info - done
[5.634s] -- Check for working C compiler: /usr/bin/cc - skipped
[5.638s] -- Detecting C compile features
[5.669s] -- Detecting C compile features - done
[5.733s] -- Detecting CXX compiler ABI info
[6.827s] -- Detecting CXX compiler ABI info - done
[6.902s] -- Check for working CXX compiler: /usr/bin/c++ - skipped
[6.913s] -- Detecting CXX compile features
[6.917s] -- Detecting CXX compile features - done
[7.026s] -- Found ament_cmake: 1.3.2 (/opt/ros/humble/share/ament_cmake/cmake)
[10.160s] -- Found Python3: /usr/bin/python3.10 (found version "3.10.12") found components: Interpreter 
[12.535s] -- Found rclcpp: 16.0.1 (/opt/ros/humble/share/rclcpp/cmake)
[13.768s] -- Found rosidl_generator_c: 3.1.3 (/opt/ros/humble/share/rosidl_generator_c/cmake)
[14.026s] -- Found rosidl_adapter: 3.1.3 (/opt/ros/humble/share/rosidl_adapter/cmake)
[14.552s] -- Found rosidl_generator_cpp: 3.1.3 (/opt/ros/humble/share/rosidl_generator_cpp/cmake)
[15.424s] -- Using all available rosidl_typesupport_c: rosidl_typesupport_fastrtps_c;rosidl_typesupport_introspection_c
[16.551s] -- Using all available rosidl_typesupport_cpp: rosidl_typesupport_fastrtps_cpp;rosidl_typesupport_introspection_cpp
[18.038s] -- Found rmw_implementation_cmake: 6.1.0 (/opt/ros/humble/share/rmw_implementation_cmake/cmake)
[18.134s] -- Found rmw_fastrtps_cpp: 6.2.1 (/opt/ros/humble/share/rmw_fastrtps_cpp/cmake)
[21.446s] -- Found OpenSSL: /usr/lib/aarch64-linux-gnu/libcrypto.so (found version "3.0.2")  
[22.223s] -- Found FastRTPS: /opt/ros/humble/include  
[22.891s] -- Using RMW implementation 'rmw_fastrtps_cpp' as default
[24.653s] -- Found rosidl_default_generators: 1.2.0 (/opt/ros/humble/share/rosidl_default_generators/cmake)
[29.155s] -- Found ament_cmake_ros: 0.10.0 (/opt/ros/humble/share/ament_cmake_ros/cmake)
[34.517s] -- Using all available rosidl_typesupport_c: rosidl_typesupport_fastrtps_c;rosidl_typesupport_introspection_c
[37.874s] -- Using all available rosidl_typesupport_cpp: rosidl_typesupport_fastrtps_cpp;rosidl_typesupport_introspection_cpp
[38.429s] -- Found PythonInterp: /usr/bin/python3 (found suitable version "3.10.12", minimum required is "3.6") 
[38.485s] -- Found python_cmake_module: 0.10.0 (/opt/ros/humble/share/python_cmake_module/cmake)
[38.936s] -- Found PythonLibs: /usr/lib/aarch64-linux-gnu/libpython3.10.so (found suitable version "3.10.12", minimum required is "3.5") 
[38.936s] -- Using PYTHON_EXECUTABLE: /usr/bin/python3
[38.940s] -- Using PYTHON_INCLUDE_DIRS: /usr/include/python3.10
[38.942s] -- Using PYTHON_LIBRARIES: /usr/lib/aarch64-linux-gnu/libpython3.10.so
[39.413s] -- Found PythonExtra: .so  
[40.102s] -- Found ament_lint_auto: 0.12.4 (/opt/ros/humble/share/ament_lint_auto/cmake)
[41.148s] -- Added test 'cppcheck' to perform static code analysis on C / C++ code
[41.152s] -- Configured cppcheck include dirs: 
[41.156s] -- Configured cppcheck exclude dirs and/or files: 
[41.210s] -- Added test 'flake8' to check Python code syntax and style conventions
[41.278s] -- Added test 'lint_cmake' to check CMake code style
[41.351s] -- Added test 'pep257' to check Python code against some of the docstring style conventions in PEP 257
[41.603s] -- Added test 'uncrustify' to check C / C++ code style
[41.604s] -- Configured uncrustify additional arguments: 
[41.647s] -- Added test 'xmllint' to check XML markup files
[41.772s] -- Configuring done
[42.889s] -- Generating done
[42.989s] -- Build files have been written to: /home/pi/autocab/raspberryPI3/ros2_ws/build/interfaces
[43.339s] Invoked command in '/home/pi/autocab/raspberryPI3/ros2_ws/build/interfaces' returned '0': CMAKE_PREFIX_PATH=${CMAKE_PREFIX_PATH}:/opt/ros/humble /usr/bin/cmake /home/pi/autocab/raspberryPI3/ros2_ws/src/interfaces -DCMAKE_INSTALL_PREFIX=/home/pi/autocab/raspberryPI3/ros2_ws/install/interfaces
[43.364s] Invoking command in '/home/pi/autocab/raspberryPI3/ros2_ws/build/interfaces': CMAKE_PREFIX_PATH=${CMAKE_PREFIX_PATH}:/opt/ros/humble /usr/bin/cmake --build /home/pi/autocab/raspberryPI3/ros2_ws/build/interfaces -- -j4 -l4
[44.090s] [  1%] [34m[1mGenerating C++ code for ROS interfaces[0m
[61.917s] [  1%] Built target interfaces__cpp
[62.380s] [  1%] Built target ament_cmake_python_copy_interfaces
[62.531s] [  2%] [34m[1mGenerating C++ type support for eProsima Fast-RTPS[0m
[80.009s] [  3%] [32mBuilding CXX object CMakeFiles/interfaces__rosidl_typesupport_fastrtps_cpp.dir/rosidl_typesupport_fastrtps_cpp/interfaces/msg/detail/dds_fastrtps/joystick_order__type_support.cpp.o[0m
[86.977s] [  4%] [32mBuilding CXX object CMakeFiles/interfaces__rosidl_typesupport_fastrtps_cpp.dir/rosidl_typesupport_fastrtps_cpp/interfaces/msg/detail/dds_fastrtps/motors_order__type_support.cpp.o[0m
[92.968s] [  5%] [32mBuilding CXX object CMakeFiles/interfaces__rosidl_typesupport_fastrtps_cpp.dir/rosidl_typesupport_fastrtps_cpp/interfaces/msg/detail/dds_fastrtps/motors_feedback__type_support.cpp.o[0m
[99.096s] [  6%] [32mBuilding CXX object CMakeFiles/interfaces__rosidl_typesupport_fastrtps_cpp.dir/rosidl_typesupport_fastrtps_cpp/interfaces/msg/detail/dds_fastrtps/general_data__type_support.cpp.o[0m
[105.257s] [  7%] [32mBuilding CXX object CMakeFiles/interfaces__rosidl_typesupport_fastrtps_cpp.dir/rosidl_typesupport_fastrtps_cpp/interfaces/msg/detail/dds_fastrtps/steering_calibration__type_support.cpp.o[0m
[113.034s] [  8%] [32mBuilding CXX object CMakeFiles/interfaces__rosidl_typesupport_fastrtps_cpp.dir/rosidl_typesupport_fastrtps_cpp/interfaces/msg/detail/dds_fastrtps/ultrasonic__type_support.cpp.o[0m
[119.054s] [  9%] [32mBuilding CXX object CMakeFiles/interfaces__rosidl_typesupport_fastrtps_cpp.dir/rosidl_typesupport_fastrtps_cpp/interfaces/msg/detail/dds_fastrtps/gnss__type_support.cpp.o[0m
[124.680s] [ 10%] [32mBuilding CXX object CMakeFiles/interfaces__rosidl_typesupport_fastrtps_cpp.dir/rosidl_typesupport_fastrtps_cpp/interfaces/msg/detail/dds_fastrtps/system_check__type_support.cpp.o[0m
[132.191s] [ 11%] [32mBuilding CXX object CMakeFiles/interfaces__rosidl_typesupport_fastrtps_cpp.dir/rosidl_typesupport_fastrtps_cpp/interfaces/msg/detail/dds_fastrtps/serveur__type_support.cpp.o[0m
[138.646s] [ 12%] [32m[1mLinking CXX shared library libinterfaces__rosidl_typesupport_fastrtps_cpp.so[0m
[139.933s] [ 12%] Built target interfaces__rosidl_typesupport_fastrtps_cpp
[140.099s] [ 13%] [34m[1mGenerating C++ introspection for ROS interfaces[0m
[153.586s] [ 14%] [32mBuilding CXX object CMakeFiles/interfaces__rosidl_typesupport_introspection_cpp.dir/rosidl_typesupport_introspection_cpp/interfaces/msg/detail/joystick_order__type_support.cpp.o[0m
[160.874s] [ 15%] [32mBuilding CXX object CMakeFiles/interfaces__rosidl_typesupport_introspection_cpp.dir/rosidl_typesupport_introspection_cpp/interfaces/msg/detail/motors_order__type_support.cpp.o[0m
[166.962s] [ 16%] [32mBuilding CXX object CMakeFiles/interfaces__rosidl_typesupport_introspection_cpp.dir/rosidl_typesupport_introspection_cpp/interfaces/msg/detail/motors_feedback__type_support.cpp.o[0m
[172.461s] [ 17%] [32mBuilding CXX object CMakeFiles/interfaces__rosidl_typesupport_introspection_cpp.dir/rosidl_typesupport_introspection_cpp/interfaces/msg/detail/general_data__type_support.cpp.o[0m
[179.027s] [ 18%] [32mBuilding CXX object CMakeFiles/interfaces__rosidl_typesupport_introspection_cpp.dir/rosidl_typesupport_introspection_cpp/interfaces/msg/detail/steering_calibration__type_support.cpp.o[0m
[185.495s] [ 20%] [32mBuilding CXX object CMakeFiles/interfaces__rosidl_typesupport_introspection_cpp.dir/rosidl_typesupport_introspection_cpp/interfaces/msg/detail/ultrasonic__type_support.cpp.o[0m
[191.481s] [ 21%] [32mBuilding CXX object CMakeFiles/interfaces__rosidl_typesupport_introspection_cpp.dir/rosidl_typesupport_introspection_cpp/interfaces/msg/detail/gnss__type_support.cpp.o[0m
[198.963s] [ 22%] [32mBuilding CXX object CMakeFiles/interfaces__rosidl_typesupport_introspection_cpp.dir/rosidl_typesupport_introspection_cpp/interfaces/msg/detail/system_check__type_support.cpp.o[0m
[207.126s] [ 23%] [32mBuilding CXX object CMakeFiles/interfaces__rosidl_typesupport_introspection_cpp.dir/rosidl_typesupport_introspection_cpp/interfaces/msg/detail/serveur__type_support.cpp.o[0m
[214.269s] [ 24%] [32m[1mLinking CXX shared library libinterfaces__rosidl_typesupport_introspection_cpp.so[0m
[215.183s] [ 24%] Built target interfaces__rosidl_typesupport_introspection_cpp
[218.962s] running egg_info
[218.966s] creating interfaces.egg-info
[218.967s] writing interfaces.egg-info/PKG-INFO
[218.968s] writing dependency_links to interfaces.egg-info/dependency_links.txt
[218.972s] writing top-level names to interfaces.egg-info/top_level.txt
[218.975s] writing manifest file 'interfaces.egg-info/SOURCES.txt'
[218.988s] reading manifest file 'interfaces.egg-info/SOURCES.txt'
[218.991s] writing manifest file 'interfaces.egg-info/SOURCES.txt'
[219.306s] [ 24%] Built target ament_cmake_python_build_interfaces_egg
[219.385s] [ 25%] [34m[1mGenerating C++ type support dispatch for ROS interfaces[0m
[229.856s] [ 26%] [32mBuilding CXX object CMakeFiles/interfaces__rosidl_typesupport_cpp.dir/rosidl_typesupport_cpp/interfaces/msg/joystick_order__type_support.cpp.o[0m
[232.661s] [ 27%] [32mBuilding CXX object CMakeFiles/interfaces__rosidl_typesupport_cpp.dir/rosidl_typesupport_cpp/interfaces/msg/motors_feedback__type_support.cpp.o[0m
[235.562s] [ 28%] [32mBuilding CXX object CMakeFiles/interfaces__rosidl_typesupport_cpp.dir/rosidl_typesupport_cpp/interfaces/msg/general_data__type_support.cpp.o[0m
[238.581s] [ 29%] [32mBuilding CXX object CMakeFiles/interfaces__rosidl_typesupport_cpp.dir/rosidl_typesupport_cpp/interfaces/msg/steering_calibration__type_support.cpp.o[0m
[242.374s] [ 30%] [32mBuilding CXX object CMakeFiles/interfaces__rosidl_typesupport_cpp.dir/rosidl_typesupport_cpp/interfaces/msg/ultrasonic__type_support.cpp.o[0m
[244.907s] [ 31%] [32mBuilding CXX object CMakeFiles/interfaces__rosidl_typesupport_cpp.dir/rosidl_typesupport_cpp/interfaces/msg/gnss__type_support.cpp.o[0m
[248.747s] [ 32%] [32mBuilding CXX object CMakeFiles/interfaces__rosidl_typesupport_cpp.dir/rosidl_typesupport_cpp/interfaces/msg/system_check__type_support.cpp.o[0m
[251.824s] [ 33%] [32mBuilding CXX object CMakeFiles/interfaces__rosidl_typesupport_cpp.dir/rosidl_typesupport_cpp/interfaces/msg/serveur__type_support.cpp.o[0m
[255.163s] [ 34%] [32mBuilding CXX object CMakeFiles/interfaces__rosidl_typesupport_cpp.dir/rosidl_typesupport_cpp/interfaces/msg/motors_order__type_support.cpp.o[0m
[257.804s] [ 35%] [32m[1mLinking CXX shared library libinterfaces__rosidl_typesupport_cpp.so[0m
[258.241s] [ 35%] Built target interfaces__rosidl_typesupport_cpp
[258.409s] [ 36%] [34m[1mGenerating C code for ROS interfaces[0m
[275.442s] [ 37%] [32mBuilding C object CMakeFiles/interfaces__rosidl_generator_c.dir/rosidl_generator_c/interfaces/msg/detail/joystick_order__functions.c.o[0m
[275.933s] [ 38%] [32mBuilding C object CMakeFiles/interfaces__rosidl_generator_c.dir/rosidl_generator_c/interfaces/msg/detail/general_data__functions.c.o[0m
[276.490s] [ 40%] [32mBuilding C object CMakeFiles/interfaces__rosidl_generator_c.dir/rosidl_generator_c/interfaces/msg/detail/steering_calibration__functions.c.o[0m
[276.963s] [ 41%] [32mBuilding C object CMakeFiles/interfaces__rosidl_generator_c.dir/rosidl_generator_c/interfaces/msg/detail/ultrasonic__functions.c.o[0m
[277.459s] [ 42%] [32mBuilding C object CMakeFiles/interfaces__rosidl_generator_c.dir/rosidl_generator_c/interfaces/msg/detail/gnss__functions.c.o[0m
[278.088s] [ 43%] [32mBuilding C object CMakeFiles/interfaces__rosidl_generator_c.dir/rosidl_generator_c/interfaces/msg/detail/system_check__functions.c.o[0m
[278.567s] [ 44%] [32mBuilding C object CMakeFiles/interfaces__rosidl_generator_c.dir/rosidl_generator_c/interfaces/msg/detail/serveur__functions.c.o[0m
[278.967s] [ 45%] [32mBuilding C object CMakeFiles/interfaces__rosidl_generator_c.dir/rosidl_generator_c/interfaces/msg/detail/motors_feedback__functions.c.o[0m
[279.394s] [ 46%] [32mBuilding C object CMakeFiles/interfaces__rosidl_generator_c.dir/rosidl_generator_c/interfaces/msg/detail/motors_order__functions.c.o[0m
[279.935s] [ 47%] [32m[1mLinking C shared library libinterfaces__rosidl_generator_c.so[0m
[280.481s] [ 47%] Built target interfaces__rosidl_generator_c
[280.630s] [ 48%] [34m[1mGenerating C type support for eProsima Fast-RTPS[0m
[292.639s] [ 49%] [32mBuilding CXX object CMakeFiles/interfaces__rosidl_typesupport_fastrtps_c.dir/rosidl_typesupport_fastrtps_c/interfaces/msg/detail/joystick_order__type_support_c.cpp.o[0m
[297.063s] [ 50%] [32mBuilding CXX object CMakeFiles/interfaces__rosidl_typesupport_fastrtps_c.dir/rosidl_typesupport_fastrtps_c/interfaces/msg/detail/motors_order__type_support_c.cpp.o[0m
[301.731s] [ 51%] [32mBuilding CXX object CMakeFiles/interfaces__rosidl_typesupport_fastrtps_c.dir/rosidl_typesupport_fastrtps_c/interfaces/msg/detail/motors_feedback__type_support_c.cpp.o[0m
[305.251s] [ 52%] [32mBuilding CXX object CMakeFiles/interfaces__rosidl_typesupport_fastrtps_c.dir/rosidl_typesupport_fastrtps_c/interfaces/msg/detail/general_data__type_support_c.cpp.o[0m
[308.731s] [ 53%] [32mBuilding CXX object CMakeFiles/interfaces__rosidl_typesupport_fastrtps_c.dir/rosidl_typesupport_fastrtps_c/interfaces/msg/detail/steering_calibration__type_support_c.cpp.o[0m
[312.927s] [ 54%] [32mBuilding CXX object CMakeFiles/interfaces__rosidl_typesupport_fastrtps_c.dir/rosidl_typesupport_fastrtps_c/interfaces/msg/detail/ultrasonic__type_support_c.cpp.o[0m
[317.767s] [ 55%] [32mBuilding CXX object CMakeFiles/interfaces__rosidl_typesupport_fastrtps_c.dir/rosidl_typesupport_fastrtps_c/interfaces/msg/detail/gnss__type_support_c.cpp.o[0m
[320.316s] [ 56%] [32mBuilding CXX object CMakeFiles/interfaces__rosidl_typesupport_fastrtps_c.dir/rosidl_typesupport_fastrtps_c/interfaces/msg/detail/system_check__type_support_c.cpp.o[0m
[324.012s] [ 57%] [32mBuilding CXX object CMakeFiles/interfaces__rosidl_typesupport_fastrtps_c.dir/rosidl_typesupport_fastrtps_c/interfaces/msg/detail/serveur__type_support_c.cpp.o[0m
[327.241s] [ 58%] [32m[1mLinking CXX shared library libinterfaces__rosidl_typesupport_fastrtps_c.so[0m
[328.089s] [ 58%] Built target interfaces__rosidl_typesupport_fastrtps_c
[328.191s] [ 60%] [34m[1mGenerating C type support dispatch for ROS interfaces[0m
[336.313s] [ 61%] [32mBuilding CXX object CMakeFiles/interfaces__rosidl_typesupport_c.dir/rosidl_typesupport_c/interfaces/msg/joystick_order__type_support.cpp.o[0m
[336.791s] [ 62%] [32mBuilding CXX object CMakeFiles/interfaces__rosidl_typesupport_c.dir/rosidl_typesupport_c/interfaces/msg/motors_feedback__type_support.cpp.o[0m
[337.203s] [ 63%] [32mBuilding CXX object CMakeFiles/interfaces__rosidl_typesupport_c.dir/rosidl_typesupport_c/interfaces/msg/general_data__type_support.cpp.o[0m
[337.524s] [ 64%] [32mBuilding CXX object CMakeFiles/interfaces__rosidl_typesupport_c.dir/rosidl_typesupport_c/interfaces/msg/steering_calibration__type_support.cpp.o[0m
[338.078s] [ 65%] [32mBuilding CXX object CMakeFiles/interfaces__rosidl_typesupport_c.dir/rosidl_typesupport_c/interfaces/msg/ultrasonic__type_support.cpp.o[0m
[338.551s] [ 66%] [32mBuilding CXX object CMakeFiles/interfaces__rosidl_typesupport_c.dir/rosidl_typesupport_c/interfaces/msg/gnss__type_support.cpp.o[0m
[338.957s] [ 67%] [32mBuilding CXX object CMakeFiles/interfaces__rosidl_typesupport_c.dir/rosidl_typesupport_c/interfaces/msg/system_check__type_support.cpp.o[0m
[339.245s] [ 68%] [32mBuilding CXX object CMakeFiles/interfaces__rosidl_typesupport_c.dir/rosidl_typesupport_c/interfaces/msg/serveur__type_support.cpp.o[0m
[339.653s] [ 69%] [32mBuilding CXX object CMakeFiles/interfaces__rosidl_typesupport_c.dir/rosidl_typesupport_c/interfaces/msg/motors_order__type_support.cpp.o[0m
[339.860s] [ 70%] [32m[1mLinking CXX shared library libinterfaces__rosidl_typesupport_c.so[0m
[340.216s] [ 70%] Built target interfaces__rosidl_typesupport_c
[340.296s] [ 71%] [34m[1mGenerating C introspection for ROS interfaces[0m
[352.017s] [ 72%] [32mBuilding C object CMakeFiles/interfaces__rosidl_typesupport_introspection_c.dir/rosidl_typesupport_introspection_c/interfaces/msg/detail/joystick_order__type_support.c.o[0m
[353.166s] [ 73%] [32mBuilding C object CMakeFiles/interfaces__rosidl_typesupport_introspection_c.dir/rosidl_typesupport_introspection_c/interfaces/msg/detail/general_data__type_support.c.o[0m
[353.598s] [ 74%] [32mBuilding C object CMakeFiles/interfaces__rosidl_typesupport_introspection_c.dir/rosidl_typesupport_introspection_c/interfaces/msg/detail/steering_calibration__type_support.c.o[0m
[354.084s] [ 75%] [32mBuilding C object CMakeFiles/interfaces__rosidl_typesupport_introspection_c.dir/rosidl_typesupport_introspection_c/interfaces/msg/detail/ultrasonic__type_support.c.o[0m
[354.460s] [ 76%] [32mBuilding C object CMakeFiles/interfaces__rosidl_typesupport_introspection_c.dir/rosidl_typesupport_introspection_c/interfaces/msg/detail/gnss__type_support.c.o[0m
[354.708s] [ 77%] [32mBuilding C object CMakeFiles/interfaces__rosidl_typesupport_introspection_c.dir/rosidl_typesupport_introspection_c/interfaces/msg/detail/system_check__type_support.c.o[0m
[355.089s] [ 78%] [32mBuilding C object CMakeFiles/interfaces__rosidl_typesupport_introspection_c.dir/rosidl_typesupport_introspection_c/interfaces/msg/detail/serveur__type_support.c.o[0m
[355.475s] [ 80%] [32mBuilding C object CMakeFiles/interfaces__rosidl_typesupport_introspection_c.dir/rosidl_typesupport_introspection_c/interfaces/msg/detail/motors_feedback__type_support.c.o[0m
[355.854s] [ 81%] [32mBuilding C object CMakeFiles/interfaces__rosidl_typesupport_introspection_c.dir/rosidl_typesupport_introspection_c/interfaces/msg/detail/motors_order__type_support.c.o[0m
[356.227s] [ 82%] [32m[1mLinking C shared library libinterfaces__rosidl_typesupport_introspection_c.so[0m
[356.600s] [ 82%] Built target interfaces__rosidl_typesupport_introspection_c
[356.801s] [ 82%] Built target interfaces
[357.016s] [ 83%] [34m[1mGenerating Python code for ROS interfaces[0m
[376.557s] [ 83%] Built target interfaces__py
[376.794s] [ 84%] [32mBuilding C object CMakeFiles/interfaces__rosidl_generator_py.dir/rosidl_generator_py/interfaces/msg/_joystick_order_s.c.o[0m
[377.619s] [ 85%] [32mBuilding C object CMakeFiles/interfaces__rosidl_generator_py.dir/rosidl_generator_py/interfaces/msg/_general_data_s.c.o[0m
[378.578s] [ 86%] [32mBuilding C object CMakeFiles/interfaces__rosidl_generator_py.dir/rosidl_generator_py/interfaces/msg/_steering_calibration_s.c.o[0m
[379.325s] [ 87%] [32mBuilding C object CMakeFiles/interfaces__rosidl_generator_py.dir/rosidl_generator_py/interfaces/msg/_ultrasonic_s.c.o[0m
[380.142s] [ 88%] [32mBuilding C object CMakeFiles/interfaces__rosidl_generator_py.dir/rosidl_generator_py/interfaces/msg/_gnss_s.c.o[0m
[380.899s] [ 89%] [32mBuilding C object CMakeFiles/interfaces__rosidl_generator_py.dir/rosidl_generator_py/interfaces/msg/_system_check_s.c.o[0m
[381.970s] [ 90%] [32mBuilding C object CMakeFiles/interfaces__rosidl_generator_py.dir/rosidl_generator_py/interfaces/msg/_serveur_s.c.o[0m
[383.117s] [ 91%] [32mBuilding C object CMakeFiles/interfaces__rosidl_generator_py.dir/rosidl_generator_py/interfaces/msg/_motors_feedback_s.c.o[0m
[384.245s] [ 92%] [32mBuilding C object CMakeFiles/interfaces__rosidl_generator_py.dir/rosidl_generator_py/interfaces/msg/_motors_order_s.c.o[0m
[385.166s] [ 93%] [32m[1mLinking C shared library rosidl_generator_py/interfaces/libinterfaces__rosidl_generator_py.so[0m
[385.740s] [ 93%] Built target interfaces__rosidl_generator_py
[386.061s] [ 94%] [32mBuilding C object CMakeFiles/interfaces__rosidl_typesupport_fastrtps_c__pyext.dir/rosidl_generator_py/interfaces/_interfaces_s.ep.rosidl_typesupport_fastrtps_c.c.o[0m
[387.678s] [ 95%] [32m[1mLinking C shared library rosidl_generator_py/interfaces/interfaces_s__rosidl_typesupport_fastrtps_c.cpython-310-aarch64-linux-gnu.so[0m
[388.229s] [ 95%] Built target interfaces__rosidl_typesupport_fastrtps_c__pyext
[388.415s] [ 96%] [32mBuilding C object CMakeFiles/interfaces__rosidl_typesupport_c__pyext.dir/rosidl_generator_py/interfaces/_interfaces_s.ep.rosidl_typesupport_c.c.o[0m
[389.726s] [ 97%] [32m[1mLinking C shared library rosidl_generator_py/interfaces/interfaces_s__rosidl_typesupport_c.cpython-310-aarch64-linux-gnu.so[0m
[390.164s] [ 97%] Built target interfaces__rosidl_typesupport_c__pyext
[390.472s] [ 98%] [32mBuilding C object CMakeFiles/interfaces__rosidl_typesupport_introspection_c__pyext.dir/rosidl_generator_py/interfaces/_interfaces_s.ep.rosidl_typesupport_introspection_c.c.o[0m
[391.541s] [100%] [32m[1mLinking C shared library rosidl_generator_py/interfaces/interfaces_s__rosidl_typesupport_introspection_c.cpython-310-aarch64-linux-gnu.so[0m
[391.945s] [100%] Built target interfaces__rosidl_typesupport_introspection_c__pyext
[392.191s] Invoked command in '/home/pi/autocab/raspberryPI3/ros2_ws/build/interfaces' returned '0': CMAKE_PREFIX_PATH=${CMAKE_PREFIX_PATH}:/opt/ros/humble /usr/bin/cmake --build /home/pi/autocab/raspberryPI3/ros2_ws/build/interfaces -- -j4 -l4
[396.736s] Invoking command in '/home/pi/autocab/raspberryPI3/ros2_ws/build/interfaces': CMAKE_PREFIX_PATH=${CMAKE_PREFIX_PATH}:/opt/ros/humble /usr/bin/cmake --install /home/pi/autocab/raspberryPI3/ros2_ws/build/interfaces
[396.787s] -- Install configuration: ""
[396.796s] -- Installing: /home/pi/autocab/raspberryPI3/ros2_ws/install/interfaces/share/ament_index/resource_index/rosidl_interfaces/interfaces
[396.807s] -- Installing: /home/pi/autocab/raspberryPI3/ros2_ws/install/interfaces/include/interfaces/interfaces
[396.808s] -- Installing: /home/pi/autocab/raspberryPI3/ros2_ws/install/interfaces/include/interfaces/interfaces/msg
[396.809s] -- Installing: /home/pi/autocab/raspberryPI3/ros2_ws/install/interfaces/include/interfaces/interfaces/msg/system_check.h
[396.815s] -- Installing: /home/pi/autocab/raspberryPI3/ros2_ws/install/interfaces/include/interfaces/interfaces/msg/rosidl_generator_c__visibility_control.h
[396.817s] -- Installing: /home/pi/autocab/raspberryPI3/ros2_ws/install/interfaces/include/interfaces/interfaces/msg/motors_order.h
[396.819s] -- Installing: /home/pi/autocab/raspberryPI3/ros2_ws/install/interfaces/include/interfaces/interfaces/msg/ultrasonic.h
[396.827s] -- Installing: /home/pi/autocab/raspberryPI3/ros2_ws/install/interfaces/include/interfaces/interfaces/msg/joystick_order.h
[396.828s] -- Installing: /home/pi/autocab/raspberryPI3/ros2_ws/install/interfaces/include/interfaces/interfaces/msg/steering_calibration.h
[396.829s] -- Installing: /home/pi/autocab/raspberryPI3/ros2_ws/install/interfaces/include/interfaces/interfaces/msg/gnss.h
[396.836s] -- Installing: /home/pi/autocab/raspberryPI3/ros2_ws/install/interfaces/include/interfaces/interfaces/msg/detail
[396.839s] -- Installing: /home/pi/autocab/raspberryPI3/ros2_ws/install/interfaces/include/interfaces/interfaces/msg/detail/general_data__struct.h
[396.842s] -- Installing: /home/pi/autocab/raspberryPI3/ros2_ws/install/interfaces/include/interfaces/interfaces/msg/detail/general_data__functions.h
[396.846s] -- Installing: /home/pi/autocab/raspberryPI3/ros2_ws/install/interfaces/include/interfaces/interfaces/msg/detail/joystick_order__type_support.h
[396.851s] -- Installing: /home/pi/autocab/raspberryPI3/ros2_ws/install/interfaces/include/interfaces/interfaces/msg/detail/steering_calibration__functions.c
[396.855s] -- Installing: /home/pi/autocab/raspberryPI3/ros2_ws/install/interfaces/include/interfaces/interfaces/msg/detail/serveur__type_support.h
[396.863s] -- Installing: /home/pi/autocab/raspberryPI3/ros2_ws/install/interfaces/include/interfaces/interfaces/msg/detail/motors_feedback__functions.h
[396.872s] -- Installing: /home/pi/autocab/raspberryPI3/ros2_ws/install/interfaces/include/interfaces/interfaces/msg/detail/motors_order__type_support.h
[396.875s] -- Installing: /home/pi/autocab/raspberryPI3/ros2_ws/install/interfaces/include/interfaces/interfaces/msg/detail/joystick_order__functions.c
[396.878s] -- Installing: /home/pi/autocab/raspberryPI3/ros2_ws/install/interfaces/include/interfaces/interfaces/msg/detail/general_data__type_support.h
[396.882s] -- Installing: /home/pi/autocab/raspberryPI3/ros2_ws/install/interfaces/include/interfaces/interfaces/msg/detail/motors_feedback__functions.c
[396.884s] -- Installing: /home/pi/autocab/raspberryPI3/ros2_ws/install/interfaces/include/interfaces/interfaces/msg/detail/gnss__struct.h
[396.887s] -- Installing: /home/pi/autocab/raspberryPI3/ros2_ws/install/interfaces/include/interfaces/interfaces/msg/detail/ultrasonic__functions.c
[396.896s] -- Installing: /home/pi/autocab/raspberryPI3/ros2_ws/install/interfaces/include/interfaces/interfaces/msg/detail/general_data__functions.c
[396.911s] -- Installing: /home/pi/autocab/raspberryPI3/ros2_ws/install/interfaces/include/interfaces/interfaces/msg/detail/system_check__struct.h
[396.914s] -- Installing: /home/pi/autocab/raspberryPI3/ros2_ws/install/interfaces/include/interfaces/interfaces/msg/detail/joystick_order__struct.h
[396.916s] -- Installing: /home/pi/autocab/raspberryPI3/ros2_ws/install/interfaces/include/interfaces/interfaces/msg/detail/motors_order__functions.h
[396.920s] -- Installing: /home/pi/autocab/raspberryPI3/ros2_ws/install/interfaces/include/interfaces/interfaces/msg/detail/gnss__functions.h
[396.923s] -- Installing: /home/pi/autocab/raspberryPI3/ros2_ws/install/interfaces/include/interfaces/interfaces/msg/detail/ultrasonic__type_support.h
[396.925s] -- Installing: /home/pi/autocab/raspberryPI3/ros2_ws/install/interfaces/include/interfaces/interfaces/msg/detail/serveur__functions.h
[396.928s] -- Installing: /home/pi/autocab/raspberryPI3/ros2_ws/install/interfaces/include/interfaces/interfaces/msg/detail/system_check__functions.c
[396.931s] -- Installing: /home/pi/autocab/raspberryPI3/ros2_ws/install/interfaces/include/interfaces/interfaces/msg/detail/motors_order__functions.c
[396.939s] -- Installing: /home/pi/autocab/raspberryPI3/ros2_ws/install/interfaces/include/interfaces/interfaces/msg/detail/serveur__struct.h
[396.941s] -- Installing: /home/pi/autocab/raspberryPI3/ros2_ws/install/interfaces/include/interfaces/interfaces/msg/detail/joystick_order__functions.h
[396.944s] -- Installing: /home/pi/autocab/raspberryPI3/ros2_ws/install/interfaces/include/interfaces/interfaces/msg/detail/motors_feedback__type_support.h
[396.953s] -- Installing: /home/pi/autocab/raspberryPI3/ros2_ws/install/interfaces/include/interfaces/interfaces/msg/detail/gnss__functions.c
[396.961s] -- Installing: /home/pi/autocab/raspberryPI3/ros2_ws/install/interfaces/include/interfaces/interfaces/msg/detail/steering_calibration__functions.h
[396.963s] -- Installing: /home/pi/autocab/raspberryPI3/ros2_ws/install/interfaces/include/interfaces/interfaces/msg/detail/system_check__functions.h
[396.970s] -- Installing: /home/pi/autocab/raspberryPI3/ros2_ws/install/interfaces/include/interfaces/interfaces/msg/detail/ultrasonic__struct.h
[396.975s] -- Installing: /home/pi/autocab/raspberryPI3/ros2_ws/install/interfaces/include/interfaces/interfaces/msg/detail/steering_calibration__type_support.h
[396.980s] -- Installing: /home/pi/autocab/raspberryPI3/ros2_ws/install/interfaces/include/interfaces/interfaces/msg/detail/serveur__functions.c
[396.984s] -- Installing: /home/pi/autocab/raspberryPI3/ros2_ws/install/interfaces/include/interfaces/interfaces/msg/detail/system_check__type_support.h
[396.986s] -- Installing: /home/pi/autocab/raspberryPI3/ros2_ws/install/interfaces/include/interfaces/interfaces/msg/detail/ultrasonic__functions.h
[396.991s] -- Installing: /home/pi/autocab/raspberryPI3/ros2_ws/install/interfaces/include/interfaces/interfaces/msg/detail/steering_calibration__struct.h
[396.994s] -- Installing: /home/pi/autocab/raspberryPI3/ros2_ws/install/interfaces/include/interfaces/interfaces/msg/detail/motors_order__struct.h
[396.997s] -- Installing: /home/pi/autocab/raspberryPI3/ros2_ws/install/interfaces/include/interfaces/interfaces/msg/detail/gnss__type_support.h
[397.001s] -- Installing: /home/pi/autocab/raspberryPI3/ros2_ws/install/interfaces/include/interfaces/interfaces/msg/detail/motors_feedback__struct.h
[397.004s] -- Installing: /home/pi/autocab/raspberryPI3/ros2_ws/install/interfaces/include/interfaces/interfaces/msg/general_data.h
[397.008s] -- Installing: /home/pi/autocab/raspberryPI3/ros2_ws/install/interfaces/include/interfaces/interfaces/msg/serveur.h
[397.010s] -- Installing: /home/pi/autocab/raspberryPI3/ros2_ws/install/interfaces/include/interfaces/interfaces/msg/motors_feedback.h
[397.017s] -- Installing: /home/pi/autocab/raspberryPI3/ros2_ws/install/interfaces/share/interfaces/environment/library_path.sh
[397.021s] -- Installing: /home/pi/autocab/raspberryPI3/ros2_ws/install/interfaces/share/interfaces/environment/library_path.dsv
[397.024s] -- Installing: /home/pi/autocab/raspberryPI3/ros2_ws/install/interfaces/lib/libinterfaces__rosidl_generator_c.so
[397.030s] -- Set runtime path of "/home/pi/autocab/raspberryPI3/ros2_ws/install/interfaces/lib/libinterfaces__rosidl_generator_c.so" to ""
[397.032s] -- Up-to-date: /home/pi/autocab/raspberryPI3/ros2_ws/install/interfaces/include/interfaces/interfaces
[397.034s] -- Up-to-date: /home/pi/autocab/raspberryPI3/ros2_ws/install/interfaces/include/interfaces/interfaces/msg
[397.037s] -- Installing: /home/pi/autocab/raspberryPI3/ros2_ws/install/interfaces/include/interfaces/interfaces/msg/rosidl_typesupport_fastrtps_c__visibility_control.h
[397.047s] -- Up-to-date: /home/pi/autocab/raspberryPI3/ros2_ws/install/interfaces/include/interfaces/interfaces/msg/detail
[397.052s] -- Installing: /home/pi/autocab/raspberryPI3/ros2_ws/install/interfaces/include/interfaces/interfaces/msg/detail/steering_calibration__rosidl_typesupport_fastrtps_c.h
[397.057s] -- Installing: /home/pi/autocab/raspberryPI3/ros2_ws/install/interfaces/include/interfaces/interfaces/msg/detail/joystick_order__rosidl_typesupport_fastrtps_c.h
[397.063s] -- Installing: /home/pi/autocab/raspberryPI3/ros2_ws/install/interfaces/include/interfaces/interfaces/msg/detail/serveur__rosidl_typesupport_fastrtps_c.h
[397.067s] -- Installing: /home/pi/autocab/raspberryPI3/ros2_ws/install/interfaces/include/interfaces/interfaces/msg/detail/gnss__rosidl_typesupport_fastrtps_c.h
[397.070s] -- Installing: /home/pi/autocab/raspberryPI3/ros2_ws/install/interfaces/include/interfaces/interfaces/msg/detail/motors_order__rosidl_typesupport_fastrtps_c.h
[397.074s] -- Installing: /home/pi/autocab/raspberryPI3/ros2_ws/install/interfaces/include/interfaces/interfaces/msg/detail/ultrasonic__rosidl_typesupport_fastrtps_c.h
[397.077s] -- Installing: /home/pi/autocab/raspberryPI3/ros2_ws/install/interfaces/include/interfaces/interfaces/msg/detail/motors_feedback__rosidl_typesupport_fastrtps_c.h
[397.081s] -- Installing: /home/pi/autocab/raspberryPI3/ros2_ws/install/interfaces/include/interfaces/interfaces/msg/detail/general_data__rosidl_typesupport_fastrtps_c.h
[397.084s] -- Installing: /home/pi/autocab/raspberryPI3/ros2_ws/install/interfaces/include/interfaces/interfaces/msg/detail/system_check__rosidl_typesupport_fastrtps_c.h
[397.086s] -- Installing: /home/pi/autocab/raspberryPI3/ros2_ws/install/interfaces/lib/libinterfaces__rosidl_typesupport_fastrtps_c.so
[397.089s] -- Set runtime path of "/home/pi/autocab/raspberryPI3/ros2_ws/install/interfaces/lib/libinterfaces__rosidl_typesupport_fastrtps_c.so" to ""
[397.090s] -- Up-to-date: /home/pi/autocab/raspberryPI3/ros2_ws/install/interfaces/include/interfaces/interfaces
[397.091s] -- Up-to-date: /home/pi/autocab/raspberryPI3/ros2_ws/install/interfaces/include/interfaces/interfaces/msg
[397.094s] -- Installing: /home/pi/autocab/raspberryPI3/ros2_ws/install/interfaces/include/interfaces/interfaces/msg/motors_order.hpp
[397.095s] -- Installing: /home/pi/autocab/raspberryPI3/ros2_ws/install/interfaces/include/interfaces/interfaces/msg/gnss.hpp
[397.096s] -- Installing: /home/pi/autocab/raspberryPI3/ros2_ws/install/interfaces/include/interfaces/interfaces/msg/motors_feedback.hpp
[397.096s] -- Installing: /home/pi/autocab/raspberryPI3/ros2_ws/install/interfaces/include/interfaces/interfaces/msg/ultrasonic.hpp
[397.097s] -- Installing: /home/pi/autocab/raspberryPI3/ros2_ws/install/interfaces/include/interfaces/interfaces/msg/steering_calibration.hpp
[397.099s] -- Installing: /home/pi/autocab/raspberryPI3/ros2_ws/install/interfaces/include/interfaces/interfaces/msg/serveur.hpp
[397.102s] -- Up-to-date: /home/pi/autocab/raspberryPI3/ros2_ws/install/interfaces/include/interfaces/interfaces/msg/detail
[397.102s] -- Installing: /home/pi/autocab/raspberryPI3/ros2_ws/install/interfaces/include/interfaces/interfaces/msg/detail/motors_feedback__builder.hpp
[397.103s] -- Installing: /home/pi/autocab/raspberryPI3/ros2_ws/install/interfaces/include/interfaces/interfaces/msg/detail/general_data__traits.hpp
[397.105s] -- Installing: /home/pi/autocab/raspberryPI3/ros2_ws/install/interfaces/include/interfaces/interfaces/msg/detail/motors_feedback__struct.hpp
[397.106s] -- Installing: /home/pi/autocab/raspberryPI3/ros2_ws/install/interfaces/include/interfaces/interfaces/msg/detail/joystick_order__traits.hpp
[397.111s] -- Installing: /home/pi/autocab/raspberryPI3/ros2_ws/install/interfaces/include/interfaces/interfaces/msg/detail/serveur__traits.hpp
[397.112s] -- Installing: /home/pi/autocab/raspberryPI3/ros2_ws/install/interfaces/include/interfaces/interfaces/msg/detail/system_check__struct.hpp
[397.116s] -- Installing: /home/pi/autocab/raspberryPI3/ros2_ws/install/interfaces/include/interfaces/interfaces/msg/detail/ultrasonic__builder.hpp
[397.118s] -- Installing: /home/pi/autocab/raspberryPI3/ros2_ws/install/interfaces/include/interfaces/interfaces/msg/detail/ultrasonic__struct.hpp
[397.123s] -- Installing: /home/pi/autocab/raspberryPI3/ros2_ws/install/interfaces/include/interfaces/interfaces/msg/detail/joystick_order__builder.hpp
[397.125s] -- Installing: /home/pi/autocab/raspberryPI3/ros2_ws/install/interfaces/include/interfaces/interfaces/msg/detail/steering_calibration__struct.hpp
[397.126s] -- Installing: /home/pi/autocab/raspberryPI3/ros2_ws/install/interfaces/include/interfaces/interfaces/msg/detail/steering_calibration__traits.hpp
[397.128s] -- Installing: /home/pi/autocab/raspberryPI3/ros2_ws/install/interfaces/include/interfaces/interfaces/msg/detail/motors_order__struct.hpp
[397.130s] -- Installing: /home/pi/autocab/raspberryPI3/ros2_ws/install/interfaces/include/interfaces/interfaces/msg/detail/gnss__builder.hpp
[397.131s] -- Installing: /home/pi/autocab/raspberryPI3/ros2_ws/install/interfaces/include/interfaces/interfaces/msg/detail/general_data__builder.hpp
[397.133s] -- Installing: /home/pi/autocab/raspberryPI3/ros2_ws/install/interfaces/include/interfaces/interfaces/msg/detail/motors_feedback__traits.hpp
[397.135s] -- Installing: /home/pi/autocab/raspberryPI3/ros2_ws/install/interfaces/include/interfaces/interfaces/msg/detail/motors_order__builder.hpp
[397.136s] -- Installing: /home/pi/autocab/raspberryPI3/ros2_ws/install/interfaces/include/interfaces/interfaces/msg/detail/joystick_order__struct.hpp
[397.139s] -- Installing: /home/pi/autocab/raspberryPI3/ros2_ws/install/interfaces/include/interfaces/interfaces/msg/detail/serveur__struct.hpp
[397.140s] -- Installing: /home/pi/autocab/raspberryPI3/ros2_ws/install/interfaces/include/interfaces/interfaces/msg/detail/motors_order__traits.hpp
[397.142s] -- Installing: /home/pi/autocab/raspberryPI3/ros2_ws/install/interfaces/include/interfaces/interfaces/msg/detail/gnss__struct.hpp
[397.145s] -- Installing: /home/pi/autocab/raspberryPI3/ros2_ws/install/interfaces/include/interfaces/interfaces/msg/detail/serveur__builder.hpp
[397.163s] -- Installing: /home/pi/autocab/raspberryPI3/ros2_ws/install/interfaces/include/interfaces/interfaces/msg/detail/ultrasonic__traits.hpp
[397.169s] -- Installing: /home/pi/autocab/raspberryPI3/ros2_ws/install/interfaces/include/interfaces/interfaces/msg/detail/system_check__traits.hpp
[397.183s] -- Installing: /home/pi/autocab/raspberryPI3/ros2_ws/install/interfaces/include/interfaces/interfaces/msg/detail/steering_calibration__builder.hpp
[397.186s] -- Installing: /home/pi/autocab/raspberryPI3/ros2_ws/install/interfaces/include/interfaces/interfaces/msg/detail/system_check__builder.hpp
[397.189s] -- Installing: /home/pi/autocab/raspberryPI3/ros2_ws/install/interfaces/include/interfaces/interfaces/msg/detail/general_data__struct.hpp
[397.192s] -- Installing: /home/pi/autocab/raspberryPI3/ros2_ws/install/interfaces/include/interfaces/interfaces/msg/detail/gnss__traits.hpp
[397.196s] -- Installing: /home/pi/autocab/raspberryPI3/ros2_ws/install/interfaces/include/interfaces/interfaces/msg/joystick_order.hpp
[397.199s] -- Installing: /home/pi/autocab/raspberryPI3/ros2_ws/install/interfaces/include/interfaces/interfaces/msg/system_check.hpp
[397.211s] -- Installing: /home/pi/autocab/raspberryPI3/ros2_ws/install/interfaces/include/interfaces/interfaces/msg/general_data.hpp
[397.214s] -- Up-to-date: /home/pi/autocab/raspberryPI3/ros2_ws/install/interfaces/include/interfaces/interfaces
[397.216s] -- Up-to-date: /home/pi/autocab/raspberryPI3/ros2_ws/install/interfaces/include/interfaces/interfaces/msg
[397.218s] -- Installing: /home/pi/autocab/raspberryPI3/ros2_ws/install/interfaces/include/interfaces/interfaces/msg/rosidl_typesupport_fastrtps_cpp__visibility_control.h
[397.221s] -- Up-to-date: /home/pi/autocab/raspberryPI3/ros2_ws/install/interfaces/include/interfaces/interfaces/msg/detail
[397.223s] -- Installing: /home/pi/autocab/raspberryPI3/ros2_ws/install/interfaces/include/interfaces/interfaces/msg/detail/serveur__rosidl_typesupport_fastrtps_cpp.hpp
[397.226s] -- Installing: /home/pi/autocab/raspberryPI3/ros2_ws/install/interfaces/include/interfaces/interfaces/msg/detail/dds_fastrtps
[397.228s] -- Installing: /home/pi/autocab/raspberryPI3/ros2_ws/install/interfaces/include/interfaces/interfaces/msg/detail/ultrasonic__rosidl_typesupport_fastrtps_cpp.hpp
[397.244s] -- Installing: /home/pi/autocab/raspberryPI3/ros2_ws/install/interfaces/include/interfaces/interfaces/msg/detail/motors_order__rosidl_typesupport_fastrtps_cpp.hpp
[397.247s] -- Installing: /home/pi/autocab/raspberryPI3/ros2_ws/install/interfaces/include/interfaces/interfaces/msg/detail/general_data__rosidl_typesupport_fastrtps_cpp.hpp
[397.250s] -- Installing: /home/pi/autocab/raspberryPI3/ros2_ws/install/interfaces/include/interfaces/interfaces/msg/detail/system_check__rosidl_typesupport_fastrtps_cpp.hpp
[397.254s] -- Installing: /home/pi/autocab/raspberryPI3/ros2_ws/install/interfaces/include/interfaces/interfaces/msg/detail/steering_calibration__rosidl_typesupport_fastrtps_cpp.hpp
[397.261s] -- Installing: /home/pi/autocab/raspberryPI3/ros2_ws/install/interfaces/include/interfaces/interfaces/msg/detail/motors_feedback__rosidl_typesupport_fastrtps_cpp.hpp
[397.265s] -- Installing: /home/pi/autocab/raspberryPI3/ros2_ws/install/interfaces/include/interfaces/interfaces/msg/detail/joystick_order__rosidl_typesupport_fastrtps_cpp.hpp
[397.271s] -- Installing: /home/pi/autocab/raspberryPI3/ros2_ws/install/interfaces/include/interfaces/interfaces/msg/detail/gnss__rosidl_typesupport_fastrtps_cpp.hpp
[397.273s] -- Installing: /home/pi/autocab/raspberryPI3/ros2_ws/install/interfaces/lib/libinterfaces__rosidl_typesupport_fastrtps_cpp.so
[397.278s] -- Set runtime path of "/home/pi/autocab/raspberryPI3/ros2_ws/install/interfaces/lib/libinterfaces__rosidl_typesupport_fastrtps_cpp.so" to ""
[397.279s] -- Up-to-date: /home/pi/autocab/raspberryPI3/ros2_ws/install/interfaces/include/interfaces/interfaces
[397.287s] -- Up-to-date: /home/pi/autocab/raspberryPI3/ros2_ws/install/interfaces/include/interfaces/interfaces/msg
[397.288s] -- Installing: /home/pi/autocab/raspberryPI3/ros2_ws/install/interfaces/include/interfaces/interfaces/msg/rosidl_typesupport_introspection_c__visibility_control.h
[397.289s] -- Up-to-date: /home/pi/autocab/raspberryPI3/ros2_ws/install/interfaces/include/interfaces/interfaces/msg/detail
[397.294s] -- Installing: /home/pi/autocab/raspberryPI3/ros2_ws/install/interfaces/include/interfaces/interfaces/msg/detail/gnss__rosidl_typesupport_introspection_c.h
[397.300s] -- Installing: /home/pi/autocab/raspberryPI3/ros2_ws/install/interfaces/include/interfaces/interfaces/msg/detail/general_data__type_support.c
[397.302s] -- Installing: /home/pi/autocab/raspberryPI3/ros2_ws/install/interfaces/include/interfaces/interfaces/msg/detail/gnss__type_support.c
[397.303s] -- Installing: /home/pi/autocab/raspberryPI3/ros2_ws/install/interfaces/include/interfaces/interfaces/msg/detail/motors_order__type_support.c
[397.305s] -- Installing: /home/pi/autocab/raspberryPI3/ros2_ws/install/interfaces/include/interfaces/interfaces/msg/detail/motors_order__rosidl_typesupport_introspection_c.h
[397.307s] -- Installing: /home/pi/autocab/raspberryPI3/ros2_ws/install/interfaces/include/interfaces/interfaces/msg/detail/system_check__type_support.c
[397.309s] -- Installing: /home/pi/autocab/raspberryPI3/ros2_ws/install/interfaces/include/interfaces/interfaces/msg/detail/serveur__rosidl_typesupport_introspection_c.h
[397.316s] -- Installing: /home/pi/autocab/raspberryPI3/ros2_ws/install/interfaces/include/interfaces/interfaces/msg/detail/motors_feedback__type_support.c
[397.316s] -- Installing: /home/pi/autocab/raspberryPI3/ros2_ws/install/interfaces/include/interfaces/interfaces/msg/detail/serveur__type_support.c
[397.319s] -- Installing: /home/pi/autocab/raspberryPI3/ros2_ws/install/interfaces/include/interfaces/interfaces/msg/detail/joystick_order__type_support.c
[397.319s] -- Installing: /home/pi/autocab/raspberryPI3/ros2_ws/install/interfaces/include/interfaces/interfaces/msg/detail/steering_calibration__rosidl_typesupport_introspection_c.h
[397.321s] -- Installing: /home/pi/autocab/raspberryPI3/ros2_ws/install/interfaces/include/interfaces/interfaces/msg/detail/ultrasonic__rosidl_typesupport_introspection_c.h
[397.321s] -- Installing: /home/pi/autocab/raspberryPI3/ros2_ws/install/interfaces/include/interfaces/interfaces/msg/detail/system_check__rosidl_typesupport_introspection_c.h
[397.323s] -- Installing: /home/pi/autocab/raspberryPI3/ros2_ws/install/interfaces/include/interfaces/interfaces/msg/detail/steering_calibration__type_support.c
[397.324s] -- Installing: /home/pi/autocab/raspberryPI3/ros2_ws/install/interfaces/include/interfaces/interfaces/msg/detail/ultrasonic__type_support.c
[397.333s] -- Installing: /home/pi/autocab/raspberryPI3/ros2_ws/install/interfaces/include/interfaces/interfaces/msg/detail/general_data__rosidl_typesupport_introspection_c.h
[397.334s] -- Installing: /home/pi/autocab/raspberryPI3/ros2_ws/install/interfaces/include/interfaces/interfaces/msg/detail/joystick_order__rosidl_typesupport_introspection_c.h
[397.334s] -- Installing: /home/pi/autocab/raspberryPI3/ros2_ws/install/interfaces/include/interfaces/interfaces/msg/detail/motors_feedback__rosidl_typesupport_introspection_c.h
[397.335s] -- Installing: /home/pi/autocab/raspberryPI3/ros2_ws/install/interfaces/lib/libinterfaces__rosidl_typesupport_introspection_c.so
[397.340s] -- Set runtime path of "/home/pi/autocab/raspberryPI3/ros2_ws/install/interfaces/lib/libinterfaces__rosidl_typesupport_introspection_c.so" to ""
[397.350s] -- Installing: /home/pi/autocab/raspberryPI3/ros2_ws/install/interfaces/lib/libinterfaces__rosidl_typesupport_c.so
[397.351s] -- Set runtime path of "/home/pi/autocab/raspberryPI3/ros2_ws/install/interfaces/lib/libinterfaces__rosidl_typesupport_c.so" to ""
[397.352s] -- Up-to-date: /home/pi/autocab/raspberryPI3/ros2_ws/install/interfaces/include/interfaces/interfaces
[397.353s] -- Up-to-date: /home/pi/autocab/raspberryPI3/ros2_ws/install/interfaces/include/interfaces/interfaces/msg
[397.355s] -- Up-to-date: /home/pi/autocab/raspberryPI3/ros2_ws/install/interfaces/include/interfaces/interfaces/msg/detail
[397.361s] -- Installing: /home/pi/autocab/raspberryPI3/ros2_ws/install/interfaces/include/interfaces/interfaces/msg/detail/general_data__rosidl_typesupport_introspection_cpp.hpp
[397.365s] -- Installing: /home/pi/autocab/raspberryPI3/ros2_ws/install/interfaces/include/interfaces/interfaces/msg/detail/joystick_order__type_support.cpp
[397.365s] -- Installing: /home/pi/autocab/raspberryPI3/ros2_ws/install/interfaces/include/interfaces/interfaces/msg/detail/general_data__type_support.cpp
[397.371s] -- Installing: /home/pi/autocab/raspberryPI3/ros2_ws/install/interfaces/include/interfaces/interfaces/msg/detail/serveur__type_support.cpp
[397.375s] -- Installing: /home/pi/autocab/raspberryPI3/ros2_ws/install/interfaces/include/interfaces/interfaces/msg/detail/ultrasonic__rosidl_typesupport_introspection_cpp.hpp
[397.376s] -- Installing: /home/pi/autocab/raspberryPI3/ros2_ws/install/interfaces/include/interfaces/interfaces/msg/detail/motors_order__type_support.cpp
[397.377s] -- Installing: /home/pi/autocab/raspberryPI3/ros2_ws/install/interfaces/include/interfaces/interfaces/msg/detail/motors_feedback__rosidl_typesupport_introspection_cpp.hpp
[397.378s] -- Installing: /home/pi/autocab/raspberryPI3/ros2_ws/install/interfaces/include/interfaces/interfaces/msg/detail/system_check__rosidl_typesupport_introspection_cpp.hpp
[397.379s] -- Installing: /home/pi/autocab/raspberryPI3/ros2_ws/install/interfaces/include/interfaces/interfaces/msg/detail/joystick_order__rosidl_typesupport_introspection_cpp.hpp
[397.381s] -- Installing: /home/pi/autocab/raspberryPI3/ros2_ws/install/interfaces/include/interfaces/interfaces/msg/detail/ultrasonic__type_support.cpp
[397.384s] -- Installing: /home/pi/autocab/raspberryPI3/ros2_ws/install/interfaces/include/interfaces/interfaces/msg/detail/gnss__type_support.cpp
[397.384s] -- Installing: /home/pi/autocab/raspberryPI3/ros2_ws/install/interfaces/include/interfaces/interfaces/msg/detail/motors_order__rosidl_typesupport_introspection_cpp.hpp
[397.385s] -- Installing: /home/pi/autocab/raspberryPI3/ros2_ws/install/interfaces/include/interfaces/interfaces/msg/detail/motors_feedback__type_support.cpp
[397.386s] -- Installing: /home/pi/autocab/raspberryPI3/ros2_ws/install/interfaces/include/interfaces/interfaces/msg/detail/gnss__rosidl_typesupport_introspection_cpp.hpp
[397.387s] -- Installing: /home/pi/autocab/raspberryPI3/ros2_ws/install/interfaces/include/interfaces/interfaces/msg/detail/serveur__rosidl_typesupport_introspection_cpp.hpp
[397.388s] -- Installing: /home/pi/autocab/raspberryPI3/ros2_ws/install/interfaces/include/interfaces/interfaces/msg/detail/system_check__type_support.cpp
[397.388s] -- Installing: /home/pi/autocab/raspberryPI3/ros2_ws/install/interfaces/include/interfaces/interfaces/msg/detail/steering_calibration__type_support.cpp
[397.389s] -- Installing: /home/pi/autocab/raspberryPI3/ros2_ws/install/interfaces/include/interfaces/interfaces/msg/detail/steering_calibration__rosidl_typesupport_introspection_cpp.hpp
[397.390s] -- Installing: /home/pi/autocab/raspberryPI3/ros2_ws/install/interfaces/lib/libinterfaces__rosidl_typesupport_introspection_cpp.so
[397.392s] -- Set runtime path of "/home/pi/autocab/raspberryPI3/ros2_ws/install/interfaces/lib/libinterfaces__rosidl_typesupport_introspection_cpp.so" to ""
[397.393s] -- Installing: /home/pi/autocab/raspberryPI3/ros2_ws/install/interfaces/lib/libinterfaces__rosidl_typesupport_cpp.so
[397.394s] -- Set runtime path of "/home/pi/autocab/raspberryPI3/ros2_ws/install/interfaces/lib/libinterfaces__rosidl_typesupport_cpp.so" to ""
[397.394s] -- Installing: /home/pi/autocab/raspberryPI3/ros2_ws/install/interfaces/share/interfaces/environment/pythonpath.sh
[397.397s] -- Installing: /home/pi/autocab/raspberryPI3/ros2_ws/install/interfaces/share/interfaces/environment/pythonpath.dsv
[397.406s] -- Installing: /home/pi/autocab/raspberryPI3/ros2_ws/install/interfaces/local/lib/python3.10/dist-packages/interfaces-0.0.0-py3.10.egg-info
[397.407s] -- Installing: /home/pi/autocab/raspberryPI3/ros2_ws/install/interfaces/local/lib/python3.10/dist-packages/interfaces-0.0.0-py3.10.egg-info/dependency_links.txt
[397.407s] -- Installing: /home/pi/autocab/raspberryPI3/ros2_ws/install/interfaces/local/lib/python3.10/dist-packages/interfaces-0.0.0-py3.10.egg-info/PKG-INFO
[397.411s] -- Installing: /home/pi/autocab/raspberryPI3/ros2_ws/install/interfaces/local/lib/python3.10/dist-packages/interfaces-0.0.0-py3.10.egg-info/top_level.txt
[397.412s] -- Installing: /home/pi/autocab/raspberryPI3/ros2_ws/install/interfaces/local/lib/python3.10/dist-packages/interfaces-0.0.0-py3.10.egg-info/SOURCES.txt
[397.413s] -- Installing: /home/pi/autocab/raspberryPI3/ros2_ws/install/interfaces/local/lib/python3.10/dist-packages/interfaces
[397.420s] -- Installing: /home/pi/autocab/raspberryPI3/ros2_ws/install/interfaces/local/lib/python3.10/dist-packages/interfaces/_interfaces_s.ep.rosidl_typesupport_c.c
[397.420s] -- Installing: /home/pi/autocab/raspberryPI3/ros2_ws/install/interfaces/local/lib/python3.10/dist-packages/interfaces/interfaces_s__rosidl_typesupport_fastrtps_c.cpython-310-aarch64-linux-gnu.so
[397.421s] -- Installing: /home/pi/autocab/raspberryPI3/ros2_ws/install/interfaces/local/lib/python3.10/dist-packages/interfaces/libinterfaces__rosidl_generator_py.so
[397.422s] -- Installing: /home/pi/autocab/raspberryPI3/ros2_ws/install/interfaces/local/lib/python3.10/dist-packages/interfaces/_interfaces_s.ep.rosidl_typesupport_fastrtps_c.c
[397.426s] -- Installing: /home/pi/autocab/raspberryPI3/ros2_ws/install/interfaces/local/lib/python3.10/dist-packages/interfaces/__init__.py
[397.429s] -- Installing: /home/pi/autocab/raspberryPI3/ros2_ws/install/interfaces/local/lib/python3.10/dist-packages/interfaces/_interfaces_s.ep.rosidl_typesupport_introspection_c.c
[397.440s] -- Installing: /home/pi/autocab/raspberryPI3/ros2_ws/install/interfaces/local/lib/python3.10/dist-packages/interfaces/interfaces_s__rosidl_typesupport_c.cpython-310-aarch64-linux-gnu.so
[397.454s] -- Installing: /home/pi/autocab/raspberryPI3/ros2_ws/install/interfaces/local/lib/python3.10/dist-packages/interfaces/msg
[397.456s] -- Installing: /home/pi/autocab/raspberryPI3/ros2_ws/install/interfaces/local/lib/python3.10/dist-packages/interfaces/msg/_joystick_order.py
[397.466s] -- Installing: /home/pi/autocab/raspberryPI3/ros2_ws/install/interfaces/local/lib/python3.10/dist-packages/interfaces/msg/_serveur.py
[397.472s] -- Installing: /home/pi/autocab/raspberryPI3/ros2_ws/install/interfaces/local/lib/python3.10/dist-packages/interfaces/msg/_system_check_s.c
[397.479s] -- Installing: /home/pi/autocab/raspberryPI3/ros2_ws/install/interfaces/local/lib/python3.10/dist-packages/interfaces/msg/_joystick_order_s.c
[397.481s] -- Installing: /home/pi/autocab/raspberryPI3/ros2_ws/install/interfaces/local/lib/python3.10/dist-packages/interfaces/msg/_steering_calibration.py
[397.483s] -- Installing: /home/pi/autocab/raspberryPI3/ros2_ws/install/interfaces/local/lib/python3.10/dist-packages/interfaces/msg/_ultrasonic.py
[397.499s] -- Installing: /home/pi/autocab/raspberryPI3/ros2_ws/install/interfaces/local/lib/python3.10/dist-packages/interfaces/msg/_motors_feedback_s.c
[397.506s] -- Installing: /home/pi/autocab/raspberryPI3/ros2_ws/install/interfaces/local/lib/python3.10/dist-packages/interfaces/msg/_serveur_s.c
[397.507s] -- Installing: /home/pi/autocab/raspberryPI3/ros2_ws/install/interfaces/local/lib/python3.10/dist-packages/interfaces/msg/__init__.py
[397.509s] -- Installing: /home/pi/autocab/raspberryPI3/ros2_ws/install/interfaces/local/lib/python3.10/dist-packages/interfaces/msg/_general_data.py
[397.510s] -- Installing: /home/pi/autocab/raspberryPI3/ros2_ws/install/interfaces/local/lib/python3.10/dist-packages/interfaces/msg/_general_data_s.c
[397.512s] -- Installing: /home/pi/autocab/raspberryPI3/ros2_ws/install/interfaces/local/lib/python3.10/dist-packages/interfaces/msg/_gnss.py
[397.513s] -- Installing: /home/pi/autocab/raspberryPI3/ros2_ws/install/interfaces/local/lib/python3.10/dist-packages/interfaces/msg/_motors_order_s.c
[397.515s] -- Installing: /home/pi/autocab/raspberryPI3/ros2_ws/install/interfaces/local/lib/python3.10/dist-packages/interfaces/msg/_steering_calibration_s.c
[397.518s] -- Installing: /home/pi/autocab/raspberryPI3/ros2_ws/install/interfaces/local/lib/python3.10/dist-packages/interfaces/msg/_gnss_s.c
[397.524s] -- Installing: /home/pi/autocab/raspberryPI3/ros2_ws/install/interfaces/local/lib/python3.10/dist-packages/interfaces/msg/_system_check.py
[397.527s] -- Installing: /home/pi/autocab/raspberryPI3/ros2_ws/install/interfaces/local/lib/python3.10/dist-packages/interfaces/msg/_motors_order.py
[397.536s] -- Installing: /home/pi/autocab/raspberryPI3/ros2_ws/install/interfaces/local/lib/python3.10/dist-packages/interfaces/msg/_motors_feedback.py
[397.553s] -- Installing: /home/pi/autocab/raspberryPI3/ros2_ws/install/interfaces/local/lib/python3.10/dist-packages/interfaces/msg/_ultrasonic_s.c
[397.561s] -- Installing: /home/pi/autocab/raspberryPI3/ros2_ws/install/interfaces/local/lib/python3.10/dist-packages/interfaces/interfaces_s__rosidl_typesupport_introspection_c.cpython-310-aarch64-linux-gnu.so
[398.115s] Listing '/home/pi/autocab/raspberryPI3/ros2_ws/install/interfaces/local/lib/python3.10/dist-packages/interfaces'...
[398.117s] Compiling '/home/pi/autocab/raspberryPI3/ros2_ws/install/interfaces/local/lib/python3.10/dist-packages/interfaces/__init__.py'...
[398.118s] Listing '/home/pi/autocab/raspberryPI3/ros2_ws/install/interfaces/local/lib/python3.10/dist-packages/interfaces/msg'...
[398.119s] Compiling '/home/pi/autocab/raspberryPI3/ros2_ws/install/interfaces/local/lib/python3.10/dist-packages/interfaces/msg/__init__.py'...
[398.120s] Compiling '/home/pi/autocab/raspberryPI3/ros2_ws/install/interfaces/local/lib/python3.10/dist-packages/interfaces/msg/_general_data.py'...
[398.121s] Compiling '/home/pi/autocab/raspberryPI3/ros2_ws/install/interfaces/local/lib/python3.10/dist-packages/interfaces/msg/_gnss.py'...
[398.121s] Compiling '/home/pi/autocab/raspberryPI3/ros2_ws/install/interfaces/local/lib/python3.10/dist-packages/interfaces/msg/_joystick_order.py'...
[398.122s] Compiling '/home/pi/autocab/raspberryPI3/ros2_ws/install/interfaces/local/lib/python3.10/dist-packages/interfaces/msg/_motors_feedback.py'...
[398.123s] Compiling '/home/pi/autocab/raspberryPI3/ros2_ws/install/interfaces/local/lib/python3.10/dist-packages/interfaces/msg/_motors_order.py'...
[398.123s] Compiling '/home/pi/autocab/raspberryPI3/ros2_ws/install/interfaces/local/lib/python3.10/dist-packages/interfaces/msg/_serveur.py'...
[398.124s] Compiling '/home/pi/autocab/raspberryPI3/ros2_ws/install/interfaces/local/lib/python3.10/dist-packages/interfaces/msg/_steering_calibration.py'...
[398.125s] Compiling '/home/pi/autocab/raspberryPI3/ros2_ws/install/interfaces/local/lib/python3.10/dist-packages/interfaces/msg/_system_check.py'...
[398.126s] Compiling '/home/pi/autocab/raspberryPI3/ros2_ws/install/interfaces/local/lib/python3.10/dist-packages/interfaces/msg/_ultrasonic.py'...
[398.178s] -- Installing: /home/pi/autocab/raspberryPI3/ros2_ws/install/interfaces/local/lib/python3.10/dist-packages/interfaces/interfaces_s__rosidl_typesupport_fastrtps_c.cpython-310-aarch64-linux-gnu.so
[398.184s] -- Set runtime path of "/home/pi/autocab/raspberryPI3/ros2_ws/install/interfaces/local/lib/python3.10/dist-packages/interfaces/interfaces_s__rosidl_typesupport_fastrtps_c.cpython-310-aarch64-linux-gnu.so" to ""
[398.188s] -- Installing: /home/pi/autocab/raspberryPI3/ros2_ws/install/interfaces/local/lib/python3.10/dist-packages/interfaces/interfaces_s__rosidl_typesupport_introspection_c.cpython-310-aarch64-linux-gnu.so
[398.194s] -- Set runtime path of "/home/pi/autocab/raspberryPI3/ros2_ws/install/interfaces/local/lib/python3.10/dist-packages/interfaces/interfaces_s__rosidl_typesupport_introspection_c.cpython-310-aarch64-linux-gnu.so" to ""
[398.198s] -- Installing: /home/pi/autocab/raspberryPI3/ros2_ws/install/interfaces/local/lib/python3.10/dist-packages/interfaces/interfaces_s__rosidl_typesupport_c.cpython-310-aarch64-linux-gnu.so
[398.204s] -- Set runtime path of "/home/pi/autocab/raspberryPI3/ros2_ws/install/interfaces/local/lib/python3.10/dist-packages/interfaces/interfaces_s__rosidl_typesupport_c.cpython-310-aarch64-linux-gnu.so" to ""
[398.208s] -- Installing: /home/pi/autocab/raspberryPI3/ros2_ws/install/interfaces/lib/libinterfaces__rosidl_generator_py.so
[398.213s] -- Set runtime path of "/home/pi/autocab/raspberryPI3/ros2_ws/install/interfaces/lib/libinterfaces__rosidl_generator_py.so" to ""
[398.216s] -- Installing: /home/pi/autocab/raspberryPI3/ros2_ws/install/interfaces/share/interfaces/msg/JoystickOrder.idl
[398.220s] -- Installing: /home/pi/autocab/raspberryPI3/ros2_ws/install/interfaces/share/interfaces/msg/MotorsOrder.idl
[398.223s] -- Installing: /home/pi/autocab/raspberryPI3/ros2_ws/install/interfaces/share/interfaces/msg/MotorsFeedback.idl
[398.226s] -- Installing: /home/pi/autocab/raspberryPI3/ros2_ws/install/interfaces/share/interfaces/msg/GeneralData.idl
[398.230s] -- Installing: /home/pi/autocab/raspberryPI3/ros2_ws/install/interfaces/share/interfaces/msg/SteeringCalibration.idl
[398.233s] -- Installing: /home/pi/autocab/raspberryPI3/ros2_ws/install/interfaces/share/interfaces/msg/Ultrasonic.idl
[398.241s] -- Installing: /home/pi/autocab/raspberryPI3/ros2_ws/install/interfaces/share/interfaces/msg/Gnss.idl
[398.247s] -- Installing: /home/pi/autocab/raspberryPI3/ros2_ws/install/interfaces/share/interfaces/msg/SystemCheck.idl
[398.250s] -- Installing: /home/pi/autocab/raspberryPI3/ros2_ws/install/interfaces/share/interfaces/msg/Serveur.idl
[398.253s] -- Installing: /home/pi/autocab/raspberryPI3/ros2_ws/install/interfaces/share/interfaces/msg/JoystickOrder.msg
[398.256s] -- Installing: /home/pi/autocab/raspberryPI3/ros2_ws/install/interfaces/share/interfaces/msg/MotorsOrder.msg
[398.260s] -- Installing: /home/pi/autocab/raspberryPI3/ros2_ws/install/interfaces/share/interfaces/msg/MotorsFeedback.msg
[398.263s] -- Installing: /home/pi/autocab/raspberryPI3/ros2_ws/install/interfaces/share/interfaces/msg/GeneralData.msg
[398.266s] -- Installing: /home/pi/autocab/raspberryPI3/ros2_ws/install/interfaces/share/interfaces/msg/SteeringCalibration.msg
[398.270s] -- Installing: /home/pi/autocab/raspberryPI3/ros2_ws/install/interfaces/share/interfaces/msg/Ultrasonic.msg
[398.283s] -- Installing: /home/pi/autocab/raspberryPI3/ros2_ws/install/interfaces/share/interfaces/msg/Gnss.msg
[398.287s] -- Installing: /home/pi/autocab/raspberryPI3/ros2_ws/install/interfaces/share/interfaces/msg/SystemCheck.msg
[398.290s] -- Installing: /home/pi/autocab/raspberryPI3/ros2_ws/install/interfaces/share/interfaces/msg/Serveur.msg
[398.293s] -- Installing: /home/pi/autocab/raspberryPI3/ros2_ws/install/interfaces/share/ament_index/resource_index/package_run_dependencies/interfaces
[398.297s] -- Installing: /home/pi/autocab/raspberryPI3/ros2_ws/install/interfaces/share/ament_index/resource_index/parent_prefix_path/interfaces
[398.300s] -- Installing: /home/pi/autocab/raspberryPI3/ros2_ws/install/interfaces/share/interfaces/environment/ament_prefix_path.sh
[398.303s] -- Installing: /home/pi/autocab/raspberryPI3/ros2_ws/install/interfaces/share/interfaces/environment/ament_prefix_path.dsv
[398.306s] -- Installing: /home/pi/autocab/raspberryPI3/ros2_ws/install/interfaces/share/interfaces/environment/path.sh
[398.313s] -- Installing: /home/pi/autocab/raspberryPI3/ros2_ws/install/interfaces/share/interfaces/environment/path.dsv
[398.316s] -- Installing: /home/pi/autocab/raspberryPI3/ros2_ws/install/interfaces/share/interfaces/local_setup.bash
[398.319s] -- Installing: /home/pi/autocab/raspberryPI3/ros2_ws/install/interfaces/share/interfaces/local_setup.sh
[398.331s] -- Installing: /home/pi/autocab/raspberryPI3/ros2_ws/install/interfaces/share/interfaces/local_setup.zsh
[398.334s] -- Installing: /home/pi/autocab/raspberryPI3/ros2_ws/install/interfaces/share/interfaces/local_setup.dsv
[398.337s] -- Installing: /home/pi/autocab/raspberryPI3/ros2_ws/install/interfaces/share/interfaces/package.dsv
[398.340s] -- Installing: /home/pi/autocab/raspberryPI3/ros2_ws/install/interfaces/share/ament_index/resource_index/packages/interfaces
[398.344s] -- Installing: /home/pi/autocab/raspberryPI3/ros2_ws/install/interfaces/share/interfaces/cmake/export_interfaces__rosidl_generator_cExport.cmake
[398.347s] -- Installing: /home/pi/autocab/raspberryPI3/ros2_ws/install/interfaces/share/interfaces/cmake/export_interfaces__rosidl_generator_cExport-noconfig.cmake
[398.351s] -- Installing: /home/pi/autocab/raspberryPI3/ros2_ws/install/interfaces/share/interfaces/cmake/export_interfaces__rosidl_typesupport_fastrtps_cExport.cmake
[398.392s] -- Installing: /home/pi/autocab/raspberryPI3/ros2_ws/install/interfaces/share/interfaces/cmake/export_interfaces__rosidl_typesupport_fastrtps_cExport-noconfig.cmake
[398.395s] -- Installing: /home/pi/autocab/raspberryPI3/ros2_ws/install/interfaces/share/interfaces/cmake/export_interfaces__rosidl_generator_cppExport.cmake
[398.399s] -- Installing: /home/pi/autocab/raspberryPI3/ros2_ws/install/interfaces/share/interfaces/cmake/export_interfaces__rosidl_typesupport_fastrtps_cppExport.cmake
[398.402s] -- Installing: /home/pi/autocab/raspberryPI3/ros2_ws/install/interfaces/share/interfaces/cmake/export_interfaces__rosidl_typesupport_fastrtps_cppExport-noconfig.cmake
[398.405s] -- Installing: /home/pi/autocab/raspberryPI3/ros2_ws/install/interfaces/share/interfaces/cmake/interfaces__rosidl_typesupport_introspection_cExport.cmake
[398.421s] -- Installing: /home/pi/autocab/raspberryPI3/ros2_ws/install/interfaces/share/interfaces/cmake/interfaces__rosidl_typesupport_introspection_cExport-noconfig.cmake
[398.434s] -- Installing: /home/pi/autocab/raspberryPI3/ros2_ws/install/interfaces/share/interfaces/cmake/interfaces__rosidl_typesupport_cExport.cmake
[398.439s] -- Installing: /home/pi/autocab/raspberryPI3/ros2_ws/install/interfaces/share/interfaces/cmake/interfaces__rosidl_typesupport_cExport-noconfig.cmake
[398.445s] -- Installing: /home/pi/autocab/raspberryPI3/ros2_ws/install/interfaces/share/interfaces/cmake/interfaces__rosidl_typesupport_introspection_cppExport.cmake
[398.458s] -- Installing: /home/pi/autocab/raspberryPI3/ros2_ws/install/interfaces/share/interfaces/cmake/interfaces__rosidl_typesupport_introspection_cppExport-noconfig.cmake
[398.461s] -- Installing: /home/pi/autocab/raspberryPI3/ros2_ws/install/interfaces/share/interfaces/cmake/interfaces__rosidl_typesupport_cppExport.cmake
[398.465s] -- Installing: /home/pi/autocab/raspberryPI3/ros2_ws/install/interfaces/share/interfaces/cmake/interfaces__rosidl_typesupport_cppExport-noconfig.cmake
[398.468s] -- Installing: /home/pi/autocab/raspberryPI3/ros2_ws/install/interfaces/share/interfaces/cmake/export_interfaces__rosidl_generator_pyExport.cmake
[398.470s] -- Installing: /home/pi/autocab/raspberryPI3/ros2_ws/install/interfaces/share/interfaces/cmake/export_interfaces__rosidl_generator_pyExport-noconfig.cmake
[398.481s] -- Installing: /home/pi/autocab/raspberryPI3/ros2_ws/install/interfaces/share/interfaces/cmake/rosidl_cmake-extras.cmake
[398.486s] -- Installing: /home/pi/autocab/raspberryPI3/ros2_ws/install/interfaces/share/interfaces/cmake/ament_cmake_export_include_directories-extras.cmake
[398.496s] -- Installing: /home/pi/autocab/raspberryPI3/ros2_ws/install/interfaces/share/interfaces/cmake/ament_cmake_export_libraries-extras.cmake
[398.499s] -- Installing: /home/pi/autocab/raspberryPI3/ros2_ws/install/interfaces/share/interfaces/cmake/ament_cmake_export_targets-extras.cmake
[398.505s] -- Installing: /home/pi/autocab/raspberryPI3/ros2_ws/install/interfaces/share/interfaces/cmake/rosidl_cmake_export_typesupport_targets-extras.cmake
[398.509s] -- Installing: /home/pi/autocab/raspberryPI3/ros2_ws/install/interfaces/share/interfaces/cmake/ament_cmake_export_dependencies-extras.cmake
[398.512s] -- Installing: /home/pi/autocab/raspberryPI3/ros2_ws/install/interfaces/share/interfaces/cmake/rosidl_cmake_export_typesupport_libraries-extras.cmake
[398.523s] -- Installing: /home/pi/autocab/raspberryPI3/ros2_ws/install/interfaces/share/interfaces/cmake/interfacesConfig.cmake
[398.526s] -- Installing: /home/pi/autocab/raspberryPI3/ros2_ws/install/interfaces/share/interfaces/cmake/interfacesConfig-version.cmake
[398.533s] -- Installing: /home/pi/autocab/raspberryPI3/ros2_ws/install/interfaces/share/interfaces/package.xml
[398.559s] Invoked command in '/home/pi/autocab/raspberryPI3/ros2_ws/build/interfaces' returned '0': CMAKE_PREFIX_PATH=${CMAKE_PREFIX_PATH}:/opt/ros/humble /usr/bin/cmake --install /home/pi/autocab/raspberryPI3/ros2_ws/build/interfaces
