[0.079s] Invoking command in '/home/pi/autocab/raspberryPI3/ros2_ws/src/car_control/build/car_control': CMAKE_PREFIX_PATH=${CMAKE_PREFIX_PATH}:/opt/ros/humble /usr/bin/cmake --build /home/pi/autocab/raspberryPI3/ros2_ws/src/car_control/build/car_control -- -j4 -l4
[0.274s] [35m[1mConsolidate compiler generated dependencies of target car_control_node[0m
[0.389s] [100%] Built target car_control_node
[0.435s] Invoked command in '/home/pi/autocab/raspberryPI3/ros2_ws/src/car_control/build/car_control' returned '0': CMAKE_PREFIX_PATH=${CMAKE_PREFIX_PATH}:/opt/ros/humble /usr/bin/cmake --build /home/pi/autocab/raspberryPI3/ros2_ws/src/car_control/build/car_control -- -j4 -l4
[0.704s] Invoking command in '/home/pi/autocab/raspberryPI3/ros2_ws/src/car_control/build/car_control': CMAKE_PREFIX_PATH=${CMAKE_PREFIX_PATH}:/opt/ros/humble /usr/bin/cmake --install /home/pi/autocab/raspberryPI3/ros2_ws/src/car_control/build/car_control
[0.744s] -- Install configuration: ""
[0.745s] -- Up-to-date: /home/pi/autocab/raspberryPI3/ros2_ws/src/car_control/install/car_control/lib/car_control/car_control_node
[0.747s] -- Up-to-date: /home/pi/autocab/raspberryPI3/ros2_ws/src/car_control/install/car_control/share/ament_index/resource_index/package_run_dependencies/car_control
[0.748s] -- Up-to-date: /home/pi/autocab/raspberryPI3/ros2_ws/src/car_control/install/car_control/share/ament_index/resource_index/parent_prefix_path/car_control
[0.749s] -- Up-to-date: /home/pi/autocab/raspberryPI3/ros2_ws/src/car_control/install/car_control/share/car_control/environment/ament_prefix_path.sh
[0.750s] -- Up-to-date: /home/pi/autocab/raspberryPI3/ros2_ws/src/car_control/install/car_control/share/car_control/environment/ament_prefix_path.dsv
[0.752s] -- Up-to-date: /home/pi/autocab/raspberryPI3/ros2_ws/src/car_control/install/car_control/share/car_control/environment/path.sh
[0.752s] -- Up-to-date: /home/pi/autocab/raspberryPI3/ros2_ws/src/car_control/install/car_control/share/car_control/environment/path.dsv
[0.753s] -- Up-to-date: /home/pi/autocab/raspberryPI3/ros2_ws/src/car_control/install/car_control/share/car_control/local_setup.bash
[0.754s] -- Up-to-date: /home/pi/autocab/raspberryPI3/ros2_ws/src/car_control/install/car_control/share/car_control/local_setup.sh
[0.756s] -- Up-to-date: /home/pi/autocab/raspberryPI3/ros2_ws/src/car_control/install/car_control/share/car_control/local_setup.zsh
[0.756s] -- Up-to-date: /home/pi/autocab/raspberryPI3/ros2_ws/src/car_control/install/car_control/share/car_control/local_setup.dsv
[0.757s] -- Installing: /home/pi/autocab/raspberryPI3/ros2_ws/src/car_control/install/car_control/share/car_control/package.dsv
[0.758s] -- Up-to-date: /home/pi/autocab/raspberryPI3/ros2_ws/src/car_control/install/car_control/share/ament_index/resource_index/packages/car_control
[0.759s] -- Up-to-date: /home/pi/autocab/raspberryPI3/ros2_ws/src/car_control/install/car_control/share/car_control/cmake/ament_cmake_export_include_directories-extras.cmake
[0.760s] -- Up-to-date: /home/pi/autocab/raspberryPI3/ros2_ws/src/car_control/install/car_control/share/car_control/cmake/car_controlConfig.cmake
[0.766s] -- Up-to-date: /home/pi/autocab/raspberryPI3/ros2_ws/src/car_control/install/car_control/share/car_control/cmake/car_controlConfig-version.cmake
[0.769s] -- Up-to-date: /home/pi/autocab/raspberryPI3/ros2_ws/src/car_control/install/car_control/share/car_control/package.xml
[0.771s] Invoked command in '/home/pi/autocab/raspberryPI3/ros2_ws/src/car_control/build/car_control' returned '0': CMAKE_PREFIX_PATH=${CMAKE_PREFIX_PATH}:/opt/ros/humble /usr/bin/cmake --install /home/pi/autocab/raspberryPI3/ros2_ws/src/car_control/build/car_control
