[01m[K/home/pi/autocab/raspberryPI3/ros2_ws/src/car_control/src/car_control_node.cpp:509:2:[m[K [01;31m[Kerror: [m[Kunterminated argument list invoking macro "RCLCPP_INFO"
  509 | }
      |  [01;31m[K^[m[K
[01m[K/home/pi/autocab/raspberryPI3/ros2_ws/src/car_control/src/car_control_node.cpp:259:36:[m[K [01;31m[Kerror: [m[Kexpected ‘[01m[K}[m[K’ at end of input
  259 |                         RCLCPP_INFO[01;31m[K([m[Kthis->get_logger(), "Size de pathtofinal point %c", pathToFinalPoint.size();
      |                                    [01;31m[K^[m[K
[01m[K/home/pi/autocab/raspberryPI3/ros2_ws/src/car_control/src/car_control_node.cpp:28:41:[m[K [01;36m[Knote: [m[Kto match this ‘[01m[K{[m[K’
   28 | class car_control : public rclcpp::Node [01;36m[K{[m[K
      |                                         [01;36m[K^[m[K
[01m[K/home/pi/autocab/raspberryPI3/ros2_ws/src/car_control/src/car_control_node.cpp:[m[K In constructor ‘[01m[Kcar_control::car_control()[m[K’:
[01m[K/home/pi/autocab/raspberryPI3/ros2_ws/src/car_control/src/car_control_node.cpp:34:9:[m[K [01;31m[Kerror: [m[K‘[01m[Kstart[m[K’ was not declared in this scope
   34 |         [01;31m[Kstart[m[K = false;
      |         [01;31m[K^~~~~[m[K
[01m[K/home/pi/autocab/raspberryPI3/ros2_ws/src/car_control/src/car_control_node.cpp:35:9:[m[K [01;31m[Kerror: [m[K‘[01m[Kmode[m[K’ was not declared in this scope; did you mean ‘[01m[KNode[m[K’?
   35 |         [01;31m[Kmode[m[K = 0;
      |         [01;31m[K^~~~[m[K
      |         [32m[KNode[m[K
[01m[K/home/pi/autocab/raspberryPI3/ros2_ws/src/car_control/src/car_control_node.cpp:37:9:[m[K [01;31m[Kerror: [m[K‘[01m[KrequestedThrottle[m[K’ was not declared in this scope
   37 |         [01;31m[KrequestedThrottle[m[K = 0;
      |         [01;31m[K^~~~~~~~~~~~~~~~~[m[K
[01m[K/home/pi/autocab/raspberryPI3/ros2_ws/src/car_control/src/car_control_node.cpp:38:9:[m[K [01;31m[Kerror: [m[K‘[01m[KrequestedSteerAngle[m[K’ was not declared in this scope
   38 |         [01;31m[KrequestedSteerAngle[m[K = 0;
      |         [01;31m[K^~~~~~~~~~~~~~~~~~~[m[K
[01m[K/home/pi/autocab/raspberryPI3/ros2_ws/src/car_control/src/car_control_node.cpp:39:9:[m[K [01;31m[Kerror: [m[K‘[01m[KcurrentLatitude[m[K’ was not declared in this scope
   39 |         [01;31m[KcurrentLatitude[m[K = 0;
      |         [01;31m[K^~~~~~~~~~~~~~~[m[K
[01m[K/home/pi/autocab/raspberryPI3/ros2_ws/src/car_control/src/car_control_node.cpp:40:9:[m[K [01;31m[Kerror: [m[K‘[01m[KcurrentLongitude[m[K’ was not declared in this scope
   40 |         [01;31m[KcurrentLongitude[m[K = 0;
      |         [01;31m[K^~~~~~~~~~~~~~~~[m[K
[01m[K/home/pi/autocab/raspberryPI3/ros2_ws/src/car_control/src/car_control_node.cpp:41:9:[m[K [01;31m[Kerror: [m[K‘[01m[KcurrentDirection[m[K’ was not declared in this scope
   41 |         [01;31m[KcurrentDirection[m[K[0]=1;
      |         [01;31m[K^~~~~~~~~~~~~~~~[m[K
[01m[K/home/pi/autocab/raspberryPI3/ros2_ws/src/car_control/src/car_control_node.cpp:54:9:[m[K [01;31m[Kerror: [m[K‘[01m[KdeparturePoint[m[K’ was not declared in this scope
   54 |         [01;31m[KdeparturePoint[m[K = 'A';
      |         [01;31m[K^~~~~~~~~~~~~~[m[K
[01m[K/home/pi/autocab/raspberryPI3/ros2_ws/src/car_control/src/car_control_node.cpp:55:9:[m[K [01;31m[Kerror: [m[K‘[01m[KfinalPoint[m[K’ was not declared in this scope
   55 |         [01;31m[KfinalPoint[m[K = 'C';
      |         [01;31m[K^~~~~~~~~~[m[K
[01m[K/home/pi/autocab/raspberryPI3/ros2_ws/src/car_control/src/car_control_node.cpp:56:9:[m[K [01;31m[Kerror: [m[K‘[01m[KcurrentPoint[m[K’ was not declared in this scope
   56 |         [01;31m[KcurrentPoint[m[K = 'A' ;
      |         [01;31m[K^~~~~~~~~~~~[m[K
[01m[K/home/pi/autocab/raspberryPI3/ros2_ws/src/car_control/src/car_control_node.cpp:57:9:[m[K [01;31m[Kerror: [m[K‘[01m[KdeparturePointReached[m[K’ was not declared in this scope
   57 |         [01;31m[KdeparturePointReached[m[K = false;
      |         [01;31m[K^~~~~~~~~~~~~~~~~~~~~[m[K
[01m[K/home/pi/autocab/raspberryPI3/ros2_ws/src/car_control/src/car_control_node.cpp:58:9:[m[K [01;31m[Kerror: [m[K‘[01m[KfinalPointReached[m[K’ was not declared in this scope
   58 |         [01;31m[KfinalPointReached[m[K = false;
      |         [01;31m[K^~~~~~~~~~~~~~~~~[m[K
[01m[K/home/pi/autocab/raspberryPI3/ros2_ws/src/car_control/src/car_control_node.cpp:59:9:[m[K [01;31m[Kerror: [m[K‘[01m[KarrivedAtCurrentPoint[m[K’ was not declared in this scope
   59 |         [01;31m[KarrivedAtCurrentPoint[m[K = false;
      |         [01;31m[K^~~~~~~~~~~~~~~~~~~~~[m[K
[01m[K/home/pi/autocab/raspberryPI3/ros2_ws/src/car_control/src/car_control_node.cpp:60:9:[m[K [01;31m[Kerror: [m[K‘[01m[KrequestNumber[m[K’ was not declared in this scope
   60 |         [01;31m[KrequestNumber[m[K = 0;
      |         [01;31m[K^~~~~~~~~~~~~[m[K
[01m[K/home/pi/autocab/raspberryPI3/ros2_ws/src/car_control/src/car_control_node.cpp:62:10:[m[K [01;31m[Kerror: [m[K‘[01m[Kcoordinates[m[K’ was not declared in this scope
   62 |         ([01;31m[Kcoordinates[m[K['A'])[0] = 43.570593;
      |          [01;31m[K^~~~~~~~~~~[m[K
[01m[K/home/pi/autocab/raspberryPI3/ros2_ws/src/car_control/src/car_control_node.cpp:86:9:[m[K [01;31m[Kerror: [m[K‘[01m[Kgraph[m[K’ was not declared in this scope; did you mean ‘[01m[KGraph[m[K’?
   86 |         [01;31m[Kgraph[m[K.createGraph(coordinates);
      |         [01;31m[K^~~~~[m[K
      |         [32m[KGraph[m[K
[01m[K/home/pi/autocab/raspberryPI3/ros2_ws/src/car_control/src/car_control_node.cpp:89:9:[m[K [01;31m[Kerror: [m[K‘[01m[KpathToDeparturePoint[m[K’ was not declared in this scope
   89 |         [01;31m[KpathToDeparturePoint[m[K = graph.shortest_path(currentPoint, departurePoint);
      |         [01;31m[K^~~~~~~~~~~~~~~~~~~~[m[K
[01m[K/home/pi/autocab/raspberryPI3/ros2_ws/src/car_control/src/car_control_node.cpp:93:9:[m[K [01;31m[Kerror: [m[K‘[01m[KpathToFinalPoint[m[K’ was not declared in this scope
   93 |         [01;31m[KpathToFinalPoint[m[K = graph.shortest_path(departurePoint, finalPoint);
      |         [01;31m[K^~~~~~~~~~~~~~~~[m[K
[01m[K/home/pi/autocab/raspberryPI3/ros2_ws/src/car_control/src/car_control_node.cpp:99:9:[m[K [01;31m[Kerror: [m[K‘[01m[Kpublisher_can_[m[K’ was not declared in this scope
   99 |         [01;31m[Kpublisher_can_[m[K= this->create_publisher<interfaces::msg::MotorsOrder>("motors_order", 10);
      |         [01;31m[K^~~~~~~~~~~~~~[m[K
[01m[K/home/pi/autocab/raspberryPI3/ros2_ws/src/car_control/src/car_control_node.cpp:101:9:[m[K [01;31m[Kerror: [m[K‘[01m[Kpublisher_steeringCalibration_[m[K’ was not declared in this scope
  101 |         [01;31m[Kpublisher_steeringCalibration_[m[K = this->create_publisher<interfaces::msg::SteeringCalibration>("steering_calibration", 10);
      |         [01;31m[K^~~~~~~~~~~~~~~~~~~~~~~~~~~~~~[m[K
[01m[K/home/pi/autocab/raspberryPI3/ros2_ws/src/car_control/src/car_control_node.cpp:105:9:[m[K [01;31m[Kerror: [m[K‘[01m[Ksubscription_joystick_order_[m[K’ was not declared in this scope
  105 |         [01;31m[Ksubscription_joystick_order_[m[K = this->create_subscription<interfaces::msg::JoystickOrder>(
      |         [01;31m[K^~~~~~~~~~~~~~~~~~~~~~~~~~~~[m[K
[01m[K/home/pi/autocab/raspberryPI3/ros2_ws/src/car_control/src/car_control_node.cpp:108:9:[m[K [01;31m[Kerror: [m[K‘[01m[Ksubscription_motors_feedback_[m[K’ was not declared in this scope
  108 |         [01;31m[Ksubscription_motors_feedback_[m[K = this->create_subscription<interfaces::msg::MotorsFeedback>(
      |         [01;31m[K^~~~~~~~~~~~~~~~~~~~~~~~~~~~~[m[K
[01m[K/home/pi/autocab/raspberryPI3/ros2_ws/src/car_control/src/car_control_node.cpp:111:9:[m[K [01;31m[Kerror: [m[K‘[01m[Ksubscription_steering_calibration_[m[K’ was not declared in this scope
  111 |         [01;31m[Ksubscription_steering_calibration_[m[K = this->create_subscription<interfaces::msg::SteeringCalibration>(
      |         [01;31m[K^~~~~~~~~~~~~~~~~~~~~~~~~~~~~~~~~~[m[K
[01m[K/home/pi/autocab/raspberryPI3/ros2_ws/src/car_control/src/car_control_node.cpp:112:61:[m[K [01;31m[Kerror: [m[K‘[01m[KsteeringCalibrationCallback[m[K’ is not a member of ‘[01m[Kcar_control[m[K’
  112 |         "steering_calibration", 10, std::bind(&car_control::[01;31m[KsteeringCalibrationCallback[m[K, this, _1));
      |                                                             [01;31m[K^~~~~~~~~~~~~~~~~~~~~~~~~~~[m[K
[01m[K/home/pi/autocab/raspberryPI3/ros2_ws/src/car_control/src/car_control_node.cpp:114:9:[m[K [01;31m[Kerror: [m[K‘[01m[Ksubscription_gnss_data_[m[K’ was not declared in this scope
  114 |         [01;31m[Ksubscription_gnss_data_[m[K = this->create_subscription<interfaces::msg::Gnss>(
      |         [01;31m[K^~~~~~~~~~~~~~~~~~~~~~~[m[K
[01m[K/home/pi/autocab/raspberryPI3/ros2_ws/src/car_control/src/car_control_node.cpp:115:50:[m[K [01;31m[Kerror: [m[K‘[01m[KgnssDataCallback[m[K’ is not a member of ‘[01m[Kcar_control[m[K’
  115 |         "gnss_data", 10, std::bind(&car_control::[01;31m[KgnssDataCallback[m[K, this, _1));
      |                                                  [01;31m[K^~~~~~~~~~~~~~~~[m[K
[01m[K/home/pi/autocab/raspberryPI3/ros2_ws/src/car_control/src/car_control_node.cpp:117:9:[m[K [01;31m[Kerror: [m[K‘[01m[Ksubscription_serveur_data_[m[K’ was not declared in this scope
  117 |         [01;31m[Ksubscription_serveur_data_[m[K = this->create_subscription<interfaces::msg::Serveur>(
      |         [01;31m[K^~~~~~~~~~~~~~~~~~~~~~~~~~[m[K
[01m[K/home/pi/autocab/raspberryPI3/ros2_ws/src/car_control/src/car_control_node.cpp:118:53:[m[K [01;31m[Kerror: [m[K‘[01m[KserveurDataCallback[m[K’ is not a member of ‘[01m[Kcar_control[m[K’
  118 |         "serveur_data", 10, std::bind(&car_control::[01;31m[KserveurDataCallback[m[K, this, _1));
      |                                                     [01;31m[K^~~~~~~~~~~~~~~~~~~[m[K
[01m[K/home/pi/autocab/raspberryPI3/ros2_ws/src/car_control/src/car_control_node.cpp:120:9:[m[K [01;31m[Kerror: [m[K‘[01m[Ksubscription_us_data[m[K’ was not declared in this scope
  120 |         [01;31m[Ksubscription_us_data[m[K = this->create_subscription<interfaces::msg::Ultrasonic>(
      |         [01;31m[K^~~~~~~~~~~~~~~~~~~~[m[K
[01m[K/home/pi/autocab/raspberryPI3/ros2_ws/src/car_control/src/car_control_node.cpp:125:9:[m[K [01;31m[Kerror: [m[K‘[01m[Kserver_calibration_[m[K’ was not declared in this scope
  125 |         [01;31m[Kserver_calibration_[m[K = this->create_service<std_srvs::srv::Empty>(
      |         [01;31m[K^~~~~~~~~~~~~~~~~~~[m[K
[01m[K/home/pi/autocab/raspberryPI3/ros2_ws/src/car_control/src/car_control_node.cpp:126:77:[m[K [01;31m[Kerror: [m[K‘[01m[KsteeringCalibration[m[K’ is not a member of ‘[01m[Kcar_control[m[K’
  126 |                             "steering_calibration", std::bind(&car_control::[01;31m[KsteeringCalibration[m[K, this, std::placeholders::_1, std::placeholders::_2));
      |                                                                             [01;31m[K^~~~~~~~~~~~~~~~~~~[m[K
[01m[K/home/pi/autocab/raspberryPI3/ros2_ws/src/car_control/src/car_control_node.cpp:128:9:[m[K [01;31m[Kerror: [m[K‘[01m[Ktimer_[m[K’ was not declared in this scope; did you mean ‘[01m[Ktimer_t[m[K’?
  128 |         [01;31m[Ktimer_[m[K = this->create_wall_timer(PERIOD_UPDATE_CMD, std::bind(&car_control::updateCmd, this));
      |         [01;31m[K^~~~~~[m[K
      |         [32m[Ktimer_t[m[K
[01m[K/home/pi/autocab/raspberryPI3/ros2_ws/src/car_control/src/car_control_node.cpp:[m[K In member function ‘[01m[Kvoid car_control::usDataCallback(const Ultrasonic&)[m[K’:
[01m[K/home/pi/autocab/raspberryPI3/ros2_ws/src/car_control/src/car_control_node.cpp:140:9:[m[K [01;31m[Kerror: [m[K‘[01m[Kfront_left[m[K’ was not declared in this scope
  140 |         [01;31m[Kfront_left[m[K = usData.front_left;
      |         [01;31m[K^~~~~~~~~~[m[K
[01m[K/home/pi/autocab/raspberryPI3/ros2_ws/src/car_control/src/car_control_node.cpp:141:9:[m[K [01;31m[Kerror: [m[K‘[01m[Kfront_center[m[K’ was not declared in this scope
  141 |         [01;31m[Kfront_center[m[K = usData.front_center;
      |         [01;31m[K^~~~~~~~~~~~[m[K
[01m[K/home/pi/autocab/raspberryPI3/ros2_ws/src/car_control/src/car_control_node.cpp:142:9:[m[K [01;31m[Kerror: [m[K‘[01m[Kfront_right[m[K’ was not declared in this scope
  142 |         [01;31m[Kfront_right[m[K = usData.front_right;
      |         [01;31m[K^~~~~~~~~~~[m[K
[01m[K/home/pi/autocab/raspberryPI3/ros2_ws/src/car_control/src/car_control_node.cpp:144:9:[m[K [01;31m[Kerror: [m[K‘[01m[Krear_left[m[K’ was not declared in this scope
  144 |         [01;31m[Krear_left[m[K = usData.rear_left;
      |         [01;31m[K^~~~~~~~~[m[K
[01m[K/home/pi/autocab/raspberryPI3/ros2_ws/src/car_control/src/car_control_node.cpp:145:9:[m[K [01;31m[Kerror: [m[K‘[01m[Krear_center[m[K’ was not declared in this scope
  145 |         [01;31m[Krear_center[m[K = usData.rear_center;
      |         [01;31m[K^~~~~~~~~~~[m[K
[01m[K/home/pi/autocab/raspberryPI3/ros2_ws/src/car_control/src/car_control_node.cpp:146:9:[m[K [01;31m[Kerror: [m[K‘[01m[Krear_right[m[K’ was not declared in this scope
  146 |         [01;31m[Krear_right[m[K = usData.rear_right;
      |         [01;31m[K^~~~~~~~~~[m[K
[01m[K/home/pi/autocab/raspberryPI3/ros2_ws/src/car_control/src/car_control_node.cpp:[m[K In member function ‘[01m[Kvoid car_control::joystickOrderCallback(const JoystickOrder&)[m[K’:
[01m[K/home/pi/autocab/raspberryPI3/ros2_ws/src/car_control/src/car_control_node.cpp:159:31:[m[K [01;31m[Kerror: [m[K‘[01m[Kstart[m[K’ was not declared in this scope
  159 |         if (joyOrder.start != [01;31m[Kstart[m[K){
      |                               [01;31m[K^~~~~[m[K
[01m[K/home/pi/autocab/raspberryPI3/ros2_ws/src/car_control/src/car_control_node.cpp:169:30:[m[K [01;31m[Kerror: [m[K‘[01m[Kmode[m[K’ was not declared in this scope; did you mean ‘[01m[KNode[m[K’?
  169 |         if (joyOrder.mode != [01;31m[Kmode[m[K && joyOrder.mode != -1){ //if mode change
      |                              [01;31m[K^~~~[m[K
      |                              [32m[KNode[m[K
[01m[K/home/pi/autocab/raspberryPI3/ros2_ws/src/car_control/src/car_control_node.cpp:182:17:[m[K [01;31m[Kerror: [m[K‘[01m[KstartSteeringCalibration[m[K’ was not declared in this scope
  182 |                 [01;31m[KstartSteeringCalibration[m[K();
      |                 [01;31m[K^~~~~~~~~~~~~~~~~~~~~~~~[m[K
[01m[K/home/pi/autocab/raspberryPI3/ros2_ws/src/car_control/src/car_control_node.cpp:186:13:[m[K [01;31m[Kerror: [m[K‘[01m[Kmode[m[K’ was not declared in this scope; did you mean ‘[01m[KNode[m[K’?
  186 |         if ([01;31m[Kmode[m[K == 0 && start){  //if manual mode -> update requestedThrottle, requestedSteerAngle and reverse from joystick order
      |             [01;31m[K^~~~[m[K
      |             [32m[KNode[m[K
[01m[K/home/pi/autocab/raspberryPI3/ros2_ws/src/car_control/src/car_control_node.cpp:186:26:[m[K [01;31m[Kerror: [m[K‘[01m[Kstart[m[K’ was not declared in this scope
  186 |         if (mode == 0 && [01;31m[Kstart[m[K){  //if manual mode -> update requestedThrottle, requestedSteerAngle and reverse from joystick order
      |                          [01;31m[K^~~~~[m[K
[01m[K/home/pi/autocab/raspberryPI3/ros2_ws/src/car_control/src/car_control_node.cpp:187:13:[m[K [01;31m[Kerror: [m[K‘[01m[KrequestedThrottle[m[K’ was not declared in this scope
  187 |             [01;31m[KrequestedThrottle[m[K = joyOrder.throttle;
      |             [01;31m[K^~~~~~~~~~~~~~~~~[m[K
[01m[K/home/pi/autocab/raspberryPI3/ros2_ws/src/car_control/src/car_control_node.cpp:188:13:[m[K [01;31m[Kerror: [m[K‘[01m[KrequestedSteerAngle[m[K’ was not declared in this scope
  188 |             [01;31m[KrequestedSteerAngle[m[K = joyOrder.steer;
      |             [01;31m[K^~~~~~~~~~~~~~~~~~~[m[K
[01m[K/home/pi/autocab/raspberryPI3/ros2_ws/src/car_control/src/car_control_node.cpp:189:32:[m[K [01;31m[Kerror: [m[Koverloaded function with no contextual type information
  189 |             reverse = joyOrder.[01;31m[Kreverse[m[K;
      |                                [01;31m[K^~~~~~~[m[K
[01m[K/home/pi/autocab/raspberryPI3/ros2_ws/src/car_control/src/car_control_node.cpp:[m[K In member function ‘[01m[Kvoid car_control::motorsFeedbackCallback(const MotorsFeedback&)[m[K’:
[01m[K/home/pi/autocab/raspberryPI3/ros2_ws/src/car_control/src/car_control_node.cpp:199:9:[m[K [01;31m[Kerror: [m[K‘[01m[KcurrentAngle[m[K’ was not declared in this scope
  199 |         [01;31m[KcurrentAngle[m[K = motorsFeedback.steering_angle;
      |         [01;31m[K^~~~~~~~~~~~[m[K
[01m[K/home/pi/autocab/raspberryPI3/ros2_ws/src/car_control/src/car_control_node.cpp:200:9:[m[K [01;31m[Kerror: [m[K‘[01m[KleftRearRPM[m[K’ was not declared in this scope
  200 |         [01;31m[KleftRearRPM[m[K = motorsFeedback.left_rear_speed;
      |         [01;31m[K^~~~~~~~~~~[m[K
[01m[K/home/pi/autocab/raspberryPI3/ros2_ws/src/car_control/src/car_control_node.cpp:201:9:[m[K [01;31m[Kerror: [m[K‘[01m[KrightRearRPM[m[K’ was not declared in this scope
  201 |         [01;31m[KrightRearRPM[m[K = motorsFeedback.right_rear_speed;
      |         [01;31m[K^~~~~~~~~~~~[m[K
[01m[K/home/pi/autocab/raspberryPI3/ros2_ws/src/car_control/src/car_control_node.cpp:[m[K In member function ‘[01m[Kvoid car_control::updateCmd()[m[K’:
[01m[K/home/pi/autocab/raspberryPI3/ros2_ws/src/car_control/src/car_control_node.cpp:217:14:[m[K [01;31m[Kerror: [m[K‘[01m[Kstart[m[K’ was not declared in this scope
  217 |         if (![01;31m[Kstart[m[K)
      |              [01;31m[K^~~~~[m[K
[01m[K/home/pi/autocab/raspberryPI3/ros2_ws/src/car_control/src/car_control_node.cpp:219:13:[m[K [01;31m[Kerror: [m[K‘[01m[KleftRearPwmCmd[m[K’ was not declared in this scope
  219 |             [01;31m[KleftRearPwmCmd[m[K = STOP;
      |             [01;31m[K^~~~~~~~~~~~~~[m[K
[01m[K/home/pi/autocab/raspberryPI3/ros2_ws/src/car_control/src/car_control_node.cpp:220:13:[m[K [01;31m[Kerror: [m[K‘[01m[KrightRearPwmCmd[m[K’ was not declared in this scope
  220 |             [01;31m[KrightRearPwmCmd[m[K = STOP;
      |             [01;31m[K^~~~~~~~~~~~~~~[m[K
[01m[K/home/pi/autocab/raspberryPI3/ros2_ws/src/car_control/src/car_control_node.cpp:221:13:[m[K [01;31m[Kerror: [m[K‘[01m[KsteeringPwmCmd[m[K’ was not declared in this scope; did you mean ‘[01m[KsteeringCmd[m[K’?
  221 |             [01;31m[KsteeringPwmCmd[m[K = STOP;
      |             [01;31m[K^~~~~~~~~~~~~~[m[K
      |             [32m[KsteeringCmd[m[K
[01m[K/home/pi/autocab/raspberryPI3/ros2_ws/src/car_control/src/car_control_node.cpp:227:17:[m[K [01;31m[Kerror: [m[K‘[01m[Kmode[m[K’ was not declared in this scope; did you mean ‘[01m[KNode[m[K’?
  227 |             if ([01;31m[Kmode[m[K==0)
      |                 [01;31m[K^~~~[m[K
      |                 [32m[KNode[m[K
[01m[K/home/pi/autocab/raspberryPI3/ros2_ws/src/car_control/src/car_control_node.cpp:233:22:[m[K [01;31m[Kerror: [m[K‘[01m[KarrivedAtCurrentPoint[m[K’ was not declared in this scope
  233 |                 if (![01;31m[KarrivedAtCurrentPoint[m[K){
      |                      [01;31m[K^~~~~~~~~~~~~~~~~~~~~[m[K
[01m[K/home/pi/autocab/raspberryPI3/ros2_ws/src/car_control/src/car_control_node.cpp:235:58:[m[K [01;31m[Kerror: [m[K‘[01m[KcurrentLatitude[m[K’ was not declared in this scope
  235 |                     arrivedAtCurrentPoint = straightLine([01;31m[KcurrentLatitude[m[K, currentLongitude, (coordinates[currentPoint])[0], (coordinates[currentPoint])[1], currentDirection, requestedThrottle, reverse, requestedSteerAngle, this->get_logger());
      |                                                          [01;31m[K^~~~~~~~~~~~~~~[m[K
[01m[K/home/pi/autocab/raspberryPI3/ros2_ws/src/car_control/src/car_control_node.cpp:235:75:[m[K [01;31m[Kerror: [m[K‘[01m[KcurrentLongitude[m[K’ was not declared in this scope
  235 |                     arrivedAtCurrentPoint = straightLine(currentLatitude, [01;31m[KcurrentLongitude[m[K, (coordinates[currentPoint])[0], (coordinates[currentPoint])[1], currentDirection, requestedThrottle, reverse, requestedSteerAngle, this->get_logger());
      |                                                                           [01;31m[K^~~~~~~~~~~~~~~~[m[K
[01m[K/home/pi/autocab/raspberryPI3/ros2_ws/src/car_control/src/car_control_node.cpp:235:94:[m[K [01;31m[Kerror: [m[K‘[01m[Kcoordinates[m[K’ was not declared in this scope
  235 |                     arrivedAtCurrentPoint = straightLine(currentLatitude, currentLongitude, ([01;31m[Kcoordinates[m[K[currentPoint])[0], (coordinates[currentPoint])[1], currentDirection, requestedThrottle, reverse, requestedSteerAngle, this->get_logger());
      |                                                                                              [01;31m[K^~~~~~~~~~~[m[K
[01m[K/home/pi/autocab/raspberryPI3/ros2_ws/src/car_control/src/car_control_node.cpp:235:106:[m[K [01;31m[Kerror: [m[K‘[01m[KcurrentPoint[m[K’ was not declared in this scope
  235 |                     arrivedAtCurrentPoint = straightLine(currentLatitude, currentLongitude, (coordinates[[01;31m[KcurrentPoint[m[K])[0], (coordinates[currentPoint])[1], currentDirection, requestedThrottle, reverse, requestedSteerAngle, this->get_logger());
      |                                                                                                          [01;31m[K^~~~~~~~~~~~[m[K
[01m[K/home/pi/autocab/raspberryPI3/ros2_ws/src/car_control/src/car_control_node.cpp:235:157:[m[K [01;31m[Kerror: [m[K‘[01m[KcurrentDirection[m[K’ was not declared in this scope
  235 |                 arrivedAtCurrentPoint = straightLine(currentLatitude, currentLongitude, (coordinates[currentPoint])[0], (coordinates[currentPoint])[1], [01;31m[KcurrentDirection[m[K, requestedThrottle, reverse, requestedSteerAngle, this->get_logger());
      |                                                                                                                                                         [01;31m[K^~~~~~~~~~~~~~~~[m[K

[01m[K/home/pi/autocab/raspberryPI3/ros2_ws/src/car_control/src/car_control_node.cpp:235:175:[m[K [01;31m[Kerror: [m[K‘[01m[KrequestedThrottle[m[K’ was not declared in this scope
  235 | rivedAtCurrentPoint = straightLine(currentLatitude, currentLongitude, (coordinates[currentPoint])[0], (coordinates[currentPoint])[1], currentDirection, [01;31m[KrequestedThrottle[m[K, reverse, requestedSteerAngle, this->get_logger());
      |                                                                                                                                                         [01;31m[K^~~~~~~~~~~~~~~~~[m[K

[01m[K/home/pi/autocab/raspberryPI3/ros2_ws/src/car_control/src/car_control_node.cpp:235:203:[m[K [01;31m[Kerror: [m[K‘[01m[KrequestedSteerAngle[m[K’ was not declared in this scope
  235 | htLine(currentLatitude, currentLongitude, (coordinates[currentPoint])[0], (coordinates[currentPoint])[1], currentDirection, requestedThrottle, reverse, [01;31m[KrequestedSteerAngle[m[K, this->get_logger());
      |                                                                                                                                                         [01;31m[K^~~~~~~~~~~~~~~~~~~[m[K

[01m[K/home/pi/autocab/raspberryPI3/ros2_ws/src/car_control/src/car_control_node.cpp:243:26:[m[K [01;31m[Kerror: [m[K‘[01m[KdeparturePointReached[m[K’ was not declared in this scope
  243 |                     if (![01;31m[KdeparturePointReached[m[K){
      |                          [01;31m[K^~~~~~~~~~~~~~~~~~~~~[m[K
In file included from [01m[K/opt/ros/humble/include/rclcpp/rclcpp/logging.hpp:24[m[K,
                 from [01m[K/opt/ros/humble/include/rclcpp/rclcpp/client.hpp:40[m[K,
                 from [01m[K/opt/ros/humble/include/rclcpp/rclcpp/callback_group.hpp:23[m[K,
                 from [01m[K/opt/ros/humble/include/rclcpp/rclcpp/any_executable.hpp:20[m[K,
                 from [01m[K/opt/ros/humble/include/rclcpp/rclcpp/memory_strategy.hpp:25[m[K,
                 from [01m[K/opt/ros/humble/include/rclcpp/rclcpp/memory_strategies.hpp:18[m[K,
                 from [01m[K/opt/ros/humble/include/rclcpp/rclcpp/executor_options.hpp:20[m[K,
                 from [01m[K/opt/ros/humble/include/rclcpp/rclcpp/executor.hpp:37[m[K,
                 from [01m[K/opt/ros/humble/include/rclcpp/rclcpp/executors/multi_threaded_executor.hpp:25[m[K,
                 from [01m[K/opt/ros/humble/include/rclcpp/rclcpp/executors.hpp:21[m[K,
                 from [01m[K/opt/ros/humble/include/rclcpp/rclcpp/rclcpp.hpp:155[m[K,
                 from [01m[K/home/pi/autocab/raspberryPI3/ros2_ws/src/car_control/src/car_control_node.cpp:1[m[K:
[01m[K/home/pi/autocab/raspberryPI3/ros2_ws/src/car_control/src/car_control_node.cpp:244:101:[m[K [01;31m[Kerror: [m[K‘[01m[KpathToDeparturePoint[m[K’ was not declared in this scope
  244 |                         RCLCPP_INFO(this->get_logger(), "En déplaçement vers le departurepoint %c", [01;31m[KpathToDeparturePoint[m[K[pathToDeparturePoint.size()-1]);
      |                                                                                                     [01;31m[K^~~~~~~~~~~~~~~~~~~~[m[K
[01m[K/home/pi/autocab/raspberryPI3/ros2_ws/src/car_control/src/car_control_node.cpp:245:48:[m[K [01;31m[Kerror: [m[K‘[01m[KcurrentLatitude[m[K’ was not declared in this scope
  245 |                         arrived = straightLine([01;31m[KcurrentLatitude[m[K, currentLongitude, (coordinates[pathToDeparturePoint[pathToDeparturePoint.size()-1]])[0], (coordinates[pathToDeparturePoint[pathToDeparturePoint.size()-1]])[1], currentDirection, requestedThrottle, reverse, requestedSteerAngle, this->get_logger());
      |                                                [01;31m[K^~~~~~~~~~~~~~~[m[K
[01m[K/home/pi/autocab/raspberryPI3/ros2_ws/src/car_control/src/car_control_node.cpp:245:65:[m[K [01;31m[Kerror: [m[K‘[01m[KcurrentLongitude[m[K’ was not declared in this scope
  245 |                         arrived = straightLine(currentLatitude, [01;31m[KcurrentLongitude[m[K, (coordinates[pathToDeparturePoint[pathToDeparturePoint.size()-1]])[0], (coordinates[pathToDeparturePoint[pathToDeparturePoint.size()-1]])[1], currentDirection, requestedThrottle, reverse, requestedSteerAngle, this->get_logger());
      |                                                                 [01;31m[K^~~~~~~~~~~~~~~~[m[K
[01m[K/home/pi/autocab/raspberryPI3/ros2_ws/src/car_control/src/car_control_node.cpp:245:84:[m[K [01;31m[Kerror: [m[K‘[01m[Kcoordinates[m[K’ was not declared in this scope
  245 |                         arrived = straightLine(currentLatitude, currentLongitude, ([01;31m[Kcoordinates[m[K[pathToDeparturePoint[pathToDeparturePoint.size()-1]])[0], (coordinates[pathToDeparturePoint[pathToDeparturePoint.size()-1]])[1], currentDirection, requestedThrottle, reverse, requestedSteerAngle, this->get_logger());
      |                                                                                    [01;31m[K^~~~~~~~~~~[m[K
[01m[K/home/pi/autocab/raspberryPI3/ros2_ws/src/car_control/src/car_control_node.cpp:245:96:[m[K [01;31m[Kerror: [m[K‘[01m[KpathToDeparturePoint[m[K’ was not declared in this scope
  245 |                         arrived = straightLine(currentLatitude, currentLongitude, (coordinates[[01;31m[KpathToDeparturePoint[m[K[pathToDeparturePoint.size()-1]])[0], (coordinates[pathToDeparturePoint[pathToDeparturePoint.size()-1]])[1], currentDirection, requestedThrottle, reverse, requestedSteerAngle, this->get_logger());
      |                                                                                                [01;31m[K^~~~~~~~~~~~~~~~~~~~[m[K
[01m[K/home/pi/autocab/raspberryPI3/ros2_ws/src/car_control/src/car_control_node.cpp:245:225:[m[K [01;31m[Kerror: [m[K‘[01m[KcurrentDirection[m[K’ was not declared in this scope
  245 | ongitude, (coordinates[pathToDeparturePoint[pathToDeparturePoint.size()-1]])[0], (coordinates[pathToDeparturePoint[pathToDeparturePoint.size()-1]])[1], [01;31m[KcurrentDirection[m[K, requestedThrottle, reverse, requestedSteerAngle, this->get_logger());
      |                                                                                                                                                         [01;31m[K^~~~~~~~~~~~~~~~[m[K

[01m[K/home/pi/autocab/raspberryPI3/ros2_ws/src/car_control/src/car_control_node.cpp:245:243:[m[K [01;31m[Kerror: [m[K‘[01m[KrequestedThrottle[m[K’ was not declared in this scope
  245 | ates[pathToDeparturePoint[pathToDeparturePoint.size()-1]])[0], (coordinates[pathToDeparturePoint[pathToDeparturePoint.size()-1]])[1], currentDirection, [01;31m[KrequestedThrottle[m[K, reverse, requestedSteerAngle, this->get_logger());
      |                                                                                                                                                         [01;31m[K^~~~~~~~~~~~~~~~~[m[K

[01m[K/home/pi/autocab/raspberryPI3/ros2_ws/src/car_control/src/car_control_node.cpp:245:271:[m[K [01;31m[Kerror: [m[K‘[01m[KrequestedSteerAngle[m[K’ was not declared in this scope
  245 | thToDeparturePoint.size()-1]])[0], (coordinates[pathToDeparturePoint[pathToDeparturePoint.size()-1]])[1], currentDirection, requestedThrottle, reverse, [01;31m[KrequestedSteerAngle[m[K, this->get_logger());
      |                                                                                                                                                         [01;31m[K^~~~~~~~~~~~~~~~~~~[m[K

[01m[K/home/pi/autocab/raspberryPI3/ros2_ws/src/car_control/src/car_control_node.cpp:257:33:[m[K [01;31m[Kerror: [m[K‘[01m[KfinalPointReached[m[K’ was not declared in this scope
  257 |                     } else if (![01;31m[KfinalPointReached[m[K){
      |                                 [01;31m[K^~~~~~~~~~~~~~~~~[m[K
In file included from [01m[K/opt/ros/humble/include/rclcpp/rclcpp/logging.hpp:24[m[K,
                 from [01m[K/opt/ros/humble/include/rclcpp/rclcpp/client.hpp:40[m[K,
                 from [01m[K/opt/ros/humble/include/rclcpp/rclcpp/callback_group.hpp:23[m[K,
                 from [01m[K/opt/ros/humble/include/rclcpp/rclcpp/any_executable.hpp:20[m[K,
                 from [01m[K/opt/ros/humble/include/rclcpp/rclcpp/memory_strategy.hpp:25[m[K,
                 from [01m[K/opt/ros/humble/include/rclcpp/rclcpp/memory_strategies.hpp:18[m[K,
                 from [01m[K/opt/ros/humble/include/rclcpp/rclcpp/executor_options.hpp:20[m[K,
                 from [01m[K/opt/ros/humble/include/rclcpp/rclcpp/executor.hpp:37[m[K,
                 from [01m[K/opt/ros/humble/include/rclcpp/rclcpp/executors/multi_threaded_executor.hpp:25[m[K,
                 from [01m[K/opt/ros/humble/include/rclcpp/rclcpp/executors.hpp:21[m[K,
                 from [01m[K/opt/ros/humble/include/rclcpp/rclcpp/rclcpp.hpp:155[m[K,
                 from [01m[K/home/pi/autocab/raspberryPI3/ros2_ws/src/car_control/src/car_control_node.cpp:1[m[K:
[01m[K/home/pi/autocab/raspberryPI3/ros2_ws/src/car_control/src/car_control_node.cpp:258:97:[m[K [01;31m[Kerror: [m[K‘[01m[KpathToFinalPoint[m[K’ was not declared in this scope
  258 |                         RCLCPP_INFO(this->get_logger(), "En déplaçement vers le finalpoint %c", [01;31m[KpathToFinalPoint[m[K[pathToFinalPoint.size()-1]);
      |                                                                                                 [01;31m[K^~~~~~~~~~~~~~~~[m[K
[01m[K/home/pi/autocab/raspberryPI3/ros2_ws/src/car_control/src/car_control_node.cpp:259:25:[m[K [01;31m[Kerror: [m[K‘[01m[KRCLCPP_INFO[m[K’ was not declared in this scope
  259 |                         [01;31m[KRCLCPP_INFO[m[K(this->get_logger(), "Size de pathtofinal point %c", pathToFinalPoint.size();
      |                         [01;31m[K^~~~~~~~~~~[m[K
[01m[K/home/pi/autocab/raspberryPI3/ros2_ws/src/car_control/src/car_control_node.cpp:259:36:[m[K [01;31m[Kerror: [m[Kexpected ‘[01m[K}[m[K’ at end of input
  259 |                         RCLCPP_INFO[01;31m[K([m[Kthis->get_logger(), "Size de pathtofinal point %c", pathToFinalPoint.size();
      |                                    [01;31m[K^[m[K
[01m[K/home/pi/autocab/raspberryPI3/ros2_ws/src/car_control/src/car_control_node.cpp:257:51:[m[K [01;36m[Knote: [m[Kto match this ‘[01m[K{[m[K’
  257 |                     } else if (!finalPointReached)[01;36m[K{[m[K
      |                                                   [01;36m[K^[m[K
[01m[K/home/pi/autocab/raspberryPI3/ros2_ws/src/car_control/src/car_control_node.cpp:259:36:[m[K [01;31m[Kerror: [m[Kexpected ‘[01m[K}[m[K’ at end of input
  259 |                         RCLCPP_INFO[01;31m[K([m[Kthis->get_logger(), "Size de pathtofinal point %c", pathToFinalPoint.size();
      |                                    [01;31m[K^[m[K
[01m[K/home/pi/autocab/raspberryPI3/ros2_ws/src/car_control/src/car_control_node.cpp:238:24:[m[K [01;36m[Knote: [m[Kto match this ‘[01m[K{[m[K’
  238 |                 } else [01;36m[K{[m[K
      |                        [01;36m[K^[m[K
[01m[K/home/pi/autocab/raspberryPI3/ros2_ws/src/car_control/src/car_control_node.cpp:259:36:[m[K [01;31m[Kerror: [m[Kexpected ‘[01m[K}[m[K’ at end of input
  259 |                         RCLCPP_INFO[01;31m[K([m[Kthis->get_logger(), "Size de pathtofinal point %c", pathToFinalPoint.size();
      |                                    [01;31m[K^[m[K
[01m[K/home/pi/autocab/raspberryPI3/ros2_ws/src/car_control/src/car_control_node.cpp:231:32:[m[K [01;36m[Knote: [m[Kto match this ‘[01m[K{[m[K’
  231 |             } else if (mode==1)[01;36m[K{[m[K
      |                                [01;36m[K^[m[K
[01m[K/home/pi/autocab/raspberryPI3/ros2_ws/src/car_control/src/car_control_node.cpp:259:36:[m[K [01;31m[Kerror: [m[Kexpected ‘[01m[K}[m[K’ at end of input
  259 |                         RCLCPP_INFO[01;31m[K([m[Kthis->get_logger(), "Size de pathtofinal point %c", pathToFinalPoint.size();
      |                                    [01;31m[K^[m[K
[01m[K/home/pi/autocab/raspberryPI3/ros2_ws/src/car_control/src/car_control_node.cpp:224:9:[m[K [01;36m[Knote: [m[Kto match this ‘[01m[K{[m[K’
  224 |         [01;36m[K{[m[K //Car started
      |         [01;36m[K^[m[K
[01m[K/home/pi/autocab/raspberryPI3/ros2_ws/src/car_control/src/car_control_node.cpp:259:36:[m[K [01;31m[Kerror: [m[Kexpected ‘[01m[K}[m[K’ at end of input
  259 |                         RCLCPP_INFO[01;31m[K([m[Kthis->get_logger(), "Size de pathtofinal point %c", pathToFinalPoint.size();
      |                                    [01;31m[K^[m[K
[01m[K/home/pi/autocab/raspberryPI3/ros2_ws/src/car_control/src/car_control_node.cpp:213:21:[m[K [01;36m[Knote: [m[Kto match this ‘[01m[K{[m[K’
  213 |     void updateCmd()[01;36m[K{[m[K
      |                     [01;36m[K^[m[K
[01m[K/home/pi/autocab/raspberryPI3/ros2_ws/src/car_control/src/car_control_node.cpp:[m[K At global scope:
[01m[K/home/pi/autocab/raspberryPI3/ros2_ws/src/car_control/src/car_control_node.cpp:259:36:[m[K [01;31m[Kerror: [m[Kexpected unqualified-id at end of input
  259 |                         RCLCPP_INFO[01;31m[K([m[Kthis->get_logger(), "Size de pathtofinal point %c", pathToFinalPoint.size();
      |                                    [01;31m[K^[m[K
gmake[2]: *** [CMakeFiles/car_control_node.dir/build.make:76: CMakeFiles/car_control_node.dir/src/car_control_node.cpp.o] Error 1
gmake[1]: *** [CMakeFiles/Makefile2:137: CMakeFiles/car_control_node.dir/all] Error 2
gmake: *** [Makefile:146: all] Error 2
