[0.247s] Invoking command in '/home/achraf/autocab/raspberryPI3/ros2_ws/build/car_control': AMENT_PREFIX_PATH=/home/achraf/autocab/raspberryPI3/ros2_ws/install/interfaces:${AMENT_PREFIX_PATH} CMAKE_PREFIX_PATH=/home/achraf/autocab/raspberryPI3/ros2_ws/install/interfaces:/opt/ros/humble LD_LIBRARY_PATH=/home/achraf/autocab/raspberryPI3/ros2_ws/install/interfaces/lib:${LD_LIBRARY_PATH} PYTHONPATH=/home/achraf/autocab/raspberryPI3/ros2_ws/install/interfaces/local/lib/python3.10/dist-packages:${PYTHONPATH} /usr/bin/cmake --build /home/achraf/autocab/raspberryPI3/ros2_ws/build/car_control -- -j8 -l8
[0.307s] [35m[1mConsolidate compiler generated dependencies of target car_control_node[0m
[0.348s] [100%] Built target car_control_node
[0.363s] Invoked command in '/home/achraf/autocab/raspberryPI3/ros2_ws/build/car_control' returned '0': AMENT_PREFIX_PATH=/home/achraf/autocab/raspberryPI3/ros2_ws/install/interfaces:${AMENT_PREFIX_PATH} CMAKE_PREFIX_PATH=/home/achraf/autocab/raspberryPI3/ros2_ws/install/interfaces:/opt/ros/humble LD_LIBRARY_PATH=/home/achraf/autocab/raspberryPI3/ros2_ws/install/interfaces/lib:${LD_LIBRARY_PATH} PYTHONPATH=/home/achraf/autocab/raspberryPI3/ros2_ws/install/interfaces/local/lib/python3.10/dist-packages:${PYTHONPATH} /usr/bin/cmake --build /home/achraf/autocab/raspberryPI3/ros2_ws/build/car_control -- -j8 -l8
[0.407s] Invoking command in '/home/achraf/autocab/raspberryPI3/ros2_ws/build/car_control': AMENT_PREFIX_PATH=/home/achraf/autocab/raspberryPI3/ros2_ws/install/interfaces:${AMENT_PREFIX_PATH} CMAKE_PREFIX_PATH=/home/achraf/autocab/raspberryPI3/ros2_ws/install/interfaces:/opt/ros/humble LD_LIBRARY_PATH=/home/achraf/autocab/raspberryPI3/ros2_ws/install/interfaces/lib:${LD_LIBRARY_PATH} PYTHONPATH=/home/achraf/autocab/raspberryPI3/ros2_ws/install/interfaces/local/lib/python3.10/dist-packages:${PYTHONPATH} /usr/bin/cmake --install /home/achraf/autocab/raspberryPI3/ros2_ws/build/car_control
[0.417s] -- Install configuration: ""
[0.417s] -- Up-to-date: /home/achraf/autocab/raspberryPI3/ros2_ws/install/car_control/lib/car_control/car_control_node
[0.418s] -- Up-to-date: /home/achraf/autocab/raspberryPI3/ros2_ws/install/car_control/share/ament_index/resource_index/package_run_dependencies/car_control
[0.418s] -- Up-to-date: /home/achraf/autocab/raspberryPI3/ros2_ws/install/car_control/share/ament_index/resource_index/parent_prefix_path/car_control
[0.418s] -- Up-to-date: /home/achraf/autocab/raspberryPI3/ros2_ws/install/car_control/share/car_control/environment/ament_prefix_path.sh
[0.418s] -- Up-to-date: /home/achraf/autocab/raspberryPI3/ros2_ws/install/car_control/share/car_control/environment/ament_prefix_path.dsv
[0.419s] -- Up-to-date: /home/achraf/autocab/raspberryPI3/ros2_ws/install/car_control/share/car_control/environment/path.sh
[0.419s] -- Up-to-date: /home/achraf/autocab/raspberryPI3/ros2_ws/install/car_control/share/car_control/environment/path.dsv
[0.419s] -- Up-to-date: /home/achraf/autocab/raspberryPI3/ros2_ws/install/car_control/share/car_control/local_setup.bash
[0.419s] -- Up-to-date: /home/achraf/autocab/raspberryPI3/ros2_ws/install/car_control/share/car_control/local_setup.sh
[0.420s] -- Up-to-date: /home/achraf/autocab/raspberryPI3/ros2_ws/install/car_control/share/car_control/local_setup.zsh
[0.420s] -- Up-to-date: /home/achraf/autocab/raspberryPI3/ros2_ws/install/car_control/share/car_control/local_setup.dsv
[0.420s] -- Installing: /home/achraf/autocab/raspberryPI3/ros2_ws/install/car_control/share/car_control/package.dsv
[0.420s] -- Up-to-date: /home/achraf/autocab/raspberryPI3/ros2_ws/install/car_control/share/ament_index/resource_index/packages/car_control
[0.421s] -- Up-to-date: /home/achraf/autocab/raspberryPI3/ros2_ws/install/car_control/share/car_control/cmake/ament_cmake_export_include_directories-extras.cmake
[0.421s] -- Up-to-date: /home/achraf/autocab/raspberryPI3/ros2_ws/install/car_control/share/car_control/cmake/car_controlConfig.cmake
[0.421s] -- Up-to-date: /home/achraf/autocab/raspberryPI3/ros2_ws/install/car_control/share/car_control/cmake/car_controlConfig-version.cmake
[0.421s] -- Up-to-date: /home/achraf/autocab/raspberryPI3/ros2_ws/install/car_control/share/car_control/package.xml
[0.529s] Invoked command in '/home/achraf/autocab/raspberryPI3/ros2_ws/build/car_control' returned '0': AMENT_PREFIX_PATH=/home/achraf/autocab/raspberryPI3/ros2_ws/install/interfaces:${AMENT_PREFIX_PATH} CMAKE_PREFIX_PATH=/home/achraf/autocab/raspberryPI3/ros2_ws/install/interfaces:/opt/ros/humble LD_LIBRARY_PATH=/home/achraf/autocab/raspberryPI3/ros2_ws/install/interfaces/lib:${LD_LIBRARY_PATH} PYTHONPATH=/home/achraf/autocab/raspberryPI3/ros2_ws/install/interfaces/local/lib/python3.10/dist-packages:${PYTHONPATH} /usr/bin/cmake --install /home/achraf/autocab/raspberryPI3/ros2_ws/build/car_control
