[0.076s] Invoking command in '/home/pi/autocab/raspberryPI3/ros2_ws/build/car_control': AMENT_PREFIX_PATH=/home/pi/autocab/raspberryPI3/ros2_ws/install/interfaces:${AMENT_PREFIX_PATH} CMAKE_PREFIX_PATH=/home/pi/autocab/raspberryPI3/ros2_ws/install/interfaces:/home/pi/ros2_ws/install/geicar_start:/home/pi/ros2_ws/install/system_check:/home/pi/ros2_ws/install/simulation:/home/pi/ros2_ws/install/imu_tools:/home/pi/ros2_ws/install/rviz_imu_plugin:/home/pi/ros2_ws/install/joystick:/home/pi/ros2_ws/install/car_control:/home/pi/ros2_ws/install/can:/home/pi/ros2_ws/install/interfaces:/home/pi/ros2_ws/install/imu_filter_madgwick:/home/pi/ros2_ws/install/imu_complementary_filter:/home/pi/ros2_ws/install/carla_msgs:/opt/ros/humble LD_LIBRARY_PATH=/home/pi/autocab/raspberryPI3/ros2_ws/install/interfaces/lib:${LD_LIBRARY_PATH} PYTHONPATH=/home/pi/autocab/raspberryPI3/ros2_ws/install/interfaces/local/lib/python3.10/dist-packages:${PYTHONPATH} /usr/bin/cmake --build /home/pi/autocab/raspberryPI3/ros2_ws/build/car_control -- -j4 -l4
[0.288s] [35m[1mConsolidate compiler generated dependencies of target car_control_node[0m
[0.454s] [ 20%] [32mBuilding CXX object CMakeFiles/car_control_node.dir/src/car_control_node.cpp.o[0m
[12.224s] [01m[K/home/pi/autocab/raspberryPI3/ros2_ws/src/car_control/src/car_control_node.cpp:[m[K In constructor ‘[01m[Kcar_control::car_control()[m[K’:
[12.225s] [01m[K/home/pi/autocab/raspberryPI3/ros2_ws/src/car_control/src/car_control_node.cpp:47:27:[m[K [01;31m[Kerror: [m[Kno matching function for call to ‘[01m[Kstd::map<char, float [2]>::insert(<brace-enclosed initializer list>)[m[K’
[12.225s]    47 |         [01;31m[Kcoordinates.insert({'A', {43.570596, 1.466500}})[m[K;
[12.225s]       |         [01;31m[K~~~~~~~~~~~~~~~~~~^~~~~~~~~~~~~~~~~~~~~~~~~~~~~~[m[K
[12.226s] In file included from [01m[K/usr/include/c++/11/map:61[m[K,
[12.226s]                  from [01m[K/opt/ros/humble/include/rclcpp/rclcpp/executor.hpp:24[m[K,
[12.226s]                  from [01m[K/opt/ros/humble/include/rclcpp/rclcpp/executors/multi_threaded_executor.hpp:25[m[K,
[12.227s]                  from [01m[K/opt/ros/humble/include/rclcpp/rclcpp/executors.hpp:21[m[K,
[12.227s]                  from [01m[K/opt/ros/humble/include/rclcpp/rclcpp/rclcpp.hpp:155[m[K,
[12.227s]                  from [01m[K/home/pi/autocab/raspberryPI3/ros2_ws/src/car_control/src/car_control_node.cpp:1[m[K:
[12.228s] [01m[K/usr/include/c++/11/bits/stl_map.h:816:9:[m[K [01;36m[Knote: [m[Kcandidate: ‘[01m[Ktemplate<class _Pair> std::__enable_if_t<std::is_constructible<std::pair<const _Key, _Tp>, _Pair>::value, std::pair<typename std::_Rb_tree<_Key, std::pair<const _Key, _Tp>, std::_Select1st<std::pair<const _Key, _Tp> >, _Compare, typename __gnu_cxx::__alloc_traits<_Allocator>::rebind<std::pair<const _Key, _Tp> >::other>::iterator, bool> > std::map<_Key, _Tp, _Compare, _Alloc>::insert(_Pair&&) [with _Pair = _Pair; _Key = char; _Tp = float [2]; _Compare = std::less<char>; _Alloc = std::allocator<std::pair<const char, float [2]> >][m[K’
[12.228s]   816 |         [01;36m[Kinsert[m[K(_Pair&& __x)
[12.228s]       |         [01;36m[K^~~~~~[m[K
[12.229s] [01m[K/usr/include/c++/11/bits/stl_map.h:816:9:[m[K [01;36m[Knote: [m[K  template argument deduction/substitution failed:
[12.229s] [01m[K/home/pi/autocab/raspberryPI3/ros2_ws/src/car_control/src/car_control_node.cpp:47:27:[m[K [01;36m[Knote: [m[K  couldn’t deduce template parameter ‘[01m[K_Pair[m[K’
[12.247s]    47 |         [01;36m[Kcoordinates.insert({'A', {43.570596, 1.466500}})[m[K;
[12.252s]       |         [01;36m[K~~~~~~~~~~~~~~~~~~^~~~~~~~~~~~~~~~~~~~~~~~~~~~~~[m[K
[12.252s] In file included from [01m[K/usr/include/c++/11/map:61[m[K,
[12.253s]                  from [01m[K/opt/ros/humble/include/rclcpp/rclcpp/executor.hpp:24[m[K,
[12.253s]                  from [01m[K/opt/ros/humble/include/rclcpp/rclcpp/executors/multi_threaded_executor.hpp:25[m[K,
[12.254s]                  from [01m[K/opt/ros/humble/include/rclcpp/rclcpp/executors.hpp:21[m[K,
[12.254s]                  from [01m[K/opt/ros/humble/include/rclcpp/rclcpp/rclcpp.hpp:155[m[K,
[12.255s]                  from [01m[K/home/pi/autocab/raspberryPI3/ros2_ws/src/car_control/src/car_control_node.cpp:1[m[K:
[12.255s] [01m[K/usr/include/c++/11/bits/stl_map.h:875:9:[m[K [01;36m[Knote: [m[Kcandidate: ‘[01m[Ktemplate<class _Pair> std::__enable_if_t<std::is_constructible<std::pair<const _Key, _Tp>, _Pair>::value, typename std::_Rb_tree<_Key, std::pair<const _Key, _Tp>, std::_Select1st<std::pair<const _Key, _Tp> >, _Compare, typename __gnu_cxx::__alloc_traits<_Allocator>::rebind<std::pair<const _Key, _Tp> >::other>::iterator> std::map<_Key, _Tp, _Compare, _Alloc>::insert(std::map<_Key, _Tp, _Compare, _Alloc>::const_iterator, _Pair&&) [with _Pair = _Pair; _Key = char; _Tp = float [2]; _Compare = std::less<char>; _Alloc = std::allocator<std::pair<const char, float [2]> >][m[K’
[12.256s]   875 |         [01;36m[Kinsert[m[K(const_iterator __position, _Pair&& __x)
[12.256s]       |         [01;36m[K^~~~~~[m[K
[12.256s] [01m[K/usr/include/c++/11/bits/stl_map.h:875:9:[m[K [01;36m[Knote: [m[K  template argument deduction/substitution failed:
[12.257s] [01m[K/home/pi/autocab/raspberryPI3/ros2_ws/src/car_control/src/car_control_node.cpp:47:27:[m[K [01;36m[Knote: [m[K  candidate expects 2 arguments, 1 provided
[12.257s]    47 |         [01;36m[Kcoordinates.insert({'A', {43.570596, 1.466500}})[m[K;
[12.267s]       |         [01;36m[K~~~~~~~~~~~~~~~~~~^~~~~~~~~~~~~~~~~~~~~~~~~~~~~~[m[K
[12.267s] In file included from [01m[K/usr/include/c++/11/map:61[m[K,
[12.268s]                  from [01m[K/opt/ros/humble/include/rclcpp/rclcpp/executor.hpp:24[m[K,
[12.268s]                  from [01m[K/opt/ros/humble/include/rclcpp/rclcpp/executors/multi_threaded_executor.hpp:25[m[K,
[12.269s]                  from [01m[K/opt/ros/humble/include/rclcpp/rclcpp/executors.hpp:21[m[K,
[12.269s]                  from [01m[K/opt/ros/humble/include/rclcpp/rclcpp/rclcpp.hpp:155[m[K,
[12.269s]                  from [01m[K/home/pi/autocab/raspberryPI3/ros2_ws/src/car_control/src/car_control_node.cpp:1[m[K:
[12.270s] [01m[K/usr/include/c++/11/bits/stl_map.h:893:9:[m[K [01;36m[Knote: [m[Kcandidate: ‘[01m[Ktemplate<class _InputIterator> void std::map<_Key, _Tp, _Compare, _Alloc>::insert(_InputIterator, _InputIterator) [with _InputIterator = _InputIterator; _Key = char; _Tp = float [2]; _Compare = std::less<char>; _Alloc = std::allocator<std::pair<const char, float [2]> >][m[K’
[12.270s]   893 |         [01;36m[Kinsert[m[K(_InputIterator __first, _InputIterator __last)
[12.271s]       |         [01;36m[K^~~~~~[m[K
[12.271s] [01m[K/usr/include/c++/11/bits/stl_map.h:893:9:[m[K [01;36m[Knote: [m[K  template argument deduction/substitution failed:
[12.272s] [01m[K/home/pi/autocab/raspberryPI3/ros2_ws/src/car_control/src/car_control_node.cpp:47:27:[m[K [01;36m[Knote: [m[K  candidate expects 2 arguments, 1 provided
[12.272s]    47 |         [01;36m[Kcoordinates.insert({'A', {43.570596, 1.466500}})[m[K;
[12.273s]       |         [01;36m[K~~~~~~~~~~~~~~~~~~^~~~~~~~~~~~~~~~~~~~~~~~~~~~~~[m[K
[12.273s] In file included from [01m[K/usr/include/c++/11/map:61[m[K,
[12.274s]                  from [01m[K/opt/ros/humble/include/rclcpp/rclcpp/executor.hpp:24[m[K,
[12.274s]                  from [01m[K/opt/ros/humble/include/rclcpp/rclcpp/executors/multi_threaded_executor.hpp:25[m[K,
[12.275s]                  from [01m[K/opt/ros/humble/include/rclcpp/rclcpp/executors.hpp:21[m[K,
[12.275s]                  from [01m[K/opt/ros/humble/include/rclcpp/rclcpp/rclcpp.hpp:155[m[K,
[12.276s]                  from [01m[K/home/pi/autocab/raspberryPI3/ros2_ws/src/car_control/src/car_control_node.cpp:1[m[K:
[12.276s] [01m[K/usr/include/c++/11/bits/stl_map.h:629:7:[m[K [01;36m[Knote: [m[Kcandidate: ‘[01m[Kstd::map<_Key, _Tp, _Compare, _Alloc>::insert_return_type std::map<_Key, _Tp, _Compare, _Alloc>::insert(std::map<_Key, _Tp, _Compare, _Alloc>::node_type&&) [with _Key = char; _Tp = float [2]; _Compare = std::less<char>; _Alloc = std::allocator<std::pair<const char, float [2]> >; std::map<_Key, _Tp, _Compare, _Alloc>::insert_return_type = std::_Rb_tree<char, std::pair<const char, float [2]>, std::_Select1st<std::pair<const char, float [2]> >, std::less<char>, std::allocator<std::pair<const char, float [2]> > >::insert_return_type; std::map<_Key, _Tp, _Compare, _Alloc>::node_type = std::_Rb_tree<char, std::pair<const char, float [2]>, std::_Select1st<std::pair<const char, float [2]> >, std::less<char>, std::allocator<std::pair<const char, float [2]> > >::node_type][m[K’
[12.277s]   629 |       [01;36m[Kinsert[m[K(node_type&& __nh)
[12.277s]       |       [01;36m[K^~~~~~[m[K
[12.287s] [01m[K/usr/include/c++/11/bits/stl_map.h:629:26:[m[K [01;36m[Knote: [m[K  no known conversion for argument 1 from ‘[01m[K<brace-enclosed initializer list>[m[K’ to ‘[01m[Kstd::map<char, float [2]>::node_type&&[m[K’ {aka ‘[01m[Kstd::_Rb_tree<char, std::pair<const char, float [2]>, std::_Select1st<std::pair<const char, float [2]> >, std::less<char>, std::allocator<std::pair<const char, float [2]> > >::node_type&&[m[K’}
[12.289s]   629 |       insert([01;36m[Knode_type&& __nh[m[K)
[12.290s]       |              [01;36m[K~~~~~~~~~~~~^~~~[m[K
[12.290s] [01m[K/usr/include/c++/11/bits/stl_map.h:634:7:[m[K [01;36m[Knote: [m[Kcandidate: ‘[01m[Kstd::map<_Key, _Tp, _Compare, _Alloc>::iterator std::map<_Key, _Tp, _Compare, _Alloc>::insert(std::map<_Key, _Tp, _Compare, _Alloc>::const_iterator, std::map<_Key, _Tp, _Compare, _Alloc>::node_type&&) [with _Key = char; _Tp = float [2]; _Compare = std::less<char>; _Alloc = std::allocator<std::pair<const char, float [2]> >; std::map<_Key, _Tp, _Compare, _Alloc>::iterator = std::_Rb_tree<char, std::pair<const char, float [2]>, std::_Select1st<std::pair<const char, float [2]> >, std::less<char>, std::allocator<std::pair<const char, float [2]> > >::iterator; std::map<_Key, _Tp, _Compare, _Alloc>::const_iterator = std::_Rb_tree<char, std::pair<const char, float [2]>, std::_Select1st<std::pair<const char, float [2]> >, std::less<char>, std::allocator<std::pair<const char, float [2]> > >::const_iterator; std::map<_Key, _Tp, _Compare, _Alloc>::node_type = std::_Rb_tree<char, std::pair<const char, float [2]>, std::_Select1st<std::pair<const char, float [2]> >, std::less<char>, std::allocator<std::pair<const char, float [2]> > >::node_type][m[K’
[12.291s]   634 |       [01;36m[Kinsert[m[K(const_iterator __hint, node_type&& __nh)
[12.291s]       |       [01;36m[K^~~~~~[m[K
[12.292s] [01m[K/usr/include/c++/11/bits/stl_map.h:634:7:[m[K [01;36m[Knote: [m[K  candidate expects 2 arguments, 1 provided
[12.292s] [01m[K/usr/include/c++/11/bits/stl_map.h:803:7:[m[K [01;36m[Knote: [m[Kcandidate: ‘[01m[Kstd::pair<typename std::_Rb_tree<_Key, std::pair<const _Key, _Tp>, std::_Select1st<std::pair<const _Key, _Tp> >, _Compare, typename __gnu_cxx::__alloc_traits<_Allocator>::rebind<std::pair<const _Key, _Tp> >::other>::iterator, bool> std::map<_Key, _Tp, _Compare, _Alloc>::insert(const value_type&) [with _Key = char; _Tp = float [2]; _Compare = std::less<char>; _Alloc = std::allocator<std::pair<const char, float [2]> >; typename std::_Rb_tree<_Key, std::pair<const _Key, _Tp>, std::_Select1st<std::pair<const _Key, _Tp> >, _Compare, typename __gnu_cxx::__alloc_traits<_Allocator>::rebind<std::pair<const _Key, _Tp> >::other>::iterator = std::_Rb_tree<char, std::pair<const char, float [2]>, std::_Select1st<std::pair<const char, float [2]> >, std::less<char>, std::allocator<std::pair<const char, float [2]> > >::iterator; typename __gnu_cxx::__alloc_traits<_Allocator>::rebind<std::pair<const _Key, _Tp> >::other = std::allocator<std::pair<const char, float [2]> >; typename __gnu_cxx::__alloc_traits<_Allocator>::rebind<std::pair<const _Key, _Tp> > = __gnu_cxx::__alloc_traits<std::allocator<std::pair<const char, float [2]> >, std::pair<const char, float [2]> >::rebind<std::pair<const char, float [2]> >; typename _Allocator::value_type = std::pair<const char, float [2]>; std::map<_Key, _Tp, _Compare, _Alloc>::value_type = std::pair<const char, float [2]>][m[K’
[12.293s]   803 |       [01;36m[Kinsert[m[K(const value_type& __x)
[12.293s]       |       [01;36m[K^~~~~~[m[K
[12.294s] [01m[K/usr/include/c++/11/bits/stl_map.h:803:32:[m[K [01;36m[Knote: [m[K  no known conversion for argument 1 from ‘[01m[K<brace-enclosed initializer list>[m[K’ to ‘[01m[Kconst value_type&[m[K’ {aka ‘[01m[Kconst std::pair<const char, float [2]>&[m[K’}
[12.294s]   803 |       insert([01;36m[Kconst value_type& __x[m[K)
[12.295s]       |              [01;36m[K~~~~~~~~~~~~~~~~~~^~~[m[K
[12.295s] [01m[K/usr/include/c++/11/bits/stl_map.h:810:7:[m[K [01;36m[Knote: [m[Kcandidate: ‘[01m[Kstd::pair<typename std::_Rb_tree<_Key, std::pair<const _Key, _Tp>, std::_Select1st<std::pair<const _Key, _Tp> >, _Compare, typename __gnu_cxx::__alloc_traits<_Allocator>::rebind<std::pair<const _Key, _Tp> >::other>::iterator, bool> std::map<_Key, _Tp, _Compare, _Alloc>::insert(std::map<_Key, _Tp, _Compare, _Alloc>::value_type&&) [with _Key = char; _Tp = float [2]; _Compare = std::less<char>; _Alloc = std::allocator<std::pair<const char, float [2]> >; typename std::_Rb_tree<_Key, std::pair<const _Key, _Tp>, std::_Select1st<std::pair<const _Key, _Tp> >, _Compare, typename __gnu_cxx::__alloc_traits<_Allocator>::rebind<std::pair<const _Key, _Tp> >::other>::iterator = std::_Rb_tree<char, std::pair<const char, float [2]>, std::_Select1st<std::pair<const char, float [2]> >, std::less<char>, std::allocator<std::pair<const char, float [2]> > >::iterator; typename __gnu_cxx::__alloc_traits<_Allocator>::rebind<std::pair<const _Key, _Tp> >::other = std::allocator<std::pair<const char, float [2]> >; typename __gnu_cxx::__alloc_traits<_Allocator>::rebind<std::pair<const _Key, _Tp> > = __gnu_cxx::__alloc_traits<std::allocator<std::pair<const char, float [2]> >, std::pair<const char, float [2]> >::rebind<std::pair<const char, float [2]> >; typename _Allocator::value_type = std::pair<const char, float [2]>; std::map<_Key, _Tp, _Compare, _Alloc>::value_type = std::pair<const char, float [2]>][m[K’
[12.296s]   810 |       [01;36m[Kinsert[m[K(value_type&& __x)
[12.296s]       |       [01;36m[K^~~~~~[m[K
[12.297s] [01m[K/usr/include/c++/11/bits/stl_map.h:810:27:[m[K [01;36m[Knote: [m[K  no known conversion for argument 1 from ‘[01m[K<brace-enclosed initializer list>[m[K’ to ‘[01m[Kstd::map<char, float [2]>::value_type&&[m[K’ {aka ‘[01m[Kstd::pair<const char, float [2]>&&[m[K’}
[12.297s]   810 |       insert([01;36m[Kvalue_type&& __x[m[K)
[12.308s]       |              [01;36m[K~~~~~~~~~~~~~^~~[m[K
[12.310s] [01m[K/usr/include/c++/11/bits/stl_map.h:830:7:[m[K [01;36m[Knote: [m[Kcandidate: ‘[01m[Kvoid std::map<_Key, _Tp, _Compare, _Alloc>::insert(std::initializer_list<std::pair<const _Key, _Tp> >) [with _Key = char; _Tp = float [2]; _Compare = std::less<char>; _Alloc = std::allocator<std::pair<const char, float [2]> >][m[K’
[12.313s]   830 |       [01;36m[Kinsert[m[K(std::initializer_list<value_type> __list)
[12.315s]       |       [01;36m[K^~~~~~[m[K
[12.318s] [01m[K/usr/include/c++/11/bits/stl_map.h:830:48:[m[K [01;36m[Knote: [m[K  no known conversion for argument 1 from ‘[01m[K<brace-enclosed initializer list>[m[K’ to ‘[01m[Kstd::initializer_list<std::pair<const char, float [2]> >[m[K’
[12.320s]   830 |       insert([01;36m[Kstd::initializer_list<value_type> __list[m[K)
[12.323s]       |              [01;36m[K~~~~~~~~~~~~~~~~~~~~~~~~~~~~~~~~~~^~~~~~[m[K
[12.325s] [01m[K/usr/include/c++/11/bits/stl_map.h:860:7:[m[K [01;36m[Knote: [m[Kcandidate: ‘[01m[Kstd::map<_Key, _Tp, _Compare, _Alloc>::iterator std::map<_Key, _Tp, _Compare, _Alloc>::insert(std::map<_Key, _Tp, _Compare, _Alloc>::const_iterator, const value_type&) [with _Key = char; _Tp = float [2]; _Compare = std::less<char>; _Alloc = std::allocator<std::pair<const char, float [2]> >; std::map<_Key, _Tp, _Compare, _Alloc>::iterator = std::_Rb_tree<char, std::pair<const char, float [2]>, std::_Select1st<std::pair<const char, float [2]> >, std::less<char>, std::allocator<std::pair<const char, float [2]> > >::iterator; std::map<_Key, _Tp, _Compare, _Alloc>::const_iterator = std::_Rb_tree<char, std::pair<const char, float [2]>, std::_Select1st<std::pair<const char, float [2]> >, std::less<char>, std::allocator<std::pair<const char, float [2]> > >::const_iterator; std::map<_Key, _Tp, _Compare, _Alloc>::value_type = std::pair<const char, float [2]>][m[K’
[12.327s]   860 |       [01;36m[Kinsert[m[K(const_iterator __position, const value_type& __x)
[12.330s]       |       [01;36m[K^~~~~~[m[K
[12.332s] [01m[K/usr/include/c++/11/bits/stl_map.h:860:7:[m[K [01;36m[Knote: [m[K  candidate expects 2 arguments, 1 provided
[12.335s] [01m[K/usr/include/c++/11/bits/stl_map.h:870:7:[m[K [01;36m[Knote: [m[Kcandidate: ‘[01m[Kstd::map<_Key, _Tp, _Compare, _Alloc>::iterator std::map<_Key, _Tp, _Compare, _Alloc>::insert(std::map<_Key, _Tp, _Compare, _Alloc>::const_iterator, std::map<_Key, _Tp, _Compare, _Alloc>::value_type&&) [with _Key = char; _Tp = float [2]; _Compare = std::less<char>; _Alloc = std::allocator<std::pair<const char, float [2]> >; std::map<_Key, _Tp, _Compare, _Alloc>::iterator = std::_Rb_tree<char, std::pair<const char, float [2]>, std::_Select1st<std::pair<const char, float [2]> >, std::less<char>, std::allocator<std::pair<const char, float [2]> > >::iterator; std::map<_Key, _Tp, _Compare, _Alloc>::const_iterator = std::_Rb_tree<char, std::pair<const char, float [2]>, std::_Select1st<std::pair<const char, float [2]> >, std::less<char>, std::allocator<std::pair<const char, float [2]> > >::const_iterator; std::map<_Key, _Tp, _Compare, _Alloc>::value_type = std::pair<const char, float [2]>][m[K’
[12.337s]   870 |       [01;36m[Kinsert[m[K(const_iterator __position, value_type&& __x)
[12.340s]       |       [01;36m[K^~~~~~[m[K
[12.342s] [01m[K/usr/include/c++/11/bits/stl_map.h:870:7:[m[K [01;36m[Knote: [m[K  candidate expects 2 arguments, 1 provided
[12.345s] [01m[K/home/pi/autocab/raspberryPI3/ros2_ws/src/car_control/src/car_control_node.cpp:48:27:[m[K [01;31m[Kerror: [m[Kno matching function for call to ‘[01m[Kstd::map<char, float [2]>::insert(<brace-enclosed initializer list>)[m[K’
[12.347s]    48 |         [01;31m[Kcoordinates.insert({'B', {43.570596, 1.466500}})[m[K;
[12.349s]       |         [01;31m[K~~~~~~~~~~~~~~~~~~^~~~~~~~~~~~~~~~~~~~~~~~~~~~~~[m[K
[12.350s] In file included from [01m[K/usr/include/c++/11/map:61[m[K,
[12.351s]                  from [01m[K/opt/ros/humble/include/rclcpp/rclcpp/executor.hpp:24[m[K,
[12.351s]                  from [01m[K/opt/ros/humble/include/rclcpp/rclcpp/executors/multi_threaded_executor.hpp:25[m[K,
[12.352s]                  from [01m[K/opt/ros/humble/include/rclcpp/rclcpp/executors.hpp:21[m[K,
[12.352s]                  from [01m[K/opt/ros/humble/include/rclcpp/rclcpp/rclcpp.hpp:155[m[K,
[12.353s]                  from [01m[K/home/pi/autocab/raspberryPI3/ros2_ws/src/car_control/src/car_control_node.cpp:1[m[K:
[12.353s] [01m[K/usr/include/c++/11/bits/stl_map.h:816:9:[m[K [01;36m[Knote: [m[Kcandidate: ‘[01m[Ktemplate<class _Pair> std::__enable_if_t<std::is_constructible<std::pair<const _Key, _Tp>, _Pair>::value, std::pair<typename std::_Rb_tree<_Key, std::pair<const _Key, _Tp>, std::_Select1st<std::pair<const _Key, _Tp> >, _Compare, typename __gnu_cxx::__alloc_traits<_Allocator>::rebind<std::pair<const _Key, _Tp> >::other>::iterator, bool> > std::map<_Key, _Tp, _Compare, _Alloc>::insert(_Pair&&) [with _Pair = _Pair; _Key = char; _Tp = float [2]; _Compare = std::less<char>; _Alloc = std::allocator<std::pair<const char, float [2]> >][m[K’
[12.354s]   816 |         [01;36m[Kinsert[m[K(_Pair&& __x)
[12.354s]       |         [01;36m[K^~~~~~[m[K
[12.355s] [01m[K/usr/include/c++/11/bits/stl_map.h:816:9:[m[K [01;36m[Knote: [m[K  template argument deduction/substitution failed:
[12.355s] [01m[K/home/pi/autocab/raspberryPI3/ros2_ws/src/car_control/src/car_control_node.cpp:48:27:[m[K [01;36m[Knote: [m[K  couldn’t deduce template parameter ‘[01m[K_Pair[m[K’
[12.356s]    48 |         [01;36m[Kcoordinates.insert({'B', {43.570596, 1.466500}})[m[K;
[12.356s]       |         [01;36m[K~~~~~~~~~~~~~~~~~~^~~~~~~~~~~~~~~~~~~~~~~~~~~~~~[m[K
[12.357s] In file included from [01m[K/usr/include/c++/11/map:61[m[K,
[12.357s]                  from [01m[K/opt/ros/humble/include/rclcpp/rclcpp/executor.hpp:24[m[K,
[12.358s]                  from [01m[K/opt/ros/humble/include/rclcpp/rclcpp/executors/multi_threaded_executor.hpp:25[m[K,
[12.358s]                  from [01m[K/opt/ros/humble/include/rclcpp/rclcpp/executors.hpp:21[m[K,
[12.359s]                  from [01m[K/opt/ros/humble/include/rclcpp/rclcpp/rclcpp.hpp:155[m[K,
[12.359s]                  from [01m[K/home/pi/autocab/raspberryPI3/ros2_ws/src/car_control/src/car_control_node.cpp:1[m[K:
[12.360s] [01m[K/usr/include/c++/11/bits/stl_map.h:875:9:[m[K [01;36m[Knote: [m[Kcandidate: ‘[01m[Ktemplate<class _Pair> std::__enable_if_t<std::is_constructible<std::pair<const _Key, _Tp>, _Pair>::value, typename std::_Rb_tree<_Key, std::pair<const _Key, _Tp>, std::_Select1st<std::pair<const _Key, _Tp> >, _Compare, typename __gnu_cxx::__alloc_traits<_Allocator>::rebind<std::pair<const _Key, _Tp> >::other>::iterator> std::map<_Key, _Tp, _Compare, _Alloc>::insert(std::map<_Key, _Tp, _Compare, _Alloc>::const_iterator, _Pair&&) [with _Pair = _Pair; _Key = char; _Tp = float [2]; _Compare = std::less<char>; _Alloc = std::allocator<std::pair<const char, float [2]> >][m[K’
[12.360s]   875 |         [01;36m[Kinsert[m[K(const_iterator __position, _Pair&& __x)
[12.361s]       |         [01;36m[K^~~~~~[m[K
[12.361s] [01m[K/usr/include/c++/11/bits/stl_map.h:875:9:[m[K [01;36m[Knote: [m[K  template argument deduction/substitution failed:
[12.368s] [01m[K/home/pi/autocab/raspberryPI3/ros2_ws/src/car_control/src/car_control_node.cpp:48:27:[m[K [01;36m[Knote: [m[K  candidate expects 2 arguments, 1 provided
[12.370s]    48 |         [01;36m[Kcoordinates.insert({'B', {43.570596, 1.466500}})[m[K;
[12.372s]       |         [01;36m[K~~~~~~~~~~~~~~~~~~^~~~~~~~~~~~~~~~~~~~~~~~~~~~~~[m[K
[12.375s] In file included from [01m[K/usr/include/c++/11/map:61[m[K,
[12.377s]                  from [01m[K/opt/ros/humble/include/rclcpp/rclcpp/executor.hpp:24[m[K,
[12.379s]                  from [01m[K/opt/ros/humble/include/rclcpp/rclcpp/executors/multi_threaded_executor.hpp:25[m[K,
[12.382s]                  from [01m[K/opt/ros/humble/include/rclcpp/rclcpp/executors.hpp:21[m[K,
[12.384s]                  from [01m[K/opt/ros/humble/include/rclcpp/rclcpp/rclcpp.hpp:155[m[K,
[12.386s]                  from [01m[K/home/pi/autocab/raspberryPI3/ros2_ws/src/car_control/src/car_control_node.cpp:1[m[K:
[12.389s] [01m[K/usr/include/c++/11/bits/stl_map.h:893:9:[m[K [01;36m[Knote: [m[Kcandidate: ‘[01m[Ktemplate<class _InputIterator> void std::map<_Key, _Tp, _Compare, _Alloc>::insert(_InputIterator, _InputIterator) [with _InputIterator = _InputIterator; _Key = char; _Tp = float [2]; _Compare = std::less<char>; _Alloc = std::allocator<std::pair<const char, float [2]> >][m[K’
[12.392s]   893 |         [01;36m[Kinsert[m[K(_InputIterator __first, _InputIterator __last)
[12.394s]       |         [01;36m[K^~~~~~[m[K
[12.396s] [01m[K/usr/include/c++/11/bits/stl_map.h:893:9:[m[K [01;36m[Knote: [m[K  template argument deduction/substitution failed:
[12.398s] [01m[K/home/pi/autocab/raspberryPI3/ros2_ws/src/car_control/src/car_control_node.cpp:48:27:[m[K [01;36m[Knote: [m[K  candidate expects 2 arguments, 1 provided
[12.401s]    48 |         [01;36m[Kcoordinates.insert({'B', {43.570596, 1.466500}})[m[K;
[12.403s]       |         [01;36m[K~~~~~~~~~~~~~~~~~~^~~~~~~~~~~~~~~~~~~~~~~~~~~~~~[m[K
[12.405s] In file included from [01m[K/usr/include/c++/11/map:61[m[K,
[12.407s]                  from [01m[K/opt/ros/humble/include/rclcpp/rclcpp/executor.hpp:24[m[K,
[12.410s]                  from [01m[K/opt/ros/humble/include/rclcpp/rclcpp/executors/multi_threaded_executor.hpp:25[m[K,
[12.412s]                  from [01m[K/opt/ros/humble/include/rclcpp/rclcpp/executors.hpp:21[m[K,
[12.414s]                  from [01m[K/opt/ros/humble/include/rclcpp/rclcpp/rclcpp.hpp:155[m[K,
[12.416s]                  from [01m[K/home/pi/autocab/raspberryPI3/ros2_ws/src/car_control/src/car_control_node.cpp:1[m[K:
[12.419s] [01m[K/usr/include/c++/11/bits/stl_map.h:629:7:[m[K [01;36m[Knote: [m[Kcandidate: ‘[01m[Kstd::map<_Key, _Tp, _Compare, _Alloc>::insert_return_type std::map<_Key, _Tp, _Compare, _Alloc>::insert(std::map<_Key, _Tp, _Compare, _Alloc>::node_type&&) [with _Key = char; _Tp = float [2]; _Compare = std::less<char>; _Alloc = std::allocator<std::pair<const char, float [2]> >; std::map<_Key, _Tp, _Compare, _Alloc>::insert_return_type = std::_Rb_tree<char, std::pair<const char, float [2]>, std::_Select1st<std::pair<const char, float [2]> >, std::less<char>, std::allocator<std::pair<const char, float [2]> > >::insert_return_type; std::map<_Key, _Tp, _Compare, _Alloc>::node_type = std::_Rb_tree<char, std::pair<const char, float [2]>, std::_Select1st<std::pair<const char, float [2]> >, std::less<char>, std::allocator<std::pair<const char, float [2]> > >::node_type][m[K’
[12.421s]   629 |       [01;36m[Kinsert[m[K(node_type&& __nh)
[12.423s]       |       [01;36m[K^~~~~~[m[K
[12.425s] [01m[K/usr/include/c++/11/bits/stl_map.h:629:26:[m[K [01;36m[Knote: [m[K  no known conversion for argument 1 from ‘[01m[K<brace-enclosed initializer list>[m[K’ to ‘[01m[Kstd::map<char, float [2]>::node_type&&[m[K’ {aka ‘[01m[Kstd::_Rb_tree<char, std::pair<const char, float [2]>, std::_Select1st<std::pair<const char, float [2]> >, std::less<char>, std::allocator<std::pair<const char, float [2]> > >::node_type&&[m[K’}
[12.428s]   629 |       insert([01;36m[Knode_type&& __nh[m[K)
[12.430s]       |              [01;36m[K~~~~~~~~~~~~^~~~[m[K
[12.432s] [01m[K/usr/include/c++/11/bits/stl_map.h:634:7:[m[K [01;36m[Knote: [m[Kcandidate: ‘[01m[Kstd::map<_Key, _Tp, _Compare, _Alloc>::iterator std::map<_Key, _Tp, _Compare, _Alloc>::insert(std::map<_Key, _Tp, _Compare, _Alloc>::const_iterator, std::map<_Key, _Tp, _Compare, _Alloc>::node_type&&) [with _Key = char; _Tp = float [2]; _Compare = std::less<char>; _Alloc = std::allocator<std::pair<const char, float [2]> >; std::map<_Key, _Tp, _Compare, _Alloc>::iterator = std::_Rb_tree<char, std::pair<const char, float [2]>, std::_Select1st<std::pair<const char, float [2]> >, std::less<char>, std::allocator<std::pair<const char, float [2]> > >::iterator; std::map<_Key, _Tp, _Compare, _Alloc>::const_iterator = std::_Rb_tree<char, std::pair<const char, float [2]>, std::_Select1st<std::pair<const char, float [2]> >, std::less<char>, std::allocator<std::pair<const char, float [2]> > >::const_iterator; std::map<_Key, _Tp, _Compare, _Alloc>::node_type = std::_Rb_tree<char, std::pair<const char, float [2]>, std::_Select1st<std::pair<const char, float [2]> >, std::less<char>, std::allocator<std::pair<const char, float [2]> > >::node_type][m[K’
[12.434s]   634 |       [01;36m[Kinsert[m[K(const_iterator __hint, node_type&& __nh)
[12.436s]       |       [01;36m[K^~~~~~[m[K
[12.439s] [01m[K/usr/include/c++/11/bits/stl_map.h:634:7:[m[K [01;36m[Knote: [m[K  candidate expects 2 arguments, 1 provided
[12.441s] [01m[K/usr/include/c++/11/bits/stl_map.h:803:7:[m[K [01;36m[Knote: [m[Kcandidate: ‘[01m[Kstd::pair<typename std::_Rb_tree<_Key, std::pair<const _Key, _Tp>, std::_Select1st<std::pair<const _Key, _Tp> >, _Compare, typename __gnu_cxx::__alloc_traits<_Allocator>::rebind<std::pair<const _Key, _Tp> >::other>::iterator, bool> std::map<_Key, _Tp, _Compare, _Alloc>::insert(const value_type&) [with _Key = char; _Tp = float [2]; _Compare = std::less<char>; _Alloc = std::allocator<std::pair<const char, float [2]> >; typename std::_Rb_tree<_Key, std::pair<const _Key, _Tp>, std::_Select1st<std::pair<const _Key, _Tp> >, _Compare, typename __gnu_cxx::__alloc_traits<_Allocator>::rebind<std::pair<const _Key, _Tp> >::other>::iterator = std::_Rb_tree<char, std::pair<const char, float [2]>, std::_Select1st<std::pair<const char, float [2]> >, std::less<char>, std::allocator<std::pair<const char, float [2]> > >::iterator; typename __gnu_cxx::__alloc_traits<_Allocator>::rebind<std::pair<const _Key, _Tp> >::other = std::allocator<std::pair<const char, float [2]> >; typename __gnu_cxx::__alloc_traits<_Allocator>::rebind<std::pair<const _Key, _Tp> > = __gnu_cxx::__alloc_traits<std::allocator<std::pair<const char, float [2]> >, std::pair<const char, float [2]> >::rebind<std::pair<const char, float [2]> >; typename _Allocator::value_type = std::pair<const char, float [2]>; std::map<_Key, _Tp, _Compare, _Alloc>::value_type = std::pair<const char, float [2]>][m[K’
[12.443s]   803 |       [01;36m[Kinsert[m[K(const value_type& __x)
[12.445s]       |       [01;36m[K^~~~~~[m[K
[12.448s] [01m[K/usr/include/c++/11/bits/stl_map.h:803:32:[m[K [01;36m[Knote: [m[K  no known conversion for argument 1 from ‘[01m[K<brace-enclosed initializer list>[m[K’ to ‘[01m[Kconst value_type&[m[K’ {aka ‘[01m[Kconst std::pair<const char, float [2]>&[m[K’}
[12.450s]   803 |       insert([01;36m[Kconst value_type& __x[m[K)
[12.452s]       |              [01;36m[K~~~~~~~~~~~~~~~~~~^~~[m[K
[12.454s] [01m[K/usr/include/c++/11/bits/stl_map.h:810:7:[m[K [01;36m[Knote: [m[Kcandidate: ‘[01m[Kstd::pair<typename std::_Rb_tree<_Key, std::pair<const _Key, _Tp>, std::_Select1st<std::pair<const _Key, _Tp> >, _Compare, typename __gnu_cxx::__alloc_traits<_Allocator>::rebind<std::pair<const _Key, _Tp> >::other>::iterator, bool> std::map<_Key, _Tp, _Compare, _Alloc>::insert(std::map<_Key, _Tp, _Compare, _Alloc>::value_type&&) [with _Key = char; _Tp = float [2]; _Compare = std::less<char>; _Alloc = std::allocator<std::pair<const char, float [2]> >; typename std::_Rb_tree<_Key, std::pair<const _Key, _Tp>, std::_Select1st<std::pair<const _Key, _Tp> >, _Compare, typename __gnu_cxx::__alloc_traits<_Allocator>::rebind<std::pair<const _Key, _Tp> >::other>::iterator = std::_Rb_tree<char, std::pair<const char, float [2]>, std::_Select1st<std::pair<const char, float [2]> >, std::less<char>, std::allocator<std::pair<const char, float [2]> > >::iterator; typename __gnu_cxx::__alloc_traits<_Allocator>::rebind<std::pair<const _Key, _Tp> >::other = std::allocator<std::pair<const char, float [2]> >; typename __gnu_cxx::__alloc_traits<_Allocator>::rebind<std::pair<const _Key, _Tp> > = __gnu_cxx::__alloc_traits<std::allocator<std::pair<const char, float [2]> >, std::pair<const char, float [2]> >::rebind<std::pair<const char, float [2]> >; typename _Allocator::value_type = std::pair<const char, float [2]>; std::map<_Key, _Tp, _Compare, _Alloc>::value_type = std::pair<const char, float [2]>][m[K’
[12.457s]   810 |       [01;36m[Kinsert[m[K(value_type&& __x)
[12.459s]       |       [01;36m[K^~~~~~[m[K
[12.461s] [01m[K/usr/include/c++/11/bits/stl_map.h:810:27:[m[K [01;36m[Knote: [m[K  no known conversion for argument 1 from ‘[01m[K<brace-enclosed initializer list>[m[K’ to ‘[01m[Kstd::map<char, float [2]>::value_type&&[m[K’ {aka ‘[01m[Kstd::pair<const char, float [2]>&&[m[K’}
[12.462s]   810 |       insert([01;36m[Kvalue_type&& __x[m[K)
[12.463s]       |              [01;36m[K~~~~~~~~~~~~~^~~[m[K
[12.463s] [01m[K/usr/include/c++/11/bits/stl_map.h:830:7:[m[K [01;36m[Knote: [m[Kcandidate: ‘[01m[Kvoid std::map<_Key, _Tp, _Compare, _Alloc>::insert(std::initializer_list<std::pair<const _Key, _Tp> >) [with _Key = char; _Tp = float [2]; _Compare = std::less<char>; _Alloc = std::allocator<std::pair<const char, float [2]> >][m[K’
[12.464s]   830 |       [01;36m[Kinsert[m[K(std::initializer_list<value_type> __list)
[12.464s]       |       [01;36m[K^~~~~~[m[K
[12.465s] [01m[K/usr/include/c++/11/bits/stl_map.h:830:48:[m[K [01;36m[Knote: [m[K  no known conversion for argument 1 from ‘[01m[K<brace-enclosed initializer list>[m[K’ to ‘[01m[Kstd::initializer_list<std::pair<const char, float [2]> >[m[K’
[12.465s]   830 |       insert([01;36m[Kstd::initializer_list<value_type> __list[m[K)
[12.466s]       |              [01;36m[K~~~~~~~~~~~~~~~~~~~~~~~~~~~~~~~~~~^~~~~~[m[K
[12.466s] [01m[K/usr/include/c++/11/bits/stl_map.h:860:7:[m[K [01;36m[Knote: [m[Kcandidate: ‘[01m[Kstd::map<_Key, _Tp, _Compare, _Alloc>::iterator std::map<_Key, _Tp, _Compare, _Alloc>::insert(std::map<_Key, _Tp, _Compare, _Alloc>::const_iterator, const value_type&) [with _Key = char; _Tp = float [2]; _Compare = std::less<char>; _Alloc = std::allocator<std::pair<const char, float [2]> >; std::map<_Key, _Tp, _Compare, _Alloc>::iterator = std::_Rb_tree<char, std::pair<const char, float [2]>, std::_Select1st<std::pair<const char, float [2]> >, std::less<char>, std::allocator<std::pair<const char, float [2]> > >::iterator; std::map<_Key, _Tp, _Compare, _Alloc>::const_iterator = std::_Rb_tree<char, std::pair<const char, float [2]>, std::_Select1st<std::pair<const char, float [2]> >, std::less<char>, std::allocator<std::pair<const char, float [2]> > >::const_iterator; std::map<_Key, _Tp, _Compare, _Alloc>::value_type = std::pair<const char, float [2]>][m[K’
[12.467s]   860 |       [01;36m[Kinsert[m[K(const_iterator __position, const value_type& __x)
[12.467s]       |       [01;36m[K^~~~~~[m[K
[12.468s] [01m[K/usr/include/c++/11/bits/stl_map.h:860:7:[m[K [01;36m[Knote: [m[K  candidate expects 2 arguments, 1 provided
[12.468s] [01m[K/usr/include/c++/11/bits/stl_map.h:870:7:[m[K [01;36m[Knote: [m[Kcandidate: ‘[01m[Kstd::map<_Key, _Tp, _Compare, _Alloc>::iterator std::map<_Key, _Tp, _Compare, _Alloc>::insert(std::map<_Key, _Tp, _Compare, _Alloc>::const_iterator, std::map<_Key, _Tp, _Compare, _Alloc>::value_type&&) [with _Key = char; _Tp = float [2]; _Compare = std::less<char>; _Alloc = std::allocator<std::pair<const char, float [2]> >; std::map<_Key, _Tp, _Compare, _Alloc>::iterator = std::_Rb_tree<char, std::pair<const char, float [2]>, std::_Select1st<std::pair<const char, float [2]> >, std::less<char>, std::allocator<std::pair<const char, float [2]> > >::iterator; std::map<_Key, _Tp, _Compare, _Alloc>::const_iterator = std::_Rb_tree<char, std::pair<const char, float [2]>, std::_Select1st<std::pair<const char, float [2]> >, std::less<char>, std::allocator<std::pair<const char, float [2]> > >::const_iterator; std::map<_Key, _Tp, _Compare, _Alloc>::value_type = std::pair<const char, float [2]>][m[K’
[12.469s]   870 |       [01;36m[Kinsert[m[K(const_iterator __position, value_type&& __x)
[12.470s]       |       [01;36m[K^~~~~~[m[K
[12.470s] [01m[K/usr/include/c++/11/bits/stl_map.h:870:7:[m[K [01;36m[Knote: [m[K  candidate expects 2 arguments, 1 provided
[12.471s] [01m[K/home/pi/autocab/raspberryPI3/ros2_ws/src/car_control/src/car_control_node.cpp:49:27:[m[K [01;31m[Kerror: [m[Kno matching function for call to ‘[01m[Kstd::map<char, float [2]>::insert(<brace-enclosed initializer list>)[m[K’
[12.472s]    49 |         [01;31m[Kcoordinates.insert({'C', {43.570596, 1.466500}})[m[K;
[12.472s]       |         [01;31m[K~~~~~~~~~~~~~~~~~~^~~~~~~~~~~~~~~~~~~~~~~~~~~~~~[m[K
[12.473s] In file included from [01m[K/usr/include/c++/11/map:61[m[K,
[12.473s]                  from [01m[K/opt/ros/humble/include/rclcpp/rclcpp/executor.hpp:24[m[K,
[12.479s]                  from [01m[K/opt/ros/humble/include/rclcpp/rclcpp/executors/multi_threaded_executor.hpp:25[m[K,
[12.481s]                  from [01m[K/opt/ros/humble/include/rclcpp/rclcpp/executors.hpp:21[m[K,
[12.483s]                  from [01m[K/opt/ros/humble/include/rclcpp/rclcpp/rclcpp.hpp:155[m[K,
[12.486s]                  from [01m[K/home/pi/autocab/raspberryPI3/ros2_ws/src/car_control/src/car_control_node.cpp:1[m[K:
[12.488s] [01m[K/usr/include/c++/11/bits/stl_map.h:816:9:[m[K [01;36m[Knote: [m[Kcandidate: ‘[01m[Ktemplate<class _Pair> std::__enable_if_t<std::is_constructible<std::pair<const _Key, _Tp>, _Pair>::value, std::pair<typename std::_Rb_tree<_Key, std::pair<const _Key, _Tp>, std::_Select1st<std::pair<const _Key, _Tp> >, _Compare, typename __gnu_cxx::__alloc_traits<_Allocator>::rebind<std::pair<const _Key, _Tp> >::other>::iterator, bool> > std::map<_Key, _Tp, _Compare, _Alloc>::insert(_Pair&&) [with _Pair = _Pair; _Key = char; _Tp = float [2]; _Compare = std::less<char>; _Alloc = std::allocator<std::pair<const char, float [2]> >][m[K’
[12.491s]   816 |         [01;36m[Kinsert[m[K(_Pair&& __x)
[12.494s]       |         [01;36m[K^~~~~~[m[K
[12.496s] [01m[K/usr/include/c++/11/bits/stl_map.h:816:9:[m[K [01;36m[Knote: [m[K  template argument deduction/substitution failed:
[12.498s] [01m[K/home/pi/autocab/raspberryPI3/ros2_ws/src/car_control/src/car_control_node.cpp:49:27:[m[K [01;36m[Knote: [m[K  couldn’t deduce template parameter ‘[01m[K_Pair[m[K’
[12.500s]    49 |         [01;36m[Kcoordinates.insert({'C', {43.570596, 1.466500}})[m[K;
[12.503s]       |         [01;36m[K~~~~~~~~~~~~~~~~~~^~~~~~~~~~~~~~~~~~~~~~~~~~~~~~[m[K
[12.505s] In file included from [01m[K/usr/include/c++/11/map:61[m[K,
[12.507s]                  from [01m[K/opt/ros/humble/include/rclcpp/rclcpp/executor.hpp:24[m[K,
[12.509s]                  from [01m[K/opt/ros/humble/include/rclcpp/rclcpp/executors/multi_threaded_executor.hpp:25[m[K,
[12.511s]                  from [01m[K/opt/ros/humble/include/rclcpp/rclcpp/executors.hpp:21[m[K,
[12.514s]                  from [01m[K/opt/ros/humble/include/rclcpp/rclcpp/rclcpp.hpp:155[m[K,
[12.516s]                  from [01m[K/home/pi/autocab/raspberryPI3/ros2_ws/src/car_control/src/car_control_node.cpp:1[m[K:
[12.518s] [01m[K/usr/include/c++/11/bits/stl_map.h:875:9:[m[K [01;36m[Knote: [m[Kcandidate: ‘[01m[Ktemplate<class _Pair> std::__enable_if_t<std::is_constructible<std::pair<const _Key, _Tp>, _Pair>::value, typename std::_Rb_tree<_Key, std::pair<const _Key, _Tp>, std::_Select1st<std::pair<const _Key, _Tp> >, _Compare, typename __gnu_cxx::__alloc_traits<_Allocator>::rebind<std::pair<const _Key, _Tp> >::other>::iterator> std::map<_Key, _Tp, _Compare, _Alloc>::insert(std::map<_Key, _Tp, _Compare, _Alloc>::const_iterator, _Pair&&) [with _Pair = _Pair; _Key = char; _Tp = float [2]; _Compare = std::less<char>; _Alloc = std::allocator<std::pair<const char, float [2]> >][m[K’
[12.518s]   875 |         [01;36m[Kinsert[m[K(const_iterator __position, _Pair&& __x)
[12.519s]       |         [01;36m[K^~~~~~[m[K
[12.519s] [01m[K/usr/include/c++/11/bits/stl_map.h:875:9:[m[K [01;36m[Knote: [m[K  template argument deduction/substitution failed:
[12.520s] [01m[K/home/pi/autocab/raspberryPI3/ros2_ws/src/car_control/src/car_control_node.cpp:49:27:[m[K [01;36m[Knote: [m[K  candidate expects 2 arguments, 1 provided
[12.520s]    49 |         [01;36m[Kcoordinates.insert({'C', {43.570596, 1.466500}})[m[K;
[12.521s]       |         [01;36m[K~~~~~~~~~~~~~~~~~~^~~~~~~~~~~~~~~~~~~~~~~~~~~~~~[m[K
[12.521s] In file included from [01m[K/usr/include/c++/11/map:61[m[K,
[12.522s]                  from [01m[K/opt/ros/humble/include/rclcpp/rclcpp/executor.hpp:24[m[K,
[12.522s]                  from [01m[K/opt/ros/humble/include/rclcpp/rclcpp/executors/multi_threaded_executor.hpp:25[m[K,
[12.523s]                  from [01m[K/opt/ros/humble/include/rclcpp/rclcpp/executors.hpp:21[m[K,
[12.523s]                  from [01m[K/opt/ros/humble/include/rclcpp/rclcpp/rclcpp.hpp:155[m[K,
[12.524s]                  from [01m[K/home/pi/autocab/raspberryPI3/ros2_ws/src/car_control/src/car_control_node.cpp:1[m[K:
[12.524s] [01m[K/usr/include/c++/11/bits/stl_map.h:893:9:[m[K [01;36m[Knote: [m[Kcandidate: ‘[01m[Ktemplate<class _InputIterator> void std::map<_Key, _Tp, _Compare, _Alloc>::insert(_InputIterator, _InputIterator) [with _InputIterator = _InputIterator; _Key = char; _Tp = float [2]; _Compare = std::less<char>; _Alloc = std::allocator<std::pair<const char, float [2]> >][m[K’
[12.525s]   893 |         [01;36m[Kinsert[m[K(_InputIterator __first, _InputIterator __last)
[12.525s]       |         [01;36m[K^~~~~~[m[K
[12.526s] [01m[K/usr/include/c++/11/bits/stl_map.h:893:9:[m[K [01;36m[Knote: [m[K  template argument deduction/substitution failed:
[12.526s] [01m[K/home/pi/autocab/raspberryPI3/ros2_ws/src/car_control/src/car_control_node.cpp:49:27:[m[K [01;36m[Knote: [m[K  candidate expects 2 arguments, 1 provided
[12.527s]    49 |         [01;36m[Kcoordinates.insert({'C', {43.570596, 1.466500}})[m[K;
[12.527s]       |         [01;36m[K~~~~~~~~~~~~~~~~~~^~~~~~~~~~~~~~~~~~~~~~~~~~~~~~[m[K
[12.528s] In file included from [01m[K/usr/include/c++/11/map:61[m[K,
[12.528s]                  from [01m[K/opt/ros/humble/include/rclcpp/rclcpp/executor.hpp:24[m[K,
[12.529s]                  from [01m[K/opt/ros/humble/include/rclcpp/rclcpp/executors/multi_threaded_executor.hpp:25[m[K,
[12.529s]                  from [01m[K/opt/ros/humble/include/rclcpp/rclcpp/executors.hpp:21[m[K,
[12.536s]                  from [01m[K/opt/ros/humble/include/rclcpp/rclcpp/rclcpp.hpp:155[m[K,
[12.538s]                  from [01m[K/home/pi/autocab/raspberryPI3/ros2_ws/src/car_control/src/car_control_node.cpp:1[m[K:
[12.540s] [01m[K/usr/include/c++/11/bits/stl_map.h:629:7:[m[K [01;36m[Knote: [m[Kcandidate: ‘[01m[Kstd::map<_Key, _Tp, _Compare, _Alloc>::insert_return_type std::map<_Key, _Tp, _Compare, _Alloc>::insert(std::map<_Key, _Tp, _Compare, _Alloc>::node_type&&) [with _Key = char; _Tp = float [2]; _Compare = std::less<char>; _Alloc = std::allocator<std::pair<const char, float [2]> >; std::map<_Key, _Tp, _Compare, _Alloc>::insert_return_type = std::_Rb_tree<char, std::pair<const char, float [2]>, std::_Select1st<std::pair<const char, float [2]> >, std::less<char>, std::allocator<std::pair<const char, float [2]> > >::insert_return_type; std::map<_Key, _Tp, _Compare, _Alloc>::node_type = std::_Rb_tree<char, std::pair<const char, float [2]>, std::_Select1st<std::pair<const char, float [2]> >, std::less<char>, std::allocator<std::pair<const char, float [2]> > >::node_type][m[K’
[12.543s]   629 |       [01;36m[Kinsert[m[K(node_type&& __nh)
[12.545s]       |       [01;36m[K^~~~~~[m[K
[12.547s] [01m[K/usr/include/c++/11/bits/stl_map.h:629:26:[m[K [01;36m[Knote: [m[K  no known conversion for argument 1 from ‘[01m[K<brace-enclosed initializer list>[m[K’ to ‘[01m[Kstd::map<char, float [2]>::node_type&&[m[K’ {aka ‘[01m[Kstd::_Rb_tree<char, std::pair<const char, float [2]>, std::_Select1st<std::pair<const char, float [2]> >, std::less<char>, std::allocator<std::pair<const char, float [2]> > >::node_type&&[m[K’}
[12.550s]   629 |       insert([01;36m[Knode_type&& __nh[m[K)
[12.552s]       |              [01;36m[K~~~~~~~~~~~~^~~~[m[K
[12.555s] [01m[K/usr/include/c++/11/bits/stl_map.h:634:7:[m[K [01;36m[Knote: [m[Kcandidate: ‘[01m[Kstd::map<_Key, _Tp, _Compare, _Alloc>::iterator std::map<_Key, _Tp, _Compare, _Alloc>::insert(std::map<_Key, _Tp, _Compare, _Alloc>::const_iterator, std::map<_Key, _Tp, _Compare, _Alloc>::node_type&&) [with _Key = char; _Tp = float [2]; _Compare = std::less<char>; _Alloc = std::allocator<std::pair<const char, float [2]> >; std::map<_Key, _Tp, _Compare, _Alloc>::iterator = std::_Rb_tree<char, std::pair<const char, float [2]>, std::_Select1st<std::pair<const char, float [2]> >, std::less<char>, std::allocator<std::pair<const char, float [2]> > >::iterator; std::map<_Key, _Tp, _Compare, _Alloc>::const_iterator = std::_Rb_tree<char, std::pair<const char, float [2]>, std::_Select1st<std::pair<const char, float [2]> >, std::less<char>, std::allocator<std::pair<const char, float [2]> > >::const_iterator; std::map<_Key, _Tp, _Compare, _Alloc>::node_type = std::_Rb_tree<char, std::pair<const char, float [2]>, std::_Select1st<std::pair<const char, float [2]> >, std::less<char>, std::allocator<std::pair<const char, float [2]> > >::node_type][m[K’
[12.557s]   634 |       [01;36m[Kinsert[m[K(const_iterator __hint, node_type&& __nh)
[12.559s]       |       [01;36m[K^~~~~~[m[K
[12.561s] [01m[K/usr/include/c++/11/bits/stl_map.h:634:7:[m[K [01;36m[Knote: [m[K  candidate expects 2 arguments, 1 provided
[12.564s] [01m[K/usr/include/c++/11/bits/stl_map.h:803:7:[m[K [01;36m[Knote: [m[Kcandidate: ‘[01m[Kstd::pair<typename std::_Rb_tree<_Key, std::pair<const _Key, _Tp>, std::_Select1st<std::pair<const _Key, _Tp> >, _Compare, typename __gnu_cxx::__alloc_traits<_Allocator>::rebind<std::pair<const _Key, _Tp> >::other>::iterator, bool> std::map<_Key, _Tp, _Compare, _Alloc>::insert(const value_type&) [with _Key = char; _Tp = float [2]; _Compare = std::less<char>; _Alloc = std::allocator<std::pair<const char, float [2]> >; typename std::_Rb_tree<_Key, std::pair<const _Key, _Tp>, std::_Select1st<std::pair<const _Key, _Tp> >, _Compare, typename __gnu_cxx::__alloc_traits<_Allocator>::rebind<std::pair<const _Key, _Tp> >::other>::iterator = std::_Rb_tree<char, std::pair<const char, float [2]>, std::_Select1st<std::pair<const char, float [2]> >, std::less<char>, std::allocator<std::pair<const char, float [2]> > >::iterator; typename __gnu_cxx::__alloc_traits<_Allocator>::rebind<std::pair<const _Key, _Tp> >::other = std::allocator<std::pair<const char, float [2]> >; typename __gnu_cxx::__alloc_traits<_Allocator>::rebind<std::pair<const _Key, _Tp> > = __gnu_cxx::__alloc_traits<std::allocator<std::pair<const char, float [2]> >, std::pair<const char, float [2]> >::rebind<std::pair<const char, float [2]> >; typename _Allocator::value_type = std::pair<const char, float [2]>; std::map<_Key, _Tp, _Compare, _Alloc>::value_type = std::pair<const char, float [2]>][m[K’
[12.566s]   803 |       [01;36m[Kinsert[m[K(const value_type& __x)
[12.568s]       |       [01;36m[K^~~~~~[m[K
[12.570s] [01m[K/usr/include/c++/11/bits/stl_map.h:803:32:[m[K [01;36m[Knote: [m[K  no known conversion for argument 1 from ‘[01m[K<brace-enclosed initializer list>[m[K’ to ‘[01m[Kconst value_type&[m[K’ {aka ‘[01m[Kconst std::pair<const char, float [2]>&[m[K’}
[12.573s]   803 |       insert([01;36m[Kconst value_type& __x[m[K)
[12.575s]       |              [01;36m[K~~~~~~~~~~~~~~~~~~^~~[m[K
[12.577s] [01m[K/usr/include/c++/11/bits/stl_map.h:810:7:[m[K [01;36m[Knote: [m[Kcandidate: ‘[01m[Kstd::pair<typename std::_Rb_tree<_Key, std::pair<const _Key, _Tp>, std::_Select1st<std::pair<const _Key, _Tp> >, _Compare, typename __gnu_cxx::__alloc_traits<_Allocator>::rebind<std::pair<const _Key, _Tp> >::other>::iterator, bool> std::map<_Key, _Tp, _Compare, _Alloc>::insert(std::map<_Key, _Tp, _Compare, _Alloc>::value_type&&) [with _Key = char; _Tp = float [2]; _Compare = std::less<char>; _Alloc = std::allocator<std::pair<const char, float [2]> >; typename std::_Rb_tree<_Key, std::pair<const _Key, _Tp>, std::_Select1st<std::pair<const _Key, _Tp> >, _Compare, typename __gnu_cxx::__alloc_traits<_Allocator>::rebind<std::pair<const _Key, _Tp> >::other>::iterator = std::_Rb_tree<char, std::pair<const char, float [2]>, std::_Select1st<std::pair<const char, float [2]> >, std::less<char>, std::allocator<std::pair<const char, float [2]> > >::iterator; typename __gnu_cxx::__alloc_traits<_Allocator>::rebind<std::pair<const _Key, _Tp> >::other = std::allocator<std::pair<const char, float [2]> >; typename __gnu_cxx::__alloc_traits<_Allocator>::rebind<std::pair<const _Key, _Tp> > = __gnu_cxx::__alloc_traits<std::allocator<std::pair<const char, float [2]> >, std::pair<const char, float [2]> >::rebind<std::pair<const char, float [2]> >; typename _Allocator::value_type = std::pair<const char, float [2]>; std::map<_Key, _Tp, _Compare, _Alloc>::value_type = std::pair<const char, float [2]>][m[K’
[12.580s]   810 |       [01;36m[Kinsert[m[K(value_type&& __x)
[12.582s]       |       [01;36m[K^~~~~~[m[K
[12.584s] [01m[K/usr/include/c++/11/bits/stl_map.h:810:27:[m[K [01;36m[Knote: [m[K  no known conversion for argument 1 from ‘[01m[K<brace-enclosed initializer list>[m[K’ to ‘[01m[Kstd::map<char, float [2]>::value_type&&[m[K’ {aka ‘[01m[Kstd::pair<const char, float [2]>&&[m[K’}
[12.587s]   810 |       insert([01;36m[Kvalue_type&& __x[m[K)
[12.589s]       |              [01;36m[K~~~~~~~~~~~~~^~~[m[K
[12.592s] [01m[K/usr/include/c++/11/bits/stl_map.h:830:7:[m[K [01;36m[Knote: [m[Kcandidate: ‘[01m[Kvoid std::map<_Key, _Tp, _Compare, _Alloc>::insert(std::initializer_list<std::pair<const _Key, _Tp> >) [with _Key = char; _Tp = float [2]; _Compare = std::less<char>; _Alloc = std::allocator<std::pair<const char, float [2]> >][m[K’
[12.594s]   830 |       [01;36m[Kinsert[m[K(std::initializer_list<value_type> __list)
[12.597s]       |       [01;36m[K^~~~~~[m[K
[12.599s] [01m[K/usr/include/c++/11/bits/stl_map.h:830:48:[m[K [01;36m[Knote: [m[K  no known conversion for argument 1 from ‘[01m[K<brace-enclosed initializer list>[m[K’ to ‘[01m[Kstd::initializer_list<std::pair<const char, float [2]> >[m[K’
[12.601s]   830 |       insert([01;36m[Kstd::initializer_list<value_type> __list[m[K)
[12.602s]       |              [01;36m[K~~~~~~~~~~~~~~~~~~~~~~~~~~~~~~~~~~^~~~~~[m[K
[12.603s] [01m[K/usr/include/c++/11/bits/stl_map.h:860:7:[m[K [01;36m[Knote: [m[Kcandidate: ‘[01m[Kstd::map<_Key, _Tp, _Compare, _Alloc>::iterator std::map<_Key, _Tp, _Compare, _Alloc>::insert(std::map<_Key, _Tp, _Compare, _Alloc>::const_iterator, const value_type&) [with _Key = char; _Tp = float [2]; _Compare = std::less<char>; _Alloc = std::allocator<std::pair<const char, float [2]> >; std::map<_Key, _Tp, _Compare, _Alloc>::iterator = std::_Rb_tree<char, std::pair<const char, float [2]>, std::_Select1st<std::pair<const char, float [2]> >, std::less<char>, std::allocator<std::pair<const char, float [2]> > >::iterator; std::map<_Key, _Tp, _Compare, _Alloc>::const_iterator = std::_Rb_tree<char, std::pair<const char, float [2]>, std::_Select1st<std::pair<const char, float [2]> >, std::less<char>, std::allocator<std::pair<const char, float [2]> > >::const_iterator; std::map<_Key, _Tp, _Compare, _Alloc>::value_type = std::pair<const char, float [2]>][m[K’
[12.603s]   860 |       [01;36m[Kinsert[m[K(const_iterator __position, const value_type& __x)
[12.604s]       |       [01;36m[K^~~~~~[m[K
[12.604s] [01m[K/usr/include/c++/11/bits/stl_map.h:860:7:[m[K [01;36m[Knote: [m[K  candidate expects 2 arguments, 1 provided
[12.605s] [01m[K/usr/include/c++/11/bits/stl_map.h:870:7:[m[K [01;36m[Knote: [m[Kcandidate: ‘[01m[Kstd::map<_Key, _Tp, _Compare, _Alloc>::iterator std::map<_Key, _Tp, _Compare, _Alloc>::insert(std::map<_Key, _Tp, _Compare, _Alloc>::const_iterator, std::map<_Key, _Tp, _Compare, _Alloc>::value_type&&) [with _Key = char; _Tp = float [2]; _Compare = std::less<char>; _Alloc = std::allocator<std::pair<const char, float [2]> >; std::map<_Key, _Tp, _Compare, _Alloc>::iterator = std::_Rb_tree<char, std::pair<const char, float [2]>, std::_Select1st<std::pair<const char, float [2]> >, std::less<char>, std::allocator<std::pair<const char, float [2]> > >::iterator; std::map<_Key, _Tp, _Compare, _Alloc>::const_iterator = std::_Rb_tree<char, std::pair<const char, float [2]>, std::_Select1st<std::pair<const char, float [2]> >, std::less<char>, std::allocator<std::pair<const char, float [2]> > >::const_iterator; std::map<_Key, _Tp, _Compare, _Alloc>::value_type = std::pair<const char, float [2]>][m[K’
[12.605s]   870 |       [01;36m[Kinsert[m[K(const_iterator __position, value_type&& __x)
[12.606s]       |       [01;36m[K^~~~~~[m[K
[12.606s] [01m[K/usr/include/c++/11/bits/stl_map.h:870:7:[m[K [01;36m[Knote: [m[K  candidate expects 2 arguments, 1 provided
[12.607s] [01m[K/home/pi/autocab/raspberryPI3/ros2_ws/src/car_control/src/car_control_node.cpp:50:27:[m[K [01;31m[Kerror: [m[Kno matching function for call to ‘[01m[Kstd::map<char, float [2]>::insert(<brace-enclosed initializer list>)[m[K’
[12.607s]    50 |         [01;31m[Kcoordinates.insert({'D', {43.570596, 1.466500}})[m[K;
[12.608s]       |         [01;31m[K~~~~~~~~~~~~~~~~~~^~~~~~~~~~~~~~~~~~~~~~~~~~~~~~[m[K
[12.608s] In file included from [01m[K/usr/include/c++/11/map:61[m[K,
[12.609s]                  from [01m[K/opt/ros/humble/include/rclcpp/rclcpp/executor.hpp:24[m[K,
[12.609s]                  from [01m[K/opt/ros/humble/include/rclcpp/rclcpp/executors/multi_threaded_executor.hpp:25[m[K,
[12.614s]                  from [01m[K/opt/ros/humble/include/rclcpp/rclcpp/executors.hpp:21[m[K,
[12.617s]                  from [01m[K/opt/ros/humble/include/rclcpp/rclcpp/rclcpp.hpp:155[m[K,
[12.619s]                  from [01m[K/home/pi/autocab/raspberryPI3/ros2_ws/src/car_control/src/car_control_node.cpp:1[m[K:
[12.622s] [01m[K/usr/include/c++/11/bits/stl_map.h:816:9:[m[K [01;36m[Knote: [m[Kcandidate: ‘[01m[Ktemplate<class _Pair> std::__enable_if_t<std::is_constructible<std::pair<const _Key, _Tp>, _Pair>::value, std::pair<typename std::_Rb_tree<_Key, std::pair<const _Key, _Tp>, std::_Select1st<std::pair<const _Key, _Tp> >, _Compare, typename __gnu_cxx::__alloc_traits<_Allocator>::rebind<std::pair<const _Key, _Tp> >::other>::iterator, bool> > std::map<_Key, _Tp, _Compare, _Alloc>::insert(_Pair&&) [with _Pair = _Pair; _Key = char; _Tp = float [2]; _Compare = std::less<char>; _Alloc = std::allocator<std::pair<const char, float [2]> >][m[K’
[12.624s]   816 |         [01;36m[Kinsert[m[K(_Pair&& __x)
[12.627s]       |         [01;36m[K^~~~~~[m[K
[12.629s] [01m[K/usr/include/c++/11/bits/stl_map.h:816:9:[m[K [01;36m[Knote: [m[K  template argument deduction/substitution failed:
[12.632s] [01m[K/home/pi/autocab/raspberryPI3/ros2_ws/src/car_control/src/car_control_node.cpp:50:27:[m[K [01;36m[Knote: [m[K  couldn’t deduce template parameter ‘[01m[K_Pair[m[K’
[12.635s]    50 |         [01;36m[Kcoordinates.insert({'D', {43.570596, 1.466500}})[m[K;
[12.638s]       |         [01;36m[K~~~~~~~~~~~~~~~~~~^~~~~~~~~~~~~~~~~~~~~~~~~~~~~~[m[K
[12.640s] In file included from [01m[K/usr/include/c++/11/map:61[m[K,
[12.643s]                  from [01m[K/opt/ros/humble/include/rclcpp/rclcpp/executor.hpp:24[m[K,
[12.645s]                  from [01m[K/opt/ros/humble/include/rclcpp/rclcpp/executors/multi_threaded_executor.hpp:25[m[K,
[12.648s]                  from [01m[K/opt/ros/humble/include/rclcpp/rclcpp/executors.hpp:21[m[K,
[12.650s]                  from [01m[K/opt/ros/humble/include/rclcpp/rclcpp/rclcpp.hpp:155[m[K,
[12.653s]                  from [01m[K/home/pi/autocab/raspberryPI3/ros2_ws/src/car_control/src/car_control_node.cpp:1[m[K:
[12.656s] [01m[K/usr/include/c++/11/bits/stl_map.h:875:9:[m[K [01;36m[Knote: [m[Kcandidate: ‘[01m[Ktemplate<class _Pair> std::__enable_if_t<std::is_constructible<std::pair<const _Key, _Tp>, _Pair>::value, typename std::_Rb_tree<_Key, std::pair<const _Key, _Tp>, std::_Select1st<std::pair<const _Key, _Tp> >, _Compare, typename __gnu_cxx::__alloc_traits<_Allocator>::rebind<std::pair<const _Key, _Tp> >::other>::iterator> std::map<_Key, _Tp, _Compare, _Alloc>::insert(std::map<_Key, _Tp, _Compare, _Alloc>::const_iterator, _Pair&&) [with _Pair = _Pair; _Key = char; _Tp = float [2]; _Compare = std::less<char>; _Alloc = std::allocator<std::pair<const char, float [2]> >][m[K’
[12.658s]   875 |         [01;36m[Kinsert[m[K(const_iterator __position, _Pair&& __x)
[12.658s]       |         [01;36m[K^~~~~~[m[K
[12.659s] [01m[K/usr/include/c++/11/bits/stl_map.h:875:9:[m[K [01;36m[Knote: [m[K  template argument deduction/substitution failed:
[12.660s] [01m[K/home/pi/autocab/raspberryPI3/ros2_ws/src/car_control/src/car_control_node.cpp:50:27:[m[K [01;36m[Knote: [m[K  candidate expects 2 arguments, 1 provided
[12.661s]    50 |         [01;36m[Kcoordinates.insert({'D', {43.570596, 1.466500}})[m[K;
[12.661s]       |         [01;36m[K~~~~~~~~~~~~~~~~~~^~~~~~~~~~~~~~~~~~~~~~~~~~~~~~[m[K
[12.662s] In file included from [01m[K/usr/include/c++/11/map:61[m[K,
[12.662s]                  from [01m[K/opt/ros/humble/include/rclcpp/rclcpp/executor.hpp:24[m[K,
[12.663s]                  from [01m[K/opt/ros/humble/include/rclcpp/rclcpp/executors/multi_threaded_executor.hpp:25[m[K,
[12.663s]                  from [01m[K/opt/ros/humble/include/rclcpp/rclcpp/executors.hpp:21[m[K,
[12.664s]                  from [01m[K/opt/ros/humble/include/rclcpp/rclcpp/rclcpp.hpp:155[m[K,
[12.665s]                  from [01m[K/home/pi/autocab/raspberryPI3/ros2_ws/src/car_control/src/car_control_node.cpp:1[m[K:
[12.665s] [01m[K/usr/include/c++/11/bits/stl_map.h:893:9:[m[K [01;36m[Knote: [m[Kcandidate: ‘[01m[Ktemplate<class _InputIterator> void std::map<_Key, _Tp, _Compare, _Alloc>::insert(_InputIterator, _InputIterator) [with _InputIterator = _InputIterator; _Key = char; _Tp = float [2]; _Compare = std::less<char>; _Alloc = std::allocator<std::pair<const char, float [2]> >][m[K’
[12.666s]   893 |         [01;36m[Kinsert[m[K(_InputIterator __first, _InputIterator __last)
[12.666s]       |         [01;36m[K^~~~~~[m[K
[12.667s] [01m[K/usr/include/c++/11/bits/stl_map.h:893:9:[m[K [01;36m[Knote: [m[K  template argument deduction/substitution failed:
[12.667s] [01m[K/home/pi/autocab/raspberryPI3/ros2_ws/src/car_control/src/car_control_node.cpp:50:27:[m[K [01;36m[Knote: [m[K  candidate expects 2 arguments, 1 provided
[12.668s]    50 |         [01;36m[Kcoordinates.insert({'D', {43.570596, 1.466500}})[m[K;
[12.668s]       |         [01;36m[K~~~~~~~~~~~~~~~~~~^~~~~~~~~~~~~~~~~~~~~~~~~~~~~~[m[K
[12.669s] In file included from [01m[K/usr/include/c++/11/map:61[m[K,
[12.669s]                  from [01m[K/opt/ros/humble/include/rclcpp/rclcpp/executor.hpp:24[m[K,
[12.682s]                  from [01m[K/opt/ros/humble/include/rclcpp/rclcpp/executors/multi_threaded_executor.hpp:25[m[K,
[12.683s]                  from [01m[K/opt/ros/humble/include/rclcpp/rclcpp/executors.hpp:21[m[K,
[12.683s]                  from [01m[K/opt/ros/humble/include/rclcpp/rclcpp/rclcpp.hpp:155[m[K,
[12.684s]                  from [01m[K/home/pi/autocab/raspberryPI3/ros2_ws/src/car_control/src/car_control_node.cpp:1[m[K:
[12.684s] [01m[K/usr/include/c++/11/bits/stl_map.h:629:7:[m[K [01;36m[Knote: [m[Kcandidate: ‘[01m[Kstd::map<_Key, _Tp, _Compare, _Alloc>::insert_return_type std::map<_Key, _Tp, _Compare, _Alloc>::insert(std::map<_Key, _Tp, _Compare, _Alloc>::node_type&&) [with _Key = char; _Tp = float [2]; _Compare = std::less<char>; _Alloc = std::allocator<std::pair<const char, float [2]> >; std::map<_Key, _Tp, _Compare, _Alloc>::insert_return_type = std::_Rb_tree<char, std::pair<const char, float [2]>, std::_Select1st<std::pair<const char, float [2]> >, std::less<char>, std::allocator<std::pair<const char, float [2]> > >::insert_return_type; std::map<_Key, _Tp, _Compare, _Alloc>::node_type = std::_Rb_tree<char, std::pair<const char, float [2]>, std::_Select1st<std::pair<const char, float [2]> >, std::less<char>, std::allocator<std::pair<const char, float [2]> > >::node_type][m[K’
[12.685s]   629 |       [01;36m[Kinsert[m[K(node_type&& __nh)
[12.685s]       |       [01;36m[K^~~~~~[m[K
[12.686s] [01m[K/usr/include/c++/11/bits/stl_map.h:629:26:[m[K [01;36m[Knote: [m[K  no known conversion for argument 1 from ‘[01m[K<brace-enclosed initializer list>[m[K’ to ‘[01m[Kstd::map<char, float [2]>::node_type&&[m[K’ {aka ‘[01m[Kstd::_Rb_tree<char, std::pair<const char, float [2]>, std::_Select1st<std::pair<const char, float [2]> >, std::less<char>, std::allocator<std::pair<const char, float [2]> > >::node_type&&[m[K’}
[12.686s]   629 |       insert([01;36m[Knode_type&& __nh[m[K)
[12.687s]       |              [01;36m[K~~~~~~~~~~~~^~~~[m[K
[12.688s] [01m[K/usr/include/c++/11/bits/stl_map.h:634:7:[m[K [01;36m[Knote: [m[Kcandidate: ‘[01m[Kstd::map<_Key, _Tp, _Compare, _Alloc>::iterator std::map<_Key, _Tp, _Compare, _Alloc>::insert(std::map<_Key, _Tp, _Compare, _Alloc>::const_iterator, std::map<_Key, _Tp, _Compare, _Alloc>::node_type&&) [with _Key = char; _Tp = float [2]; _Compare = std::less<char>; _Alloc = std::allocator<std::pair<const char, float [2]> >; std::map<_Key, _Tp, _Compare, _Alloc>::iterator = std::_Rb_tree<char, std::pair<const char, float [2]>, std::_Select1st<std::pair<const char, float [2]> >, std::less<char>, std::allocator<std::pair<const char, float [2]> > >::iterator; std::map<_Key, _Tp, _Compare, _Alloc>::const_iterator = std::_Rb_tree<char, std::pair<const char, float [2]>, std::_Select1st<std::pair<const char, float [2]> >, std::less<char>, std::allocator<std::pair<const char, float [2]> > >::const_iterator; std::map<_Key, _Tp, _Compare, _Alloc>::node_type = std::_Rb_tree<char, std::pair<const char, float [2]>, std::_Select1st<std::pair<const char, float [2]> >, std::less<char>, std::allocator<std::pair<const char, float [2]> > >::node_type][m[K’
[12.688s]   634 |       [01;36m[Kinsert[m[K(const_iterator __hint, node_type&& __nh)
[12.689s]       |       [01;36m[K^~~~~~[m[K
[12.689s] [01m[K/usr/include/c++/11/bits/stl_map.h:634:7:[m[K [01;36m[Knote: [m[K  candidate expects 2 arguments, 1 provided
[12.690s] [01m[K/usr/include/c++/11/bits/stl_map.h:803:7:[m[K [01;36m[Knote: [m[Kcandidate: ‘[01m[Kstd::pair<typename std::_Rb_tree<_Key, std::pair<const _Key, _Tp>, std::_Select1st<std::pair<const _Key, _Tp> >, _Compare, typename __gnu_cxx::__alloc_traits<_Allocator>::rebind<std::pair<const _Key, _Tp> >::other>::iterator, bool> std::map<_Key, _Tp, _Compare, _Alloc>::insert(const value_type&) [with _Key = char; _Tp = float [2]; _Compare = std::less<char>; _Alloc = std::allocator<std::pair<const char, float [2]> >; typename std::_Rb_tree<_Key, std::pair<const _Key, _Tp>, std::_Select1st<std::pair<const _Key, _Tp> >, _Compare, typename __gnu_cxx::__alloc_traits<_Allocator>::rebind<std::pair<const _Key, _Tp> >::other>::iterator = std::_Rb_tree<char, std::pair<const char, float [2]>, std::_Select1st<std::pair<const char, float [2]> >, std::less<char>, std::allocator<std::pair<const char, float [2]> > >::iterator; typename __gnu_cxx::__alloc_traits<_Allocator>::rebind<std::pair<const _Key, _Tp> >::other = std::allocator<std::pair<const char, float [2]> >; typename __gnu_cxx::__alloc_traits<_Allocator>::rebind<std::pair<const _Key, _Tp> > = __gnu_cxx::__alloc_traits<std::allocator<std::pair<const char, float [2]> >, std::pair<const char, float [2]> >::rebind<std::pair<const char, float [2]> >; typename _Allocator::value_type = std::pair<const char, float [2]>; std::map<_Key, _Tp, _Compare, _Alloc>::value_type = std::pair<const char, float [2]>][m[K’
[12.691s]   803 |       [01;36m[Kinsert[m[K(const value_type& __x)
[12.691s]       |       [01;36m[K^~~~~~[m[K
[12.692s] [01m[K/usr/include/c++/11/bits/stl_map.h:803:32:[m[K [01;36m[Knote: [m[K  no known conversion for argument 1 from ‘[01m[K<brace-enclosed initializer list>[m[K’ to ‘[01m[Kconst value_type&[m[K’ {aka ‘[01m[Kconst std::pair<const char, float [2]>&[m[K’}
[12.693s]   803 |       insert([01;36m[Kconst value_type& __x[m[K)
[12.693s]       |              [01;36m[K~~~~~~~~~~~~~~~~~~^~~[m[K
[12.698s] [01m[K/usr/include/c++/11/bits/stl_map.h:810:7:[m[K [01;36m[Knote: [m[Kcandidate: ‘[01m[Kstd::pair<typename std::_Rb_tree<_Key, std::pair<const _Key, _Tp>, std::_Select1st<std::pair<const _Key, _Tp> >, _Compare, typename __gnu_cxx::__alloc_traits<_Allocator>::rebind<std::pair<const _Key, _Tp> >::other>::iterator, bool> std::map<_Key, _Tp, _Compare, _Alloc>::insert(std::map<_Key, _Tp, _Compare, _Alloc>::value_type&&) [with _Key = char; _Tp = float [2]; _Compare = std::less<char>; _Alloc = std::allocator<std::pair<const char, float [2]> >; typename std::_Rb_tree<_Key, std::pair<const _Key, _Tp>, std::_Select1st<std::pair<const _Key, _Tp> >, _Compare, typename __gnu_cxx::__alloc_traits<_Allocator>::rebind<std::pair<const _Key, _Tp> >::other>::iterator = std::_Rb_tree<char, std::pair<const char, float [2]>, std::_Select1st<std::pair<const char, float [2]> >, std::less<char>, std::allocator<std::pair<const char, float [2]> > >::iterator; typename __gnu_cxx::__alloc_traits<_Allocator>::rebind<std::pair<const _Key, _Tp> >::other = std::allocator<std::pair<const char, float [2]> >; typename __gnu_cxx::__alloc_traits<_Allocator>::rebind<std::pair<const _Key, _Tp> > = __gnu_cxx::__alloc_traits<std::allocator<std::pair<const char, float [2]> >, std::pair<const char, float [2]> >::rebind<std::pair<const char, float [2]> >; typename _Allocator::value_type = std::pair<const char, float [2]>; std::map<_Key, _Tp, _Compare, _Alloc>::value_type = std::pair<const char, float [2]>][m[K’
[12.700s]   810 |       [01;36m[Kinsert[m[K(value_type&& __x)
[12.703s]       |       [01;36m[K^~~~~~[m[K
[12.705s] [01m[K/usr/include/c++/11/bits/stl_map.h:810:27:[m[K [01;36m[Knote: [m[K  no known conversion for argument 1 from ‘[01m[K<brace-enclosed initializer list>[m[K’ to ‘[01m[Kstd::map<char, float [2]>::value_type&&[m[K’ {aka ‘[01m[Kstd::pair<const char, float [2]>&&[m[K’}
[12.707s]   810 |       insert([01;36m[Kvalue_type&& __x[m[K)
[12.711s]       |              [01;36m[K~~~~~~~~~~~~~^~~[m[K
[12.713s] [01m[K/usr/include/c++/11/bits/stl_map.h:830:7:[m[K [01;36m[Knote: [m[Kcandidate: ‘[01m[Kvoid std::map<_Key, _Tp, _Compare, _Alloc>::insert(std::initializer_list<std::pair<const _Key, _Tp> >) [with _Key = char; _Tp = float [2]; _Compare = std::less<char>; _Alloc = std::allocator<std::pair<const char, float [2]> >][m[K’
[12.715s]   830 |       [01;36m[Kinsert[m[K(std::initializer_list<value_type> __list)
[12.718s]       |       [01;36m[K^~~~~~[m[K
[12.720s] [01m[K/usr/include/c++/11/bits/stl_map.h:830:48:[m[K [01;36m[Knote: [m[K  no known conversion for argument 1 from ‘[01m[K<brace-enclosed initializer list>[m[K’ to ‘[01m[Kstd::initializer_list<std::pair<const char, float [2]> >[m[K’
[12.722s]   830 |       insert([01;36m[Kstd::initializer_list<value_type> __list[m[K)
[12.725s]       |              [01;36m[K~~~~~~~~~~~~~~~~~~~~~~~~~~~~~~~~~~^~~~~~[m[K
[12.727s] [01m[K/usr/include/c++/11/bits/stl_map.h:860:7:[m[K [01;36m[Knote: [m[Kcandidate: ‘[01m[Kstd::map<_Key, _Tp, _Compare, _Alloc>::iterator std::map<_Key, _Tp, _Compare, _Alloc>::insert(std::map<_Key, _Tp, _Compare, _Alloc>::const_iterator, const value_type&) [with _Key = char; _Tp = float [2]; _Compare = std::less<char>; _Alloc = std::allocator<std::pair<const char, float [2]> >; std::map<_Key, _Tp, _Compare, _Alloc>::iterator = std::_Rb_tree<char, std::pair<const char, float [2]>, std::_Select1st<std::pair<const char, float [2]> >, std::less<char>, std::allocator<std::pair<const char, float [2]> > >::iterator; std::map<_Key, _Tp, _Compare, _Alloc>::const_iterator = std::_Rb_tree<char, std::pair<const char, float [2]>, std::_Select1st<std::pair<const char, float [2]> >, std::less<char>, std::allocator<std::pair<const char, float [2]> > >::const_iterator; std::map<_Key, _Tp, _Compare, _Alloc>::value_type = std::pair<const char, float [2]>][m[K’
[12.729s]   860 |       [01;36m[Kinsert[m[K(const_iterator __position, const value_type& __x)
[12.731s]       |       [01;36m[K^~~~~~[m[K
[12.733s] [01m[K/usr/include/c++/11/bits/stl_map.h:860:7:[m[K [01;36m[Knote: [m[K  candidate expects 2 arguments, 1 provided
[12.736s] [01m[K/usr/include/c++/11/bits/stl_map.h:870:7:[m[K [01;36m[Knote: [m[Kcandidate: ‘[01m[Kstd::map<_Key, _Tp, _Compare, _Alloc>::iterator std::map<_Key, _Tp, _Compare, _Alloc>::insert(std::map<_Key, _Tp, _Compare, _Alloc>::const_iterator, std::map<_Key, _Tp, _Compare, _Alloc>::value_type&&) [with _Key = char; _Tp = float [2]; _Compare = std::less<char>; _Alloc = std::allocator<std::pair<const char, float [2]> >; std::map<_Key, _Tp, _Compare, _Alloc>::iterator = std::_Rb_tree<char, std::pair<const char, float [2]>, std::_Select1st<std::pair<const char, float [2]> >, std::less<char>, std::allocator<std::pair<const char, float [2]> > >::iterator; std::map<_Key, _Tp, _Compare, _Alloc>::const_iterator = std::_Rb_tree<char, std::pair<const char, float [2]>, std::_Select1st<std::pair<const char, float [2]> >, std::less<char>, std::allocator<std::pair<const char, float [2]> > >::const_iterator; std::map<_Key, _Tp, _Compare, _Alloc>::value_type = std::pair<const char, float [2]>][m[K’
[12.739s]   870 |       [01;36m[Kinsert[m[K(const_iterator __position, value_type&& __x)
[12.741s]       |       [01;36m[K^~~~~~[m[K
[12.743s] [01m[K/usr/include/c++/11/bits/stl_map.h:870:7:[m[K [01;36m[Knote: [m[K  candidate expects 2 arguments, 1 provided
[35.065s] gmake[2]: *** [CMakeFiles/car_control_node.dir/build.make:76: CMakeFiles/car_control_node.dir/src/car_control_node.cpp.o] Error 1
[35.066s] gmake[1]: *** [CMakeFiles/Makefile2:137: CMakeFiles/car_control_node.dir/all] Error 2
[35.068s] gmake: *** [Makefile:146: all] Error 2
[35.074s] Invoked command in '/home/pi/autocab/raspberryPI3/ros2_ws/build/car_control' returned '2': AMENT_PREFIX_PATH=/home/pi/autocab/raspberryPI3/ros2_ws/install/interfaces:${AMENT_PREFIX_PATH} CMAKE_PREFIX_PATH=/home/pi/autocab/raspberryPI3/ros2_ws/install/interfaces:/home/pi/ros2_ws/install/geicar_start:/home/pi/ros2_ws/install/system_check:/home/pi/ros2_ws/install/simulation:/home/pi/ros2_ws/install/imu_tools:/home/pi/ros2_ws/install/rviz_imu_plugin:/home/pi/ros2_ws/install/joystick:/home/pi/ros2_ws/install/car_control:/home/pi/ros2_ws/install/can:/home/pi/ros2_ws/install/interfaces:/home/pi/ros2_ws/install/imu_filter_madgwick:/home/pi/ros2_ws/install/imu_complementary_filter:/home/pi/ros2_ws/install/carla_msgs:/opt/ros/humble LD_LIBRARY_PATH=/home/pi/autocab/raspberryPI3/ros2_ws/install/interfaces/lib:${LD_LIBRARY_PATH} PYTHONPATH=/home/pi/autocab/raspberryPI3/ros2_ws/install/interfaces/local/lib/python3.10/dist-packages:${PYTHONPATH} /usr/bin/cmake --build /home/pi/autocab/raspberryPI3/ros2_ws/build/car_control -- -j4 -l4
