[0.244s] Invoking command in '/home/achraf/autocab/raspberryPI3/ros2_ws/build/imu_filter_madgwick': CMAKE_PREFIX_PATH=/opt/ros/humble /usr/bin/cmake --build /home/achraf/autocab/raspberryPI3/ros2_ws/build/imu_filter_madgwick -- -j8 -l8
[0.300s] [35m[1mConsolidate compiler generated dependencies of target imu_filter_madgwick[0m
[0.302s] [35m[1mConsolidate compiler generated dependencies of target gtest_main[0m
[0.305s] [35m[1mConsolidate compiler generated dependencies of target gtest[0m
[0.336s] [ 14%] Built target gtest_main
[0.356s] [ 42%] Built target imu_filter_madgwick
[0.377s] [ 57%] Built target gtest
[0.394s] [35m[1mConsolidate compiler generated dependencies of target imu_filter_madgwick_node[0m
[0.422s] [35m[1mConsolidate compiler generated dependencies of target madgwick_test[0m
[0.442s] [ 71%] Built target imu_filter_madgwick_node
[0.448s] [35m[1mConsolidate compiler generated dependencies of target stateless_orientation_test[0m
[0.455s] [ 85%] Built target madgwick_test
[0.513s] [100%] Built target stateless_orientation_test
[0.539s] Invoked command in '/home/achraf/autocab/raspberryPI3/ros2_ws/build/imu_filter_madgwick' returned '0': CMAKE_PREFIX_PATH=/opt/ros/humble /usr/bin/cmake --build /home/achraf/autocab/raspberryPI3/ros2_ws/build/imu_filter_madgwick -- -j8 -l8
[0.731s] Invoking command in '/home/achraf/autocab/raspberryPI3/ros2_ws/build/imu_filter_madgwick': CMAKE_PREFIX_PATH=/opt/ros/humble /usr/bin/cmake --install /home/achraf/autocab/raspberryPI3/ros2_ws/build/imu_filter_madgwick
[0.742s] -- Install configuration: ""
[0.742s] -- Up-to-date: /home/achraf/autocab/raspberryPI3/ros2_ws/install/imu_filter_madgwick/lib/libimu_filter_madgwick.so
[0.743s] -- Up-to-date: /home/achraf/autocab/raspberryPI3/ros2_ws/install/imu_filter_madgwick/include
[0.743s] -- Up-to-date: /home/achraf/autocab/raspberryPI3/ros2_ws/install/imu_filter_madgwick/include/imu_filter_madgwick
[0.743s] -- Up-to-date: /home/achraf/autocab/raspberryPI3/ros2_ws/install/imu_filter_madgwick/include/imu_filter_madgwick/imu_filter_ros.h
[0.743s] -- Up-to-date: /home/achraf/autocab/raspberryPI3/ros2_ws/install/imu_filter_madgwick/include/imu_filter_madgwick/stateless_orientation.h
[0.744s] -- Up-to-date: /home/achraf/autocab/raspberryPI3/ros2_ws/install/imu_filter_madgwick/include/imu_filter_madgwick/visibility_control.h
[0.744s] -- Up-to-date: /home/achraf/autocab/raspberryPI3/ros2_ws/install/imu_filter_madgwick/include/imu_filter_madgwick/imu_filter.h
[0.744s] -- Up-to-date: /home/achraf/autocab/raspberryPI3/ros2_ws/install/imu_filter_madgwick/include/imu_filter_madgwick/world_frame.h
[0.744s] -- Up-to-date: /home/achraf/autocab/raspberryPI3/ros2_ws/install/imu_filter_madgwick/include/imu_filter_madgwick/base_node.hpp
[0.744s] -- Up-to-date: /home/achraf/autocab/raspberryPI3/ros2_ws/install/imu_filter_madgwick/lib/imu_filter_madgwick/imu_filter_madgwick_node
[0.745s] -- Up-to-date: /home/achraf/autocab/raspberryPI3/ros2_ws/install/imu_filter_madgwick/share/imu_filter_madgwick/launch
[0.745s] -- Up-to-date: /home/achraf/autocab/raspberryPI3/ros2_ws/install/imu_filter_madgwick/share/imu_filter_madgwick/launch/imu_filter_component.launch.py
[0.745s] -- Up-to-date: /home/achraf/autocab/raspberryPI3/ros2_ws/install/imu_filter_madgwick/share/imu_filter_madgwick/launch/imu_filter.launch.py
[0.745s] -- Up-to-date: /home/achraf/autocab/raspberryPI3/ros2_ws/install/imu_filter_madgwick/share/imu_filter_madgwick/config
[0.745s] -- Up-to-date: /home/achraf/autocab/raspberryPI3/ros2_ws/install/imu_filter_madgwick/share/imu_filter_madgwick/config/imu_filter.yaml
[0.745s] -- Up-to-date: /home/achraf/autocab/raspberryPI3/ros2_ws/install/imu_filter_madgwick/share/imu_filter_madgwick/environment/library_path.sh
[0.746s] -- Up-to-date: /home/achraf/autocab/raspberryPI3/ros2_ws/install/imu_filter_madgwick/share/imu_filter_madgwick/environment/library_path.dsv
[0.746s] -- Up-to-date: /home/achraf/autocab/raspberryPI3/ros2_ws/install/imu_filter_madgwick/share/ament_index/resource_index/package_run_dependencies/imu_filter_madgwick
[0.746s] -- Up-to-date: /home/achraf/autocab/raspberryPI3/ros2_ws/install/imu_filter_madgwick/share/ament_index/resource_index/parent_prefix_path/imu_filter_madgwick
[0.746s] -- Up-to-date: /home/achraf/autocab/raspberryPI3/ros2_ws/install/imu_filter_madgwick/share/imu_filter_madgwick/environment/ament_prefix_path.sh
[0.746s] -- Up-to-date: /home/achraf/autocab/raspberryPI3/ros2_ws/install/imu_filter_madgwick/share/imu_filter_madgwick/environment/ament_prefix_path.dsv
[0.747s] -- Up-to-date: /home/achraf/autocab/raspberryPI3/ros2_ws/install/imu_filter_madgwick/share/imu_filter_madgwick/environment/path.sh
[0.747s] -- Up-to-date: /home/achraf/autocab/raspberryPI3/ros2_ws/install/imu_filter_madgwick/share/imu_filter_madgwick/environment/path.dsv
[0.747s] -- Up-to-date: /home/achraf/autocab/raspberryPI3/ros2_ws/install/imu_filter_madgwick/share/imu_filter_madgwick/local_setup.bash
[0.747s] -- Up-to-date: /home/achraf/autocab/raspberryPI3/ros2_ws/install/imu_filter_madgwick/share/imu_filter_madgwick/local_setup.sh
[0.747s] -- Up-to-date: /home/achraf/autocab/raspberryPI3/ros2_ws/install/imu_filter_madgwick/share/imu_filter_madgwick/local_setup.zsh
[0.747s] -- Up-to-date: /home/achraf/autocab/raspberryPI3/ros2_ws/install/imu_filter_madgwick/share/imu_filter_madgwick/local_setup.dsv
[0.747s] -- Installing: /home/achraf/autocab/raspberryPI3/ros2_ws/install/imu_filter_madgwick/share/imu_filter_madgwick/package.dsv
[0.747s] -- Up-to-date: /home/achraf/autocab/raspberryPI3/ros2_ws/install/imu_filter_madgwick/share/ament_index/resource_index/packages/imu_filter_madgwick
[0.748s] -- Up-to-date: /home/achraf/autocab/raspberryPI3/ros2_ws/install/imu_filter_madgwick/share/ament_index/resource_index/rclcpp_components/imu_filter_madgwick
[0.749s] -- Up-to-date: /home/achraf/autocab/raspberryPI3/ros2_ws/install/imu_filter_madgwick/share/imu_filter_madgwick/cmake/ament_cmake_export_include_directories-extras.cmake
[0.749s] -- Up-to-date: /home/achraf/autocab/raspberryPI3/ros2_ws/install/imu_filter_madgwick/share/imu_filter_madgwick/cmake/ament_cmake_export_libraries-extras.cmake
[0.751s] -- Up-to-date: /home/achraf/autocab/raspberryPI3/ros2_ws/install/imu_filter_madgwick/share/imu_filter_madgwick/cmake/imu_filter_madgwickConfig.cmake
[0.752s] -- Up-to-date: /home/achraf/autocab/raspberryPI3/ros2_ws/install/imu_filter_madgwick/share/imu_filter_madgwick/cmake/imu_filter_madgwickConfig-version.cmake
[0.752s] -- Up-to-date: /home/achraf/autocab/raspberryPI3/ros2_ws/install/imu_filter_madgwick/share/imu_filter_madgwick/package.xml
[0.752s] Invoked command in '/home/achraf/autocab/raspberryPI3/ros2_ws/build/imu_filter_madgwick' returned '0': CMAKE_PREFIX_PATH=/opt/ros/humble /usr/bin/cmake --install /home/achraf/autocab/raspberryPI3/ros2_ws/build/imu_filter_madgwick
