[0.189s] Invoking command in '/home/pi/autocab/raspberryPI3/ros2_ws/build/can': AMENT_PREFIX_PATH=/home/pi/autocab/raspberryPI3/ros2_ws/install/interfaces:${AMENT_PREFIX_PATH} CMAKE_PREFIX_PATH=/home/pi/autocab/raspberryPI3/ros2_ws/install/interfaces:/home/pi/ros2_ws/install/geicar_start:/home/pi/ros2_ws/install/system_check:/home/pi/ros2_ws/install/simulation:/home/pi/ros2_ws/install/imu_tools:/home/pi/ros2_ws/install/rviz_imu_plugin:/home/pi/ros2_ws/install/joystick:/home/pi/ros2_ws/install/car_control:/home/pi/ros2_ws/install/can:/home/pi/ros2_ws/install/interfaces:/home/pi/ros2_ws/install/imu_filter_madgwick:/home/pi/ros2_ws/install/imu_complementary_filter:/home/pi/ros2_ws/install/carla_msgs:/opt/ros/humble LD_LIBRARY_PATH=/home/pi/autocab/raspberryPI3/ros2_ws/install/interfaces/lib:${LD_LIBRARY_PATH} PYTHONPATH=/home/pi/autocab/raspberryPI3/ros2_ws/install/interfaces/local/lib/python3.10/dist-packages:${PYTHONPATH} /usr/bin/cmake --build /home/pi/autocab/raspberryPI3/ros2_ws/build/can -- -j4 -l4
[0.531s] -- Found ament_cmake: 1.3.2 (/opt/ros/humble/share/ament_cmake/cmake)
[2.758s] -- Found rclcpp: 16.0.1 (/opt/ros/humble/share/rclcpp/cmake)
[3.332s] -- Found rosidl_generator_c: 3.1.3 (/opt/ros/humble/share/rosidl_generator_c/cmake)
[3.369s] -- Found rosidl_adapter: 3.1.3 (/opt/ros/humble/share/rosidl_adapter/cmake)
[3.459s] -- Found rosidl_generator_cpp: 3.1.3 (/opt/ros/humble/share/rosidl_generator_cpp/cmake)
[3.669s] -- Using all available rosidl_typesupport_c: rosidl_typesupport_fastrtps_c;rosidl_typesupport_introspection_c
[3.949s] -- Using all available rosidl_typesupport_cpp: rosidl_typesupport_fastrtps_cpp;rosidl_typesupport_introspection_cpp
[4.864s] -- Found rmw_implementation_cmake: 6.1.0 (/opt/ros/humble/share/rmw_implementation_cmake/cmake)
[4.890s] -- Found rmw_fastrtps_cpp: 6.2.1 (/opt/ros/humble/share/rmw_fastrtps_cpp/cmake)
[7.673s] -- Using RMW implementation 'rmw_fastrtps_cpp' as default
[9.630s] -- Found sensor_msgs: 4.2.2 (/opt/ros/humble/share/sensor_msgs/cmake)
[11.181s] -- Found interfaces: 0.0.0 (/home/pi/autocab/raspberryPI3/ros2_ws/install/interfaces/share/interfaces/cmake)
[11.477s] -- Found ament_lint_auto: 0.12.4 (/opt/ros/humble/share/ament_lint_auto/cmake)
[12.510s] -- Added test 'cppcheck' to perform static code analysis on C / C++ code
[12.513s] -- Configured cppcheck include dirs: $<BUILD_INTERFACE:/home/pi/autocab/raspberryPI3/ros2_ws/src/can/include>
[12.515s] -- Configured cppcheck exclude dirs and/or files: 
[12.527s] -- Added test 'lint_cmake' to check CMake code style
[12.555s] -- Added test 'uncrustify' to check C / C++ code style
[12.556s] -- Configured uncrustify additional arguments: 
[12.561s] -- Added test 'xmllint' to check XML markup files
[12.579s] -- Configuring done
[12.821s] -- Generating done
[12.850s] -- Build files have been written to: /home/pi/autocab/raspberryPI3/ros2_ws/build/can
[13.178s] [35m[1mConsolidate compiler generated dependencies of target can_rx_node[0m
[13.484s] [ 25%] [32mBuilding CXX object CMakeFiles/can_rx_node.dir/src/can_rx_node.cpp.o[0m
[100.092s] [ 50%] [32m[1mLinking CXX executable can_rx_node[0m
[103.865s] [ 50%] Built target can_rx_node
[104.016s] [35m[1mConsolidate compiler generated dependencies of target can_tx_node[0m
[104.303s] [ 75%] [32mBuilding CXX object CMakeFiles/can_tx_node.dir/src/can_tx_node.cpp.o[0m
[262.942s] [100%] [32m[1mLinking CXX executable can_tx_node[0m
[270.370s] [100%] Built target can_tx_node
[270.511s] Invoked command in '/home/pi/autocab/raspberryPI3/ros2_ws/build/can' returned '0': AMENT_PREFIX_PATH=/home/pi/autocab/raspberryPI3/ros2_ws/install/interfaces:${AMENT_PREFIX_PATH} CMAKE_PREFIX_PATH=/home/pi/autocab/raspberryPI3/ros2_ws/install/interfaces:/home/pi/ros2_ws/install/geicar_start:/home/pi/ros2_ws/install/system_check:/home/pi/ros2_ws/install/simulation:/home/pi/ros2_ws/install/imu_tools:/home/pi/ros2_ws/install/rviz_imu_plugin:/home/pi/ros2_ws/install/joystick:/home/pi/ros2_ws/install/car_control:/home/pi/ros2_ws/install/can:/home/pi/ros2_ws/install/interfaces:/home/pi/ros2_ws/install/imu_filter_madgwick:/home/pi/ros2_ws/install/imu_complementary_filter:/home/pi/ros2_ws/install/carla_msgs:/opt/ros/humble LD_LIBRARY_PATH=/home/pi/autocab/raspberryPI3/ros2_ws/install/interfaces/lib:${LD_LIBRARY_PATH} PYTHONPATH=/home/pi/autocab/raspberryPI3/ros2_ws/install/interfaces/local/lib/python3.10/dist-packages:${PYTHONPATH} /usr/bin/cmake --build /home/pi/autocab/raspberryPI3/ros2_ws/build/can -- -j4 -l4
[271.009s] Invoking command in '/home/pi/autocab/raspberryPI3/ros2_ws/build/can': AMENT_PREFIX_PATH=/home/pi/autocab/raspberryPI3/ros2_ws/install/interfaces:${AMENT_PREFIX_PATH} CMAKE_PREFIX_PATH=/home/pi/autocab/raspberryPI3/ros2_ws/install/interfaces:/home/pi/ros2_ws/install/geicar_start:/home/pi/ros2_ws/install/system_check:/home/pi/ros2_ws/install/simulation:/home/pi/ros2_ws/install/imu_tools:/home/pi/ros2_ws/install/rviz_imu_plugin:/home/pi/ros2_ws/install/joystick:/home/pi/ros2_ws/install/car_control:/home/pi/ros2_ws/install/can:/home/pi/ros2_ws/install/interfaces:/home/pi/ros2_ws/install/imu_filter_madgwick:/home/pi/ros2_ws/install/imu_complementary_filter:/home/pi/ros2_ws/install/carla_msgs:/opt/ros/humble LD_LIBRARY_PATH=/home/pi/autocab/raspberryPI3/ros2_ws/install/interfaces/lib:${LD_LIBRARY_PATH} PYTHONPATH=/home/pi/autocab/raspberryPI3/ros2_ws/install/interfaces/local/lib/python3.10/dist-packages:${PYTHONPATH} /usr/bin/cmake --install /home/pi/autocab/raspberryPI3/ros2_ws/build/can
[271.142s] -- Install configuration: ""
[271.149s] -- Installing: /home/pi/autocab/raspberryPI3/ros2_ws/install/can/lib/can/can_rx_node
[271.219s] -- Set runtime path of "/home/pi/autocab/raspberryPI3/ros2_ws/install/can/lib/can/can_rx_node" to ""
[271.225s] -- Installing: /home/pi/autocab/raspberryPI3/ros2_ws/install/can/lib/can/can_tx_node
[271.405s] -- Set runtime path of "/home/pi/autocab/raspberryPI3/ros2_ws/install/can/lib/can/can_tx_node" to ""
[271.409s] -- Installing: /home/pi/autocab/raspberryPI3/ros2_ws/install/can/share/ament_index/resource_index/package_run_dependencies/can
[271.417s] -- Installing: /home/pi/autocab/raspberryPI3/ros2_ws/install/can/share/ament_index/resource_index/parent_prefix_path/can
[271.425s] -- Installing: /home/pi/autocab/raspberryPI3/ros2_ws/install/can/share/can/environment/ament_prefix_path.sh
[271.432s] -- Installing: /home/pi/autocab/raspberryPI3/ros2_ws/install/can/share/can/environment/ament_prefix_path.dsv
[271.439s] -- Installing: /home/pi/autocab/raspberryPI3/ros2_ws/install/can/share/can/environment/path.sh
[271.446s] -- Installing: /home/pi/autocab/raspberryPI3/ros2_ws/install/can/share/can/environment/path.dsv
[271.453s] -- Installing: /home/pi/autocab/raspberryPI3/ros2_ws/install/can/share/can/local_setup.bash
[271.460s] -- Installing: /home/pi/autocab/raspberryPI3/ros2_ws/install/can/share/can/local_setup.sh
[271.469s] -- Installing: /home/pi/autocab/raspberryPI3/ros2_ws/install/can/share/can/local_setup.zsh
[271.476s] -- Installing: /home/pi/autocab/raspberryPI3/ros2_ws/install/can/share/can/local_setup.dsv
[271.482s] -- Installing: /home/pi/autocab/raspberryPI3/ros2_ws/install/can/share/can/package.dsv
[271.489s] -- Installing: /home/pi/autocab/raspberryPI3/ros2_ws/install/can/share/ament_index/resource_index/packages/can
[271.497s] -- Installing: /home/pi/autocab/raspberryPI3/ros2_ws/install/can/share/can/cmake/canConfig.cmake
[271.505s] -- Installing: /home/pi/autocab/raspberryPI3/ros2_ws/install/can/share/can/cmake/canConfig-version.cmake
[271.514s] -- Installing: /home/pi/autocab/raspberryPI3/ros2_ws/install/can/share/can/package.xml
[271.543s] Invoked command in '/home/pi/autocab/raspberryPI3/ros2_ws/build/can' returned '0': AMENT_PREFIX_PATH=/home/pi/autocab/raspberryPI3/ros2_ws/install/interfaces:${AMENT_PREFIX_PATH} CMAKE_PREFIX_PATH=/home/pi/autocab/raspberryPI3/ros2_ws/install/interfaces:/home/pi/ros2_ws/install/geicar_start:/home/pi/ros2_ws/install/system_check:/home/pi/ros2_ws/install/simulation:/home/pi/ros2_ws/install/imu_tools:/home/pi/ros2_ws/install/rviz_imu_plugin:/home/pi/ros2_ws/install/joystick:/home/pi/ros2_ws/install/car_control:/home/pi/ros2_ws/install/can:/home/pi/ros2_ws/install/interfaces:/home/pi/ros2_ws/install/imu_filter_madgwick:/home/pi/ros2_ws/install/imu_complementary_filter:/home/pi/ros2_ws/install/carla_msgs:/opt/ros/humble LD_LIBRARY_PATH=/home/pi/autocab/raspberryPI3/ros2_ws/install/interfaces/lib:${LD_LIBRARY_PATH} PYTHONPATH=/home/pi/autocab/raspberryPI3/ros2_ws/install/interfaces/local/lib/python3.10/dist-packages:${PYTHONPATH} /usr/bin/cmake --install /home/pi/autocab/raspberryPI3/ros2_ws/build/can
