[1.295s] DEBUG:colcon:Command line arguments: ['/usr/bin/colcon', 'build', '--packages-select', 'car_control']
[1.295s] DEBUG:colcon:Parsed command line arguments: Namespace(log_base=None, log_level=None, verb_name='build', build_base='build', install_base='install', merge_install=False, symlink_install=False, test_result_base=None, continue_on_error=False, executor='parallel', parallel_workers=4, event_handlers=None, ignore_user_meta=False, metas=['./colcon.meta'], base_paths=['.'], packages_ignore=None, packages_ignore_regex=None, paths=None, packages_up_to=None, packages_up_to_regex=None, packages_above=None, packages_above_and_dependencies=None, packages_above_depth=None, packages_select_by_dep=None, packages_skip_by_dep=None, packages_skip_up_to=None, packages_select_build_failed=False, packages_skip_build_finished=False, packages_select_test_failures=False, packages_skip_test_passed=False, packages_select=['car_control'], packages_skip=None, packages_select_regex=None, packages_skip_regex=None, packages_start=None, packages_end=None, allow_overriding=[], cmake_args=None, cmake_target=None, cmake_target_skip_unavailable=False, cmake_clean_cache=False, cmake_clean_first=False, cmake_force_configure=False, ament_cmake_args=None, catkin_cmake_args=None, catkin_skip_building_tests=False, verb_parser=<colcon_defaults.argument_parser.defaults.DefaultArgumentsDecorator object at 0xffff95d99210>, verb_extension=<colcon_core.verb.build.BuildVerb object at 0xffff967c2ec0>, main=<bound method BuildVerb.main of <colcon_core.verb.build.BuildVerb object at 0xffff967c2ec0>>)
[1.395s] Level 1:colcon.colcon_core.package_discovery:discover_packages(colcon_meta) check parameters
[1.396s] Level 1:colcon.colcon_core.package_discovery:discover_packages(recursive) check parameters
[1.396s] Level 1:colcon.colcon_core.package_discovery:discover_packages(ignore) check parameters
[1.396s] Level 1:colcon.colcon_core.package_discovery:discover_packages(path) check parameters
[1.396s] Level 1:colcon.colcon_core.package_discovery:discover_packages(colcon_meta) discover
[1.396s] Level 1:colcon.colcon_core.package_discovery:discover_packages(recursive) discover
[1.397s] INFO:colcon.colcon_core.package_discovery:Crawling recursively for packages in '/home/pi/autocab/raspberryPI3/ros2_ws'
[1.397s] Level 1:colcon.colcon_core.package_identification:_identify(.) by extensions ['ignore', 'ignore_ament_install']
[1.397s] Level 1:colcon.colcon_core.package_identification:_identify(.) by extension 'ignore'
[1.398s] Level 1:colcon.colcon_core.package_identification:_identify(.) by extension 'ignore_ament_install'
[1.398s] Level 1:colcon.colcon_core.package_identification:_identify(.) by extensions ['colcon_pkg']
[1.398s] Level 1:colcon.colcon_core.package_identification:_identify(.) by extension 'colcon_pkg'
[1.398s] Level 1:colcon.colcon_core.package_identification:_identify(.) by extensions ['colcon_meta']
[1.398s] Level 1:colcon.colcon_core.package_identification:_identify(.) by extension 'colcon_meta'
[1.398s] Level 1:colcon.colcon_core.package_identification:_identify(.) by extensions ['ros']
[1.398s] Level 1:colcon.colcon_core.package_identification:_identify(.) by extension 'ros'
[1.445s] Level 1:colcon.colcon_core.package_identification:_identify(.) by extensions ['cmake', 'python']
[1.445s] Level 1:colcon.colcon_core.package_identification:_identify(.) by extension 'cmake'
[1.446s] Level 1:colcon.colcon_core.package_identification:_identify(.) by extension 'python'
[1.446s] Level 1:colcon.colcon_core.package_identification:_identify(.) by extensions ['python_setup_py']
[1.446s] Level 1:colcon.colcon_core.package_identification:_identify(.) by extension 'python_setup_py'
[1.446s] Level 1:colcon.colcon_core.package_identification:_identify(build) by extensions ['ignore', 'ignore_ament_install']
[1.447s] Level 1:colcon.colcon_core.package_identification:_identify(build) by extension 'ignore'
[1.447s] Level 1:colcon.colcon_core.package_identification:_identify(build) ignored
[1.448s] Level 1:colcon.colcon_core.package_identification:_identify(install) by extensions ['ignore', 'ignore_ament_install']
[1.448s] Level 1:colcon.colcon_core.package_identification:_identify(install) by extension 'ignore'
[1.448s] Level 1:colcon.colcon_core.package_identification:_identify(install) ignored
[1.449s] Level 1:colcon.colcon_core.package_identification:_identify(log) by extensions ['ignore', 'ignore_ament_install']
[1.449s] Level 1:colcon.colcon_core.package_identification:_identify(log) by extension 'ignore'
[1.449s] Level 1:colcon.colcon_core.package_identification:_identify(log) ignored
[1.450s] Level 1:colcon.colcon_core.package_identification:_identify(src) by extensions ['ignore', 'ignore_ament_install']
[1.450s] Level 1:colcon.colcon_core.package_identification:_identify(src) by extension 'ignore'
[1.450s] Level 1:colcon.colcon_core.package_identification:_identify(src) by extension 'ignore_ament_install'
[1.450s] Level 1:colcon.colcon_core.package_identification:_identify(src) by extensions ['colcon_pkg']
[1.451s] Level 1:colcon.colcon_core.package_identification:_identify(src) by extension 'colcon_pkg'
[1.451s] Level 1:colcon.colcon_core.package_identification:_identify(src) by extensions ['colcon_meta']
[1.451s] Level 1:colcon.colcon_core.package_identification:_identify(src) by extension 'colcon_meta'
[1.451s] Level 1:colcon.colcon_core.package_identification:_identify(src) by extensions ['ros']
[1.451s] Level 1:colcon.colcon_core.package_identification:_identify(src) by extension 'ros'
[1.451s] Level 1:colcon.colcon_core.package_identification:_identify(src) by extensions ['cmake', 'python']
[1.452s] Level 1:colcon.colcon_core.package_identification:_identify(src) by extension 'cmake'
[1.452s] Level 1:colcon.colcon_core.package_identification:_identify(src) by extension 'python'
[1.452s] Level 1:colcon.colcon_core.package_identification:_identify(src) by extensions ['python_setup_py']
[1.452s] Level 1:colcon.colcon_core.package_identification:_identify(src) by extension 'python_setup_py'
[1.452s] Level 1:colcon.colcon_core.package_identification:_identify(src/can) by extensions ['ignore', 'ignore_ament_install']
[1.453s] Level 1:colcon.colcon_core.package_identification:_identify(src/can) by extension 'ignore'
[1.453s] Level 1:colcon.colcon_core.package_identification:_identify(src/can) by extension 'ignore_ament_install'
[1.453s] Level 1:colcon.colcon_core.package_identification:_identify(src/can) by extensions ['colcon_pkg']
[1.453s] Level 1:colcon.colcon_core.package_identification:_identify(src/can) by extension 'colcon_pkg'
[1.453s] Level 1:colcon.colcon_core.package_identification:_identify(src/can) by extensions ['colcon_meta']
[1.453s] Level 1:colcon.colcon_core.package_identification:_identify(src/can) by extension 'colcon_meta'
[1.454s] Level 1:colcon.colcon_core.package_identification:_identify(src/can) by extensions ['ros']
[1.454s] Level 1:colcon.colcon_core.package_identification:_identify(src/can) by extension 'ros'
[1.496s] DEBUG:colcon.colcon_core.package_identification:Package 'src/can' with type 'ros.ament_cmake' and name 'can'
[1.496s] Level 1:colcon.colcon_core.package_identification:_identify(src/car_control) by extensions ['ignore', 'ignore_ament_install']
[1.497s] Level 1:colcon.colcon_core.package_identification:_identify(src/car_control) by extension 'ignore'
[1.497s] Level 1:colcon.colcon_core.package_identification:_identify(src/car_control) by extension 'ignore_ament_install'
[1.497s] Level 1:colcon.colcon_core.package_identification:_identify(src/car_control) by extensions ['colcon_pkg']
[1.497s] Level 1:colcon.colcon_core.package_identification:_identify(src/car_control) by extension 'colcon_pkg'
[1.497s] Level 1:colcon.colcon_core.package_identification:_identify(src/car_control) by extensions ['colcon_meta']
[1.498s] Level 1:colcon.colcon_core.package_identification:_identify(src/car_control) by extension 'colcon_meta'
[1.498s] Level 1:colcon.colcon_core.package_identification:_identify(src/car_control) by extensions ['ros']
[1.498s] Level 1:colcon.colcon_core.package_identification:_identify(src/car_control) by extension 'ros'
[1.501s] DEBUG:colcon.colcon_core.package_identification:Package 'src/car_control' with type 'ros.ament_cmake' and name 'car_control'
[1.501s] Level 1:colcon.colcon_core.package_identification:_identify(src/carla_msgs) by extensions ['ignore', 'ignore_ament_install']
[1.502s] Level 1:colcon.colcon_core.package_identification:_identify(src/carla_msgs) by extension 'ignore'
[1.502s] Level 1:colcon.colcon_core.package_identification:_identify(src/carla_msgs) by extension 'ignore_ament_install'
[1.502s] Level 1:colcon.colcon_core.package_identification:_identify(src/carla_msgs) by extensions ['colcon_pkg']
[1.502s] Level 1:colcon.colcon_core.package_identification:_identify(src/carla_msgs) by extension 'colcon_pkg'
[1.502s] Level 1:colcon.colcon_core.package_identification:_identify(src/carla_msgs) by extensions ['colcon_meta']
[1.503s] Level 1:colcon.colcon_core.package_identification:_identify(src/carla_msgs) by extension 'colcon_meta'
[1.503s] Level 1:colcon.colcon_core.package_identification:_identify(src/carla_msgs) by extensions ['ros']
[1.503s] Level 1:colcon.colcon_core.package_identification:_identify(src/carla_msgs) by extension 'ros'
[1.506s] DEBUG:colcon.colcon_core.package_identification:Package 'src/carla_msgs' with type 'ros.ament_cmake' and name 'carla_msgs'
[1.506s] Level 1:colcon.colcon_core.package_identification:_identify(src/geicar_start) by extensions ['ignore', 'ignore_ament_install']
[1.506s] Level 1:colcon.colcon_core.package_identification:_identify(src/geicar_start) by extension 'ignore'
[1.507s] Level 1:colcon.colcon_core.package_identification:_identify(src/geicar_start) by extension 'ignore_ament_install'
[1.507s] Level 1:colcon.colcon_core.package_identification:_identify(src/geicar_start) by extensions ['colcon_pkg']
[1.507s] Level 1:colcon.colcon_core.package_identification:_identify(src/geicar_start) by extension 'colcon_pkg'
[1.507s] Level 1:colcon.colcon_core.package_identification:_identify(src/geicar_start) by extensions ['colcon_meta']
[1.507s] Level 1:colcon.colcon_core.package_identification:_identify(src/geicar_start) by extension 'colcon_meta'
[1.508s] Level 1:colcon.colcon_core.package_identification:_identify(src/geicar_start) by extensions ['ros']
[1.508s] Level 1:colcon.colcon_core.package_identification:_identify(src/geicar_start) by extension 'ros'
[1.510s] DEBUG:colcon.colcon_core.package_identification:Package 'src/geicar_start' with type 'ros.ament_cmake' and name 'geicar_start'
[1.510s] Level 1:colcon.colcon_core.package_identification:_identify(src/imu_tools) by extensions ['ignore', 'ignore_ament_install']
[1.511s] Level 1:colcon.colcon_core.package_identification:_identify(src/imu_tools) by extension 'ignore'
[1.511s] Level 1:colcon.colcon_core.package_identification:_identify(src/imu_tools) by extension 'ignore_ament_install'
[1.511s] Level 1:colcon.colcon_core.package_identification:_identify(src/imu_tools) by extensions ['colcon_pkg']
[1.511s] Level 1:colcon.colcon_core.package_identification:_identify(src/imu_tools) by extension 'colcon_pkg'
[1.512s] Level 1:colcon.colcon_core.package_identification:_identify(src/imu_tools) by extensions ['colcon_meta']
[1.512s] Level 1:colcon.colcon_core.package_identification:_identify(src/imu_tools) by extension 'colcon_meta'
[1.512s] Level 1:colcon.colcon_core.package_identification:_identify(src/imu_tools) by extensions ['ros']
[1.512s] Level 1:colcon.colcon_core.package_identification:_identify(src/imu_tools) by extension 'ros'
[1.512s] Level 1:colcon.colcon_core.package_identification:_identify(src/imu_tools) by extensions ['cmake', 'python']
[1.512s] Level 1:colcon.colcon_core.package_identification:_identify(src/imu_tools) by extension 'cmake'
[1.513s] Level 1:colcon.colcon_core.package_identification:_identify(src/imu_tools) by extension 'python'
[1.513s] Level 1:colcon.colcon_core.package_identification:_identify(src/imu_tools) by extensions ['python_setup_py']
[1.513s] Level 1:colcon.colcon_core.package_identification:_identify(src/imu_tools) by extension 'python_setup_py'
[1.513s] Level 1:colcon.colcon_core.package_identification:_identify(src/imu_tools/imu_complementary_filter) by extensions ['ignore', 'ignore_ament_install']
[1.514s] Level 1:colcon.colcon_core.package_identification:_identify(src/imu_tools/imu_complementary_filter) by extension 'ignore'
[1.514s] Level 1:colcon.colcon_core.package_identification:_identify(src/imu_tools/imu_complementary_filter) by extension 'ignore_ament_install'
[1.514s] Level 1:colcon.colcon_core.package_identification:_identify(src/imu_tools/imu_complementary_filter) by extensions ['colcon_pkg']
[1.514s] Level 1:colcon.colcon_core.package_identification:_identify(src/imu_tools/imu_complementary_filter) by extension 'colcon_pkg'
[1.514s] Level 1:colcon.colcon_core.package_identification:_identify(src/imu_tools/imu_complementary_filter) by extensions ['colcon_meta']
[1.514s] Level 1:colcon.colcon_core.package_identification:_identify(src/imu_tools/imu_complementary_filter) by extension 'colcon_meta'
[1.515s] Level 1:colcon.colcon_core.package_identification:_identify(src/imu_tools/imu_complementary_filter) by extensions ['ros']
[1.515s] Level 1:colcon.colcon_core.package_identification:_identify(src/imu_tools/imu_complementary_filter) by extension 'ros'
[1.517s] DEBUG:colcon.colcon_core.package_identification:Package 'src/imu_tools/imu_complementary_filter' with type 'ros.ament_cmake' and name 'imu_complementary_filter'
[1.518s] Level 1:colcon.colcon_core.package_identification:_identify(src/imu_tools/imu_filter_madgwick) by extensions ['ignore', 'ignore_ament_install']
[1.518s] Level 1:colcon.colcon_core.package_identification:_identify(src/imu_tools/imu_filter_madgwick) by extension 'ignore'
[1.519s] Level 1:colcon.colcon_core.package_identification:_identify(src/imu_tools/imu_filter_madgwick) by extension 'ignore_ament_install'
[1.519s] Level 1:colcon.colcon_core.package_identification:_identify(src/imu_tools/imu_filter_madgwick) by extensions ['colcon_pkg']
[1.519s] Level 1:colcon.colcon_core.package_identification:_identify(src/imu_tools/imu_filter_madgwick) by extension 'colcon_pkg'
[1.519s] Level 1:colcon.colcon_core.package_identification:_identify(src/imu_tools/imu_filter_madgwick) by extensions ['colcon_meta']
[1.519s] Level 1:colcon.colcon_core.package_identification:_identify(src/imu_tools/imu_filter_madgwick) by extension 'colcon_meta'
[1.520s] Level 1:colcon.colcon_core.package_identification:_identify(src/imu_tools/imu_filter_madgwick) by extensions ['ros']
[1.520s] Level 1:colcon.colcon_core.package_identification:_identify(src/imu_tools/imu_filter_madgwick) by extension 'ros'
[1.524s] DEBUG:colcon.colcon_core.package_identification:Package 'src/imu_tools/imu_filter_madgwick' with type 'ros.ament_cmake' and name 'imu_filter_madgwick'
[1.525s] Level 1:colcon.colcon_core.package_identification:_identify(src/imu_tools/imu_tools) by extensions ['ignore', 'ignore_ament_install']
[1.525s] Level 1:colcon.colcon_core.package_identification:_identify(src/imu_tools/imu_tools) by extension 'ignore'
[1.526s] Level 1:colcon.colcon_core.package_identification:_identify(src/imu_tools/imu_tools) by extension 'ignore_ament_install'
[1.526s] Level 1:colcon.colcon_core.package_identification:_identify(src/imu_tools/imu_tools) by extensions ['colcon_pkg']
[1.526s] Level 1:colcon.colcon_core.package_identification:_identify(src/imu_tools/imu_tools) by extension 'colcon_pkg'
[1.526s] Level 1:colcon.colcon_core.package_identification:_identify(src/imu_tools/imu_tools) by extensions ['colcon_meta']
[1.526s] Level 1:colcon.colcon_core.package_identification:_identify(src/imu_tools/imu_tools) by extension 'colcon_meta'
[1.527s] Level 1:colcon.colcon_core.package_identification:_identify(src/imu_tools/imu_tools) by extensions ['ros']
[1.527s] Level 1:colcon.colcon_core.package_identification:_identify(src/imu_tools/imu_tools) by extension 'ros'
[1.529s] DEBUG:colcon.colcon_core.package_identification:Package 'src/imu_tools/imu_tools' with type 'ros.ament_cmake' and name 'imu_tools'
[1.529s] Level 1:colcon.colcon_core.package_identification:_identify(src/imu_tools/rviz_imu_plugin) by extensions ['ignore', 'ignore_ament_install']
[1.530s] Level 1:colcon.colcon_core.package_identification:_identify(src/imu_tools/rviz_imu_plugin) by extension 'ignore'
[1.530s] Level 1:colcon.colcon_core.package_identification:_identify(src/imu_tools/rviz_imu_plugin) by extension 'ignore_ament_install'
[1.530s] Level 1:colcon.colcon_core.package_identification:_identify(src/imu_tools/rviz_imu_plugin) by extensions ['colcon_pkg']
[1.530s] Level 1:colcon.colcon_core.package_identification:_identify(src/imu_tools/rviz_imu_plugin) by extension 'colcon_pkg'
[1.530s] Level 1:colcon.colcon_core.package_identification:_identify(src/imu_tools/rviz_imu_plugin) by extensions ['colcon_meta']
[1.530s] Level 1:colcon.colcon_core.package_identification:_identify(src/imu_tools/rviz_imu_plugin) by extension 'colcon_meta'
[1.531s] Level 1:colcon.colcon_core.package_identification:_identify(src/imu_tools/rviz_imu_plugin) by extensions ['ros']
[1.531s] Level 1:colcon.colcon_core.package_identification:_identify(src/imu_tools/rviz_imu_plugin) by extension 'ros'
[1.535s] DEBUG:colcon.colcon_core.package_identification:Package 'src/imu_tools/rviz_imu_plugin' with type 'ros.ament_cmake' and name 'rviz_imu_plugin'
[1.536s] Level 1:colcon.colcon_core.package_identification:_identify(src/interfaces) by extensions ['ignore', 'ignore_ament_install']
[1.537s] Level 1:colcon.colcon_core.package_identification:_identify(src/interfaces) by extension 'ignore'
[1.537s] Level 1:colcon.colcon_core.package_identification:_identify(src/interfaces) by extension 'ignore_ament_install'
[1.537s] Level 1:colcon.colcon_core.package_identification:_identify(src/interfaces) by extensions ['colcon_pkg']
[1.537s] Level 1:colcon.colcon_core.package_identification:_identify(src/interfaces) by extension 'colcon_pkg'
[1.538s] Level 1:colcon.colcon_core.package_identification:_identify(src/interfaces) by extensions ['colcon_meta']
[1.538s] Level 1:colcon.colcon_core.package_identification:_identify(src/interfaces) by extension 'colcon_meta'
[1.538s] Level 1:colcon.colcon_core.package_identification:_identify(src/interfaces) by extensions ['ros']
[1.538s] Level 1:colcon.colcon_core.package_identification:_identify(src/interfaces) by extension 'ros'
[1.541s] DEBUG:colcon.colcon_core.package_identification:Package 'src/interfaces' with type 'ros.ament_cmake' and name 'interfaces'
[1.541s] Level 1:colcon.colcon_core.package_identification:_identify(src/joystick) by extensions ['ignore', 'ignore_ament_install']
[1.542s] Level 1:colcon.colcon_core.package_identification:_identify(src/joystick) by extension 'ignore'
[1.542s] Level 1:colcon.colcon_core.package_identification:_identify(src/joystick) by extension 'ignore_ament_install'
[1.542s] Level 1:colcon.colcon_core.package_identification:_identify(src/joystick) by extensions ['colcon_pkg']
[1.542s] Level 1:colcon.colcon_core.package_identification:_identify(src/joystick) by extension 'colcon_pkg'
[1.542s] Level 1:colcon.colcon_core.package_identification:_identify(src/joystick) by extensions ['colcon_meta']
[1.542s] Level 1:colcon.colcon_core.package_identification:_identify(src/joystick) by extension 'colcon_meta'
[1.543s] Level 1:colcon.colcon_core.package_identification:_identify(src/joystick) by extensions ['ros']
[1.543s] Level 1:colcon.colcon_core.package_identification:_identify(src/joystick) by extension 'ros'
[1.545s] DEBUG:colcon.colcon_core.package_identification:Package 'src/joystick' with type 'ros.ament_cmake' and name 'joystick'
[1.546s] Level 1:colcon.colcon_core.package_identification:_identify(src/simulation) by extensions ['ignore', 'ignore_ament_install']
[1.546s] Level 1:colcon.colcon_core.package_identification:_identify(src/simulation) by extension 'ignore'
[1.547s] Level 1:colcon.colcon_core.package_identification:_identify(src/simulation) by extension 'ignore_ament_install'
[1.547s] Level 1:colcon.colcon_core.package_identification:_identify(src/simulation) by extensions ['colcon_pkg']
[1.547s] Level 1:colcon.colcon_core.package_identification:_identify(src/simulation) by extension 'colcon_pkg'
[1.547s] Level 1:colcon.colcon_core.package_identification:_identify(src/simulation) by extensions ['colcon_meta']
[1.547s] Level 1:colcon.colcon_core.package_identification:_identify(src/simulation) by extension 'colcon_meta'
[1.547s] Level 1:colcon.colcon_core.package_identification:_identify(src/simulation) by extensions ['ros']
[1.548s] Level 1:colcon.colcon_core.package_identification:_identify(src/simulation) by extension 'ros'
[1.550s] DEBUG:colcon.colcon_core.package_identification:Package 'src/simulation' with type 'ros.ament_cmake' and name 'simulation'
[1.551s] Level 1:colcon.colcon_core.package_identification:_identify(src/system_check) by extensions ['ignore', 'ignore_ament_install']
[1.551s] Level 1:colcon.colcon_core.package_identification:_identify(src/system_check) by extension 'ignore'
[1.551s] Level 1:colcon.colcon_core.package_identification:_identify(src/system_check) by extension 'ignore_ament_install'
[1.551s] Level 1:colcon.colcon_core.package_identification:_identify(src/system_check) by extensions ['colcon_pkg']
[1.552s] Level 1:colcon.colcon_core.package_identification:_identify(src/system_check) by extension 'colcon_pkg'
[1.552s] Level 1:colcon.colcon_core.package_identification:_identify(src/system_check) by extensions ['colcon_meta']
[1.552s] Level 1:colcon.colcon_core.package_identification:_identify(src/system_check) by extension 'colcon_meta'
[1.552s] Level 1:colcon.colcon_core.package_identification:_identify(src/system_check) by extensions ['ros']
[1.552s] Level 1:colcon.colcon_core.package_identification:_identify(src/system_check) by extension 'ros'
[1.555s] DEBUG:colcon.colcon_core.package_identification:Package 'src/system_check' with type 'ros.ament_cmake' and name 'system_check'
[1.555s] Level 1:colcon.colcon_core.package_discovery:discover_packages(recursive) using defaults
[1.555s] Level 1:colcon.colcon_core.package_discovery:discover_packages(ignore) discover
[1.555s] Level 1:colcon.colcon_core.package_discovery:discover_packages(ignore) using defaults
[1.555s] Level 1:colcon.colcon_core.package_discovery:discover_packages(path) discover
[1.555s] Level 1:colcon.colcon_core.package_discovery:discover_packages(path) using defaults
[1.703s] INFO:colcon.colcon_core.package_selection:Skipping not selected package 'carla_msgs' in 'src/carla_msgs'
[1.703s] INFO:colcon.colcon_core.package_selection:Skipping not selected package 'imu_complementary_filter' in 'src/imu_tools/imu_complementary_filter'
[1.704s] INFO:colcon.colcon_core.package_selection:Skipping not selected package 'imu_filter_madgwick' in 'src/imu_tools/imu_filter_madgwick'
[1.704s] INFO:colcon.colcon_core.package_selection:Skipping not selected package 'interfaces' in 'src/interfaces'
[1.704s] INFO:colcon.colcon_core.package_selection:Skipping not selected package 'rviz_imu_plugin' in 'src/imu_tools/rviz_imu_plugin'
[1.704s] INFO:colcon.colcon_core.package_selection:Skipping not selected package 'can' in 'src/can'
[1.704s] INFO:colcon.colcon_core.package_selection:Skipping not selected package 'imu_tools' in 'src/imu_tools/imu_tools'
[1.704s] INFO:colcon.colcon_core.package_selection:Skipping not selected package 'joystick' in 'src/joystick'
[1.704s] INFO:colcon.colcon_core.package_selection:Skipping not selected package 'simulation' in 'src/simulation'
[1.704s] INFO:colcon.colcon_core.package_selection:Skipping not selected package 'system_check' in 'src/system_check'
[1.704s] INFO:colcon.colcon_core.package_selection:Skipping not selected package 'geicar_start' in 'src/geicar_start'
[1.708s] Level 1:colcon.colcon_core.package_discovery:discover_packages(prefix_path) check parameters
[1.709s] Level 1:colcon.colcon_core.package_discovery:discover_packages(prefix_path) discover
[1.767s] DEBUG:colcon.colcon_installed_package_information.package_discovery:Found 12 installed packages in /home/pi/ros2_ws/install
[1.781s] DEBUG:colcon.colcon_installed_package_information.package_discovery:Found 281 installed packages in /opt/ros/humble
[1.791s] Level 1:colcon.colcon_core.package_discovery:discover_packages(prefix_path) using defaults
[2.214s] WARNING:colcon.colcon_core.package_selection:Some selected packages are already built in one or more underlay workspaces:
	'car_control' is in: /home/pi/ros2_ws/install/car_control
If a package in a merged underlay workspace is overridden and it installs headers, then all packages in the overlay must sort their include directories by workspace order. Failure to do so may result in build failures or undefined behavior at run time.
If the overridden package is used by another package in any underlay, then the overriding package in the overlay must be API and ABI compatible or undefined behavior at run time may occur.

If you understand the risks and want to override a package anyways, add the following to the command line:
	--allow-overriding car_control

This may be promoted to an error in a future release of colcon-override-check.
[2.220s] Level 5:colcon.colcon_core.verb:set package 'car_control' build argument 'cmake_args' from command line to 'None'
[2.220s] Level 5:colcon.colcon_core.verb:set package 'car_control' build argument 'cmake_target' from command line to 'None'
[2.220s] Level 5:colcon.colcon_core.verb:set package 'car_control' build argument 'cmake_target_skip_unavailable' from command line to 'False'
[2.221s] Level 5:colcon.colcon_core.verb:set package 'car_control' build argument 'cmake_clean_cache' from command line to 'False'
[2.221s] Level 5:colcon.colcon_core.verb:set package 'car_control' build argument 'cmake_clean_first' from command line to 'False'
[2.221s] Level 5:colcon.colcon_core.verb:set package 'car_control' build argument 'cmake_force_configure' from command line to 'False'
[2.221s] Level 5:colcon.colcon_core.verb:set package 'car_control' build argument 'ament_cmake_args' from command line to 'None'
[2.221s] Level 5:colcon.colcon_core.verb:set package 'car_control' build argument 'catkin_cmake_args' from command line to 'None'
[2.221s] Level 5:colcon.colcon_core.verb:set package 'car_control' build argument 'catkin_skip_building_tests' from command line to 'False'
[2.222s] DEBUG:colcon.colcon_core.verb:Building package 'car_control' with the following arguments: {'ament_cmake_args': None, 'build_base': '/home/pi/autocab/raspberryPI3/ros2_ws/build/car_control', 'catkin_cmake_args': None, 'catkin_skip_building_tests': False, 'cmake_args': None, 'cmake_clean_cache': False, 'cmake_clean_first': False, 'cmake_force_configure': False, 'cmake_target': None, 'cmake_target_skip_unavailable': False, 'install_base': '/home/pi/autocab/raspberryPI3/ros2_ws/install/car_control', 'merge_install': False, 'path': '/home/pi/autocab/raspberryPI3/ros2_ws/src/car_control', 'symlink_install': False, 'test_result_base': None}
[2.225s] INFO:colcon.colcon_core.executor:Executing jobs using 'parallel' executor
[2.239s] DEBUG:colcon.colcon_parallel_executor.executor.parallel:run_until_complete
[2.240s] INFO:colcon.colcon_ros.task.ament_cmake.build:Building ROS package in '/home/pi/autocab/raspberryPI3/ros2_ws/src/car_control' with build type 'ament_cmake'
[2.241s] INFO:colcon.colcon_cmake.task.cmake.build:Building CMake package in '/home/pi/autocab/raspberryPI3/ros2_ws/src/car_control'
[2.274s] INFO:colcon.colcon_core.plugin_system:Skipping extension 'colcon_core.shell.bat': Not used on non-Windows systems
[2.275s] INFO:colcon.colcon_core.shell:Skip shell extension 'powershell' for command environment: Not usable outside of PowerShell
[2.275s] DEBUG:colcon.colcon_core.shell:Skip shell extension 'dsv' for command environment
[2.353s] DEBUG:colcon.colcon_core.event_handler.log_command:Invoking command in '/home/pi/autocab/raspberryPI3/ros2_ws/build/car_control': AMENT_PREFIX_PATH=/home/pi/autocab/raspberryPI3/ros2_ws/install/interfaces:${AMENT_PREFIX_PATH} CMAKE_PREFIX_PATH=/home/pi/autocab/raspberryPI3/ros2_ws/install/interfaces:/home/pi/ros2_ws/install/geicar_start:/home/pi/ros2_ws/install/system_check:/home/pi/ros2_ws/install/simulation:/home/pi/ros2_ws/install/imu_tools:/home/pi/ros2_ws/install/rviz_imu_plugin:/home/pi/ros2_ws/install/joystick:/home/pi/ros2_ws/install/car_control:/home/pi/ros2_ws/install/can:/home/pi/ros2_ws/install/interfaces:/home/pi/ros2_ws/install/imu_filter_madgwick:/home/pi/ros2_ws/install/imu_complementary_filter:/home/pi/ros2_ws/install/carla_msgs:/opt/ros/humble LD_LIBRARY_PATH=/home/pi/autocab/raspberryPI3/ros2_ws/install/interfaces/lib:${LD_LIBRARY_PATH} PYTHONPATH=/home/pi/autocab/raspberryPI3/ros2_ws/install/interfaces/local/lib/python3.10/dist-packages:${PYTHONPATH} /usr/bin/cmake --build /home/pi/autocab/raspberryPI3/ros2_ws/build/car_control -- -j4 -l4
[38.619s] DEBUG:colcon.colcon_core.event_handler.log_command:Invoked command in '/home/pi/autocab/raspberryPI3/ros2_ws/build/car_control' returned '2': AMENT_PREFIX_PATH=/home/pi/autocab/raspberryPI3/ros2_ws/install/interfaces:${AMENT_PREFIX_PATH} CMAKE_PREFIX_PATH=/home/pi/autocab/raspberryPI3/ros2_ws/install/interfaces:/home/pi/ros2_ws/install/geicar_start:/home/pi/ros2_ws/install/system_check:/home/pi/ros2_ws/install/simulation:/home/pi/ros2_ws/install/imu_tools:/home/pi/ros2_ws/install/rviz_imu_plugin:/home/pi/ros2_ws/install/joystick:/home/pi/ros2_ws/install/car_control:/home/pi/ros2_ws/install/can:/home/pi/ros2_ws/install/interfaces:/home/pi/ros2_ws/install/imu_filter_madgwick:/home/pi/ros2_ws/install/imu_complementary_filter:/home/pi/ros2_ws/install/carla_msgs:/opt/ros/humble LD_LIBRARY_PATH=/home/pi/autocab/raspberryPI3/ros2_ws/install/interfaces/lib:${LD_LIBRARY_PATH} PYTHONPATH=/home/pi/autocab/raspberryPI3/ros2_ws/install/interfaces/local/lib/python3.10/dist-packages:${PYTHONPATH} /usr/bin/cmake --build /home/pi/autocab/raspberryPI3/ros2_ws/build/car_control -- -j4 -l4
[38.840s] Level 1:colcon.colcon_core.environment:create_environment_scripts_only(car_control)
[38.876s] Level 1:colcon.colcon_core.environment:checking '/home/pi/autocab/raspberryPI3/ros2_ws/install/car_control' for CMake module files
[38.879s] Level 1:colcon.colcon_core.environment:checking '/home/pi/autocab/raspberryPI3/ros2_ws/install/car_control' for CMake config files
[38.882s] Level 1:colcon.colcon_core.shell:create_environment_hook('car_control', 'cmake_prefix_path')
[38.888s] INFO:colcon.colcon_core.shell:Creating environment hook '/home/pi/autocab/raspberryPI3/ros2_ws/install/car_control/share/car_control/hook/cmake_prefix_path.ps1'
[38.892s] INFO:colcon.colcon_core.shell:Creating environment descriptor '/home/pi/autocab/raspberryPI3/ros2_ws/install/car_control/share/car_control/hook/cmake_prefix_path.dsv'
[38.895s] INFO:colcon.colcon_core.shell:Creating environment hook '/home/pi/autocab/raspberryPI3/ros2_ws/install/car_control/share/car_control/hook/cmake_prefix_path.sh'
[38.899s] Level 1:colcon.colcon_core.environment:checking '/home/pi/autocab/raspberryPI3/ros2_ws/install/car_control/lib'
[38.900s] Level 1:colcon.colcon_core.environment:checking '/home/pi/autocab/raspberryPI3/ros2_ws/install/car_control/bin'
[38.900s] Level 1:colcon.colcon_core.environment:checking '/home/pi/autocab/raspberryPI3/ros2_ws/install/car_control/lib/pkgconfig/car_control.pc'
[38.901s] Level 1:colcon.colcon_core.environment:checking '/home/pi/autocab/raspberryPI3/ros2_ws/install/car_control/lib/python3.10/site-packages'
[38.902s] Level 1:colcon.colcon_core.environment:checking '/home/pi/autocab/raspberryPI3/ros2_ws/install/car_control/bin'
[38.907s] INFO:colcon.colcon_core.shell:Creating package script '/home/pi/autocab/raspberryPI3/ros2_ws/install/car_control/share/car_control/package.ps1'
[38.912s] INFO:colcon.colcon_core.shell:Creating package descriptor '/home/pi/autocab/raspberryPI3/ros2_ws/install/car_control/share/car_control/package.dsv'
[38.915s] INFO:colcon.colcon_core.shell:Creating package script '/home/pi/autocab/raspberryPI3/ros2_ws/install/car_control/share/car_control/package.sh'
[38.920s] INFO:colcon.colcon_core.shell:Creating package script '/home/pi/autocab/raspberryPI3/ros2_ws/install/car_control/share/car_control/package.bash'
[38.924s] INFO:colcon.colcon_core.shell:Creating package script '/home/pi/autocab/raspberryPI3/ros2_ws/install/car_control/share/car_control/package.zsh'
[38.929s] Level 1:colcon.colcon_core.environment:create_file_with_runtime_dependencies(/home/pi/autocab/raspberryPI3/ros2_ws/install/car_control/share/colcon-core/packages/car_control)
[38.941s] DEBUG:colcon.colcon_parallel_executor.executor.parallel:closing loop
[38.942s] DEBUG:colcon.colcon_parallel_executor.executor.parallel:loop closed
[38.943s] DEBUG:colcon.colcon_parallel_executor.executor.parallel:run_until_complete finished with '2'
[38.943s] DEBUG:colcon.colcon_core.event_reactor:joining thread
[39.101s] INFO:colcon.colcon_core.plugin_system:Skipping extension 'colcon_notification.desktop_notification.notify_send': Could not find 'notify-send'
[39.102s] INFO:colcon.colcon_core.plugin_system:Skipping extension 'colcon_notification.desktop_notification.terminal_notifier': Not used on non-Darwin systems
[39.102s] INFO:colcon.colcon_core.plugin_system:Skipping extension 'colcon_notification.desktop_notification.win32': Not used on non-Windows systems
[39.103s] INFO:colcon.colcon_notification.desktop_notification:Sending desktop notification using 'notify2'
[39.173s] DEBUG:colcon.colcon_notification.desktop_notification.notify2:Failed to initialize notify2: org.freedesktop.DBus.Error.ServiceUnknown: The name org.freedesktop.Notifications was not provided by any .service files
[39.173s] DEBUG:colcon.colcon_core.event_reactor:joined thread
[39.179s] INFO:colcon.colcon_core.shell:Creating prefix script '/home/pi/autocab/raspberryPI3/ros2_ws/install/local_setup.ps1'
[39.185s] INFO:colcon.colcon_core.shell:Creating prefix util module '/home/pi/autocab/raspberryPI3/ros2_ws/install/_local_setup_util_ps1.py'
[39.192s] INFO:colcon.colcon_core.shell:Creating prefix chain script '/home/pi/autocab/raspberryPI3/ros2_ws/install/setup.ps1'
[39.203s] INFO:colcon.colcon_core.shell:Creating prefix script '/home/pi/autocab/raspberryPI3/ros2_ws/install/local_setup.sh'
[39.206s] INFO:colcon.colcon_core.shell:Creating prefix util module '/home/pi/autocab/raspberryPI3/ros2_ws/install/_local_setup_util_sh.py'
[39.209s] INFO:colcon.colcon_core.shell:Creating prefix chain script '/home/pi/autocab/raspberryPI3/ros2_ws/install/setup.sh'
[39.219s] INFO:colcon.colcon_core.shell:Creating prefix script '/home/pi/autocab/raspberryPI3/ros2_ws/install/local_setup.bash'
[39.221s] INFO:colcon.colcon_core.shell:Creating prefix chain script '/home/pi/autocab/raspberryPI3/ros2_ws/install/setup.bash'
[39.231s] INFO:colcon.colcon_core.shell:Creating prefix script '/home/pi/autocab/raspberryPI3/ros2_ws/install/local_setup.zsh'
[39.234s] INFO:colcon.colcon_core.shell:Creating prefix chain script '/home/pi/autocab/raspberryPI3/ros2_ws/install/setup.zsh'
