[0.193s] Invoking command in '/home/pi/autocab/raspberryPI3/ros2_ws/build/car_control': AMENT_PREFIX_PATH=/home/pi/autocab/raspberryPI3/ros2_ws/install/interfaces:${AMENT_PREFIX_PATH} CMAKE_PREFIX_PATH=/home/pi/autocab/raspberryPI3/ros2_ws/install/interfaces:/home/pi/ros2_ws/install/geicar_start:/home/pi/ros2_ws/install/system_check:/home/pi/ros2_ws/install/simulation:/home/pi/ros2_ws/install/imu_tools:/home/pi/ros2_ws/install/rviz_imu_plugin:/home/pi/ros2_ws/install/joystick:/home/pi/ros2_ws/install/car_control:/home/pi/ros2_ws/install/can:/home/pi/ros2_ws/install/interfaces:/home/pi/ros2_ws/install/imu_filter_madgwick:/home/pi/ros2_ws/install/imu_complementary_filter:/home/pi/ros2_ws/install/carla_msgs:/opt/ros/humble LD_LIBRARY_PATH=/home/pi/autocab/raspberryPI3/ros2_ws/install/interfaces/lib:${LD_LIBRARY_PATH} PYTHONPATH=/home/pi/autocab/raspberryPI3/ros2_ws/install/interfaces/local/lib/python3.10/dist-packages:${PYTHONPATH} /usr/bin/cmake --build /home/pi/autocab/raspberryPI3/ros2_ws/build/car_control -- -j4 -l4
[0.719s] [35m[1mConsolidate compiler generated dependencies of target car_control_node[0m
[1.010s] [ 20%] [32mBuilding CXX object CMakeFiles/car_control_node.dir/src/car_control_node.cpp.o[0m
[1.021s] [ 40%] [32mBuilding CXX object CMakeFiles/car_control_node.dir/src/fromAtoB.cpp.o[0m
[26.474s] In file included from [01m[K/home/pi/autocab/raspberryPI3/ros2_ws/src/car_control/src/fromAtoB.cpp:1[m[K:
[26.476s] [01m[K/home/pi/autocab/raspberryPI3/ros2_ws/src/car_control/src/../include/car_control/fromAtoB.h:40:5:[m[K [01;31m[Kerror: [m[K‘[01m[Kunordered_map[m[K’ does not name a type
[26.477s]    40 |     [01;31m[Kunordered_map[m[K<char, const unordered_map<char, float>> vertices;
[26.478s]       |     [01;31m[K^~~~~~~~~~~~~[m[K
[26.496s] [01m[K/home/pi/autocab/raspberryPI3/ros2_ws/src/car_control/src/../include/car_control/fromAtoB.h:44:38:[m[K [01;31m[Kerror: [m[K‘[01m[Kunordered_map[m[K’ does not name a type
[26.497s]    44 |     void add_vertex(char name, const [01;31m[Kunordered_map[m[K<char, float>& edges);
[26.498s]       |                                      [01;31m[K^~~~~~~~~~~~~[m[K
[26.500s] [01m[K/home/pi/autocab/raspberryPI3/ros2_ws/src/car_control/src/../include/car_control/fromAtoB.h:44:51:[m[K [01;31m[Kerror: [m[Kexpected ‘[01m[K,[m[K’ or ‘[01m[K...[m[K’ before ‘[01m[K<[m[K’ token
[26.501s]    44 |     void add_vertex(char name, const unordered_map[01;31m[K<[m[Kchar, float>& edges);
[26.502s]       |                                                   [01;31m[K^[m[K
[26.508s] [01m[K/home/pi/autocab/raspberryPI3/ros2_ws/src/car_control/src/../include/car_control/fromAtoB.h:45:5:[m[K [01;31m[Kerror: [m[K‘[01m[Kvector[m[K’ does not name a type
[26.509s]    45 |     [01;31m[Kvector[m[K<char> shortest_path(char start, char finish);
[26.511s]       |     [01;31m[K^~~~~~[m[K
[26.512s] [01m[K/home/pi/autocab/raspberryPI3/ros2_ws/src/car_control/src/../include/car_control/fromAtoB.h:46:22:[m[K [01;31m[Kerror: [m[K‘[01m[Kmap[m[K’ has not been declared
[26.513s]    46 |     void createGraph([01;31m[Kmap[m[K<char, float[2]> coordinates);
[26.515s]       |                      [01;31m[K^~~[m[K
[26.517s] [01m[K/home/pi/autocab/raspberryPI3/ros2_ws/src/car_control/src/../include/car_control/fromAtoB.h:46:25:[m[K [01;31m[Kerror: [m[Kexpected ‘[01m[K,[m[K’ or ‘[01m[K...[m[K’ before ‘[01m[K<[m[K’ token
[26.518s]    46 |     void createGraph(map[01;31m[K<[m[Kchar, float[2]> coordinates);
[26.519s]       |                         [01;31m[K^[m[K
[26.522s] [01m[K/home/pi/autocab/raspberryPI3/ros2_ws/src/car_control/src/../include/car_control/fromAtoB.h:48:2:[m[K [01;31m[Kerror: [m[Kexpected ‘[01m[K;[m[K’ after class definition
[26.524s]    48 | }
[26.525s]       |  [01;31m[K^[m[K
[26.527s]       |  [32m[K;[m[K
[26.528s] [01m[K/home/pi/autocab/raspberryPI3/ros2_ws/src/car_control/src/fromAtoB.cpp:72:8:[m[K [01;31m[Kerror: [m[Kexpected unqualified-id before ‘[01m[Kvoid[m[K’
[26.530s]    72 | Graph::[01;31m[Kvoid[m[K add_vertex(char name, const unordered_map<char, float>& edges)
[26.531s]       |        [01;31m[K^~~~[m[K
[26.532s] [01m[K/home/pi/autocab/raspberryPI3/ros2_ws/src/car_control/src/fromAtoB.cpp:77:8:[m[K [01;31m[Kerror: [m[K‘[01m[Kvector[m[K’ in ‘[01m[Kclass Graph[m[K’ does not name a template type
[26.533s]    77 | Graph::[01;31m[Kvector[m[K<char> shortest_path(char start, char finish)
[26.534s]       |        [01;31m[K^~~~~~[m[K
[26.536s] [01m[K/home/pi/autocab/raspberryPI3/ros2_ws/src/car_control/src/fromAtoB.cpp:138:8:[m[K [01;31m[Kerror: [m[Kexpected unqualified-id before ‘[01m[Kvoid[m[K’
[26.537s]   138 | Graph::[01;31m[Kvoid[m[K createGraph(map<char, float[2]> coordinates)
[26.539s]       |        [01;31m[K^~~~[m[K
[26.540s] [01m[K/home/pi/autocab/raspberryPI3/ros2_ws/src/car_control/src/fromAtoB.cpp:148:8:[m[K [01;31m[Kerror: [m[Kexpected unqualified-id before ‘[01m[Kfloat[m[K’
[26.541s]   148 | Graph::[01;31m[Kfloat[m[K distance(float a[2], float b[2])
[26.542s]       |        [01;31m[K^~~~~[m[K
[26.828s] In file included from [01m[K/home/pi/autocab/raspberryPI3/ros2_ws/src/car_control/src/car_control_node.cpp:19[m[K:
[26.829s] [01m[K/home/pi/autocab/raspberryPI3/ros2_ws/src/car_control/src/../include/car_control/fromAtoB.h:40:5:[m[K [01;31m[Kerror: [m[K‘[01m[Kunordered_map[m[K’ does not name a type
[26.830s]    40 |     [01;31m[Kunordered_map[m[K<char, const unordered_map<char, float>> vertices;
[26.831s]       |     [01;31m[K^~~~~~~~~~~~~[m[K
[26.849s] [01m[K/home/pi/autocab/raspberryPI3/ros2_ws/src/car_control/src/../include/car_control/fromAtoB.h:44:38:[m[K [01;31m[Kerror: [m[K‘[01m[Kunordered_map[m[K’ does not name a type
[26.851s]    44 |     void add_vertex(char name, const [01;31m[Kunordered_map[m[K<char, float>& edges);
[26.852s]       |                                      [01;31m[K^~~~~~~~~~~~~[m[K
[26.853s] [01m[K/home/pi/autocab/raspberryPI3/ros2_ws/src/car_control/src/../include/car_control/fromAtoB.h:44:51:[m[K [01;31m[Kerror: [m[Kexpected ‘[01m[K,[m[K’ or ‘[01m[K...[m[K’ before ‘[01m[K<[m[K’ token
[26.855s]    44 |     void add_vertex(char name, const unordered_map[01;31m[K<[m[Kchar, float>& edges);
[26.856s]       |                                                   [01;31m[K^[m[K
[26.861s] [01m[K/home/pi/autocab/raspberryPI3/ros2_ws/src/car_control/src/../include/car_control/fromAtoB.h:45:5:[m[K [01;31m[Kerror: [m[K‘[01m[Kvector[m[K’ does not name a type
[26.863s]    45 |     [01;31m[Kvector[m[K<char> shortest_path(char start, char finish);
[26.864s]       |     [01;31m[K^~~~~~[m[K
[26.865s] [01m[K/home/pi/autocab/raspberryPI3/ros2_ws/src/car_control/src/../include/car_control/fromAtoB.h:46:22:[m[K [01;31m[Kerror: [m[K‘[01m[Kmap[m[K’ has not been declared
[26.866s]    46 |     void createGraph([01;31m[Kmap[m[K<char, float[2]> coordinates);
[26.868s]       |                      [01;31m[K^~~[m[K
[26.869s] [01m[K/home/pi/autocab/raspberryPI3/ros2_ws/src/car_control/src/../include/car_control/fromAtoB.h:46:25:[m[K [01;31m[Kerror: [m[Kexpected ‘[01m[K,[m[K’ or ‘[01m[K...[m[K’ before ‘[01m[K<[m[K’ token
[26.870s]    46 |     void createGraph(map[01;31m[K<[m[Kchar, float[2]> coordinates);
[26.872s]       |                         [01;31m[K^[m[K
[26.873s] [01m[K/home/pi/autocab/raspberryPI3/ros2_ws/src/car_control/src/../include/car_control/fromAtoB.h:48:2:[m[K [01;31m[Kerror: [m[Kexpected ‘[01m[K;[m[K’ after class definition
[26.874s]    48 | }
[26.876s]       |  [01;31m[K^[m[K
[26.877s]       |  [32m[K;[m[K
[28.866s] [01m[K/home/pi/autocab/raspberryPI3/ros2_ws/src/car_control/src/car_control_node.cpp:[m[K In constructor ‘[01m[Kcar_control::car_control()[m[K’:
[28.867s] [01m[K/home/pi/autocab/raspberryPI3/ros2_ws/src/car_control/src/car_control_node.cpp:47:34:[m[K [01;31m[Kerror: [m[Kexpected primary-expression before ‘[01m[K{[m[K’ token
[28.869s]    47 |         coordinates.insert(('A', [01;31m[K{[m[K43.570596, 1.466500}));
[28.870s]       |                                  [01;31m[K^[m[K
[28.871s] [01m[K/home/pi/autocab/raspberryPI3/ros2_ws/src/car_control/src/car_control_node.cpp:47:34:[m[K [01;31m[Kerror: [m[Kexpected ‘[01m[K)[m[K’ before ‘[01m[K{[m[K’ token
[28.872s] [01m[K/home/pi/autocab/raspberryPI3/ros2_ws/src/car_control/src/car_control_node.cpp:47:28:[m[K [01;36m[Knote: [m[Kto match this ‘[01m[K([m[K’
[28.873s]    47 |         coordinates.insert([01;36m[K([m[K'A', {43.570596, 1.466500}));
[28.875s]       |                            [01;36m[K^[m[K
[28.876s] [01m[K/home/pi/autocab/raspberryPI3/ros2_ws/src/car_control/src/car_control_node.cpp:48:34:[m[K [01;31m[Kerror: [m[Kexpected primary-expression before ‘[01m[K{[m[K’ token
[28.877s]    48 |         coordinates.insert(('B', [01;31m[K{[m[K43.570596, 1.466500}));
[28.878s]       |                                  [01;31m[K^[m[K
[28.879s] [01m[K/home/pi/autocab/raspberryPI3/ros2_ws/src/car_control/src/car_control_node.cpp:48:34:[m[K [01;31m[Kerror: [m[Kexpected ‘[01m[K)[m[K’ before ‘[01m[K{[m[K’ token
[28.881s] [01m[K/home/pi/autocab/raspberryPI3/ros2_ws/src/car_control/src/car_control_node.cpp:48:28:[m[K [01;36m[Knote: [m[Kto match this ‘[01m[K([m[K’
[28.882s]    48 |         coordinates.insert([01;36m[K([m[K'B', {43.570596, 1.466500}));
[28.883s]       |                            [01;36m[K^[m[K
[28.884s] [01m[K/home/pi/autocab/raspberryPI3/ros2_ws/src/car_control/src/car_control_node.cpp:49:34:[m[K [01;31m[Kerror: [m[Kexpected primary-expression before ‘[01m[K{[m[K’ token
[28.885s]    49 |         coordinates.insert(('C', [01;31m[K{[m[K43.570596, 1.466500}));
[28.887s]       |                                  [01;31m[K^[m[K
[28.888s] [01m[K/home/pi/autocab/raspberryPI3/ros2_ws/src/car_control/src/car_control_node.cpp:49:34:[m[K [01;31m[Kerror: [m[Kexpected ‘[01m[K)[m[K’ before ‘[01m[K{[m[K’ token
[28.889s] [01m[K/home/pi/autocab/raspberryPI3/ros2_ws/src/car_control/src/car_control_node.cpp:49:28:[m[K [01;36m[Knote: [m[Kto match this ‘[01m[K([m[K’
[28.890s]    49 |         coordinates.insert([01;36m[K([m[K'C', {43.570596, 1.466500}));
[28.891s]       |                            [01;36m[K^[m[K
[28.892s] [01m[K/home/pi/autocab/raspberryPI3/ros2_ws/src/car_control/src/car_control_node.cpp:50:34:[m[K [01;31m[Kerror: [m[Kexpected primary-expression before ‘[01m[K{[m[K’ token
[28.893s]    50 |         coordinates.insert(('D', [01;31m[K{[m[K43.570596, 1.466500}));
[28.895s]       |                                  [01;31m[K^[m[K
[28.896s] [01m[K/home/pi/autocab/raspberryPI3/ros2_ws/src/car_control/src/car_control_node.cpp:50:34:[m[K [01;31m[Kerror: [m[Kexpected ‘[01m[K)[m[K’ before ‘[01m[K{[m[K’ token
[28.897s] [01m[K/home/pi/autocab/raspberryPI3/ros2_ws/src/car_control/src/car_control_node.cpp:50:28:[m[K [01;36m[Knote: [m[Kto match this ‘[01m[K([m[K’
[28.898s]    50 |         coordinates.insert([01;36m[K([m[K'D', {43.570596, 1.466500}));
[28.899s]       |                            [01;36m[K^[m[K
[28.900s] [01m[K/home/pi/autocab/raspberryPI3/ros2_ws/src/car_control/src/car_control_node.cpp:52:27:[m[K [01;31m[Kerror: [m[Kcannot convert ‘[01m[Kstd::map<char, float [2]>[m[K’ to ‘[01m[Kint[m[K’
[28.901s]    52 |         graph.createGraph([01;31m[Kcoordinates[m[K);
[28.902s]       |                           [01;31m[K^~~~~~~~~~~[m[K
[28.903s]       |                           [01;31m[K|[m[K
[28.904s]       |                           [01;31m[Kstd::map<char, float [2]>[m[K
[28.906s] In file included from [01m[K/home/pi/autocab/raspberryPI3/ros2_ws/src/car_control/src/car_control_node.cpp:19[m[K:
[28.907s] [01m[K/home/pi/autocab/raspberryPI3/ros2_ws/src/car_control/src/../include/car_control/fromAtoB.h:46:22:[m[K [01;36m[Knote: [m[K  initializing argument 1 of ‘[01m[Kvoid Graph::createGraph(int)[m[K’
[28.908s]    46 |     void createGraph([01;36m[Kmap[m[K<char, float[2]> coordinates);
[28.910s]       |                      [01;36m[K^~~[m[K
[30.577s] gmake[2]: *** [CMakeFiles/car_control_node.dir/build.make:118: CMakeFiles/car_control_node.dir/src/fromAtoB.cpp.o] Error 1
[30.578s] gmake[2]: *** Waiting for unfinished jobs....
[78.739s] gmake[2]: *** [CMakeFiles/car_control_node.dir/build.make:76: CMakeFiles/car_control_node.dir/src/car_control_node.cpp.o] Error 1
[78.741s] gmake[1]: *** [CMakeFiles/Makefile2:137: CMakeFiles/car_control_node.dir/all] Error 2
[78.743s] gmake: *** [Makefile:146: all] Error 2
[78.757s] Invoked command in '/home/pi/autocab/raspberryPI3/ros2_ws/build/car_control' returned '2': AMENT_PREFIX_PATH=/home/pi/autocab/raspberryPI3/ros2_ws/install/interfaces:${AMENT_PREFIX_PATH} CMAKE_PREFIX_PATH=/home/pi/autocab/raspberryPI3/ros2_ws/install/interfaces:/home/pi/ros2_ws/install/geicar_start:/home/pi/ros2_ws/install/system_check:/home/pi/ros2_ws/install/simulation:/home/pi/ros2_ws/install/imu_tools:/home/pi/ros2_ws/install/rviz_imu_plugin:/home/pi/ros2_ws/install/joystick:/home/pi/ros2_ws/install/car_control:/home/pi/ros2_ws/install/can:/home/pi/ros2_ws/install/interfaces:/home/pi/ros2_ws/install/imu_filter_madgwick:/home/pi/ros2_ws/install/imu_complementary_filter:/home/pi/ros2_ws/install/carla_msgs:/opt/ros/humble LD_LIBRARY_PATH=/home/pi/autocab/raspberryPI3/ros2_ws/install/interfaces/lib:${LD_LIBRARY_PATH} PYTHONPATH=/home/pi/autocab/raspberryPI3/ros2_ws/install/interfaces/local/lib/python3.10/dist-packages:${PYTHONPATH} /usr/bin/cmake --build /home/pi/autocab/raspberryPI3/ros2_ws/build/car_control -- -j4 -l4
