[0.084s] Invoking command in '/home/pi/autocab/raspberryPI3/ros2_ws/build/car_control': CMAKE_PREFIX_PATH=/home/pi/autocab/raspberryPI3/ros2_ws/install/interfaces:/home/pi/autocab/raspberryPI3/ros2_ws/install/car_control:/home/pi/autocab/raspberryPI3/ros2_ws/install/carla_msgs:/home/pi/ros2_ws/install/geicar_start:/home/pi/ros2_ws/install/system_check:/home/pi/ros2_ws/install/simulation:/home/pi/ros2_ws/install/imu_tools:/home/pi/ros2_ws/install/rviz_imu_plugin:/home/pi/ros2_ws/install/joystick:/home/pi/ros2_ws/install/car_control:/home/pi/ros2_ws/install/can:/home/pi/ros2_ws/install/interfaces:/home/pi/ros2_ws/install/imu_filter_madgwick:/home/pi/ros2_ws/install/imu_complementary_filter:/home/pi/ros2_ws/install/carla_msgs:/opt/ros/humble /usr/bin/cmake --build /home/pi/autocab/raspberryPI3/ros2_ws/build/car_control -- -j4 -l4
[0.298s] [35m[1mConsolidate compiler generated dependencies of target car_control_node[0m
[0.406s] [ 20%] [32mBuilding CXX object CMakeFiles/car_control_node.dir/src/car_control_node.cpp.o[0m
[0.407s] [ 40%] [32mBuilding CXX object CMakeFiles/car_control_node.dir/src/autoPropulsionCmd.cpp.o[0m
[57.690s] [ 60%] [32m[1mLinking CXX executable car_control_node[0m
[61.337s] [100%] Built target car_control_node
[61.384s] Invoked command in '/home/pi/autocab/raspberryPI3/ros2_ws/build/car_control' returned '0': CMAKE_PREFIX_PATH=/home/pi/autocab/raspberryPI3/ros2_ws/install/interfaces:/home/pi/autocab/raspberryPI3/ros2_ws/install/car_control:/home/pi/autocab/raspberryPI3/ros2_ws/install/carla_msgs:/home/pi/ros2_ws/install/geicar_start:/home/pi/ros2_ws/install/system_check:/home/pi/ros2_ws/install/simulation:/home/pi/ros2_ws/install/imu_tools:/home/pi/ros2_ws/install/rviz_imu_plugin:/home/pi/ros2_ws/install/joystick:/home/pi/ros2_ws/install/car_control:/home/pi/ros2_ws/install/can:/home/pi/ros2_ws/install/interfaces:/home/pi/ros2_ws/install/imu_filter_madgwick:/home/pi/ros2_ws/install/imu_complementary_filter:/home/pi/ros2_ws/install/carla_msgs:/opt/ros/humble /usr/bin/cmake --build /home/pi/autocab/raspberryPI3/ros2_ws/build/car_control -- -j4 -l4
[61.656s] Invoking command in '/home/pi/autocab/raspberryPI3/ros2_ws/build/car_control': CMAKE_PREFIX_PATH=/home/pi/autocab/raspberryPI3/ros2_ws/install/interfaces:/home/pi/autocab/raspberryPI3/ros2_ws/install/car_control:/home/pi/autocab/raspberryPI3/ros2_ws/install/carla_msgs:/home/pi/ros2_ws/install/geicar_start:/home/pi/ros2_ws/install/system_check:/home/pi/ros2_ws/install/simulation:/home/pi/ros2_ws/install/imu_tools:/home/pi/ros2_ws/install/rviz_imu_plugin:/home/pi/ros2_ws/install/joystick:/home/pi/ros2_ws/install/car_control:/home/pi/ros2_ws/install/can:/home/pi/ros2_ws/install/interfaces:/home/pi/ros2_ws/install/imu_filter_madgwick:/home/pi/ros2_ws/install/imu_complementary_filter:/home/pi/ros2_ws/install/carla_msgs:/opt/ros/humble /usr/bin/cmake --install /home/pi/autocab/raspberryPI3/ros2_ws/build/car_control
[61.690s] -- Install configuration: ""
[61.691s] -- Installing: /home/pi/autocab/raspberryPI3/ros2_ws/install/car_control/lib/car_control/car_control_node
[61.751s] -- Set runtime path of "/home/pi/autocab/raspberryPI3/ros2_ws/install/car_control/lib/car_control/car_control_node" to ""
[61.752s] -- Up-to-date: /home/pi/autocab/raspberryPI3/ros2_ws/install/car_control/share/ament_index/resource_index/package_run_dependencies/car_control
[61.752s] -- Up-to-date: /home/pi/autocab/raspberryPI3/ros2_ws/install/car_control/share/ament_index/resource_index/parent_prefix_path/car_control
[61.753s] -- Up-to-date: /home/pi/autocab/raspberryPI3/ros2_ws/install/car_control/share/car_control/environment/ament_prefix_path.sh
[61.753s] -- Up-to-date: /home/pi/autocab/raspberryPI3/ros2_ws/install/car_control/share/car_control/environment/ament_prefix_path.dsv
[61.754s] -- Up-to-date: /home/pi/autocab/raspberryPI3/ros2_ws/install/car_control/share/car_control/environment/path.sh
[61.754s] -- Up-to-date: /home/pi/autocab/raspberryPI3/ros2_ws/install/car_control/share/car_control/environment/path.dsv
[61.755s] -- Up-to-date: /home/pi/autocab/raspberryPI3/ros2_ws/install/car_control/share/car_control/local_setup.bash
[61.755s] -- Up-to-date: /home/pi/autocab/raspberryPI3/ros2_ws/install/car_control/share/car_control/local_setup.sh
[61.756s] -- Up-to-date: /home/pi/autocab/raspberryPI3/ros2_ws/install/car_control/share/car_control/local_setup.zsh
[61.756s] -- Up-to-date: /home/pi/autocab/raspberryPI3/ros2_ws/install/car_control/share/car_control/local_setup.dsv
[61.756s] -- Installing: /home/pi/autocab/raspberryPI3/ros2_ws/install/car_control/share/car_control/package.dsv
[61.757s] -- Up-to-date: /home/pi/autocab/raspberryPI3/ros2_ws/install/car_control/share/ament_index/resource_index/packages/car_control
[61.757s] -- Up-to-date: /home/pi/autocab/raspberryPI3/ros2_ws/install/car_control/share/car_control/cmake/ament_cmake_export_include_directories-extras.cmake
[61.758s] -- Up-to-date: /home/pi/autocab/raspberryPI3/ros2_ws/install/car_control/share/car_control/cmake/car_controlConfig.cmake
[61.758s] -- Up-to-date: /home/pi/autocab/raspberryPI3/ros2_ws/install/car_control/share/car_control/cmake/car_controlConfig-version.cmake
[61.759s] -- Up-to-date: /home/pi/autocab/raspberryPI3/ros2_ws/install/car_control/share/car_control/package.xml
[61.766s] Invoked command in '/home/pi/autocab/raspberryPI3/ros2_ws/build/car_control' returned '0': CMAKE_PREFIX_PATH=/home/pi/autocab/raspberryPI3/ros2_ws/install/interfaces:/home/pi/autocab/raspberryPI3/ros2_ws/install/car_control:/home/pi/autocab/raspberryPI3/ros2_ws/install/carla_msgs:/home/pi/ros2_ws/install/geicar_start:/home/pi/ros2_ws/install/system_check:/home/pi/ros2_ws/install/simulation:/home/pi/ros2_ws/install/imu_tools:/home/pi/ros2_ws/install/rviz_imu_plugin:/home/pi/ros2_ws/install/joystick:/home/pi/ros2_ws/install/car_control:/home/pi/ros2_ws/install/can:/home/pi/ros2_ws/install/interfaces:/home/pi/ros2_ws/install/imu_filter_madgwick:/home/pi/ros2_ws/install/imu_complementary_filter:/home/pi/ros2_ws/install/carla_msgs:/opt/ros/humble /usr/bin/cmake --install /home/pi/autocab/raspberryPI3/ros2_ws/build/car_control
