[0.130s] Invoking command in '/home/pi/autocab/raspberryPI3/ros2_ws/build/carla_msgs': CMAKE_PREFIX_PATH=${CMAKE_PREFIX_PATH}:/opt/ros/humble /usr/bin/cmake --build /home/pi/autocab/raspberryPI3/ros2_ws/build/carla_msgs -- -j4 -l4
[0.385s] [35m[1mConsolidate compiler generated dependencies of target carla_msgs__rosidl_generator_c[0m
[0.529s] [  3%] Built target carla_msgs__cpp
[0.551s] [ 12%] Built target carla_msgs__rosidl_generator_c
[0.586s] [ 12%] Built target ament_cmake_python_copy_carla_msgs
[0.614s] [35m[1mConsolidate compiler generated dependencies of target carla_msgs__rosidl_typesupport_cpp[0m
[0.654s] [35m[1mConsolidate compiler generated dependencies of target carla_msgs__rosidl_typesupport_introspection_cpp[0m
[0.669s] [35m[1mConsolidate compiler generated dependencies of target carla_msgs__rosidl_typesupport_fastrtps_cpp[0m
[0.733s] [35m[1mConsolidate compiler generated dependencies of target carla_msgs__rosidl_typesupport_fastrtps_c[0m
[0.747s] [ 22%] Built target carla_msgs__rosidl_typesupport_cpp
[0.796s] [ 32%] Built target carla_msgs__rosidl_typesupport_introspection_cpp
[0.801s] [ 41%] Built target carla_msgs__rosidl_typesupport_fastrtps_cpp
[0.835s] [35m[1mConsolidate compiler generated dependencies of target carla_msgs__rosidl_typesupport_introspection_c[0m
[0.873s] [ 51%] Built target carla_msgs__rosidl_typesupport_fastrtps_c
[0.906s] [35m[1mConsolidate compiler generated dependencies of target carla_msgs__rosidl_typesupport_c[0m
[0.955s] [ 61%] Built target carla_msgs__rosidl_typesupport_introspection_c
[1.018s] [ 70%] Built target carla_msgs__rosidl_typesupport_c
[1.165s] [ 70%] Built target carla_msgs
[1.272s] [ 74%] Built target carla_msgs__py
[1.350s] [35m[1mConsolidate compiler generated dependencies of target carla_msgs__rosidl_generator_py[0m
[1.467s] [ 80%] Built target carla_msgs__rosidl_generator_py
[1.607s] [35m[1mConsolidate compiler generated dependencies of target carla_msgs__rosidl_typesupport_fastrtps_c__pyext[0m
[1.608s] [35m[1mConsolidate compiler generated dependencies of target carla_msgs__rosidl_typesupport_c__pyext[0m
[1.629s] [35m[1mConsolidate compiler generated dependencies of target carla_msgs__rosidl_typesupport_introspection_c__pyext[0m
[1.718s] [ 87%] Built target carla_msgs__rosidl_typesupport_fastrtps_c__pyext
[1.725s] [ 93%] Built target carla_msgs__rosidl_typesupport_introspection_c__pyext
[1.737s] [100%] Built target carla_msgs__rosidl_typesupport_c__pyext
[2.539s] running egg_info
[2.542s] writing carla_msgs.egg-info/PKG-INFO
[2.544s] writing dependency_links to carla_msgs.egg-info/dependency_links.txt
[2.545s] writing top-level names to carla_msgs.egg-info/top_level.txt
[2.554s] reading manifest file 'carla_msgs.egg-info/SOURCES.txt'
[2.557s] writing manifest file 'carla_msgs.egg-info/SOURCES.txt'
[2.692s] [100%] Built target ament_cmake_python_build_carla_msgs_egg
