[0.133s] Invoking command in '/home/pi/autocab/raspberryPI3/ros2_ws/build/carla_msgs': CMAKE_PREFIX_PATH=${CMAKE_PREFIX_PATH}:/opt/ros/humble /usr/bin/cmake --build /home/pi/autocab/raspberryPI3/ros2_ws/build/carla_msgs -- -j4 -l4
[0.387s] -- Found ament_cmake: 1.3.2 (/opt/ros/humble/share/ament_cmake/cmake)
[1.562s] -- Found rclcpp: 16.0.1 (/opt/ros/humble/share/rclcpp/cmake)
[1.809s] -- Found rosidl_generator_c: 3.1.3 (/opt/ros/humble/share/rosidl_generator_c/cmake)
[1.829s] -- Found rosidl_adapter: 3.1.3 (/opt/ros/humble/share/rosidl_adapter/cmake)
[1.869s] -- Found rosidl_generator_cpp: 3.1.3 (/opt/ros/humble/share/rosidl_generator_cpp/cmake)
[1.938s] -- Using all available rosidl_typesupport_c: rosidl_typesupport_fastrtps_c;rosidl_typesupport_introspection_c
[2.038s] -- Using all available rosidl_typesupport_cpp: rosidl_typesupport_fastrtps_cpp;rosidl_typesupport_introspection_cpp
[2.357s] -- Found rmw_implementation_cmake: 6.1.0 (/opt/ros/humble/share/rmw_implementation_cmake/cmake)
[2.370s] -- Found rmw_fastrtps_cpp: 6.2.1 (/opt/ros/humble/share/rmw_fastrtps_cpp/cmake)
[3.355s] -- Using RMW implementation 'rmw_fastrtps_cpp' as default
[4.000s] -- Found rosidl_default_generators: 1.2.0 (/opt/ros/humble/share/rosidl_default_generators/cmake)
[5.719s] -- Found ament_cmake_ros: 0.10.0 (/opt/ros/humble/share/ament_cmake_ros/cmake)
[11.814s] -- Using all available rosidl_typesupport_c: rosidl_typesupport_fastrtps_c;rosidl_typesupport_introspection_c
[15.352s] -- Using all available rosidl_typesupport_cpp: rosidl_typesupport_fastrtps_cpp;rosidl_typesupport_introspection_cpp
[15.729s] -- Found python_cmake_module: 0.10.0 (/opt/ros/humble/share/python_cmake_module/cmake)
[15.985s] -- Using PYTHON_EXECUTABLE: /usr/bin/python3
[15.990s] -- Using PYTHON_INCLUDE_DIRS: /usr/include/python3.10
[15.992s] -- Using PYTHON_LIBRARIES: /usr/lib/aarch64-linux-gnu/libpython3.10.so
[16.581s] -- Found ament_lint_auto: 0.12.4 (/opt/ros/humble/share/ament_lint_auto/cmake)
[16.814s] -- Added test 'lint_cmake' to check CMake code style
[16.932s] -- Added test 'xmllint' to check XML markup files
[17.037s] -- Configuring done
[17.896s] -- Generating done
[18.074s] -- Build files have been written to: /home/pi/autocab/raspberryPI3/ros2_ws/build/carla_msgs
[19.244s] [  3%] Built target carla_msgs__cpp
[19.721s] [  6%] [32mBuilding C object CMakeFiles/carla_msgs__rosidl_generator_c.dir/rosidl_generator_c/carla_msgs/msg/detail/carla_ego_vehicle_control__functions.c.o[0m
[19.847s] [  9%] [32mBuilding CXX object CMakeFiles/carla_msgs__rosidl_typesupport_cpp.dir/rosidl_typesupport_cpp/carla_msgs/msg/carla_ego_vehicle_control__type_support.cpp.o[0m
[20.138s] [ 12%] [32mBuilding CXX object CMakeFiles/carla_msgs__rosidl_typesupport_fastrtps_cpp.dir/rosidl_typesupport_fastrtps_cpp/carla_msgs/msg/detail/dds_fastrtps/carla_ego_vehicle_control__type_support.cpp.o[0m
[20.147s] [ 12%] Built target ament_cmake_python_copy_carla_msgs
[21.083s] [ 16%] [32mBuilding CXX object CMakeFiles/carla_msgs__rosidl_typesupport_introspection_cpp.dir/rosidl_typesupport_introspection_cpp/carla_msgs/msg/detail/carla_ego_vehicle_control__type_support.cpp.o[0m
[22.089s] [ 19%] [32m[1mLinking C shared library libcarla_msgs__rosidl_generator_c.so[0m
[23.692s] [ 22%] Built target carla_msgs__rosidl_generator_c
[29.178s] [ 25%] [32m[1mLinking CXX shared library libcarla_msgs__rosidl_typesupport_cpp.so[0m
[30.623s] [ 29%] Built target carla_msgs__rosidl_typesupport_cpp
[35.563s] running egg_info
[35.586s] [ 32%] [32m[1mLinking CXX shared library libcarla_msgs__rosidl_typesupport_fastrtps_cpp.so[0m
[35.610s] writing carla_msgs.egg-info/PKG-INFO
[35.634s] writing dependency_links to carla_msgs.egg-info/dependency_links.txt
[35.640s] writing top-level names to carla_msgs.egg-info/top_level.txt
[35.766s] reading manifest file 'carla_msgs.egg-info/SOURCES.txt'
[35.803s] writing manifest file 'carla_msgs.egg-info/SOURCES.txt'
[36.743s] [ 32%] Built target ament_cmake_python_build_carla_msgs_egg
[37.123s] [ 35%] [32m[1mLinking CXX shared library libcarla_msgs__rosidl_typesupport_introspection_cpp.so[0m
[37.827s] [ 38%] Built target carla_msgs__rosidl_typesupport_fastrtps_cpp
[38.800s] [ 41%] Built target carla_msgs__rosidl_typesupport_introspection_cpp
[39.380s] [ 45%] [32mBuilding CXX object CMakeFiles/carla_msgs__rosidl_typesupport_c.dir/rosidl_typesupport_c/carla_msgs/msg/carla_ego_vehicle_control__type_support.cpp.o[0m
[40.231s] [ 48%] [32m[1mLinking CXX shared library libcarla_msgs__rosidl_typesupport_c.so[0m
[41.429s] [ 51%] Built target carla_msgs__rosidl_typesupport_c
[41.947s] [ 54%] [32mBuilding C object CMakeFiles/carla_msgs__rosidl_typesupport_introspection_c.dir/rosidl_typesupport_introspection_c/carla_msgs/msg/detail/carla_ego_vehicle_control__type_support.c.o[0m
[43.054s] [ 58%] [32m[1mLinking C shared library libcarla_msgs__rosidl_typesupport_introspection_c.so[0m
[43.780s] [ 61%] Built target carla_msgs__rosidl_typesupport_introspection_c
[44.442s] [ 64%] [32mBuilding CXX object CMakeFiles/carla_msgs__rosidl_typesupport_fastrtps_c.dir/rosidl_typesupport_fastrtps_c/carla_msgs/msg/detail/carla_ego_vehicle_control__type_support_c.cpp.o[0m
[51.841s] [ 67%] [32m[1mLinking CXX shared library libcarla_msgs__rosidl_typesupport_fastrtps_c.so[0m
[53.397s] [ 70%] Built target carla_msgs__rosidl_typesupport_fastrtps_c
[54.029s] [ 70%] Built target carla_msgs
[54.578s] [ 74%] Built target carla_msgs__py
[54.980s] [ 77%] [32mBuilding C object CMakeFiles/carla_msgs__rosidl_generator_py.dir/rosidl_generator_py/carla_msgs/msg/_carla_ego_vehicle_control_s.c.o[0m
[57.564s] [ 80%] [32m[1mLinking C shared library rosidl_generator_py/carla_msgs/libcarla_msgs__rosidl_generator_py.so[0m
[58.616s] [ 80%] Built target carla_msgs__rosidl_generator_py
[59.248s] [ 83%] [32mBuilding C object CMakeFiles/carla_msgs__rosidl_typesupport_fastrtps_c__pyext.dir/rosidl_generator_py/carla_msgs/_carla_msgs_s.ep.rosidl_typesupport_fastrtps_c.c.o[0m
[61.673s] [ 87%] [32m[1mLinking C shared library rosidl_generator_py/carla_msgs/carla_msgs_s__rosidl_typesupport_fastrtps_c.cpython-310-aarch64-linux-gnu.so[0m
[62.547s] [ 87%] Built target carla_msgs__rosidl_typesupport_fastrtps_c__pyext
[62.911s] [ 90%] [32mBuilding C object CMakeFiles/carla_msgs__rosidl_typesupport_c__pyext.dir/rosidl_generator_py/carla_msgs/_carla_msgs_s.ep.rosidl_typesupport_c.c.o[0m
[65.795s] [ 93%] [32m[1mLinking C shared library rosidl_generator_py/carla_msgs/carla_msgs_s__rosidl_typesupport_c.cpython-310-aarch64-linux-gnu.so[0m
[67.214s] [ 93%] Built target carla_msgs__rosidl_typesupport_c__pyext
[67.841s] [ 96%] [32mBuilding C object CMakeFiles/carla_msgs__rosidl_typesupport_introspection_c__pyext.dir/rosidl_generator_py/carla_msgs/_carla_msgs_s.ep.rosidl_typesupport_introspection_c.c.o[0m
[71.139s] [100%] [32m[1mLinking C shared library rosidl_generator_py/carla_msgs/carla_msgs_s__rosidl_typesupport_introspection_c.cpython-310-aarch64-linux-gnu.so[0m
[72.193s] [100%] Built target carla_msgs__rosidl_typesupport_introspection_c__pyext
[72.480s] Invoked command in '/home/pi/autocab/raspberryPI3/ros2_ws/build/carla_msgs' returned '0': CMAKE_PREFIX_PATH=${CMAKE_PREFIX_PATH}:/opt/ros/humble /usr/bin/cmake --build /home/pi/autocab/raspberryPI3/ros2_ws/build/carla_msgs -- -j4 -l4
[75.795s] Invoking command in '/home/pi/autocab/raspberryPI3/ros2_ws/build/carla_msgs': CMAKE_PREFIX_PATH=${CMAKE_PREFIX_PATH}:/opt/ros/humble /usr/bin/cmake --install /home/pi/autocab/raspberryPI3/ros2_ws/build/carla_msgs
[75.916s] -- Install configuration: ""
[75.923s] -- Installing: /home/pi/autocab/raspberryPI3/ros2_ws/install/carla_msgs/share/ament_index/resource_index/rosidl_interfaces/carla_msgs
[75.944s] -- Up-to-date: /home/pi/autocab/raspberryPI3/ros2_ws/install/carla_msgs/include/carla_msgs/carla_msgs
[75.950s] -- Up-to-date: /home/pi/autocab/raspberryPI3/ros2_ws/install/carla_msgs/include/carla_msgs/carla_msgs/msg
[75.954s] -- Installing: /home/pi/autocab/raspberryPI3/ros2_ws/install/carla_msgs/include/carla_msgs/carla_msgs/msg/rosidl_generator_c__visibility_control.h
[75.968s] -- Installing: /home/pi/autocab/raspberryPI3/ros2_ws/install/carla_msgs/include/carla_msgs/carla_msgs/msg/carla_ego_vehicle_control.h
[75.974s] -- Up-to-date: /home/pi/autocab/raspberryPI3/ros2_ws/install/carla_msgs/include/carla_msgs/carla_msgs/msg/detail
[75.978s] -- Installing: /home/pi/autocab/raspberryPI3/ros2_ws/install/carla_msgs/include/carla_msgs/carla_msgs/msg/detail/carla_ego_vehicle_control__functions.h
[75.985s] -- Installing: /home/pi/autocab/raspberryPI3/ros2_ws/install/carla_msgs/include/carla_msgs/carla_msgs/msg/detail/carla_ego_vehicle_control__struct.h
[75.992s] -- Installing: /home/pi/autocab/raspberryPI3/ros2_ws/install/carla_msgs/include/carla_msgs/carla_msgs/msg/detail/carla_ego_vehicle_control__type_support.h
[76.016s] -- Installing: /home/pi/autocab/raspberryPI3/ros2_ws/install/carla_msgs/include/carla_msgs/carla_msgs/msg/detail/carla_ego_vehicle_control__functions.c
[76.026s] -- Installing: /home/pi/autocab/raspberryPI3/ros2_ws/install/carla_msgs/share/carla_msgs/environment/library_path.sh
[76.035s] -- Installing: /home/pi/autocab/raspberryPI3/ros2_ws/install/carla_msgs/share/carla_msgs/environment/library_path.dsv
[76.043s] -- Installing: /home/pi/autocab/raspberryPI3/ros2_ws/install/carla_msgs/lib/libcarla_msgs__rosidl_generator_c.so
[76.062s] -- Set runtime path of "/home/pi/autocab/raspberryPI3/ros2_ws/install/carla_msgs/lib/libcarla_msgs__rosidl_generator_c.so" to ""
[76.066s] -- Up-to-date: /home/pi/autocab/raspberryPI3/ros2_ws/install/carla_msgs/include/carla_msgs/carla_msgs
[76.070s] -- Up-to-date: /home/pi/autocab/raspberryPI3/ros2_ws/install/carla_msgs/include/carla_msgs/carla_msgs/msg
[76.074s] -- Installing: /home/pi/autocab/raspberryPI3/ros2_ws/install/carla_msgs/include/carla_msgs/carla_msgs/msg/rosidl_typesupport_fastrtps_c__visibility_control.h
[76.080s] -- Up-to-date: /home/pi/autocab/raspberryPI3/ros2_ws/install/carla_msgs/include/carla_msgs/carla_msgs/msg/detail
[76.086s] -- Installing: /home/pi/autocab/raspberryPI3/ros2_ws/install/carla_msgs/include/carla_msgs/carla_msgs/msg/detail/carla_ego_vehicle_control__rosidl_typesupport_fastrtps_c.h
[76.094s] -- Installing: /home/pi/autocab/raspberryPI3/ros2_ws/install/carla_msgs/lib/libcarla_msgs__rosidl_typesupport_fastrtps_c.so
[76.113s] -- Set runtime path of "/home/pi/autocab/raspberryPI3/ros2_ws/install/carla_msgs/lib/libcarla_msgs__rosidl_typesupport_fastrtps_c.so" to ""
[76.116s] -- Up-to-date: /home/pi/autocab/raspberryPI3/ros2_ws/install/carla_msgs/include/carla_msgs/carla_msgs
[76.123s] -- Up-to-date: /home/pi/autocab/raspberryPI3/ros2_ws/install/carla_msgs/include/carla_msgs/carla_msgs/msg
[76.128s] -- Installing: /home/pi/autocab/raspberryPI3/ros2_ws/install/carla_msgs/include/carla_msgs/carla_msgs/msg/carla_ego_vehicle_control.hpp
[76.135s] -- Up-to-date: /home/pi/autocab/raspberryPI3/ros2_ws/install/carla_msgs/include/carla_msgs/carla_msgs/msg/detail
[76.139s] -- Installing: /home/pi/autocab/raspberryPI3/ros2_ws/install/carla_msgs/include/carla_msgs/carla_msgs/msg/detail/carla_ego_vehicle_control__struct.hpp
[76.145s] -- Installing: /home/pi/autocab/raspberryPI3/ros2_ws/install/carla_msgs/include/carla_msgs/carla_msgs/msg/detail/carla_ego_vehicle_control__traits.hpp
[76.152s] -- Installing: /home/pi/autocab/raspberryPI3/ros2_ws/install/carla_msgs/include/carla_msgs/carla_msgs/msg/detail/carla_ego_vehicle_control__builder.hpp
[76.158s] -- Up-to-date: /home/pi/autocab/raspberryPI3/ros2_ws/install/carla_msgs/include/carla_msgs/carla_msgs
[76.162s] -- Up-to-date: /home/pi/autocab/raspberryPI3/ros2_ws/install/carla_msgs/include/carla_msgs/carla_msgs/msg
[76.166s] -- Installing: /home/pi/autocab/raspberryPI3/ros2_ws/install/carla_msgs/include/carla_msgs/carla_msgs/msg/rosidl_typesupport_fastrtps_cpp__visibility_control.h
[76.172s] -- Up-to-date: /home/pi/autocab/raspberryPI3/ros2_ws/install/carla_msgs/include/carla_msgs/carla_msgs/msg/detail
[76.176s] -- Installing: /home/pi/autocab/raspberryPI3/ros2_ws/install/carla_msgs/include/carla_msgs/carla_msgs/msg/detail/dds_fastrtps
[76.181s] -- Installing: /home/pi/autocab/raspberryPI3/ros2_ws/install/carla_msgs/include/carla_msgs/carla_msgs/msg/detail/carla_ego_vehicle_control__rosidl_typesupport_fastrtps_cpp.hpp
[76.189s] -- Installing: /home/pi/autocab/raspberryPI3/ros2_ws/install/carla_msgs/lib/libcarla_msgs__rosidl_typesupport_fastrtps_cpp.so
[76.199s] -- Set runtime path of "/home/pi/autocab/raspberryPI3/ros2_ws/install/carla_msgs/lib/libcarla_msgs__rosidl_typesupport_fastrtps_cpp.so" to ""
[76.202s] -- Up-to-date: /home/pi/autocab/raspberryPI3/ros2_ws/install/carla_msgs/include/carla_msgs/carla_msgs
[76.205s] -- Up-to-date: /home/pi/autocab/raspberryPI3/ros2_ws/install/carla_msgs/include/carla_msgs/carla_msgs/msg
[76.210s] -- Installing: /home/pi/autocab/raspberryPI3/ros2_ws/install/carla_msgs/include/carla_msgs/carla_msgs/msg/rosidl_typesupport_introspection_c__visibility_control.h
[76.218s] -- Up-to-date: /home/pi/autocab/raspberryPI3/ros2_ws/install/carla_msgs/include/carla_msgs/carla_msgs/msg/detail
[76.235s] -- Installing: /home/pi/autocab/raspberryPI3/ros2_ws/install/carla_msgs/include/carla_msgs/carla_msgs/msg/detail/carla_ego_vehicle_control__rosidl_typesupport_introspection_c.h
[76.243s] -- Installing: /home/pi/autocab/raspberryPI3/ros2_ws/install/carla_msgs/include/carla_msgs/carla_msgs/msg/detail/carla_ego_vehicle_control__type_support.c
[76.250s] -- Installing: /home/pi/autocab/raspberryPI3/ros2_ws/install/carla_msgs/lib/libcarla_msgs__rosidl_typesupport_introspection_c.so
[76.261s] -- Set runtime path of "/home/pi/autocab/raspberryPI3/ros2_ws/install/carla_msgs/lib/libcarla_msgs__rosidl_typesupport_introspection_c.so" to ""
[76.265s] -- Installing: /home/pi/autocab/raspberryPI3/ros2_ws/install/carla_msgs/lib/libcarla_msgs__rosidl_typesupport_c.so
[76.279s] -- Set runtime path of "/home/pi/autocab/raspberryPI3/ros2_ws/install/carla_msgs/lib/libcarla_msgs__rosidl_typesupport_c.so" to ""
[76.283s] -- Up-to-date: /home/pi/autocab/raspberryPI3/ros2_ws/install/carla_msgs/include/carla_msgs/carla_msgs
[76.286s] -- Up-to-date: /home/pi/autocab/raspberryPI3/ros2_ws/install/carla_msgs/include/carla_msgs/carla_msgs/msg
[76.290s] -- Up-to-date: /home/pi/autocab/raspberryPI3/ros2_ws/install/carla_msgs/include/carla_msgs/carla_msgs/msg/detail
[76.294s] -- Installing: /home/pi/autocab/raspberryPI3/ros2_ws/install/carla_msgs/include/carla_msgs/carla_msgs/msg/detail/carla_ego_vehicle_control__type_support.cpp
[76.301s] -- Installing: /home/pi/autocab/raspberryPI3/ros2_ws/install/carla_msgs/include/carla_msgs/carla_msgs/msg/detail/carla_ego_vehicle_control__rosidl_typesupport_introspection_cpp.hpp
[76.313s] -- Installing: /home/pi/autocab/raspberryPI3/ros2_ws/install/carla_msgs/lib/libcarla_msgs__rosidl_typesupport_introspection_cpp.so
[76.330s] -- Set runtime path of "/home/pi/autocab/raspberryPI3/ros2_ws/install/carla_msgs/lib/libcarla_msgs__rosidl_typesupport_introspection_cpp.so" to ""
[76.338s] -- Installing: /home/pi/autocab/raspberryPI3/ros2_ws/install/carla_msgs/lib/libcarla_msgs__rosidl_typesupport_cpp.so
[76.347s] -- Set runtime path of "/home/pi/autocab/raspberryPI3/ros2_ws/install/carla_msgs/lib/libcarla_msgs__rosidl_typesupport_cpp.so" to ""
[76.351s] -- Installing: /home/pi/autocab/raspberryPI3/ros2_ws/install/carla_msgs/share/carla_msgs/environment/pythonpath.sh
[76.357s] -- Installing: /home/pi/autocab/raspberryPI3/ros2_ws/install/carla_msgs/share/carla_msgs/environment/pythonpath.dsv
[76.364s] -- Up-to-date: /home/pi/autocab/raspberryPI3/ros2_ws/install/carla_msgs/local/lib/python3.10/dist-packages/carla_msgs-0.0.0-py3.10.egg-info
[76.368s] -- Installing: /home/pi/autocab/raspberryPI3/ros2_ws/install/carla_msgs/local/lib/python3.10/dist-packages/carla_msgs-0.0.0-py3.10.egg-info/dependency_links.txt
[76.375s] -- Installing: /home/pi/autocab/raspberryPI3/ros2_ws/install/carla_msgs/local/lib/python3.10/dist-packages/carla_msgs-0.0.0-py3.10.egg-info/PKG-INFO
[76.390s] -- Installing: /home/pi/autocab/raspberryPI3/ros2_ws/install/carla_msgs/local/lib/python3.10/dist-packages/carla_msgs-0.0.0-py3.10.egg-info/top_level.txt
[76.396s] -- Installing: /home/pi/autocab/raspberryPI3/ros2_ws/install/carla_msgs/local/lib/python3.10/dist-packages/carla_msgs-0.0.0-py3.10.egg-info/SOURCES.txt
[76.406s] -- Up-to-date: /home/pi/autocab/raspberryPI3/ros2_ws/install/carla_msgs/local/lib/python3.10/dist-packages/carla_msgs
[76.413s] -- Installing: /home/pi/autocab/raspberryPI3/ros2_ws/install/carla_msgs/local/lib/python3.10/dist-packages/carla_msgs/_carla_msgs_s.ep.rosidl_typesupport_introspection_c.c
[76.424s] -- Installing: /home/pi/autocab/raspberryPI3/ros2_ws/install/carla_msgs/local/lib/python3.10/dist-packages/carla_msgs/carla_msgs_s__rosidl_typesupport_fastrtps_c.cpython-310-aarch64-linux-gnu.so
[76.440s] -- Installing: /home/pi/autocab/raspberryPI3/ros2_ws/install/carla_msgs/local/lib/python3.10/dist-packages/carla_msgs/libcarla_msgs__rosidl_generator_py.so
[76.446s] -- Installing: /home/pi/autocab/raspberryPI3/ros2_ws/install/carla_msgs/local/lib/python3.10/dist-packages/carla_msgs/_carla_msgs_s.ep.rosidl_typesupport_fastrtps_c.c
[76.453s] -- Installing: /home/pi/autocab/raspberryPI3/ros2_ws/install/carla_msgs/local/lib/python3.10/dist-packages/carla_msgs/_carla_msgs_s.ep.rosidl_typesupport_c.c
[76.461s] -- Installing: /home/pi/autocab/raspberryPI3/ros2_ws/install/carla_msgs/local/lib/python3.10/dist-packages/carla_msgs/carla_msgs_s__rosidl_typesupport_introspection_c.cpython-310-aarch64-linux-gnu.so
[76.468s] -- Installing: /home/pi/autocab/raspberryPI3/ros2_ws/install/carla_msgs/local/lib/python3.10/dist-packages/carla_msgs/__init__.py
[76.477s] -- Up-to-date: /home/pi/autocab/raspberryPI3/ros2_ws/install/carla_msgs/local/lib/python3.10/dist-packages/carla_msgs/msg
[76.482s] -- Installing: /home/pi/autocab/raspberryPI3/ros2_ws/install/carla_msgs/local/lib/python3.10/dist-packages/carla_msgs/msg/_carla_ego_vehicle_control_s.c
[76.488s] -- Installing: /home/pi/autocab/raspberryPI3/ros2_ws/install/carla_msgs/local/lib/python3.10/dist-packages/carla_msgs/msg/__init__.py
[76.495s] -- Installing: /home/pi/autocab/raspberryPI3/ros2_ws/install/carla_msgs/local/lib/python3.10/dist-packages/carla_msgs/msg/_carla_ego_vehicle_control.py
[76.502s] -- Installing: /home/pi/autocab/raspberryPI3/ros2_ws/install/carla_msgs/local/lib/python3.10/dist-packages/carla_msgs/carla_msgs_s__rosidl_typesupport_c.cpython-310-aarch64-linux-gnu.so
[77.547s] Listing '/home/pi/autocab/raspberryPI3/ros2_ws/install/carla_msgs/local/lib/python3.10/dist-packages/carla_msgs'...
[77.550s] Compiling '/home/pi/autocab/raspberryPI3/ros2_ws/install/carla_msgs/local/lib/python3.10/dist-packages/carla_msgs/__init__.py'...
[77.552s] Listing '/home/pi/autocab/raspberryPI3/ros2_ws/install/carla_msgs/local/lib/python3.10/dist-packages/carla_msgs/msg'...
[77.567s] Compiling '/home/pi/autocab/raspberryPI3/ros2_ws/install/carla_msgs/local/lib/python3.10/dist-packages/carla_msgs/msg/__init__.py'...
[77.573s] Compiling '/home/pi/autocab/raspberryPI3/ros2_ws/install/carla_msgs/local/lib/python3.10/dist-packages/carla_msgs/msg/_carla_ego_vehicle_control.py'...
[77.613s] -- Installing: /home/pi/autocab/raspberryPI3/ros2_ws/install/carla_msgs/local/lib/python3.10/dist-packages/carla_msgs/carla_msgs_s__rosidl_typesupport_fastrtps_c.cpython-310-aarch64-linux-gnu.so
[77.623s] -- Set runtime path of "/home/pi/autocab/raspberryPI3/ros2_ws/install/carla_msgs/local/lib/python3.10/dist-packages/carla_msgs/carla_msgs_s__rosidl_typesupport_fastrtps_c.cpython-310-aarch64-linux-gnu.so" to ""
[77.628s] -- Installing: /home/pi/autocab/raspberryPI3/ros2_ws/install/carla_msgs/local/lib/python3.10/dist-packages/carla_msgs/carla_msgs_s__rosidl_typesupport_introspection_c.cpython-310-aarch64-linux-gnu.so
[77.639s] -- Set runtime path of "/home/pi/autocab/raspberryPI3/ros2_ws/install/carla_msgs/local/lib/python3.10/dist-packages/carla_msgs/carla_msgs_s__rosidl_typesupport_introspection_c.cpython-310-aarch64-linux-gnu.so" to ""
[77.644s] -- Installing: /home/pi/autocab/raspberryPI3/ros2_ws/install/carla_msgs/local/lib/python3.10/dist-packages/carla_msgs/carla_msgs_s__rosidl_typesupport_c.cpython-310-aarch64-linux-gnu.so
[77.655s] -- Set runtime path of "/home/pi/autocab/raspberryPI3/ros2_ws/install/carla_msgs/local/lib/python3.10/dist-packages/carla_msgs/carla_msgs_s__rosidl_typesupport_c.cpython-310-aarch64-linux-gnu.so" to ""
[77.663s] -- Installing: /home/pi/autocab/raspberryPI3/ros2_ws/install/carla_msgs/lib/libcarla_msgs__rosidl_generator_py.so
[77.675s] -- Set runtime path of "/home/pi/autocab/raspberryPI3/ros2_ws/install/carla_msgs/lib/libcarla_msgs__rosidl_generator_py.so" to ""
[77.680s] -- Installing: /home/pi/autocab/raspberryPI3/ros2_ws/install/carla_msgs/share/carla_msgs/msg/CarlaEgoVehicleControl.idl
[77.688s] -- Installing: /home/pi/autocab/raspberryPI3/ros2_ws/install/carla_msgs/share/carla_msgs/msg/CarlaEgoVehicleControl.msg
[77.695s] -- Installing: /home/pi/autocab/raspberryPI3/ros2_ws/install/carla_msgs/share/ament_index/resource_index/package_run_dependencies/carla_msgs
[77.702s] -- Installing: /home/pi/autocab/raspberryPI3/ros2_ws/install/carla_msgs/share/ament_index/resource_index/parent_prefix_path/carla_msgs
[77.710s] -- Installing: /home/pi/autocab/raspberryPI3/ros2_ws/install/carla_msgs/share/carla_msgs/environment/ament_prefix_path.sh
[77.717s] -- Installing: /home/pi/autocab/raspberryPI3/ros2_ws/install/carla_msgs/share/carla_msgs/environment/ament_prefix_path.dsv
[77.723s] -- Installing: /home/pi/autocab/raspberryPI3/ros2_ws/install/carla_msgs/share/carla_msgs/environment/path.sh
[77.729s] -- Installing: /home/pi/autocab/raspberryPI3/ros2_ws/install/carla_msgs/share/carla_msgs/environment/path.dsv
[77.745s] -- Installing: /home/pi/autocab/raspberryPI3/ros2_ws/install/carla_msgs/share/carla_msgs/local_setup.bash
[77.752s] -- Installing: /home/pi/autocab/raspberryPI3/ros2_ws/install/carla_msgs/share/carla_msgs/local_setup.sh
[77.771s] -- Installing: /home/pi/autocab/raspberryPI3/ros2_ws/install/carla_msgs/share/carla_msgs/local_setup.zsh
[77.780s] -- Installing: /home/pi/autocab/raspberryPI3/ros2_ws/install/carla_msgs/share/carla_msgs/local_setup.dsv
[77.787s] -- Installing: /home/pi/autocab/raspberryPI3/ros2_ws/install/carla_msgs/share/carla_msgs/package.dsv
[77.794s] -- Installing: /home/pi/autocab/raspberryPI3/ros2_ws/install/carla_msgs/share/ament_index/resource_index/packages/carla_msgs
[77.805s] -- Installing: /home/pi/autocab/raspberryPI3/ros2_ws/install/carla_msgs/share/carla_msgs/cmake/export_carla_msgs__rosidl_generator_cExport.cmake
[77.813s] -- Installing: /home/pi/autocab/raspberryPI3/ros2_ws/install/carla_msgs/share/carla_msgs/cmake/export_carla_msgs__rosidl_generator_cExport-noconfig.cmake
[77.822s] -- Installing: /home/pi/autocab/raspberryPI3/ros2_ws/install/carla_msgs/share/carla_msgs/cmake/export_carla_msgs__rosidl_typesupport_fastrtps_cExport.cmake
[77.829s] -- Installing: /home/pi/autocab/raspberryPI3/ros2_ws/install/carla_msgs/share/carla_msgs/cmake/export_carla_msgs__rosidl_typesupport_fastrtps_cExport-noconfig.cmake
[77.838s] -- Installing: /home/pi/autocab/raspberryPI3/ros2_ws/install/carla_msgs/share/carla_msgs/cmake/export_carla_msgs__rosidl_generator_cppExport.cmake
[77.850s] -- Installing: /home/pi/autocab/raspberryPI3/ros2_ws/install/carla_msgs/share/carla_msgs/cmake/export_carla_msgs__rosidl_typesupport_fastrtps_cppExport.cmake
[77.858s] -- Installing: /home/pi/autocab/raspberryPI3/ros2_ws/install/carla_msgs/share/carla_msgs/cmake/export_carla_msgs__rosidl_typesupport_fastrtps_cppExport-noconfig.cmake
[77.877s] -- Installing: /home/pi/autocab/raspberryPI3/ros2_ws/install/carla_msgs/share/carla_msgs/cmake/carla_msgs__rosidl_typesupport_introspection_cExport.cmake
[77.889s] -- Installing: /home/pi/autocab/raspberryPI3/ros2_ws/install/carla_msgs/share/carla_msgs/cmake/carla_msgs__rosidl_typesupport_introspection_cExport-noconfig.cmake
[77.897s] -- Installing: /home/pi/autocab/raspberryPI3/ros2_ws/install/carla_msgs/share/carla_msgs/cmake/carla_msgs__rosidl_typesupport_cExport.cmake
[77.904s] -- Installing: /home/pi/autocab/raspberryPI3/ros2_ws/install/carla_msgs/share/carla_msgs/cmake/carla_msgs__rosidl_typesupport_cExport-noconfig.cmake
[77.913s] -- Installing: /home/pi/autocab/raspberryPI3/ros2_ws/install/carla_msgs/share/carla_msgs/cmake/carla_msgs__rosidl_typesupport_introspection_cppExport.cmake
[77.922s] -- Installing: /home/pi/autocab/raspberryPI3/ros2_ws/install/carla_msgs/share/carla_msgs/cmake/carla_msgs__rosidl_typesupport_introspection_cppExport-noconfig.cmake
[77.930s] -- Installing: /home/pi/autocab/raspberryPI3/ros2_ws/install/carla_msgs/share/carla_msgs/cmake/carla_msgs__rosidl_typesupport_cppExport.cmake
[77.943s] -- Installing: /home/pi/autocab/raspberryPI3/ros2_ws/install/carla_msgs/share/carla_msgs/cmake/carla_msgs__rosidl_typesupport_cppExport-noconfig.cmake
[77.952s] -- Installing: /home/pi/autocab/raspberryPI3/ros2_ws/install/carla_msgs/share/carla_msgs/cmake/export_carla_msgs__rosidl_generator_pyExport.cmake
[77.959s] -- Installing: /home/pi/autocab/raspberryPI3/ros2_ws/install/carla_msgs/share/carla_msgs/cmake/export_carla_msgs__rosidl_generator_pyExport-noconfig.cmake
[77.974s] -- Installing: /home/pi/autocab/raspberryPI3/ros2_ws/install/carla_msgs/share/carla_msgs/cmake/rosidl_cmake-extras.cmake
[77.981s] -- Installing: /home/pi/autocab/raspberryPI3/ros2_ws/install/carla_msgs/share/carla_msgs/cmake/ament_cmake_export_dependencies-extras.cmake
[77.989s] -- Installing: /home/pi/autocab/raspberryPI3/ros2_ws/install/carla_msgs/share/carla_msgs/cmake/ament_cmake_export_include_directories-extras.cmake
[78.010s] -- Installing: /home/pi/autocab/raspberryPI3/ros2_ws/install/carla_msgs/share/carla_msgs/cmake/ament_cmake_export_libraries-extras.cmake
[78.016s] -- Installing: /home/pi/autocab/raspberryPI3/ros2_ws/install/carla_msgs/share/carla_msgs/cmake/ament_cmake_export_targets-extras.cmake
[78.030s] -- Installing: /home/pi/autocab/raspberryPI3/ros2_ws/install/carla_msgs/share/carla_msgs/cmake/rosidl_cmake_export_typesupport_targets-extras.cmake
[78.049s] -- Installing: /home/pi/autocab/raspberryPI3/ros2_ws/install/carla_msgs/share/carla_msgs/cmake/rosidl_cmake_export_typesupport_libraries-extras.cmake
[78.056s] -- Installing: /home/pi/autocab/raspberryPI3/ros2_ws/install/carla_msgs/share/carla_msgs/cmake/carla_msgsConfig.cmake
[78.081s] -- Installing: /home/pi/autocab/raspberryPI3/ros2_ws/install/carla_msgs/share/carla_msgs/cmake/carla_msgsConfig-version.cmake
[78.088s] -- Installing: /home/pi/autocab/raspberryPI3/ros2_ws/install/carla_msgs/share/carla_msgs/package.xml
[78.141s] Invoked command in '/home/pi/autocab/raspberryPI3/ros2_ws/build/carla_msgs' returned '0': CMAKE_PREFIX_PATH=${CMAKE_PREFIX_PATH}:/opt/ros/humble /usr/bin/cmake --install /home/pi/autocab/raspberryPI3/ros2_ws/build/carla_msgs
