[0.065s] Invoking command in '/home/achraf/autocab/raspberryPI3/ros2_ws/build/geicar_start': AMENT_PREFIX_PATH=/home/achraf/autocab/raspberryPI3/ros2_ws/install/system_check:/home/achraf/autocab/raspberryPI3/ros2_ws/install/car_control:/home/achraf/autocab/raspberryPI3/ros2_ws/install/can:/home/achraf/autocab/raspberryPI3/ros2_ws/install/interfaces:/home/achraf/autocab/raspberryPI3/ros2_ws/install/imu_filter_madgwick:${AMENT_PREFIX_PATH} CMAKE_PREFIX_PATH=/home/achraf/autocab/raspberryPI3/ros2_ws/install/system_check:/home/achraf/autocab/raspberryPI3/ros2_ws/install/car_control:/home/achraf/autocab/raspberryPI3/ros2_ws/install/can:/home/achraf/autocab/raspberryPI3/ros2_ws/install/interfaces:/home/achraf/autocab/raspberryPI3/ros2_ws/install/imu_filter_madgwick:/opt/ros/humble LD_LIBRARY_PATH=/home/achraf/autocab/raspberryPI3/ros2_ws/install/interfaces/lib:/home/achraf/autocab/raspberryPI3/ros2_ws/install/imu_filter_madgwick/lib:${LD_LIBRARY_PATH} PYTHONPATH=/home/achraf/autocab/raspberryPI3/ros2_ws/install/interfaces/local/lib/python3.10/dist-packages:${PYTHONPATH} /usr/bin/cmake --build /home/achraf/autocab/raspberryPI3/ros2_ws/build/geicar_start -- -j8 -l8
[0.113s] Invoked command in '/home/achraf/autocab/raspberryPI3/ros2_ws/build/geicar_start' returned '0': AMENT_PREFIX_PATH=/home/achraf/autocab/raspberryPI3/ros2_ws/install/system_check:/home/achraf/autocab/raspberryPI3/ros2_ws/install/car_control:/home/achraf/autocab/raspberryPI3/ros2_ws/install/can:/home/achraf/autocab/raspberryPI3/ros2_ws/install/interfaces:/home/achraf/autocab/raspberryPI3/ros2_ws/install/imu_filter_madgwick:${AMENT_PREFIX_PATH} CMAKE_PREFIX_PATH=/home/achraf/autocab/raspberryPI3/ros2_ws/install/system_check:/home/achraf/autocab/raspberryPI3/ros2_ws/install/car_control:/home/achraf/autocab/raspberryPI3/ros2_ws/install/can:/home/achraf/autocab/raspberryPI3/ros2_ws/install/interfaces:/home/achraf/autocab/raspberryPI3/ros2_ws/install/imu_filter_madgwick:/opt/ros/humble LD_LIBRARY_PATH=/home/achraf/autocab/raspberryPI3/ros2_ws/install/interfaces/lib:/home/achraf/autocab/raspberryPI3/ros2_ws/install/imu_filter_madgwick/lib:${LD_LIBRARY_PATH} PYTHONPATH=/home/achraf/autocab/raspberryPI3/ros2_ws/install/interfaces/local/lib/python3.10/dist-packages:${PYTHONPATH} /usr/bin/cmake --build /home/achraf/autocab/raspberryPI3/ros2_ws/build/geicar_start -- -j8 -l8
[0.140s] Invoking command in '/home/achraf/autocab/raspberryPI3/ros2_ws/build/geicar_start': AMENT_PREFIX_PATH=/home/achraf/autocab/raspberryPI3/ros2_ws/install/system_check:/home/achraf/autocab/raspberryPI3/ros2_ws/install/car_control:/home/achraf/autocab/raspberryPI3/ros2_ws/install/can:/home/achraf/autocab/raspberryPI3/ros2_ws/install/interfaces:/home/achraf/autocab/raspberryPI3/ros2_ws/install/imu_filter_madgwick:${AMENT_PREFIX_PATH} CMAKE_PREFIX_PATH=/home/achraf/autocab/raspberryPI3/ros2_ws/install/system_check:/home/achraf/autocab/raspberryPI3/ros2_ws/install/car_control:/home/achraf/autocab/raspberryPI3/ros2_ws/install/can:/home/achraf/autocab/raspberryPI3/ros2_ws/install/interfaces:/home/achraf/autocab/raspberryPI3/ros2_ws/install/imu_filter_madgwick:/opt/ros/humble LD_LIBRARY_PATH=/home/achraf/autocab/raspberryPI3/ros2_ws/install/interfaces/lib:/home/achraf/autocab/raspberryPI3/ros2_ws/install/imu_filter_madgwick/lib:${LD_LIBRARY_PATH} PYTHONPATH=/home/achraf/autocab/raspberryPI3/ros2_ws/install/interfaces/local/lib/python3.10/dist-packages:${PYTHONPATH} /usr/bin/cmake --install /home/achraf/autocab/raspberryPI3/ros2_ws/build/geicar_start
[0.147s] -- Install configuration: ""
[0.147s] -- Up-to-date: /home/achraf/autocab/raspberryPI3/ros2_ws/install/geicar_start/share/geicar_start/launch
[0.148s] -- Up-to-date: /home/achraf/autocab/raspberryPI3/ros2_ws/install/geicar_start/share/geicar_start/launch/geicar.launch.py
[0.148s] -- Up-to-date: /home/achraf/autocab/raspberryPI3/ros2_ws/install/geicar_start/share/geicar_start/launch/__pycache__
[0.148s] -- Up-to-date: /home/achraf/autocab/raspberryPI3/ros2_ws/install/geicar_start/share/geicar_start/launch/__pycache__/geicar.launch.cpython-310.pyc
[0.148s] -- Up-to-date: /home/achraf/autocab/raspberryPI3/ros2_ws/install/geicar_start/share/geicar_start/launch/__pycache__/geicar1.launch.cpython-310.pyc
[0.148s] -- Up-to-date: /home/achraf/autocab/raspberryPI3/ros2_ws/install/geicar_start/share/ament_index/resource_index/package_run_dependencies/geicar_start
[0.148s] -- Up-to-date: /home/achraf/autocab/raspberryPI3/ros2_ws/install/geicar_start/share/ament_index/resource_index/parent_prefix_path/geicar_start
[0.148s] -- Up-to-date: /home/achraf/autocab/raspberryPI3/ros2_ws/install/geicar_start/share/geicar_start/environment/ament_prefix_path.sh
[0.148s] -- Up-to-date: /home/achraf/autocab/raspberryPI3/ros2_ws/install/geicar_start/share/geicar_start/environment/ament_prefix_path.dsv
[0.148s] -- Up-to-date: /home/achraf/autocab/raspberryPI3/ros2_ws/install/geicar_start/share/geicar_start/environment/path.sh
[0.148s] -- Up-to-date: /home/achraf/autocab/raspberryPI3/ros2_ws/install/geicar_start/share/geicar_start/environment/path.dsv
[0.148s] -- Up-to-date: /home/achraf/autocab/raspberryPI3/ros2_ws/install/geicar_start/share/geicar_start/local_setup.bash
[0.148s] -- Up-to-date: /home/achraf/autocab/raspberryPI3/ros2_ws/install/geicar_start/share/geicar_start/local_setup.sh
[0.148s] -- Up-to-date: /home/achraf/autocab/raspberryPI3/ros2_ws/install/geicar_start/share/geicar_start/local_setup.zsh
[0.148s] -- Up-to-date: /home/achraf/autocab/raspberryPI3/ros2_ws/install/geicar_start/share/geicar_start/local_setup.dsv
[0.148s] -- Up-to-date: /home/achraf/autocab/raspberryPI3/ros2_ws/install/geicar_start/share/geicar_start/package.dsv
[0.149s] -- Up-to-date: /home/achraf/autocab/raspberryPI3/ros2_ws/install/geicar_start/share/ament_index/resource_index/packages/geicar_start
[0.149s] -- Up-to-date: /home/achraf/autocab/raspberryPI3/ros2_ws/install/geicar_start/share/geicar_start/cmake/geicar_startConfig.cmake
[0.149s] -- Up-to-date: /home/achraf/autocab/raspberryPI3/ros2_ws/install/geicar_start/share/geicar_start/cmake/geicar_startConfig-version.cmake
[0.149s] -- Up-to-date: /home/achraf/autocab/raspberryPI3/ros2_ws/install/geicar_start/share/geicar_start/package.xml
[0.150s] Invoked command in '/home/achraf/autocab/raspberryPI3/ros2_ws/build/geicar_start' returned '0': AMENT_PREFIX_PATH=/home/achraf/autocab/raspberryPI3/ros2_ws/install/system_check:/home/achraf/autocab/raspberryPI3/ros2_ws/install/car_control:/home/achraf/autocab/raspberryPI3/ros2_ws/install/can:/home/achraf/autocab/raspberryPI3/ros2_ws/install/interfaces:/home/achraf/autocab/raspberryPI3/ros2_ws/install/imu_filter_madgwick:${AMENT_PREFIX_PATH} CMAKE_PREFIX_PATH=/home/achraf/autocab/raspberryPI3/ros2_ws/install/system_check:/home/achraf/autocab/raspberryPI3/ros2_ws/install/car_control:/home/achraf/autocab/raspberryPI3/ros2_ws/install/can:/home/achraf/autocab/raspberryPI3/ros2_ws/install/interfaces:/home/achraf/autocab/raspberryPI3/ros2_ws/install/imu_filter_madgwick:/opt/ros/humble LD_LIBRARY_PATH=/home/achraf/autocab/raspberryPI3/ros2_ws/install/interfaces/lib:/home/achraf/autocab/raspberryPI3/ros2_ws/install/imu_filter_madgwick/lib:${LD_LIBRARY_PATH} PYTHONPATH=/home/achraf/autocab/raspberryPI3/ros2_ws/install/interfaces/local/lib/python3.10/dist-packages:${PYTHONPATH} /usr/bin/cmake --install /home/achraf/autocab/raspberryPI3/ros2_ws/build/geicar_start
