[0.106s] Invoking command in '/home/lilultime/Autocab/autocab/raspberryPI3/ros2_ws/build/car_control': AMENT_PREFIX_PATH=/home/lilultime/Autocab/autocab/raspberryPI3/ros2_ws/install/interfaces:${AMENT_PREFIX_PATH} CMAKE_PREFIX_PATH=/home/lilultime/Autocab/autocab/raspberryPI3/ros2_ws/install/interfaces:/home/lilultime/Autocab/autocab/raspberryPI3/ros2_ws/install/auto_traj:/home/lilultime/ros2_ws/install/my_cpp_pkg:/home/lilultime/ros2_ws/install/my_robot_controller:/opt/ros/humble LD_LIBRARY_PATH=/home/lilultime/Autocab/autocab/raspberryPI3/ros2_ws/install/interfaces/lib:${LD_LIBRARY_PATH} PYTHONPATH=/home/lilultime/Autocab/autocab/raspberryPI3/ros2_ws/install/interfaces/local/lib/python3.10/dist-packages:${PYTHONPATH} /usr/local/bin/cmake --build /home/lilultime/Autocab/autocab/raspberryPI3/ros2_ws/build/car_control -- -j8 -l8
[0.169s] [ 20%] [32mBuilding CXX object CMakeFiles/car_control_node.dir/src/fromAtoB.cpp.o[0m
[0.338s] [ 40%] [32m[1mLinking CXX executable car_control_node[0m
[1.397s] [100%] Built target car_control_node
[1.406s] Invoked command in '/home/lilultime/Autocab/autocab/raspberryPI3/ros2_ws/build/car_control' returned '0': AMENT_PREFIX_PATH=/home/lilultime/Autocab/autocab/raspberryPI3/ros2_ws/install/interfaces:${AMENT_PREFIX_PATH} CMAKE_PREFIX_PATH=/home/lilultime/Autocab/autocab/raspberryPI3/ros2_ws/install/interfaces:/home/lilultime/Autocab/autocab/raspberryPI3/ros2_ws/install/auto_traj:/home/lilultime/ros2_ws/install/my_cpp_pkg:/home/lilultime/ros2_ws/install/my_robot_controller:/opt/ros/humble LD_LIBRARY_PATH=/home/lilultime/Autocab/autocab/raspberryPI3/ros2_ws/install/interfaces/lib:${LD_LIBRARY_PATH} PYTHONPATH=/home/lilultime/Autocab/autocab/raspberryPI3/ros2_ws/install/interfaces/local/lib/python3.10/dist-packages:${PYTHONPATH} /usr/local/bin/cmake --build /home/lilultime/Autocab/autocab/raspberryPI3/ros2_ws/build/car_control -- -j8 -l8
[1.492s] Invoking command in '/home/lilultime/Autocab/autocab/raspberryPI3/ros2_ws/build/car_control': AMENT_PREFIX_PATH=/home/lilultime/Autocab/autocab/raspberryPI3/ros2_ws/install/interfaces:${AMENT_PREFIX_PATH} CMAKE_PREFIX_PATH=/home/lilultime/Autocab/autocab/raspberryPI3/ros2_ws/install/interfaces:/home/lilultime/Autocab/autocab/raspberryPI3/ros2_ws/install/auto_traj:/home/lilultime/ros2_ws/install/my_cpp_pkg:/home/lilultime/ros2_ws/install/my_robot_controller:/opt/ros/humble LD_LIBRARY_PATH=/home/lilultime/Autocab/autocab/raspberryPI3/ros2_ws/install/interfaces/lib:${LD_LIBRARY_PATH} PYTHONPATH=/home/lilultime/Autocab/autocab/raspberryPI3/ros2_ws/install/interfaces/local/lib/python3.10/dist-packages:${PYTHONPATH} /usr/local/bin/cmake --install /home/lilultime/Autocab/autocab/raspberryPI3/ros2_ws/build/car_control
[1.516s] -- Install configuration: ""
[1.517s] -- Installing: /home/lilultime/Autocab/autocab/raspberryPI3/ros2_ws/install/car_control/lib/car_control/car_control_node
[1.526s] -- Set runtime path of "/home/lilultime/Autocab/autocab/raspberryPI3/ros2_ws/install/car_control/lib/car_control/car_control_node" to ""
[1.526s] -- Installing: /home/lilultime/Autocab/autocab/raspberryPI3/ros2_ws/install/car_control/share/ament_index/resource_index/package_run_dependencies/car_control
[1.527s] -- Installing: /home/lilultime/Autocab/autocab/raspberryPI3/ros2_ws/install/car_control/share/ament_index/resource_index/parent_prefix_path/car_control
[1.527s] -- Installing: /home/lilultime/Autocab/autocab/raspberryPI3/ros2_ws/install/car_control/share/car_control/environment/ament_prefix_path.sh
[1.527s] -- Installing: /home/lilultime/Autocab/autocab/raspberryPI3/ros2_ws/install/car_control/share/car_control/environment/ament_prefix_path.dsv
[1.527s] -- Installing: /home/lilultime/Autocab/autocab/raspberryPI3/ros2_ws/install/car_control/share/car_control/environment/path.sh
[1.527s] -- Installing: /home/lilultime/Autocab/autocab/raspberryPI3/ros2_ws/install/car_control/share/car_control/environment/path.dsv
[1.528s] -- Installing: /home/lilultime/Autocab/autocab/raspberryPI3/ros2_ws/install/car_control/share/car_control/local_setup.bash
[1.528s] -- Installing: /home/lilultime/Autocab/autocab/raspberryPI3/ros2_ws/install/car_control/share/car_control/local_setup.sh
[1.528s] -- Installing: /home/lilultime/Autocab/autocab/raspberryPI3/ros2_ws/install/car_control/share/car_control/local_setup.zsh
[1.528s] -- Installing: /home/lilultime/Autocab/autocab/raspberryPI3/ros2_ws/install/car_control/share/car_control/local_setup.dsv
[1.528s] -- Installing: /home/lilultime/Autocab/autocab/raspberryPI3/ros2_ws/install/car_control/share/car_control/package.dsv
[1.528s] -- Installing: /home/lilultime/Autocab/autocab/raspberryPI3/ros2_ws/install/car_control/share/ament_index/resource_index/packages/car_control
[1.528s] -- Installing: /home/lilultime/Autocab/autocab/raspberryPI3/ros2_ws/install/car_control/share/car_control/cmake/ament_cmake_export_include_directories-extras.cmake
[1.529s] -- Installing: /home/lilultime/Autocab/autocab/raspberryPI3/ros2_ws/install/car_control/share/car_control/cmake/car_controlConfig.cmake
[1.529s] -- Installing: /home/lilultime/Autocab/autocab/raspberryPI3/ros2_ws/install/car_control/share/car_control/cmake/car_controlConfig-version.cmake
[1.529s] -- Installing: /home/lilultime/Autocab/autocab/raspberryPI3/ros2_ws/install/car_control/share/car_control/package.xml
[1.537s] Invoked command in '/home/lilultime/Autocab/autocab/raspberryPI3/ros2_ws/build/car_control' returned '0': AMENT_PREFIX_PATH=/home/lilultime/Autocab/autocab/raspberryPI3/ros2_ws/install/interfaces:${AMENT_PREFIX_PATH} CMAKE_PREFIX_PATH=/home/lilultime/Autocab/autocab/raspberryPI3/ros2_ws/install/interfaces:/home/lilultime/Autocab/autocab/raspberryPI3/ros2_ws/install/auto_traj:/home/lilultime/ros2_ws/install/my_cpp_pkg:/home/lilultime/ros2_ws/install/my_robot_controller:/opt/ros/humble LD_LIBRARY_PATH=/home/lilultime/Autocab/autocab/raspberryPI3/ros2_ws/install/interfaces/lib:${LD_LIBRARY_PATH} PYTHONPATH=/home/lilultime/Autocab/autocab/raspberryPI3/ros2_ws/install/interfaces/local/lib/python3.10/dist-packages:${PYTHONPATH} /usr/local/bin/cmake --install /home/lilultime/Autocab/autocab/raspberryPI3/ros2_ws/build/car_control
