[0.081s] Invoking command in '/home/pi/autocab/raspberryPI3/ros2_ws/build/car_control': AMENT_PREFIX_PATH=/home/pi/autocab/raspberryPI3/ros2_ws/install/interfaces:${AMENT_PREFIX_PATH} CMAKE_PREFIX_PATH=/home/pi/autocab/raspberryPI3/ros2_ws/install/interfaces:/home/pi/ros2_ws/install/geicar_start:/home/pi/ros2_ws/install/system_check:/home/pi/ros2_ws/install/simulation:/home/pi/ros2_ws/install/imu_tools:/home/pi/ros2_ws/install/rviz_imu_plugin:/home/pi/ros2_ws/install/joystick:/home/pi/ros2_ws/install/car_control:/home/pi/ros2_ws/install/can:/home/pi/ros2_ws/install/interfaces:/home/pi/ros2_ws/install/imu_filter_madgwick:/home/pi/ros2_ws/install/imu_complementary_filter:/home/pi/ros2_ws/install/carla_msgs:/opt/ros/humble LD_LIBRARY_PATH=/home/pi/autocab/raspberryPI3/ros2_ws/install/interfaces/lib:${LD_LIBRARY_PATH} PYTHONPATH=/home/pi/autocab/raspberryPI3/ros2_ws/install/interfaces/local/lib/python3.10/dist-packages:${PYTHONPATH} /usr/bin/cmake --build /home/pi/autocab/raspberryPI3/ros2_ws/build/car_control -- -j4 -l4
[0.293s] [35m[1mConsolidate compiler generated dependencies of target car_control_node[0m
[0.412s] [ 20%] [32mBuilding CXX object CMakeFiles/car_control_node.dir/src/car_control_node.cpp.o[0m
[0.416s] [ 40%] [32mBuilding CXX object CMakeFiles/car_control_node.dir/src/fromAtoB.cpp.o[0m
[12.129s] In file included from [01m[K/home/pi/autocab/raspberryPI3/ros2_ws/src/car_control/src/fromAtoB.cpp:1[m[K:
[12.130s] [01m[K/home/pi/autocab/raspberryPI3/ros2_ws/src/car_control/src/../include/car_control/fromAtoB.h:40:5:[m[K [01;31m[Kerror: [m[K‘[01m[Kunordered_map[m[K’ does not name a type
[12.131s]    40 |     [01;31m[Kunordered_map[m[K<char, const unordered_map<char, float>> vertices;
[12.131s]       |     [01;31m[K^~~~~~~~~~~~~[m[K
[12.138s] [01m[K/home/pi/autocab/raspberryPI3/ros2_ws/src/car_control/src/../include/car_control/fromAtoB.h:44:38:[m[K [01;31m[Kerror: [m[K‘[01m[Kunordered_map[m[K’ does not name a type
[12.140s]    44 |     void add_vertex(char name, const [01;31m[Kunordered_map[m[K<char, float>& edges);
[12.141s]       |                                      [01;31m[K^~~~~~~~~~~~~[m[K
[12.142s] [01m[K/home/pi/autocab/raspberryPI3/ros2_ws/src/car_control/src/../include/car_control/fromAtoB.h:44:51:[m[K [01;31m[Kerror: [m[Kexpected ‘[01m[K,[m[K’ or ‘[01m[K...[m[K’ before ‘[01m[K<[m[K’ token
[12.143s]    44 |     void add_vertex(char name, const unordered_map[01;31m[K<[m[Kchar, float>& edges);
[12.145s]       |                                                   [01;31m[K^[m[K
[12.146s] [01m[K/home/pi/autocab/raspberryPI3/ros2_ws/src/car_control/src/../include/car_control/fromAtoB.h:45:5:[m[K [01;31m[Kerror: [m[K‘[01m[Kvector[m[K’ does not name a type
[12.147s]    45 |     [01;31m[Kvector[m[K<char> shortest_path(char start, char finish);
[12.148s]       |     [01;31m[K^~~~~~[m[K
[12.149s] [01m[K/home/pi/autocab/raspberryPI3/ros2_ws/src/car_control/src/../include/car_control/fromAtoB.h:46:22:[m[K [01;31m[Kerror: [m[K‘[01m[Kmap[m[K’ has not been declared
[12.149s]    46 |     void createGraph([01;31m[Kmap[m[K<char, float[2]> coordinates);
[12.150s]       |                      [01;31m[K^~~[m[K
[12.154s] [01m[K/home/pi/autocab/raspberryPI3/ros2_ws/src/car_control/src/../include/car_control/fromAtoB.h:46:25:[m[K [01;31m[Kerror: [m[Kexpected ‘[01m[K,[m[K’ or ‘[01m[K...[m[K’ before ‘[01m[K<[m[K’ token
[12.155s]    46 |     void createGraph(map[01;31m[K<[m[Kchar, float[2]> coordinates);
[12.155s]       |                         [01;31m[K^[m[K
[12.156s] [01m[K/home/pi/autocab/raspberryPI3/ros2_ws/src/car_control/src/../include/car_control/fromAtoB.h:48:2:[m[K [01;31m[Kerror: [m[Kexpected ‘[01m[K;[m[K’ after class definition
[12.157s]    48 | }
[12.157s]       |  [01;31m[K^[m[K
[12.158s]       |  [32m[K;[m[K
[12.159s] [01m[K/home/pi/autocab/raspberryPI3/ros2_ws/src/car_control/src/fromAtoB.cpp:73:6:[m[K [01;31m[Kerror: [m[Kno declaration matches ‘[01m[Kvoid Graph::add_vertex(char, const std::unordered_map<char, float>&)[m[K’
[12.160s]    73 | void [01;31m[KGraph[m[K::add_vertex(char name, const unordered_map<char, float>& edges)
[12.161s]       |      [01;31m[K^~~~~[m[K
[12.162s] In file included from [01m[K/home/pi/autocab/raspberryPI3/ros2_ws/src/car_control/src/fromAtoB.cpp:1[m[K:
[12.163s] [01m[K/home/pi/autocab/raspberryPI3/ros2_ws/src/car_control/src/../include/car_control/fromAtoB.h:44:10:[m[K [01;36m[Knote: [m[Kcandidate is: ‘[01m[Kvoid Graph::add_vertex(char, int)[m[K’
[12.164s]    44 |     void [01;36m[Kadd_vertex[m[K(char name, const unordered_map<char, float>& edges);
[12.165s]       |          [01;36m[K^~~~~~~~~~[m[K
[12.166s] [01m[K/home/pi/autocab/raspberryPI3/ros2_ws/src/car_control/src/../include/car_control/fromAtoB.h:38:7:[m[K [01;36m[Knote: [m[K‘[01m[Kclass Graph[m[K’ defined here
[12.166s]    38 | class [01;36m[KGraph[m[K{
[12.167s]       |       [01;36m[K^~~~~[m[K
[12.168s] [01m[K/home/pi/autocab/raspberryPI3/ros2_ws/src/car_control/src/fromAtoB.cpp:78:14:[m[K [01;31m[Kerror: [m[Kno declaration matches ‘[01m[Kstd::vector<char> Graph::shortest_path(char, char)[m[K’
[12.168s]    78 | vector<char> [01;31m[KGraph[m[K::shortest_path(char start, char finish)
[12.169s]       |              [01;31m[K^~~~~[m[K
[12.170s] [01m[K/home/pi/autocab/raspberryPI3/ros2_ws/src/car_control/src/fromAtoB.cpp:78:14:[m[K [01;36m[Knote: [m[Kno functions named ‘[01m[Kstd::vector<char> Graph::shortest_path(char, char)[m[K’
[12.171s] In file included from [01m[K/home/pi/autocab/raspberryPI3/ros2_ws/src/car_control/src/fromAtoB.cpp:1[m[K:
[12.171s] [01m[K/home/pi/autocab/raspberryPI3/ros2_ws/src/car_control/src/../include/car_control/fromAtoB.h:38:7:[m[K [01;36m[Knote: [m[K‘[01m[Kclass Graph[m[K’ defined here
[12.172s]    38 | class [01;36m[KGraph[m[K{
[12.173s]       |       [01;36m[K^~~~~[m[K
[12.173s] [01m[K/home/pi/autocab/raspberryPI3/ros2_ws/src/car_control/src/fromAtoB.cpp:139:6:[m[K [01;31m[Kerror: [m[Kno declaration matches ‘[01m[Kvoid Graph::createGraph(std::map<char, float [2]>)[m[K’
[12.174s]   139 | void [01;31m[KGraph[m[K::createGraph(map<char, float[2]> coordinates)
[12.175s]       |      [01;31m[K^~~~~[m[K
[12.175s] In file included from [01m[K/home/pi/autocab/raspberryPI3/ros2_ws/src/car_control/src/fromAtoB.cpp:1[m[K:
[12.176s] [01m[K/home/pi/autocab/raspberryPI3/ros2_ws/src/car_control/src/../include/car_control/fromAtoB.h:46:10:[m[K [01;36m[Knote: [m[Kcandidate is: ‘[01m[Kvoid Graph::createGraph(int)[m[K’
[12.177s]    46 |     void [01;36m[KcreateGraph[m[K(map<char, float[2]> coordinates);
[12.177s]       |          [01;36m[K^~~~~~~~~~~[m[K
[12.178s] [01m[K/home/pi/autocab/raspberryPI3/ros2_ws/src/car_control/src/../include/car_control/fromAtoB.h:38:7:[m[K [01;36m[Knote: [m[K‘[01m[Kclass Graph[m[K’ defined here
[12.179s]    38 | class [01;36m[KGraph[m[K{
[12.180s]       |       [01;36m[K^~~~~[m[K
[12.227s] In file included from [01m[K/home/pi/autocab/raspberryPI3/ros2_ws/src/car_control/src/car_control_node.cpp:19[m[K:
[12.228s] [01m[K/home/pi/autocab/raspberryPI3/ros2_ws/src/car_control/src/../include/car_control/fromAtoB.h:40:5:[m[K [01;31m[Kerror: [m[K‘[01m[Kunordered_map[m[K’ does not name a type
[12.228s]    40 |     [01;31m[Kunordered_map[m[K<char, const unordered_map<char, float>> vertices;
[12.229s]       |     [01;31m[K^~~~~~~~~~~~~[m[K
[12.236s] [01m[K/home/pi/autocab/raspberryPI3/ros2_ws/src/car_control/src/../include/car_control/fromAtoB.h:44:38:[m[K [01;31m[Kerror: [m[K‘[01m[Kunordered_map[m[K’ does not name a type
[12.237s]    44 |     void add_vertex(char name, const [01;31m[Kunordered_map[m[K<char, float>& edges);
[12.238s]       |                                      [01;31m[K^~~~~~~~~~~~~[m[K
[12.239s] [01m[K/home/pi/autocab/raspberryPI3/ros2_ws/src/car_control/src/../include/car_control/fromAtoB.h:44:51:[m[K [01;31m[Kerror: [m[Kexpected ‘[01m[K,[m[K’ or ‘[01m[K...[m[K’ before ‘[01m[K<[m[K’ token
[12.240s]    44 |     void add_vertex(char name, const unordered_map[01;31m[K<[m[Kchar, float>& edges);
[12.241s]       |                                                   [01;31m[K^[m[K
[12.242s] [01m[K/home/pi/autocab/raspberryPI3/ros2_ws/src/car_control/src/../include/car_control/fromAtoB.h:45:5:[m[K [01;31m[Kerror: [m[K‘[01m[Kvector[m[K’ does not name a type
[12.243s]    45 |     [01;31m[Kvector[m[K<char> shortest_path(char start, char finish);
[12.244s]       |     [01;31m[K^~~~~~[m[K
[12.245s] [01m[K/home/pi/autocab/raspberryPI3/ros2_ws/src/car_control/src/../include/car_control/fromAtoB.h:46:22:[m[K [01;31m[Kerror: [m[K‘[01m[Kmap[m[K’ has not been declared
[12.245s]    46 |     void createGraph([01;31m[Kmap[m[K<char, float[2]> coordinates);
[12.246s]       |                      [01;31m[K^~~[m[K
[12.246s] [01m[K/home/pi/autocab/raspberryPI3/ros2_ws/src/car_control/src/../include/car_control/fromAtoB.h:46:25:[m[K [01;31m[Kerror: [m[Kexpected ‘[01m[K,[m[K’ or ‘[01m[K...[m[K’ before ‘[01m[K<[m[K’ token
[12.247s]    46 |     void createGraph(map[01;31m[K<[m[Kchar, float[2]> coordinates);
[12.248s]       |                         [01;31m[K^[m[K
[12.248s] [01m[K/home/pi/autocab/raspberryPI3/ros2_ws/src/car_control/src/../include/car_control/fromAtoB.h:48:2:[m[K [01;31m[Kerror: [m[Kexpected ‘[01m[K;[m[K’ after class definition
[12.249s]    48 | }
[12.250s]       |  [01;31m[K^[m[K
[12.250s]       |  [32m[K;[m[K
[13.162s] [01m[K/home/pi/autocab/raspberryPI3/ros2_ws/src/car_control/src/car_control_node.cpp:[m[K In constructor ‘[01m[Kcar_control::car_control()[m[K’:
[13.163s] [01m[K/home/pi/autocab/raspberryPI3/ros2_ws/src/car_control/src/car_control_node.cpp:47:34:[m[K [01;31m[Kerror: [m[Kexpected primary-expression before ‘[01m[K{[m[K’ token
[13.164s]    47 |         coordinates.insert(('A', [01;31m[K{[m[K43.570596, 1.466500}));
[13.165s]       |                                  [01;31m[K^[m[K
[13.165s] [01m[K/home/pi/autocab/raspberryPI3/ros2_ws/src/car_control/src/car_control_node.cpp:47:34:[m[K [01;31m[Kerror: [m[Kexpected ‘[01m[K)[m[K’ before ‘[01m[K{[m[K’ token
[13.166s] [01m[K/home/pi/autocab/raspberryPI3/ros2_ws/src/car_control/src/car_control_node.cpp:47:28:[m[K [01;36m[Knote: [m[Kto match this ‘[01m[K([m[K’
[13.166s]    47 |         coordinates.insert([01;36m[K([m[K'A', {43.570596, 1.466500}));
[13.167s]       |                            [01;36m[K^[m[K
[13.173s] [01m[K/home/pi/autocab/raspberryPI3/ros2_ws/src/car_control/src/car_control_node.cpp:48:34:[m[K [01;31m[Kerror: [m[Kexpected primary-expression before ‘[01m[K{[m[K’ token
[13.174s]    48 |         coordinates.insert(('B', [01;31m[K{[m[K43.570596, 1.466500}));
[13.175s]       |                                  [01;31m[K^[m[K
[13.175s] [01m[K/home/pi/autocab/raspberryPI3/ros2_ws/src/car_control/src/car_control_node.cpp:48:34:[m[K [01;31m[Kerror: [m[Kexpected ‘[01m[K)[m[K’ before ‘[01m[K{[m[K’ token
[13.176s] [01m[K/home/pi/autocab/raspberryPI3/ros2_ws/src/car_control/src/car_control_node.cpp:48:28:[m[K [01;36m[Knote: [m[Kto match this ‘[01m[K([m[K’
[13.177s]    48 |         coordinates.insert([01;36m[K([m[K'B', {43.570596, 1.466500}));
[13.177s]       |                            [01;36m[K^[m[K
[13.178s] [01m[K/home/pi/autocab/raspberryPI3/ros2_ws/src/car_control/src/car_control_node.cpp:49:34:[m[K [01;31m[Kerror: [m[Kexpected primary-expression before ‘[01m[K{[m[K’ token
[13.178s]    49 |         coordinates.insert(('C', [01;31m[K{[m[K43.570596, 1.466500}));
[13.179s]       |                                  [01;31m[K^[m[K
[13.190s] [01m[K/home/pi/autocab/raspberryPI3/ros2_ws/src/car_control/src/car_control_node.cpp:49:34:[m[K [01;31m[Kerror: [m[Kexpected ‘[01m[K)[m[K’ before ‘[01m[K{[m[K’ token
[13.192s] [01m[K/home/pi/autocab/raspberryPI3/ros2_ws/src/car_control/src/car_control_node.cpp:49:28:[m[K [01;36m[Knote: [m[Kto match this ‘[01m[K([m[K’
[13.193s]    49 |         coordinates.insert([01;36m[K([m[K'C', {43.570596, 1.466500}));
[13.194s]       |                            [01;36m[K^[m[K
[13.195s] [01m[K/home/pi/autocab/raspberryPI3/ros2_ws/src/car_control/src/car_control_node.cpp:50:34:[m[K [01;31m[Kerror: [m[Kexpected primary-expression before ‘[01m[K{[m[K’ token
[13.196s]    50 |         coordinates.insert(('D', [01;31m[K{[m[K43.570596, 1.466500}));
[13.197s]       |                                  [01;31m[K^[m[K
[13.198s] [01m[K/home/pi/autocab/raspberryPI3/ros2_ws/src/car_control/src/car_control_node.cpp:50:34:[m[K [01;31m[Kerror: [m[Kexpected ‘[01m[K)[m[K’ before ‘[01m[K{[m[K’ token
[13.199s] [01m[K/home/pi/autocab/raspberryPI3/ros2_ws/src/car_control/src/car_control_node.cpp:50:28:[m[K [01;36m[Knote: [m[Kto match this ‘[01m[K([m[K’
[13.199s]    50 |         coordinates.insert([01;36m[K([m[K'D', {43.570596, 1.466500}));
[13.200s]       |                            [01;36m[K^[m[K
[13.201s] [01m[K/home/pi/autocab/raspberryPI3/ros2_ws/src/car_control/src/car_control_node.cpp:52:27:[m[K [01;31m[Kerror: [m[Kcannot convert ‘[01m[Kstd::map<char, float [2]>[m[K’ to ‘[01m[Kint[m[K’
[13.201s]    52 |         graph.createGraph([01;31m[Kcoordinates[m[K);
[13.202s]       |                           [01;31m[K^~~~~~~~~~~[m[K
[13.203s]       |                           [01;31m[K|[m[K
[13.203s]       |                           [01;31m[Kstd::map<char, float [2]>[m[K
[13.204s] In file included from [01m[K/home/pi/autocab/raspberryPI3/ros2_ws/src/car_control/src/car_control_node.cpp:19[m[K:
[13.205s] [01m[K/home/pi/autocab/raspberryPI3/ros2_ws/src/car_control/src/../include/car_control/fromAtoB.h:46:22:[m[K [01;36m[Knote: [m[K  initializing argument 1 of ‘[01m[Kvoid Graph::createGraph(int)[m[K’
[13.205s]    46 |     void createGraph([01;36m[Kmap[m[K<char, float[2]> coordinates);
[13.206s]       |                      [01;36m[K^~~[m[K
[13.967s] gmake[2]: *** [CMakeFiles/car_control_node.dir/build.make:118: CMakeFiles/car_control_node.dir/src/fromAtoB.cpp.o] Error 1
[13.968s] gmake[2]: *** Waiting for unfinished jobs....
[33.699s] gmake[2]: *** [CMakeFiles/car_control_node.dir/build.make:76: CMakeFiles/car_control_node.dir/src/car_control_node.cpp.o] Error 1
[33.700s] gmake[1]: *** [CMakeFiles/Makefile2:137: CMakeFiles/car_control_node.dir/all] Error 2
[33.701s] gmake: *** [Makefile:146: all] Error 2
[33.707s] Invoked command in '/home/pi/autocab/raspberryPI3/ros2_ws/build/car_control' returned '2': AMENT_PREFIX_PATH=/home/pi/autocab/raspberryPI3/ros2_ws/install/interfaces:${AMENT_PREFIX_PATH} CMAKE_PREFIX_PATH=/home/pi/autocab/raspberryPI3/ros2_ws/install/interfaces:/home/pi/ros2_ws/install/geicar_start:/home/pi/ros2_ws/install/system_check:/home/pi/ros2_ws/install/simulation:/home/pi/ros2_ws/install/imu_tools:/home/pi/ros2_ws/install/rviz_imu_plugin:/home/pi/ros2_ws/install/joystick:/home/pi/ros2_ws/install/car_control:/home/pi/ros2_ws/install/can:/home/pi/ros2_ws/install/interfaces:/home/pi/ros2_ws/install/imu_filter_madgwick:/home/pi/ros2_ws/install/imu_complementary_filter:/home/pi/ros2_ws/install/carla_msgs:/opt/ros/humble LD_LIBRARY_PATH=/home/pi/autocab/raspberryPI3/ros2_ws/install/interfaces/lib:${LD_LIBRARY_PATH} PYTHONPATH=/home/pi/autocab/raspberryPI3/ros2_ws/install/interfaces/local/lib/python3.10/dist-packages:${PYTHONPATH} /usr/bin/cmake --build /home/pi/autocab/raspberryPI3/ros2_ws/build/car_control -- -j4 -l4
