[0.194s] Invoking command in '/home/pi/autocab/raspberryPI3/ros2_ws/build/car_control': AMENT_PREFIX_PATH=/home/pi/autocab/raspberryPI3/ros2_ws/install/interfaces:${AMENT_PREFIX_PATH} CMAKE_PREFIX_PATH=/home/pi/autocab/raspberryPI3/ros2_ws/install/interfaces:/home/pi/ros2_ws/install/geicar_start:/home/pi/ros2_ws/install/system_check:/home/pi/ros2_ws/install/simulation:/home/pi/ros2_ws/install/imu_tools:/home/pi/ros2_ws/install/rviz_imu_plugin:/home/pi/ros2_ws/install/joystick:/home/pi/ros2_ws/install/car_control:/home/pi/ros2_ws/install/can:/home/pi/ros2_ws/install/interfaces:/home/pi/ros2_ws/install/imu_filter_madgwick:/home/pi/ros2_ws/install/imu_complementary_filter:/home/pi/ros2_ws/install/carla_msgs:/opt/ros/humble LD_LIBRARY_PATH=/home/pi/autocab/raspberryPI3/ros2_ws/install/interfaces/lib:${LD_LIBRARY_PATH} PYTHONPATH=/home/pi/autocab/raspberryPI3/ros2_ws/install/interfaces/local/lib/python3.10/dist-packages:${PYTHONPATH} /usr/bin/cmake --build /home/pi/autocab/raspberryPI3/ros2_ws/build/car_control -- -j4 -l4
[0.723s] [35m[1mConsolidate compiler generated dependencies of target car_control_node[0m
[1.014s] [ 20%] [32mBuilding CXX object CMakeFiles/car_control_node.dir/src/car_control_node.cpp.o[0m
[1.022s] [ 40%] [32mBuilding CXX object CMakeFiles/car_control_node.dir/src/fromAtoB.cpp.o[0m
[26.043s] In file included from [01m[K/home/pi/autocab/raspberryPI3/ros2_ws/src/car_control/src/fromAtoB.cpp:1[m[K:
[26.044s] [01m[K/home/pi/autocab/raspberryPI3/ros2_ws/src/car_control/src/../include/car_control/fromAtoB.h:40:5:[m[K [01;31m[Kerror: [m[K‘[01m[Kunordered_map[m[K’ does not name a type
[26.045s]    40 |     [01;31m[Kunordered_map[m[K<char, const unordered_map<char, float>> vertices;
[26.046s]       |     [01;31m[K^~~~~~~~~~~~~[m[K
[26.064s] [01m[K/home/pi/autocab/raspberryPI3/ros2_ws/src/car_control/src/../include/car_control/fromAtoB.h:44:38:[m[K [01;31m[Kerror: [m[K‘[01m[Kunordered_map[m[K’ does not name a type
[26.065s]    44 |     void add_vertex(char name, const [01;31m[Kunordered_map[m[K<char, float>& edges);
[26.066s]       |                                      [01;31m[K^~~~~~~~~~~~~[m[K
[26.068s] [01m[K/home/pi/autocab/raspberryPI3/ros2_ws/src/car_control/src/../include/car_control/fromAtoB.h:44:51:[m[K [01;31m[Kerror: [m[Kexpected ‘[01m[K,[m[K’ or ‘[01m[K...[m[K’ before ‘[01m[K<[m[K’ token
[26.069s]    44 |     void add_vertex(char name, const unordered_map[01;31m[K<[m[Kchar, float>& edges);
[26.070s]       |                                                   [01;31m[K^[m[K
[26.076s] [01m[K/home/pi/autocab/raspberryPI3/ros2_ws/src/car_control/src/../include/car_control/fromAtoB.h:45:5:[m[K [01;31m[Kerror: [m[K‘[01m[Kvector[m[K’ does not name a type
[26.077s]    45 |     [01;31m[Kvector[m[K<char> shortest_path(char start, char finish);
[26.078s]       |     [01;31m[K^~~~~~[m[K
[26.080s] [01m[K/home/pi/autocab/raspberryPI3/ros2_ws/src/car_control/src/../include/car_control/fromAtoB.h:46:22:[m[K [01;31m[Kerror: [m[K‘[01m[Kmap[m[K’ has not been declared
[26.081s]    46 |     void createGraph([01;31m[Kmap[m[K<char, float[2]> coordinates);
[26.082s]       |                      [01;31m[K^~~[m[K
[26.083s] [01m[K/home/pi/autocab/raspberryPI3/ros2_ws/src/car_control/src/../include/car_control/fromAtoB.h:46:25:[m[K [01;31m[Kerror: [m[Kexpected ‘[01m[K,[m[K’ or ‘[01m[K...[m[K’ before ‘[01m[K<[m[K’ token
[26.084s]    46 |     void createGraph(map[01;31m[K<[m[Kchar, float[2]> coordinates);
[26.086s]       |                         [01;31m[K^[m[K
[26.087s] [01m[K/home/pi/autocab/raspberryPI3/ros2_ws/src/car_control/src/../include/car_control/fromAtoB.h:48:2:[m[K [01;31m[Kerror: [m[Kexpected ‘[01m[K;[m[K’ after class definition
[26.092s]    48 | }
[26.093s]       |  [01;31m[K^[m[K
[26.095s]       |  [32m[K;[m[K
[26.096s] [01m[K/home/pi/autocab/raspberryPI3/ros2_ws/src/car_control/src/fromAtoB.cpp:72:6:[m[K [01;31m[Kerror: [m[Kno declaration matches ‘[01m[Kvoid Graph::add_vertex(char, const std::unordered_map<char, float>&)[m[K’
[26.097s]    72 | void [01;31m[KGraph[m[K::add_vertex(char name, const unordered_map<char, float>& edges)
[26.099s]       |      [01;31m[K^~~~~[m[K
[26.100s] In file included from [01m[K/home/pi/autocab/raspberryPI3/ros2_ws/src/car_control/src/fromAtoB.cpp:1[m[K:
[26.101s] [01m[K/home/pi/autocab/raspberryPI3/ros2_ws/src/car_control/src/../include/car_control/fromAtoB.h:44:10:[m[K [01;36m[Knote: [m[Kcandidate is: ‘[01m[Kvoid Graph::add_vertex(char, int)[m[K’
[26.102s]    44 |     void [01;36m[Kadd_vertex[m[K(char name, const unordered_map<char, float>& edges);
[26.103s]       |          [01;36m[K^~~~~~~~~~[m[K
[26.105s] [01m[K/home/pi/autocab/raspberryPI3/ros2_ws/src/car_control/src/../include/car_control/fromAtoB.h:38:7:[m[K [01;36m[Knote: [m[K‘[01m[Kclass Graph[m[K’ defined here
[26.106s]    38 | class [01;36m[KGraph[m[K{
[26.107s]       |       [01;36m[K^~~~~[m[K
[26.108s] [01m[K/home/pi/autocab/raspberryPI3/ros2_ws/src/car_control/src/fromAtoB.cpp:77:14:[m[K [01;31m[Kerror: [m[Kno declaration matches ‘[01m[Kstd::vector<char> Graph::shortest_path(char, char)[m[K’
[26.110s]    77 | vector<char> [01;31m[KGraph[m[K::shortest_path(char start, char finish)
[26.111s]       |              [01;31m[K^~~~~[m[K
[26.112s] [01m[K/home/pi/autocab/raspberryPI3/ros2_ws/src/car_control/src/fromAtoB.cpp:77:14:[m[K [01;36m[Knote: [m[Kno functions named ‘[01m[Kstd::vector<char> Graph::shortest_path(char, char)[m[K’
[26.113s] In file included from [01m[K/home/pi/autocab/raspberryPI3/ros2_ws/src/car_control/src/fromAtoB.cpp:1[m[K:
[26.115s] [01m[K/home/pi/autocab/raspberryPI3/ros2_ws/src/car_control/src/../include/car_control/fromAtoB.h:38:7:[m[K [01;36m[Knote: [m[K‘[01m[Kclass Graph[m[K’ defined here
[26.116s]    38 | class [01;36m[KGraph[m[K{
[26.117s]       |       [01;36m[K^~~~~[m[K
[26.118s] [01m[K/home/pi/autocab/raspberryPI3/ros2_ws/src/car_control/src/fromAtoB.cpp:138:6:[m[K [01;31m[Kerror: [m[Kno declaration matches ‘[01m[Kvoid Graph::createGraph(std::map<char, float [2]>)[m[K’
[26.120s]   138 | void [01;31m[KGraph[m[K::createGraph(map<char, float[2]> coordinates)
[26.121s]       |      [01;31m[K^~~~~[m[K
[26.122s] In file included from [01m[K/home/pi/autocab/raspberryPI3/ros2_ws/src/car_control/src/fromAtoB.cpp:1[m[K:
[26.123s] [01m[K/home/pi/autocab/raspberryPI3/ros2_ws/src/car_control/src/../include/car_control/fromAtoB.h:46:10:[m[K [01;36m[Knote: [m[Kcandidate is: ‘[01m[Kvoid Graph::createGraph(int)[m[K’
[26.127s]    46 |     void [01;36m[KcreateGraph[m[K(map<char, float[2]> coordinates);
[26.128s]       |          [01;36m[K^~~~~~~~~~~[m[K
[26.129s] [01m[K/home/pi/autocab/raspberryPI3/ros2_ws/src/car_control/src/../include/car_control/fromAtoB.h:38:7:[m[K [01;36m[Knote: [m[K‘[01m[Kclass Graph[m[K’ defined here
[26.131s]    38 | class [01;36m[KGraph[m[K{
[26.132s]       |       [01;36m[K^~~~~[m[K
[26.286s] In file included from [01m[K/home/pi/autocab/raspberryPI3/ros2_ws/src/car_control/src/car_control_node.cpp:19[m[K:
[26.287s] [01m[K/home/pi/autocab/raspberryPI3/ros2_ws/src/car_control/src/../include/car_control/fromAtoB.h:40:5:[m[K [01;31m[Kerror: [m[K‘[01m[Kunordered_map[m[K’ does not name a type
[26.288s]    40 |     [01;31m[Kunordered_map[m[K<char, const unordered_map<char, float>> vertices;
[26.289s]       |     [01;31m[K^~~~~~~~~~~~~[m[K
[26.307s] [01m[K/home/pi/autocab/raspberryPI3/ros2_ws/src/car_control/src/../include/car_control/fromAtoB.h:44:38:[m[K [01;31m[Kerror: [m[K‘[01m[Kunordered_map[m[K’ does not name a type
[26.309s]    44 |     void add_vertex(char name, const [01;31m[Kunordered_map[m[K<char, float>& edges);
[26.310s]       |                                      [01;31m[K^~~~~~~~~~~~~[m[K
[26.311s] [01m[K/home/pi/autocab/raspberryPI3/ros2_ws/src/car_control/src/../include/car_control/fromAtoB.h:44:51:[m[K [01;31m[Kerror: [m[Kexpected ‘[01m[K,[m[K’ or ‘[01m[K...[m[K’ before ‘[01m[K<[m[K’ token
[26.312s]    44 |     void add_vertex(char name, const unordered_map[01;31m[K<[m[Kchar, float>& edges);
[26.314s]       |                                                   [01;31m[K^[m[K
[26.321s] [01m[K/home/pi/autocab/raspberryPI3/ros2_ws/src/car_control/src/../include/car_control/fromAtoB.h:45:5:[m[K [01;31m[Kerror: [m[K‘[01m[Kvector[m[K’ does not name a type
[26.322s]    45 |     [01;31m[Kvector[m[K<char> shortest_path(char start, char finish);
[26.323s]       |     [01;31m[K^~~~~~[m[K
[26.324s] [01m[K/home/pi/autocab/raspberryPI3/ros2_ws/src/car_control/src/../include/car_control/fromAtoB.h:46:22:[m[K [01;31m[Kerror: [m[K‘[01m[Kmap[m[K’ has not been declared
[26.328s]    46 |     void createGraph([01;31m[Kmap[m[K<char, float[2]> coordinates);
[26.329s]       |                      [01;31m[K^~~[m[K
[26.331s] [01m[K/home/pi/autocab/raspberryPI3/ros2_ws/src/car_control/src/../include/car_control/fromAtoB.h:46:25:[m[K [01;31m[Kerror: [m[Kexpected ‘[01m[K,[m[K’ or ‘[01m[K...[m[K’ before ‘[01m[K<[m[K’ token
[26.332s]    46 |     void createGraph(map[01;31m[K<[m[Kchar, float[2]> coordinates);
[26.333s]       |                         [01;31m[K^[m[K
[26.334s] [01m[K/home/pi/autocab/raspberryPI3/ros2_ws/src/car_control/src/../include/car_control/fromAtoB.h:48:2:[m[K [01;31m[Kerror: [m[Kexpected ‘[01m[K;[m[K’ after class definition
[26.336s]    48 | }
[26.337s]       |  [01;31m[K^[m[K
[26.338s]       |  [32m[K;[m[K
[28.317s] [01m[K/home/pi/autocab/raspberryPI3/ros2_ws/src/car_control/src/car_control_node.cpp:[m[K In constructor ‘[01m[Kcar_control::car_control()[m[K’:
[28.318s] [01m[K/home/pi/autocab/raspberryPI3/ros2_ws/src/car_control/src/car_control_node.cpp:47:34:[m[K [01;31m[Kerror: [m[Kexpected primary-expression before ‘[01m[K{[m[K’ token
[28.320s]    47 |         coordinates.insert(('A', [01;31m[K{[m[K43.570596, 1.466500}));
[28.321s]       |                                  [01;31m[K^[m[K
[28.323s] [01m[K/home/pi/autocab/raspberryPI3/ros2_ws/src/car_control/src/car_control_node.cpp:47:34:[m[K [01;31m[Kerror: [m[Kexpected ‘[01m[K)[m[K’ before ‘[01m[K{[m[K’ token
[28.324s] [01m[K/home/pi/autocab/raspberryPI3/ros2_ws/src/car_control/src/car_control_node.cpp:47:28:[m[K [01;36m[Knote: [m[Kto match this ‘[01m[K([m[K’
[28.325s]    47 |         coordinates.insert([01;36m[K([m[K'A', {43.570596, 1.466500}));
[28.326s]       |                            [01;36m[K^[m[K
[28.327s] [01m[K/home/pi/autocab/raspberryPI3/ros2_ws/src/car_control/src/car_control_node.cpp:48:34:[m[K [01;31m[Kerror: [m[Kexpected primary-expression before ‘[01m[K{[m[K’ token
[28.329s]    48 |         coordinates.insert(('B', [01;31m[K{[m[K43.570596, 1.466500}));
[28.330s]       |                                  [01;31m[K^[m[K
[28.331s] [01m[K/home/pi/autocab/raspberryPI3/ros2_ws/src/car_control/src/car_control_node.cpp:48:34:[m[K [01;31m[Kerror: [m[Kexpected ‘[01m[K)[m[K’ before ‘[01m[K{[m[K’ token
[28.332s] [01m[K/home/pi/autocab/raspberryPI3/ros2_ws/src/car_control/src/car_control_node.cpp:48:28:[m[K [01;36m[Knote: [m[Kto match this ‘[01m[K([m[K’
[28.333s]    48 |         coordinates.insert([01;36m[K([m[K'B', {43.570596, 1.466500}));
[28.335s]       |                            [01;36m[K^[m[K
[28.336s] [01m[K/home/pi/autocab/raspberryPI3/ros2_ws/src/car_control/src/car_control_node.cpp:49:34:[m[K [01;31m[Kerror: [m[Kexpected primary-expression before ‘[01m[K{[m[K’ token
[28.337s]    49 |         coordinates.insert(('C', [01;31m[K{[m[K43.570596, 1.466500}));
[28.338s]       |                                  [01;31m[K^[m[K
[28.339s] [01m[K/home/pi/autocab/raspberryPI3/ros2_ws/src/car_control/src/car_control_node.cpp:49:34:[m[K [01;31m[Kerror: [m[Kexpected ‘[01m[K)[m[K’ before ‘[01m[K{[m[K’ token
[28.341s] [01m[K/home/pi/autocab/raspberryPI3/ros2_ws/src/car_control/src/car_control_node.cpp:49:28:[m[K [01;36m[Knote: [m[Kto match this ‘[01m[K([m[K’
[28.342s]    49 |         coordinates.insert([01;36m[K([m[K'C', {43.570596, 1.466500}));
[28.343s]       |                            [01;36m[K^[m[K
[28.344s] [01m[K/home/pi/autocab/raspberryPI3/ros2_ws/src/car_control/src/car_control_node.cpp:50:34:[m[K [01;31m[Kerror: [m[Kexpected primary-expression before ‘[01m[K{[m[K’ token
[28.345s]    50 |         coordinates.insert(('D', [01;31m[K{[m[K43.570596, 1.466500}));
[28.346s]       |                                  [01;31m[K^[m[K
[28.348s] [01m[K/home/pi/autocab/raspberryPI3/ros2_ws/src/car_control/src/car_control_node.cpp:50:34:[m[K [01;31m[Kerror: [m[Kexpected ‘[01m[K)[m[K’ before ‘[01m[K{[m[K’ token
[28.349s] [01m[K/home/pi/autocab/raspberryPI3/ros2_ws/src/car_control/src/car_control_node.cpp:50:28:[m[K [01;36m[Knote: [m[Kto match this ‘[01m[K([m[K’
[28.350s]    50 |         coordinates.insert([01;36m[K([m[K'D', {43.570596, 1.466500}));
[28.351s]       |                            [01;36m[K^[m[K
[28.352s] [01m[K/home/pi/autocab/raspberryPI3/ros2_ws/src/car_control/src/car_control_node.cpp:52:27:[m[K [01;31m[Kerror: [m[Kcannot convert ‘[01m[Kstd::map<char, float [2]>[m[K’ to ‘[01m[Kint[m[K’
[28.353s]    52 |         graph.createGraph([01;31m[Kcoordinates[m[K);
[28.355s]       |                           [01;31m[K^~~~~~~~~~~[m[K
[28.356s]       |                           [01;31m[K|[m[K
[28.357s]       |                           [01;31m[Kstd::map<char, float [2]>[m[K
[28.358s] In file included from [01m[K/home/pi/autocab/raspberryPI3/ros2_ws/src/car_control/src/car_control_node.cpp:19[m[K:
[28.359s] [01m[K/home/pi/autocab/raspberryPI3/ros2_ws/src/car_control/src/../include/car_control/fromAtoB.h:46:22:[m[K [01;36m[Knote: [m[K  initializing argument 1 of ‘[01m[Kvoid Graph::createGraph(int)[m[K’
[28.361s]    46 |     void createGraph([01;36m[Kmap[m[K<char, float[2]> coordinates);
[28.363s]       |                      [01;36m[K^~~[m[K
[30.147s] gmake[2]: *** [CMakeFiles/car_control_node.dir/build.make:118: CMakeFiles/car_control_node.dir/src/fromAtoB.cpp.o] Error 1
[30.149s] gmake[2]: *** Waiting for unfinished jobs....
[77.549s] gmake[2]: *** [CMakeFiles/car_control_node.dir/build.make:76: CMakeFiles/car_control_node.dir/src/car_control_node.cpp.o] Error 1
[77.551s] gmake[1]: *** [CMakeFiles/Makefile2:137: CMakeFiles/car_control_node.dir/all] Error 2
[77.553s] gmake: *** [Makefile:146: all] Error 2
[77.570s] Invoked command in '/home/pi/autocab/raspberryPI3/ros2_ws/build/car_control' returned '2': AMENT_PREFIX_PATH=/home/pi/autocab/raspberryPI3/ros2_ws/install/interfaces:${AMENT_PREFIX_PATH} CMAKE_PREFIX_PATH=/home/pi/autocab/raspberryPI3/ros2_ws/install/interfaces:/home/pi/ros2_ws/install/geicar_start:/home/pi/ros2_ws/install/system_check:/home/pi/ros2_ws/install/simulation:/home/pi/ros2_ws/install/imu_tools:/home/pi/ros2_ws/install/rviz_imu_plugin:/home/pi/ros2_ws/install/joystick:/home/pi/ros2_ws/install/car_control:/home/pi/ros2_ws/install/can:/home/pi/ros2_ws/install/interfaces:/home/pi/ros2_ws/install/imu_filter_madgwick:/home/pi/ros2_ws/install/imu_complementary_filter:/home/pi/ros2_ws/install/carla_msgs:/opt/ros/humble LD_LIBRARY_PATH=/home/pi/autocab/raspberryPI3/ros2_ws/install/interfaces/lib:${LD_LIBRARY_PATH} PYTHONPATH=/home/pi/autocab/raspberryPI3/ros2_ws/install/interfaces/local/lib/python3.10/dist-packages:${PYTHONPATH} /usr/bin/cmake --build /home/pi/autocab/raspberryPI3/ros2_ws/build/car_control -- -j4 -l4
