[1.174s] DEBUG:colcon:Command line arguments: ['/usr/bin/colcon', 'build', '--packages-select=interfaces']
[1.174s] DEBUG:colcon:Parsed command line arguments: Namespace(log_base=None, log_level=None, verb_name='build', build_base='build', install_base='install', merge_install=False, symlink_install=False, test_result_base=None, continue_on_error=False, executor='parallel', parallel_workers=8, event_handlers=None, ignore_user_meta=False, metas=['./colcon.meta'], base_paths=['.'], packages_ignore=None, packages_ignore_regex=None, paths=None, packages_up_to=None, packages_up_to_regex=None, packages_above=None, packages_above_and_dependencies=None, packages_above_depth=None, packages_select_by_dep=None, packages_skip_by_dep=None, packages_skip_up_to=None, packages_select_build_failed=False, packages_skip_build_finished=False, packages_select_test_failures=False, packages_skip_test_passed=False, packages_select=['interfaces'], packages_skip=None, packages_select_regex=None, packages_skip_regex=None, packages_start=None, packages_end=None, allow_overriding=[], cmake_args=None, cmake_target=None, cmake_target_skip_unavailable=False, cmake_clean_cache=False, cmake_clean_first=False, cmake_force_configure=False, ament_cmake_args=None, catkin_cmake_args=None, catkin_skip_building_tests=False, verb_parser=<colcon_defaults.argument_parser.defaults.DefaultArgumentsDecorator object at 0x7f15966bae00>, verb_extension=<colcon_core.verb.build.BuildVerb object at 0x7f159669dbd0>, main=<bound method BuildVerb.main of <colcon_core.verb.build.BuildVerb object at 0x7f159669dbd0>>)
[1.224s] Level 1:colcon.colcon_core.package_discovery:discover_packages(colcon_meta) check parameters
[1.224s] Level 1:colcon.colcon_core.package_discovery:discover_packages(recursive) check parameters
[1.224s] Level 1:colcon.colcon_core.package_discovery:discover_packages(ignore) check parameters
[1.224s] Level 1:colcon.colcon_core.package_discovery:discover_packages(path) check parameters
[1.224s] Level 1:colcon.colcon_core.package_discovery:discover_packages(colcon_meta) discover
[1.224s] Level 1:colcon.colcon_core.package_discovery:discover_packages(recursive) discover
[1.224s] INFO:colcon.colcon_core.package_discovery:Crawling recursively for packages in '/home/lilultime/Autocab/autocab/raspberryPI3/ros2_ws'
[1.224s] Level 1:colcon.colcon_core.package_identification:_identify(.) by extensions ['ignore', 'ignore_ament_install']
[1.224s] Level 1:colcon.colcon_core.package_identification:_identify(.) by extension 'ignore'
[1.224s] Level 1:colcon.colcon_core.package_identification:_identify(.) by extension 'ignore_ament_install'
[1.224s] Level 1:colcon.colcon_core.package_identification:_identify(.) by extensions ['colcon_pkg']
[1.224s] Level 1:colcon.colcon_core.package_identification:_identify(.) by extension 'colcon_pkg'
[1.224s] Level 1:colcon.colcon_core.package_identification:_identify(.) by extensions ['colcon_meta']
[1.224s] Level 1:colcon.colcon_core.package_identification:_identify(.) by extension 'colcon_meta'
[1.224s] Level 1:colcon.colcon_core.package_identification:_identify(.) by extensions ['ros']
[1.224s] Level 1:colcon.colcon_core.package_identification:_identify(.) by extension 'ros'
[1.235s] Level 1:colcon.colcon_core.package_identification:_identify(.) by extensions ['cmake', 'python']
[1.235s] Level 1:colcon.colcon_core.package_identification:_identify(.) by extension 'cmake'
[1.235s] Level 1:colcon.colcon_core.package_identification:_identify(.) by extension 'python'
[1.235s] Level 1:colcon.colcon_core.package_identification:_identify(.) by extensions ['python_setup_py']
[1.235s] Level 1:colcon.colcon_core.package_identification:_identify(.) by extension 'python_setup_py'
[1.235s] Level 1:colcon.colcon_core.package_identification:_identify(build) by extensions ['ignore', 'ignore_ament_install']
[1.235s] Level 1:colcon.colcon_core.package_identification:_identify(build) by extension 'ignore'
[1.235s] Level 1:colcon.colcon_core.package_identification:_identify(build) ignored
[1.235s] Level 1:colcon.colcon_core.package_identification:_identify(install) by extensions ['ignore', 'ignore_ament_install']
[1.235s] Level 1:colcon.colcon_core.package_identification:_identify(install) by extension 'ignore'
[1.235s] Level 1:colcon.colcon_core.package_identification:_identify(install) ignored
[1.235s] Level 1:colcon.colcon_core.package_identification:_identify(log) by extensions ['ignore', 'ignore_ament_install']
[1.235s] Level 1:colcon.colcon_core.package_identification:_identify(log) by extension 'ignore'
[1.235s] Level 1:colcon.colcon_core.package_identification:_identify(log) ignored
[1.236s] Level 1:colcon.colcon_core.package_identification:_identify(src) by extensions ['ignore', 'ignore_ament_install']
[1.236s] Level 1:colcon.colcon_core.package_identification:_identify(src) by extension 'ignore'
[1.236s] Level 1:colcon.colcon_core.package_identification:_identify(src) by extension 'ignore_ament_install'
[1.236s] Level 1:colcon.colcon_core.package_identification:_identify(src) by extensions ['colcon_pkg']
[1.236s] Level 1:colcon.colcon_core.package_identification:_identify(src) by extension 'colcon_pkg'
[1.236s] Level 1:colcon.colcon_core.package_identification:_identify(src) by extensions ['colcon_meta']
[1.236s] Level 1:colcon.colcon_core.package_identification:_identify(src) by extension 'colcon_meta'
[1.236s] Level 1:colcon.colcon_core.package_identification:_identify(src) by extensions ['ros']
[1.236s] Level 1:colcon.colcon_core.package_identification:_identify(src) by extension 'ros'
[1.236s] Level 1:colcon.colcon_core.package_identification:_identify(src) by extensions ['cmake', 'python']
[1.236s] Level 1:colcon.colcon_core.package_identification:_identify(src) by extension 'cmake'
[1.236s] Level 1:colcon.colcon_core.package_identification:_identify(src) by extension 'python'
[1.236s] Level 1:colcon.colcon_core.package_identification:_identify(src) by extensions ['python_setup_py']
[1.236s] Level 1:colcon.colcon_core.package_identification:_identify(src) by extension 'python_setup_py'
[1.236s] Level 1:colcon.colcon_core.package_identification:_identify(src/auto_traj) by extensions ['ignore', 'ignore_ament_install']
[1.236s] Level 1:colcon.colcon_core.package_identification:_identify(src/auto_traj) by extension 'ignore'
[1.236s] Level 1:colcon.colcon_core.package_identification:_identify(src/auto_traj) by extension 'ignore_ament_install'
[1.236s] Level 1:colcon.colcon_core.package_identification:_identify(src/auto_traj) by extensions ['colcon_pkg']
[1.236s] Level 1:colcon.colcon_core.package_identification:_identify(src/auto_traj) by extension 'colcon_pkg'
[1.236s] Level 1:colcon.colcon_core.package_identification:_identify(src/auto_traj) by extensions ['colcon_meta']
[1.236s] Level 1:colcon.colcon_core.package_identification:_identify(src/auto_traj) by extension 'colcon_meta'
[1.236s] Level 1:colcon.colcon_core.package_identification:_identify(src/auto_traj) by extensions ['ros']
[1.237s] Level 1:colcon.colcon_core.package_identification:_identify(src/auto_traj) by extension 'ros'
[1.237s] Level 1:colcon.colcon_core.package_identification:_identify(src/auto_traj) by extensions ['cmake', 'python']
[1.237s] Level 1:colcon.colcon_core.package_identification:_identify(src/auto_traj) by extension 'cmake'
[1.237s] Level 1:colcon.colcon_core.package_identification:_identify(src/auto_traj) by extension 'python'
[1.237s] Level 1:colcon.colcon_core.package_identification:_identify(src/auto_traj) by extensions ['python_setup_py']
[1.237s] Level 1:colcon.colcon_core.package_identification:_identify(src/auto_traj) by extension 'python_setup_py'
[1.237s] Level 1:colcon.colcon_core.package_identification:_identify(src/auto_traj/include) by extensions ['ignore', 'ignore_ament_install']
[1.237s] Level 1:colcon.colcon_core.package_identification:_identify(src/auto_traj/include) by extension 'ignore'
[1.237s] Level 1:colcon.colcon_core.package_identification:_identify(src/auto_traj/include) by extension 'ignore_ament_install'
[1.237s] Level 1:colcon.colcon_core.package_identification:_identify(src/auto_traj/include) by extensions ['colcon_pkg']
[1.237s] Level 1:colcon.colcon_core.package_identification:_identify(src/auto_traj/include) by extension 'colcon_pkg'
[1.237s] Level 1:colcon.colcon_core.package_identification:_identify(src/auto_traj/include) by extensions ['colcon_meta']
[1.237s] Level 1:colcon.colcon_core.package_identification:_identify(src/auto_traj/include) by extension 'colcon_meta'
[1.237s] Level 1:colcon.colcon_core.package_identification:_identify(src/auto_traj/include) by extensions ['ros']
[1.237s] Level 1:colcon.colcon_core.package_identification:_identify(src/auto_traj/include) by extension 'ros'
[1.237s] Level 1:colcon.colcon_core.package_identification:_identify(src/auto_traj/include) by extensions ['cmake', 'python']
[1.237s] Level 1:colcon.colcon_core.package_identification:_identify(src/auto_traj/include) by extension 'cmake'
[1.237s] Level 1:colcon.colcon_core.package_identification:_identify(src/auto_traj/include) by extension 'python'
[1.237s] Level 1:colcon.colcon_core.package_identification:_identify(src/auto_traj/include) by extensions ['python_setup_py']
[1.237s] Level 1:colcon.colcon_core.package_identification:_identify(src/auto_traj/include) by extension 'python_setup_py'
[1.237s] Level 1:colcon.colcon_core.package_identification:_identify(src/auto_traj/include/auto_traj) by extensions ['ignore', 'ignore_ament_install']
[1.238s] Level 1:colcon.colcon_core.package_identification:_identify(src/auto_traj/include/auto_traj) by extension 'ignore'
[1.238s] Level 1:colcon.colcon_core.package_identification:_identify(src/auto_traj/include/auto_traj) by extension 'ignore_ament_install'
[1.238s] Level 1:colcon.colcon_core.package_identification:_identify(src/auto_traj/include/auto_traj) by extensions ['colcon_pkg']
[1.238s] Level 1:colcon.colcon_core.package_identification:_identify(src/auto_traj/include/auto_traj) by extension 'colcon_pkg'
[1.238s] Level 1:colcon.colcon_core.package_identification:_identify(src/auto_traj/include/auto_traj) by extensions ['colcon_meta']
[1.238s] Level 1:colcon.colcon_core.package_identification:_identify(src/auto_traj/include/auto_traj) by extension 'colcon_meta'
[1.238s] Level 1:colcon.colcon_core.package_identification:_identify(src/auto_traj/include/auto_traj) by extensions ['ros']
[1.238s] Level 1:colcon.colcon_core.package_identification:_identify(src/auto_traj/include/auto_traj) by extension 'ros'
[1.238s] Level 1:colcon.colcon_core.package_identification:_identify(src/auto_traj/include/auto_traj) by extensions ['cmake', 'python']
[1.238s] Level 1:colcon.colcon_core.package_identification:_identify(src/auto_traj/include/auto_traj) by extension 'cmake'
[1.238s] Level 1:colcon.colcon_core.package_identification:_identify(src/auto_traj/include/auto_traj) by extension 'python'
[1.238s] Level 1:colcon.colcon_core.package_identification:_identify(src/auto_traj/include/auto_traj) by extensions ['python_setup_py']
[1.238s] Level 1:colcon.colcon_core.package_identification:_identify(src/auto_traj/include/auto_traj) by extension 'python_setup_py'
[1.238s] Level 1:colcon.colcon_core.package_identification:_identify(src/can) by extensions ['ignore', 'ignore_ament_install']
[1.238s] Level 1:colcon.colcon_core.package_identification:_identify(src/can) by extension 'ignore'
[1.238s] Level 1:colcon.colcon_core.package_identification:_identify(src/can) by extension 'ignore_ament_install'
[1.238s] Level 1:colcon.colcon_core.package_identification:_identify(src/can) by extensions ['colcon_pkg']
[1.238s] Level 1:colcon.colcon_core.package_identification:_identify(src/can) by extension 'colcon_pkg'
[1.238s] Level 1:colcon.colcon_core.package_identification:_identify(src/can) by extensions ['colcon_meta']
[1.238s] Level 1:colcon.colcon_core.package_identification:_identify(src/can) by extension 'colcon_meta'
[1.238s] Level 1:colcon.colcon_core.package_identification:_identify(src/can) by extensions ['ros']
[1.238s] Level 1:colcon.colcon_core.package_identification:_identify(src/can) by extension 'ros'
[1.241s] DEBUG:colcon.colcon_core.package_identification:Package 'src/can' with type 'ros.ament_cmake' and name 'can'
[1.241s] Level 1:colcon.colcon_core.package_identification:_identify(src/car_control) by extensions ['ignore', 'ignore_ament_install']
[1.241s] Level 1:colcon.colcon_core.package_identification:_identify(src/car_control) by extension 'ignore'
[1.241s] Level 1:colcon.colcon_core.package_identification:_identify(src/car_control) by extension 'ignore_ament_install'
[1.241s] Level 1:colcon.colcon_core.package_identification:_identify(src/car_control) by extensions ['colcon_pkg']
[1.241s] Level 1:colcon.colcon_core.package_identification:_identify(src/car_control) by extension 'colcon_pkg'
[1.241s] Level 1:colcon.colcon_core.package_identification:_identify(src/car_control) by extensions ['colcon_meta']
[1.241s] Level 1:colcon.colcon_core.package_identification:_identify(src/car_control) by extension 'colcon_meta'
[1.241s] Level 1:colcon.colcon_core.package_identification:_identify(src/car_control) by extensions ['ros']
[1.241s] Level 1:colcon.colcon_core.package_identification:_identify(src/car_control) by extension 'ros'
[1.242s] DEBUG:colcon.colcon_core.package_identification:Package 'src/car_control' with type 'ros.ament_cmake' and name 'car_control'
[1.242s] Level 1:colcon.colcon_core.package_identification:_identify(src/carla_msgs) by extensions ['ignore', 'ignore_ament_install']
[1.242s] Level 1:colcon.colcon_core.package_identification:_identify(src/carla_msgs) by extension 'ignore'
[1.242s] Level 1:colcon.colcon_core.package_identification:_identify(src/carla_msgs) by extension 'ignore_ament_install'
[1.242s] Level 1:colcon.colcon_core.package_identification:_identify(src/carla_msgs) by extensions ['colcon_pkg']
[1.242s] Level 1:colcon.colcon_core.package_identification:_identify(src/carla_msgs) by extension 'colcon_pkg'
[1.242s] Level 1:colcon.colcon_core.package_identification:_identify(src/carla_msgs) by extensions ['colcon_meta']
[1.242s] Level 1:colcon.colcon_core.package_identification:_identify(src/carla_msgs) by extension 'colcon_meta'
[1.242s] Level 1:colcon.colcon_core.package_identification:_identify(src/carla_msgs) by extensions ['ros']
[1.242s] Level 1:colcon.colcon_core.package_identification:_identify(src/carla_msgs) by extension 'ros'
[1.243s] DEBUG:colcon.colcon_core.package_identification:Package 'src/carla_msgs' with type 'ros.ament_cmake' and name 'carla_msgs'
[1.243s] Level 1:colcon.colcon_core.package_identification:_identify(src/geicar_start) by extensions ['ignore', 'ignore_ament_install']
[1.243s] Level 1:colcon.colcon_core.package_identification:_identify(src/geicar_start) by extension 'ignore'
[1.243s] Level 1:colcon.colcon_core.package_identification:_identify(src/geicar_start) by extension 'ignore_ament_install'
[1.243s] Level 1:colcon.colcon_core.package_identification:_identify(src/geicar_start) by extensions ['colcon_pkg']
[1.243s] Level 1:colcon.colcon_core.package_identification:_identify(src/geicar_start) by extension 'colcon_pkg'
[1.243s] Level 1:colcon.colcon_core.package_identification:_identify(src/geicar_start) by extensions ['colcon_meta']
[1.243s] Level 1:colcon.colcon_core.package_identification:_identify(src/geicar_start) by extension 'colcon_meta'
[1.243s] Level 1:colcon.colcon_core.package_identification:_identify(src/geicar_start) by extensions ['ros']
[1.243s] Level 1:colcon.colcon_core.package_identification:_identify(src/geicar_start) by extension 'ros'
[1.244s] DEBUG:colcon.colcon_core.package_identification:Package 'src/geicar_start' with type 'ros.ament_cmake' and name 'geicar_start'
[1.244s] Level 1:colcon.colcon_core.package_identification:_identify(src/imu_tools) by extensions ['ignore', 'ignore_ament_install']
[1.244s] Level 1:colcon.colcon_core.package_identification:_identify(src/imu_tools) by extension 'ignore'
[1.244s] Level 1:colcon.colcon_core.package_identification:_identify(src/imu_tools) by extension 'ignore_ament_install'
[1.244s] Level 1:colcon.colcon_core.package_identification:_identify(src/imu_tools) by extensions ['colcon_pkg']
[1.244s] Level 1:colcon.colcon_core.package_identification:_identify(src/imu_tools) by extension 'colcon_pkg'
[1.244s] Level 1:colcon.colcon_core.package_identification:_identify(src/imu_tools) by extensions ['colcon_meta']
[1.244s] Level 1:colcon.colcon_core.package_identification:_identify(src/imu_tools) by extension 'colcon_meta'
[1.244s] Level 1:colcon.colcon_core.package_identification:_identify(src/imu_tools) by extensions ['ros']
[1.244s] Level 1:colcon.colcon_core.package_identification:_identify(src/imu_tools) by extension 'ros'
[1.244s] Level 1:colcon.colcon_core.package_identification:_identify(src/imu_tools) by extensions ['cmake', 'python']
[1.244s] Level 1:colcon.colcon_core.package_identification:_identify(src/imu_tools) by extension 'cmake'
[1.244s] Level 1:colcon.colcon_core.package_identification:_identify(src/imu_tools) by extension 'python'
[1.244s] Level 1:colcon.colcon_core.package_identification:_identify(src/imu_tools) by extensions ['python_setup_py']
[1.244s] Level 1:colcon.colcon_core.package_identification:_identify(src/imu_tools) by extension 'python_setup_py'
[1.245s] Level 1:colcon.colcon_core.package_identification:_identify(src/imu_tools/imu_complementary_filter) by extensions ['ignore', 'ignore_ament_install']
[1.245s] Level 1:colcon.colcon_core.package_identification:_identify(src/imu_tools/imu_complementary_filter) by extension 'ignore'
[1.245s] Level 1:colcon.colcon_core.package_identification:_identify(src/imu_tools/imu_complementary_filter) by extension 'ignore_ament_install'
[1.245s] Level 1:colcon.colcon_core.package_identification:_identify(src/imu_tools/imu_complementary_filter) by extensions ['colcon_pkg']
[1.245s] Level 1:colcon.colcon_core.package_identification:_identify(src/imu_tools/imu_complementary_filter) by extension 'colcon_pkg'
[1.245s] Level 1:colcon.colcon_core.package_identification:_identify(src/imu_tools/imu_complementary_filter) by extensions ['colcon_meta']
[1.245s] Level 1:colcon.colcon_core.package_identification:_identify(src/imu_tools/imu_complementary_filter) by extension 'colcon_meta'
[1.245s] Level 1:colcon.colcon_core.package_identification:_identify(src/imu_tools/imu_complementary_filter) by extensions ['ros']
[1.245s] Level 1:colcon.colcon_core.package_identification:_identify(src/imu_tools/imu_complementary_filter) by extension 'ros'
[1.245s] DEBUG:colcon.colcon_core.package_identification:Package 'src/imu_tools/imu_complementary_filter' with type 'ros.ament_cmake' and name 'imu_complementary_filter'
[1.246s] Level 1:colcon.colcon_core.package_identification:_identify(src/imu_tools/imu_filter_madgwick) by extensions ['ignore', 'ignore_ament_install']
[1.246s] Level 1:colcon.colcon_core.package_identification:_identify(src/imu_tools/imu_filter_madgwick) by extension 'ignore'
[1.246s] Level 1:colcon.colcon_core.package_identification:_identify(src/imu_tools/imu_filter_madgwick) by extension 'ignore_ament_install'
[1.246s] Level 1:colcon.colcon_core.package_identification:_identify(src/imu_tools/imu_filter_madgwick) by extensions ['colcon_pkg']
[1.246s] Level 1:colcon.colcon_core.package_identification:_identify(src/imu_tools/imu_filter_madgwick) by extension 'colcon_pkg'
[1.246s] Level 1:colcon.colcon_core.package_identification:_identify(src/imu_tools/imu_filter_madgwick) by extensions ['colcon_meta']
[1.246s] Level 1:colcon.colcon_core.package_identification:_identify(src/imu_tools/imu_filter_madgwick) by extension 'colcon_meta'
[1.246s] Level 1:colcon.colcon_core.package_identification:_identify(src/imu_tools/imu_filter_madgwick) by extensions ['ros']
[1.246s] Level 1:colcon.colcon_core.package_identification:_identify(src/imu_tools/imu_filter_madgwick) by extension 'ros'
[1.247s] DEBUG:colcon.colcon_core.package_identification:Package 'src/imu_tools/imu_filter_madgwick' with type 'ros.ament_cmake' and name 'imu_filter_madgwick'
[1.247s] Level 1:colcon.colcon_core.package_identification:_identify(src/imu_tools/imu_tools) by extensions ['ignore', 'ignore_ament_install']
[1.247s] Level 1:colcon.colcon_core.package_identification:_identify(src/imu_tools/imu_tools) by extension 'ignore'
[1.247s] Level 1:colcon.colcon_core.package_identification:_identify(src/imu_tools/imu_tools) by extension 'ignore_ament_install'
[1.247s] Level 1:colcon.colcon_core.package_identification:_identify(src/imu_tools/imu_tools) by extensions ['colcon_pkg']
[1.247s] Level 1:colcon.colcon_core.package_identification:_identify(src/imu_tools/imu_tools) by extension 'colcon_pkg'
[1.247s] Level 1:colcon.colcon_core.package_identification:_identify(src/imu_tools/imu_tools) by extensions ['colcon_meta']
[1.247s] Level 1:colcon.colcon_core.package_identification:_identify(src/imu_tools/imu_tools) by extension 'colcon_meta'
[1.247s] Level 1:colcon.colcon_core.package_identification:_identify(src/imu_tools/imu_tools) by extensions ['ros']
[1.247s] Level 1:colcon.colcon_core.package_identification:_identify(src/imu_tools/imu_tools) by extension 'ros'
[1.248s] DEBUG:colcon.colcon_core.package_identification:Package 'src/imu_tools/imu_tools' with type 'ros.ament_cmake' and name 'imu_tools'
[1.248s] Level 1:colcon.colcon_core.package_identification:_identify(src/imu_tools/rviz_imu_plugin) by extensions ['ignore', 'ignore_ament_install']
[1.248s] Level 1:colcon.colcon_core.package_identification:_identify(src/imu_tools/rviz_imu_plugin) by extension 'ignore'
[1.248s] Level 1:colcon.colcon_core.package_identification:_identify(src/imu_tools/rviz_imu_plugin) by extension 'ignore_ament_install'
[1.248s] Level 1:colcon.colcon_core.package_identification:_identify(src/imu_tools/rviz_imu_plugin) by extensions ['colcon_pkg']
[1.248s] Level 1:colcon.colcon_core.package_identification:_identify(src/imu_tools/rviz_imu_plugin) by extension 'colcon_pkg'
[1.248s] Level 1:colcon.colcon_core.package_identification:_identify(src/imu_tools/rviz_imu_plugin) by extensions ['colcon_meta']
[1.248s] Level 1:colcon.colcon_core.package_identification:_identify(src/imu_tools/rviz_imu_plugin) by extension 'colcon_meta'
[1.248s] Level 1:colcon.colcon_core.package_identification:_identify(src/imu_tools/rviz_imu_plugin) by extensions ['ros']
[1.248s] Level 1:colcon.colcon_core.package_identification:_identify(src/imu_tools/rviz_imu_plugin) by extension 'ros'
[1.249s] DEBUG:colcon.colcon_core.package_identification:Package 'src/imu_tools/rviz_imu_plugin' with type 'ros.ament_cmake' and name 'rviz_imu_plugin'
[1.249s] Level 1:colcon.colcon_core.package_identification:_identify(src/interfaces) by extensions ['ignore', 'ignore_ament_install']
[1.249s] Level 1:colcon.colcon_core.package_identification:_identify(src/interfaces) by extension 'ignore'
[1.250s] Level 1:colcon.colcon_core.package_identification:_identify(src/interfaces) by extension 'ignore_ament_install'
[1.250s] Level 1:colcon.colcon_core.package_identification:_identify(src/interfaces) by extensions ['colcon_pkg']
[1.250s] Level 1:colcon.colcon_core.package_identification:_identify(src/interfaces) by extension 'colcon_pkg'
[1.250s] Level 1:colcon.colcon_core.package_identification:_identify(src/interfaces) by extensions ['colcon_meta']
[1.250s] Level 1:colcon.colcon_core.package_identification:_identify(src/interfaces) by extension 'colcon_meta'
[1.250s] Level 1:colcon.colcon_core.package_identification:_identify(src/interfaces) by extensions ['ros']
[1.250s] Level 1:colcon.colcon_core.package_identification:_identify(src/interfaces) by extension 'ros'
[1.250s] DEBUG:colcon.colcon_core.package_identification:Package 'src/interfaces' with type 'ros.ament_cmake' and name 'interfaces'
[1.250s] Level 1:colcon.colcon_core.package_identification:_identify(src/joystick) by extensions ['ignore', 'ignore_ament_install']
[1.251s] Level 1:colcon.colcon_core.package_identification:_identify(src/joystick) by extension 'ignore'
[1.251s] Level 1:colcon.colcon_core.package_identification:_identify(src/joystick) by extension 'ignore_ament_install'
[1.251s] Level 1:colcon.colcon_core.package_identification:_identify(src/joystick) by extensions ['colcon_pkg']
[1.251s] Level 1:colcon.colcon_core.package_identification:_identify(src/joystick) by extension 'colcon_pkg'
[1.251s] Level 1:colcon.colcon_core.package_identification:_identify(src/joystick) by extensions ['colcon_meta']
[1.251s] Level 1:colcon.colcon_core.package_identification:_identify(src/joystick) by extension 'colcon_meta'
[1.251s] Level 1:colcon.colcon_core.package_identification:_identify(src/joystick) by extensions ['ros']
[1.251s] Level 1:colcon.colcon_core.package_identification:_identify(src/joystick) by extension 'ros'
[1.251s] DEBUG:colcon.colcon_core.package_identification:Package 'src/joystick' with type 'ros.ament_cmake' and name 'joystick'
[1.252s] Level 1:colcon.colcon_core.package_identification:_identify(src/simulation) by extensions ['ignore', 'ignore_ament_install']
[1.252s] Level 1:colcon.colcon_core.package_identification:_identify(src/simulation) by extension 'ignore'
[1.252s] Level 1:colcon.colcon_core.package_identification:_identify(src/simulation) by extension 'ignore_ament_install'
[1.252s] Level 1:colcon.colcon_core.package_identification:_identify(src/simulation) by extensions ['colcon_pkg']
[1.252s] Level 1:colcon.colcon_core.package_identification:_identify(src/simulation) by extension 'colcon_pkg'
[1.252s] Level 1:colcon.colcon_core.package_identification:_identify(src/simulation) by extensions ['colcon_meta']
[1.252s] Level 1:colcon.colcon_core.package_identification:_identify(src/simulation) by extension 'colcon_meta'
[1.252s] Level 1:colcon.colcon_core.package_identification:_identify(src/simulation) by extensions ['ros']
[1.252s] Level 1:colcon.colcon_core.package_identification:_identify(src/simulation) by extension 'ros'
[1.252s] DEBUG:colcon.colcon_core.package_identification:Package 'src/simulation' with type 'ros.ament_cmake' and name 'simulation'
[1.253s] Level 1:colcon.colcon_core.package_identification:_identify(src/system_check) by extensions ['ignore', 'ignore_ament_install']
[1.253s] Level 1:colcon.colcon_core.package_identification:_identify(src/system_check) by extension 'ignore'
[1.253s] Level 1:colcon.colcon_core.package_identification:_identify(src/system_check) by extension 'ignore_ament_install'
[1.253s] Level 1:colcon.colcon_core.package_identification:_identify(src/system_check) by extensions ['colcon_pkg']
[1.253s] Level 1:colcon.colcon_core.package_identification:_identify(src/system_check) by extension 'colcon_pkg'
[1.253s] Level 1:colcon.colcon_core.package_identification:_identify(src/system_check) by extensions ['colcon_meta']
[1.253s] Level 1:colcon.colcon_core.package_identification:_identify(src/system_check) by extension 'colcon_meta'
[1.253s] Level 1:colcon.colcon_core.package_identification:_identify(src/system_check) by extensions ['ros']
[1.253s] Level 1:colcon.colcon_core.package_identification:_identify(src/system_check) by extension 'ros'
[1.253s] DEBUG:colcon.colcon_core.package_identification:Package 'src/system_check' with type 'ros.ament_cmake' and name 'system_check'
[1.253s] Level 1:colcon.colcon_core.package_discovery:discover_packages(recursive) using defaults
[1.254s] Level 1:colcon.colcon_core.package_discovery:discover_packages(ignore) discover
[1.254s] Level 1:colcon.colcon_core.package_discovery:discover_packages(ignore) using defaults
[1.254s] Level 1:colcon.colcon_core.package_discovery:discover_packages(path) discover
[1.254s] Level 1:colcon.colcon_core.package_discovery:discover_packages(path) using defaults
[1.324s] INFO:colcon.colcon_core.package_selection:Skipping not selected package 'carla_msgs' in 'src/carla_msgs'
[1.324s] INFO:colcon.colcon_core.package_selection:Skipping not selected package 'imu_complementary_filter' in 'src/imu_tools/imu_complementary_filter'
[1.324s] INFO:colcon.colcon_core.package_selection:Skipping not selected package 'imu_filter_madgwick' in 'src/imu_tools/imu_filter_madgwick'
[1.324s] INFO:colcon.colcon_core.package_selection:Skipping not selected package 'rviz_imu_plugin' in 'src/imu_tools/rviz_imu_plugin'
[1.325s] INFO:colcon.colcon_core.package_selection:Skipping not selected package 'can' in 'src/can'
[1.325s] INFO:colcon.colcon_core.package_selection:Skipping not selected package 'car_control' in 'src/car_control'
[1.325s] INFO:colcon.colcon_core.package_selection:Skipping not selected package 'imu_tools' in 'src/imu_tools/imu_tools'
[1.325s] INFO:colcon.colcon_core.package_selection:Skipping not selected package 'joystick' in 'src/joystick'
[1.325s] INFO:colcon.colcon_core.package_selection:Skipping not selected package 'simulation' in 'src/simulation'
[1.325s] INFO:colcon.colcon_core.package_selection:Skipping not selected package 'system_check' in 'src/system_check'
[1.325s] INFO:colcon.colcon_core.package_selection:Skipping not selected package 'geicar_start' in 'src/geicar_start'
[1.359s] Level 1:colcon.colcon_core.package_discovery:discover_packages(prefix_path) check parameters
[1.359s] Level 1:colcon.colcon_core.package_discovery:discover_packages(prefix_path) discover
[1.403s] DEBUG:colcon.colcon_installed_package_information.package_discovery:Found 2 installed packages in /home/lilultime/Autocab/autocab/raspberryPI3/ros2_ws/install
[1.420s] DEBUG:colcon.colcon_installed_package_information.package_discovery:Found 2 installed packages in /home/lilultime/ros2_ws/install
[1.438s] DEBUG:colcon.colcon_installed_package_information.package_discovery:Found 363 installed packages in /opt/ros/humble
[1.439s] Level 1:colcon.colcon_core.package_discovery:discover_packages(prefix_path) using defaults
[1.544s] Level 5:colcon.colcon_core.verb:set package 'interfaces' build argument 'cmake_args' from command line to 'None'
[1.544s] Level 5:colcon.colcon_core.verb:set package 'interfaces' build argument 'cmake_target' from command line to 'None'
[1.544s] Level 5:colcon.colcon_core.verb:set package 'interfaces' build argument 'cmake_target_skip_unavailable' from command line to 'False'
[1.544s] Level 5:colcon.colcon_core.verb:set package 'interfaces' build argument 'cmake_clean_cache' from command line to 'False'
[1.544s] Level 5:colcon.colcon_core.verb:set package 'interfaces' build argument 'cmake_clean_first' from command line to 'False'
[1.544s] Level 5:colcon.colcon_core.verb:set package 'interfaces' build argument 'cmake_force_configure' from command line to 'False'
[1.544s] Level 5:colcon.colcon_core.verb:set package 'interfaces' build argument 'ament_cmake_args' from command line to 'None'
[1.544s] Level 5:colcon.colcon_core.verb:set package 'interfaces' build argument 'catkin_cmake_args' from command line to 'None'
[1.544s] Level 5:colcon.colcon_core.verb:set package 'interfaces' build argument 'catkin_skip_building_tests' from command line to 'False'
[1.544s] DEBUG:colcon.colcon_core.verb:Building package 'interfaces' with the following arguments: {'ament_cmake_args': None, 'build_base': '/home/lilultime/Autocab/autocab/raspberryPI3/ros2_ws/build/interfaces', 'catkin_cmake_args': None, 'catkin_skip_building_tests': False, 'cmake_args': None, 'cmake_clean_cache': False, 'cmake_clean_first': False, 'cmake_force_configure': False, 'cmake_target': None, 'cmake_target_skip_unavailable': False, 'install_base': '/home/lilultime/Autocab/autocab/raspberryPI3/ros2_ws/install/interfaces', 'merge_install': False, 'path': '/home/lilultime/Autocab/autocab/raspberryPI3/ros2_ws/src/interfaces', 'symlink_install': False, 'test_result_base': None}
[1.561s] INFO:colcon.colcon_core.executor:Executing jobs using 'parallel' executor
[1.578s] DEBUG:colcon.colcon_parallel_executor.executor.parallel:run_until_complete
[1.579s] INFO:colcon.colcon_ros.task.ament_cmake.build:Building ROS package in '/home/lilultime/Autocab/autocab/raspberryPI3/ros2_ws/src/interfaces' with build type 'ament_cmake'
[1.579s] INFO:colcon.colcon_cmake.task.cmake.build:Building CMake package in '/home/lilultime/Autocab/autocab/raspberryPI3/ros2_ws/src/interfaces'
[1.599s] INFO:colcon.colcon_core.plugin_system:Skipping extension 'colcon_core.shell.bat': Not used on non-Windows systems
[1.600s] INFO:colcon.colcon_core.shell:Skip shell extension 'powershell' for command environment: Not usable outside of PowerShell
[1.600s] DEBUG:colcon.colcon_core.shell:Skip shell extension 'dsv' for command environment
[1.676s] DEBUG:colcon.colcon_core.event_handler.log_command:Invoking command in '/home/lilultime/Autocab/autocab/raspberryPI3/ros2_ws/build/interfaces': CMAKE_PREFIX_PATH=${CMAKE_PREFIX_PATH}:/home/lilultime/ros2_ws/install/my_robot_controller:/opt/ros/humble /usr/local/bin/cmake /home/lilultime/Autocab/autocab/raspberryPI3/ros2_ws/src/interfaces -DCMAKE_INSTALL_PREFIX=/home/lilultime/Autocab/autocab/raspberryPI3/ros2_ws/install/interfaces
[3.938s] DEBUG:colcon.colcon_core.event_handler.log_command:Invoked command in '/home/lilultime/Autocab/autocab/raspberryPI3/ros2_ws/build/interfaces' returned '0': CMAKE_PREFIX_PATH=${CMAKE_PREFIX_PATH}:/home/lilultime/ros2_ws/install/my_robot_controller:/opt/ros/humble /usr/local/bin/cmake /home/lilultime/Autocab/autocab/raspberryPI3/ros2_ws/src/interfaces -DCMAKE_INSTALL_PREFIX=/home/lilultime/Autocab/autocab/raspberryPI3/ros2_ws/install/interfaces
[3.941s] DEBUG:colcon.colcon_core.event_handler.log_command:Invoking command in '/home/lilultime/Autocab/autocab/raspberryPI3/ros2_ws/build/interfaces': CMAKE_PREFIX_PATH=${CMAKE_PREFIX_PATH}:/home/lilultime/ros2_ws/install/my_robot_controller:/opt/ros/humble /usr/local/bin/cmake --build /home/lilultime/Autocab/autocab/raspberryPI3/ros2_ws/build/interfaces -- -j8 -l8
[11.650s] DEBUG:colcon.colcon_core.event_handler.log_command:Invoked command in '/home/lilultime/Autocab/autocab/raspberryPI3/ros2_ws/build/interfaces' returned '0': CMAKE_PREFIX_PATH=${CMAKE_PREFIX_PATH}:/home/lilultime/ros2_ws/install/my_robot_controller:/opt/ros/humble /usr/local/bin/cmake --build /home/lilultime/Autocab/autocab/raspberryPI3/ros2_ws/build/interfaces -- -j8 -l8
[11.881s] DEBUG:colcon.colcon_core.event_handler.log_command:Invoking command in '/home/lilultime/Autocab/autocab/raspberryPI3/ros2_ws/build/interfaces': CMAKE_PREFIX_PATH=${CMAKE_PREFIX_PATH}:/home/lilultime/ros2_ws/install/my_robot_controller:/opt/ros/humble /usr/local/bin/cmake --install /home/lilultime/Autocab/autocab/raspberryPI3/ros2_ws/build/interfaces
[11.994s] Level 1:colcon.colcon_core.environment:create_environment_scripts_only(interfaces)
[11.994s] DEBUG:colcon.colcon_core.event_handler.log_command:Invoked command in '/home/lilultime/Autocab/autocab/raspberryPI3/ros2_ws/build/interfaces' returned '0': CMAKE_PREFIX_PATH=${CMAKE_PREFIX_PATH}:/home/lilultime/ros2_ws/install/my_robot_controller:/opt/ros/humble /usr/local/bin/cmake --install /home/lilultime/Autocab/autocab/raspberryPI3/ros2_ws/build/interfaces
[12.015s] Level 1:colcon.colcon_core.environment:checking '/home/lilultime/Autocab/autocab/raspberryPI3/ros2_ws/install/interfaces' for CMake module files
[12.016s] Level 1:colcon.colcon_core.environment:checking '/home/lilultime/Autocab/autocab/raspberryPI3/ros2_ws/install/interfaces' for CMake config files
[12.016s] Level 1:colcon.colcon_core.shell:create_environment_hook('interfaces', 'cmake_prefix_path')
[12.035s] INFO:colcon.colcon_core.shell:Creating environment hook '/home/lilultime/Autocab/autocab/raspberryPI3/ros2_ws/install/interfaces/share/interfaces/hook/cmake_prefix_path.ps1'
[12.036s] INFO:colcon.colcon_core.shell:Creating environment descriptor '/home/lilultime/Autocab/autocab/raspberryPI3/ros2_ws/install/interfaces/share/interfaces/hook/cmake_prefix_path.dsv'
[12.036s] INFO:colcon.colcon_core.shell:Creating environment hook '/home/lilultime/Autocab/autocab/raspberryPI3/ros2_ws/install/interfaces/share/interfaces/hook/cmake_prefix_path.sh'
[12.037s] Level 1:colcon.colcon_core.environment:checking '/home/lilultime/Autocab/autocab/raspberryPI3/ros2_ws/install/interfaces/lib'
[12.037s] Level 1:colcon.colcon_core.shell:create_environment_hook('interfaces', 'ld_library_path_lib')
[12.055s] INFO:colcon.colcon_core.shell:Creating environment hook '/home/lilultime/Autocab/autocab/raspberryPI3/ros2_ws/install/interfaces/share/interfaces/hook/ld_library_path_lib.ps1'
[12.055s] INFO:colcon.colcon_core.shell:Creating environment descriptor '/home/lilultime/Autocab/autocab/raspberryPI3/ros2_ws/install/interfaces/share/interfaces/hook/ld_library_path_lib.dsv'
[12.055s] INFO:colcon.colcon_core.shell:Creating environment hook '/home/lilultime/Autocab/autocab/raspberryPI3/ros2_ws/install/interfaces/share/interfaces/hook/ld_library_path_lib.sh'
[12.056s] Level 1:colcon.colcon_core.environment:checking '/home/lilultime/Autocab/autocab/raspberryPI3/ros2_ws/install/interfaces/bin'
[12.056s] Level 1:colcon.colcon_core.environment:checking '/home/lilultime/Autocab/autocab/raspberryPI3/ros2_ws/install/interfaces/lib/pkgconfig/interfaces.pc'
[12.056s] Level 1:colcon.colcon_core.environment:checking '/home/lilultime/Autocab/autocab/raspberryPI3/ros2_ws/install/interfaces/lib/python3.10/site-packages'
[12.056s] Level 1:colcon.colcon_core.environment:checking '/home/lilultime/Autocab/autocab/raspberryPI3/ros2_ws/install/interfaces/bin'
[12.073s] INFO:colcon.colcon_core.shell:Creating package script '/home/lilultime/Autocab/autocab/raspberryPI3/ros2_ws/install/interfaces/share/interfaces/package.ps1'
[12.074s] INFO:colcon.colcon_core.shell:Creating package descriptor '/home/lilultime/Autocab/autocab/raspberryPI3/ros2_ws/install/interfaces/share/interfaces/package.dsv'
[12.074s] INFO:colcon.colcon_core.shell:Creating package script '/home/lilultime/Autocab/autocab/raspberryPI3/ros2_ws/install/interfaces/share/interfaces/package.sh'
[12.075s] INFO:colcon.colcon_core.shell:Creating package script '/home/lilultime/Autocab/autocab/raspberryPI3/ros2_ws/install/interfaces/share/interfaces/package.bash'
[12.076s] INFO:colcon.colcon_core.shell:Creating package script '/home/lilultime/Autocab/autocab/raspberryPI3/ros2_ws/install/interfaces/share/interfaces/package.zsh'
[12.076s] Level 1:colcon.colcon_core.environment:create_file_with_runtime_dependencies(/home/lilultime/Autocab/autocab/raspberryPI3/ros2_ws/install/interfaces/share/colcon-core/packages/interfaces)
[12.292s] Level 1:colcon.colcon_core.environment:create_environment_scripts_only(interfaces)
[12.314s] Level 1:colcon.colcon_core.environment:checking '/home/lilultime/Autocab/autocab/raspberryPI3/ros2_ws/install/interfaces' for CMake module files
[12.315s] Level 1:colcon.colcon_core.environment:checking '/home/lilultime/Autocab/autocab/raspberryPI3/ros2_ws/install/interfaces' for CMake config files
[12.315s] Level 1:colcon.colcon_core.shell:create_environment_hook('interfaces', 'cmake_prefix_path')
[12.332s] INFO:colcon.colcon_core.shell:Creating environment hook '/home/lilultime/Autocab/autocab/raspberryPI3/ros2_ws/install/interfaces/share/interfaces/hook/cmake_prefix_path.ps1'
[12.333s] INFO:colcon.colcon_core.shell:Creating environment descriptor '/home/lilultime/Autocab/autocab/raspberryPI3/ros2_ws/install/interfaces/share/interfaces/hook/cmake_prefix_path.dsv'
[12.333s] INFO:colcon.colcon_core.shell:Creating environment hook '/home/lilultime/Autocab/autocab/raspberryPI3/ros2_ws/install/interfaces/share/interfaces/hook/cmake_prefix_path.sh'
[12.334s] Level 1:colcon.colcon_core.environment:checking '/home/lilultime/Autocab/autocab/raspberryPI3/ros2_ws/install/interfaces/lib'
[12.334s] Level 1:colcon.colcon_core.shell:create_environment_hook('interfaces', 'ld_library_path_lib')
[12.352s] INFO:colcon.colcon_core.shell:Creating environment hook '/home/lilultime/Autocab/autocab/raspberryPI3/ros2_ws/install/interfaces/share/interfaces/hook/ld_library_path_lib.ps1'
[12.352s] INFO:colcon.colcon_core.shell:Creating environment descriptor '/home/lilultime/Autocab/autocab/raspberryPI3/ros2_ws/install/interfaces/share/interfaces/hook/ld_library_path_lib.dsv'
[12.352s] INFO:colcon.colcon_core.shell:Creating environment hook '/home/lilultime/Autocab/autocab/raspberryPI3/ros2_ws/install/interfaces/share/interfaces/hook/ld_library_path_lib.sh'
[12.353s] Level 1:colcon.colcon_core.environment:checking '/home/lilultime/Autocab/autocab/raspberryPI3/ros2_ws/install/interfaces/bin'
[12.353s] Level 1:colcon.colcon_core.environment:checking '/home/lilultime/Autocab/autocab/raspberryPI3/ros2_ws/install/interfaces/lib/pkgconfig/interfaces.pc'
[12.353s] Level 1:colcon.colcon_core.environment:checking '/home/lilultime/Autocab/autocab/raspberryPI3/ros2_ws/install/interfaces/lib/python3.10/site-packages'
[12.353s] Level 1:colcon.colcon_core.environment:checking '/home/lilultime/Autocab/autocab/raspberryPI3/ros2_ws/install/interfaces/bin'
[12.371s] INFO:colcon.colcon_core.shell:Creating package script '/home/lilultime/Autocab/autocab/raspberryPI3/ros2_ws/install/interfaces/share/interfaces/package.ps1'
[12.371s] INFO:colcon.colcon_core.shell:Creating package descriptor '/home/lilultime/Autocab/autocab/raspberryPI3/ros2_ws/install/interfaces/share/interfaces/package.dsv'
[12.372s] INFO:colcon.colcon_core.shell:Creating package script '/home/lilultime/Autocab/autocab/raspberryPI3/ros2_ws/install/interfaces/share/interfaces/package.sh'
[12.372s] INFO:colcon.colcon_core.shell:Creating package script '/home/lilultime/Autocab/autocab/raspberryPI3/ros2_ws/install/interfaces/share/interfaces/package.bash'
[12.373s] INFO:colcon.colcon_core.shell:Creating package script '/home/lilultime/Autocab/autocab/raspberryPI3/ros2_ws/install/interfaces/share/interfaces/package.zsh'
[12.373s] Level 1:colcon.colcon_core.environment:create_file_with_runtime_dependencies(/home/lilultime/Autocab/autocab/raspberryPI3/ros2_ws/install/interfaces/share/colcon-core/packages/interfaces)
[12.373s] DEBUG:colcon.colcon_parallel_executor.executor.parallel:closing loop
[12.374s] DEBUG:colcon.colcon_parallel_executor.executor.parallel:loop closed
[12.374s] DEBUG:colcon.colcon_parallel_executor.executor.parallel:run_until_complete finished with '0'
[12.374s] DEBUG:colcon.colcon_core.event_reactor:joining thread
[12.403s] INFO:colcon.colcon_core.plugin_system:Skipping extension 'colcon_notification.desktop_notification.terminal_notifier': Not used on non-Darwin systems
[12.403s] INFO:colcon.colcon_core.plugin_system:Skipping extension 'colcon_notification.desktop_notification.win32': Not used on non-Windows systems
[12.403s] INFO:colcon.colcon_notification.desktop_notification:Sending desktop notification using 'notify2'
[12.414s] DEBUG:colcon.colcon_core.event_reactor:joined thread
[12.433s] INFO:colcon.colcon_core.shell:Creating prefix script '/home/lilultime/Autocab/autocab/raspberryPI3/ros2_ws/install/local_setup.ps1'
[12.434s] INFO:colcon.colcon_core.shell:Creating prefix util module '/home/lilultime/Autocab/autocab/raspberryPI3/ros2_ws/install/_local_setup_util_ps1.py'
[12.436s] INFO:colcon.colcon_core.shell:Creating prefix chain script '/home/lilultime/Autocab/autocab/raspberryPI3/ros2_ws/install/setup.ps1'
[12.455s] INFO:colcon.colcon_core.shell:Creating prefix script '/home/lilultime/Autocab/autocab/raspberryPI3/ros2_ws/install/local_setup.sh'
[12.456s] INFO:colcon.colcon_core.shell:Creating prefix util module '/home/lilultime/Autocab/autocab/raspberryPI3/ros2_ws/install/_local_setup_util_sh.py'
[12.456s] INFO:colcon.colcon_core.shell:Creating prefix chain script '/home/lilultime/Autocab/autocab/raspberryPI3/ros2_ws/install/setup.sh'
[12.475s] INFO:colcon.colcon_core.shell:Creating prefix script '/home/lilultime/Autocab/autocab/raspberryPI3/ros2_ws/install/local_setup.bash'
[12.476s] INFO:colcon.colcon_core.shell:Creating prefix chain script '/home/lilultime/Autocab/autocab/raspberryPI3/ros2_ws/install/setup.bash'
[12.494s] INFO:colcon.colcon_core.shell:Creating prefix script '/home/lilultime/Autocab/autocab/raspberryPI3/ros2_ws/install/local_setup.zsh'
[12.494s] INFO:colcon.colcon_core.shell:Creating prefix chain script '/home/lilultime/Autocab/autocab/raspberryPI3/ros2_ws/install/setup.zsh'
