[0.116s] Invoking command in '/home/pi/autocab/raspberryPI3/ros2_ws/build/can': AMENT_PREFIX_PATH=/home/pi/autocab/raspberryPI3/ros2_ws/install/interfaces:${AMENT_PREFIX_PATH} CMAKE_PREFIX_PATH=/home/pi/autocab/raspberryPI3/ros2_ws/install/interfaces:/home/pi/ros2_ws/install/geicar_start:/home/pi/ros2_ws/install/system_check:/home/pi/ros2_ws/install/simulation:/home/pi/ros2_ws/install/imu_tools:/home/pi/ros2_ws/install/rviz_imu_plugin:/home/pi/ros2_ws/install/joystick:/home/pi/ros2_ws/install/car_control:/home/pi/ros2_ws/install/can:/home/pi/ros2_ws/install/interfaces:/home/pi/ros2_ws/install/imu_filter_madgwick:/home/pi/ros2_ws/install/imu_complementary_filter:/home/pi/ros2_ws/install/carla_msgs:/opt/ros/humble LD_LIBRARY_PATH=/home/pi/autocab/raspberryPI3/ros2_ws/install/interfaces/lib:${LD_LIBRARY_PATH} PYTHONPATH=/home/pi/autocab/raspberryPI3/ros2_ws/install/interfaces/local/lib/python3.10/dist-packages:${PYTHONPATH} /usr/bin/cmake /home/pi/autocab/raspberryPI3/ros2_ws/src/can -DCMAKE_INSTALL_PREFIX=/home/pi/autocab/raspberryPI3/ros2_ws/install/can
[0.521s] -- The C compiler identification is GNU 11.4.0
[0.960s] -- The CXX compiler identification is GNU 11.4.0
[1.017s] -- Detecting C compiler ABI info
[1.647s] -- Detecting C compiler ABI info - done
[1.696s] -- Check for working C compiler: /usr/bin/cc - skipped
[1.701s] -- Detecting C compile features
[1.708s] -- Detecting C compile features - done
[1.736s] -- Detecting CXX compiler ABI info
[2.592s] -- Detecting CXX compiler ABI info - done
[2.635s] -- Check for working CXX compiler: /usr/bin/c++ - skipped
[2.636s] -- Detecting CXX compile features
[2.640s] -- Detecting CXX compile features - done
[2.693s] -- Found ament_cmake: 1.3.2 (/opt/ros/humble/share/ament_cmake/cmake)
[4.109s] -- Found Python3: /usr/bin/python3.10 (found version "3.10.12") found components: Interpreter 
[5.103s] -- Found rclcpp: 16.0.1 (/opt/ros/humble/share/rclcpp/cmake)
[5.762s] -- Found rosidl_generator_c: 3.1.3 (/opt/ros/humble/share/rosidl_generator_c/cmake)
[5.849s] -- Found rosidl_adapter: 3.1.3 (/opt/ros/humble/share/rosidl_adapter/cmake)
[5.978s] -- Found rosidl_generator_cpp: 3.1.3 (/opt/ros/humble/share/rosidl_generator_cpp/cmake)
[6.116s] -- Using all available rosidl_typesupport_c: rosidl_typesupport_fastrtps_c;rosidl_typesupport_introspection_c
[6.318s] -- Using all available rosidl_typesupport_cpp: rosidl_typesupport_fastrtps_cpp;rosidl_typesupport_introspection_cpp
[6.913s] -- Found rmw_implementation_cmake: 6.1.0 (/opt/ros/humble/share/rmw_implementation_cmake/cmake)
[6.960s] -- Found rmw_fastrtps_cpp: 6.2.1 (/opt/ros/humble/share/rmw_fastrtps_cpp/cmake)
[7.789s] -- Found OpenSSL: /usr/lib/aarch64-linux-gnu/libcrypto.so (found version "3.0.2")  
[8.046s] -- Found FastRTPS: /opt/ros/humble/include  
[8.512s] -- Using RMW implementation 'rmw_fastrtps_cpp' as default
[9.511s] -- Found sensor_msgs: 4.2.2 (/opt/ros/humble/share/sensor_msgs/cmake)
[10.118s] -- Found interfaces: 0.0.0 (/home/pi/autocab/raspberryPI3/ros2_ws/install/interfaces/share/interfaces/cmake)
[10.263s] -- Found ament_lint_auto: 0.12.4 (/opt/ros/humble/share/ament_lint_auto/cmake)
[10.959s] -- Added test 'cppcheck' to perform static code analysis on C / C++ code
[10.961s] -- Configured cppcheck include dirs: $<BUILD_INTERFACE:/home/pi/autocab/raspberryPI3/ros2_ws/src/can/include>
[10.961s] -- Configured cppcheck exclude dirs and/or files: 
[10.969s] -- Added test 'lint_cmake' to check CMake code style
[10.982s] -- Added test 'uncrustify' to check C / C++ code style
[10.983s] -- Configured uncrustify additional arguments: 
[10.989s] -- Added test 'xmllint' to check XML markup files
[11.002s] -- Configuring done
[11.097s] -- Generating done
[11.108s] -- Build files have been written to: /home/pi/autocab/raspberryPI3/ros2_ws/build/can
[11.169s] Invoked command in '/home/pi/autocab/raspberryPI3/ros2_ws/build/can' returned '0': AMENT_PREFIX_PATH=/home/pi/autocab/raspberryPI3/ros2_ws/install/interfaces:${AMENT_PREFIX_PATH} CMAKE_PREFIX_PATH=/home/pi/autocab/raspberryPI3/ros2_ws/install/interfaces:/home/pi/ros2_ws/install/geicar_start:/home/pi/ros2_ws/install/system_check:/home/pi/ros2_ws/install/simulation:/home/pi/ros2_ws/install/imu_tools:/home/pi/ros2_ws/install/rviz_imu_plugin:/home/pi/ros2_ws/install/joystick:/home/pi/ros2_ws/install/car_control:/home/pi/ros2_ws/install/can:/home/pi/ros2_ws/install/interfaces:/home/pi/ros2_ws/install/imu_filter_madgwick:/home/pi/ros2_ws/install/imu_complementary_filter:/home/pi/ros2_ws/install/carla_msgs:/opt/ros/humble LD_LIBRARY_PATH=/home/pi/autocab/raspberryPI3/ros2_ws/install/interfaces/lib:${LD_LIBRARY_PATH} PYTHONPATH=/home/pi/autocab/raspberryPI3/ros2_ws/install/interfaces/local/lib/python3.10/dist-packages:${PYTHONPATH} /usr/bin/cmake /home/pi/autocab/raspberryPI3/ros2_ws/src/can -DCMAKE_INSTALL_PREFIX=/home/pi/autocab/raspberryPI3/ros2_ws/install/can
[11.171s] Invoking command in '/home/pi/autocab/raspberryPI3/ros2_ws/build/can': AMENT_PREFIX_PATH=/home/pi/autocab/raspberryPI3/ros2_ws/install/interfaces:${AMENT_PREFIX_PATH} CMAKE_PREFIX_PATH=/home/pi/autocab/raspberryPI3/ros2_ws/install/interfaces:/home/pi/ros2_ws/install/geicar_start:/home/pi/ros2_ws/install/system_check:/home/pi/ros2_ws/install/simulation:/home/pi/ros2_ws/install/imu_tools:/home/pi/ros2_ws/install/rviz_imu_plugin:/home/pi/ros2_ws/install/joystick:/home/pi/ros2_ws/install/car_control:/home/pi/ros2_ws/install/can:/home/pi/ros2_ws/install/interfaces:/home/pi/ros2_ws/install/imu_filter_madgwick:/home/pi/ros2_ws/install/imu_complementary_filter:/home/pi/ros2_ws/install/carla_msgs:/opt/ros/humble LD_LIBRARY_PATH=/home/pi/autocab/raspberryPI3/ros2_ws/install/interfaces/lib:${LD_LIBRARY_PATH} PYTHONPATH=/home/pi/autocab/raspberryPI3/ros2_ws/install/interfaces/local/lib/python3.10/dist-packages:${PYTHONPATH} /usr/bin/cmake --build /home/pi/autocab/raspberryPI3/ros2_ws/build/can -- -j4 -l4
[11.458s] [ 25%] [32mBuilding CXX object CMakeFiles/can_rx_node.dir/src/can_rx_node.cpp.o[0m
[58.906s] [ 50%] [32m[1mLinking CXX executable can_rx_node[0m
[60.893s] [ 50%] Built target can_rx_node
[61.019s] [ 75%] [32mBuilding CXX object CMakeFiles/can_tx_node.dir/src/can_tx_node.cpp.o[0m
[144.654s] [100%] [32m[1mLinking CXX executable can_tx_node[0m
[148.770s] [100%] Built target can_tx_node
[148.836s] Invoked command in '/home/pi/autocab/raspberryPI3/ros2_ws/build/can' returned '0': AMENT_PREFIX_PATH=/home/pi/autocab/raspberryPI3/ros2_ws/install/interfaces:${AMENT_PREFIX_PATH} CMAKE_PREFIX_PATH=/home/pi/autocab/raspberryPI3/ros2_ws/install/interfaces:/home/pi/ros2_ws/install/geicar_start:/home/pi/ros2_ws/install/system_check:/home/pi/ros2_ws/install/simulation:/home/pi/ros2_ws/install/imu_tools:/home/pi/ros2_ws/install/rviz_imu_plugin:/home/pi/ros2_ws/install/joystick:/home/pi/ros2_ws/install/car_control:/home/pi/ros2_ws/install/can:/home/pi/ros2_ws/install/interfaces:/home/pi/ros2_ws/install/imu_filter_madgwick:/home/pi/ros2_ws/install/imu_complementary_filter:/home/pi/ros2_ws/install/carla_msgs:/opt/ros/humble LD_LIBRARY_PATH=/home/pi/autocab/raspberryPI3/ros2_ws/install/interfaces/lib:${LD_LIBRARY_PATH} PYTHONPATH=/home/pi/autocab/raspberryPI3/ros2_ws/install/interfaces/local/lib/python3.10/dist-packages:${PYTHONPATH} /usr/bin/cmake --build /home/pi/autocab/raspberryPI3/ros2_ws/build/can -- -j4 -l4
[149.046s] Invoking command in '/home/pi/autocab/raspberryPI3/ros2_ws/build/can': AMENT_PREFIX_PATH=/home/pi/autocab/raspberryPI3/ros2_ws/install/interfaces:${AMENT_PREFIX_PATH} CMAKE_PREFIX_PATH=/home/pi/autocab/raspberryPI3/ros2_ws/install/interfaces:/home/pi/ros2_ws/install/geicar_start:/home/pi/ros2_ws/install/system_check:/home/pi/ros2_ws/install/simulation:/home/pi/ros2_ws/install/imu_tools:/home/pi/ros2_ws/install/rviz_imu_plugin:/home/pi/ros2_ws/install/joystick:/home/pi/ros2_ws/install/car_control:/home/pi/ros2_ws/install/can:/home/pi/ros2_ws/install/interfaces:/home/pi/ros2_ws/install/imu_filter_madgwick:/home/pi/ros2_ws/install/imu_complementary_filter:/home/pi/ros2_ws/install/carla_msgs:/opt/ros/humble LD_LIBRARY_PATH=/home/pi/autocab/raspberryPI3/ros2_ws/install/interfaces/lib:${LD_LIBRARY_PATH} PYTHONPATH=/home/pi/autocab/raspberryPI3/ros2_ws/install/interfaces/local/lib/python3.10/dist-packages:${PYTHONPATH} /usr/bin/cmake --install /home/pi/autocab/raspberryPI3/ros2_ws/build/can
[149.096s] -- Install configuration: ""
[149.098s] -- Installing: /home/pi/autocab/raspberryPI3/ros2_ws/install/can/lib/can/can_rx_node
[149.121s] -- Set runtime path of "/home/pi/autocab/raspberryPI3/ros2_ws/install/can/lib/can/can_rx_node" to ""
[149.122s] -- Installing: /home/pi/autocab/raspberryPI3/ros2_ws/install/can/lib/can/can_tx_node
[149.184s] -- Set runtime path of "/home/pi/autocab/raspberryPI3/ros2_ws/install/can/lib/can/can_tx_node" to ""
[149.187s] -- Installing: /home/pi/autocab/raspberryPI3/ros2_ws/install/can/share/ament_index/resource_index/package_run_dependencies/can
[149.190s] -- Installing: /home/pi/autocab/raspberryPI3/ros2_ws/install/can/share/ament_index/resource_index/parent_prefix_path/can
[149.194s] -- Installing: /home/pi/autocab/raspberryPI3/ros2_ws/install/can/share/can/environment/ament_prefix_path.sh
[149.197s] -- Installing: /home/pi/autocab/raspberryPI3/ros2_ws/install/can/share/can/environment/ament_prefix_path.dsv
[149.199s] -- Installing: /home/pi/autocab/raspberryPI3/ros2_ws/install/can/share/can/environment/path.sh
[149.202s] -- Installing: /home/pi/autocab/raspberryPI3/ros2_ws/install/can/share/can/environment/path.dsv
[149.205s] -- Installing: /home/pi/autocab/raspberryPI3/ros2_ws/install/can/share/can/local_setup.bash
[149.208s] -- Installing: /home/pi/autocab/raspberryPI3/ros2_ws/install/can/share/can/local_setup.sh
[149.211s] -- Installing: /home/pi/autocab/raspberryPI3/ros2_ws/install/can/share/can/local_setup.zsh
[149.216s] -- Installing: /home/pi/autocab/raspberryPI3/ros2_ws/install/can/share/can/local_setup.dsv
[149.220s] -- Installing: /home/pi/autocab/raspberryPI3/ros2_ws/install/can/share/can/package.dsv
[149.225s] -- Installing: /home/pi/autocab/raspberryPI3/ros2_ws/install/can/share/ament_index/resource_index/packages/can
[149.229s] -- Installing: /home/pi/autocab/raspberryPI3/ros2_ws/install/can/share/can/cmake/canConfig.cmake
[149.232s] -- Installing: /home/pi/autocab/raspberryPI3/ros2_ws/install/can/share/can/cmake/canConfig-version.cmake
[149.235s] -- Installing: /home/pi/autocab/raspberryPI3/ros2_ws/install/can/share/can/package.xml
[149.259s] Invoked command in '/home/pi/autocab/raspberryPI3/ros2_ws/build/can' returned '0': AMENT_PREFIX_PATH=/home/pi/autocab/raspberryPI3/ros2_ws/install/interfaces:${AMENT_PREFIX_PATH} CMAKE_PREFIX_PATH=/home/pi/autocab/raspberryPI3/ros2_ws/install/interfaces:/home/pi/ros2_ws/install/geicar_start:/home/pi/ros2_ws/install/system_check:/home/pi/ros2_ws/install/simulation:/home/pi/ros2_ws/install/imu_tools:/home/pi/ros2_ws/install/rviz_imu_plugin:/home/pi/ros2_ws/install/joystick:/home/pi/ros2_ws/install/car_control:/home/pi/ros2_ws/install/can:/home/pi/ros2_ws/install/interfaces:/home/pi/ros2_ws/install/imu_filter_madgwick:/home/pi/ros2_ws/install/imu_complementary_filter:/home/pi/ros2_ws/install/carla_msgs:/opt/ros/humble LD_LIBRARY_PATH=/home/pi/autocab/raspberryPI3/ros2_ws/install/interfaces/lib:${LD_LIBRARY_PATH} PYTHONPATH=/home/pi/autocab/raspberryPI3/ros2_ws/install/interfaces/local/lib/python3.10/dist-packages:${PYTHONPATH} /usr/bin/cmake --install /home/pi/autocab/raspberryPI3/ros2_ws/build/can
