[0.079s] Invoking command in '/home/pi/autocab/raspberryPI3/ros2_ws/build/car_control': AMENT_PREFIX_PATH=/home/pi/autocab/raspberryPI3/ros2_ws/install/interfaces:${AMENT_PREFIX_PATH} CMAKE_PREFIX_PATH=/home/pi/autocab/raspberryPI3/ros2_ws/install/interfaces:/home/pi/ros2_ws/install/geicar_start:/home/pi/ros2_ws/install/system_check:/home/pi/ros2_ws/install/simulation:/home/pi/ros2_ws/install/imu_tools:/home/pi/ros2_ws/install/rviz_imu_plugin:/home/pi/ros2_ws/install/joystick:/home/pi/ros2_ws/install/car_control:/home/pi/ros2_ws/install/can:/home/pi/ros2_ws/install/interfaces:/home/pi/ros2_ws/install/imu_filter_madgwick:/home/pi/ros2_ws/install/imu_complementary_filter:/home/pi/ros2_ws/install/carla_msgs:/opt/ros/humble LD_LIBRARY_PATH=/home/pi/autocab/raspberryPI3/ros2_ws/install/interfaces/lib:${LD_LIBRARY_PATH} PYTHONPATH=/home/pi/autocab/raspberryPI3/ros2_ws/install/interfaces/local/lib/python3.10/dist-packages:${PYTHONPATH} /usr/bin/cmake --build /home/pi/autocab/raspberryPI3/ros2_ws/build/car_control -- -j4 -l4
[0.293s] [35m[1mConsolidate compiler generated dependencies of target car_control_node[0m
[0.413s] [ 20%] [32mBuilding CXX object CMakeFiles/car_control_node.dir/src/car_control_node.cpp.o[0m
[11.409s] [01m[K/home/pi/autocab/raspberryPI3/ros2_ws/src/car_control/src/car_control_node.cpp:[m[K In constructor ‘[01m[Kcar_control::car_control()[m[K’:
[11.409s] [01m[K/home/pi/autocab/raspberryPI3/ros2_ws/src/car_control/src/car_control_node.cpp:58:27:[m[K [01;31m[Kerror: [m[Kno matching function for call to ‘[01m[Kstd::map<char, float [2]>::insert(<brace-enclosed initializer list>)[m[K’
[11.410s]    58 |         [01;31m[Kcoordinates.insert({'A', tabA})[m[K;
[11.411s]       |         [01;31m[K~~~~~~~~~~~~~~~~~~^~~~~~~~~~~~~[m[K
[11.412s] In file included from [01m[K/usr/include/c++/11/map:61[m[K,
[11.412s]                  from [01m[K/opt/ros/humble/include/rclcpp/rclcpp/executor.hpp:24[m[K,
[11.413s]                  from [01m[K/opt/ros/humble/include/rclcpp/rclcpp/executors/multi_threaded_executor.hpp:25[m[K,
[11.413s]                  from [01m[K/opt/ros/humble/include/rclcpp/rclcpp/executors.hpp:21[m[K,
[11.414s]                  from [01m[K/opt/ros/humble/include/rclcpp/rclcpp/rclcpp.hpp:155[m[K,
[11.414s]                  from [01m[K/home/pi/autocab/raspberryPI3/ros2_ws/src/car_control/src/car_control_node.cpp:1[m[K:
[11.415s] [01m[K/usr/include/c++/11/bits/stl_map.h:816:9:[m[K [01;36m[Knote: [m[Kcandidate: ‘[01m[Ktemplate<class _Pair> std::__enable_if_t<std::is_constructible<std::pair<const _Key, _Tp>, _Pair>::value, std::pair<typename std::_Rb_tree<_Key, std::pair<const _Key, _Tp>, std::_Select1st<std::pair<const _Key, _Tp> >, _Compare, typename __gnu_cxx::__alloc_traits<_Allocator>::rebind<std::pair<const _Key, _Tp> >::other>::iterator, bool> > std::map<_Key, _Tp, _Compare, _Alloc>::insert(_Pair&&) [with _Pair = _Pair; _Key = char; _Tp = float [2]; _Compare = std::less<char>; _Alloc = std::allocator<std::pair<const char, float [2]> >][m[K’
[11.415s]   816 |         [01;36m[Kinsert[m[K(_Pair&& __x)
[11.416s]       |         [01;36m[K^~~~~~[m[K
[11.416s] [01m[K/usr/include/c++/11/bits/stl_map.h:816:9:[m[K [01;36m[Knote: [m[K  template argument deduction/substitution failed:
[11.416s] [01m[K/home/pi/autocab/raspberryPI3/ros2_ws/src/car_control/src/car_control_node.cpp:58:27:[m[K [01;36m[Knote: [m[K  couldn’t deduce template parameter ‘[01m[K_Pair[m[K’
[11.417s]    58 |         [01;36m[Kcoordinates.insert({'A', tabA})[m[K;
[11.417s]       |         [01;36m[K~~~~~~~~~~~~~~~~~~^~~~~~~~~~~~~[m[K
[11.418s] In file included from [01m[K/usr/include/c++/11/map:61[m[K,
[11.419s]                  from [01m[K/opt/ros/humble/include/rclcpp/rclcpp/executor.hpp:24[m[K,
[11.422s]                  from [01m[K/opt/ros/humble/include/rclcpp/rclcpp/executors/multi_threaded_executor.hpp:25[m[K,
[11.422s]                  from [01m[K/opt/ros/humble/include/rclcpp/rclcpp/executors.hpp:21[m[K,
[11.423s]                  from [01m[K/opt/ros/humble/include/rclcpp/rclcpp/rclcpp.hpp:155[m[K,
[11.423s]                  from [01m[K/home/pi/autocab/raspberryPI3/ros2_ws/src/car_control/src/car_control_node.cpp:1[m[K:
[11.424s] [01m[K/usr/include/c++/11/bits/stl_map.h:875:9:[m[K [01;36m[Knote: [m[Kcandidate: ‘[01m[Ktemplate<class _Pair> std::__enable_if_t<std::is_constructible<std::pair<const _Key, _Tp>, _Pair>::value, typename std::_Rb_tree<_Key, std::pair<const _Key, _Tp>, std::_Select1st<std::pair<const _Key, _Tp> >, _Compare, typename __gnu_cxx::__alloc_traits<_Allocator>::rebind<std::pair<const _Key, _Tp> >::other>::iterator> std::map<_Key, _Tp, _Compare, _Alloc>::insert(std::map<_Key, _Tp, _Compare, _Alloc>::const_iterator, _Pair&&) [with _Pair = _Pair; _Key = char; _Tp = float [2]; _Compare = std::less<char>; _Alloc = std::allocator<std::pair<const char, float [2]> >][m[K’
[11.424s]   875 |         [01;36m[Kinsert[m[K(const_iterator __position, _Pair&& __x)
[11.425s]       |         [01;36m[K^~~~~~[m[K
[11.425s] [01m[K/usr/include/c++/11/bits/stl_map.h:875:9:[m[K [01;36m[Knote: [m[K  template argument deduction/substitution failed:
[11.426s] [01m[K/home/pi/autocab/raspberryPI3/ros2_ws/src/car_control/src/car_control_node.cpp:58:27:[m[K [01;36m[Knote: [m[K  candidate expects 2 arguments, 1 provided
[11.426s]    58 |         [01;36m[Kcoordinates.insert({'A', tabA})[m[K;
[11.427s]       |         [01;36m[K~~~~~~~~~~~~~~~~~~^~~~~~~~~~~~~[m[K
[11.427s] In file included from [01m[K/usr/include/c++/11/map:61[m[K,
[11.427s]                  from [01m[K/opt/ros/humble/include/rclcpp/rclcpp/executor.hpp:24[m[K,
[11.428s]                  from [01m[K/opt/ros/humble/include/rclcpp/rclcpp/executors/multi_threaded_executor.hpp:25[m[K,
[11.428s]                  from [01m[K/opt/ros/humble/include/rclcpp/rclcpp/executors.hpp:21[m[K,
[11.429s]                  from [01m[K/opt/ros/humble/include/rclcpp/rclcpp/rclcpp.hpp:155[m[K,
[11.429s]                  from [01m[K/home/pi/autocab/raspberryPI3/ros2_ws/src/car_control/src/car_control_node.cpp:1[m[K:
[11.430s] [01m[K/usr/include/c++/11/bits/stl_map.h:893:9:[m[K [01;36m[Knote: [m[Kcandidate: ‘[01m[Ktemplate<class _InputIterator> void std::map<_Key, _Tp, _Compare, _Alloc>::insert(_InputIterator, _InputIterator) [with _InputIterator = _InputIterator; _Key = char; _Tp = float [2]; _Compare = std::less<char>; _Alloc = std::allocator<std::pair<const char, float [2]> >][m[K’
[11.431s]   893 |         [01;36m[Kinsert[m[K(_InputIterator __first, _InputIterator __last)
[11.432s]       |         [01;36m[K^~~~~~[m[K
[11.432s] [01m[K/usr/include/c++/11/bits/stl_map.h:893:9:[m[K [01;36m[Knote: [m[K  template argument deduction/substitution failed:
[11.433s] [01m[K/home/pi/autocab/raspberryPI3/ros2_ws/src/car_control/src/car_control_node.cpp:58:27:[m[K [01;36m[Knote: [m[K  candidate expects 2 arguments, 1 provided
[11.433s]    58 |         [01;36m[Kcoordinates.insert({'A', tabA})[m[K;
[11.434s]       |         [01;36m[K~~~~~~~~~~~~~~~~~~^~~~~~~~~~~~~[m[K
[11.434s] In file included from [01m[K/usr/include/c++/11/map:61[m[K,
[11.435s]                  from [01m[K/opt/ros/humble/include/rclcpp/rclcpp/executor.hpp:24[m[K,
[11.435s]                  from [01m[K/opt/ros/humble/include/rclcpp/rclcpp/executors/multi_threaded_executor.hpp:25[m[K,
[11.435s]                  from [01m[K/opt/ros/humble/include/rclcpp/rclcpp/executors.hpp:21[m[K,
[11.436s]                  from [01m[K/opt/ros/humble/include/rclcpp/rclcpp/rclcpp.hpp:155[m[K,
[11.436s]                  from [01m[K/home/pi/autocab/raspberryPI3/ros2_ws/src/car_control/src/car_control_node.cpp:1[m[K:
[11.437s] [01m[K/usr/include/c++/11/bits/stl_map.h:629:7:[m[K [01;36m[Knote: [m[Kcandidate: ‘[01m[Kstd::map<_Key, _Tp, _Compare, _Alloc>::insert_return_type std::map<_Key, _Tp, _Compare, _Alloc>::insert(std::map<_Key, _Tp, _Compare, _Alloc>::node_type&&) [with _Key = char; _Tp = float [2]; _Compare = std::less<char>; _Alloc = std::allocator<std::pair<const char, float [2]> >; std::map<_Key, _Tp, _Compare, _Alloc>::insert_return_type = std::_Rb_tree<char, std::pair<const char, float [2]>, std::_Select1st<std::pair<const char, float [2]> >, std::less<char>, std::allocator<std::pair<const char, float [2]> > >::insert_return_type; std::map<_Key, _Tp, _Compare, _Alloc>::node_type = std::_Rb_tree<char, std::pair<const char, float [2]>, std::_Select1st<std::pair<const char, float [2]> >, std::less<char>, std::allocator<std::pair<const char, float [2]> > >::node_type][m[K’
[11.437s]   629 |       [01;36m[Kinsert[m[K(node_type&& __nh)
[11.438s]       |       [01;36m[K^~~~~~[m[K
[11.438s] [01m[K/usr/include/c++/11/bits/stl_map.h:629:26:[m[K [01;36m[Knote: [m[K  no known conversion for argument 1 from ‘[01m[K<brace-enclosed initializer list>[m[K’ to ‘[01m[Kstd::map<char, float [2]>::node_type&&[m[K’ {aka ‘[01m[Kstd::_Rb_tree<char, std::pair<const char, float [2]>, std::_Select1st<std::pair<const char, float [2]> >, std::less<char>, std::allocator<std::pair<const char, float [2]> > >::node_type&&[m[K’}
[11.440s]   629 |       insert([01;36m[Knode_type&& __nh[m[K)
[11.440s]       |              [01;36m[K~~~~~~~~~~~~^~~~[m[K
[11.441s] [01m[K/usr/include/c++/11/bits/stl_map.h:634:7:[m[K [01;36m[Knote: [m[Kcandidate: ‘[01m[Kstd::map<_Key, _Tp, _Compare, _Alloc>::iterator std::map<_Key, _Tp, _Compare, _Alloc>::insert(std::map<_Key, _Tp, _Compare, _Alloc>::const_iterator, std::map<_Key, _Tp, _Compare, _Alloc>::node_type&&) [with _Key = char; _Tp = float [2]; _Compare = std::less<char>; _Alloc = std::allocator<std::pair<const char, float [2]> >; std::map<_Key, _Tp, _Compare, _Alloc>::iterator = std::_Rb_tree<char, std::pair<const char, float [2]>, std::_Select1st<std::pair<const char, float [2]> >, std::less<char>, std::allocator<std::pair<const char, float [2]> > >::iterator; std::map<_Key, _Tp, _Compare, _Alloc>::const_iterator = std::_Rb_tree<char, std::pair<const char, float [2]>, std::_Select1st<std::pair<const char, float [2]> >, std::less<char>, std::allocator<std::pair<const char, float [2]> > >::const_iterator; std::map<_Key, _Tp, _Compare, _Alloc>::node_type = std::_Rb_tree<char, std::pair<const char, float [2]>, std::_Select1st<std::pair<const char, float [2]> >, std::less<char>, std::allocator<std::pair<const char, float [2]> > >::node_type][m[K’
[11.442s]   634 |       [01;36m[Kinsert[m[K(const_iterator __hint, node_type&& __nh)
[11.443s]       |       [01;36m[K^~~~~~[m[K
[11.443s] [01m[K/usr/include/c++/11/bits/stl_map.h:634:7:[m[K [01;36m[Knote: [m[K  candidate expects 2 arguments, 1 provided
[11.444s] [01m[K/usr/include/c++/11/bits/stl_map.h:803:7:[m[K [01;36m[Knote: [m[Kcandidate: ‘[01m[Kstd::pair<typename std::_Rb_tree<_Key, std::pair<const _Key, _Tp>, std::_Select1st<std::pair<const _Key, _Tp> >, _Compare, typename __gnu_cxx::__alloc_traits<_Allocator>::rebind<std::pair<const _Key, _Tp> >::other>::iterator, bool> std::map<_Key, _Tp, _Compare, _Alloc>::insert(const value_type&) [with _Key = char; _Tp = float [2]; _Compare = std::less<char>; _Alloc = std::allocator<std::pair<const char, float [2]> >; typename std::_Rb_tree<_Key, std::pair<const _Key, _Tp>, std::_Select1st<std::pair<const _Key, _Tp> >, _Compare, typename __gnu_cxx::__alloc_traits<_Allocator>::rebind<std::pair<const _Key, _Tp> >::other>::iterator = std::_Rb_tree<char, std::pair<const char, float [2]>, std::_Select1st<std::pair<const char, float [2]> >, std::less<char>, std::allocator<std::pair<const char, float [2]> > >::iterator; typename __gnu_cxx::__alloc_traits<_Allocator>::rebind<std::pair<const _Key, _Tp> >::other = std::allocator<std::pair<const char, float [2]> >; typename __gnu_cxx::__alloc_traits<_Allocator>::rebind<std::pair<const _Key, _Tp> > = __gnu_cxx::__alloc_traits<std::allocator<std::pair<const char, float [2]> >, std::pair<const char, float [2]> >::rebind<std::pair<const char, float [2]> >; typename _Allocator::value_type = std::pair<const char, float [2]>; std::map<_Key, _Tp, _Compare, _Alloc>::value_type = std::pair<const char, float [2]>][m[K’
[11.444s]   803 |       [01;36m[Kinsert[m[K(const value_type& __x)
[11.445s]       |       [01;36m[K^~~~~~[m[K
[11.445s] [01m[K/usr/include/c++/11/bits/stl_map.h:803:32:[m[K [01;36m[Knote: [m[K  no known conversion for argument 1 from ‘[01m[K<brace-enclosed initializer list>[m[K’ to ‘[01m[Kconst value_type&[m[K’ {aka ‘[01m[Kconst std::pair<const char, float [2]>&[m[K’}
[11.445s]   803 |       insert([01;36m[Kconst value_type& __x[m[K)
[11.446s]       |              [01;36m[K~~~~~~~~~~~~~~~~~~^~~[m[K
[11.447s] [01m[K/usr/include/c++/11/bits/stl_map.h:810:7:[m[K [01;36m[Knote: [m[Kcandidate: ‘[01m[Kstd::pair<typename std::_Rb_tree<_Key, std::pair<const _Key, _Tp>, std::_Select1st<std::pair<const _Key, _Tp> >, _Compare, typename __gnu_cxx::__alloc_traits<_Allocator>::rebind<std::pair<const _Key, _Tp> >::other>::iterator, bool> std::map<_Key, _Tp, _Compare, _Alloc>::insert(std::map<_Key, _Tp, _Compare, _Alloc>::value_type&&) [with _Key = char; _Tp = float [2]; _Compare = std::less<char>; _Alloc = std::allocator<std::pair<const char, float [2]> >; typename std::_Rb_tree<_Key, std::pair<const _Key, _Tp>, std::_Select1st<std::pair<const _Key, _Tp> >, _Compare, typename __gnu_cxx::__alloc_traits<_Allocator>::rebind<std::pair<const _Key, _Tp> >::other>::iterator = std::_Rb_tree<char, std::pair<const char, float [2]>, std::_Select1st<std::pair<const char, float [2]> >, std::less<char>, std::allocator<std::pair<const char, float [2]> > >::iterator; typename __gnu_cxx::__alloc_traits<_Allocator>::rebind<std::pair<const _Key, _Tp> >::other = std::allocator<std::pair<const char, float [2]> >; typename __gnu_cxx::__alloc_traits<_Allocator>::rebind<std::pair<const _Key, _Tp> > = __gnu_cxx::__alloc_traits<std::allocator<std::pair<const char, float [2]> >, std::pair<const char, float [2]> >::rebind<std::pair<const char, float [2]> >; typename _Allocator::value_type = std::pair<const char, float [2]>; std::map<_Key, _Tp, _Compare, _Alloc>::value_type = std::pair<const char, float [2]>][m[K’
[11.447s]   810 |       [01;36m[Kinsert[m[K(value_type&& __x)
[11.447s]       |       [01;36m[K^~~~~~[m[K
[11.448s] [01m[K/usr/include/c++/11/bits/stl_map.h:810:27:[m[K [01;36m[Knote: [m[K  no known conversion for argument 1 from ‘[01m[K<brace-enclosed initializer list>[m[K’ to ‘[01m[Kstd::map<char, float [2]>::value_type&&[m[K’ {aka ‘[01m[Kstd::pair<const char, float [2]>&&[m[K’}
[11.448s]   810 |       insert([01;36m[Kvalue_type&& __x[m[K)
[11.449s]       |              [01;36m[K~~~~~~~~~~~~~^~~[m[K
[11.449s] [01m[K/usr/include/c++/11/bits/stl_map.h:830:7:[m[K [01;36m[Knote: [m[Kcandidate: ‘[01m[Kvoid std::map<_Key, _Tp, _Compare, _Alloc>::insert(std::initializer_list<std::pair<const _Key, _Tp> >) [with _Key = char; _Tp = float [2]; _Compare = std::less<char>; _Alloc = std::allocator<std::pair<const char, float [2]> >][m[K’
[11.450s]   830 |       [01;36m[Kinsert[m[K(std::initializer_list<value_type> __list)
[11.450s]       |       [01;36m[K^~~~~~[m[K
[11.451s] [01m[K/usr/include/c++/11/bits/stl_map.h:830:48:[m[K [01;36m[Knote: [m[K  no known conversion for argument 1 from ‘[01m[K<brace-enclosed initializer list>[m[K’ to ‘[01m[Kstd::initializer_list<std::pair<const char, float [2]> >[m[K’
[11.451s]   830 |       insert([01;36m[Kstd::initializer_list<value_type> __list[m[K)
[11.451s]       |              [01;36m[K~~~~~~~~~~~~~~~~~~~~~~~~~~~~~~~~~~^~~~~~[m[K
[11.452s] [01m[K/usr/include/c++/11/bits/stl_map.h:860:7:[m[K [01;36m[Knote: [m[Kcandidate: ‘[01m[Kstd::map<_Key, _Tp, _Compare, _Alloc>::iterator std::map<_Key, _Tp, _Compare, _Alloc>::insert(std::map<_Key, _Tp, _Compare, _Alloc>::const_iterator, const value_type&) [with _Key = char; _Tp = float [2]; _Compare = std::less<char>; _Alloc = std::allocator<std::pair<const char, float [2]> >; std::map<_Key, _Tp, _Compare, _Alloc>::iterator = std::_Rb_tree<char, std::pair<const char, float [2]>, std::_Select1st<std::pair<const char, float [2]> >, std::less<char>, std::allocator<std::pair<const char, float [2]> > >::iterator; std::map<_Key, _Tp, _Compare, _Alloc>::const_iterator = std::_Rb_tree<char, std::pair<const char, float [2]>, std::_Select1st<std::pair<const char, float [2]> >, std::less<char>, std::allocator<std::pair<const char, float [2]> > >::const_iterator; std::map<_Key, _Tp, _Compare, _Alloc>::value_type = std::pair<const char, float [2]>][m[K’
[11.452s]   860 |       [01;36m[Kinsert[m[K(const_iterator __position, const value_type& __x)
[11.453s]       |       [01;36m[K^~~~~~[m[K
[11.453s] [01m[K/usr/include/c++/11/bits/stl_map.h:860:7:[m[K [01;36m[Knote: [m[K  candidate expects 2 arguments, 1 provided
[11.454s] [01m[K/usr/include/c++/11/bits/stl_map.h:870:7:[m[K [01;36m[Knote: [m[Kcandidate: ‘[01m[Kstd::map<_Key, _Tp, _Compare, _Alloc>::iterator std::map<_Key, _Tp, _Compare, _Alloc>::insert(std::map<_Key, _Tp, _Compare, _Alloc>::const_iterator, std::map<_Key, _Tp, _Compare, _Alloc>::value_type&&) [with _Key = char; _Tp = float [2]; _Compare = std::less<char>; _Alloc = std::allocator<std::pair<const char, float [2]> >; std::map<_Key, _Tp, _Compare, _Alloc>::iterator = std::_Rb_tree<char, std::pair<const char, float [2]>, std::_Select1st<std::pair<const char, float [2]> >, std::less<char>, std::allocator<std::pair<const char, float [2]> > >::iterator; std::map<_Key, _Tp, _Compare, _Alloc>::const_iterator = std::_Rb_tree<char, std::pair<const char, float [2]>, std::_Select1st<std::pair<const char, float [2]> >, std::less<char>, std::allocator<std::pair<const char, float [2]> > >::const_iterator; std::map<_Key, _Tp, _Compare, _Alloc>::value_type = std::pair<const char, float [2]>][m[K’
[11.454s]   870 |       [01;36m[Kinsert[m[K(const_iterator __position, value_type&& __x)
[11.455s]       |       [01;36m[K^~~~~~[m[K
[11.455s] [01m[K/usr/include/c++/11/bits/stl_map.h:870:7:[m[K [01;36m[Knote: [m[K  candidate expects 2 arguments, 1 provided
[11.456s] [01m[K/home/pi/autocab/raspberryPI3/ros2_ws/src/car_control/src/car_control_node.cpp:59:29:[m[K [01;31m[Kerror: [m[Kexpected identifier before 'B'
[11.456s]    59 |         coordinates.insert([[01;31m[K'B'[m[K, {43.570596, 1.466500}]);
[11.457s]       |                             [01;31m[K^~~[m[K
[11.457s] [01m[K/home/pi/autocab/raspberryPI3/ros2_ws/src/car_control/src/car_control_node.cpp:59:32:[m[K [01;31m[Kerror: [m[Kexpected ‘[01m[K][m[K’ before ‘[01m[K,[m[K’ token
[11.458s]    59 |         coordinates.insert(['B'[01;31m[K,[m[K {43.570596, 1.466500}]);
[11.458s]       |                                [01;31m[K^[m[K
[11.458s] [01m[K/home/pi/autocab/raspberryPI3/ros2_ws/src/car_control/src/car_control_node.cpp:[m[K In lambda function:
[11.459s] [01m[K/home/pi/autocab/raspberryPI3/ros2_ws/src/car_control/src/car_control_node.cpp:59:32:[m[K [01;31m[Kerror: [m[Kexpected ‘[01m[K{[m[K’ before ‘[01m[K,[m[K’ token
[11.460s] [01m[K/home/pi/autocab/raspberryPI3/ros2_ws/src/car_control/src/car_control_node.cpp:[m[K In constructor ‘[01m[Kcar_control::car_control()[m[K’:
[11.460s] [01m[K/home/pi/autocab/raspberryPI3/ros2_ws/src/car_control/src/car_control_node.cpp:59:55:[m[K [01;31m[Kerror: [m[Kexpected ‘[01m[K)[m[K’ before ‘[01m[K][m[K’ token
[11.461s]    59 |         coordinates.insert(['B', {43.570596, 1.466500}[01;31m[K][m[K);
[11.461s]       |                                                       [01;31m[K^[m[K
[11.461s] [01m[K/home/pi/autocab/raspberryPI3/ros2_ws/src/car_control/src/car_control_node.cpp:59:27:[m[K [01;36m[Knote: [m[Kto match this ‘[01m[K([m[K’
[11.462s]    59 |         coordinates.insert[01;36m[K([m[K['B', {43.570596, 1.466500}]);
[11.462s]       |                           [01;36m[K^[m[K
[11.463s] [01m[K/home/pi/autocab/raspberryPI3/ros2_ws/src/car_control/src/car_control_node.cpp:60:29:[m[K [01;31m[Kerror: [m[Kexpected identifier before 'C'
[11.463s]    60 |         coordinates.insert([[01;31m[K'C'[m[K, {43.570596, 1.466500}]);
[11.464s]       |                             [01;31m[K^~~[m[K
[11.464s] [01m[K/home/pi/autocab/raspberryPI3/ros2_ws/src/car_control/src/car_control_node.cpp:60:32:[m[K [01;31m[Kerror: [m[Kexpected ‘[01m[K][m[K’ before ‘[01m[K,[m[K’ token
[11.465s]    60 |         coordinates.insert(['C'[01;31m[K,[m[K {43.570596, 1.466500}]);
[11.465s]       |                                [01;31m[K^[m[K
[11.466s] [01m[K/home/pi/autocab/raspberryPI3/ros2_ws/src/car_control/src/car_control_node.cpp:[m[K In lambda function:
[11.466s] [01m[K/home/pi/autocab/raspberryPI3/ros2_ws/src/car_control/src/car_control_node.cpp:60:32:[m[K [01;31m[Kerror: [m[Kexpected ‘[01m[K{[m[K’ before ‘[01m[K,[m[K’ token
[11.467s] [01m[K/home/pi/autocab/raspberryPI3/ros2_ws/src/car_control/src/car_control_node.cpp:[m[K In constructor ‘[01m[Kcar_control::car_control()[m[K’:
[11.467s] [01m[K/home/pi/autocab/raspberryPI3/ros2_ws/src/car_control/src/car_control_node.cpp:60:55:[m[K [01;31m[Kerror: [m[Kexpected ‘[01m[K)[m[K’ before ‘[01m[K][m[K’ token
[11.468s]    60 |         coordinates.insert(['C', {43.570596, 1.466500}[01;31m[K][m[K);
[11.468s]       |                                                       [01;31m[K^[m[K
[11.469s] [01m[K/home/pi/autocab/raspberryPI3/ros2_ws/src/car_control/src/car_control_node.cpp:60:27:[m[K [01;36m[Knote: [m[Kto match this ‘[01m[K([m[K’
[11.469s]    60 |         coordinates.insert[01;36m[K([m[K['C', {43.570596, 1.466500}]);
[11.470s]       |                           [01;36m[K^[m[K
[11.470s] [01m[K/home/pi/autocab/raspberryPI3/ros2_ws/src/car_control/src/car_control_node.cpp:61:29:[m[K [01;31m[Kerror: [m[Kexpected identifier before 'D'
[11.471s]    61 |         coordinates.insert([[01;31m[K'D'[m[K, {43.570596, 1.466500}]);
[11.471s]       |                             [01;31m[K^~~[m[K
[11.472s] [01m[K/home/pi/autocab/raspberryPI3/ros2_ws/src/car_control/src/car_control_node.cpp:61:32:[m[K [01;31m[Kerror: [m[Kexpected ‘[01m[K][m[K’ before ‘[01m[K,[m[K’ token
[11.472s]    61 |         coordinates.insert(['D'[01;31m[K,[m[K {43.570596, 1.466500}]);
[11.473s]       |                                [01;31m[K^[m[K
[11.473s] [01m[K/home/pi/autocab/raspberryPI3/ros2_ws/src/car_control/src/car_control_node.cpp:[m[K In lambda function:
[11.474s] [01m[K/home/pi/autocab/raspberryPI3/ros2_ws/src/car_control/src/car_control_node.cpp:61:32:[m[K [01;31m[Kerror: [m[Kexpected ‘[01m[K{[m[K’ before ‘[01m[K,[m[K’ token
[11.474s] [01m[K/home/pi/autocab/raspberryPI3/ros2_ws/src/car_control/src/car_control_node.cpp:[m[K In constructor ‘[01m[Kcar_control::car_control()[m[K’:
[11.475s] [01m[K/home/pi/autocab/raspberryPI3/ros2_ws/src/car_control/src/car_control_node.cpp:61:55:[m[K [01;31m[Kerror: [m[Kexpected ‘[01m[K)[m[K’ before ‘[01m[K][m[K’ token
[11.475s]    61 |         coordinates.insert(['D', {43.570596, 1.466500}[01;31m[K][m[K);
[11.476s]       |                                                       [01;31m[K^[m[K
[11.476s] [01m[K/home/pi/autocab/raspberryPI3/ros2_ws/src/car_control/src/car_control_node.cpp:61:27:[m[K [01;36m[Knote: [m[Kto match this ‘[01m[K([m[K’
[11.477s]    61 |         coordinates.insert[01;36m[K([m[K['D', {43.570596, 1.466500}]);
[11.477s]       |                           [01;36m[K^[m[K
[33.608s] gmake[2]: *** [CMakeFiles/car_control_node.dir/build.make:76: CMakeFiles/car_control_node.dir/src/car_control_node.cpp.o] Error 1
[33.609s] gmake[1]: *** [CMakeFiles/Makefile2:137: CMakeFiles/car_control_node.dir/all] Error 2
[33.609s] gmake: *** [Makefile:146: all] Error 2
[33.616s] Invoked command in '/home/pi/autocab/raspberryPI3/ros2_ws/build/car_control' returned '2': AMENT_PREFIX_PATH=/home/pi/autocab/raspberryPI3/ros2_ws/install/interfaces:${AMENT_PREFIX_PATH} CMAKE_PREFIX_PATH=/home/pi/autocab/raspberryPI3/ros2_ws/install/interfaces:/home/pi/ros2_ws/install/geicar_start:/home/pi/ros2_ws/install/system_check:/home/pi/ros2_ws/install/simulation:/home/pi/ros2_ws/install/imu_tools:/home/pi/ros2_ws/install/rviz_imu_plugin:/home/pi/ros2_ws/install/joystick:/home/pi/ros2_ws/install/car_control:/home/pi/ros2_ws/install/can:/home/pi/ros2_ws/install/interfaces:/home/pi/ros2_ws/install/imu_filter_madgwick:/home/pi/ros2_ws/install/imu_complementary_filter:/home/pi/ros2_ws/install/carla_msgs:/opt/ros/humble LD_LIBRARY_PATH=/home/pi/autocab/raspberryPI3/ros2_ws/install/interfaces/lib:${LD_LIBRARY_PATH} PYTHONPATH=/home/pi/autocab/raspberryPI3/ros2_ws/install/interfaces/local/lib/python3.10/dist-packages:${PYTHONPATH} /usr/bin/cmake --build /home/pi/autocab/raspberryPI3/ros2_ws/build/car_control -- -j4 -l4
