[0.084s] Invoking command in '/home/pi/autocab/raspberryPI3/ros2_ws/src/car_control/build/car_control': CMAKE_PREFIX_PATH=${CMAKE_PREFIX_PATH}:/opt/ros/humble /usr/bin/cmake /home/pi/autocab/raspberryPI3/ros2_ws/src/car_control -DCMAKE_INSTALL_PREFIX=/home/pi/autocab/raspberryPI3/ros2_ws/src/car_control/install/car_control
[0.999s] -- The C compiler identification is GNU 11.4.0
[1.750s] -- The CXX compiler identification is GNU 11.4.0
[1.821s] -- Detecting C compiler ABI info
[2.264s] -- Detecting C compiler ABI info - done
[2.292s] -- Check for working C compiler: /usr/bin/cc - skipped
[2.295s] -- Detecting C compile features
[2.298s] -- Detecting C compile features - done
[2.319s] -- Detecting CXX compiler ABI info
[2.786s] -- Detecting CXX compiler ABI info - done
[2.816s] -- Check for working CXX compiler: /usr/bin/c++ - skipped
[2.817s] -- Detecting CXX compile features
[2.819s] -- Detecting CXX compile features - done
[2.866s] -- Found ament_cmake: 1.3.2 (/opt/ros/humble/share/ament_cmake/cmake)
[3.958s] -- Found Python3: /usr/bin/python3.10 (found version "3.10.12") found components: Interpreter 
[4.893s] -- Found rclcpp: 16.0.1 (/opt/ros/humble/share/rclcpp/cmake)
[5.547s] -- Found rosidl_generator_c: 3.1.3 (/opt/ros/humble/share/rosidl_generator_c/cmake)
[5.626s] -- Found rosidl_adapter: 3.1.3 (/opt/ros/humble/share/rosidl_adapter/cmake)
[5.730s] -- Found rosidl_generator_cpp: 3.1.3 (/opt/ros/humble/share/rosidl_generator_cpp/cmake)
[5.871s] -- Using all available rosidl_typesupport_c: rosidl_typesupport_fastrtps_c;rosidl_typesupport_introspection_c
[6.084s] -- Using all available rosidl_typesupport_cpp: rosidl_typesupport_fastrtps_cpp;rosidl_typesupport_introspection_cpp
[6.622s] -- Found rmw_implementation_cmake: 6.1.0 (/opt/ros/humble/share/rmw_implementation_cmake/cmake)
[6.665s] -- Found rmw_fastrtps_cpp: 6.2.1 (/opt/ros/humble/share/rmw_fastrtps_cpp/cmake)
[7.460s] -- Found OpenSSL: /usr/lib/aarch64-linux-gnu/libcrypto.so (found version "3.0.2")  
[7.687s] -- Found FastRTPS: /opt/ros/humble/include  
[8.062s] -- Using RMW implementation 'rmw_fastrtps_cpp' as default
[9.071s] -- Found interfaces: 0.0.0 (/home/pi/ros2_ws/install/interfaces/share/interfaces/cmake)
[9.197s] -- Found sensor_msgs: 4.2.2 (/opt/ros/humble/share/sensor_msgs/cmake)
[9.754s] -- Found std_srvs: 4.2.2 (/opt/ros/humble/share/std_srvs/cmake)
[9.879s] -- Found ament_lint_auto: 0.12.4 (/opt/ros/humble/share/ament_lint_auto/cmake)
[10.505s] -- Added test 'cppcheck' to perform static code analysis on C / C++ code
[10.505s] -- Configured cppcheck include dirs: $<BUILD_INTERFACE:/home/pi/autocab/raspberryPI3/ros2_ws/src/car_control/include>
[10.506s] -- Configured cppcheck exclude dirs and/or files: 
[10.536s] -- Added test 'lint_cmake' to check CMake code style
[10.620s] -- Added test 'uncrustify' to check C / C++ code style
[10.620s] -- Configured uncrustify additional arguments: 
[10.635s] -- Added test 'xmllint' to check XML markup files
[10.651s] -- Configuring done
[10.683s] [31mCMake Error at CMakeLists.txt:15 (add_executable):
[10.684s]   Cannot find source file:
[10.684s] 
[10.685s]     src/autoPropulsionCmd.cpp
[10.686s] 
[10.687s]   Tried extensions .c .C .c++ .cc .cpp .cxx .cu .mpp .m .M .mm .ixx .cppm .h
[10.687s]   .hh .h++ .hm .hpp .hxx .in .txx .f .F .for .f77 .f90 .f95 .f03 .hip .ispc
[10.689s] 
[10.690s] [0m
[10.691s] [31mCMake Error at CMakeLists.txt:15 (add_executable):
[10.692s]   No SOURCES given to target: car_control_node
[10.693s] 
[10.695s] [0m
[10.696s] [0mCMake Generate step failed.  Build files cannot be regenerated correctly.[0m
[10.739s] Invoked command in '/home/pi/autocab/raspberryPI3/ros2_ws/src/car_control/build/car_control' returned '1': CMAKE_PREFIX_PATH=${CMAKE_PREFIX_PATH}:/opt/ros/humble /usr/bin/cmake /home/pi/autocab/raspberryPI3/ros2_ws/src/car_control -DCMAKE_INSTALL_PREFIX=/home/pi/autocab/raspberryPI3/ros2_ws/src/car_control/install/car_control
