[0.357s] Invoking command in '/home/pi/autocab/raspberryPI3/ros2_ws/build/geicar_start': AMENT_PREFIX_PATH=/home/pi/autocab/raspberryPI3/ros2_ws/install/system_check:/home/pi/autocab/raspberryPI3/ros2_ws/install/car_control:/home/pi/autocab/raspberryPI3/ros2_ws/install/can:/home/pi/autocab/raspberryPI3/ros2_ws/install/interfaces:/home/pi/autocab/raspberryPI3/ros2_ws/install/imu_filter_madgwick:${AMENT_PREFIX_PATH} CMAKE_PREFIX_PATH=/home/pi/autocab/raspberryPI3/ros2_ws/install/system_check:/home/pi/autocab/raspberryPI3/ros2_ws/install/car_control:/home/pi/autocab/raspberryPI3/ros2_ws/install/can:/home/pi/autocab/raspberryPI3/ros2_ws/install/interfaces:/home/pi/autocab/raspberryPI3/ros2_ws/install/imu_filter_madgwick:/home/pi/ros2_ws/install/geicar_start:/home/pi/ros2_ws/install/system_check:/home/pi/ros2_ws/install/simulation:/home/pi/ros2_ws/install/imu_tools:/home/pi/ros2_ws/install/rviz_imu_plugin:/home/pi/ros2_ws/install/joystick:/home/pi/ros2_ws/install/car_control:/home/pi/ros2_ws/install/can:/home/pi/ros2_ws/install/interfaces:/home/pi/ros2_ws/install/imu_filter_madgwick:/home/pi/ros2_ws/install/imu_complementary_filter:/home/pi/ros2_ws/install/carla_msgs:/opt/ros/humble LD_LIBRARY_PATH=/home/pi/autocab/raspberryPI3/ros2_ws/install/interfaces/lib:/home/pi/autocab/raspberryPI3/ros2_ws/install/imu_filter_madgwick/lib:${LD_LIBRARY_PATH} PYTHONPATH=/home/pi/autocab/raspberryPI3/ros2_ws/install/interfaces/local/lib/python3.10/dist-packages:${PYTHONPATH} /usr/bin/cmake --build /home/pi/autocab/raspberryPI3/ros2_ws/build/geicar_start -- -j4 -l4
[0.831s] -- Found ament_cmake: 1.3.2 (/opt/ros/humble/share/ament_cmake/cmake)
[3.170s] -- Found ament_lint_auto: 0.12.4 (/opt/ros/humble/share/ament_lint_auto/cmake)
[4.526s] -- Added test 'flake8' to check Python code syntax and style conventions
[4.534s] -- Added test 'lint_cmake' to check CMake code style
[4.541s] -- Added test 'pep257' to check Python code against some of the docstring style conventions in PEP 257
[4.566s] -- Added test 'xmllint' to check XML markup files
[4.579s] -- Configuring done
[4.647s] -- Generating done
[4.668s] -- Build files have been written to: /home/pi/autocab/raspberryPI3/ros2_ws/build/geicar_start
[4.951s] Invoked command in '/home/pi/autocab/raspberryPI3/ros2_ws/build/geicar_start' returned '0': AMENT_PREFIX_PATH=/home/pi/autocab/raspberryPI3/ros2_ws/install/system_check:/home/pi/autocab/raspberryPI3/ros2_ws/install/car_control:/home/pi/autocab/raspberryPI3/ros2_ws/install/can:/home/pi/autocab/raspberryPI3/ros2_ws/install/interfaces:/home/pi/autocab/raspberryPI3/ros2_ws/install/imu_filter_madgwick:${AMENT_PREFIX_PATH} CMAKE_PREFIX_PATH=/home/pi/autocab/raspberryPI3/ros2_ws/install/system_check:/home/pi/autocab/raspberryPI3/ros2_ws/install/car_control:/home/pi/autocab/raspberryPI3/ros2_ws/install/can:/home/pi/autocab/raspberryPI3/ros2_ws/install/interfaces:/home/pi/autocab/raspberryPI3/ros2_ws/install/imu_filter_madgwick:/home/pi/ros2_ws/install/geicar_start:/home/pi/ros2_ws/install/system_check:/home/pi/ros2_ws/install/simulation:/home/pi/ros2_ws/install/imu_tools:/home/pi/ros2_ws/install/rviz_imu_plugin:/home/pi/ros2_ws/install/joystick:/home/pi/ros2_ws/install/car_control:/home/pi/ros2_ws/install/can:/home/pi/ros2_ws/install/interfaces:/home/pi/ros2_ws/install/imu_filter_madgwick:/home/pi/ros2_ws/install/imu_complementary_filter:/home/pi/ros2_ws/install/carla_msgs:/opt/ros/humble LD_LIBRARY_PATH=/home/pi/autocab/raspberryPI3/ros2_ws/install/interfaces/lib:/home/pi/autocab/raspberryPI3/ros2_ws/install/imu_filter_madgwick/lib:${LD_LIBRARY_PATH} PYTHONPATH=/home/pi/autocab/raspberryPI3/ros2_ws/install/interfaces/local/lib/python3.10/dist-packages:${PYTHONPATH} /usr/bin/cmake --build /home/pi/autocab/raspberryPI3/ros2_ws/build/geicar_start -- -j4 -l4
[5.335s] Invoking command in '/home/pi/autocab/raspberryPI3/ros2_ws/build/geicar_start': AMENT_PREFIX_PATH=/home/pi/autocab/raspberryPI3/ros2_ws/install/system_check:/home/pi/autocab/raspberryPI3/ros2_ws/install/car_control:/home/pi/autocab/raspberryPI3/ros2_ws/install/can:/home/pi/autocab/raspberryPI3/ros2_ws/install/interfaces:/home/pi/autocab/raspberryPI3/ros2_ws/install/imu_filter_madgwick:${AMENT_PREFIX_PATH} CMAKE_PREFIX_PATH=/home/pi/autocab/raspberryPI3/ros2_ws/install/system_check:/home/pi/autocab/raspberryPI3/ros2_ws/install/car_control:/home/pi/autocab/raspberryPI3/ros2_ws/install/can:/home/pi/autocab/raspberryPI3/ros2_ws/install/interfaces:/home/pi/autocab/raspberryPI3/ros2_ws/install/imu_filter_madgwick:/home/pi/ros2_ws/install/geicar_start:/home/pi/ros2_ws/install/system_check:/home/pi/ros2_ws/install/simulation:/home/pi/ros2_ws/install/imu_tools:/home/pi/ros2_ws/install/rviz_imu_plugin:/home/pi/ros2_ws/install/joystick:/home/pi/ros2_ws/install/car_control:/home/pi/ros2_ws/install/can:/home/pi/ros2_ws/install/interfaces:/home/pi/ros2_ws/install/imu_filter_madgwick:/home/pi/ros2_ws/install/imu_complementary_filter:/home/pi/ros2_ws/install/carla_msgs:/opt/ros/humble LD_LIBRARY_PATH=/home/pi/autocab/raspberryPI3/ros2_ws/install/interfaces/lib:/home/pi/autocab/raspberryPI3/ros2_ws/install/imu_filter_madgwick/lib:${LD_LIBRARY_PATH} PYTHONPATH=/home/pi/autocab/raspberryPI3/ros2_ws/install/interfaces/local/lib/python3.10/dist-packages:${PYTHONPATH} /usr/bin/cmake --install /home/pi/autocab/raspberryPI3/ros2_ws/build/geicar_start
[5.476s] -- Install configuration: ""
[5.480s] -- Up-to-date: /home/pi/autocab/raspberryPI3/ros2_ws/install/geicar_start/share/geicar_start/launch
[5.484s] -- Up-to-date: /home/pi/autocab/raspberryPI3/ros2_ws/install/geicar_start/share/geicar_start/launch/__pycache__
[5.491s] -- Installing: /home/pi/autocab/raspberryPI3/ros2_ws/install/geicar_start/share/geicar_start/launch/__pycache__/geicar1.launch.cpython-310.pyc
[5.509s] -- Up-to-date: /home/pi/autocab/raspberryPI3/ros2_ws/install/geicar_start/share/geicar_start/launch/__pycache__/geicar.launch.cpython-310.pyc
[5.513s] -- Installing: /home/pi/autocab/raspberryPI3/ros2_ws/install/geicar_start/share/geicar_start/launch/geicar.launch.py
[5.521s] -- Installing: /home/pi/autocab/raspberryPI3/ros2_ws/install/geicar_start/share/ament_index/resource_index/package_run_dependencies/geicar_start
[5.529s] -- Installing: /home/pi/autocab/raspberryPI3/ros2_ws/install/geicar_start/share/ament_index/resource_index/parent_prefix_path/geicar_start
[5.541s] -- Installing: /home/pi/autocab/raspberryPI3/ros2_ws/install/geicar_start/share/geicar_start/environment/ament_prefix_path.sh
[5.551s] -- Installing: /home/pi/autocab/raspberryPI3/ros2_ws/install/geicar_start/share/geicar_start/environment/ament_prefix_path.dsv
[5.559s] -- Installing: /home/pi/autocab/raspberryPI3/ros2_ws/install/geicar_start/share/geicar_start/environment/path.sh
[5.565s] -- Installing: /home/pi/autocab/raspberryPI3/ros2_ws/install/geicar_start/share/geicar_start/environment/path.dsv
[5.571s] -- Installing: /home/pi/autocab/raspberryPI3/ros2_ws/install/geicar_start/share/geicar_start/local_setup.bash
[5.582s] -- Installing: /home/pi/autocab/raspberryPI3/ros2_ws/install/geicar_start/share/geicar_start/local_setup.sh
[5.593s] -- Installing: /home/pi/autocab/raspberryPI3/ros2_ws/install/geicar_start/share/geicar_start/local_setup.zsh
[5.600s] -- Installing: /home/pi/autocab/raspberryPI3/ros2_ws/install/geicar_start/share/geicar_start/local_setup.dsv
[5.606s] -- Installing: /home/pi/autocab/raspberryPI3/ros2_ws/install/geicar_start/share/geicar_start/package.dsv
[5.614s] -- Installing: /home/pi/autocab/raspberryPI3/ros2_ws/install/geicar_start/share/ament_index/resource_index/packages/geicar_start
[5.620s] -- Installing: /home/pi/autocab/raspberryPI3/ros2_ws/install/geicar_start/share/geicar_start/cmake/geicar_startConfig.cmake
[5.627s] -- Installing: /home/pi/autocab/raspberryPI3/ros2_ws/install/geicar_start/share/geicar_start/cmake/geicar_startConfig-version.cmake
[5.633s] -- Installing: /home/pi/autocab/raspberryPI3/ros2_ws/install/geicar_start/share/geicar_start/package.xml
[5.654s] Invoked command in '/home/pi/autocab/raspberryPI3/ros2_ws/build/geicar_start' returned '0': AMENT_PREFIX_PATH=/home/pi/autocab/raspberryPI3/ros2_ws/install/system_check:/home/pi/autocab/raspberryPI3/ros2_ws/install/car_control:/home/pi/autocab/raspberryPI3/ros2_ws/install/can:/home/pi/autocab/raspberryPI3/ros2_ws/install/interfaces:/home/pi/autocab/raspberryPI3/ros2_ws/install/imu_filter_madgwick:${AMENT_PREFIX_PATH} CMAKE_PREFIX_PATH=/home/pi/autocab/raspberryPI3/ros2_ws/install/system_check:/home/pi/autocab/raspberryPI3/ros2_ws/install/car_control:/home/pi/autocab/raspberryPI3/ros2_ws/install/can:/home/pi/autocab/raspberryPI3/ros2_ws/install/interfaces:/home/pi/autocab/raspberryPI3/ros2_ws/install/imu_filter_madgwick:/home/pi/ros2_ws/install/geicar_start:/home/pi/ros2_ws/install/system_check:/home/pi/ros2_ws/install/simulation:/home/pi/ros2_ws/install/imu_tools:/home/pi/ros2_ws/install/rviz_imu_plugin:/home/pi/ros2_ws/install/joystick:/home/pi/ros2_ws/install/car_control:/home/pi/ros2_ws/install/can:/home/pi/ros2_ws/install/interfaces:/home/pi/ros2_ws/install/imu_filter_madgwick:/home/pi/ros2_ws/install/imu_complementary_filter:/home/pi/ros2_ws/install/carla_msgs:/opt/ros/humble LD_LIBRARY_PATH=/home/pi/autocab/raspberryPI3/ros2_ws/install/interfaces/lib:/home/pi/autocab/raspberryPI3/ros2_ws/install/imu_filter_madgwick/lib:${LD_LIBRARY_PATH} PYTHONPATH=/home/pi/autocab/raspberryPI3/ros2_ws/install/interfaces/local/lib/python3.10/dist-packages:${PYTHONPATH} /usr/bin/cmake --install /home/pi/autocab/raspberryPI3/ros2_ws/build/geicar_start
