[0.097s] Invoking command in '/home/pi/autocab/raspberryPI3/ros2_ws/build/car_control': AMENT_PREFIX_PATH=/home/pi/autocab/raspberryPI3/ros2_ws/install/interfaces:${AMENT_PREFIX_PATH} CMAKE_PREFIX_PATH=/home/pi/autocab/raspberryPI3/ros2_ws/install/interfaces:/home/pi/ros2_ws/install/geicar_start:/home/pi/ros2_ws/install/system_check:/home/pi/ros2_ws/install/simulation:/home/pi/ros2_ws/install/imu_tools:/home/pi/ros2_ws/install/rviz_imu_plugin:/home/pi/ros2_ws/install/joystick:/home/pi/ros2_ws/install/car_control:/home/pi/ros2_ws/install/can:/home/pi/ros2_ws/install/interfaces:/home/pi/ros2_ws/install/imu_filter_madgwick:/home/pi/ros2_ws/install/imu_complementary_filter:/home/pi/ros2_ws/install/carla_msgs:/opt/ros/humble LD_LIBRARY_PATH=/home/pi/autocab/raspberryPI3/ros2_ws/install/interfaces/lib:${LD_LIBRARY_PATH} PYTHONPATH=/home/pi/autocab/raspberryPI3/ros2_ws/install/interfaces/local/lib/python3.10/dist-packages:${PYTHONPATH} /usr/bin/cmake --build /home/pi/autocab/raspberryPI3/ros2_ws/build/car_control -- -j4 -l4
[0.331s] [35m[1mConsolidate compiler generated dependencies of target car_control_node[0m
[0.459s] [ 20%] [32mBuilding CXX object CMakeFiles/car_control_node.dir/src/car_control_node.cpp.o[0m
[18.738s] [01m[K/home/pi/autocab/raspberryPI3/ros2_ws/src/car_control/src/car_control_node.cpp:[m[K In member function ‘[01m[Kvoid car_control::updateCmd()[m[K’:
[18.741s] [01m[K/home/pi/autocab/raspberryPI3/ros2_ws/src/car_control/src/car_control_node.cpp:189:119:[m[K [01;31m[Kerror: [m[Kcannot convert ‘[01m[Kfloat[m[K’ to ‘[01m[Kfloat*[m[K’
[18.743s]   189 |                     arrived = straightLine(currentLatitude, currentLongitude, [01;31m[K(coordinates[pathToDeparturePoint[0]])[0][m[K, (coordinates[pathToDeparturePoint[0]])[1], currentDirection, requestedThrottle, reverse, requestedSteerAngle, this->get_logger());
[18.745s]       |                                                                               [01;31m[K~~~~~~~~~~~~~~~~~~~~~~~~~~~~~~~~~~~~~~~~^[m[K
[18.747s]       |                                                                                                                       [01;31m[K|[m[K
[18.750s]       |                                                                                                                       [01;31m[Kfloat[m[K
[18.752s] In file included from [01m[K/home/pi/autocab/raspberryPI3/ros2_ws/src/car_control/src/car_control_node.cpp:20[m[K:
[18.755s] [01m[K/home/pi/autocab/raspberryPI3/ros2_ws/src/car_control/src/../include/car_control/fromAtoB.h:29:59:[m[K [01;36m[Knote: [m[K  initializing argument 3 of ‘[01m[Kint straightLine(float, float, float*, float&, bool&, float&, rclcpp::Logger)[m[K’
[18.757s]    29 | int straightLine(float aLatitude, float aLongitude, [01;36m[Kfloat aVector[2][m[K, float& requestedThrottle, bool& reverse, float& requestedAngle, rclcpp::Logger logger);
[18.759s]       |                                                     [01;36m[K~~~~~~^~~~~~~~~~[m[K
[18.762s] [01m[K/home/pi/autocab/raspberryPI3/ros2_ws/src/car_control/src/car_control_node.cpp:191:46:[m[K [01;31m[Kerror: [m[K‘[01m[Kclass std::vector<char>[m[K’ has no member named ‘[01m[Kpop_heap[m[K’
[18.763s]   191 |                         pathToDeparturePoint.[01;31m[Kpop_heap[m[K ;
[18.767s]       |                                              [01;31m[K^~~~~~~~[m[K
[18.768s] [01m[K/home/pi/autocab/raspberryPI3/ros2_ws/src/car_control/src/car_control_node.cpp:194:105:[m[K [01;31m[Kerror: [m[Kcannot convert ‘[01m[Kfloat[m[K’ to ‘[01m[Kfloat*[m[K’
[18.769s]   194 |                     straightLine(currentLatitude, currentLongitude, [01;31m[K(coordinates[pathToFinalPoint[0]])[0][m[K, (coordinates[pathToFinalPoint[0]])[1], currentDirection, requestedThrottle, reverse, requestedSteerAngle, this->get_logger());
[18.769s]       |                                                                     [01;31m[K~~~~~~~~~~~~~~~~~~~~~~~~~~~~~~~~~~~~^[m[K
[18.770s]       |                                                                                                         [01;31m[K|[m[K
[18.771s]       |                                                                                                         [01;31m[Kfloat[m[K
[18.784s] In file included from [01m[K/home/pi/autocab/raspberryPI3/ros2_ws/src/car_control/src/car_control_node.cpp:20[m[K:
[18.786s] [01m[K/home/pi/autocab/raspberryPI3/ros2_ws/src/car_control/src/../include/car_control/fromAtoB.h:29:59:[m[K [01;36m[Knote: [m[K  initializing argument 3 of ‘[01m[Kint straightLine(float, float, float*, float&, bool&, float&, rclcpp::Logger)[m[K’
[18.788s]    29 | int straightLine(float aLatitude, float aLongitude, [01;36m[Kfloat aVector[2][m[K, float& requestedThrottle, bool& reverse, float& requestedAngle, rclcpp::Logger logger);
[18.792s]       |                                                     [01;36m[K~~~~~~^~~~~~~~~~[m[K
[18.795s] [01m[K/home/pi/autocab/raspberryPI3/ros2_ws/src/car_control/src/car_control_node.cpp:196:42:[m[K [01;31m[Kerror: [m[K‘[01m[Kclass std::vector<char>[m[K’ has no member named ‘[01m[Kpop_heap[m[K’
[18.798s]   196 |                         pathToFinalPoint.[01;31m[Kpop_heap[m[K ;
[18.800s]       |                                          [01;31m[K^~~~~~~~[m[K
[18.841s] [01m[K/home/pi/autocab/raspberryPI3/ros2_ws/src/car_control/src/car_control_node.cpp:[m[K In member function ‘[01m[Kvoid car_control::serveurDataCallback(const Serveur&)[m[K’:
[18.842s] [01m[K/home/pi/autocab/raspberryPI3/ros2_ws/src/car_control/src/car_control_node.cpp:303:89:[m[K [01;31m[Kerror: [m[K‘[01m[Kconst Serveur[m[K’ {aka ‘[01m[Kconst struct interfaces::msg::Serveur_<std::allocator<void> >[m[K’} has no member named ‘[01m[KrequestNumber[m[K’; did you mean ‘[01m[Krequest_number[m[K’?
[18.842s]   303 |         if (departurePointReached && finalPointReached && (requestNumber != serveurData.[01;31m[KrequestNumber[m[K)){
[18.843s]       |                                                                                         [01;31m[K^~~~~~~~~~~~~[m[K
[18.843s]       |                                                                                         [32m[Krequest_number[m[K
[18.844s] [01m[K/home/pi/autocab/raspberryPI3/ros2_ws/src/car_control/src/car_control_node.cpp:306:42:[m[K [01;31m[Kerror: [m[K‘[01m[Kconst Serveur[m[K’ {aka ‘[01m[Kconst struct interfaces::msg::Serveur_<std::allocator<void> >[m[K’} has no member named ‘[01m[KdeparturePoint[m[K’; did you mean ‘[01m[Kdeparture_point[m[K’?
[18.845s]   306 |             departurePoint = serveurData.[01;31m[KdeparturePoint[m[K;
[18.845s]       |                                          [01;31m[K^~~~~~~~~~~~~~[m[K
[18.846s]       |                                          [32m[Kdeparture_point[m[K
[18.848s] [01m[K/home/pi/autocab/raspberryPI3/ros2_ws/src/car_control/src/car_control_node.cpp:307:38:[m[K [01;31m[Kerror: [m[K‘[01m[Kconst Serveur[m[K’ {aka ‘[01m[Kconst struct interfaces::msg::Serveur_<std::allocator<void> >[m[K’} has no member named ‘[01m[KfinalPoint[m[K’; did you mean ‘[01m[Kfinal_point[m[K’?
[18.849s]   307 |             finalPoint = serveurData.[01;31m[KfinalPoint[m[K;
[18.850s]       |                                      [01;31m[K^~~~~~~~~~[m[K
[18.851s]       |                                      [32m[Kfinal_point[m[K
[18.852s] [01m[K/home/pi/autocab/raspberryPI3/ros2_ws/src/car_control/src/car_control_node.cpp:308:41:[m[K [01;31m[Kerror: [m[K‘[01m[Kconst Serveur[m[K’ {aka ‘[01m[Kconst struct interfaces::msg::Serveur_<std::allocator<void> >[m[K’} has no member named ‘[01m[KrequestNumber[m[K’; did you mean ‘[01m[Krequest_number[m[K’?
[18.864s]   308 |             requestNumber = serveurData.[01;31m[KrequestNumber[m[K;
[18.864s]       |                                         [01;31m[K^~~~~~~~~~~~~[m[K
[18.865s]       |                                         [32m[Krequest_number[m[K
[58.077s] gmake[2]: *** [CMakeFiles/car_control_node.dir/build.make:76: CMakeFiles/car_control_node.dir/src/car_control_node.cpp.o] Error 1
[58.081s] gmake[1]: *** [CMakeFiles/Makefile2:137: CMakeFiles/car_control_node.dir/all] Error 2
[58.083s] gmake: *** [Makefile:146: all] Error 2
[58.094s] Invoked command in '/home/pi/autocab/raspberryPI3/ros2_ws/build/car_control' returned '2': AMENT_PREFIX_PATH=/home/pi/autocab/raspberryPI3/ros2_ws/install/interfaces:${AMENT_PREFIX_PATH} CMAKE_PREFIX_PATH=/home/pi/autocab/raspberryPI3/ros2_ws/install/interfaces:/home/pi/ros2_ws/install/geicar_start:/home/pi/ros2_ws/install/system_check:/home/pi/ros2_ws/install/simulation:/home/pi/ros2_ws/install/imu_tools:/home/pi/ros2_ws/install/rviz_imu_plugin:/home/pi/ros2_ws/install/joystick:/home/pi/ros2_ws/install/car_control:/home/pi/ros2_ws/install/can:/home/pi/ros2_ws/install/interfaces:/home/pi/ros2_ws/install/imu_filter_madgwick:/home/pi/ros2_ws/install/imu_complementary_filter:/home/pi/ros2_ws/install/carla_msgs:/opt/ros/humble LD_LIBRARY_PATH=/home/pi/autocab/raspberryPI3/ros2_ws/install/interfaces/lib:${LD_LIBRARY_PATH} PYTHONPATH=/home/pi/autocab/raspberryPI3/ros2_ws/install/interfaces/local/lib/python3.10/dist-packages:${PYTHONPATH} /usr/bin/cmake --build /home/pi/autocab/raspberryPI3/ros2_ws/build/car_control -- -j4 -l4
