[0.415s] Invoking command in '/home/pi/autocab/raspberryPI3/ros2_ws/build/rviz_imu_plugin': CMAKE_PREFIX_PATH=${CMAKE_PREFIX_PATH}:/opt/ros/humble /usr/bin/cmake --build /home/pi/autocab/raspberryPI3/ros2_ws/build/rviz_imu_plugin -- -j4 -l4
[2.465s] [ 11%] [34m[1mAutomatic MOC for target rviz_imu_plugin[0m
[3.414s] [ 11%] Built target rviz_imu_plugin_autogen
[3.642s] [35m[1mConsolidate compiler generated dependencies of target rviz_imu_plugin[0m
[4.995s] [100%] Built target rviz_imu_plugin
[5.395s] Invoked command in '/home/pi/autocab/raspberryPI3/ros2_ws/build/rviz_imu_plugin' returned '0': CMAKE_PREFIX_PATH=${CMAKE_PREFIX_PATH}:/opt/ros/humble /usr/bin/cmake --build /home/pi/autocab/raspberryPI3/ros2_ws/build/rviz_imu_plugin -- -j4 -l4
[7.138s] Invoking command in '/home/pi/autocab/raspberryPI3/ros2_ws/build/rviz_imu_plugin': CMAKE_PREFIX_PATH=${CMAKE_PREFIX_PATH}:/opt/ros/humble /usr/bin/cmake --install /home/pi/autocab/raspberryPI3/ros2_ws/build/rviz_imu_plugin
[7.328s] -- Install configuration: ""
[7.334s] -- Installing: /home/pi/autocab/raspberryPI3/ros2_ws/install/rviz_imu_plugin/share/rviz_imu_plugin/plugin_description.xml
[7.357s] -- Installing: /home/pi/autocab/raspberryPI3/ros2_ws/install/rviz_imu_plugin/share/rviz_imu_plugin/environment/library_path.sh
[7.363s] -- Installing: /home/pi/autocab/raspberryPI3/ros2_ws/install/rviz_imu_plugin/share/rviz_imu_plugin/environment/library_path.dsv
[7.371s] -- Installing: /home/pi/autocab/raspberryPI3/ros2_ws/install/rviz_imu_plugin/lib/librviz_imu_plugin.so
[7.850s] -- Set runtime path of "/home/pi/autocab/raspberryPI3/ros2_ws/install/rviz_imu_plugin/lib/librviz_imu_plugin.so" to ""
[7.855s] -- Installing: /home/pi/autocab/raspberryPI3/ros2_ws/install/rviz_imu_plugin/share/ament_index/resource_index/package_run_dependencies/rviz_imu_plugin
[7.862s] -- Installing: /home/pi/autocab/raspberryPI3/ros2_ws/install/rviz_imu_plugin/share/ament_index/resource_index/parent_prefix_path/rviz_imu_plugin
[7.866s] -- Installing: /home/pi/autocab/raspberryPI3/ros2_ws/install/rviz_imu_plugin/share/rviz_imu_plugin/environment/ament_prefix_path.sh
[7.867s] -- Installing: /home/pi/autocab/raspberryPI3/ros2_ws/install/rviz_imu_plugin/share/rviz_imu_plugin/environment/ament_prefix_path.dsv
[7.869s] -- Installing: /home/pi/autocab/raspberryPI3/ros2_ws/install/rviz_imu_plugin/share/rviz_imu_plugin/environment/path.sh
[7.870s] -- Installing: /home/pi/autocab/raspberryPI3/ros2_ws/install/rviz_imu_plugin/share/rviz_imu_plugin/environment/path.dsv
[7.871s] -- Installing: /home/pi/autocab/raspberryPI3/ros2_ws/install/rviz_imu_plugin/share/rviz_imu_plugin/local_setup.bash
[7.887s] -- Installing: /home/pi/autocab/raspberryPI3/ros2_ws/install/rviz_imu_plugin/share/rviz_imu_plugin/local_setup.sh
[7.895s] -- Installing: /home/pi/autocab/raspberryPI3/ros2_ws/install/rviz_imu_plugin/share/rviz_imu_plugin/local_setup.zsh
[7.901s] -- Installing: /home/pi/autocab/raspberryPI3/ros2_ws/install/rviz_imu_plugin/share/rviz_imu_plugin/local_setup.dsv
[7.911s] -- Installing: /home/pi/autocab/raspberryPI3/ros2_ws/install/rviz_imu_plugin/share/rviz_imu_plugin/package.dsv
[7.947s] -- Installing: /home/pi/autocab/raspberryPI3/ros2_ws/install/rviz_imu_plugin/share/ament_index/resource_index/packages/rviz_imu_plugin
[7.961s] -- Installing: /home/pi/autocab/raspberryPI3/ros2_ws/install/rviz_imu_plugin/share/ament_index/resource_index/rviz_common__pluginlib__plugin/rviz_imu_plugin
[7.978s] -- Installing: /home/pi/autocab/raspberryPI3/ros2_ws/install/rviz_imu_plugin/share/rviz_imu_plugin/cmake/ament_cmake_export_include_directories-extras.cmake
[8.006s] -- Installing: /home/pi/autocab/raspberryPI3/ros2_ws/install/rviz_imu_plugin/share/rviz_imu_plugin/cmake/ament_cmake_export_libraries-extras.cmake
[8.011s] -- Installing: /home/pi/autocab/raspberryPI3/ros2_ws/install/rviz_imu_plugin/share/rviz_imu_plugin/cmake/ament_cmake_export_dependencies-extras.cmake
[8.014s] -- Installing: /home/pi/autocab/raspberryPI3/ros2_ws/install/rviz_imu_plugin/share/rviz_imu_plugin/cmake/rviz_imu_pluginConfig.cmake
[8.037s] -- Installing: /home/pi/autocab/raspberryPI3/ros2_ws/install/rviz_imu_plugin/share/rviz_imu_plugin/cmake/rviz_imu_pluginConfig-version.cmake
[8.041s] -- Installing: /home/pi/autocab/raspberryPI3/ros2_ws/install/rviz_imu_plugin/share/rviz_imu_plugin/package.xml
[8.089s] Invoked command in '/home/pi/autocab/raspberryPI3/ros2_ws/build/rviz_imu_plugin' returned '0': CMAKE_PREFIX_PATH=${CMAKE_PREFIX_PATH}:/opt/ros/humble /usr/bin/cmake --install /home/pi/autocab/raspberryPI3/ros2_ws/build/rviz_imu_plugin
