[0.052s] Invoking command in '/home/achraf/autocab/raspberryPI3/ros2_ws/build/can': AMENT_PREFIX_PATH=/home/achraf/autocab/raspberryPI3/ros2_ws/install/interfaces:${AMENT_PREFIX_PATH} CMAKE_PREFIX_PATH=/home/achraf/autocab/raspberryPI3/ros2_ws/install/interfaces:/opt/ros/humble LD_LIBRARY_PATH=/home/achraf/autocab/raspberryPI3/ros2_ws/install/interfaces/lib:${LD_LIBRARY_PATH} PYTHONPATH=/home/achraf/autocab/raspberryPI3/ros2_ws/install/interfaces/local/lib/python3.10/dist-packages:${PYTHONPATH} /usr/bin/cmake /home/achraf/autocab/raspberryPI3/ros2_ws/src/can -DCMAKE_INSTALL_PREFIX=/home/achraf/autocab/raspberryPI3/ros2_ws/install/can
[0.097s] -- The C compiler identification is GNU 11.4.0
[0.154s] -- The CXX compiler identification is GNU 11.4.0
[0.160s] -- Detecting C compiler ABI info
[0.225s] -- Detecting C compiler ABI info - done
[0.231s] -- Check for working C compiler: /usr/bin/cc - skipped
[0.232s] -- Detecting C compile features
[0.232s] -- Detecting C compile features - done
[0.235s] -- Detecting CXX compiler ABI info
[0.308s] -- Detecting CXX compiler ABI info - done
[0.320s] -- Check for working CXX compiler: /usr/bin/c++ - skipped
[0.321s] -- Detecting CXX compile features
[0.321s] -- Detecting CXX compile features - done
[0.324s] -- Found ament_cmake: 1.3.6 (/opt/ros/humble/share/ament_cmake/cmake)
[0.478s] -- Found Python3: /usr/bin/python3.10 (found version "3.10.12") found components: Interpreter 
[0.558s] -- Found rclcpp: 16.0.7 (/opt/ros/humble/share/rclcpp/cmake)
[0.594s] -- Found rosidl_generator_c: 3.1.5 (/opt/ros/humble/share/rosidl_generator_c/cmake)
[0.598s] -- Found rosidl_adapter: 3.1.5 (/opt/ros/humble/share/rosidl_adapter/cmake)
[0.606s] -- Found rosidl_generator_cpp: 3.1.5 (/opt/ros/humble/share/rosidl_generator_cpp/cmake)
[0.618s] -- Using all available rosidl_typesupport_c: rosidl_typesupport_fastrtps_c;rosidl_typesupport_introspection_c
[0.637s] -- Using all available rosidl_typesupport_cpp: rosidl_typesupport_fastrtps_cpp;rosidl_typesupport_introspection_cpp
[0.706s] -- Found rmw_implementation_cmake: 6.1.1 (/opt/ros/humble/share/rmw_implementation_cmake/cmake)
[0.708s] -- Found rmw_fastrtps_cpp: 6.2.5 (/opt/ros/humble/share/rmw_fastrtps_cpp/cmake)
[0.795s] -- Found OpenSSL: /usr/lib/x86_64-linux-gnu/libcrypto.so (found version "3.0.2")  
[0.824s] -- Found FastRTPS: /opt/ros/humble/include  
[0.866s] -- Using RMW implementation 'rmw_fastrtps_cpp' as default
[0.874s] -- Looking for pthread.h
[0.941s] -- Looking for pthread.h - found
[0.941s] -- Performing Test CMAKE_HAVE_LIBC_PTHREAD
[1.005s] -- Performing Test CMAKE_HAVE_LIBC_PTHREAD - Success
[1.006s] -- Found Threads: TRUE  
[1.175s] -- Found sensor_msgs: 4.2.3 (/opt/ros/humble/share/sensor_msgs/cmake)
[1.322s] -- Found interfaces: 0.0.0 (/home/achraf/autocab/raspberryPI3/ros2_ws/install/interfaces/share/interfaces/cmake)
[1.342s] -- Found ament_lint_auto: 0.12.9 (/opt/ros/humble/share/ament_lint_auto/cmake)
[1.419s] -- Added test 'cppcheck' to perform static code analysis on C / C++ code
[1.419s] -- Configured cppcheck include dirs: $<BUILD_INTERFACE:/home/achraf/autocab/raspberryPI3/ros2_ws/src/can/include>
[1.419s] -- Configured cppcheck exclude dirs and/or files: 
[1.420s] -- Added test 'lint_cmake' to check CMake code style
[1.421s] -- Added test 'uncrustify' to check C / C++ code style
[1.421s] -- Configured uncrustify additional arguments: 
[1.421s] -- Added test 'xmllint' to check XML markup files
[1.422s] -- Configuring done
[1.435s] -- Generating done
[1.437s] -- Build files have been written to: /home/achraf/autocab/raspberryPI3/ros2_ws/build/can
[1.446s] Invoked command in '/home/achraf/autocab/raspberryPI3/ros2_ws/build/can' returned '0': AMENT_PREFIX_PATH=/home/achraf/autocab/raspberryPI3/ros2_ws/install/interfaces:${AMENT_PREFIX_PATH} CMAKE_PREFIX_PATH=/home/achraf/autocab/raspberryPI3/ros2_ws/install/interfaces:/opt/ros/humble LD_LIBRARY_PATH=/home/achraf/autocab/raspberryPI3/ros2_ws/install/interfaces/lib:${LD_LIBRARY_PATH} PYTHONPATH=/home/achraf/autocab/raspberryPI3/ros2_ws/install/interfaces/local/lib/python3.10/dist-packages:${PYTHONPATH} /usr/bin/cmake /home/achraf/autocab/raspberryPI3/ros2_ws/src/can -DCMAKE_INSTALL_PREFIX=/home/achraf/autocab/raspberryPI3/ros2_ws/install/can
[1.446s] Invoking command in '/home/achraf/autocab/raspberryPI3/ros2_ws/build/can': AMENT_PREFIX_PATH=/home/achraf/autocab/raspberryPI3/ros2_ws/install/interfaces:${AMENT_PREFIX_PATH} CMAKE_PREFIX_PATH=/home/achraf/autocab/raspberryPI3/ros2_ws/install/interfaces:/opt/ros/humble LD_LIBRARY_PATH=/home/achraf/autocab/raspberryPI3/ros2_ws/install/interfaces/lib:${LD_LIBRARY_PATH} PYTHONPATH=/home/achraf/autocab/raspberryPI3/ros2_ws/install/interfaces/local/lib/python3.10/dist-packages:${PYTHONPATH} /usr/bin/cmake --build /home/achraf/autocab/raspberryPI3/ros2_ws/build/can -- -j8 -l8
[1.489s] [ 50%] [32mBuilding CXX object CMakeFiles/can_tx_node.dir/src/can_tx_node.cpp.o[0m
[1.489s] [ 50%] [32mBuilding CXX object CMakeFiles/can_rx_node.dir/src/can_rx_node.cpp.o[0m
[7.941s] [ 75%] [32m[1mLinking CXX executable can_rx_node[0m
[8.249s] [ 75%] Built target can_rx_node
[13.651s] [100%] [32m[1mLinking CXX executable can_tx_node[0m
[14.226s] [100%] Built target can_tx_node
[14.237s] Invoked command in '/home/achraf/autocab/raspberryPI3/ros2_ws/build/can' returned '0': AMENT_PREFIX_PATH=/home/achraf/autocab/raspberryPI3/ros2_ws/install/interfaces:${AMENT_PREFIX_PATH} CMAKE_PREFIX_PATH=/home/achraf/autocab/raspberryPI3/ros2_ws/install/interfaces:/opt/ros/humble LD_LIBRARY_PATH=/home/achraf/autocab/raspberryPI3/ros2_ws/install/interfaces/lib:${LD_LIBRARY_PATH} PYTHONPATH=/home/achraf/autocab/raspberryPI3/ros2_ws/install/interfaces/local/lib/python3.10/dist-packages:${PYTHONPATH} /usr/bin/cmake --build /home/achraf/autocab/raspberryPI3/ros2_ws/build/can -- -j8 -l8
[14.271s] Invoking command in '/home/achraf/autocab/raspberryPI3/ros2_ws/build/can': AMENT_PREFIX_PATH=/home/achraf/autocab/raspberryPI3/ros2_ws/install/interfaces:${AMENT_PREFIX_PATH} CMAKE_PREFIX_PATH=/home/achraf/autocab/raspberryPI3/ros2_ws/install/interfaces:/opt/ros/humble LD_LIBRARY_PATH=/home/achraf/autocab/raspberryPI3/ros2_ws/install/interfaces/lib:${LD_LIBRARY_PATH} PYTHONPATH=/home/achraf/autocab/raspberryPI3/ros2_ws/install/interfaces/local/lib/python3.10/dist-packages:${PYTHONPATH} /usr/bin/cmake --install /home/achraf/autocab/raspberryPI3/ros2_ws/build/can
[14.279s] -- Install configuration: ""
[14.279s] -- Installing: /home/achraf/autocab/raspberryPI3/ros2_ws/install/can/lib/can/can_rx_node
[14.282s] -- Set runtime path of "/home/achraf/autocab/raspberryPI3/ros2_ws/install/can/lib/can/can_rx_node" to ""
[14.282s] -- Installing: /home/achraf/autocab/raspberryPI3/ros2_ws/install/can/lib/can/can_tx_node
[14.289s] -- Set runtime path of "/home/achraf/autocab/raspberryPI3/ros2_ws/install/can/lib/can/can_tx_node" to ""
[14.289s] -- Installing: /home/achraf/autocab/raspberryPI3/ros2_ws/install/can/share/ament_index/resource_index/package_run_dependencies/can
[14.289s] -- Installing: /home/achraf/autocab/raspberryPI3/ros2_ws/install/can/share/ament_index/resource_index/parent_prefix_path/can
[14.289s] -- Installing: /home/achraf/autocab/raspberryPI3/ros2_ws/install/can/share/can/environment/ament_prefix_path.sh
[14.289s] -- Installing: /home/achraf/autocab/raspberryPI3/ros2_ws/install/can/share/can/environment/ament_prefix_path.dsv
[14.289s] -- Installing: /home/achraf/autocab/raspberryPI3/ros2_ws/install/can/share/can/environment/path.sh
[14.289s] -- Installing: /home/achraf/autocab/raspberryPI3/ros2_ws/install/can/share/can/environment/path.dsv
[14.289s] -- Installing: /home/achraf/autocab/raspberryPI3/ros2_ws/install/can/share/can/local_setup.bash
[14.290s] -- Installing: /home/achraf/autocab/raspberryPI3/ros2_ws/install/can/share/can/local_setup.sh
[14.290s] -- Installing: /home/achraf/autocab/raspberryPI3/ros2_ws/install/can/share/can/local_setup.zsh
[14.290s] -- Installing: /home/achraf/autocab/raspberryPI3/ros2_ws/install/can/share/can/local_setup.dsv
[14.290s] -- Installing: /home/achraf/autocab/raspberryPI3/ros2_ws/install/can/share/can/package.dsv
[14.290s] -- Installing: /home/achraf/autocab/raspberryPI3/ros2_ws/install/can/share/ament_index/resource_index/packages/can
[14.290s] -- Installing: /home/achraf/autocab/raspberryPI3/ros2_ws/install/can/share/can/cmake/canConfig.cmake
[14.290s] -- Installing: /home/achraf/autocab/raspberryPI3/ros2_ws/install/can/share/can/cmake/canConfig-version.cmake
[14.290s] -- Installing: /home/achraf/autocab/raspberryPI3/ros2_ws/install/can/share/can/package.xml
[14.293s] Invoked command in '/home/achraf/autocab/raspberryPI3/ros2_ws/build/can' returned '0': AMENT_PREFIX_PATH=/home/achraf/autocab/raspberryPI3/ros2_ws/install/interfaces:${AMENT_PREFIX_PATH} CMAKE_PREFIX_PATH=/home/achraf/autocab/raspberryPI3/ros2_ws/install/interfaces:/opt/ros/humble LD_LIBRARY_PATH=/home/achraf/autocab/raspberryPI3/ros2_ws/install/interfaces/lib:${LD_LIBRARY_PATH} PYTHONPATH=/home/achraf/autocab/raspberryPI3/ros2_ws/install/interfaces/local/lib/python3.10/dist-packages:${PYTHONPATH} /usr/bin/cmake --install /home/achraf/autocab/raspberryPI3/ros2_ws/build/can
