[0.082s] Invoking command in '/home/pi/autocab/raspberryPI3/ros2_ws/build/car_control': AMENT_PREFIX_PATH=/home/pi/autocab/raspberryPI3/ros2_ws/install/interfaces:${AMENT_PREFIX_PATH} CMAKE_PREFIX_PATH=/home/pi/autocab/raspberryPI3/ros2_ws/install/interfaces:/home/pi/ros2_ws/install/geicar_start:/home/pi/ros2_ws/install/system_check:/home/pi/ros2_ws/install/simulation:/home/pi/ros2_ws/install/imu_tools:/home/pi/ros2_ws/install/rviz_imu_plugin:/home/pi/ros2_ws/install/joystick:/home/pi/ros2_ws/install/car_control:/home/pi/ros2_ws/install/can:/home/pi/ros2_ws/install/interfaces:/home/pi/ros2_ws/install/imu_filter_madgwick:/home/pi/ros2_ws/install/imu_complementary_filter:/home/pi/ros2_ws/install/carla_msgs:/opt/ros/humble LD_LIBRARY_PATH=/home/pi/autocab/raspberryPI3/ros2_ws/install/interfaces/lib:${LD_LIBRARY_PATH} PYTHONPATH=/home/pi/autocab/raspberryPI3/ros2_ws/install/interfaces/local/lib/python3.10/dist-packages:${PYTHONPATH} /usr/bin/cmake --build /home/pi/autocab/raspberryPI3/ros2_ws/build/car_control -- -j4 -l4
[0.300s] [35m[1mConsolidate compiler generated dependencies of target car_control_node[0m
[0.428s] [ 40%] [32mBuilding CXX object CMakeFiles/car_control_node.dir/src/car_control_node.cpp.o[0m
[0.429s] [ 40%] [32mBuilding CXX object CMakeFiles/car_control_node.dir/src/fromAtoB.cpp.o[0m
[12.869s] In file included from [01m[K/home/pi/autocab/raspberryPI3/ros2_ws/src/car_control/src/fromAtoB.cpp:1[m[K:
[12.870s] [01m[K/home/pi/autocab/raspberryPI3/ros2_ws/src/car_control/src/../include/car_control/fromAtoB.h:35:1:[m[K [01;31m[Kerror: [m[Kexpected initializer before ‘[01m[Kfloat[m[K’
[12.870s]    35 | [01;31m[Kfloat[m[K distance(float a[2], float b[2]);
[12.871s]       | [01;31m[K^~~~~[m[K
[13.067s] [01m[K/home/pi/autocab/raspberryPI3/ros2_ws/src/car_control/src/fromAtoB.cpp:[m[K In function ‘[01m[Kchar detectClosestPoint(float, float, const std::map<char, float [2]>&)[m[K’:
[13.068s] [01m[K/home/pi/autocab/raspberryPI3/ros2_ws/src/car_control/src/fromAtoB.cpp:165:42:[m[K [01;31m[Kerror: [m[Kno matching function for call to ‘[01m[Kdistance(float [2], const float [2])[m[K’
[13.069s]   165 |         float computedDistance = [01;31m[Kdistance(currentPos,it->second)[m[K;
[13.070s]       |                                  [01;31m[K~~~~~~~~^~~~~~~~~~~~~~~~~~~~~~~[m[K
[13.071s] In file included from [01m[K/usr/include/c++/11/bits/stl_algobase.h:66[m[K,
[13.071s]                  from [01m[K/usr/include/c++/11/memory:63[m[K,
[13.072s]                  from [01m[K/opt/ros/humble/include/rclcpp/rclcpp/rclcpp.hpp:153[m[K,
[13.073s]                  from [01m[K/home/pi/autocab/raspberryPI3/ros2_ws/src/car_control/src/../include/car_control/fromAtoB.h:6[m[K,
[13.073s]                  from [01m[K/home/pi/autocab/raspberryPI3/ros2_ws/src/car_control/src/fromAtoB.cpp:1[m[K:
[13.074s] [01m[K/usr/include/c++/11/bits/stl_iterator_base_funcs.h:138:5:[m[K [01;36m[Knote: [m[Kcandidate: ‘[01m[Ktemplate<class _InputIterator> constexpr typename std::iterator_traits< <template-parameter-1-1> >::difference_type std::distance(_InputIterator, _InputIterator)[m[K’
[13.075s]   138 |     [01;36m[Kdistance[m[K(_InputIterator __first, _InputIterator __last)
[13.076s]       |     [01;36m[K^~~~~~~~[m[K
[13.076s] [01m[K/usr/include/c++/11/bits/stl_iterator_base_funcs.h:138:5:[m[K [01;36m[Knote: [m[K  template argument deduction/substitution failed:
[13.077s] [01m[K/home/pi/autocab/raspberryPI3/ros2_ws/src/car_control/src/fromAtoB.cpp:165:42:[m[K [01;36m[Knote: [m[K  deduced conflicting types for parameter ‘[01m[K_InputIterator[m[K’ (‘[01m[Kfloat*[m[K’ and ‘[01m[Kconst float*[m[K’)
[13.078s]   165 |         float computedDistance = [01;36m[Kdistance(currentPos,it->second)[m[K;
[13.079s]       |                                  [01;36m[K~~~~~~~~^~~~~~~~~~~~~~~~~~~~~~~[m[K
[13.079s] [01m[K/home/pi/autocab/raspberryPI3/ros2_ws/src/car_control/src/fromAtoB.cpp:149:7:[m[K [01;36m[Knote: [m[Kcandidate: ‘[01m[Kfloat distance(float*, float*)[m[K’ (near match)
[13.080s]   149 | float [01;36m[Kdistance[m[K(float a[2], float b[2])
[13.081s]       |       [01;36m[K^~~~~~~~[m[K
[13.081s] [01m[K/home/pi/autocab/raspberryPI3/ros2_ws/src/car_control/src/fromAtoB.cpp:149:7:[m[K [01;36m[Knote: [m[K  conversion of argument 2 would be ill-formed:
[13.083s] [01m[K/home/pi/autocab/raspberryPI3/ros2_ws/src/car_control/src/fromAtoB.cpp:165:58:[m[K [01;31m[Kerror: [m[Kinvalid conversion from ‘[01m[Kconst float*[m[K’ to ‘[01m[Kfloat*[m[K’ [[01;31m[K]8;;https://gcc.gnu.org/onlinedocs/gcc/Warning-Options.html#index-fpermissive-fpermissive]8;;[m[K]
[13.084s]   165 |         float computedDistance = distance(currentPos,[01;31m[Kit->second[m[K);
[13.084s]       |                                                      [01;31m[K~~~~^~~~~~[m[K
[13.085s]       |                                                          [01;31m[K|[m[K
[13.086s]       |                                                          [01;31m[Kconst float*[m[K
[13.086s] In file included from [01m[K/home/pi/autocab/raspberryPI3/ros2_ws/src/car_control/src/car_control_node.cpp:19[m[K:
[13.087s] [01m[K/home/pi/autocab/raspberryPI3/ros2_ws/src/car_control/src/../include/car_control/fromAtoB.h:35:1:[m[K [01;31m[Kerror: [m[Kexpected initializer before ‘[01m[Kfloat[m[K’
[13.088s]    35 | [01;31m[Kfloat[m[K distance(float a[2], float b[2]);
[13.089s]       | [01;31m[K^~~~~[m[K
[14.083s] [01m[K/home/pi/autocab/raspberryPI3/ros2_ws/src/car_control/src/car_control_node.cpp:[m[K In constructor ‘[01m[Kcar_control::car_control()[m[K’:
[14.086s] [01m[K/home/pi/autocab/raspberryPI3/ros2_ws/src/car_control/src/car_control_node.cpp:47:34:[m[K [01;31m[Kerror: [m[Kexpected primary-expression before ‘[01m[K{[m[K’ token
[14.087s]    47 |         coordinates.insert(('A', [01;31m[K{[m[K43.570596, 1.466500}));
[14.088s]       |                                  [01;31m[K^[m[K
[14.088s] [01m[K/home/pi/autocab/raspberryPI3/ros2_ws/src/car_control/src/car_control_node.cpp:47:34:[m[K [01;31m[Kerror: [m[Kexpected ‘[01m[K)[m[K’ before ‘[01m[K{[m[K’ token
[14.089s] [01m[K/home/pi/autocab/raspberryPI3/ros2_ws/src/car_control/src/car_control_node.cpp:47:28:[m[K [01;36m[Knote: [m[Kto match this ‘[01m[K([m[K’
[14.090s]    47 |         coordinates.insert([01;36m[K([m[K'A', {43.570596, 1.466500}));
[14.091s]       |                            [01;36m[K^[m[K
[14.091s] [01m[K/home/pi/autocab/raspberryPI3/ros2_ws/src/car_control/src/car_control_node.cpp:48:34:[m[K [01;31m[Kerror: [m[Kexpected primary-expression before ‘[01m[K{[m[K’ token
[14.092s]    48 |         coordinates.insert(('B', [01;31m[K{[m[K43.570596, 1.466500}));
[14.093s]       |                                  [01;31m[K^[m[K
[14.093s] [01m[K/home/pi/autocab/raspberryPI3/ros2_ws/src/car_control/src/car_control_node.cpp:48:34:[m[K [01;31m[Kerror: [m[Kexpected ‘[01m[K)[m[K’ before ‘[01m[K{[m[K’ token
[14.094s] [01m[K/home/pi/autocab/raspberryPI3/ros2_ws/src/car_control/src/car_control_node.cpp:48:28:[m[K [01;36m[Knote: [m[Kto match this ‘[01m[K([m[K’
[14.095s]    48 |         coordinates.insert([01;36m[K([m[K'B', {43.570596, 1.466500}));
[14.096s]       |                            [01;36m[K^[m[K
[14.096s] [01m[K/home/pi/autocab/raspberryPI3/ros2_ws/src/car_control/src/car_control_node.cpp:49:34:[m[K [01;31m[Kerror: [m[Kexpected primary-expression before ‘[01m[K{[m[K’ token
[14.097s]    49 |         coordinates.insert(('C', [01;31m[K{[m[K43.570596, 1.466500}));
[14.098s]       |                                  [01;31m[K^[m[K
[14.099s] [01m[K/home/pi/autocab/raspberryPI3/ros2_ws/src/car_control/src/car_control_node.cpp:49:34:[m[K [01;31m[Kerror: [m[Kexpected ‘[01m[K)[m[K’ before ‘[01m[K{[m[K’ token
[14.099s] [01m[K/home/pi/autocab/raspberryPI3/ros2_ws/src/car_control/src/car_control_node.cpp:49:28:[m[K [01;36m[Knote: [m[Kto match this ‘[01m[K([m[K’
[14.100s]    49 |         coordinates.insert([01;36m[K([m[K'C', {43.570596, 1.466500}));
[14.101s]       |                            [01;36m[K^[m[K
[14.101s] [01m[K/home/pi/autocab/raspberryPI3/ros2_ws/src/car_control/src/car_control_node.cpp:50:34:[m[K [01;31m[Kerror: [m[Kexpected primary-expression before ‘[01m[K{[m[K’ token
[14.102s]    50 |         coordinates.insert(('D', [01;31m[K{[m[K43.570596, 1.466500}));
[14.110s]       |                                  [01;31m[K^[m[K
[14.112s] [01m[K/home/pi/autocab/raspberryPI3/ros2_ws/src/car_control/src/car_control_node.cpp:50:34:[m[K [01;31m[Kerror: [m[Kexpected ‘[01m[K)[m[K’ before ‘[01m[K{[m[K’ token
[14.113s] [01m[K/home/pi/autocab/raspberryPI3/ros2_ws/src/car_control/src/car_control_node.cpp:50:28:[m[K [01;36m[Knote: [m[Kto match this ‘[01m[K([m[K’
[14.114s]    50 |         coordinates.insert([01;36m[K([m[K'D', {43.570596, 1.466500}));
[14.115s]       |                            [01;36m[K^[m[K
[15.239s] gmake[2]: *** [CMakeFiles/car_control_node.dir/build.make:118: CMakeFiles/car_control_node.dir/src/fromAtoB.cpp.o] Error 1
[15.240s] gmake[2]: *** Waiting for unfinished jobs....
[35.255s] gmake[2]: *** [CMakeFiles/car_control_node.dir/build.make:76: CMakeFiles/car_control_node.dir/src/car_control_node.cpp.o] Error 1
[35.256s] gmake[1]: *** [CMakeFiles/Makefile2:137: CMakeFiles/car_control_node.dir/all] Error 2
[35.258s] gmake: *** [Makefile:146: all] Error 2
[35.263s] Invoked command in '/home/pi/autocab/raspberryPI3/ros2_ws/build/car_control' returned '2': AMENT_PREFIX_PATH=/home/pi/autocab/raspberryPI3/ros2_ws/install/interfaces:${AMENT_PREFIX_PATH} CMAKE_PREFIX_PATH=/home/pi/autocab/raspberryPI3/ros2_ws/install/interfaces:/home/pi/ros2_ws/install/geicar_start:/home/pi/ros2_ws/install/system_check:/home/pi/ros2_ws/install/simulation:/home/pi/ros2_ws/install/imu_tools:/home/pi/ros2_ws/install/rviz_imu_plugin:/home/pi/ros2_ws/install/joystick:/home/pi/ros2_ws/install/car_control:/home/pi/ros2_ws/install/can:/home/pi/ros2_ws/install/interfaces:/home/pi/ros2_ws/install/imu_filter_madgwick:/home/pi/ros2_ws/install/imu_complementary_filter:/home/pi/ros2_ws/install/carla_msgs:/opt/ros/humble LD_LIBRARY_PATH=/home/pi/autocab/raspberryPI3/ros2_ws/install/interfaces/lib:${LD_LIBRARY_PATH} PYTHONPATH=/home/pi/autocab/raspberryPI3/ros2_ws/install/interfaces/local/lib/python3.10/dist-packages:${PYTHONPATH} /usr/bin/cmake --build /home/pi/autocab/raspberryPI3/ros2_ws/build/car_control -- -j4 -l4
