[0.254s] Invoking command in '/home/pi/autocab/raspberryPI3/ros2_ws/build/rviz_imu_plugin': CMAKE_PREFIX_PATH=${CMAKE_PREFIX_PATH}:/opt/ros/humble /usr/bin/cmake /home/pi/autocab/raspberryPI3/ros2_ws/src/imu_tools/rviz_imu_plugin -DCMAKE_INSTALL_PREFIX=/home/pi/autocab/raspberryPI3/ros2_ws/install/rviz_imu_plugin
[1.059s] -- The C compiler identification is GNU 11.4.0
[1.836s] -- The CXX compiler identification is GNU 11.4.0
[1.941s] -- Detecting C compiler ABI info
[3.013s] -- Detecting C compiler ABI info - done
[3.114s] -- Check for working C compiler: /usr/bin/cc - skipped
[3.121s] -- Detecting C compile features
[3.130s] -- Detecting C compile features - done
[3.180s] -- Detecting CXX compiler ABI info
[4.137s] -- Detecting CXX compiler ABI info - done
[4.226s] -- Check for working CXX compiler: /usr/bin/c++ - skipped
[4.232s] -- Detecting CXX compile features
[4.239s] -- Detecting CXX compile features - done
[4.356s] -- Found ament_cmake: 1.3.2 (/opt/ros/humble/share/ament_cmake/cmake)
[7.201s] -- Found Python3: /usr/bin/python3.10 (found version "3.10.12") found components: Interpreter 
[9.698s] -- Found message_filters: 4.3.1 (/opt/ros/humble/share/message_filters/cmake)
[11.591s] -- Found rosidl_generator_c: 3.1.3 (/opt/ros/humble/share/rosidl_generator_c/cmake)
[11.891s] -- Found rosidl_adapter: 3.1.3 (/opt/ros/humble/share/rosidl_adapter/cmake)
[12.217s] -- Found rosidl_generator_cpp: 3.1.3 (/opt/ros/humble/share/rosidl_generator_cpp/cmake)
[12.599s] -- Using all available rosidl_typesupport_c: rosidl_typesupport_fastrtps_c;rosidl_typesupport_introspection_c
[13.141s] -- Using all available rosidl_typesupport_cpp: rosidl_typesupport_fastrtps_cpp;rosidl_typesupport_introspection_cpp
[14.566s] -- Found rmw_implementation_cmake: 6.1.0 (/opt/ros/humble/share/rmw_implementation_cmake/cmake)
[14.696s] -- Found rmw_fastrtps_cpp: 6.2.1 (/opt/ros/humble/share/rmw_fastrtps_cpp/cmake)
[17.127s] -- Found OpenSSL: /usr/lib/aarch64-linux-gnu/libcrypto.so (found version "3.0.2")  
[17.658s] -- Found FastRTPS: /opt/ros/humble/include  
[18.914s] -- Using RMW implementation 'rmw_fastrtps_cpp' as default
[21.838s] -- Found rviz_common: 11.2.2 (/opt/ros/humble/share/rviz_common/cmake)
[22.501s] -- Setting OGRE_DIR to: '/opt/ros/humble/share/rviz_ogre_vendor/cmake/../../../opt/rviz_ogre_vendor/lib/OGRE/cmake'
[22.529s] -- Found OGRE
[22.532s] --   static     : OFF
[22.535s] --   components : HLMS;MeshLodGenerator;Overlay;Paging;Property;RTShaderSystem;Terrain;Volume
[22.537s] --   plugins    : Plugin_BSPSceneManager;Plugin_OctreeSceneManager;Plugin_PCZSceneManager;Plugin_ParticleFX;RenderSystem_GL;RenderSystem_GL3Plus;Codec_STBI
[22.540s] --   media      : /opt/ros/humble/opt/rviz_ogre_vendor/share/OGRE/Media
[22.544s] -- OGRE_LIBRARIES: OgreHLMS;OgreMeshLodGenerator;OgreOverlay;OgrePaging;OgreProperty;OgreRTShaderSystem;OgreTerrain;OgreVolume;OgreMain
[22.546s] -- OGRE_LIBRARY_DIRS: /opt/ros/humble/opt/rviz_ogre_vendor/lib
[22.554s] -- OGRE_PLUGINS: Plugin_BSPSceneManager;Plugin_OctreeSceneManager;Plugin_PCZSceneManager;Plugin_ParticleFX;RenderSystem_GL;RenderSystem_GL3Plus;Codec_STBI
[22.556s] -- OGRE_PLUGIN_DIR: /opt/ros/humble/opt/rviz_ogre_vendor/lib/OGRE
[22.557s] -- rviz_ogre_vendor::OgreOverlay for IMPORTED_LOCATION_RELEASE: /opt/ros/humble/opt/rviz_ogre_vendor/lib/libOgreOverlay.so
[22.564s] -- rviz_ogre_vendor::OgreOverlay for IMPORTED_LOCATION_DEBUG: /opt/ros/humble/opt/rviz_ogre_vendor/lib/libOgreOverlay.so
[22.566s] -- rviz_ogre_vendor::OgreMain for IMPORTED_LOCATION_RELEASE: /opt/ros/humble/opt/rviz_ogre_vendor/lib/libOgreMain.so
[22.580s] -- rviz_ogre_vendor::OgreMain for IMPORTED_LOCATION_DEBUG: /opt/ros/humble/opt/rviz_ogre_vendor/lib/libOgreMain.so
[22.581s] -- Could not find freeimage library
[22.924s] -- Found ZLIB: /usr/lib/aarch64-linux-gnu/libz.so (found version "1.2.11") 
[23.033s] -- Found OpenGL: /usr/lib/aarch64-linux-gnu/libOpenGL.so   
[24.619s] -- Found X11: /usr/include   
[24.629s] -- Looking for XOpenDisplay in /usr/lib/aarch64-linux-gnu/libX11.so;/usr/lib/aarch64-linux-gnu/libXext.so
[25.741s] -- Looking for XOpenDisplay in /usr/lib/aarch64-linux-gnu/libX11.so;/usr/lib/aarch64-linux-gnu/libXext.so - found
[25.746s] -- Looking for gethostbyname
[26.787s] -- Looking for gethostbyname - found
[26.792s] -- Looking for connect
[27.701s] -- Looking for connect - found
[27.706s] -- Looking for remove
[28.709s] -- Looking for remove - found
[28.714s] -- Looking for shmat
[29.729s] -- Looking for shmat - found
[29.734s] -- Looking for IceConnectionNumber in ICE
[30.675s] -- Looking for IceConnectionNumber in ICE - found
[30.705s] -- rviz_ogre_vendor::RenderSystem_GL for IMPORTED_LOCATION_RELEASE: _render_system_gl_static_library_abs-NOTFOUND
[30.708s] -- rviz_ogre_vendor::RenderSystem_GL for IMPORTED_LOCATION_DEBUG: _render_system_gl_static_library_abs-NOTFOUND
[32.971s] -- library: /usr/lib/aarch64-linux-gnu/libcurl.so
[43.343s] -- Configuring done
[43.849s] -- Generating done
[43.882s] -- Build files have been written to: /home/pi/autocab/raspberryPI3/ros2_ws/build/rviz_imu_plugin
[44.009s] Invoked command in '/home/pi/autocab/raspberryPI3/ros2_ws/build/rviz_imu_plugin' returned '0': CMAKE_PREFIX_PATH=${CMAKE_PREFIX_PATH}:/opt/ros/humble /usr/bin/cmake /home/pi/autocab/raspberryPI3/ros2_ws/src/imu_tools/rviz_imu_plugin -DCMAKE_INSTALL_PREFIX=/home/pi/autocab/raspberryPI3/ros2_ws/install/rviz_imu_plugin
[44.030s] Invoking command in '/home/pi/autocab/raspberryPI3/ros2_ws/build/rviz_imu_plugin': CMAKE_PREFIX_PATH=${CMAKE_PREFIX_PATH}:/opt/ros/humble /usr/bin/cmake --build /home/pi/autocab/raspberryPI3/ros2_ws/build/rviz_imu_plugin -- -j4 -l4
[44.823s] [ 11%] [34m[1mAutomatic MOC for target rviz_imu_plugin[0m
[57.356s] [ 11%] Built target rviz_imu_plugin_autogen
[57.659s] [ 22%] [32mBuilding CXX object CMakeFiles/rviz_imu_plugin.dir/rviz_imu_plugin_autogen/mocs_compilation.cpp.o[0m
[153.894s] [ 33%] [32mBuilding CXX object CMakeFiles/rviz_imu_plugin.dir/src/imu_axes_visual.cpp.o[0m
[156.137s] [ 44%] [32mBuilding CXX object CMakeFiles/rviz_imu_plugin.dir/src/imu_orientation_visual.cpp.o[0m
[157.403s] [ 55%] [32mBuilding CXX object CMakeFiles/rviz_imu_plugin.dir/src/imu_display.cpp.o[0m
[327.457s] [ 66%] [32mBuilding CXX object CMakeFiles/rviz_imu_plugin.dir/src/mag_visual.cpp.o[0m
[359.375s] [ 77%] [32mBuilding CXX object CMakeFiles/rviz_imu_plugin.dir/src/mag_display.cpp.o[0m
[493.760s] [ 88%] [32mBuilding CXX object CMakeFiles/rviz_imu_plugin.dir/src/imu_acc_visual.cpp.o[0m
[527.570s] [100%] [32m[1mLinking CXX shared library librviz_imu_plugin.so[0m
[550.472s] [100%] Built target rviz_imu_plugin
[550.994s] Invoked command in '/home/pi/autocab/raspberryPI3/ros2_ws/build/rviz_imu_plugin' returned '0': CMAKE_PREFIX_PATH=${CMAKE_PREFIX_PATH}:/opt/ros/humble /usr/bin/cmake --build /home/pi/autocab/raspberryPI3/ros2_ws/build/rviz_imu_plugin -- -j4 -l4
[551.835s] Invoking command in '/home/pi/autocab/raspberryPI3/ros2_ws/build/rviz_imu_plugin': CMAKE_PREFIX_PATH=${CMAKE_PREFIX_PATH}:/opt/ros/humble /usr/bin/cmake --install /home/pi/autocab/raspberryPI3/ros2_ws/build/rviz_imu_plugin
[551.955s] -- Install configuration: ""
[551.960s] -- Installing: /home/pi/autocab/raspberryPI3/ros2_ws/install/rviz_imu_plugin/share/rviz_imu_plugin/plugin_description.xml
[551.967s] -- Installing: /home/pi/autocab/raspberryPI3/ros2_ws/install/rviz_imu_plugin/share/rviz_imu_plugin/environment/library_path.sh
[551.973s] -- Installing: /home/pi/autocab/raspberryPI3/ros2_ws/install/rviz_imu_plugin/share/rviz_imu_plugin/environment/library_path.dsv
[551.979s] -- Installing: /home/pi/autocab/raspberryPI3/ros2_ws/install/rviz_imu_plugin/lib/librviz_imu_plugin.so
[552.214s] -- Set runtime path of "/home/pi/autocab/raspberryPI3/ros2_ws/install/rviz_imu_plugin/lib/librviz_imu_plugin.so" to ""
[552.219s] -- Installing: /home/pi/autocab/raspberryPI3/ros2_ws/install/rviz_imu_plugin/share/ament_index/resource_index/package_run_dependencies/rviz_imu_plugin
[552.226s] -- Installing: /home/pi/autocab/raspberryPI3/ros2_ws/install/rviz_imu_plugin/share/ament_index/resource_index/parent_prefix_path/rviz_imu_plugin
[552.233s] -- Installing: /home/pi/autocab/raspberryPI3/ros2_ws/install/rviz_imu_plugin/share/rviz_imu_plugin/environment/ament_prefix_path.sh
[552.239s] -- Installing: /home/pi/autocab/raspberryPI3/ros2_ws/install/rviz_imu_plugin/share/rviz_imu_plugin/environment/ament_prefix_path.dsv
[552.245s] -- Installing: /home/pi/autocab/raspberryPI3/ros2_ws/install/rviz_imu_plugin/share/rviz_imu_plugin/environment/path.sh
[552.251s] -- Installing: /home/pi/autocab/raspberryPI3/ros2_ws/install/rviz_imu_plugin/share/rviz_imu_plugin/environment/path.dsv
[552.257s] -- Installing: /home/pi/autocab/raspberryPI3/ros2_ws/install/rviz_imu_plugin/share/rviz_imu_plugin/local_setup.bash
[552.263s] -- Installing: /home/pi/autocab/raspberryPI3/ros2_ws/install/rviz_imu_plugin/share/rviz_imu_plugin/local_setup.sh
[552.269s] -- Installing: /home/pi/autocab/raspberryPI3/ros2_ws/install/rviz_imu_plugin/share/rviz_imu_plugin/local_setup.zsh
[552.275s] -- Installing: /home/pi/autocab/raspberryPI3/ros2_ws/install/rviz_imu_plugin/share/rviz_imu_plugin/local_setup.dsv
[552.281s] -- Installing: /home/pi/autocab/raspberryPI3/ros2_ws/install/rviz_imu_plugin/share/rviz_imu_plugin/package.dsv
[552.290s] -- Installing: /home/pi/autocab/raspberryPI3/ros2_ws/install/rviz_imu_plugin/share/ament_index/resource_index/packages/rviz_imu_plugin
[552.297s] -- Installing: /home/pi/autocab/raspberryPI3/ros2_ws/install/rviz_imu_plugin/share/ament_index/resource_index/rviz_common__pluginlib__plugin/rviz_imu_plugin
[552.305s] -- Installing: /home/pi/autocab/raspberryPI3/ros2_ws/install/rviz_imu_plugin/share/rviz_imu_plugin/cmake/ament_cmake_export_include_directories-extras.cmake
[552.311s] -- Installing: /home/pi/autocab/raspberryPI3/ros2_ws/install/rviz_imu_plugin/share/rviz_imu_plugin/cmake/ament_cmake_export_libraries-extras.cmake
[552.318s] -- Installing: /home/pi/autocab/raspberryPI3/ros2_ws/install/rviz_imu_plugin/share/rviz_imu_plugin/cmake/ament_cmake_export_dependencies-extras.cmake
[552.324s] -- Installing: /home/pi/autocab/raspberryPI3/ros2_ws/install/rviz_imu_plugin/share/rviz_imu_plugin/cmake/rviz_imu_pluginConfig.cmake
[552.330s] -- Installing: /home/pi/autocab/raspberryPI3/ros2_ws/install/rviz_imu_plugin/share/rviz_imu_plugin/cmake/rviz_imu_pluginConfig-version.cmake
[552.335s] -- Installing: /home/pi/autocab/raspberryPI3/ros2_ws/install/rviz_imu_plugin/share/rviz_imu_plugin/package.xml
[552.354s] Invoked command in '/home/pi/autocab/raspberryPI3/ros2_ws/build/rviz_imu_plugin' returned '0': CMAKE_PREFIX_PATH=${CMAKE_PREFIX_PATH}:/opt/ros/humble /usr/bin/cmake --install /home/pi/autocab/raspberryPI3/ros2_ws/build/rviz_imu_plugin
