[0.178s] Invoking command in '/home/achraf/autocab/raspberryPI3/ros2_ws/build/joystick': AMENT_PREFIX_PATH=/home/achraf/autocab/raspberryPI3/ros2_ws/install/interfaces:${AMENT_PREFIX_PATH} CMAKE_PREFIX_PATH=/home/achraf/autocab/raspberryPI3/ros2_ws/install/interfaces:/opt/ros/humble LD_LIBRARY_PATH=/home/achraf/autocab/raspberryPI3/ros2_ws/install/interfaces/lib:${LD_LIBRARY_PATH} PYTHONPATH=/home/achraf/autocab/raspberryPI3/ros2_ws/install/interfaces/local/lib/python3.10/dist-packages:${PYTHONPATH} /usr/bin/cmake --build /home/achraf/autocab/raspberryPI3/ros2_ws/build/joystick -- -j8 -l8
[0.265s] [100%] Built target joystick_to_cmd
[0.278s] [100%] Built target ament_cmake_python_copy_joystick
[0.567s] running egg_info
[0.571s] writing joystick.egg-info/PKG-INFO
[0.571s] writing dependency_links to joystick.egg-info/dependency_links.txt
[0.571s] writing top-level names to joystick.egg-info/top_level.txt
[0.571s] reading manifest file 'joystick.egg-info/SOURCES.txt'
[0.572s] writing manifest file 'joystick.egg-info/SOURCES.txt'
[0.600s] [100%] Built target ament_cmake_python_build_joystick_egg
[0.710s] Invoked command in '/home/achraf/autocab/raspberryPI3/ros2_ws/build/joystick' returned '0': AMENT_PREFIX_PATH=/home/achraf/autocab/raspberryPI3/ros2_ws/install/interfaces:${AMENT_PREFIX_PATH} CMAKE_PREFIX_PATH=/home/achraf/autocab/raspberryPI3/ros2_ws/install/interfaces:/opt/ros/humble LD_LIBRARY_PATH=/home/achraf/autocab/raspberryPI3/ros2_ws/install/interfaces/lib:${LD_LIBRARY_PATH} PYTHONPATH=/home/achraf/autocab/raspberryPI3/ros2_ws/install/interfaces/local/lib/python3.10/dist-packages:${PYTHONPATH} /usr/bin/cmake --build /home/achraf/autocab/raspberryPI3/ros2_ws/build/joystick -- -j8 -l8
[0.863s] Invoking command in '/home/achraf/autocab/raspberryPI3/ros2_ws/build/joystick': AMENT_PREFIX_PATH=/home/achraf/autocab/raspberryPI3/ros2_ws/install/interfaces:${AMENT_PREFIX_PATH} CMAKE_PREFIX_PATH=/home/achraf/autocab/raspberryPI3/ros2_ws/install/interfaces:/opt/ros/humble LD_LIBRARY_PATH=/home/achraf/autocab/raspberryPI3/ros2_ws/install/interfaces/lib:${LD_LIBRARY_PATH} PYTHONPATH=/home/achraf/autocab/raspberryPI3/ros2_ws/install/interfaces/local/lib/python3.10/dist-packages:${PYTHONPATH} /usr/bin/cmake --install /home/achraf/autocab/raspberryPI3/ros2_ws/build/joystick
[0.870s] -- Install configuration: ""
[0.870s] -- Up-to-date: /home/achraf/autocab/raspberryPI3/ros2_ws/install/joystick/lib/joystick/joystick_to_cmd
[0.870s] -- Up-to-date: /home/achraf/autocab/raspberryPI3/ros2_ws/install/joystick/share/joystick/environment/pythonpath.sh
[0.870s] -- Up-to-date: /home/achraf/autocab/raspberryPI3/ros2_ws/install/joystick/share/joystick/environment/pythonpath.dsv
[0.871s] -- Up-to-date: /home/achraf/autocab/raspberryPI3/ros2_ws/install/joystick/local/lib/python3.10/dist-packages/joystick-0.0.0-py3.10.egg-info
[0.871s] -- Installing: /home/achraf/autocab/raspberryPI3/ros2_ws/install/joystick/local/lib/python3.10/dist-packages/joystick-0.0.0-py3.10.egg-info/PKG-INFO
[0.871s] -- Installing: /home/achraf/autocab/raspberryPI3/ros2_ws/install/joystick/local/lib/python3.10/dist-packages/joystick-0.0.0-py3.10.egg-info/dependency_links.txt
[0.871s] -- Installing: /home/achraf/autocab/raspberryPI3/ros2_ws/install/joystick/local/lib/python3.10/dist-packages/joystick-0.0.0-py3.10.egg-info/top_level.txt
[0.871s] -- Installing: /home/achraf/autocab/raspberryPI3/ros2_ws/install/joystick/local/lib/python3.10/dist-packages/joystick-0.0.0-py3.10.egg-info/SOURCES.txt
[0.871s] -- Up-to-date: /home/achraf/autocab/raspberryPI3/ros2_ws/install/joystick/local/lib/python3.10/dist-packages/joystick
[0.871s] -- Up-to-date: /home/achraf/autocab/raspberryPI3/ros2_ws/install/joystick/local/lib/python3.10/dist-packages/joystick/CONTRIBUTING.md
[0.872s] -- Up-to-date: /home/achraf/autocab/raspberryPI3/ros2_ws/install/joystick/local/lib/python3.10/dist-packages/joystick/inputs.py
[0.872s] -- Up-to-date: /home/achraf/autocab/raspberryPI3/ros2_ws/install/joystick/local/lib/python3.10/dist-packages/joystick/README.md
[0.872s] -- Up-to-date: /home/achraf/autocab/raspberryPI3/ros2_ws/install/joystick/local/lib/python3.10/dist-packages/joystick/LICENSE
[0.872s] -- Up-to-date: /home/achraf/autocab/raspberryPI3/ros2_ws/install/joystick/local/lib/python3.10/dist-packages/joystick/images
[0.872s] -- Up-to-date: /home/achraf/autocab/raspberryPI3/ros2_ws/install/joystick/local/lib/python3.10/dist-packages/joystick/images/mac_settings.png
[0.872s] -- Up-to-date: /home/achraf/autocab/raspberryPI3/ros2_ws/install/joystick/local/lib/python3.10/dist-packages/joystick/input_example.py
[0.872s] -- Up-to-date: /home/achraf/autocab/raspberryPI3/ros2_ws/install/joystick/local/lib/python3.10/dist-packages/joystick/__init__.py
[0.872s] -- Up-to-date: /home/achraf/autocab/raspberryPI3/ros2_ws/install/joystick/local/lib/python3.10/dist-packages/joystick/resource
[0.873s] -- Up-to-date: /home/achraf/autocab/raspberryPI3/ros2_ws/install/joystick/local/lib/python3.10/dist-packages/joystick/resource/joystick_ros2
[0.873s] -- Up-to-date: /home/achraf/autocab/raspberryPI3/ros2_ws/install/joystick/local/lib/python3.10/dist-packages/joystick/joystick_ros2.py
[0.873s] -- Up-to-date: /home/achraf/autocab/raspberryPI3/ros2_ws/install/joystick/local/lib/python3.10/dist-packages/joystick/package.xml
[0.907s] Listing '/home/achraf/autocab/raspberryPI3/ros2_ws/install/joystick/local/lib/python3.10/dist-packages/joystick'...
[0.907s] Listing '/home/achraf/autocab/raspberryPI3/ros2_ws/install/joystick/local/lib/python3.10/dist-packages/joystick/images'...
[0.907s] Listing '/home/achraf/autocab/raspberryPI3/ros2_ws/install/joystick/local/lib/python3.10/dist-packages/joystick/resource'...
[0.911s] -- Up-to-date: /home/achraf/autocab/raspberryPI3/ros2_ws/install/joystick/lib/joystick/joystick_ros2.py
[0.911s] -- Up-to-date: /home/achraf/autocab/raspberryPI3/ros2_ws/install/joystick/lib/joystick/inputs.py
[0.911s] -- Up-to-date: /home/achraf/autocab/raspberryPI3/ros2_ws/install/joystick/share/ament_index/resource_index/package_run_dependencies/joystick
[0.911s] -- Up-to-date: /home/achraf/autocab/raspberryPI3/ros2_ws/install/joystick/share/ament_index/resource_index/parent_prefix_path/joystick
[0.911s] -- Up-to-date: /home/achraf/autocab/raspberryPI3/ros2_ws/install/joystick/share/joystick/environment/ament_prefix_path.sh
[0.912s] -- Up-to-date: /home/achraf/autocab/raspberryPI3/ros2_ws/install/joystick/share/joystick/environment/ament_prefix_path.dsv
[0.912s] -- Up-to-date: /home/achraf/autocab/raspberryPI3/ros2_ws/install/joystick/share/joystick/environment/path.sh
[0.912s] -- Up-to-date: /home/achraf/autocab/raspberryPI3/ros2_ws/install/joystick/share/joystick/environment/path.dsv
[0.912s] -- Up-to-date: /home/achraf/autocab/raspberryPI3/ros2_ws/install/joystick/share/joystick/local_setup.bash
[0.912s] -- Up-to-date: /home/achraf/autocab/raspberryPI3/ros2_ws/install/joystick/share/joystick/local_setup.sh
[0.912s] -- Up-to-date: /home/achraf/autocab/raspberryPI3/ros2_ws/install/joystick/share/joystick/local_setup.zsh
[0.912s] -- Up-to-date: /home/achraf/autocab/raspberryPI3/ros2_ws/install/joystick/share/joystick/local_setup.dsv
[0.912s] -- Installing: /home/achraf/autocab/raspberryPI3/ros2_ws/install/joystick/share/joystick/package.dsv
[0.912s] -- Up-to-date: /home/achraf/autocab/raspberryPI3/ros2_ws/install/joystick/share/ament_index/resource_index/packages/joystick
[0.912s] -- Up-to-date: /home/achraf/autocab/raspberryPI3/ros2_ws/install/joystick/share/joystick/cmake/joystickConfig.cmake
[0.913s] -- Up-to-date: /home/achraf/autocab/raspberryPI3/ros2_ws/install/joystick/share/joystick/cmake/joystickConfig-version.cmake
[0.913s] -- Up-to-date: /home/achraf/autocab/raspberryPI3/ros2_ws/install/joystick/share/joystick/package.xml
[0.914s] Invoked command in '/home/achraf/autocab/raspberryPI3/ros2_ws/build/joystick' returned '0': AMENT_PREFIX_PATH=/home/achraf/autocab/raspberryPI3/ros2_ws/install/interfaces:${AMENT_PREFIX_PATH} CMAKE_PREFIX_PATH=/home/achraf/autocab/raspberryPI3/ros2_ws/install/interfaces:/opt/ros/humble LD_LIBRARY_PATH=/home/achraf/autocab/raspberryPI3/ros2_ws/install/interfaces/lib:${LD_LIBRARY_PATH} PYTHONPATH=/home/achraf/autocab/raspberryPI3/ros2_ws/install/interfaces/local/lib/python3.10/dist-packages:${PYTHONPATH} /usr/bin/cmake --install /home/achraf/autocab/raspberryPI3/ros2_ws/build/joystick
