[0.128s] Invoking command in '/home/pi/autocab/raspberryPI3/ros2_ws/build/imu_tools': AMENT_PREFIX_PATH=/home/pi/autocab/raspberryPI3/ros2_ws/install/rviz_imu_plugin:/home/pi/autocab/raspberryPI3/ros2_ws/install/imu_filter_madgwick:/home/pi/autocab/raspberryPI3/ros2_ws/install/imu_complementary_filter:${AMENT_PREFIX_PATH} CMAKE_PREFIX_PATH=/home/pi/autocab/raspberryPI3/ros2_ws/install/rviz_imu_plugin:/home/pi/autocab/raspberryPI3/ros2_ws/install/imu_filter_madgwick:/home/pi/autocab/raspberryPI3/ros2_ws/install/imu_complementary_filter:/home/pi/ros2_ws/install/geicar_start:/home/pi/ros2_ws/install/system_check:/home/pi/ros2_ws/install/simulation:/home/pi/ros2_ws/install/imu_tools:/home/pi/ros2_ws/install/rviz_imu_plugin:/home/pi/ros2_ws/install/joystick:/home/pi/ros2_ws/install/car_control:/home/pi/ros2_ws/install/can:/home/pi/ros2_ws/install/interfaces:/home/pi/ros2_ws/install/imu_filter_madgwick:/home/pi/ros2_ws/install/imu_complementary_filter:/home/pi/ros2_ws/install/carla_msgs:/opt/ros/humble LD_LIBRARY_PATH=/home/pi/autocab/raspberryPI3/ros2_ws/install/rviz_imu_plugin/lib:/home/pi/autocab/raspberryPI3/ros2_ws/install/imu_filter_madgwick/lib:${LD_LIBRARY_PATH} /usr/bin/cmake /home/pi/autocab/raspberryPI3/ros2_ws/src/imu_tools/imu_tools -DCMAKE_INSTALL_PREFIX=/home/pi/autocab/raspberryPI3/ros2_ws/install/imu_tools
[0.574s] -- The C compiler identification is GNU 11.4.0
[0.998s] -- The CXX compiler identification is GNU 11.4.0
[1.035s] -- Detecting C compiler ABI info
[1.894s] -- Detecting C compiler ABI info - done
[1.960s] -- Check for working C compiler: /usr/bin/cc - skipped
[1.962s] -- Detecting C compile features
[1.971s] -- Detecting C compile features - done
[2.005s] -- Detecting CXX compiler ABI info
[2.884s] -- Detecting CXX compiler ABI info - done
[2.953s] -- Check for working CXX compiler: /usr/bin/c++ - skipped
[2.955s] -- Detecting CXX compile features
[2.956s] -- Detecting CXX compile features - done
[3.012s] -- Found ament_cmake: 1.3.2 (/opt/ros/humble/share/ament_cmake/cmake)
[4.591s] -- Found Python3: /usr/bin/python3.10 (found version "3.10.12") found components: Interpreter 
[6.450s] -- Configuring done
[6.492s] -- Generating done
[6.506s] -- Build files have been written to: /home/pi/autocab/raspberryPI3/ros2_ws/build/imu_tools
[6.545s] Invoked command in '/home/pi/autocab/raspberryPI3/ros2_ws/build/imu_tools' returned '0': AMENT_PREFIX_PATH=/home/pi/autocab/raspberryPI3/ros2_ws/install/rviz_imu_plugin:/home/pi/autocab/raspberryPI3/ros2_ws/install/imu_filter_madgwick:/home/pi/autocab/raspberryPI3/ros2_ws/install/imu_complementary_filter:${AMENT_PREFIX_PATH} CMAKE_PREFIX_PATH=/home/pi/autocab/raspberryPI3/ros2_ws/install/rviz_imu_plugin:/home/pi/autocab/raspberryPI3/ros2_ws/install/imu_filter_madgwick:/home/pi/autocab/raspberryPI3/ros2_ws/install/imu_complementary_filter:/home/pi/ros2_ws/install/geicar_start:/home/pi/ros2_ws/install/system_check:/home/pi/ros2_ws/install/simulation:/home/pi/ros2_ws/install/imu_tools:/home/pi/ros2_ws/install/rviz_imu_plugin:/home/pi/ros2_ws/install/joystick:/home/pi/ros2_ws/install/car_control:/home/pi/ros2_ws/install/can:/home/pi/ros2_ws/install/interfaces:/home/pi/ros2_ws/install/imu_filter_madgwick:/home/pi/ros2_ws/install/imu_complementary_filter:/home/pi/ros2_ws/install/carla_msgs:/opt/ros/humble LD_LIBRARY_PATH=/home/pi/autocab/raspberryPI3/ros2_ws/install/rviz_imu_plugin/lib:/home/pi/autocab/raspberryPI3/ros2_ws/install/imu_filter_madgwick/lib:${LD_LIBRARY_PATH} /usr/bin/cmake /home/pi/autocab/raspberryPI3/ros2_ws/src/imu_tools/imu_tools -DCMAKE_INSTALL_PREFIX=/home/pi/autocab/raspberryPI3/ros2_ws/install/imu_tools
[6.548s] Invoking command in '/home/pi/autocab/raspberryPI3/ros2_ws/build/imu_tools': AMENT_PREFIX_PATH=/home/pi/autocab/raspberryPI3/ros2_ws/install/rviz_imu_plugin:/home/pi/autocab/raspberryPI3/ros2_ws/install/imu_filter_madgwick:/home/pi/autocab/raspberryPI3/ros2_ws/install/imu_complementary_filter:${AMENT_PREFIX_PATH} CMAKE_PREFIX_PATH=/home/pi/autocab/raspberryPI3/ros2_ws/install/rviz_imu_plugin:/home/pi/autocab/raspberryPI3/ros2_ws/install/imu_filter_madgwick:/home/pi/autocab/raspberryPI3/ros2_ws/install/imu_complementary_filter:/home/pi/ros2_ws/install/geicar_start:/home/pi/ros2_ws/install/system_check:/home/pi/ros2_ws/install/simulation:/home/pi/ros2_ws/install/imu_tools:/home/pi/ros2_ws/install/rviz_imu_plugin:/home/pi/ros2_ws/install/joystick:/home/pi/ros2_ws/install/car_control:/home/pi/ros2_ws/install/can:/home/pi/ros2_ws/install/interfaces:/home/pi/ros2_ws/install/imu_filter_madgwick:/home/pi/ros2_ws/install/imu_complementary_filter:/home/pi/ros2_ws/install/carla_msgs:/opt/ros/humble LD_LIBRARY_PATH=/home/pi/autocab/raspberryPI3/ros2_ws/install/rviz_imu_plugin/lib:/home/pi/autocab/raspberryPI3/ros2_ws/install/imu_filter_madgwick/lib:${LD_LIBRARY_PATH} /usr/bin/cmake --build /home/pi/autocab/raspberryPI3/ros2_ws/build/imu_tools -- -j4 -l4
[6.910s] Invoked command in '/home/pi/autocab/raspberryPI3/ros2_ws/build/imu_tools' returned '0': AMENT_PREFIX_PATH=/home/pi/autocab/raspberryPI3/ros2_ws/install/rviz_imu_plugin:/home/pi/autocab/raspberryPI3/ros2_ws/install/imu_filter_madgwick:/home/pi/autocab/raspberryPI3/ros2_ws/install/imu_complementary_filter:${AMENT_PREFIX_PATH} CMAKE_PREFIX_PATH=/home/pi/autocab/raspberryPI3/ros2_ws/install/rviz_imu_plugin:/home/pi/autocab/raspberryPI3/ros2_ws/install/imu_filter_madgwick:/home/pi/autocab/raspberryPI3/ros2_ws/install/imu_complementary_filter:/home/pi/ros2_ws/install/geicar_start:/home/pi/ros2_ws/install/system_check:/home/pi/ros2_ws/install/simulation:/home/pi/ros2_ws/install/imu_tools:/home/pi/ros2_ws/install/rviz_imu_plugin:/home/pi/ros2_ws/install/joystick:/home/pi/ros2_ws/install/car_control:/home/pi/ros2_ws/install/can:/home/pi/ros2_ws/install/interfaces:/home/pi/ros2_ws/install/imu_filter_madgwick:/home/pi/ros2_ws/install/imu_complementary_filter:/home/pi/ros2_ws/install/carla_msgs:/opt/ros/humble LD_LIBRARY_PATH=/home/pi/autocab/raspberryPI3/ros2_ws/install/rviz_imu_plugin/lib:/home/pi/autocab/raspberryPI3/ros2_ws/install/imu_filter_madgwick/lib:${LD_LIBRARY_PATH} /usr/bin/cmake --build /home/pi/autocab/raspberryPI3/ros2_ws/build/imu_tools -- -j4 -l4
[7.279s] Invoking command in '/home/pi/autocab/raspberryPI3/ros2_ws/build/imu_tools': AMENT_PREFIX_PATH=/home/pi/autocab/raspberryPI3/ros2_ws/install/rviz_imu_plugin:/home/pi/autocab/raspberryPI3/ros2_ws/install/imu_filter_madgwick:/home/pi/autocab/raspberryPI3/ros2_ws/install/imu_complementary_filter:${AMENT_PREFIX_PATH} CMAKE_PREFIX_PATH=/home/pi/autocab/raspberryPI3/ros2_ws/install/rviz_imu_plugin:/home/pi/autocab/raspberryPI3/ros2_ws/install/imu_filter_madgwick:/home/pi/autocab/raspberryPI3/ros2_ws/install/imu_complementary_filter:/home/pi/ros2_ws/install/geicar_start:/home/pi/ros2_ws/install/system_check:/home/pi/ros2_ws/install/simulation:/home/pi/ros2_ws/install/imu_tools:/home/pi/ros2_ws/install/rviz_imu_plugin:/home/pi/ros2_ws/install/joystick:/home/pi/ros2_ws/install/car_control:/home/pi/ros2_ws/install/can:/home/pi/ros2_ws/install/interfaces:/home/pi/ros2_ws/install/imu_filter_madgwick:/home/pi/ros2_ws/install/imu_complementary_filter:/home/pi/ros2_ws/install/carla_msgs:/opt/ros/humble LD_LIBRARY_PATH=/home/pi/autocab/raspberryPI3/ros2_ws/install/rviz_imu_plugin/lib:/home/pi/autocab/raspberryPI3/ros2_ws/install/imu_filter_madgwick/lib:${LD_LIBRARY_PATH} /usr/bin/cmake --install /home/pi/autocab/raspberryPI3/ros2_ws/build/imu_tools
[7.357s] -- Install configuration: ""
[7.359s] -- Up-to-date: /home/pi/autocab/raspberryPI3/ros2_ws/install/imu_tools/share/ament_index/resource_index/package_run_dependencies/imu_tools
[7.361s] -- Up-to-date: /home/pi/autocab/raspberryPI3/ros2_ws/install/imu_tools/share/ament_index/resource_index/parent_prefix_path/imu_tools
[7.363s] -- Up-to-date: /home/pi/autocab/raspberryPI3/ros2_ws/install/imu_tools/share/imu_tools/environment/ament_prefix_path.sh
[7.365s] -- Installing: /home/pi/autocab/raspberryPI3/ros2_ws/install/imu_tools/share/imu_tools/environment/ament_prefix_path.dsv
[7.368s] -- Up-to-date: /home/pi/autocab/raspberryPI3/ros2_ws/install/imu_tools/share/imu_tools/environment/path.sh
[7.370s] -- Installing: /home/pi/autocab/raspberryPI3/ros2_ws/install/imu_tools/share/imu_tools/environment/path.dsv
[7.373s] -- Up-to-date: /home/pi/autocab/raspberryPI3/ros2_ws/install/imu_tools/share/imu_tools/local_setup.bash
[7.374s] -- Up-to-date: /home/pi/autocab/raspberryPI3/ros2_ws/install/imu_tools/share/imu_tools/local_setup.sh
[7.376s] -- Up-to-date: /home/pi/autocab/raspberryPI3/ros2_ws/install/imu_tools/share/imu_tools/local_setup.zsh
[7.378s] -- Installing: /home/pi/autocab/raspberryPI3/ros2_ws/install/imu_tools/share/imu_tools/local_setup.dsv
[7.381s] -- Installing: /home/pi/autocab/raspberryPI3/ros2_ws/install/imu_tools/share/imu_tools/package.dsv
[7.384s] -- Up-to-date: /home/pi/autocab/raspberryPI3/ros2_ws/install/imu_tools/share/ament_index/resource_index/packages/imu_tools
[7.386s] -- Up-to-date: /home/pi/autocab/raspberryPI3/ros2_ws/install/imu_tools/share/imu_tools/cmake/imu_toolsConfig.cmake
[7.387s] -- Up-to-date: /home/pi/autocab/raspberryPI3/ros2_ws/install/imu_tools/share/imu_tools/cmake/imu_toolsConfig-version.cmake
[7.389s] -- Up-to-date: /home/pi/autocab/raspberryPI3/ros2_ws/install/imu_tools/share/imu_tools/package.xml
[7.410s] Invoked command in '/home/pi/autocab/raspberryPI3/ros2_ws/build/imu_tools' returned '0': AMENT_PREFIX_PATH=/home/pi/autocab/raspberryPI3/ros2_ws/install/rviz_imu_plugin:/home/pi/autocab/raspberryPI3/ros2_ws/install/imu_filter_madgwick:/home/pi/autocab/raspberryPI3/ros2_ws/install/imu_complementary_filter:${AMENT_PREFIX_PATH} CMAKE_PREFIX_PATH=/home/pi/autocab/raspberryPI3/ros2_ws/install/rviz_imu_plugin:/home/pi/autocab/raspberryPI3/ros2_ws/install/imu_filter_madgwick:/home/pi/autocab/raspberryPI3/ros2_ws/install/imu_complementary_filter:/home/pi/ros2_ws/install/geicar_start:/home/pi/ros2_ws/install/system_check:/home/pi/ros2_ws/install/simulation:/home/pi/ros2_ws/install/imu_tools:/home/pi/ros2_ws/install/rviz_imu_plugin:/home/pi/ros2_ws/install/joystick:/home/pi/ros2_ws/install/car_control:/home/pi/ros2_ws/install/can:/home/pi/ros2_ws/install/interfaces:/home/pi/ros2_ws/install/imu_filter_madgwick:/home/pi/ros2_ws/install/imu_complementary_filter:/home/pi/ros2_ws/install/carla_msgs:/opt/ros/humble LD_LIBRARY_PATH=/home/pi/autocab/raspberryPI3/ros2_ws/install/rviz_imu_plugin/lib:/home/pi/autocab/raspberryPI3/ros2_ws/install/imu_filter_madgwick/lib:${LD_LIBRARY_PATH} /usr/bin/cmake --install /home/pi/autocab/raspberryPI3/ros2_ws/build/imu_tools
