[0.270s] Invoking command in '/home/pi/autocab/raspberryPI3/ros2_ws/build/can': AMENT_PREFIX_PATH=/home/pi/autocab/raspberryPI3/ros2_ws/install/interfaces:${AMENT_PREFIX_PATH} CMAKE_PREFIX_PATH=/home/pi/autocab/raspberryPI3/ros2_ws/install/interfaces:/home/pi/ros2_ws/install/geicar_start:/home/pi/ros2_ws/install/system_check:/home/pi/ros2_ws/install/simulation:/home/pi/ros2_ws/install/imu_tools:/home/pi/ros2_ws/install/rviz_imu_plugin:/home/pi/ros2_ws/install/joystick:/home/pi/ros2_ws/install/car_control:/home/pi/ros2_ws/install/can:/home/pi/ros2_ws/install/interfaces:/home/pi/ros2_ws/install/imu_filter_madgwick:/home/pi/ros2_ws/install/imu_complementary_filter:/home/pi/ros2_ws/install/carla_msgs:/opt/ros/humble LD_LIBRARY_PATH=/home/pi/autocab/raspberryPI3/ros2_ws/install/interfaces/lib:${LD_LIBRARY_PATH} PYTHONPATH=/home/pi/autocab/raspberryPI3/ros2_ws/install/interfaces/local/lib/python3.10/dist-packages:${PYTHONPATH} /usr/bin/cmake --build /home/pi/autocab/raspberryPI3/ros2_ws/build/can -- -j4 -l4
[0.659s] -- Found ament_cmake: 1.3.2 (/opt/ros/humble/share/ament_cmake/cmake)
[3.045s] -- Found rclcpp: 16.0.1 (/opt/ros/humble/share/rclcpp/cmake)
[3.650s] -- Found rosidl_generator_c: 3.1.3 (/opt/ros/humble/share/rosidl_generator_c/cmake)
[3.689s] -- Found rosidl_adapter: 3.1.3 (/opt/ros/humble/share/rosidl_adapter/cmake)
[3.779s] -- Found rosidl_generator_cpp: 3.1.3 (/opt/ros/humble/share/rosidl_generator_cpp/cmake)
[3.934s] -- Using all available rosidl_typesupport_c: rosidl_typesupport_fastrtps_c;rosidl_typesupport_introspection_c
[4.198s] -- Using all available rosidl_typesupport_cpp: rosidl_typesupport_fastrtps_cpp;rosidl_typesupport_introspection_cpp
[5.043s] -- Found rmw_implementation_cmake: 6.1.0 (/opt/ros/humble/share/rmw_implementation_cmake/cmake)
[5.069s] -- Found rmw_fastrtps_cpp: 6.2.1 (/opt/ros/humble/share/rmw_fastrtps_cpp/cmake)
[8.694s] -- Using RMW implementation 'rmw_fastrtps_cpp' as default
[12.067s] -- Found sensor_msgs: 4.2.2 (/opt/ros/humble/share/sensor_msgs/cmake)
[14.320s] -- Found interfaces: 0.0.0 (/home/pi/autocab/raspberryPI3/ros2_ws/install/interfaces/share/interfaces/cmake)
[14.634s] -- Found ament_lint_auto: 0.12.4 (/opt/ros/humble/share/ament_lint_auto/cmake)
[15.789s] -- Added test 'cppcheck' to perform static code analysis on C / C++ code
[15.796s] -- Configured cppcheck include dirs: $<BUILD_INTERFACE:/home/pi/autocab/raspberryPI3/ros2_ws/src/can/include>
[15.797s] -- Configured cppcheck exclude dirs and/or files: 
[15.806s] -- Added test 'lint_cmake' to check CMake code style
[15.834s] -- Added test 'uncrustify' to check C / C++ code style
[15.835s] -- Configured uncrustify additional arguments: 
[15.841s] -- Added test 'xmllint' to check XML markup files
[15.854s] -- Configuring done
[16.112s] -- Generating done
[16.143s] -- Build files have been written to: /home/pi/autocab/raspberryPI3/ros2_ws/build/can
[16.805s] [ 25%] [32mBuilding CXX object CMakeFiles/can_rx_node.dir/src/can_rx_node.cpp.o[0m
[115.405s] [ 50%] [32m[1mLinking CXX executable can_rx_node[0m
[120.055s] [ 50%] Built target can_rx_node
[120.377s] [ 75%] [32mBuilding CXX object CMakeFiles/can_tx_node.dir/src/can_tx_node.cpp.o[0m
[293.513s] [100%] [32m[1mLinking CXX executable can_tx_node[0m
[302.586s] [100%] Built target can_tx_node
[302.728s] Invoked command in '/home/pi/autocab/raspberryPI3/ros2_ws/build/can' returned '0': AMENT_PREFIX_PATH=/home/pi/autocab/raspberryPI3/ros2_ws/install/interfaces:${AMENT_PREFIX_PATH} CMAKE_PREFIX_PATH=/home/pi/autocab/raspberryPI3/ros2_ws/install/interfaces:/home/pi/ros2_ws/install/geicar_start:/home/pi/ros2_ws/install/system_check:/home/pi/ros2_ws/install/simulation:/home/pi/ros2_ws/install/imu_tools:/home/pi/ros2_ws/install/rviz_imu_plugin:/home/pi/ros2_ws/install/joystick:/home/pi/ros2_ws/install/car_control:/home/pi/ros2_ws/install/can:/home/pi/ros2_ws/install/interfaces:/home/pi/ros2_ws/install/imu_filter_madgwick:/home/pi/ros2_ws/install/imu_complementary_filter:/home/pi/ros2_ws/install/carla_msgs:/opt/ros/humble LD_LIBRARY_PATH=/home/pi/autocab/raspberryPI3/ros2_ws/install/interfaces/lib:${LD_LIBRARY_PATH} PYTHONPATH=/home/pi/autocab/raspberryPI3/ros2_ws/install/interfaces/local/lib/python3.10/dist-packages:${PYTHONPATH} /usr/bin/cmake --build /home/pi/autocab/raspberryPI3/ros2_ws/build/can -- -j4 -l4
[303.229s] Invoking command in '/home/pi/autocab/raspberryPI3/ros2_ws/build/can': AMENT_PREFIX_PATH=/home/pi/autocab/raspberryPI3/ros2_ws/install/interfaces:${AMENT_PREFIX_PATH} CMAKE_PREFIX_PATH=/home/pi/autocab/raspberryPI3/ros2_ws/install/interfaces:/home/pi/ros2_ws/install/geicar_start:/home/pi/ros2_ws/install/system_check:/home/pi/ros2_ws/install/simulation:/home/pi/ros2_ws/install/imu_tools:/home/pi/ros2_ws/install/rviz_imu_plugin:/home/pi/ros2_ws/install/joystick:/home/pi/ros2_ws/install/car_control:/home/pi/ros2_ws/install/can:/home/pi/ros2_ws/install/interfaces:/home/pi/ros2_ws/install/imu_filter_madgwick:/home/pi/ros2_ws/install/imu_complementary_filter:/home/pi/ros2_ws/install/carla_msgs:/opt/ros/humble LD_LIBRARY_PATH=/home/pi/autocab/raspberryPI3/ros2_ws/install/interfaces/lib:${LD_LIBRARY_PATH} PYTHONPATH=/home/pi/autocab/raspberryPI3/ros2_ws/install/interfaces/local/lib/python3.10/dist-packages:${PYTHONPATH} /usr/bin/cmake --install /home/pi/autocab/raspberryPI3/ros2_ws/build/can
[303.368s] -- Install configuration: ""
[303.376s] -- Installing: /home/pi/autocab/raspberryPI3/ros2_ws/install/can/lib/can/can_rx_node
[303.438s] -- Set runtime path of "/home/pi/autocab/raspberryPI3/ros2_ws/install/can/lib/can/can_rx_node" to ""
[303.445s] -- Installing: /home/pi/autocab/raspberryPI3/ros2_ws/install/can/lib/can/can_tx_node
[303.622s] -- Set runtime path of "/home/pi/autocab/raspberryPI3/ros2_ws/install/can/lib/can/can_tx_node" to ""
[303.625s] -- Installing: /home/pi/autocab/raspberryPI3/ros2_ws/install/can/share/ament_index/resource_index/package_run_dependencies/can
[303.633s] -- Installing: /home/pi/autocab/raspberryPI3/ros2_ws/install/can/share/ament_index/resource_index/parent_prefix_path/can
[303.639s] -- Installing: /home/pi/autocab/raspberryPI3/ros2_ws/install/can/share/can/environment/ament_prefix_path.sh
[303.646s] -- Installing: /home/pi/autocab/raspberryPI3/ros2_ws/install/can/share/can/environment/ament_prefix_path.dsv
[303.656s] -- Installing: /home/pi/autocab/raspberryPI3/ros2_ws/install/can/share/can/environment/path.sh
[303.663s] -- Installing: /home/pi/autocab/raspberryPI3/ros2_ws/install/can/share/can/environment/path.dsv
[303.670s] -- Installing: /home/pi/autocab/raspberryPI3/ros2_ws/install/can/share/can/local_setup.bash
[303.676s] -- Installing: /home/pi/autocab/raspberryPI3/ros2_ws/install/can/share/can/local_setup.sh
[303.683s] -- Installing: /home/pi/autocab/raspberryPI3/ros2_ws/install/can/share/can/local_setup.zsh
[303.689s] -- Installing: /home/pi/autocab/raspberryPI3/ros2_ws/install/can/share/can/local_setup.dsv
[303.696s] -- Installing: /home/pi/autocab/raspberryPI3/ros2_ws/install/can/share/can/package.dsv
[303.703s] -- Installing: /home/pi/autocab/raspberryPI3/ros2_ws/install/can/share/ament_index/resource_index/packages/can
[303.710s] -- Installing: /home/pi/autocab/raspberryPI3/ros2_ws/install/can/share/can/cmake/canConfig.cmake
[303.716s] -- Installing: /home/pi/autocab/raspberryPI3/ros2_ws/install/can/share/can/cmake/canConfig-version.cmake
[303.722s] -- Installing: /home/pi/autocab/raspberryPI3/ros2_ws/install/can/share/can/package.xml
[303.751s] Invoked command in '/home/pi/autocab/raspberryPI3/ros2_ws/build/can' returned '0': AMENT_PREFIX_PATH=/home/pi/autocab/raspberryPI3/ros2_ws/install/interfaces:${AMENT_PREFIX_PATH} CMAKE_PREFIX_PATH=/home/pi/autocab/raspberryPI3/ros2_ws/install/interfaces:/home/pi/ros2_ws/install/geicar_start:/home/pi/ros2_ws/install/system_check:/home/pi/ros2_ws/install/simulation:/home/pi/ros2_ws/install/imu_tools:/home/pi/ros2_ws/install/rviz_imu_plugin:/home/pi/ros2_ws/install/joystick:/home/pi/ros2_ws/install/car_control:/home/pi/ros2_ws/install/can:/home/pi/ros2_ws/install/interfaces:/home/pi/ros2_ws/install/imu_filter_madgwick:/home/pi/ros2_ws/install/imu_complementary_filter:/home/pi/ros2_ws/install/carla_msgs:/opt/ros/humble LD_LIBRARY_PATH=/home/pi/autocab/raspberryPI3/ros2_ws/install/interfaces/lib:${LD_LIBRARY_PATH} PYTHONPATH=/home/pi/autocab/raspberryPI3/ros2_ws/install/interfaces/local/lib/python3.10/dist-packages:${PYTHONPATH} /usr/bin/cmake --install /home/pi/autocab/raspberryPI3/ros2_ws/build/can
