[0.139s] Invoking command in '/home/pi/autocab/raspberryPI3/ros2_ws/build/imu_filter_madgwick': CMAKE_PREFIX_PATH=${CMAKE_PREFIX_PATH}:/opt/ros/humble /usr/bin/cmake /home/pi/autocab/raspberryPI3/ros2_ws/src/imu_tools/imu_filter_madgwick -DCMAKE_INSTALL_PREFIX=/home/pi/autocab/raspberryPI3/ros2_ws/install/imu_filter_madgwick
[2.165s] -- The C compiler identification is GNU 11.4.0
[3.598s] -- The CXX compiler identification is GNU 11.4.0
[3.699s] -- Detecting C compiler ABI info
[4.622s] -- Detecting C compiler ABI info - done
[4.693s] -- Check for working C compiler: /usr/bin/cc - skipped
[4.700s] -- Detecting C compile features
[4.707s] -- Detecting C compile features - done
[4.744s] -- Detecting CXX compiler ABI info
[5.783s] -- Detecting CXX compiler ABI info - done
[5.871s] -- Check for working CXX compiler: /usr/bin/c++ - skipped
[5.876s] -- Detecting CXX compile features
[5.883s] -- Detecting CXX compile features - done
[5.985s] -- Found ament_cmake: 1.3.2 (/opt/ros/humble/share/ament_cmake/cmake)
[8.640s] -- Found Python3: /usr/bin/python3.10 (found version "3.10.12") found components: Interpreter 
[10.780s] -- Found rclcpp: 16.0.1 (/opt/ros/humble/share/rclcpp/cmake)
[12.351s] -- Found rosidl_generator_c: 3.1.3 (/opt/ros/humble/share/rosidl_generator_c/cmake)
[12.544s] -- Found rosidl_adapter: 3.1.3 (/opt/ros/humble/share/rosidl_adapter/cmake)
[12.781s] -- Found rosidl_generator_cpp: 3.1.3 (/opt/ros/humble/share/rosidl_generator_cpp/cmake)
[13.086s] -- Using all available rosidl_typesupport_c: rosidl_typesupport_fastrtps_c;rosidl_typesupport_introspection_c
[13.359s] -- Using all available rosidl_typesupport_cpp: rosidl_typesupport_fastrtps_cpp;rosidl_typesupport_introspection_cpp
[14.741s] -- Found rmw_implementation_cmake: 6.1.0 (/opt/ros/humble/share/rmw_implementation_cmake/cmake)
[14.854s] -- Found rmw_fastrtps_cpp: 6.2.1 (/opt/ros/humble/share/rmw_fastrtps_cpp/cmake)
[16.713s] -- Found OpenSSL: /usr/lib/aarch64-linux-gnu/libcrypto.so (found version "3.0.2")  
[17.263s] -- Found FastRTPS: /opt/ros/humble/include  
[18.351s] -- Using RMW implementation 'rmw_fastrtps_cpp' as default
[20.406s] -- Found rclcpp_components: 16.0.1 (/opt/ros/humble/share/rclcpp_components/cmake)
[21.731s] -- Found geometry_msgs: 4.2.2 (/opt/ros/humble/share/geometry_msgs/cmake)
[22.360s] -- Found tf2_geometry_msgs: 0.25.0 (/opt/ros/humble/share/tf2_geometry_msgs/cmake)
[26.809s] -- Found sensor_msgs: 4.2.2 (/opt/ros/humble/share/sensor_msgs/cmake)
[27.796s] -- Found ament_cmake_gtest: 1.3.2 (/opt/ros/humble/share/ament_cmake_gtest/cmake)
[27.925s] -- Found gtest sources under '/opt/ros/humble/src/gtest_vendor': C++ tests using 'Google Test' will be built
[27.970s] -- Looking for pthread.h
[29.092s] -- Looking for pthread.h - found
[29.100s] -- Performing Test CMAKE_HAVE_LIBC_PTHREAD
[30.293s] -- Performing Test CMAKE_HAVE_LIBC_PTHREAD - Success
[30.298s] -- Found Threads: TRUE  
[31.190s] -- Configuring done
[31.687s] -- Generating done
[31.725s] -- Build files have been written to: /home/pi/autocab/raspberryPI3/ros2_ws/build/imu_filter_madgwick
[31.857s] Invoked command in '/home/pi/autocab/raspberryPI3/ros2_ws/build/imu_filter_madgwick' returned '0': CMAKE_PREFIX_PATH=${CMAKE_PREFIX_PATH}:/opt/ros/humble /usr/bin/cmake /home/pi/autocab/raspberryPI3/ros2_ws/src/imu_tools/imu_filter_madgwick -DCMAKE_INSTALL_PREFIX=/home/pi/autocab/raspberryPI3/ros2_ws/install/imu_filter_madgwick
[31.861s] Invoking command in '/home/pi/autocab/raspberryPI3/ros2_ws/build/imu_filter_madgwick': CMAKE_PREFIX_PATH=${CMAKE_PREFIX_PATH}:/opt/ros/humble /usr/bin/cmake --build /home/pi/autocab/raspberryPI3/ros2_ws/build/imu_filter_madgwick -- -j4 -l4
[32.686s] [  7%] [32mBuilding CXX object CMakeFiles/imu_filter_madgwick.dir/src/imu_filter_ros.cpp.o[0m
[32.737s] [ 14%] [32mBuilding CXX object CMakeFiles/imu_filter_madgwick.dir/src/imu_filter.cpp.o[0m
[32.765s] [ 21%] [32mBuilding CXX object gtest/CMakeFiles/gtest.dir/src/gtest-all.cc.o[0m
[32.884s] [ 28%] [32mBuilding CXX object gtest/CMakeFiles/gtest_main.dir/src/gtest_main.cc.o[0m
[53.882s] [ 35%] [32m[1mLinking CXX static library libgtest_main.a[0m
[54.632s] [ 35%] Built target gtest_main
[81.687s] [ 42%] [32m[1mLinking CXX static library libgtest.a[0m
[82.717s] [ 42%] Built target gtest
[230.977s] [ 50%] [32mBuilding CXX object CMakeFiles/imu_filter_madgwick.dir/src/stateless_orientation.cpp.o[0m
[257.698s] [ 57%] [32m[1mLinking CXX shared library libimu_filter_madgwick.so[0m
[265.145s] [ 57%] Built target imu_filter_madgwick
[265.287s] [ 64%] [32mBuilding CXX object CMakeFiles/imu_filter_madgwick_node.dir/src/imu_filter_node.cpp.o[0m
[305.960s] [ 71%] [32m[1mLinking CXX executable imu_filter_madgwick_node[0m
[311.969s] [ 71%] Built target imu_filter_madgwick_node
[312.487s] [ 78%] [32mBuilding CXX object test/CMakeFiles/stateless_orientation_test.dir/stateless_orientation_test.cpp.o[0m
[342.884s] [ 85%] [32m[1mLinking CXX executable stateless_orientation_test[0m
[347.787s] [ 85%] Built target stateless_orientation_test
[347.884s] [ 92%] [32mBuilding CXX object test/CMakeFiles/madgwick_test.dir/madgwick_test.cpp.o[0m
[362.233s] [100%] [32m[1mLinking CXX executable madgwick_test[0m
[367.694s] [100%] Built target madgwick_test
[367.746s] Invoked command in '/home/pi/autocab/raspberryPI3/ros2_ws/build/imu_filter_madgwick' returned '0': CMAKE_PREFIX_PATH=${CMAKE_PREFIX_PATH}:/opt/ros/humble /usr/bin/cmake --build /home/pi/autocab/raspberryPI3/ros2_ws/build/imu_filter_madgwick -- -j4 -l4
[368.254s] Invoking command in '/home/pi/autocab/raspberryPI3/ros2_ws/build/imu_filter_madgwick': CMAKE_PREFIX_PATH=${CMAKE_PREFIX_PATH}:/opt/ros/humble /usr/bin/cmake --install /home/pi/autocab/raspberryPI3/ros2_ws/build/imu_filter_madgwick
[368.352s] -- Install configuration: ""
[368.357s] -- Installing: /home/pi/autocab/raspberryPI3/ros2_ws/install/imu_filter_madgwick/lib/libimu_filter_madgwick.so
[368.687s] -- Set runtime path of "/home/pi/autocab/raspberryPI3/ros2_ws/install/imu_filter_madgwick/lib/libimu_filter_madgwick.so" to ""
[368.690s] -- Installing: /home/pi/autocab/raspberryPI3/ros2_ws/install/imu_filter_madgwick/include
[368.693s] -- Installing: /home/pi/autocab/raspberryPI3/ros2_ws/install/imu_filter_madgwick/include/imu_filter_madgwick
[368.697s] -- Installing: /home/pi/autocab/raspberryPI3/ros2_ws/install/imu_filter_madgwick/include/imu_filter_madgwick/imu_filter.h
[368.703s] -- Installing: /home/pi/autocab/raspberryPI3/ros2_ws/install/imu_filter_madgwick/include/imu_filter_madgwick/stateless_orientation.h
[368.708s] -- Installing: /home/pi/autocab/raspberryPI3/ros2_ws/install/imu_filter_madgwick/include/imu_filter_madgwick/base_node.hpp
[368.714s] -- Installing: /home/pi/autocab/raspberryPI3/ros2_ws/install/imu_filter_madgwick/include/imu_filter_madgwick/imu_filter_ros.h
[368.719s] -- Installing: /home/pi/autocab/raspberryPI3/ros2_ws/install/imu_filter_madgwick/include/imu_filter_madgwick/visibility_control.h
[368.724s] -- Installing: /home/pi/autocab/raspberryPI3/ros2_ws/install/imu_filter_madgwick/include/imu_filter_madgwick/world_frame.h
[368.731s] -- Installing: /home/pi/autocab/raspberryPI3/ros2_ws/install/imu_filter_madgwick/lib/imu_filter_madgwick/imu_filter_madgwick_node
[368.745s] -- Set runtime path of "/home/pi/autocab/raspberryPI3/ros2_ws/install/imu_filter_madgwick/lib/imu_filter_madgwick/imu_filter_madgwick_node" to ""
[368.748s] -- Installing: /home/pi/autocab/raspberryPI3/ros2_ws/install/imu_filter_madgwick/share/imu_filter_madgwick/launch
[368.753s] -- Installing: /home/pi/autocab/raspberryPI3/ros2_ws/install/imu_filter_madgwick/share/imu_filter_madgwick/launch/imu_filter_component.launch.py
[368.759s] -- Installing: /home/pi/autocab/raspberryPI3/ros2_ws/install/imu_filter_madgwick/share/imu_filter_madgwick/launch/imu_filter.launch.py
[368.765s] -- Installing: /home/pi/autocab/raspberryPI3/ros2_ws/install/imu_filter_madgwick/share/imu_filter_madgwick/config
[368.770s] -- Installing: /home/pi/autocab/raspberryPI3/ros2_ws/install/imu_filter_madgwick/share/imu_filter_madgwick/config/imu_filter.yaml
[368.778s] -- Installing: /home/pi/autocab/raspberryPI3/ros2_ws/install/imu_filter_madgwick/share/imu_filter_madgwick/environment/library_path.sh
[368.784s] -- Installing: /home/pi/autocab/raspberryPI3/ros2_ws/install/imu_filter_madgwick/share/imu_filter_madgwick/environment/library_path.dsv
[368.791s] -- Installing: /home/pi/autocab/raspberryPI3/ros2_ws/install/imu_filter_madgwick/share/ament_index/resource_index/package_run_dependencies/imu_filter_madgwick
[368.798s] -- Installing: /home/pi/autocab/raspberryPI3/ros2_ws/install/imu_filter_madgwick/share/ament_index/resource_index/parent_prefix_path/imu_filter_madgwick
[368.804s] -- Installing: /home/pi/autocab/raspberryPI3/ros2_ws/install/imu_filter_madgwick/share/imu_filter_madgwick/environment/ament_prefix_path.sh
[368.810s] -- Installing: /home/pi/autocab/raspberryPI3/ros2_ws/install/imu_filter_madgwick/share/imu_filter_madgwick/environment/ament_prefix_path.dsv
[368.816s] -- Installing: /home/pi/autocab/raspberryPI3/ros2_ws/install/imu_filter_madgwick/share/imu_filter_madgwick/environment/path.sh
[368.821s] -- Installing: /home/pi/autocab/raspberryPI3/ros2_ws/install/imu_filter_madgwick/share/imu_filter_madgwick/environment/path.dsv
[368.827s] -- Installing: /home/pi/autocab/raspberryPI3/ros2_ws/install/imu_filter_madgwick/share/imu_filter_madgwick/local_setup.bash
[368.833s] -- Installing: /home/pi/autocab/raspberryPI3/ros2_ws/install/imu_filter_madgwick/share/imu_filter_madgwick/local_setup.sh
[368.839s] -- Installing: /home/pi/autocab/raspberryPI3/ros2_ws/install/imu_filter_madgwick/share/imu_filter_madgwick/local_setup.zsh
[368.846s] -- Installing: /home/pi/autocab/raspberryPI3/ros2_ws/install/imu_filter_madgwick/share/imu_filter_madgwick/local_setup.dsv
[368.851s] -- Installing: /home/pi/autocab/raspberryPI3/ros2_ws/install/imu_filter_madgwick/share/imu_filter_madgwick/package.dsv
[368.858s] -- Installing: /home/pi/autocab/raspberryPI3/ros2_ws/install/imu_filter_madgwick/share/ament_index/resource_index/packages/imu_filter_madgwick
[368.865s] -- Installing: /home/pi/autocab/raspberryPI3/ros2_ws/install/imu_filter_madgwick/share/ament_index/resource_index/rclcpp_components/imu_filter_madgwick
[368.872s] -- Installing: /home/pi/autocab/raspberryPI3/ros2_ws/install/imu_filter_madgwick/share/imu_filter_madgwick/cmake/ament_cmake_export_include_directories-extras.cmake
[368.879s] -- Installing: /home/pi/autocab/raspberryPI3/ros2_ws/install/imu_filter_madgwick/share/imu_filter_madgwick/cmake/ament_cmake_export_libraries-extras.cmake
[368.885s] -- Installing: /home/pi/autocab/raspberryPI3/ros2_ws/install/imu_filter_madgwick/share/imu_filter_madgwick/cmake/imu_filter_madgwickConfig.cmake
[368.890s] -- Installing: /home/pi/autocab/raspberryPI3/ros2_ws/install/imu_filter_madgwick/share/imu_filter_madgwick/cmake/imu_filter_madgwickConfig-version.cmake
[368.896s] -- Installing: /home/pi/autocab/raspberryPI3/ros2_ws/install/imu_filter_madgwick/share/imu_filter_madgwick/package.xml
[368.929s] Invoked command in '/home/pi/autocab/raspberryPI3/ros2_ws/build/imu_filter_madgwick' returned '0': CMAKE_PREFIX_PATH=${CMAKE_PREFIX_PATH}:/opt/ros/humble /usr/bin/cmake --install /home/pi/autocab/raspberryPI3/ros2_ws/build/imu_filter_madgwick
