[0.380s] Invoking command in '/home/pi/autocab/raspberryPI3/ros2_ws/build/can': CMAKE_PREFIX_PATH=/home/pi/autocab/raspberryPI3/ros2_ws/install/interfaces:/home/pi/autocab/raspberryPI3/ros2_ws/install/imu_complementary_filter:/home/pi/autocab/raspberryPI3/ros2_ws/install/geicar_start:/home/pi/autocab/raspberryPI3/ros2_ws/install/system_check:/home/pi/autocab/raspberryPI3/ros2_ws/install/simulation:/home/pi/autocab/raspberryPI3/ros2_ws/install/imu_tools:/home/pi/autocab/raspberryPI3/ros2_ws/install/rviz_imu_plugin:/home/pi/autocab/raspberryPI3/ros2_ws/install/joystick:/home/pi/autocab/raspberryPI3/ros2_ws/install/car_control:/home/pi/autocab/raspberryPI3/ros2_ws/install/can:/home/pi/autocab/raspberryPI3/ros2_ws/install/imu_filter_madgwick:/home/pi/autocab/raspberryPI3/ros2_ws/install/carla_msgs:/home/pi/ros2_ws/install/geicar_start:/home/pi/ros2_ws/install/system_check:/home/pi/ros2_ws/install/simulation:/home/pi/ros2_ws/install/imu_tools:/home/pi/ros2_ws/install/rviz_imu_plugin:/home/pi/ros2_ws/install/joystick:/home/pi/ros2_ws/install/car_control:/home/pi/ros2_ws/install/can:/home/pi/ros2_ws/install/interfaces:/home/pi/ros2_ws/install/imu_filter_madgwick:/home/pi/ros2_ws/install/imu_complementary_filter:/home/pi/ros2_ws/install/carla_msgs:/opt/ros/humble LD_LIBRARY_PATH=/home/pi/autocab/raspberryPI3/ros2_ws/install/interfaces/lib:/home/pi/autocab/raspberryPI3/ros2_ws/install/rviz_imu_plugin/lib:/home/pi/autocab/raspberryPI3/ros2_ws/install/imu_filter_madgwick/lib:/home/pi/autocab/raspberryPI3/ros2_ws/install/carla_msgs/lib:/home/pi/ros2_ws/install/rviz_imu_plugin/lib:/home/pi/ros2_ws/install/interfaces/lib:/home/pi/ros2_ws/install/imu_filter_madgwick/lib:/home/pi/ros2_ws/install/carla_msgs/lib:/opt/ros/humble/opt/rviz_ogre_vendor/lib:/opt/ros/humble/lib/aarch64-linux-gnu:/opt/ros/humble/lib /usr/bin/cmake /home/pi/autocab/raspberryPI3/ros2_ws/src/can -DCMAKE_INSTALL_PREFIX=/home/pi/autocab/raspberryPI3/ros2_ws/install/can
[1.199s] -- The C compiler identification is GNU 11.4.0
[1.869s] -- The CXX compiler identification is GNU 11.4.0
[1.965s] -- Detecting C compiler ABI info
[2.992s] -- Detecting C compiler ABI info - done
[3.087s] -- Check for working C compiler: /usr/bin/cc - skipped
[3.089s] -- Detecting C compile features
[3.094s] -- Detecting C compile features - done
[3.129s] -- Detecting CXX compiler ABI info
[4.227s] -- Detecting CXX compiler ABI info - done
[4.326s] -- Check for working CXX compiler: /usr/bin/c++ - skipped
[4.335s] -- Detecting CXX compile features
[4.336s] -- Detecting CXX compile features - done
[4.462s] -- Found ament_cmake: 1.3.2 (/opt/ros/humble/share/ament_cmake/cmake)
[7.392s] -- Found Python3: /usr/bin/python3.10 (found version "3.10.12") found components: Interpreter 
[9.761s] -- Found rclcpp: 16.0.1 (/opt/ros/humble/share/rclcpp/cmake)
[11.628s] -- Found rosidl_generator_c: 3.1.3 (/opt/ros/humble/share/rosidl_generator_c/cmake)
[11.732s] -- Found rosidl_adapter: 3.1.3 (/opt/ros/humble/share/rosidl_adapter/cmake)
[11.967s] -- Found rosidl_generator_cpp: 3.1.3 (/opt/ros/humble/share/rosidl_generator_cpp/cmake)
[12.329s] -- Using all available rosidl_typesupport_c: rosidl_typesupport_fastrtps_c;rosidl_typesupport_introspection_c
[12.856s] -- Using all available rosidl_typesupport_cpp: rosidl_typesupport_fastrtps_cpp;rosidl_typesupport_introspection_cpp
[14.409s] -- Found rmw_implementation_cmake: 6.1.0 (/opt/ros/humble/share/rmw_implementation_cmake/cmake)
[14.539s] -- Found rmw_fastrtps_cpp: 6.2.1 (/opt/ros/humble/share/rmw_fastrtps_cpp/cmake)
[16.480s] -- Found OpenSSL: /usr/lib/aarch64-linux-gnu/libcrypto.so (found version "3.0.2")  
[17.167s] -- Found FastRTPS: /opt/ros/humble/include  
[18.349s] -- Using RMW implementation 'rmw_fastrtps_cpp' as default
[20.526s] -- Found sensor_msgs: 4.2.2 (/opt/ros/humble/share/sensor_msgs/cmake)
[21.924s] -- Found interfaces: 0.0.0 (/home/pi/autocab/raspberryPI3/ros2_ws/install/interfaces/share/interfaces/cmake)
[22.312s] -- Found ament_lint_auto: 0.12.4 (/opt/ros/humble/share/ament_lint_auto/cmake)
[24.084s] -- Added test 'cppcheck' to perform static code analysis on C / C++ code
[24.087s] -- Configured cppcheck include dirs: $<BUILD_INTERFACE:/home/pi/autocab/raspberryPI3/ros2_ws/src/can/include>
[24.088s] -- Configured cppcheck exclude dirs and/or files: 
[24.112s] -- Added test 'lint_cmake' to check CMake code style
[24.152s] -- Added test 'uncrustify' to check C / C++ code style
[24.153s] -- Configured uncrustify additional arguments: 
[24.171s] -- Added test 'xmllint' to check XML markup files
[24.215s] -- Configuring done
[24.447s] -- Generating done
[24.469s] -- Build files have been written to: /home/pi/autocab/raspberryPI3/ros2_ws/build/can
[24.546s] Invoked command in '/home/pi/autocab/raspberryPI3/ros2_ws/build/can' returned '0': CMAKE_PREFIX_PATH=/home/pi/autocab/raspberryPI3/ros2_ws/install/interfaces:/home/pi/autocab/raspberryPI3/ros2_ws/install/imu_complementary_filter:/home/pi/autocab/raspberryPI3/ros2_ws/install/geicar_start:/home/pi/autocab/raspberryPI3/ros2_ws/install/system_check:/home/pi/autocab/raspberryPI3/ros2_ws/install/simulation:/home/pi/autocab/raspberryPI3/ros2_ws/install/imu_tools:/home/pi/autocab/raspberryPI3/ros2_ws/install/rviz_imu_plugin:/home/pi/autocab/raspberryPI3/ros2_ws/install/joystick:/home/pi/autocab/raspberryPI3/ros2_ws/install/car_control:/home/pi/autocab/raspberryPI3/ros2_ws/install/can:/home/pi/autocab/raspberryPI3/ros2_ws/install/imu_filter_madgwick:/home/pi/autocab/raspberryPI3/ros2_ws/install/carla_msgs:/home/pi/ros2_ws/install/geicar_start:/home/pi/ros2_ws/install/system_check:/home/pi/ros2_ws/install/simulation:/home/pi/ros2_ws/install/imu_tools:/home/pi/ros2_ws/install/rviz_imu_plugin:/home/pi/ros2_ws/install/joystick:/home/pi/ros2_ws/install/car_control:/home/pi/ros2_ws/install/can:/home/pi/ros2_ws/install/interfaces:/home/pi/ros2_ws/install/imu_filter_madgwick:/home/pi/ros2_ws/install/imu_complementary_filter:/home/pi/ros2_ws/install/carla_msgs:/opt/ros/humble LD_LIBRARY_PATH=/home/pi/autocab/raspberryPI3/ros2_ws/install/interfaces/lib:/home/pi/autocab/raspberryPI3/ros2_ws/install/rviz_imu_plugin/lib:/home/pi/autocab/raspberryPI3/ros2_ws/install/imu_filter_madgwick/lib:/home/pi/autocab/raspberryPI3/ros2_ws/install/carla_msgs/lib:/home/pi/ros2_ws/install/rviz_imu_plugin/lib:/home/pi/ros2_ws/install/interfaces/lib:/home/pi/ros2_ws/install/imu_filter_madgwick/lib:/home/pi/ros2_ws/install/carla_msgs/lib:/opt/ros/humble/opt/rviz_ogre_vendor/lib:/opt/ros/humble/lib/aarch64-linux-gnu:/opt/ros/humble/lib /usr/bin/cmake /home/pi/autocab/raspberryPI3/ros2_ws/src/can -DCMAKE_INSTALL_PREFIX=/home/pi/autocab/raspberryPI3/ros2_ws/install/can
[24.561s] Invoking command in '/home/pi/autocab/raspberryPI3/ros2_ws/build/can': CMAKE_PREFIX_PATH=/home/pi/autocab/raspberryPI3/ros2_ws/install/interfaces:/home/pi/autocab/raspberryPI3/ros2_ws/install/imu_complementary_filter:/home/pi/autocab/raspberryPI3/ros2_ws/install/geicar_start:/home/pi/autocab/raspberryPI3/ros2_ws/install/system_check:/home/pi/autocab/raspberryPI3/ros2_ws/install/simulation:/home/pi/autocab/raspberryPI3/ros2_ws/install/imu_tools:/home/pi/autocab/raspberryPI3/ros2_ws/install/rviz_imu_plugin:/home/pi/autocab/raspberryPI3/ros2_ws/install/joystick:/home/pi/autocab/raspberryPI3/ros2_ws/install/car_control:/home/pi/autocab/raspberryPI3/ros2_ws/install/can:/home/pi/autocab/raspberryPI3/ros2_ws/install/imu_filter_madgwick:/home/pi/autocab/raspberryPI3/ros2_ws/install/carla_msgs:/home/pi/ros2_ws/install/geicar_start:/home/pi/ros2_ws/install/system_check:/home/pi/ros2_ws/install/simulation:/home/pi/ros2_ws/install/imu_tools:/home/pi/ros2_ws/install/rviz_imu_plugin:/home/pi/ros2_ws/install/joystick:/home/pi/ros2_ws/install/car_control:/home/pi/ros2_ws/install/can:/home/pi/ros2_ws/install/interfaces:/home/pi/ros2_ws/install/imu_filter_madgwick:/home/pi/ros2_ws/install/imu_complementary_filter:/home/pi/ros2_ws/install/carla_msgs:/opt/ros/humble LD_LIBRARY_PATH=/home/pi/autocab/raspberryPI3/ros2_ws/install/interfaces/lib:/home/pi/autocab/raspberryPI3/ros2_ws/install/rviz_imu_plugin/lib:/home/pi/autocab/raspberryPI3/ros2_ws/install/imu_filter_madgwick/lib:/home/pi/autocab/raspberryPI3/ros2_ws/install/carla_msgs/lib:/home/pi/ros2_ws/install/rviz_imu_plugin/lib:/home/pi/ros2_ws/install/interfaces/lib:/home/pi/ros2_ws/install/imu_filter_madgwick/lib:/home/pi/ros2_ws/install/carla_msgs/lib:/opt/ros/humble/opt/rviz_ogre_vendor/lib:/opt/ros/humble/lib/aarch64-linux-gnu:/opt/ros/humble/lib /usr/bin/cmake --build /home/pi/autocab/raspberryPI3/ros2_ws/build/can -- -j4 -l4
[25.263s] [ 25%] [32mBuilding CXX object CMakeFiles/can_rx_node.dir/src/can_rx_node.cpp.o[0m
[108.448s] [ 50%] [32m[1mLinking CXX executable can_rx_node[0m
[112.385s] [ 50%] Built target can_rx_node
[112.728s] [ 75%] [32mBuilding CXX object CMakeFiles/can_tx_node.dir/src/can_tx_node.cpp.o[0m
[275.046s] [100%] [32m[1mLinking CXX executable can_tx_node[0m
[282.467s] [100%] Built target can_tx_node
[282.607s] Invoked command in '/home/pi/autocab/raspberryPI3/ros2_ws/build/can' returned '0': CMAKE_PREFIX_PATH=/home/pi/autocab/raspberryPI3/ros2_ws/install/interfaces:/home/pi/autocab/raspberryPI3/ros2_ws/install/imu_complementary_filter:/home/pi/autocab/raspberryPI3/ros2_ws/install/geicar_start:/home/pi/autocab/raspberryPI3/ros2_ws/install/system_check:/home/pi/autocab/raspberryPI3/ros2_ws/install/simulation:/home/pi/autocab/raspberryPI3/ros2_ws/install/imu_tools:/home/pi/autocab/raspberryPI3/ros2_ws/install/rviz_imu_plugin:/home/pi/autocab/raspberryPI3/ros2_ws/install/joystick:/home/pi/autocab/raspberryPI3/ros2_ws/install/car_control:/home/pi/autocab/raspberryPI3/ros2_ws/install/can:/home/pi/autocab/raspberryPI3/ros2_ws/install/imu_filter_madgwick:/home/pi/autocab/raspberryPI3/ros2_ws/install/carla_msgs:/home/pi/ros2_ws/install/geicar_start:/home/pi/ros2_ws/install/system_check:/home/pi/ros2_ws/install/simulation:/home/pi/ros2_ws/install/imu_tools:/home/pi/ros2_ws/install/rviz_imu_plugin:/home/pi/ros2_ws/install/joystick:/home/pi/ros2_ws/install/car_control:/home/pi/ros2_ws/install/can:/home/pi/ros2_ws/install/interfaces:/home/pi/ros2_ws/install/imu_filter_madgwick:/home/pi/ros2_ws/install/imu_complementary_filter:/home/pi/ros2_ws/install/carla_msgs:/opt/ros/humble LD_LIBRARY_PATH=/home/pi/autocab/raspberryPI3/ros2_ws/install/interfaces/lib:/home/pi/autocab/raspberryPI3/ros2_ws/install/rviz_imu_plugin/lib:/home/pi/autocab/raspberryPI3/ros2_ws/install/imu_filter_madgwick/lib:/home/pi/autocab/raspberryPI3/ros2_ws/install/carla_msgs/lib:/home/pi/ros2_ws/install/rviz_imu_plugin/lib:/home/pi/ros2_ws/install/interfaces/lib:/home/pi/ros2_ws/install/imu_filter_madgwick/lib:/home/pi/ros2_ws/install/carla_msgs/lib:/opt/ros/humble/opt/rviz_ogre_vendor/lib:/opt/ros/humble/lib/aarch64-linux-gnu:/opt/ros/humble/lib /usr/bin/cmake --build /home/pi/autocab/raspberryPI3/ros2_ws/build/can -- -j4 -l4
[283.184s] Invoking command in '/home/pi/autocab/raspberryPI3/ros2_ws/build/can': CMAKE_PREFIX_PATH=/home/pi/autocab/raspberryPI3/ros2_ws/install/interfaces:/home/pi/autocab/raspberryPI3/ros2_ws/install/imu_complementary_filter:/home/pi/autocab/raspberryPI3/ros2_ws/install/geicar_start:/home/pi/autocab/raspberryPI3/ros2_ws/install/system_check:/home/pi/autocab/raspberryPI3/ros2_ws/install/simulation:/home/pi/autocab/raspberryPI3/ros2_ws/install/imu_tools:/home/pi/autocab/raspberryPI3/ros2_ws/install/rviz_imu_plugin:/home/pi/autocab/raspberryPI3/ros2_ws/install/joystick:/home/pi/autocab/raspberryPI3/ros2_ws/install/car_control:/home/pi/autocab/raspberryPI3/ros2_ws/install/can:/home/pi/autocab/raspberryPI3/ros2_ws/install/imu_filter_madgwick:/home/pi/autocab/raspberryPI3/ros2_ws/install/carla_msgs:/home/pi/ros2_ws/install/geicar_start:/home/pi/ros2_ws/install/system_check:/home/pi/ros2_ws/install/simulation:/home/pi/ros2_ws/install/imu_tools:/home/pi/ros2_ws/install/rviz_imu_plugin:/home/pi/ros2_ws/install/joystick:/home/pi/ros2_ws/install/car_control:/home/pi/ros2_ws/install/can:/home/pi/ros2_ws/install/interfaces:/home/pi/ros2_ws/install/imu_filter_madgwick:/home/pi/ros2_ws/install/imu_complementary_filter:/home/pi/ros2_ws/install/carla_msgs:/opt/ros/humble LD_LIBRARY_PATH=/home/pi/autocab/raspberryPI3/ros2_ws/install/interfaces/lib:/home/pi/autocab/raspberryPI3/ros2_ws/install/rviz_imu_plugin/lib:/home/pi/autocab/raspberryPI3/ros2_ws/install/imu_filter_madgwick/lib:/home/pi/autocab/raspberryPI3/ros2_ws/install/carla_msgs/lib:/home/pi/ros2_ws/install/rviz_imu_plugin/lib:/home/pi/ros2_ws/install/interfaces/lib:/home/pi/ros2_ws/install/imu_filter_madgwick/lib:/home/pi/ros2_ws/install/carla_msgs/lib:/opt/ros/humble/opt/rviz_ogre_vendor/lib:/opt/ros/humble/lib/aarch64-linux-gnu:/opt/ros/humble/lib /usr/bin/cmake --install /home/pi/autocab/raspberryPI3/ros2_ws/build/can
[283.302s] -- Install configuration: ""
[283.308s] -- Installing: /home/pi/autocab/raspberryPI3/ros2_ws/install/can/lib/can/can_rx_node
[283.368s] -- Set runtime path of "/home/pi/autocab/raspberryPI3/ros2_ws/install/can/lib/can/can_rx_node" to ""
[283.373s] -- Installing: /home/pi/autocab/raspberryPI3/ros2_ws/install/can/lib/can/can_tx_node
[283.529s] -- Set runtime path of "/home/pi/autocab/raspberryPI3/ros2_ws/install/can/lib/can/can_tx_node" to ""
[283.534s] -- Installing: /home/pi/autocab/raspberryPI3/ros2_ws/install/can/share/ament_index/resource_index/package_run_dependencies/can
[283.541s] -- Installing: /home/pi/autocab/raspberryPI3/ros2_ws/install/can/share/ament_index/resource_index/parent_prefix_path/can
[283.549s] -- Installing: /home/pi/autocab/raspberryPI3/ros2_ws/install/can/share/can/environment/ament_prefix_path.sh
[283.554s] -- Installing: /home/pi/autocab/raspberryPI3/ros2_ws/install/can/share/can/environment/ament_prefix_path.dsv
[283.560s] -- Installing: /home/pi/autocab/raspberryPI3/ros2_ws/install/can/share/can/environment/path.sh
[283.565s] -- Installing: /home/pi/autocab/raspberryPI3/ros2_ws/install/can/share/can/environment/path.dsv
[283.572s] -- Installing: /home/pi/autocab/raspberryPI3/ros2_ws/install/can/share/can/local_setup.bash
[283.577s] -- Installing: /home/pi/autocab/raspberryPI3/ros2_ws/install/can/share/can/local_setup.sh
[283.583s] -- Installing: /home/pi/autocab/raspberryPI3/ros2_ws/install/can/share/can/local_setup.zsh
[283.589s] -- Installing: /home/pi/autocab/raspberryPI3/ros2_ws/install/can/share/can/local_setup.dsv
[283.594s] -- Installing: /home/pi/autocab/raspberryPI3/ros2_ws/install/can/share/can/package.dsv
[283.601s] -- Installing: /home/pi/autocab/raspberryPI3/ros2_ws/install/can/share/ament_index/resource_index/packages/can
[283.607s] -- Installing: /home/pi/autocab/raspberryPI3/ros2_ws/install/can/share/can/cmake/canConfig.cmake
[283.612s] -- Installing: /home/pi/autocab/raspberryPI3/ros2_ws/install/can/share/can/cmake/canConfig-version.cmake
[283.618s] -- Installing: /home/pi/autocab/raspberryPI3/ros2_ws/install/can/share/can/package.xml
[283.649s] Invoked command in '/home/pi/autocab/raspberryPI3/ros2_ws/build/can' returned '0': CMAKE_PREFIX_PATH=/home/pi/autocab/raspberryPI3/ros2_ws/install/interfaces:/home/pi/autocab/raspberryPI3/ros2_ws/install/imu_complementary_filter:/home/pi/autocab/raspberryPI3/ros2_ws/install/geicar_start:/home/pi/autocab/raspberryPI3/ros2_ws/install/system_check:/home/pi/autocab/raspberryPI3/ros2_ws/install/simulation:/home/pi/autocab/raspberryPI3/ros2_ws/install/imu_tools:/home/pi/autocab/raspberryPI3/ros2_ws/install/rviz_imu_plugin:/home/pi/autocab/raspberryPI3/ros2_ws/install/joystick:/home/pi/autocab/raspberryPI3/ros2_ws/install/car_control:/home/pi/autocab/raspberryPI3/ros2_ws/install/can:/home/pi/autocab/raspberryPI3/ros2_ws/install/imu_filter_madgwick:/home/pi/autocab/raspberryPI3/ros2_ws/install/carla_msgs:/home/pi/ros2_ws/install/geicar_start:/home/pi/ros2_ws/install/system_check:/home/pi/ros2_ws/install/simulation:/home/pi/ros2_ws/install/imu_tools:/home/pi/ros2_ws/install/rviz_imu_plugin:/home/pi/ros2_ws/install/joystick:/home/pi/ros2_ws/install/car_control:/home/pi/ros2_ws/install/can:/home/pi/ros2_ws/install/interfaces:/home/pi/ros2_ws/install/imu_filter_madgwick:/home/pi/ros2_ws/install/imu_complementary_filter:/home/pi/ros2_ws/install/carla_msgs:/opt/ros/humble LD_LIBRARY_PATH=/home/pi/autocab/raspberryPI3/ros2_ws/install/interfaces/lib:/home/pi/autocab/raspberryPI3/ros2_ws/install/rviz_imu_plugin/lib:/home/pi/autocab/raspberryPI3/ros2_ws/install/imu_filter_madgwick/lib:/home/pi/autocab/raspberryPI3/ros2_ws/install/carla_msgs/lib:/home/pi/ros2_ws/install/rviz_imu_plugin/lib:/home/pi/ros2_ws/install/interfaces/lib:/home/pi/ros2_ws/install/imu_filter_madgwick/lib:/home/pi/ros2_ws/install/carla_msgs/lib:/opt/ros/humble/opt/rviz_ogre_vendor/lib:/opt/ros/humble/lib/aarch64-linux-gnu:/opt/ros/humble/lib /usr/bin/cmake --install /home/pi/autocab/raspberryPI3/ros2_ws/build/can
