[0.088s] Invoking command in '/home/pi/autocab/raspberryPI3/ros2_ws/build/car_control': AMENT_PREFIX_PATH=/home/pi/autocab/raspberryPI3/ros2_ws/install/interfaces:${AMENT_PREFIX_PATH} CMAKE_PREFIX_PATH=/home/pi/autocab/raspberryPI3/ros2_ws/install/interfaces:/home/pi/ros2_ws/install/geicar_start:/home/pi/ros2_ws/install/system_check:/home/pi/ros2_ws/install/simulation:/home/pi/ros2_ws/install/imu_tools:/home/pi/ros2_ws/install/rviz_imu_plugin:/home/pi/ros2_ws/install/joystick:/home/pi/ros2_ws/install/car_control:/home/pi/ros2_ws/install/can:/home/pi/ros2_ws/install/interfaces:/home/pi/ros2_ws/install/imu_filter_madgwick:/home/pi/ros2_ws/install/imu_complementary_filter:/home/pi/ros2_ws/install/carla_msgs:/opt/ros/humble LD_LIBRARY_PATH=/home/pi/autocab/raspberryPI3/ros2_ws/install/interfaces/lib:${LD_LIBRARY_PATH} PYTHONPATH=/home/pi/autocab/raspberryPI3/ros2_ws/install/interfaces/local/lib/python3.10/dist-packages:${PYTHONPATH} /usr/bin/cmake --build /home/pi/autocab/raspberryPI3/ros2_ws/build/car_control -- -j4 -l4
[0.289s] [35m[1mConsolidate compiler generated dependencies of target car_control_node[0m
[0.413s] [ 20%] [32mBuilding CXX object CMakeFiles/car_control_node.dir/src/car_control_node.cpp.o[0m
[0.417s] [ 40%] [32mBuilding CXX object CMakeFiles/car_control_node.dir/src/fromAtoB.cpp.o[0m
[12.657s] [01m[K/home/pi/autocab/raspberryPI3/ros2_ws/src/car_control/src/car_control_node.cpp:[m[K In member function ‘[01m[Kvoid car_control::updateCmd()[m[K’:
[12.658s] [01m[K/home/pi/autocab/raspberryPI3/ros2_ws/src/car_control/src/car_control_node.cpp:191:46:[m[K [01;31m[Kerror: [m[K‘[01m[Kclass std::vector<char>[m[K’ has no member named ‘[01m[Kpop_heap[m[K’
[12.658s]   191 |                         pathToDeparturePoint.[01;31m[Kpop_heap[m[K ;
[12.659s]       |                                              [01;31m[K^~~~~~~~[m[K
[12.660s] [01m[K/home/pi/autocab/raspberryPI3/ros2_ws/src/car_control/src/car_control_node.cpp:196:42:[m[K [01;31m[Kerror: [m[K‘[01m[Kclass std::vector<char>[m[K’ has no member named ‘[01m[Kpop_heap[m[K’
[12.660s]   196 |                         pathToFinalPoint.[01;31m[Kpop_heap[m[K ;
[12.661s]       |                                          [01;31m[K^~~~~~~~[m[K
[12.703s] [01m[K/home/pi/autocab/raspberryPI3/ros2_ws/src/car_control/src/car_control_node.cpp:[m[K In member function ‘[01m[Kvoid car_control::serveurDataCallback(const Serveur&)[m[K’:
[12.703s] [01m[K/home/pi/autocab/raspberryPI3/ros2_ws/src/car_control/src/car_control_node.cpp:303:89:[m[K [01;31m[Kerror: [m[K‘[01m[Kconst Serveur[m[K’ {aka ‘[01m[Kconst struct interfaces::msg::Serveur_<std::allocator<void> >[m[K’} has no member named ‘[01m[KrequestNumber[m[K’; did you mean ‘[01m[Krequest_number[m[K’?
[12.704s]   303 |         if (departurePointReached && finalPointReached && (requestNumber != serveurData.[01;31m[KrequestNumber[m[K)){
[12.705s]       |                                                                                         [01;31m[K^~~~~~~~~~~~~[m[K
[12.706s]       |                                                                                         [32m[Krequest_number[m[K
[12.707s] [01m[K/home/pi/autocab/raspberryPI3/ros2_ws/src/car_control/src/car_control_node.cpp:306:42:[m[K [01;31m[Kerror: [m[K‘[01m[Kconst Serveur[m[K’ {aka ‘[01m[Kconst struct interfaces::msg::Serveur_<std::allocator<void> >[m[K’} has no member named ‘[01m[KdeparturePoint[m[K’; did you mean ‘[01m[Kdeparture_point[m[K’?
[12.707s]   306 |             departurePoint = serveurData.[01;31m[KdeparturePoint[m[K;
[12.708s]       |                                          [01;31m[K^~~~~~~~~~~~~~[m[K
[12.709s]       |                                          [32m[Kdeparture_point[m[K
[12.709s] [01m[K/home/pi/autocab/raspberryPI3/ros2_ws/src/car_control/src/car_control_node.cpp:307:38:[m[K [01;31m[Kerror: [m[K‘[01m[Kconst Serveur[m[K’ {aka ‘[01m[Kconst struct interfaces::msg::Serveur_<std::allocator<void> >[m[K’} has no member named ‘[01m[KfinalPoint[m[K’; did you mean ‘[01m[Kfinal_point[m[K’?
[12.712s]   307 |             finalPoint = serveurData.[01;31m[KfinalPoint[m[K;
[12.713s]       |                                      [01;31m[K^~~~~~~~~~[m[K
[12.714s]       |                                      [32m[Kfinal_point[m[K
[12.716s] [01m[K/home/pi/autocab/raspberryPI3/ros2_ws/src/car_control/src/car_control_node.cpp:308:41:[m[K [01;31m[Kerror: [m[K‘[01m[Kconst Serveur[m[K’ {aka ‘[01m[Kconst struct interfaces::msg::Serveur_<std::allocator<void> >[m[K’} has no member named ‘[01m[KrequestNumber[m[K’; did you mean ‘[01m[Krequest_number[m[K’?
[12.717s]   308 |             requestNumber = serveurData.[01;31m[KrequestNumber[m[K;
[12.717s]       |                                         [01;31m[K^~~~~~~~~~~~~[m[K
[12.718s]       |                                         [32m[Krequest_number[m[K
[36.936s] gmake[2]: *** [CMakeFiles/car_control_node.dir/build.make:76: CMakeFiles/car_control_node.dir/src/car_control_node.cpp.o] Error 1
[36.937s] gmake[1]: *** [CMakeFiles/Makefile2:137: CMakeFiles/car_control_node.dir/all] Error 2
[36.943s] gmake: *** [Makefile:146: all] Error 2
[36.945s] Invoked command in '/home/pi/autocab/raspberryPI3/ros2_ws/build/car_control' returned '2': AMENT_PREFIX_PATH=/home/pi/autocab/raspberryPI3/ros2_ws/install/interfaces:${AMENT_PREFIX_PATH} CMAKE_PREFIX_PATH=/home/pi/autocab/raspberryPI3/ros2_ws/install/interfaces:/home/pi/ros2_ws/install/geicar_start:/home/pi/ros2_ws/install/system_check:/home/pi/ros2_ws/install/simulation:/home/pi/ros2_ws/install/imu_tools:/home/pi/ros2_ws/install/rviz_imu_plugin:/home/pi/ros2_ws/install/joystick:/home/pi/ros2_ws/install/car_control:/home/pi/ros2_ws/install/can:/home/pi/ros2_ws/install/interfaces:/home/pi/ros2_ws/install/imu_filter_madgwick:/home/pi/ros2_ws/install/imu_complementary_filter:/home/pi/ros2_ws/install/carla_msgs:/opt/ros/humble LD_LIBRARY_PATH=/home/pi/autocab/raspberryPI3/ros2_ws/install/interfaces/lib:${LD_LIBRARY_PATH} PYTHONPATH=/home/pi/autocab/raspberryPI3/ros2_ws/install/interfaces/local/lib/python3.10/dist-packages:${PYTHONPATH} /usr/bin/cmake --build /home/pi/autocab/raspberryPI3/ros2_ws/build/car_control -- -j4 -l4
