[0.157s] Invoking command in '/home/pi/autocab/raspberryPI3/ros2_ws/build/interfaces': CMAKE_PREFIX_PATH=${CMAKE_PREFIX_PATH}:/opt/ros/humble /usr/bin/cmake /home/pi/autocab/raspberryPI3/ros2_ws/src/interfaces -DCMAKE_INSTALL_PREFIX=/home/pi/autocab/raspberryPI3/ros2_ws/install/interfaces
[0.498s] -- The C compiler identification is GNU 11.4.0
[0.839s] -- The CXX compiler identification is GNU 11.4.0
[0.878s] -- Detecting C compiler ABI info
[1.314s] -- Detecting C compiler ABI info - done
[1.362s] -- Check for working C compiler: /usr/bin/cc - skipped
[1.369s] -- Detecting C compile features
[1.375s] -- Detecting C compile features - done
[1.393s] -- Detecting CXX compiler ABI info
[1.894s] -- Detecting CXX compiler ABI info - done
[1.923s] -- Check for working CXX compiler: /usr/bin/c++ - skipped
[1.924s] -- Detecting CXX compile features
[1.926s] -- Detecting CXX compile features - done
[1.960s] -- Found ament_cmake: 1.3.2 (/opt/ros/humble/share/ament_cmake/cmake)
[3.321s] -- Found Python3: /usr/bin/python3.10 (found version "3.10.12") found components: Interpreter 
[4.241s] -- Found rclcpp: 16.0.1 (/opt/ros/humble/share/rclcpp/cmake)
[4.779s] -- Found rosidl_generator_c: 3.1.3 (/opt/ros/humble/share/rosidl_generator_c/cmake)
[4.848s] -- Found rosidl_adapter: 3.1.3 (/opt/ros/humble/share/rosidl_adapter/cmake)
[4.932s] -- Found rosidl_generator_cpp: 3.1.3 (/opt/ros/humble/share/rosidl_generator_cpp/cmake)
[5.039s] -- Using all available rosidl_typesupport_c: rosidl_typesupport_fastrtps_c;rosidl_typesupport_introspection_c
[5.195s] -- Using all available rosidl_typesupport_cpp: rosidl_typesupport_fastrtps_cpp;rosidl_typesupport_introspection_cpp
[5.668s] -- Found rmw_implementation_cmake: 6.1.0 (/opt/ros/humble/share/rmw_implementation_cmake/cmake)
[5.704s] -- Found rmw_fastrtps_cpp: 6.2.1 (/opt/ros/humble/share/rmw_fastrtps_cpp/cmake)
[6.376s] -- Found OpenSSL: /usr/lib/aarch64-linux-gnu/libcrypto.so (found version "3.0.2")  
[6.599s] -- Found FastRTPS: /opt/ros/humble/include  
[6.993s] -- Using RMW implementation 'rmw_fastrtps_cpp' as default
[7.767s] -- Found rosidl_default_generators: 1.2.0 (/opt/ros/humble/share/rosidl_default_generators/cmake)
[9.532s] -- Found ament_cmake_ros: 0.10.0 (/opt/ros/humble/share/ament_cmake_ros/cmake)
[11.571s] -- Using all available rosidl_typesupport_c: rosidl_typesupport_fastrtps_c;rosidl_typesupport_introspection_c
[12.379s] -- Using all available rosidl_typesupport_cpp: rosidl_typesupport_fastrtps_cpp;rosidl_typesupport_introspection_cpp
[12.570s] -- Found PythonInterp: /usr/bin/python3 (found suitable version "3.10.12", minimum required is "3.6") 
[12.604s] -- Found python_cmake_module: 0.10.0 (/opt/ros/humble/share/python_cmake_module/cmake)
[12.782s] -- Found PythonLibs: /usr/lib/aarch64-linux-gnu/libpython3.10.so (found suitable version "3.10.12", minimum required is "3.5") 
[12.783s] -- Using PYTHON_EXECUTABLE: /usr/bin/python3
[12.784s] -- Using PYTHON_INCLUDE_DIRS: /usr/include/python3.10
[12.785s] -- Using PYTHON_LIBRARIES: /usr/lib/aarch64-linux-gnu/libpython3.10.so
[12.994s] -- Found PythonExtra: .so  
[13.332s] -- Found ament_lint_auto: 0.12.4 (/opt/ros/humble/share/ament_lint_auto/cmake)
[13.706s] -- Added test 'cppcheck' to perform static code analysis on C / C++ code
[13.707s] -- Configured cppcheck include dirs: 
[13.708s] -- Configured cppcheck exclude dirs and/or files: 
[13.739s] -- Added test 'flake8' to check Python code syntax and style conventions
[13.745s] -- Added test 'lint_cmake' to check CMake code style
[13.760s] -- Added test 'pep257' to check Python code against some of the docstring style conventions in PEP 257
[13.859s] -- Added test 'uncrustify' to check C / C++ code style
[13.860s] -- Configured uncrustify additional arguments: 
[13.875s] -- Added test 'xmllint' to check XML markup files
[13.892s] -- Configuring done
[14.185s] -- Generating done
[14.209s] -- Build files have been written to: /home/pi/autocab/raspberryPI3/ros2_ws/build/interfaces
[14.291s] Invoked command in '/home/pi/autocab/raspberryPI3/ros2_ws/build/interfaces' returned '0': CMAKE_PREFIX_PATH=${CMAKE_PREFIX_PATH}:/opt/ros/humble /usr/bin/cmake /home/pi/autocab/raspberryPI3/ros2_ws/src/interfaces -DCMAKE_INSTALL_PREFIX=/home/pi/autocab/raspberryPI3/ros2_ws/install/interfaces
[14.295s] Invoking command in '/home/pi/autocab/raspberryPI3/ros2_ws/build/interfaces': CMAKE_PREFIX_PATH=${CMAKE_PREFIX_PATH}:/opt/ros/humble /usr/bin/cmake --build /home/pi/autocab/raspberryPI3/ros2_ws/build/interfaces -- -j4 -l4
[14.547s] [  1%] [34m[1mGenerating C code for ROS interfaces[0m
[14.578s] [  2%] [34m[1mGenerating C++ code for ROS interfaces[0m
[14.744s] [  2%] Built target ament_cmake_python_copy_interfaces
[17.066s] running egg_info
[17.069s] writing interfaces.egg-info/PKG-INFO
[17.070s] writing dependency_links to interfaces.egg-info/dependency_links.txt
[17.072s] writing top-level names to interfaces.egg-info/top_level.txt
[17.084s] reading manifest file 'interfaces.egg-info/SOURCES.txt'
[17.087s] writing manifest file 'interfaces.egg-info/SOURCES.txt'
[17.286s] [  2%] Built target ament_cmake_python_build_interfaces_egg
[21.551s] [35m[1mConsolidate compiler generated dependencies of target interfaces__rosidl_generator_c[0m
[21.633s] [  3%] [32mBuilding C object CMakeFiles/interfaces__rosidl_generator_c.dir/rosidl_generator_c/interfaces/msg/detail/joystick_order__functions.c.o[0m
[21.657s] [  4%] [32mBuilding C object CMakeFiles/interfaces__rosidl_generator_c.dir/rosidl_generator_c/interfaces/msg/detail/motors_order__functions.c.o[0m
[21.912s] [  5%] [32mBuilding C object CMakeFiles/interfaces__rosidl_generator_c.dir/rosidl_generator_c/interfaces/msg/detail/motors_feedback__functions.c.o[0m
[21.940s] [  6%] [32mBuilding C object CMakeFiles/interfaces__rosidl_generator_c.dir/rosidl_generator_c/interfaces/msg/detail/steering_calibration__functions.c.o[0m
[21.943s] [  8%] [32mBuilding C object CMakeFiles/interfaces__rosidl_generator_c.dir/rosidl_generator_c/interfaces/msg/detail/general_data__functions.c.o[0m
[21.944s] [  8%] Built target interfaces__cpp
[22.045s] [  9%] [34m[1mGenerating C++ type support dispatch for ROS interfaces[0m
[22.194s] [ 10%] [32mBuilding C object CMakeFiles/interfaces__rosidl_generator_c.dir/rosidl_generator_c/interfaces/msg/detail/ultrasonic__functions.c.o[0m
[22.232s] [ 11%] [32mBuilding C object CMakeFiles/interfaces__rosidl_generator_c.dir/rosidl_generator_c/interfaces/msg/detail/gnss__functions.c.o[0m
[22.287s] [ 12%] [32mBuilding C object CMakeFiles/interfaces__rosidl_generator_c.dir/rosidl_generator_c/interfaces/msg/detail/system_check__functions.c.o[0m
[22.528s] [ 13%] [34m[1mGenerating C++ type support for eProsima Fast-RTPS[0m
[22.589s] [ 14%] [34m[1mGenerating C++ introspection for ROS interfaces[0m
[22.696s] [ 16%] [32m[1mLinking C shared library libinterfaces__rosidl_generator_c.so[0m
[23.030s] [ 16%] Built target interfaces__rosidl_generator_c
[23.110s] [ 17%] [34m[1mGenerating C type support for eProsima Fast-RTPS[0m
[27.675s] [35m[1mConsolidate compiler generated dependencies of target interfaces__rosidl_typesupport_cpp[0m
[27.865s] [ 18%] [32mBuilding CXX object CMakeFiles/interfaces__rosidl_typesupport_cpp.dir/rosidl_typesupport_cpp/interfaces/msg/joystick_order__type_support.cpp.o[0m
[28.893s] [35m[1mConsolidate compiler generated dependencies of target interfaces__rosidl_typesupport_fastrtps_cpp[0m
[28.941s] [35m[1mConsolidate compiler generated dependencies of target interfaces__rosidl_typesupport_introspection_cpp[0m
[29.036s] [ 19%] [32mBuilding CXX object CMakeFiles/interfaces__rosidl_typesupport_fastrtps_cpp.dir/rosidl_typesupport_fastrtps_cpp/interfaces/msg/detail/dds_fastrtps/joystick_order__type_support.cpp.o[0m
[29.084s] [ 20%] [32mBuilding CXX object CMakeFiles/interfaces__rosidl_typesupport_introspection_cpp.dir/rosidl_typesupport_introspection_cpp/interfaces/msg/detail/joystick_order__type_support.cpp.o[0m
[29.636s] [ 21%] [32mBuilding CXX object CMakeFiles/interfaces__rosidl_typesupport_cpp.dir/rosidl_typesupport_cpp/interfaces/msg/motors_order__type_support.cpp.o[0m
[29.889s] [35m[1mConsolidate compiler generated dependencies of target interfaces__rosidl_typesupport_fastrtps_c[0m
[30.016s] [ 22%] [32mBuilding CXX object CMakeFiles/interfaces__rosidl_typesupport_fastrtps_c.dir/rosidl_typesupport_fastrtps_c/interfaces/msg/detail/joystick_order__type_support_c.cpp.o[0m
[31.691s] [ 24%] [32mBuilding CXX object CMakeFiles/interfaces__rosidl_typesupport_cpp.dir/rosidl_typesupport_cpp/interfaces/msg/motors_feedback__type_support.cpp.o[0m
[32.048s] [ 25%] [32mBuilding CXX object CMakeFiles/interfaces__rosidl_typesupport_introspection_cpp.dir/rosidl_typesupport_introspection_cpp/interfaces/msg/detail/motors_order__type_support.cpp.o[0m
[32.079s] [ 26%] [32mBuilding CXX object CMakeFiles/interfaces__rosidl_typesupport_fastrtps_cpp.dir/rosidl_typesupport_fastrtps_cpp/interfaces/msg/detail/dds_fastrtps/motors_order__type_support.cpp.o[0m
[32.909s] [ 27%] [32mBuilding CXX object CMakeFiles/interfaces__rosidl_typesupport_fastrtps_c.dir/rosidl_typesupport_fastrtps_c/interfaces/msg/detail/motors_order__type_support_c.cpp.o[0m
[33.941s] [ 28%] [32mBuilding CXX object CMakeFiles/interfaces__rosidl_typesupport_cpp.dir/rosidl_typesupport_cpp/interfaces/msg/general_data__type_support.cpp.o[0m
[34.581s] [ 29%] [32mBuilding CXX object CMakeFiles/interfaces__rosidl_typesupport_introspection_cpp.dir/rosidl_typesupport_introspection_cpp/interfaces/msg/detail/motors_feedback__type_support.cpp.o[0m
[35.018s] [ 31%] [32mBuilding CXX object CMakeFiles/interfaces__rosidl_typesupport_fastrtps_cpp.dir/rosidl_typesupport_fastrtps_cpp/interfaces/msg/detail/dds_fastrtps/motors_feedback__type_support.cpp.o[0m
[35.388s] [ 32%] [32mBuilding CXX object CMakeFiles/interfaces__rosidl_typesupport_fastrtps_c.dir/rosidl_typesupport_fastrtps_c/interfaces/msg/detail/motors_feedback__type_support_c.cpp.o[0m
[35.695s] [ 33%] [32mBuilding CXX object CMakeFiles/interfaces__rosidl_typesupport_cpp.dir/rosidl_typesupport_cpp/interfaces/msg/steering_calibration__type_support.cpp.o[0m
[37.503s] [ 34%] [32mBuilding CXX object CMakeFiles/interfaces__rosidl_typesupport_cpp.dir/rosidl_typesupport_cpp/interfaces/msg/ultrasonic__type_support.cpp.o[0m
[37.540s] [ 35%] [32mBuilding CXX object CMakeFiles/interfaces__rosidl_typesupport_introspection_cpp.dir/rosidl_typesupport_introspection_cpp/interfaces/msg/detail/general_data__type_support.cpp.o[0m
[37.860s] [ 36%] [32mBuilding CXX object CMakeFiles/interfaces__rosidl_typesupport_fastrtps_cpp.dir/rosidl_typesupport_fastrtps_cpp/interfaces/msg/detail/dds_fastrtps/general_data__type_support.cpp.o[0m
[37.918s] [ 37%] [32mBuilding CXX object CMakeFiles/interfaces__rosidl_typesupport_fastrtps_c.dir/rosidl_typesupport_fastrtps_c/interfaces/msg/detail/general_data__type_support_c.cpp.o[0m
[39.523s] [ 39%] [32mBuilding CXX object CMakeFiles/interfaces__rosidl_typesupport_cpp.dir/rosidl_typesupport_cpp/interfaces/msg/gnss__type_support.cpp.o[0m
[40.458s] [ 40%] [32mBuilding CXX object CMakeFiles/interfaces__rosidl_typesupport_introspection_cpp.dir/rosidl_typesupport_introspection_cpp/interfaces/msg/detail/steering_calibration__type_support.cpp.o[0m
[40.892s] [ 41%] [32mBuilding CXX object CMakeFiles/interfaces__rosidl_typesupport_fastrtps_c.dir/rosidl_typesupport_fastrtps_c/interfaces/msg/detail/steering_calibration__type_support_c.cpp.o[0m
[41.171s] [ 42%] [32mBuilding CXX object CMakeFiles/interfaces__rosidl_typesupport_fastrtps_cpp.dir/rosidl_typesupport_fastrtps_cpp/interfaces/msg/detail/dds_fastrtps/steering_calibration__type_support.cpp.o[0m
[41.471s] [ 43%] [32mBuilding CXX object CMakeFiles/interfaces__rosidl_typesupport_cpp.dir/rosidl_typesupport_cpp/interfaces/msg/system_check__type_support.cpp.o[0m
[43.163s] [ 44%] [32mBuilding CXX object CMakeFiles/interfaces__rosidl_typesupport_fastrtps_c.dir/rosidl_typesupport_fastrtps_c/interfaces/msg/detail/ultrasonic__type_support_c.cpp.o[0m
[43.545s] [ 45%] [32mBuilding CXX object CMakeFiles/interfaces__rosidl_typesupport_introspection_cpp.dir/rosidl_typesupport_introspection_cpp/interfaces/msg/detail/ultrasonic__type_support.cpp.o[0m
[43.936s] [ 47%] [32m[1mLinking CXX shared library libinterfaces__rosidl_typesupport_cpp.so[0m
[44.118s] [ 48%] [32mBuilding CXX object CMakeFiles/interfaces__rosidl_typesupport_fastrtps_cpp.dir/rosidl_typesupport_fastrtps_cpp/interfaces/msg/detail/dds_fastrtps/ultrasonic__type_support.cpp.o[0m
[44.279s] [ 48%] Built target interfaces__rosidl_typesupport_cpp
[44.328s] [ 49%] [32mBuilding CXX object CMakeFiles/interfaces__rosidl_typesupport_fastrtps_cpp.dir/rosidl_typesupport_fastrtps_cpp/interfaces/msg/detail/dds_fastrtps/gnss__type_support.cpp.o[0m
[45.342s] [ 50%] [32mBuilding CXX object CMakeFiles/interfaces__rosidl_typesupport_fastrtps_c.dir/rosidl_typesupport_fastrtps_c/interfaces/msg/detail/gnss__type_support_c.cpp.o[0m
[45.988s] [ 51%] [32mBuilding CXX object CMakeFiles/interfaces__rosidl_typesupport_introspection_cpp.dir/rosidl_typesupport_introspection_cpp/interfaces/msg/detail/gnss__type_support.cpp.o[0m
[46.791s] [ 52%] [32mBuilding CXX object CMakeFiles/interfaces__rosidl_typesupport_fastrtps_cpp.dir/rosidl_typesupport_fastrtps_cpp/interfaces/msg/detail/dds_fastrtps/system_check__type_support.cpp.o[0m
[46.965s] [ 54%] [32mBuilding CXX object CMakeFiles/interfaces__rosidl_typesupport_introspection_cpp.dir/rosidl_typesupport_introspection_cpp/interfaces/msg/detail/system_check__type_support.cpp.o[0m
[47.467s] [ 55%] [32mBuilding CXX object CMakeFiles/interfaces__rosidl_typesupport_fastrtps_c.dir/rosidl_typesupport_fastrtps_c/interfaces/msg/detail/system_check__type_support_c.cpp.o[0m
[48.310s] [ 56%] [34m[1mGenerating C introspection for ROS interfaces[0m
[49.438s] [ 57%] [32m[1mLinking CXX shared library libinterfaces__rosidl_typesupport_fastrtps_cpp.so[0m
[49.566s] [ 58%] [32m[1mLinking CXX shared library libinterfaces__rosidl_typesupport_introspection_cpp.so[0m
[49.857s] [ 59%] [32m[1mLinking CXX shared library libinterfaces__rosidl_typesupport_fastrtps_c.so[0m
[49.899s] [ 59%] Built target interfaces__rosidl_typesupport_fastrtps_cpp
[49.958s] [ 60%] [34m[1mGenerating C type support dispatch for ROS interfaces[0m
[49.985s] [ 60%] Built target interfaces__rosidl_typesupport_introspection_cpp
[50.258s] [ 60%] Built target interfaces__rosidl_typesupport_fastrtps_c
[53.121s] [35m[1mConsolidate compiler generated dependencies of target interfaces__rosidl_typesupport_introspection_c[0m
[53.187s] [ 62%] [32mBuilding C object CMakeFiles/interfaces__rosidl_typesupport_introspection_c.dir/rosidl_typesupport_introspection_c/interfaces/msg/detail/joystick_order__type_support.c.o[0m
[53.189s] [ 63%] [32mBuilding C object CMakeFiles/interfaces__rosidl_typesupport_introspection_c.dir/rosidl_typesupport_introspection_c/interfaces/msg/detail/motors_order__type_support.c.o[0m
[53.197s] [ 64%] [32mBuilding C object CMakeFiles/interfaces__rosidl_typesupport_introspection_c.dir/rosidl_typesupport_introspection_c/interfaces/msg/detail/motors_feedback__type_support.c.o[0m
[53.374s] [ 65%] [32mBuilding C object CMakeFiles/interfaces__rosidl_typesupport_introspection_c.dir/rosidl_typesupport_introspection_c/interfaces/msg/detail/general_data__type_support.c.o[0m
[53.379s] [ 66%] [32mBuilding C object CMakeFiles/interfaces__rosidl_typesupport_introspection_c.dir/rosidl_typesupport_introspection_c/interfaces/msg/detail/steering_calibration__type_support.c.o[0m
[53.389s] [ 67%] [32mBuilding C object CMakeFiles/interfaces__rosidl_typesupport_introspection_c.dir/rosidl_typesupport_introspection_c/interfaces/msg/detail/ultrasonic__type_support.c.o[0m
[53.571s] [ 68%] [32mBuilding C object CMakeFiles/interfaces__rosidl_typesupport_introspection_c.dir/rosidl_typesupport_introspection_c/interfaces/msg/detail/gnss__type_support.c.o[0m
[53.584s] [ 70%] [32mBuilding C object CMakeFiles/interfaces__rosidl_typesupport_introspection_c.dir/rosidl_typesupport_introspection_c/interfaces/msg/detail/system_check__type_support.c.o[0m
[53.805s] [ 71%] [32m[1mLinking C shared library libinterfaces__rosidl_typesupport_introspection_c.so[0m
[53.845s] [35m[1mConsolidate compiler generated dependencies of target interfaces__rosidl_typesupport_c[0m
[53.909s] [ 72%] [32mBuilding CXX object CMakeFiles/interfaces__rosidl_typesupport_c.dir/rosidl_typesupport_c/interfaces/msg/joystick_order__type_support.cpp.o[0m
[53.914s] [ 74%] [32mBuilding CXX object CMakeFiles/interfaces__rosidl_typesupport_c.dir/rosidl_typesupport_c/interfaces/msg/motors_order__type_support.cpp.o[0m
[53.916s] [ 74%] [32mBuilding CXX object CMakeFiles/interfaces__rosidl_typesupport_c.dir/rosidl_typesupport_c/interfaces/msg/motors_feedback__type_support.cpp.o[0m
[53.972s] [ 74%] Built target interfaces__rosidl_typesupport_introspection_c
[54.015s] [ 75%] [32mBuilding CXX object CMakeFiles/interfaces__rosidl_typesupport_c.dir/rosidl_typesupport_c/interfaces/msg/general_data__type_support.cpp.o[0m
[54.080s] [ 77%] [32mBuilding CXX object CMakeFiles/interfaces__rosidl_typesupport_c.dir/rosidl_typesupport_c/interfaces/msg/steering_calibration__type_support.cpp.o[0m
[54.082s] [ 78%] [32mBuilding CXX object CMakeFiles/interfaces__rosidl_typesupport_c.dir/rosidl_typesupport_c/interfaces/msg/ultrasonic__type_support.cpp.o[0m
[54.094s] [ 79%] [32mBuilding CXX object CMakeFiles/interfaces__rosidl_typesupport_c.dir/rosidl_typesupport_c/interfaces/msg/gnss__type_support.cpp.o[0m
[54.180s] [ 80%] [32mBuilding CXX object CMakeFiles/interfaces__rosidl_typesupport_c.dir/rosidl_typesupport_c/interfaces/msg/system_check__type_support.cpp.o[0m
[54.334s] [ 81%] [32m[1mLinking CXX shared library libinterfaces__rosidl_typesupport_c.so[0m
[54.514s] [ 81%] Built target interfaces__rosidl_typesupport_c
[54.612s] [ 81%] Built target interfaces
[54.708s] [ 82%] [34m[1mGenerating Python code for ROS interfaces[0m
[62.888s] [ 82%] Built target interfaces__py
[62.938s] [35m[1mConsolidate compiler generated dependencies of target interfaces__rosidl_generator_py[0m
[63.037s] [ 83%] [32mBuilding C object CMakeFiles/interfaces__rosidl_generator_py.dir/rosidl_generator_py/interfaces/msg/_joystick_order_s.c.o[0m
[63.039s] [ 85%] [32mBuilding C object CMakeFiles/interfaces__rosidl_generator_py.dir/rosidl_generator_py/interfaces/msg/_motors_order_s.c.o[0m
[63.042s] [ 86%] [32mBuilding C object CMakeFiles/interfaces__rosidl_generator_py.dir/rosidl_generator_py/interfaces/msg/_motors_feedback_s.c.o[0m
[63.048s] [ 87%] [32mBuilding C object CMakeFiles/interfaces__rosidl_generator_py.dir/rosidl_generator_py/interfaces/msg/_general_data_s.c.o[0m
[63.557s] [ 88%] [32mBuilding C object CMakeFiles/interfaces__rosidl_generator_py.dir/rosidl_generator_py/interfaces/msg/_steering_calibration_s.c.o[0m
[63.570s] [ 89%] [32mBuilding C object CMakeFiles/interfaces__rosidl_generator_py.dir/rosidl_generator_py/interfaces/msg/_ultrasonic_s.c.o[0m
[63.581s] [ 90%] [32mBuilding C object CMakeFiles/interfaces__rosidl_generator_py.dir/rosidl_generator_py/interfaces/msg/_gnss_s.c.o[0m
[63.587s] [ 91%] [32mBuilding C object CMakeFiles/interfaces__rosidl_generator_py.dir/rosidl_generator_py/interfaces/msg/_system_check_s.c.o[0m
[64.202s] [ 93%] [32m[1mLinking C shared library rosidl_generator_py/interfaces/libinterfaces__rosidl_generator_py.so[0m
[64.399s] [ 93%] Built target interfaces__rosidl_generator_py
[64.450s] [35m[1mConsolidate compiler generated dependencies of target interfaces__rosidl_typesupport_fastrtps_c__pyext[0m
[64.450s] [35m[1mConsolidate compiler generated dependencies of target interfaces__rosidl_typesupport_introspection_c__pyext[0m
[64.453s] [35m[1mConsolidate compiler generated dependencies of target interfaces__rosidl_typesupport_c__pyext[0m
[64.516s] [ 94%] [32mBuilding C object CMakeFiles/interfaces__rosidl_typesupport_introspection_c__pyext.dir/rosidl_generator_py/interfaces/_interfaces_s.ep.rosidl_typesupport_introspection_c.c.o[0m
[64.519s] [ 95%] [32mBuilding C object CMakeFiles/interfaces__rosidl_typesupport_fastrtps_c__pyext.dir/rosidl_generator_py/interfaces/_interfaces_s.ep.rosidl_typesupport_fastrtps_c.c.o[0m
[64.521s] [ 96%] [32mBuilding C object CMakeFiles/interfaces__rosidl_typesupport_c__pyext.dir/rosidl_generator_py/interfaces/_interfaces_s.ep.rosidl_typesupport_c.c.o[0m
[65.072s] [ 97%] [32m[1mLinking C shared library rosidl_generator_py/interfaces/interfaces_s__rosidl_typesupport_c.cpython-310-aarch64-linux-gnu.so[0m
[65.088s] [ 98%] [32m[1mLinking C shared library rosidl_generator_py/interfaces/interfaces_s__rosidl_typesupport_introspection_c.cpython-310-aarch64-linux-gnu.so[0m
[65.140s] [100%] [32m[1mLinking C shared library rosidl_generator_py/interfaces/interfaces_s__rosidl_typesupport_fastrtps_c.cpython-310-aarch64-linux-gnu.so[0m
[65.258s] [100%] Built target interfaces__rosidl_typesupport_c__pyext
[65.278s] [100%] Built target interfaces__rosidl_typesupport_introspection_c__pyext
[65.330s] [100%] Built target interfaces__rosidl_typesupport_fastrtps_c__pyext
[65.378s] Invoked command in '/home/pi/autocab/raspberryPI3/ros2_ws/build/interfaces' returned '0': CMAKE_PREFIX_PATH=${CMAKE_PREFIX_PATH}:/opt/ros/humble /usr/bin/cmake --build /home/pi/autocab/raspberryPI3/ros2_ws/build/interfaces -- -j4 -l4
[66.879s] Invoking command in '/home/pi/autocab/raspberryPI3/ros2_ws/build/interfaces': CMAKE_PREFIX_PATH=${CMAKE_PREFIX_PATH}:/opt/ros/humble /usr/bin/cmake --install /home/pi/autocab/raspberryPI3/ros2_ws/build/interfaces
[66.912s] -- Install configuration: ""
[66.913s] -- Up-to-date: /home/pi/autocab/raspberryPI3/ros2_ws/install/interfaces/share/ament_index/resource_index/rosidl_interfaces/interfaces
[66.913s] -- Up-to-date: /home/pi/autocab/raspberryPI3/ros2_ws/install/interfaces/include/interfaces/interfaces
[66.913s] -- Up-to-date: /home/pi/autocab/raspberryPI3/ros2_ws/install/interfaces/include/interfaces/interfaces/msg
[66.914s] -- Installing: /home/pi/autocab/raspberryPI3/ros2_ws/install/interfaces/include/interfaces/interfaces/msg/system_check.h
[66.915s] -- Up-to-date: /home/pi/autocab/raspberryPI3/ros2_ws/install/interfaces/include/interfaces/interfaces/msg/rosidl_generator_c__visibility_control.h
[66.915s] -- Installing: /home/pi/autocab/raspberryPI3/ros2_ws/install/interfaces/include/interfaces/interfaces/msg/motors_order.h
[66.916s] -- Installing: /home/pi/autocab/raspberryPI3/ros2_ws/install/interfaces/include/interfaces/interfaces/msg/ultrasonic.h
[66.917s] -- Installing: /home/pi/autocab/raspberryPI3/ros2_ws/install/interfaces/include/interfaces/interfaces/msg/joystick_order.h
[66.919s] -- Installing: /home/pi/autocab/raspberryPI3/ros2_ws/install/interfaces/include/interfaces/interfaces/msg/steering_calibration.h
[66.920s] -- Installing: /home/pi/autocab/raspberryPI3/ros2_ws/install/interfaces/include/interfaces/interfaces/msg/gnss.h
[66.921s] -- Up-to-date: /home/pi/autocab/raspberryPI3/ros2_ws/install/interfaces/include/interfaces/interfaces/msg/detail
[66.922s] -- Installing: /home/pi/autocab/raspberryPI3/ros2_ws/install/interfaces/include/interfaces/interfaces/msg/detail/general_data__struct.h
[66.923s] -- Installing: /home/pi/autocab/raspberryPI3/ros2_ws/install/interfaces/include/interfaces/interfaces/msg/detail/general_data__functions.h
[66.924s] -- Installing: /home/pi/autocab/raspberryPI3/ros2_ws/install/interfaces/include/interfaces/interfaces/msg/detail/joystick_order__type_support.h
[66.926s] -- Installing: /home/pi/autocab/raspberryPI3/ros2_ws/install/interfaces/include/interfaces/interfaces/msg/detail/steering_calibration__functions.c
[66.927s] -- Installing: /home/pi/autocab/raspberryPI3/ros2_ws/install/interfaces/include/interfaces/interfaces/msg/detail/motors_feedback__functions.h
[66.928s] -- Installing: /home/pi/autocab/raspberryPI3/ros2_ws/install/interfaces/include/interfaces/interfaces/msg/detail/motors_order__type_support.h
[66.929s] -- Installing: /home/pi/autocab/raspberryPI3/ros2_ws/install/interfaces/include/interfaces/interfaces/msg/detail/joystick_order__functions.c
[66.931s] -- Installing: /home/pi/autocab/raspberryPI3/ros2_ws/install/interfaces/include/interfaces/interfaces/msg/detail/general_data__type_support.h
[66.932s] -- Installing: /home/pi/autocab/raspberryPI3/ros2_ws/install/interfaces/include/interfaces/interfaces/msg/detail/motors_feedback__functions.c
[66.933s] -- Installing: /home/pi/autocab/raspberryPI3/ros2_ws/install/interfaces/include/interfaces/interfaces/msg/detail/gnss__struct.h
[66.934s] -- Installing: /home/pi/autocab/raspberryPI3/ros2_ws/install/interfaces/include/interfaces/interfaces/msg/detail/ultrasonic__functions.c
[66.935s] -- Installing: /home/pi/autocab/raspberryPI3/ros2_ws/install/interfaces/include/interfaces/interfaces/msg/detail/general_data__functions.c
[66.937s] -- Installing: /home/pi/autocab/raspberryPI3/ros2_ws/install/interfaces/include/interfaces/interfaces/msg/detail/system_check__struct.h
[66.938s] -- Installing: /home/pi/autocab/raspberryPI3/ros2_ws/install/interfaces/include/interfaces/interfaces/msg/detail/joystick_order__struct.h
[66.939s] -- Installing: /home/pi/autocab/raspberryPI3/ros2_ws/install/interfaces/include/interfaces/interfaces/msg/detail/motors_order__functions.h
[66.940s] -- Installing: /home/pi/autocab/raspberryPI3/ros2_ws/install/interfaces/include/interfaces/interfaces/msg/detail/gnss__functions.h
[66.941s] -- Installing: /home/pi/autocab/raspberryPI3/ros2_ws/install/interfaces/include/interfaces/interfaces/msg/detail/ultrasonic__type_support.h
[66.943s] -- Installing: /home/pi/autocab/raspberryPI3/ros2_ws/install/interfaces/include/interfaces/interfaces/msg/detail/system_check__functions.c
[66.944s] -- Installing: /home/pi/autocab/raspberryPI3/ros2_ws/install/interfaces/include/interfaces/interfaces/msg/detail/motors_order__functions.c
[66.945s] -- Installing: /home/pi/autocab/raspberryPI3/ros2_ws/install/interfaces/include/interfaces/interfaces/msg/detail/joystick_order__functions.h
[66.947s] -- Installing: /home/pi/autocab/raspberryPI3/ros2_ws/install/interfaces/include/interfaces/interfaces/msg/detail/motors_feedback__type_support.h
[66.948s] -- Installing: /home/pi/autocab/raspberryPI3/ros2_ws/install/interfaces/include/interfaces/interfaces/msg/detail/gnss__functions.c
[66.949s] -- Installing: /home/pi/autocab/raspberryPI3/ros2_ws/install/interfaces/include/interfaces/interfaces/msg/detail/steering_calibration__functions.h
[66.950s] -- Installing: /home/pi/autocab/raspberryPI3/ros2_ws/install/interfaces/include/interfaces/interfaces/msg/detail/system_check__functions.h
[66.952s] -- Installing: /home/pi/autocab/raspberryPI3/ros2_ws/install/interfaces/include/interfaces/interfaces/msg/detail/ultrasonic__struct.h
[66.953s] -- Installing: /home/pi/autocab/raspberryPI3/ros2_ws/install/interfaces/include/interfaces/interfaces/msg/detail/steering_calibration__type_support.h
[66.954s] -- Installing: /home/pi/autocab/raspberryPI3/ros2_ws/install/interfaces/include/interfaces/interfaces/msg/detail/system_check__type_support.h
[66.955s] -- Installing: /home/pi/autocab/raspberryPI3/ros2_ws/install/interfaces/include/interfaces/interfaces/msg/detail/ultrasonic__functions.h
[66.957s] -- Installing: /home/pi/autocab/raspberryPI3/ros2_ws/install/interfaces/include/interfaces/interfaces/msg/detail/steering_calibration__struct.h
[66.958s] -- Installing: /home/pi/autocab/raspberryPI3/ros2_ws/install/interfaces/include/interfaces/interfaces/msg/detail/motors_order__struct.h
[66.959s] -- Installing: /home/pi/autocab/raspberryPI3/ros2_ws/install/interfaces/include/interfaces/interfaces/msg/detail/gnss__type_support.h
[66.960s] -- Installing: /home/pi/autocab/raspberryPI3/ros2_ws/install/interfaces/include/interfaces/interfaces/msg/detail/motors_feedback__struct.h
[66.961s] -- Installing: /home/pi/autocab/raspberryPI3/ros2_ws/install/interfaces/include/interfaces/interfaces/msg/general_data.h
[66.962s] -- Installing: /home/pi/autocab/raspberryPI3/ros2_ws/install/interfaces/include/interfaces/interfaces/msg/motors_feedback.h
[66.964s] -- Installing: /home/pi/autocab/raspberryPI3/ros2_ws/install/interfaces/share/interfaces/environment/library_path.sh
[66.965s] -- Installing: /home/pi/autocab/raspberryPI3/ros2_ws/install/interfaces/share/interfaces/environment/library_path.dsv
[66.967s] -- Installing: /home/pi/autocab/raspberryPI3/ros2_ws/install/interfaces/lib/libinterfaces__rosidl_generator_c.so
[66.970s] -- Set runtime path of "/home/pi/autocab/raspberryPI3/ros2_ws/install/interfaces/lib/libinterfaces__rosidl_generator_c.so" to ""
[66.971s] -- Up-to-date: /home/pi/autocab/raspberryPI3/ros2_ws/install/interfaces/include/interfaces/interfaces
[66.972s] -- Up-to-date: /home/pi/autocab/raspberryPI3/ros2_ws/install/interfaces/include/interfaces/interfaces/msg
[66.972s] -- Up-to-date: /home/pi/autocab/raspberryPI3/ros2_ws/install/interfaces/include/interfaces/interfaces/msg/rosidl_typesupport_fastrtps_c__visibility_control.h
[66.972s] -- Up-to-date: /home/pi/autocab/raspberryPI3/ros2_ws/install/interfaces/include/interfaces/interfaces/msg/detail
[66.973s] -- Installing: /home/pi/autocab/raspberryPI3/ros2_ws/install/interfaces/include/interfaces/interfaces/msg/detail/steering_calibration__rosidl_typesupport_fastrtps_c.h
[66.974s] -- Installing: /home/pi/autocab/raspberryPI3/ros2_ws/install/interfaces/include/interfaces/interfaces/msg/detail/joystick_order__rosidl_typesupport_fastrtps_c.h
[66.975s] -- Installing: /home/pi/autocab/raspberryPI3/ros2_ws/install/interfaces/include/interfaces/interfaces/msg/detail/gnss__rosidl_typesupport_fastrtps_c.h
[66.976s] -- Installing: /home/pi/autocab/raspberryPI3/ros2_ws/install/interfaces/include/interfaces/interfaces/msg/detail/motors_order__rosidl_typesupport_fastrtps_c.h
[66.978s] -- Installing: /home/pi/autocab/raspberryPI3/ros2_ws/install/interfaces/include/interfaces/interfaces/msg/detail/ultrasonic__rosidl_typesupport_fastrtps_c.h
[66.979s] -- Installing: /home/pi/autocab/raspberryPI3/ros2_ws/install/interfaces/include/interfaces/interfaces/msg/detail/motors_feedback__rosidl_typesupport_fastrtps_c.h
[66.980s] -- Installing: /home/pi/autocab/raspberryPI3/ros2_ws/install/interfaces/include/interfaces/interfaces/msg/detail/general_data__rosidl_typesupport_fastrtps_c.h
[66.982s] -- Installing: /home/pi/autocab/raspberryPI3/ros2_ws/install/interfaces/include/interfaces/interfaces/msg/detail/system_check__rosidl_typesupport_fastrtps_c.h
[66.984s] -- Installing: /home/pi/autocab/raspberryPI3/ros2_ws/install/interfaces/lib/libinterfaces__rosidl_typesupport_fastrtps_c.so
[66.987s] -- Set runtime path of "/home/pi/autocab/raspberryPI3/ros2_ws/install/interfaces/lib/libinterfaces__rosidl_typesupport_fastrtps_c.so" to ""
[66.987s] -- Up-to-date: /home/pi/autocab/raspberryPI3/ros2_ws/install/interfaces/include/interfaces/interfaces
[66.988s] -- Up-to-date: /home/pi/autocab/raspberryPI3/ros2_ws/install/interfaces/include/interfaces/interfaces/msg
[66.988s] -- Installing: /home/pi/autocab/raspberryPI3/ros2_ws/install/interfaces/include/interfaces/interfaces/msg/motors_order.hpp
[66.989s] -- Installing: /home/pi/autocab/raspberryPI3/ros2_ws/install/interfaces/include/interfaces/interfaces/msg/gnss.hpp
[66.990s] -- Installing: /home/pi/autocab/raspberryPI3/ros2_ws/install/interfaces/include/interfaces/interfaces/msg/motors_feedback.hpp
[66.991s] -- Installing: /home/pi/autocab/raspberryPI3/ros2_ws/install/interfaces/include/interfaces/interfaces/msg/ultrasonic.hpp
[66.993s] -- Installing: /home/pi/autocab/raspberryPI3/ros2_ws/install/interfaces/include/interfaces/interfaces/msg/steering_calibration.hpp
[66.994s] -- Up-to-date: /home/pi/autocab/raspberryPI3/ros2_ws/install/interfaces/include/interfaces/interfaces/msg/detail
[66.994s] -- Installing: /home/pi/autocab/raspberryPI3/ros2_ws/install/interfaces/include/interfaces/interfaces/msg/detail/motors_feedback__builder.hpp
[66.996s] -- Installing: /home/pi/autocab/raspberryPI3/ros2_ws/install/interfaces/include/interfaces/interfaces/msg/detail/general_data__traits.hpp
[66.997s] -- Installing: /home/pi/autocab/raspberryPI3/ros2_ws/install/interfaces/include/interfaces/interfaces/msg/detail/motors_feedback__struct.hpp
[66.998s] -- Installing: /home/pi/autocab/raspberryPI3/ros2_ws/install/interfaces/include/interfaces/interfaces/msg/detail/joystick_order__traits.hpp
[66.999s] -- Installing: /home/pi/autocab/raspberryPI3/ros2_ws/install/interfaces/include/interfaces/interfaces/msg/detail/system_check__struct.hpp
[67.000s] -- Installing: /home/pi/autocab/raspberryPI3/ros2_ws/install/interfaces/include/interfaces/interfaces/msg/detail/ultrasonic__builder.hpp
[67.002s] -- Installing: /home/pi/autocab/raspberryPI3/ros2_ws/install/interfaces/include/interfaces/interfaces/msg/detail/ultrasonic__struct.hpp
[67.003s] -- Installing: /home/pi/autocab/raspberryPI3/ros2_ws/install/interfaces/include/interfaces/interfaces/msg/detail/joystick_order__builder.hpp
[67.004s] -- Installing: /home/pi/autocab/raspberryPI3/ros2_ws/install/interfaces/include/interfaces/interfaces/msg/detail/steering_calibration__struct.hpp
[67.005s] -- Installing: /home/pi/autocab/raspberryPI3/ros2_ws/install/interfaces/include/interfaces/interfaces/msg/detail/steering_calibration__traits.hpp
[67.007s] -- Installing: /home/pi/autocab/raspberryPI3/ros2_ws/install/interfaces/include/interfaces/interfaces/msg/detail/motors_order__struct.hpp
[67.008s] -- Installing: /home/pi/autocab/raspberryPI3/ros2_ws/install/interfaces/include/interfaces/interfaces/msg/detail/gnss__builder.hpp
[67.009s] -- Installing: /home/pi/autocab/raspberryPI3/ros2_ws/install/interfaces/include/interfaces/interfaces/msg/detail/general_data__builder.hpp
[67.010s] -- Installing: /home/pi/autocab/raspberryPI3/ros2_ws/install/interfaces/include/interfaces/interfaces/msg/detail/motors_feedback__traits.hpp
[67.011s] -- Installing: /home/pi/autocab/raspberryPI3/ros2_ws/install/interfaces/include/interfaces/interfaces/msg/detail/motors_order__builder.hpp
[67.013s] -- Installing: /home/pi/autocab/raspberryPI3/ros2_ws/install/interfaces/include/interfaces/interfaces/msg/detail/joystick_order__struct.hpp
[67.014s] -- Installing: /home/pi/autocab/raspberryPI3/ros2_ws/install/interfaces/include/interfaces/interfaces/msg/detail/motors_order__traits.hpp
[67.015s] -- Installing: /home/pi/autocab/raspberryPI3/ros2_ws/install/interfaces/include/interfaces/interfaces/msg/detail/gnss__struct.hpp
[67.016s] -- Installing: /home/pi/autocab/raspberryPI3/ros2_ws/install/interfaces/include/interfaces/interfaces/msg/detail/ultrasonic__traits.hpp
[67.018s] -- Installing: /home/pi/autocab/raspberryPI3/ros2_ws/install/interfaces/include/interfaces/interfaces/msg/detail/system_check__traits.hpp
[67.019s] -- Installing: /home/pi/autocab/raspberryPI3/ros2_ws/install/interfaces/include/interfaces/interfaces/msg/detail/steering_calibration__builder.hpp
[67.020s] -- Installing: /home/pi/autocab/raspberryPI3/ros2_ws/install/interfaces/include/interfaces/interfaces/msg/detail/system_check__builder.hpp
[67.021s] -- Installing: /home/pi/autocab/raspberryPI3/ros2_ws/install/interfaces/include/interfaces/interfaces/msg/detail/general_data__struct.hpp
[67.023s] -- Installing: /home/pi/autocab/raspberryPI3/ros2_ws/install/interfaces/include/interfaces/interfaces/msg/detail/gnss__traits.hpp
[67.024s] -- Installing: /home/pi/autocab/raspberryPI3/ros2_ws/install/interfaces/include/interfaces/interfaces/msg/joystick_order.hpp
[67.025s] -- Installing: /home/pi/autocab/raspberryPI3/ros2_ws/install/interfaces/include/interfaces/interfaces/msg/system_check.hpp
[67.026s] -- Installing: /home/pi/autocab/raspberryPI3/ros2_ws/install/interfaces/include/interfaces/interfaces/msg/general_data.hpp
[67.027s] -- Up-to-date: /home/pi/autocab/raspberryPI3/ros2_ws/install/interfaces/include/interfaces/interfaces
[67.028s] -- Up-to-date: /home/pi/autocab/raspberryPI3/ros2_ws/install/interfaces/include/interfaces/interfaces/msg
[67.028s] -- Up-to-date: /home/pi/autocab/raspberryPI3/ros2_ws/install/interfaces/include/interfaces/interfaces/msg/rosidl_typesupport_fastrtps_cpp__visibility_control.h
[67.028s] -- Up-to-date: /home/pi/autocab/raspberryPI3/ros2_ws/install/interfaces/include/interfaces/interfaces/msg/detail
[67.029s] -- Up-to-date: /home/pi/autocab/raspberryPI3/ros2_ws/install/interfaces/include/interfaces/interfaces/msg/detail/dds_fastrtps
[67.029s] -- Installing: /home/pi/autocab/raspberryPI3/ros2_ws/install/interfaces/include/interfaces/interfaces/msg/detail/ultrasonic__rosidl_typesupport_fastrtps_cpp.hpp
[67.031s] -- Installing: /home/pi/autocab/raspberryPI3/ros2_ws/install/interfaces/include/interfaces/interfaces/msg/detail/motors_order__rosidl_typesupport_fastrtps_cpp.hpp
[67.032s] -- Installing: /home/pi/autocab/raspberryPI3/ros2_ws/install/interfaces/include/interfaces/interfaces/msg/detail/general_data__rosidl_typesupport_fastrtps_cpp.hpp
[67.033s] -- Installing: /home/pi/autocab/raspberryPI3/ros2_ws/install/interfaces/include/interfaces/interfaces/msg/detail/system_check__rosidl_typesupport_fastrtps_cpp.hpp
[67.035s] -- Installing: /home/pi/autocab/raspberryPI3/ros2_ws/install/interfaces/include/interfaces/interfaces/msg/detail/steering_calibration__rosidl_typesupport_fastrtps_cpp.hpp
[67.036s] -- Installing: /home/pi/autocab/raspberryPI3/ros2_ws/install/interfaces/include/interfaces/interfaces/msg/detail/motors_feedback__rosidl_typesupport_fastrtps_cpp.hpp
[67.037s] -- Installing: /home/pi/autocab/raspberryPI3/ros2_ws/install/interfaces/include/interfaces/interfaces/msg/detail/joystick_order__rosidl_typesupport_fastrtps_cpp.hpp
[67.039s] -- Installing: /home/pi/autocab/raspberryPI3/ros2_ws/install/interfaces/include/interfaces/interfaces/msg/detail/gnss__rosidl_typesupport_fastrtps_cpp.hpp
[67.041s] -- Installing: /home/pi/autocab/raspberryPI3/ros2_ws/install/interfaces/lib/libinterfaces__rosidl_typesupport_fastrtps_cpp.so
[67.044s] -- Set runtime path of "/home/pi/autocab/raspberryPI3/ros2_ws/install/interfaces/lib/libinterfaces__rosidl_typesupport_fastrtps_cpp.so" to ""
[67.045s] -- Up-to-date: /home/pi/autocab/raspberryPI3/ros2_ws/install/interfaces/include/interfaces/interfaces
[67.045s] -- Up-to-date: /home/pi/autocab/raspberryPI3/ros2_ws/install/interfaces/include/interfaces/interfaces/msg
[67.045s] -- Up-to-date: /home/pi/autocab/raspberryPI3/ros2_ws/install/interfaces/include/interfaces/interfaces/msg/rosidl_typesupport_introspection_c__visibility_control.h
[67.046s] -- Up-to-date: /home/pi/autocab/raspberryPI3/ros2_ws/install/interfaces/include/interfaces/interfaces/msg/detail
[67.046s] -- Installing: /home/pi/autocab/raspberryPI3/ros2_ws/install/interfaces/include/interfaces/interfaces/msg/detail/gnss__rosidl_typesupport_introspection_c.h
[67.047s] -- Installing: /home/pi/autocab/raspberryPI3/ros2_ws/install/interfaces/include/interfaces/interfaces/msg/detail/general_data__type_support.c
[67.049s] -- Installing: /home/pi/autocab/raspberryPI3/ros2_ws/install/interfaces/include/interfaces/interfaces/msg/detail/gnss__type_support.c
[67.050s] -- Installing: /home/pi/autocab/raspberryPI3/ros2_ws/install/interfaces/include/interfaces/interfaces/msg/detail/motors_order__type_support.c
[67.051s] -- Installing: /home/pi/autocab/raspberryPI3/ros2_ws/install/interfaces/include/interfaces/interfaces/msg/detail/motors_order__rosidl_typesupport_introspection_c.h
[67.052s] -- Installing: /home/pi/autocab/raspberryPI3/ros2_ws/install/interfaces/include/interfaces/interfaces/msg/detail/system_check__type_support.c
[67.054s] -- Installing: /home/pi/autocab/raspberryPI3/ros2_ws/install/interfaces/include/interfaces/interfaces/msg/detail/motors_feedback__type_support.c
[67.055s] -- Installing: /home/pi/autocab/raspberryPI3/ros2_ws/install/interfaces/include/interfaces/interfaces/msg/detail/joystick_order__type_support.c
[67.056s] -- Installing: /home/pi/autocab/raspberryPI3/ros2_ws/install/interfaces/include/interfaces/interfaces/msg/detail/steering_calibration__rosidl_typesupport_introspection_c.h
[67.058s] -- Installing: /home/pi/autocab/raspberryPI3/ros2_ws/install/interfaces/include/interfaces/interfaces/msg/detail/ultrasonic__rosidl_typesupport_introspection_c.h
[67.059s] -- Installing: /home/pi/autocab/raspberryPI3/ros2_ws/install/interfaces/include/interfaces/interfaces/msg/detail/system_check__rosidl_typesupport_introspection_c.h
[67.060s] -- Installing: /home/pi/autocab/raspberryPI3/ros2_ws/install/interfaces/include/interfaces/interfaces/msg/detail/steering_calibration__type_support.c
[67.062s] -- Installing: /home/pi/autocab/raspberryPI3/ros2_ws/install/interfaces/include/interfaces/interfaces/msg/detail/ultrasonic__type_support.c
[67.063s] -- Installing: /home/pi/autocab/raspberryPI3/ros2_ws/install/interfaces/include/interfaces/interfaces/msg/detail/general_data__rosidl_typesupport_introspection_c.h
[67.064s] -- Installing: /home/pi/autocab/raspberryPI3/ros2_ws/install/interfaces/include/interfaces/interfaces/msg/detail/joystick_order__rosidl_typesupport_introspection_c.h
[67.066s] -- Installing: /home/pi/autocab/raspberryPI3/ros2_ws/install/interfaces/include/interfaces/interfaces/msg/detail/motors_feedback__rosidl_typesupport_introspection_c.h
[67.068s] -- Installing: /home/pi/autocab/raspberryPI3/ros2_ws/install/interfaces/lib/libinterfaces__rosidl_typesupport_introspection_c.so
[67.071s] -- Set runtime path of "/home/pi/autocab/raspberryPI3/ros2_ws/install/interfaces/lib/libinterfaces__rosidl_typesupport_introspection_c.so" to ""
[67.072s] -- Installing: /home/pi/autocab/raspberryPI3/ros2_ws/install/interfaces/lib/libinterfaces__rosidl_typesupport_c.so
[67.074s] -- Set runtime path of "/home/pi/autocab/raspberryPI3/ros2_ws/install/interfaces/lib/libinterfaces__rosidl_typesupport_c.so" to ""
[67.075s] -- Up-to-date: /home/pi/autocab/raspberryPI3/ros2_ws/install/interfaces/include/interfaces/interfaces
[67.075s] -- Up-to-date: /home/pi/autocab/raspberryPI3/ros2_ws/install/interfaces/include/interfaces/interfaces/msg
[67.075s] -- Up-to-date: /home/pi/autocab/raspberryPI3/ros2_ws/install/interfaces/include/interfaces/interfaces/msg/detail
[67.076s] -- Installing: /home/pi/autocab/raspberryPI3/ros2_ws/install/interfaces/include/interfaces/interfaces/msg/detail/general_data__rosidl_typesupport_introspection_cpp.hpp
[67.077s] -- Installing: /home/pi/autocab/raspberryPI3/ros2_ws/install/interfaces/include/interfaces/interfaces/msg/detail/joystick_order__type_support.cpp
[67.079s] -- Installing: /home/pi/autocab/raspberryPI3/ros2_ws/install/interfaces/include/interfaces/interfaces/msg/detail/general_data__type_support.cpp
[67.080s] -- Installing: /home/pi/autocab/raspberryPI3/ros2_ws/install/interfaces/include/interfaces/interfaces/msg/detail/ultrasonic__rosidl_typesupport_introspection_cpp.hpp
[67.081s] -- Installing: /home/pi/autocab/raspberryPI3/ros2_ws/install/interfaces/include/interfaces/interfaces/msg/detail/motors_order__type_support.cpp
[67.083s] -- Installing: /home/pi/autocab/raspberryPI3/ros2_ws/install/interfaces/include/interfaces/interfaces/msg/detail/motors_feedback__rosidl_typesupport_introspection_cpp.hpp
[67.084s] -- Installing: /home/pi/autocab/raspberryPI3/ros2_ws/install/interfaces/include/interfaces/interfaces/msg/detail/system_check__rosidl_typesupport_introspection_cpp.hpp
[67.085s] -- Installing: /home/pi/autocab/raspberryPI3/ros2_ws/install/interfaces/include/interfaces/interfaces/msg/detail/joystick_order__rosidl_typesupport_introspection_cpp.hpp
[67.087s] -- Installing: /home/pi/autocab/raspberryPI3/ros2_ws/install/interfaces/include/interfaces/interfaces/msg/detail/ultrasonic__type_support.cpp
[67.088s] -- Installing: /home/pi/autocab/raspberryPI3/ros2_ws/install/interfaces/include/interfaces/interfaces/msg/detail/gnss__type_support.cpp
[67.089s] -- Installing: /home/pi/autocab/raspberryPI3/ros2_ws/install/interfaces/include/interfaces/interfaces/msg/detail/motors_order__rosidl_typesupport_introspection_cpp.hpp
[67.091s] -- Installing: /home/pi/autocab/raspberryPI3/ros2_ws/install/interfaces/include/interfaces/interfaces/msg/detail/motors_feedback__type_support.cpp
[67.092s] -- Installing: /home/pi/autocab/raspberryPI3/ros2_ws/install/interfaces/include/interfaces/interfaces/msg/detail/gnss__rosidl_typesupport_introspection_cpp.hpp
[67.093s] -- Installing: /home/pi/autocab/raspberryPI3/ros2_ws/install/interfaces/include/interfaces/interfaces/msg/detail/system_check__type_support.cpp
[67.095s] -- Installing: /home/pi/autocab/raspberryPI3/ros2_ws/install/interfaces/include/interfaces/interfaces/msg/detail/steering_calibration__type_support.cpp
[67.096s] -- Installing: /home/pi/autocab/raspberryPI3/ros2_ws/install/interfaces/include/interfaces/interfaces/msg/detail/steering_calibration__rosidl_typesupport_introspection_cpp.hpp
[67.099s] -- Installing: /home/pi/autocab/raspberryPI3/ros2_ws/install/interfaces/lib/libinterfaces__rosidl_typesupport_introspection_cpp.so
[67.102s] -- Set runtime path of "/home/pi/autocab/raspberryPI3/ros2_ws/install/interfaces/lib/libinterfaces__rosidl_typesupport_introspection_cpp.so" to ""
[67.103s] -- Installing: /home/pi/autocab/raspberryPI3/ros2_ws/install/interfaces/lib/libinterfaces__rosidl_typesupport_cpp.so
[67.105s] -- Set runtime path of "/home/pi/autocab/raspberryPI3/ros2_ws/install/interfaces/lib/libinterfaces__rosidl_typesupport_cpp.so" to ""
[67.106s] -- Up-to-date: /home/pi/autocab/raspberryPI3/ros2_ws/install/interfaces/share/interfaces/environment/pythonpath.sh
[67.106s] -- Installing: /home/pi/autocab/raspberryPI3/ros2_ws/install/interfaces/share/interfaces/environment/pythonpath.dsv
[67.107s] -- Up-to-date: /home/pi/autocab/raspberryPI3/ros2_ws/install/interfaces/local/lib/python3.10/dist-packages/interfaces-0.0.0-py3.10.egg-info
[67.107s] -- Installing: /home/pi/autocab/raspberryPI3/ros2_ws/install/interfaces/local/lib/python3.10/dist-packages/interfaces-0.0.0-py3.10.egg-info/dependency_links.txt
[67.109s] -- Installing: /home/pi/autocab/raspberryPI3/ros2_ws/install/interfaces/local/lib/python3.10/dist-packages/interfaces-0.0.0-py3.10.egg-info/PKG-INFO
[67.110s] -- Installing: /home/pi/autocab/raspberryPI3/ros2_ws/install/interfaces/local/lib/python3.10/dist-packages/interfaces-0.0.0-py3.10.egg-info/top_level.txt
[67.111s] -- Installing: /home/pi/autocab/raspberryPI3/ros2_ws/install/interfaces/local/lib/python3.10/dist-packages/interfaces-0.0.0-py3.10.egg-info/SOURCES.txt
[67.113s] -- Up-to-date: /home/pi/autocab/raspberryPI3/ros2_ws/install/interfaces/local/lib/python3.10/dist-packages/interfaces
[67.113s] -- Installing: /home/pi/autocab/raspberryPI3/ros2_ws/install/interfaces/local/lib/python3.10/dist-packages/interfaces/_interfaces_s.ep.rosidl_typesupport_c.c
[67.115s] -- Installing: /home/pi/autocab/raspberryPI3/ros2_ws/install/interfaces/local/lib/python3.10/dist-packages/interfaces/interfaces_s__rosidl_typesupport_fastrtps_c.cpython-310-aarch64-linux-gnu.so
[67.117s] -- Installing: /home/pi/autocab/raspberryPI3/ros2_ws/install/interfaces/local/lib/python3.10/dist-packages/interfaces/libinterfaces__rosidl_generator_py.so
[67.118s] -- Installing: /home/pi/autocab/raspberryPI3/ros2_ws/install/interfaces/local/lib/python3.10/dist-packages/interfaces/_interfaces_s.ep.rosidl_typesupport_fastrtps_c.c
[67.120s] -- Installing: /home/pi/autocab/raspberryPI3/ros2_ws/install/interfaces/local/lib/python3.10/dist-packages/interfaces/__init__.py
[67.121s] -- Installing: /home/pi/autocab/raspberryPI3/ros2_ws/install/interfaces/local/lib/python3.10/dist-packages/interfaces/_interfaces_s.ep.rosidl_typesupport_introspection_c.c
[67.123s] -- Installing: /home/pi/autocab/raspberryPI3/ros2_ws/install/interfaces/local/lib/python3.10/dist-packages/interfaces/interfaces_s__rosidl_typesupport_c.cpython-310-aarch64-linux-gnu.so
[67.124s] -- Up-to-date: /home/pi/autocab/raspberryPI3/ros2_ws/install/interfaces/local/lib/python3.10/dist-packages/interfaces/msg
[67.124s] -- Installing: /home/pi/autocab/raspberryPI3/ros2_ws/install/interfaces/local/lib/python3.10/dist-packages/interfaces/msg/_joystick_order.py
[67.126s] -- Installing: /home/pi/autocab/raspberryPI3/ros2_ws/install/interfaces/local/lib/python3.10/dist-packages/interfaces/msg/_system_check_s.c
[67.127s] -- Installing: /home/pi/autocab/raspberryPI3/ros2_ws/install/interfaces/local/lib/python3.10/dist-packages/interfaces/msg/_joystick_order_s.c
[67.128s] -- Installing: /home/pi/autocab/raspberryPI3/ros2_ws/install/interfaces/local/lib/python3.10/dist-packages/interfaces/msg/_steering_calibration.py
[67.130s] -- Installing: /home/pi/autocab/raspberryPI3/ros2_ws/install/interfaces/local/lib/python3.10/dist-packages/interfaces/msg/_ultrasonic.py
[67.131s] -- Installing: /home/pi/autocab/raspberryPI3/ros2_ws/install/interfaces/local/lib/python3.10/dist-packages/interfaces/msg/_motors_feedback_s.c
[67.132s] -- Installing: /home/pi/autocab/raspberryPI3/ros2_ws/install/interfaces/local/lib/python3.10/dist-packages/interfaces/msg/__init__.py
[67.133s] -- Installing: /home/pi/autocab/raspberryPI3/ros2_ws/install/interfaces/local/lib/python3.10/dist-packages/interfaces/msg/_general_data.py
[67.134s] -- Installing: /home/pi/autocab/raspberryPI3/ros2_ws/install/interfaces/local/lib/python3.10/dist-packages/interfaces/msg/_general_data_s.c
[67.135s] -- Installing: /home/pi/autocab/raspberryPI3/ros2_ws/install/interfaces/local/lib/python3.10/dist-packages/interfaces/msg/_gnss.py
[67.137s] -- Installing: /home/pi/autocab/raspberryPI3/ros2_ws/install/interfaces/local/lib/python3.10/dist-packages/interfaces/msg/_motors_order_s.c
[67.138s] -- Installing: /home/pi/autocab/raspberryPI3/ros2_ws/install/interfaces/local/lib/python3.10/dist-packages/interfaces/msg/_steering_calibration_s.c
[67.139s] -- Installing: /home/pi/autocab/raspberryPI3/ros2_ws/install/interfaces/local/lib/python3.10/dist-packages/interfaces/msg/_gnss_s.c
[67.140s] -- Installing: /home/pi/autocab/raspberryPI3/ros2_ws/install/interfaces/local/lib/python3.10/dist-packages/interfaces/msg/_system_check.py
[67.141s] -- Installing: /home/pi/autocab/raspberryPI3/ros2_ws/install/interfaces/local/lib/python3.10/dist-packages/interfaces/msg/_motors_order.py
[67.143s] -- Installing: /home/pi/autocab/raspberryPI3/ros2_ws/install/interfaces/local/lib/python3.10/dist-packages/interfaces/msg/_motors_feedback.py
[67.144s] -- Installing: /home/pi/autocab/raspberryPI3/ros2_ws/install/interfaces/local/lib/python3.10/dist-packages/interfaces/msg/_ultrasonic_s.c
[67.145s] -- Installing: /home/pi/autocab/raspberryPI3/ros2_ws/install/interfaces/local/lib/python3.10/dist-packages/interfaces/interfaces_s__rosidl_typesupport_introspection_c.cpython-310-aarch64-linux-gnu.so
[67.335s] Listing '/home/pi/autocab/raspberryPI3/ros2_ws/install/interfaces/local/lib/python3.10/dist-packages/interfaces'...
[67.336s] Compiling '/home/pi/autocab/raspberryPI3/ros2_ws/install/interfaces/local/lib/python3.10/dist-packages/interfaces/__init__.py'...
[67.337s] Listing '/home/pi/autocab/raspberryPI3/ros2_ws/install/interfaces/local/lib/python3.10/dist-packages/interfaces/msg'...
[67.338s] Compiling '/home/pi/autocab/raspberryPI3/ros2_ws/install/interfaces/local/lib/python3.10/dist-packages/interfaces/msg/__init__.py'...
[67.339s] Compiling '/home/pi/autocab/raspberryPI3/ros2_ws/install/interfaces/local/lib/python3.10/dist-packages/interfaces/msg/_general_data.py'...
[67.340s] Compiling '/home/pi/autocab/raspberryPI3/ros2_ws/install/interfaces/local/lib/python3.10/dist-packages/interfaces/msg/_gnss.py'...
[67.341s] Compiling '/home/pi/autocab/raspberryPI3/ros2_ws/install/interfaces/local/lib/python3.10/dist-packages/interfaces/msg/_joystick_order.py'...
[67.342s] Compiling '/home/pi/autocab/raspberryPI3/ros2_ws/install/interfaces/local/lib/python3.10/dist-packages/interfaces/msg/_motors_feedback.py'...
[67.343s] Compiling '/home/pi/autocab/raspberryPI3/ros2_ws/install/interfaces/local/lib/python3.10/dist-packages/interfaces/msg/_motors_order.py'...
[67.344s] Compiling '/home/pi/autocab/raspberryPI3/ros2_ws/install/interfaces/local/lib/python3.10/dist-packages/interfaces/msg/_steering_calibration.py'...
[67.345s] Compiling '/home/pi/autocab/raspberryPI3/ros2_ws/install/interfaces/local/lib/python3.10/dist-packages/interfaces/msg/_system_check.py'...
[67.346s] Compiling '/home/pi/autocab/raspberryPI3/ros2_ws/install/interfaces/local/lib/python3.10/dist-packages/interfaces/msg/_ultrasonic.py'...
[67.361s] -- Installing: /home/pi/autocab/raspberryPI3/ros2_ws/install/interfaces/local/lib/python3.10/dist-packages/interfaces/interfaces_s__rosidl_typesupport_fastrtps_c.cpython-310-aarch64-linux-gnu.so
[67.364s] -- Set runtime path of "/home/pi/autocab/raspberryPI3/ros2_ws/install/interfaces/local/lib/python3.10/dist-packages/interfaces/interfaces_s__rosidl_typesupport_fastrtps_c.cpython-310-aarch64-linux-gnu.so" to ""
[67.366s] -- Installing: /home/pi/autocab/raspberryPI3/ros2_ws/install/interfaces/local/lib/python3.10/dist-packages/interfaces/interfaces_s__rosidl_typesupport_introspection_c.cpython-310-aarch64-linux-gnu.so
[67.369s] -- Set runtime path of "/home/pi/autocab/raspberryPI3/ros2_ws/install/interfaces/local/lib/python3.10/dist-packages/interfaces/interfaces_s__rosidl_typesupport_introspection_c.cpython-310-aarch64-linux-gnu.so" to ""
[67.371s] -- Installing: /home/pi/autocab/raspberryPI3/ros2_ws/install/interfaces/local/lib/python3.10/dist-packages/interfaces/interfaces_s__rosidl_typesupport_c.cpython-310-aarch64-linux-gnu.so
[67.375s] -- Set runtime path of "/home/pi/autocab/raspberryPI3/ros2_ws/install/interfaces/local/lib/python3.10/dist-packages/interfaces/interfaces_s__rosidl_typesupport_c.cpython-310-aarch64-linux-gnu.so" to ""
[67.377s] -- Installing: /home/pi/autocab/raspberryPI3/ros2_ws/install/interfaces/lib/libinterfaces__rosidl_generator_py.so
[67.380s] -- Set runtime path of "/home/pi/autocab/raspberryPI3/ros2_ws/install/interfaces/lib/libinterfaces__rosidl_generator_py.so" to ""
[67.380s] -- Up-to-date: /home/pi/autocab/raspberryPI3/ros2_ws/install/interfaces/share/interfaces/msg/JoystickOrder.idl
[67.381s] -- Up-to-date: /home/pi/autocab/raspberryPI3/ros2_ws/install/interfaces/share/interfaces/msg/MotorsOrder.idl
[67.381s] -- Up-to-date: /home/pi/autocab/raspberryPI3/ros2_ws/install/interfaces/share/interfaces/msg/MotorsFeedback.idl
[67.382s] -- Up-to-date: /home/pi/autocab/raspberryPI3/ros2_ws/install/interfaces/share/interfaces/msg/GeneralData.idl
[67.382s] -- Up-to-date: /home/pi/autocab/raspberryPI3/ros2_ws/install/interfaces/share/interfaces/msg/SteeringCalibration.idl
[67.382s] -- Up-to-date: /home/pi/autocab/raspberryPI3/ros2_ws/install/interfaces/share/interfaces/msg/Ultrasonic.idl
[67.383s] -- Up-to-date: /home/pi/autocab/raspberryPI3/ros2_ws/install/interfaces/share/interfaces/msg/Gnss.idl
[67.383s] -- Up-to-date: /home/pi/autocab/raspberryPI3/ros2_ws/install/interfaces/share/interfaces/msg/SystemCheck.idl
[67.384s] -- Installing: /home/pi/autocab/raspberryPI3/ros2_ws/install/interfaces/share/interfaces/msg/JoystickOrder.msg
[67.385s] -- Installing: /home/pi/autocab/raspberryPI3/ros2_ws/install/interfaces/share/interfaces/msg/MotorsOrder.msg
[67.386s] -- Installing: /home/pi/autocab/raspberryPI3/ros2_ws/install/interfaces/share/interfaces/msg/MotorsFeedback.msg
[67.387s] -- Installing: /home/pi/autocab/raspberryPI3/ros2_ws/install/interfaces/share/interfaces/msg/GeneralData.msg
[67.388s] -- Installing: /home/pi/autocab/raspberryPI3/ros2_ws/install/interfaces/share/interfaces/msg/SteeringCalibration.msg
[67.390s] -- Installing: /home/pi/autocab/raspberryPI3/ros2_ws/install/interfaces/share/interfaces/msg/Ultrasonic.msg
[67.391s] -- Installing: /home/pi/autocab/raspberryPI3/ros2_ws/install/interfaces/share/interfaces/msg/Gnss.msg
[67.392s] -- Installing: /home/pi/autocab/raspberryPI3/ros2_ws/install/interfaces/share/interfaces/msg/SystemCheck.msg
[67.393s] -- Up-to-date: /home/pi/autocab/raspberryPI3/ros2_ws/install/interfaces/share/ament_index/resource_index/package_run_dependencies/interfaces
[67.394s] -- Installing: /home/pi/autocab/raspberryPI3/ros2_ws/install/interfaces/share/ament_index/resource_index/parent_prefix_path/interfaces
[67.395s] -- Installing: /home/pi/autocab/raspberryPI3/ros2_ws/install/interfaces/share/interfaces/environment/ament_prefix_path.sh
[67.396s] -- Installing: /home/pi/autocab/raspberryPI3/ros2_ws/install/interfaces/share/interfaces/environment/ament_prefix_path.dsv
[67.398s] -- Installing: /home/pi/autocab/raspberryPI3/ros2_ws/install/interfaces/share/interfaces/environment/path.sh
[67.399s] -- Installing: /home/pi/autocab/raspberryPI3/ros2_ws/install/interfaces/share/interfaces/environment/path.dsv
[67.400s] -- Up-to-date: /home/pi/autocab/raspberryPI3/ros2_ws/install/interfaces/share/interfaces/local_setup.bash
[67.401s] -- Installing: /home/pi/autocab/raspberryPI3/ros2_ws/install/interfaces/share/interfaces/local_setup.sh
[67.402s] -- Up-to-date: /home/pi/autocab/raspberryPI3/ros2_ws/install/interfaces/share/interfaces/local_setup.zsh
[67.402s] -- Installing: /home/pi/autocab/raspberryPI3/ros2_ws/install/interfaces/share/interfaces/local_setup.dsv
[67.403s] -- Installing: /home/pi/autocab/raspberryPI3/ros2_ws/install/interfaces/share/interfaces/package.dsv
[67.405s] -- Up-to-date: /home/pi/autocab/raspberryPI3/ros2_ws/install/interfaces/share/ament_index/resource_index/packages/interfaces
[67.406s] -- Old export file "/home/pi/autocab/raspberryPI3/ros2_ws/install/interfaces/share/interfaces/cmake/export_interfaces__rosidl_generator_cExport.cmake" will be replaced.  Removing files [/home/pi/autocab/raspberryPI3/ros2_ws/install/interfaces/share/interfaces/cmake/export_interfaces__rosidl_generator_cExport-noconfig.cmake].
[67.406s] -- Installing: /home/pi/autocab/raspberryPI3/ros2_ws/install/interfaces/share/interfaces/cmake/export_interfaces__rosidl_generator_cExport.cmake
[67.408s] -- Installing: /home/pi/autocab/raspberryPI3/ros2_ws/install/interfaces/share/interfaces/cmake/export_interfaces__rosidl_generator_cExport-noconfig.cmake
[67.410s] -- Old export file "/home/pi/autocab/raspberryPI3/ros2_ws/install/interfaces/share/interfaces/cmake/export_interfaces__rosidl_typesupport_fastrtps_cExport.cmake" will be replaced.  Removing files [/home/pi/autocab/raspberryPI3/ros2_ws/install/interfaces/share/interfaces/cmake/export_interfaces__rosidl_typesupport_fastrtps_cExport-noconfig.cmake].
[67.410s] -- Installing: /home/pi/autocab/raspberryPI3/ros2_ws/install/interfaces/share/interfaces/cmake/export_interfaces__rosidl_typesupport_fastrtps_cExport.cmake
[67.412s] -- Installing: /home/pi/autocab/raspberryPI3/ros2_ws/install/interfaces/share/interfaces/cmake/export_interfaces__rosidl_typesupport_fastrtps_cExport-noconfig.cmake
[67.414s] -- Installing: /home/pi/autocab/raspberryPI3/ros2_ws/install/interfaces/share/interfaces/cmake/export_interfaces__rosidl_generator_cppExport.cmake
[67.416s] -- Old export file "/home/pi/autocab/raspberryPI3/ros2_ws/install/interfaces/share/interfaces/cmake/export_interfaces__rosidl_typesupport_fastrtps_cppExport.cmake" will be replaced.  Removing files [/home/pi/autocab/raspberryPI3/ros2_ws/install/interfaces/share/interfaces/cmake/export_interfaces__rosidl_typesupport_fastrtps_cppExport-noconfig.cmake].
[67.416s] -- Installing: /home/pi/autocab/raspberryPI3/ros2_ws/install/interfaces/share/interfaces/cmake/export_interfaces__rosidl_typesupport_fastrtps_cppExport.cmake
[67.418s] -- Installing: /home/pi/autocab/raspberryPI3/ros2_ws/install/interfaces/share/interfaces/cmake/export_interfaces__rosidl_typesupport_fastrtps_cppExport-noconfig.cmake
[67.419s] -- Old export file "/home/pi/autocab/raspberryPI3/ros2_ws/install/interfaces/share/interfaces/cmake/interfaces__rosidl_typesupport_introspection_cExport.cmake" will be replaced.  Removing files [/home/pi/autocab/raspberryPI3/ros2_ws/install/interfaces/share/interfaces/cmake/interfaces__rosidl_typesupport_introspection_cExport-noconfig.cmake].
[67.420s] -- Installing: /home/pi/autocab/raspberryPI3/ros2_ws/install/interfaces/share/interfaces/cmake/interfaces__rosidl_typesupport_introspection_cExport.cmake
[67.422s] -- Installing: /home/pi/autocab/raspberryPI3/ros2_ws/install/interfaces/share/interfaces/cmake/interfaces__rosidl_typesupport_introspection_cExport-noconfig.cmake
[67.423s] -- Old export file "/home/pi/autocab/raspberryPI3/ros2_ws/install/interfaces/share/interfaces/cmake/interfaces__rosidl_typesupport_cExport.cmake" will be replaced.  Removing files [/home/pi/autocab/raspberryPI3/ros2_ws/install/interfaces/share/interfaces/cmake/interfaces__rosidl_typesupport_cExport-noconfig.cmake].
[67.424s] -- Installing: /home/pi/autocab/raspberryPI3/ros2_ws/install/interfaces/share/interfaces/cmake/interfaces__rosidl_typesupport_cExport.cmake
[67.425s] -- Installing: /home/pi/autocab/raspberryPI3/ros2_ws/install/interfaces/share/interfaces/cmake/interfaces__rosidl_typesupport_cExport-noconfig.cmake
[67.427s] -- Old export file "/home/pi/autocab/raspberryPI3/ros2_ws/install/interfaces/share/interfaces/cmake/interfaces__rosidl_typesupport_introspection_cppExport.cmake" will be replaced.  Removing files [/home/pi/autocab/raspberryPI3/ros2_ws/install/interfaces/share/interfaces/cmake/interfaces__rosidl_typesupport_introspection_cppExport-noconfig.cmake].
[67.427s] -- Installing: /home/pi/autocab/raspberryPI3/ros2_ws/install/interfaces/share/interfaces/cmake/interfaces__rosidl_typesupport_introspection_cppExport.cmake
[67.429s] -- Installing: /home/pi/autocab/raspberryPI3/ros2_ws/install/interfaces/share/interfaces/cmake/interfaces__rosidl_typesupport_introspection_cppExport-noconfig.cmake
[67.431s] -- Old export file "/home/pi/autocab/raspberryPI3/ros2_ws/install/interfaces/share/interfaces/cmake/interfaces__rosidl_typesupport_cppExport.cmake" will be replaced.  Removing files [/home/pi/autocab/raspberryPI3/ros2_ws/install/interfaces/share/interfaces/cmake/interfaces__rosidl_typesupport_cppExport-noconfig.cmake].
[67.431s] -- Installing: /home/pi/autocab/raspberryPI3/ros2_ws/install/interfaces/share/interfaces/cmake/interfaces__rosidl_typesupport_cppExport.cmake
[67.433s] -- Installing: /home/pi/autocab/raspberryPI3/ros2_ws/install/interfaces/share/interfaces/cmake/interfaces__rosidl_typesupport_cppExport-noconfig.cmake
[67.434s] -- Old export file "/home/pi/autocab/raspberryPI3/ros2_ws/install/interfaces/share/interfaces/cmake/export_interfaces__rosidl_generator_pyExport.cmake" will be replaced.  Removing files [/home/pi/autocab/raspberryPI3/ros2_ws/install/interfaces/share/interfaces/cmake/export_interfaces__rosidl_generator_pyExport-noconfig.cmake].
[67.435s] -- Installing: /home/pi/autocab/raspberryPI3/ros2_ws/install/interfaces/share/interfaces/cmake/export_interfaces__rosidl_generator_pyExport.cmake
[67.437s] -- Installing: /home/pi/autocab/raspberryPI3/ros2_ws/install/interfaces/share/interfaces/cmake/export_interfaces__rosidl_generator_pyExport-noconfig.cmake
[67.438s] -- Up-to-date: /home/pi/autocab/raspberryPI3/ros2_ws/install/interfaces/share/interfaces/cmake/rosidl_cmake-extras.cmake
[67.438s] -- Up-to-date: /home/pi/autocab/raspberryPI3/ros2_ws/install/interfaces/share/interfaces/cmake/ament_cmake_export_include_directories-extras.cmake
[67.439s] -- Up-to-date: /home/pi/autocab/raspberryPI3/ros2_ws/install/interfaces/share/interfaces/cmake/ament_cmake_export_libraries-extras.cmake
[67.439s] -- Installing: /home/pi/autocab/raspberryPI3/ros2_ws/install/interfaces/share/interfaces/cmake/ament_cmake_export_targets-extras.cmake
[67.441s] -- Up-to-date: /home/pi/autocab/raspberryPI3/ros2_ws/install/interfaces/share/interfaces/cmake/rosidl_cmake_export_typesupport_targets-extras.cmake
[67.441s] -- Up-to-date: /home/pi/autocab/raspberryPI3/ros2_ws/install/interfaces/share/interfaces/cmake/ament_cmake_export_dependencies-extras.cmake
[67.441s] -- Up-to-date: /home/pi/autocab/raspberryPI3/ros2_ws/install/interfaces/share/interfaces/cmake/rosidl_cmake_export_typesupport_libraries-extras.cmake
[67.442s] -- Up-to-date: /home/pi/autocab/raspberryPI3/ros2_ws/install/interfaces/share/interfaces/cmake/interfacesConfig.cmake
[67.442s] -- Up-to-date: /home/pi/autocab/raspberryPI3/ros2_ws/install/interfaces/share/interfaces/cmake/interfacesConfig-version.cmake
[67.443s] -- Installing: /home/pi/autocab/raspberryPI3/ros2_ws/install/interfaces/share/interfaces/package.xml
[67.458s] Invoked command in '/home/pi/autocab/raspberryPI3/ros2_ws/build/interfaces' returned '0': CMAKE_PREFIX_PATH=${CMAKE_PREFIX_PATH}:/opt/ros/humble /usr/bin/cmake --install /home/pi/autocab/raspberryPI3/ros2_ws/build/interfaces
