[0.081s] Invoking command in '/home/lilultime/Autocab/autocab/raspberryPI3/ros2_ws/build/auto_traj': CMAKE_PREFIX_PATH=${CMAKE_PREFIX_PATH}:/home/lilultime/ros2_ws/install/my_robot_controller:/opt/ros/humble /usr/local/bin/cmake /home/lilultime/Autocab/autocab/raspberryPI3/ros2_ws/src/auto_traj -DCMAKE_INSTALL_PREFIX=/home/lilultime/Autocab/autocab/raspberryPI3/ros2_ws/install/auto_traj
[0.111s] -- Found ament_cmake: 1.3.5 (/opt/ros/humble/share/ament_cmake/cmake)
[0.226s] -- Found rclcpp: 16.0.6 (/opt/ros/humble/share/rclcpp/cmake)
[0.265s] -- Found rosidl_generator_c: 3.1.5 (/opt/ros/humble/share/rosidl_generator_c/cmake)
[0.268s] -- Found rosidl_adapter: 3.1.5 (/opt/ros/humble/share/rosidl_adapter/cmake)
[0.275s] -- Found rosidl_generator_cpp: 3.1.5 (/opt/ros/humble/share/rosidl_generator_cpp/cmake)
[0.289s] -- Using all available rosidl_typesupport_c: rosidl_typesupport_fastrtps_c;rosidl_typesupport_introspection_c
[0.309s] -- Using all available rosidl_typesupport_cpp: rosidl_typesupport_fastrtps_cpp;rosidl_typesupport_introspection_cpp
[0.385s] -- Found rmw_implementation_cmake: 6.1.1 (/opt/ros/humble/share/rmw_implementation_cmake/cmake)
[0.386s] -- Found rmw_fastrtps_cpp: 6.2.4 (/opt/ros/humble/share/rmw_fastrtps_cpp/cmake)
[0.522s] -- Using RMW implementation 'rmw_fastrtps_cpp' as default
[0.714s] -- Found ament_lint_auto: 0.12.8 (/opt/ros/humble/share/ament_lint_auto/cmake)
[0.784s] -- Added test 'cppcheck' to perform static code analysis on C / C++ code
[0.784s] -- Configured cppcheck include dirs: 
[0.784s] -- Configured cppcheck exclude dirs and/or files: 
[0.785s] -- Added test 'lint_cmake' to check CMake code style
[0.787s] -- Added test 'uncrustify' to check C / C++ code style
[0.787s] -- Configured uncrustify additional arguments: 
[0.788s] -- Added test 'xmllint' to check XML markup files
[0.790s] -- Configuring done (0.7s)
[0.801s] -- Generating done (0.0s)
[0.803s] -- Build files have been written to: /home/lilultime/Autocab/autocab/raspberryPI3/ros2_ws/build/auto_traj
[0.814s] Invoked command in '/home/lilultime/Autocab/autocab/raspberryPI3/ros2_ws/build/auto_traj' returned '0': CMAKE_PREFIX_PATH=${CMAKE_PREFIX_PATH}:/home/lilultime/ros2_ws/install/my_robot_controller:/opt/ros/humble /usr/local/bin/cmake /home/lilultime/Autocab/autocab/raspberryPI3/ros2_ws/src/auto_traj -DCMAKE_INSTALL_PREFIX=/home/lilultime/Autocab/autocab/raspberryPI3/ros2_ws/install/auto_traj
[0.816s] Invoking command in '/home/lilultime/Autocab/autocab/raspberryPI3/ros2_ws/build/auto_traj': CMAKE_PREFIX_PATH=${CMAKE_PREFIX_PATH}:/home/lilultime/ros2_ws/install/my_robot_controller:/opt/ros/humble /usr/local/bin/cmake --build /home/lilultime/Autocab/autocab/raspberryPI3/ros2_ws/build/auto_traj -- -j8 -l8
[0.862s] [ 50%] [32mBuilding CXX object CMakeFiles/straight_traj_exec.dir/src/straight_traj_node.cpp.o[0m
[3.502s] [100%] [32m[1mLinking CXX executable straight_traj_exec[0m
[3.622s] [100%] Built target straight_traj_exec
[3.630s] Invoked command in '/home/lilultime/Autocab/autocab/raspberryPI3/ros2_ws/build/auto_traj' returned '0': CMAKE_PREFIX_PATH=${CMAKE_PREFIX_PATH}:/home/lilultime/ros2_ws/install/my_robot_controller:/opt/ros/humble /usr/local/bin/cmake --build /home/lilultime/Autocab/autocab/raspberryPI3/ros2_ws/build/auto_traj -- -j8 -l8
[3.707s] Invoking command in '/home/lilultime/Autocab/autocab/raspberryPI3/ros2_ws/build/auto_traj': CMAKE_PREFIX_PATH=${CMAKE_PREFIX_PATH}:/home/lilultime/ros2_ws/install/my_robot_controller:/opt/ros/humble /usr/local/bin/cmake --install /home/lilultime/Autocab/autocab/raspberryPI3/ros2_ws/build/auto_traj
[3.733s] -- Install configuration: ""
[3.733s] -- Installing: /home/lilultime/Autocab/autocab/raspberryPI3/ros2_ws/install/auto_traj/lib/auto_traj/straight_traj_exec
[3.734s] -- Set runtime path of "/home/lilultime/Autocab/autocab/raspberryPI3/ros2_ws/install/auto_traj/lib/auto_traj/straight_traj_exec" to ""
[3.734s] -- Installing: /home/lilultime/Autocab/autocab/raspberryPI3/ros2_ws/install/auto_traj/share/ament_index/resource_index/package_run_dependencies/auto_traj
[3.734s] -- Installing: /home/lilultime/Autocab/autocab/raspberryPI3/ros2_ws/install/auto_traj/share/ament_index/resource_index/parent_prefix_path/auto_traj
[3.734s] -- Installing: /home/lilultime/Autocab/autocab/raspberryPI3/ros2_ws/install/auto_traj/share/auto_traj/environment/ament_prefix_path.sh
[3.735s] -- Installing: /home/lilultime/Autocab/autocab/raspberryPI3/ros2_ws/install/auto_traj/share/auto_traj/environment/ament_prefix_path.dsv
[3.735s] -- Installing: /home/lilultime/Autocab/autocab/raspberryPI3/ros2_ws/install/auto_traj/share/auto_traj/environment/path.sh
[3.735s] -- Installing: /home/lilultime/Autocab/autocab/raspberryPI3/ros2_ws/install/auto_traj/share/auto_traj/environment/path.dsv
[3.735s] -- Installing: /home/lilultime/Autocab/autocab/raspberryPI3/ros2_ws/install/auto_traj/share/auto_traj/local_setup.bash
[3.735s] -- Installing: /home/lilultime/Autocab/autocab/raspberryPI3/ros2_ws/install/auto_traj/share/auto_traj/local_setup.sh
[3.735s] -- Installing: /home/lilultime/Autocab/autocab/raspberryPI3/ros2_ws/install/auto_traj/share/auto_traj/local_setup.zsh
[3.736s] -- Installing: /home/lilultime/Autocab/autocab/raspberryPI3/ros2_ws/install/auto_traj/share/auto_traj/local_setup.dsv
[3.736s] -- Installing: /home/lilultime/Autocab/autocab/raspberryPI3/ros2_ws/install/auto_traj/share/auto_traj/package.dsv
[3.736s] -- Installing: /home/lilultime/Autocab/autocab/raspberryPI3/ros2_ws/install/auto_traj/share/ament_index/resource_index/packages/auto_traj
[3.736s] -- Installing: /home/lilultime/Autocab/autocab/raspberryPI3/ros2_ws/install/auto_traj/share/auto_traj/cmake/auto_trajConfig.cmake
[3.737s] -- Installing: /home/lilultime/Autocab/autocab/raspberryPI3/ros2_ws/install/auto_traj/share/auto_traj/cmake/auto_trajConfig-version.cmake
[3.737s] -- Installing: /home/lilultime/Autocab/autocab/raspberryPI3/ros2_ws/install/auto_traj/share/auto_traj/package.xml
[3.745s] Invoked command in '/home/lilultime/Autocab/autocab/raspberryPI3/ros2_ws/build/auto_traj' returned '0': CMAKE_PREFIX_PATH=${CMAKE_PREFIX_PATH}:/home/lilultime/ros2_ws/install/my_robot_controller:/opt/ros/humble /usr/local/bin/cmake --install /home/lilultime/Autocab/autocab/raspberryPI3/ros2_ws/build/auto_traj
