[0.073s] Invoking command in '/home/achraf/autocab/raspberryPI3/ros2_ws/build/rviz_imu_plugin': CMAKE_PREFIX_PATH=/opt/ros/humble /usr/bin/cmake /home/achraf/autocab/raspberryPI3/ros2_ws/src/imu_tools/rviz_imu_plugin -DCMAKE_INSTALL_PREFIX=/home/achraf/autocab/raspberryPI3/ros2_ws/install/rviz_imu_plugin
[0.177s] -- The C compiler identification is GNU 11.4.0
[0.328s] -- The CXX compiler identification is GNU 11.4.0
[0.341s] -- Detecting C compiler ABI info
[0.447s] -- Detecting C compiler ABI info - done
[0.460s] -- Check for working C compiler: /usr/bin/cc - skipped
[0.485s] -- Detecting C compile features
[0.485s] -- Detecting C compile features - done
[0.486s] -- Detecting CXX compiler ABI info
[0.612s] -- Detecting CXX compiler ABI info - done
[0.628s] -- Check for working CXX compiler: /usr/bin/c++ - skipped
[0.628s] -- Detecting CXX compile features
[0.629s] -- Detecting CXX compile features - done
[0.632s] -- Found ament_cmake: 1.3.6 (/opt/ros/humble/share/ament_cmake/cmake)
[0.835s] -- Found Python3: /usr/bin/python3.10 (found version "3.10.12") found components: Interpreter 
[0.937s] -- Found message_filters: 4.3.3 (/opt/ros/humble/share/message_filters/cmake)
[0.991s] -- Found rosidl_generator_c: 3.1.5 (/opt/ros/humble/share/rosidl_generator_c/cmake)
[0.996s] -- Found rosidl_adapter: 3.1.5 (/opt/ros/humble/share/rosidl_adapter/cmake)
[1.005s] -- Found rosidl_generator_cpp: 3.1.5 (/opt/ros/humble/share/rosidl_generator_cpp/cmake)
[1.024s] -- Using all available rosidl_typesupport_c: rosidl_typesupport_fastrtps_c;rosidl_typesupport_introspection_c
[1.044s] -- Using all available rosidl_typesupport_cpp: rosidl_typesupport_fastrtps_cpp;rosidl_typesupport_introspection_cpp
[1.112s] -- Found rmw_implementation_cmake: 6.1.1 (/opt/ros/humble/share/rmw_implementation_cmake/cmake)
[1.114s] -- Found rmw_fastrtps_cpp: 6.2.5 (/opt/ros/humble/share/rmw_fastrtps_cpp/cmake)
[1.230s] -- Found OpenSSL: /usr/lib/x86_64-linux-gnu/libcrypto.so (found version "3.0.2")  
[1.265s] -- Found FastRTPS: /opt/ros/humble/include  
[1.331s] -- Using RMW implementation 'rmw_fastrtps_cpp' as default
[1.343s] -- Looking for pthread.h
[1.418s] -- Looking for pthread.h - found
[1.418s] -- Performing Test CMAKE_HAVE_LIBC_PTHREAD
[1.493s] -- Performing Test CMAKE_HAVE_LIBC_PTHREAD - Success
[1.494s] -- Found Threads: TRUE  
[1.731s] -- Found rviz_common: 11.2.9 (/opt/ros/humble/share/rviz_common/cmake)
[1.745s] -- Setting OGRE_DIR to: '/opt/ros/humble/share/rviz_ogre_vendor/cmake/../../../opt/rviz_ogre_vendor/lib/OGRE/cmake'
[1.747s] -- Found OGRE
[1.747s] --   static     : OFF
[1.748s] --   components : HLMS;MeshLodGenerator;Overlay;Paging;Property;RTShaderSystem;Terrain;Volume
[1.748s] --   plugins    : Plugin_BSPSceneManager;Plugin_OctreeSceneManager;Plugin_PCZSceneManager;Plugin_ParticleFX;RenderSystem_GL;RenderSystem_GL3Plus;Codec_STBI
[1.748s] --   media      : /opt/ros/humble/opt/rviz_ogre_vendor/share/OGRE/Media
[1.748s] -- OGRE_LIBRARIES: OgreHLMS;OgreMeshLodGenerator;OgreOverlay;OgrePaging;OgreProperty;OgreRTShaderSystem;OgreTerrain;OgreVolume;OgreMain
[1.749s] -- OGRE_LIBRARY_DIRS: /opt/ros/humble/opt/rviz_ogre_vendor/lib
[1.749s] -- OGRE_PLUGINS: Plugin_BSPSceneManager;Plugin_OctreeSceneManager;Plugin_PCZSceneManager;Plugin_ParticleFX;RenderSystem_GL;RenderSystem_GL3Plus;Codec_STBI
[1.749s] -- OGRE_PLUGIN_DIR: /opt/ros/humble/opt/rviz_ogre_vendor/lib/OGRE
[1.750s] -- rviz_ogre_vendor::OgreOverlay for IMPORTED_LOCATION_RELEASE: /opt/ros/humble/opt/rviz_ogre_vendor/lib/libOgreOverlay.so
[1.750s] -- rviz_ogre_vendor::OgreOverlay for IMPORTED_LOCATION_DEBUG: /opt/ros/humble/opt/rviz_ogre_vendor/lib/libOgreOverlay.so
[1.750s] -- rviz_ogre_vendor::OgreMain for IMPORTED_LOCATION_RELEASE: /opt/ros/humble/opt/rviz_ogre_vendor/lib/libOgreMain.so
[1.750s] -- rviz_ogre_vendor::OgreMain for IMPORTED_LOCATION_DEBUG: /opt/ros/humble/opt/rviz_ogre_vendor/lib/libOgreMain.so
[1.751s] -- Could not find freeimage library
[1.771s] -- Found ZLIB: /usr/lib/x86_64-linux-gnu/libz.so (found version "1.2.11") 
[1.778s] -- Found OpenGL: /usr/lib/x86_64-linux-gnu/libOpenGL.so   
[1.867s] -- Found X11: /usr/include   
[1.867s] -- Looking for XOpenDisplay in /usr/lib/x86_64-linux-gnu/libX11.so;/usr/lib/x86_64-linux-gnu/libXext.so
[1.938s] -- Looking for XOpenDisplay in /usr/lib/x86_64-linux-gnu/libX11.so;/usr/lib/x86_64-linux-gnu/libXext.so - found
[1.938s] -- Looking for gethostbyname
[2.040s] -- Looking for gethostbyname - found
[2.040s] -- Looking for connect
[2.134s] -- Looking for connect - found
[2.134s] -- Looking for remove
[2.203s] -- Looking for remove - found
[2.204s] -- Looking for shmat
[2.278s] -- Looking for shmat - found
[2.278s] -- Looking for IceConnectionNumber in ICE
[2.362s] -- Looking for IceConnectionNumber in ICE - found
[2.365s] -- rviz_ogre_vendor::RenderSystem_GL for IMPORTED_LOCATION_RELEASE: _render_system_gl_static_library_abs-NOTFOUND
[2.366s] -- rviz_ogre_vendor::RenderSystem_GL for IMPORTED_LOCATION_DEBUG: _render_system_gl_static_library_abs-NOTFOUND
[2.455s] -- library: /usr/lib/x86_64-linux-gnu/libcurl.so
[2.683s] -- Found Eigen3: TRUE (found version "3.4.0") 
[2.683s] -- Ensuring Eigen3 include directory is part of orocos-kdl CMake target
[3.225s] -- Configuring done
[3.266s] -- Generating done
[3.270s] -- Build files have been written to: /home/achraf/autocab/raspberryPI3/ros2_ws/build/rviz_imu_plugin
[3.287s] Invoked command in '/home/achraf/autocab/raspberryPI3/ros2_ws/build/rviz_imu_plugin' returned '0': CMAKE_PREFIX_PATH=/opt/ros/humble /usr/bin/cmake /home/achraf/autocab/raspberryPI3/ros2_ws/src/imu_tools/rviz_imu_plugin -DCMAKE_INSTALL_PREFIX=/home/achraf/autocab/raspberryPI3/ros2_ws/install/rviz_imu_plugin
[3.289s] Invoking command in '/home/achraf/autocab/raspberryPI3/ros2_ws/build/rviz_imu_plugin': CMAKE_PREFIX_PATH=/opt/ros/humble /usr/bin/cmake --build /home/achraf/autocab/raspberryPI3/ros2_ws/build/rviz_imu_plugin -- -j8 -l8
[3.340s] [ 11%] [34m[1mAutomatic MOC for target rviz_imu_plugin[0m
[3.850s] [ 11%] Built target rviz_imu_plugin_autogen
[3.874s] [ 22%] [32mBuilding CXX object CMakeFiles/rviz_imu_plugin.dir/rviz_imu_plugin_autogen/mocs_compilation.cpp.o[0m
[3.874s] [ 33%] [32mBuilding CXX object CMakeFiles/rviz_imu_plugin.dir/src/imu_display.cpp.o[0m
[3.874s] [ 44%] [32mBuilding CXX object CMakeFiles/rviz_imu_plugin.dir/src/imu_orientation_visual.cpp.o[0m
[3.874s] [ 55%] [32mBuilding CXX object CMakeFiles/rviz_imu_plugin.dir/src/imu_axes_visual.cpp.o[0m
[3.875s] [ 66%] [32mBuilding CXX object CMakeFiles/rviz_imu_plugin.dir/src/imu_acc_visual.cpp.o[0m
[3.895s] [ 77%] [32mBuilding CXX object CMakeFiles/rviz_imu_plugin.dir/src/mag_display.cpp.o[0m
[3.895s] [ 88%] [32mBuilding CXX object CMakeFiles/rviz_imu_plugin.dir/src/mag_visual.cpp.o[0m
[19.943s] [100%] [32m[1mLinking CXX shared library librviz_imu_plugin.so[0m
[22.047s] [100%] Built target rviz_imu_plugin
[22.058s] Invoked command in '/home/achraf/autocab/raspberryPI3/ros2_ws/build/rviz_imu_plugin' returned '0': CMAKE_PREFIX_PATH=/opt/ros/humble /usr/bin/cmake --build /home/achraf/autocab/raspberryPI3/ros2_ws/build/rviz_imu_plugin -- -j8 -l8
[22.097s] Invoking command in '/home/achraf/autocab/raspberryPI3/ros2_ws/build/rviz_imu_plugin': CMAKE_PREFIX_PATH=/opt/ros/humble /usr/bin/cmake --install /home/achraf/autocab/raspberryPI3/ros2_ws/build/rviz_imu_plugin
[22.104s] -- Install configuration: ""
[22.104s] -- Installing: /home/achraf/autocab/raspberryPI3/ros2_ws/install/rviz_imu_plugin/share/rviz_imu_plugin/plugin_description.xml
[22.104s] -- Installing: /home/achraf/autocab/raspberryPI3/ros2_ws/install/rviz_imu_plugin/share/rviz_imu_plugin/environment/library_path.sh
[22.104s] -- Installing: /home/achraf/autocab/raspberryPI3/ros2_ws/install/rviz_imu_plugin/share/rviz_imu_plugin/environment/library_path.dsv
[22.104s] -- Installing: /home/achraf/autocab/raspberryPI3/ros2_ws/install/rviz_imu_plugin/lib/librviz_imu_plugin.so
[22.116s] -- Set runtime path of "/home/achraf/autocab/raspberryPI3/ros2_ws/install/rviz_imu_plugin/lib/librviz_imu_plugin.so" to ""
[22.116s] -- Installing: /home/achraf/autocab/raspberryPI3/ros2_ws/install/rviz_imu_plugin/share/ament_index/resource_index/package_run_dependencies/rviz_imu_plugin
[22.116s] -- Installing: /home/achraf/autocab/raspberryPI3/ros2_ws/install/rviz_imu_plugin/share/ament_index/resource_index/parent_prefix_path/rviz_imu_plugin
[22.116s] -- Installing: /home/achraf/autocab/raspberryPI3/ros2_ws/install/rviz_imu_plugin/share/rviz_imu_plugin/environment/ament_prefix_path.sh
[22.117s] -- Installing: /home/achraf/autocab/raspberryPI3/ros2_ws/install/rviz_imu_plugin/share/rviz_imu_plugin/environment/ament_prefix_path.dsv
[22.117s] -- Installing: /home/achraf/autocab/raspberryPI3/ros2_ws/install/rviz_imu_plugin/share/rviz_imu_plugin/environment/path.sh
[22.117s] -- Installing: /home/achraf/autocab/raspberryPI3/ros2_ws/install/rviz_imu_plugin/share/rviz_imu_plugin/environment/path.dsv
[22.117s] -- Installing: /home/achraf/autocab/raspberryPI3/ros2_ws/install/rviz_imu_plugin/share/rviz_imu_plugin/local_setup.bash
[22.117s] -- Installing: /home/achraf/autocab/raspberryPI3/ros2_ws/install/rviz_imu_plugin/share/rviz_imu_plugin/local_setup.sh
[22.117s] -- Installing: /home/achraf/autocab/raspberryPI3/ros2_ws/install/rviz_imu_plugin/share/rviz_imu_plugin/local_setup.zsh
[22.118s] -- Installing: /home/achraf/autocab/raspberryPI3/ros2_ws/install/rviz_imu_plugin/share/rviz_imu_plugin/local_setup.dsv
[22.118s] -- Installing: /home/achraf/autocab/raspberryPI3/ros2_ws/install/rviz_imu_plugin/share/rviz_imu_plugin/package.dsv
[22.118s] -- Installing: /home/achraf/autocab/raspberryPI3/ros2_ws/install/rviz_imu_plugin/share/ament_index/resource_index/packages/rviz_imu_plugin
[22.118s] -- Installing: /home/achraf/autocab/raspberryPI3/ros2_ws/install/rviz_imu_plugin/share/ament_index/resource_index/rviz_common__pluginlib__plugin/rviz_imu_plugin
[22.118s] -- Installing: /home/achraf/autocab/raspberryPI3/ros2_ws/install/rviz_imu_plugin/share/rviz_imu_plugin/cmake/ament_cmake_export_include_directories-extras.cmake
[22.118s] -- Installing: /home/achraf/autocab/raspberryPI3/ros2_ws/install/rviz_imu_plugin/share/rviz_imu_plugin/cmake/ament_cmake_export_libraries-extras.cmake
[22.118s] -- Installing: /home/achraf/autocab/raspberryPI3/ros2_ws/install/rviz_imu_plugin/share/rviz_imu_plugin/cmake/ament_cmake_export_dependencies-extras.cmake
[22.119s] -- Installing: /home/achraf/autocab/raspberryPI3/ros2_ws/install/rviz_imu_plugin/share/rviz_imu_plugin/cmake/rviz_imu_pluginConfig.cmake
[22.119s] -- Installing: /home/achraf/autocab/raspberryPI3/ros2_ws/install/rviz_imu_plugin/share/rviz_imu_plugin/cmake/rviz_imu_pluginConfig-version.cmake
[22.119s] -- Installing: /home/achraf/autocab/raspberryPI3/ros2_ws/install/rviz_imu_plugin/share/rviz_imu_plugin/package.xml
[22.121s] Invoked command in '/home/achraf/autocab/raspberryPI3/ros2_ws/build/rviz_imu_plugin' returned '0': CMAKE_PREFIX_PATH=/opt/ros/humble /usr/bin/cmake --install /home/achraf/autocab/raspberryPI3/ros2_ws/build/rviz_imu_plugin
