[0.147s] Invoking command in '/home/pi/autocab/raspberryPI3/ros2_ws/build/imu_filter_madgwick': CMAKE_PREFIX_PATH=${CMAKE_PREFIX_PATH}:/opt/ros/humble /usr/bin/cmake --build /home/pi/autocab/raspberryPI3/ros2_ws/build/imu_filter_madgwick -- -j4 -l4
[0.416s] [35m[1mConsolidate compiler generated dependencies of target imu_filter_madgwick[0m
[0.425s] [35m[1mConsolidate compiler generated dependencies of target gtest_main[0m
[0.430s] [35m[1mConsolidate compiler generated dependencies of target gtest[0m
[0.568s] [ 14%] Built target gtest
[0.592s] [ 28%] Built target gtest_main
[0.642s] [ 57%] Built target imu_filter_madgwick
[0.766s] [35m[1mConsolidate compiler generated dependencies of target imu_filter_madgwick_node[0m
[0.774s] [35m[1mConsolidate compiler generated dependencies of target madgwick_test[0m
[0.808s] [35m[1mConsolidate compiler generated dependencies of target stateless_orientation_test[0m
[0.965s] [ 71%] Built target imu_filter_madgwick_node
[1.009s] [ 85%] Built target stateless_orientation_test
[1.012s] [100%] Built target madgwick_test
[1.110s] Invoked command in '/home/pi/autocab/raspberryPI3/ros2_ws/build/imu_filter_madgwick' returned '0': CMAKE_PREFIX_PATH=${CMAKE_PREFIX_PATH}:/opt/ros/humble /usr/bin/cmake --build /home/pi/autocab/raspberryPI3/ros2_ws/build/imu_filter_madgwick -- -j4 -l4
[1.469s] Invoking command in '/home/pi/autocab/raspberryPI3/ros2_ws/build/imu_filter_madgwick': CMAKE_PREFIX_PATH=${CMAKE_PREFIX_PATH}:/opt/ros/humble /usr/bin/cmake --install /home/pi/autocab/raspberryPI3/ros2_ws/build/imu_filter_madgwick
[1.549s] -- Install configuration: ""
[1.550s] -- Up-to-date: /home/pi/autocab/raspberryPI3/ros2_ws/install/imu_filter_madgwick/lib/libimu_filter_madgwick.so
[1.550s] -- Up-to-date: /home/pi/autocab/raspberryPI3/ros2_ws/install/imu_filter_madgwick/include
[1.551s] -- Up-to-date: /home/pi/autocab/raspberryPI3/ros2_ws/install/imu_filter_madgwick/include/imu_filter_madgwick
[1.551s] -- Up-to-date: /home/pi/autocab/raspberryPI3/ros2_ws/install/imu_filter_madgwick/include/imu_filter_madgwick/imu_filter.h
[1.552s] -- Up-to-date: /home/pi/autocab/raspberryPI3/ros2_ws/install/imu_filter_madgwick/include/imu_filter_madgwick/stateless_orientation.h
[1.552s] -- Up-to-date: /home/pi/autocab/raspberryPI3/ros2_ws/install/imu_filter_madgwick/include/imu_filter_madgwick/base_node.hpp
[1.553s] -- Up-to-date: /home/pi/autocab/raspberryPI3/ros2_ws/install/imu_filter_madgwick/include/imu_filter_madgwick/imu_filter_ros.h
[1.553s] -- Up-to-date: /home/pi/autocab/raspberryPI3/ros2_ws/install/imu_filter_madgwick/include/imu_filter_madgwick/visibility_control.h
[1.555s] -- Up-to-date: /home/pi/autocab/raspberryPI3/ros2_ws/install/imu_filter_madgwick/include/imu_filter_madgwick/world_frame.h
[1.557s] -- Up-to-date: /home/pi/autocab/raspberryPI3/ros2_ws/install/imu_filter_madgwick/lib/imu_filter_madgwick/imu_filter_madgwick_node
[1.559s] -- Up-to-date: /home/pi/autocab/raspberryPI3/ros2_ws/install/imu_filter_madgwick/share/imu_filter_madgwick/launch
[1.559s] -- Up-to-date: /home/pi/autocab/raspberryPI3/ros2_ws/install/imu_filter_madgwick/share/imu_filter_madgwick/launch/imu_filter_component.launch.py
[1.560s] -- Up-to-date: /home/pi/autocab/raspberryPI3/ros2_ws/install/imu_filter_madgwick/share/imu_filter_madgwick/launch/imu_filter.launch.py
[1.560s] -- Up-to-date: /home/pi/autocab/raspberryPI3/ros2_ws/install/imu_filter_madgwick/share/imu_filter_madgwick/config
[1.561s] -- Up-to-date: /home/pi/autocab/raspberryPI3/ros2_ws/install/imu_filter_madgwick/share/imu_filter_madgwick/config/imu_filter.yaml
[1.564s] -- Up-to-date: /home/pi/autocab/raspberryPI3/ros2_ws/install/imu_filter_madgwick/share/imu_filter_madgwick/environment/library_path.sh
[1.565s] -- Up-to-date: /home/pi/autocab/raspberryPI3/ros2_ws/install/imu_filter_madgwick/share/imu_filter_madgwick/environment/library_path.dsv
[1.566s] -- Up-to-date: /home/pi/autocab/raspberryPI3/ros2_ws/install/imu_filter_madgwick/share/ament_index/resource_index/package_run_dependencies/imu_filter_madgwick
[1.567s] -- Up-to-date: /home/pi/autocab/raspberryPI3/ros2_ws/install/imu_filter_madgwick/share/ament_index/resource_index/parent_prefix_path/imu_filter_madgwick
[1.577s] -- Up-to-date: /home/pi/autocab/raspberryPI3/ros2_ws/install/imu_filter_madgwick/share/imu_filter_madgwick/environment/ament_prefix_path.sh
[1.579s] -- Up-to-date: /home/pi/autocab/raspberryPI3/ros2_ws/install/imu_filter_madgwick/share/imu_filter_madgwick/environment/ament_prefix_path.dsv
[1.580s] -- Up-to-date: /home/pi/autocab/raspberryPI3/ros2_ws/install/imu_filter_madgwick/share/imu_filter_madgwick/environment/path.sh
[1.581s] -- Up-to-date: /home/pi/autocab/raspberryPI3/ros2_ws/install/imu_filter_madgwick/share/imu_filter_madgwick/environment/path.dsv
[1.582s] -- Up-to-date: /home/pi/autocab/raspberryPI3/ros2_ws/install/imu_filter_madgwick/share/imu_filter_madgwick/local_setup.bash
[1.582s] -- Up-to-date: /home/pi/autocab/raspberryPI3/ros2_ws/install/imu_filter_madgwick/share/imu_filter_madgwick/local_setup.sh
[1.583s] -- Up-to-date: /home/pi/autocab/raspberryPI3/ros2_ws/install/imu_filter_madgwick/share/imu_filter_madgwick/local_setup.zsh
[1.588s] -- Up-to-date: /home/pi/autocab/raspberryPI3/ros2_ws/install/imu_filter_madgwick/share/imu_filter_madgwick/local_setup.dsv
[1.592s] -- Installing: /home/pi/autocab/raspberryPI3/ros2_ws/install/imu_filter_madgwick/share/imu_filter_madgwick/package.dsv
[1.593s] -- Up-to-date: /home/pi/autocab/raspberryPI3/ros2_ws/install/imu_filter_madgwick/share/ament_index/resource_index/packages/imu_filter_madgwick
[1.593s] -- Up-to-date: /home/pi/autocab/raspberryPI3/ros2_ws/install/imu_filter_madgwick/share/ament_index/resource_index/rclcpp_components/imu_filter_madgwick
[1.594s] -- Up-to-date: /home/pi/autocab/raspberryPI3/ros2_ws/install/imu_filter_madgwick/share/imu_filter_madgwick/cmake/ament_cmake_export_include_directories-extras.cmake
[1.594s] -- Up-to-date: /home/pi/autocab/raspberryPI3/ros2_ws/install/imu_filter_madgwick/share/imu_filter_madgwick/cmake/ament_cmake_export_libraries-extras.cmake
[1.594s] -- Up-to-date: /home/pi/autocab/raspberryPI3/ros2_ws/install/imu_filter_madgwick/share/imu_filter_madgwick/cmake/imu_filter_madgwickConfig.cmake
[1.595s] -- Up-to-date: /home/pi/autocab/raspberryPI3/ros2_ws/install/imu_filter_madgwick/share/imu_filter_madgwick/cmake/imu_filter_madgwickConfig-version.cmake
[1.595s] -- Up-to-date: /home/pi/autocab/raspberryPI3/ros2_ws/install/imu_filter_madgwick/share/imu_filter_madgwick/package.xml
[1.705s] Invoked command in '/home/pi/autocab/raspberryPI3/ros2_ws/build/imu_filter_madgwick' returned '0': CMAKE_PREFIX_PATH=${CMAKE_PREFIX_PATH}:/opt/ros/humble /usr/bin/cmake --install /home/pi/autocab/raspberryPI3/ros2_ws/build/imu_filter_madgwick
