[0.287s] Invoking command in '/home/pi/autocab/raspberryPI3/ros2_ws/build/geicar_start': AMENT_PREFIX_PATH=/home/pi/autocab/raspberryPI3/ros2_ws/install/system_check:/home/pi/autocab/raspberryPI3/ros2_ws/install/car_control:/home/pi/autocab/raspberryPI3/ros2_ws/install/can:/home/pi/autocab/raspberryPI3/ros2_ws/install/interfaces:/home/pi/autocab/raspberryPI3/ros2_ws/install/imu_filter_madgwick:${AMENT_PREFIX_PATH} CMAKE_PREFIX_PATH=/home/pi/autocab/raspberryPI3/ros2_ws/install/system_check:/home/pi/autocab/raspberryPI3/ros2_ws/install/car_control:/home/pi/autocab/raspberryPI3/ros2_ws/install/can:/home/pi/autocab/raspberryPI3/ros2_ws/install/interfaces:/home/pi/autocab/raspberryPI3/ros2_ws/install/imu_filter_madgwick:/home/pi/ros2_ws/install/geicar_start:/home/pi/ros2_ws/install/system_check:/home/pi/ros2_ws/install/simulation:/home/pi/ros2_ws/install/imu_tools:/home/pi/ros2_ws/install/rviz_imu_plugin:/home/pi/ros2_ws/install/joystick:/home/pi/ros2_ws/install/car_control:/home/pi/ros2_ws/install/can:/home/pi/ros2_ws/install/interfaces:/home/pi/ros2_ws/install/imu_filter_madgwick:/home/pi/ros2_ws/install/imu_complementary_filter:/home/pi/ros2_ws/install/carla_msgs:/opt/ros/humble LD_LIBRARY_PATH=/home/pi/autocab/raspberryPI3/ros2_ws/install/interfaces/lib:/home/pi/autocab/raspberryPI3/ros2_ws/install/imu_filter_madgwick/lib:${LD_LIBRARY_PATH} PYTHONPATH=/home/pi/autocab/raspberryPI3/ros2_ws/install/interfaces/local/lib/python3.10/dist-packages:${PYTHONPATH} /usr/bin/cmake /home/pi/autocab/raspberryPI3/ros2_ws/src/geicar_start -DCMAKE_INSTALL_PREFIX=/home/pi/autocab/raspberryPI3/ros2_ws/install/geicar_start
[1.131s] -- The C compiler identification is GNU 11.4.0
[2.009s] -- The CXX compiler identification is GNU 11.4.0
[2.117s] -- Detecting C compiler ABI info
[3.269s] -- Detecting C compiler ABI info - done
[3.358s] -- Check for working C compiler: /usr/bin/cc - skipped
[3.361s] -- Detecting C compile features
[3.366s] -- Detecting C compile features - done
[3.402s] -- Detecting CXX compiler ABI info
[4.750s] -- Detecting CXX compiler ABI info - done
[4.859s] -- Check for working CXX compiler: /usr/bin/c++ - skipped
[4.871s] -- Detecting CXX compile features
[4.884s] -- Detecting CXX compile features - done
[5.024s] -- Found ament_cmake: 1.3.2 (/opt/ros/humble/share/ament_cmake/cmake)
[8.225s] -- Found Python3: /usr/bin/python3.10 (found version "3.10.12") found components: Interpreter 
[11.074s] -- Found ament_lint_auto: 0.12.4 (/opt/ros/humble/share/ament_lint_auto/cmake)
[13.083s] -- Added test 'flake8' to check Python code syntax and style conventions
[13.113s] -- Added test 'lint_cmake' to check CMake code style
[13.142s] -- Added test 'pep257' to check Python code against some of the docstring style conventions in PEP 257
[13.183s] -- Added test 'xmllint' to check XML markup files
[13.229s] -- Configuring done
[13.342s] -- Generating done
[13.379s] -- Build files have been written to: /home/pi/autocab/raspberryPI3/ros2_ws/build/geicar_start
[13.454s] Invoked command in '/home/pi/autocab/raspberryPI3/ros2_ws/build/geicar_start' returned '0': AMENT_PREFIX_PATH=/home/pi/autocab/raspberryPI3/ros2_ws/install/system_check:/home/pi/autocab/raspberryPI3/ros2_ws/install/car_control:/home/pi/autocab/raspberryPI3/ros2_ws/install/can:/home/pi/autocab/raspberryPI3/ros2_ws/install/interfaces:/home/pi/autocab/raspberryPI3/ros2_ws/install/imu_filter_madgwick:${AMENT_PREFIX_PATH} CMAKE_PREFIX_PATH=/home/pi/autocab/raspberryPI3/ros2_ws/install/system_check:/home/pi/autocab/raspberryPI3/ros2_ws/install/car_control:/home/pi/autocab/raspberryPI3/ros2_ws/install/can:/home/pi/autocab/raspberryPI3/ros2_ws/install/interfaces:/home/pi/autocab/raspberryPI3/ros2_ws/install/imu_filter_madgwick:/home/pi/ros2_ws/install/geicar_start:/home/pi/ros2_ws/install/system_check:/home/pi/ros2_ws/install/simulation:/home/pi/ros2_ws/install/imu_tools:/home/pi/ros2_ws/install/rviz_imu_plugin:/home/pi/ros2_ws/install/joystick:/home/pi/ros2_ws/install/car_control:/home/pi/ros2_ws/install/can:/home/pi/ros2_ws/install/interfaces:/home/pi/ros2_ws/install/imu_filter_madgwick:/home/pi/ros2_ws/install/imu_complementary_filter:/home/pi/ros2_ws/install/carla_msgs:/opt/ros/humble LD_LIBRARY_PATH=/home/pi/autocab/raspberryPI3/ros2_ws/install/interfaces/lib:/home/pi/autocab/raspberryPI3/ros2_ws/install/imu_filter_madgwick/lib:${LD_LIBRARY_PATH} PYTHONPATH=/home/pi/autocab/raspberryPI3/ros2_ws/install/interfaces/local/lib/python3.10/dist-packages:${PYTHONPATH} /usr/bin/cmake /home/pi/autocab/raspberryPI3/ros2_ws/src/geicar_start -DCMAKE_INSTALL_PREFIX=/home/pi/autocab/raspberryPI3/ros2_ws/install/geicar_start
[13.458s] Invoking command in '/home/pi/autocab/raspberryPI3/ros2_ws/build/geicar_start': AMENT_PREFIX_PATH=/home/pi/autocab/raspberryPI3/ros2_ws/install/system_check:/home/pi/autocab/raspberryPI3/ros2_ws/install/car_control:/home/pi/autocab/raspberryPI3/ros2_ws/install/can:/home/pi/autocab/raspberryPI3/ros2_ws/install/interfaces:/home/pi/autocab/raspberryPI3/ros2_ws/install/imu_filter_madgwick:${AMENT_PREFIX_PATH} CMAKE_PREFIX_PATH=/home/pi/autocab/raspberryPI3/ros2_ws/install/system_check:/home/pi/autocab/raspberryPI3/ros2_ws/install/car_control:/home/pi/autocab/raspberryPI3/ros2_ws/install/can:/home/pi/autocab/raspberryPI3/ros2_ws/install/interfaces:/home/pi/autocab/raspberryPI3/ros2_ws/install/imu_filter_madgwick:/home/pi/ros2_ws/install/geicar_start:/home/pi/ros2_ws/install/system_check:/home/pi/ros2_ws/install/simulation:/home/pi/ros2_ws/install/imu_tools:/home/pi/ros2_ws/install/rviz_imu_plugin:/home/pi/ros2_ws/install/joystick:/home/pi/ros2_ws/install/car_control:/home/pi/ros2_ws/install/can:/home/pi/ros2_ws/install/interfaces:/home/pi/ros2_ws/install/imu_filter_madgwick:/home/pi/ros2_ws/install/imu_complementary_filter:/home/pi/ros2_ws/install/carla_msgs:/opt/ros/humble LD_LIBRARY_PATH=/home/pi/autocab/raspberryPI3/ros2_ws/install/interfaces/lib:/home/pi/autocab/raspberryPI3/ros2_ws/install/imu_filter_madgwick/lib:${LD_LIBRARY_PATH} PYTHONPATH=/home/pi/autocab/raspberryPI3/ros2_ws/install/interfaces/local/lib/python3.10/dist-packages:${PYTHONPATH} /usr/bin/cmake --build /home/pi/autocab/raspberryPI3/ros2_ws/build/geicar_start -- -j4 -l4
[14.157s] Invoked command in '/home/pi/autocab/raspberryPI3/ros2_ws/build/geicar_start' returned '0': AMENT_PREFIX_PATH=/home/pi/autocab/raspberryPI3/ros2_ws/install/system_check:/home/pi/autocab/raspberryPI3/ros2_ws/install/car_control:/home/pi/autocab/raspberryPI3/ros2_ws/install/can:/home/pi/autocab/raspberryPI3/ros2_ws/install/interfaces:/home/pi/autocab/raspberryPI3/ros2_ws/install/imu_filter_madgwick:${AMENT_PREFIX_PATH} CMAKE_PREFIX_PATH=/home/pi/autocab/raspberryPI3/ros2_ws/install/system_check:/home/pi/autocab/raspberryPI3/ros2_ws/install/car_control:/home/pi/autocab/raspberryPI3/ros2_ws/install/can:/home/pi/autocab/raspberryPI3/ros2_ws/install/interfaces:/home/pi/autocab/raspberryPI3/ros2_ws/install/imu_filter_madgwick:/home/pi/ros2_ws/install/geicar_start:/home/pi/ros2_ws/install/system_check:/home/pi/ros2_ws/install/simulation:/home/pi/ros2_ws/install/imu_tools:/home/pi/ros2_ws/install/rviz_imu_plugin:/home/pi/ros2_ws/install/joystick:/home/pi/ros2_ws/install/car_control:/home/pi/ros2_ws/install/can:/home/pi/ros2_ws/install/interfaces:/home/pi/ros2_ws/install/imu_filter_madgwick:/home/pi/ros2_ws/install/imu_complementary_filter:/home/pi/ros2_ws/install/carla_msgs:/opt/ros/humble LD_LIBRARY_PATH=/home/pi/autocab/raspberryPI3/ros2_ws/install/interfaces/lib:/home/pi/autocab/raspberryPI3/ros2_ws/install/imu_filter_madgwick/lib:${LD_LIBRARY_PATH} PYTHONPATH=/home/pi/autocab/raspberryPI3/ros2_ws/install/interfaces/local/lib/python3.10/dist-packages:${PYTHONPATH} /usr/bin/cmake --build /home/pi/autocab/raspberryPI3/ros2_ws/build/geicar_start -- -j4 -l4
[14.563s] Invoking command in '/home/pi/autocab/raspberryPI3/ros2_ws/build/geicar_start': AMENT_PREFIX_PATH=/home/pi/autocab/raspberryPI3/ros2_ws/install/system_check:/home/pi/autocab/raspberryPI3/ros2_ws/install/car_control:/home/pi/autocab/raspberryPI3/ros2_ws/install/can:/home/pi/autocab/raspberryPI3/ros2_ws/install/interfaces:/home/pi/autocab/raspberryPI3/ros2_ws/install/imu_filter_madgwick:${AMENT_PREFIX_PATH} CMAKE_PREFIX_PATH=/home/pi/autocab/raspberryPI3/ros2_ws/install/system_check:/home/pi/autocab/raspberryPI3/ros2_ws/install/car_control:/home/pi/autocab/raspberryPI3/ros2_ws/install/can:/home/pi/autocab/raspberryPI3/ros2_ws/install/interfaces:/home/pi/autocab/raspberryPI3/ros2_ws/install/imu_filter_madgwick:/home/pi/ros2_ws/install/geicar_start:/home/pi/ros2_ws/install/system_check:/home/pi/ros2_ws/install/simulation:/home/pi/ros2_ws/install/imu_tools:/home/pi/ros2_ws/install/rviz_imu_plugin:/home/pi/ros2_ws/install/joystick:/home/pi/ros2_ws/install/car_control:/home/pi/ros2_ws/install/can:/home/pi/ros2_ws/install/interfaces:/home/pi/ros2_ws/install/imu_filter_madgwick:/home/pi/ros2_ws/install/imu_complementary_filter:/home/pi/ros2_ws/install/carla_msgs:/opt/ros/humble LD_LIBRARY_PATH=/home/pi/autocab/raspberryPI3/ros2_ws/install/interfaces/lib:/home/pi/autocab/raspberryPI3/ros2_ws/install/imu_filter_madgwick/lib:${LD_LIBRARY_PATH} PYTHONPATH=/home/pi/autocab/raspberryPI3/ros2_ws/install/interfaces/local/lib/python3.10/dist-packages:${PYTHONPATH} /usr/bin/cmake --install /home/pi/autocab/raspberryPI3/ros2_ws/build/geicar_start
[14.703s] -- Install configuration: ""
[14.705s] -- Installing: /home/pi/autocab/raspberryPI3/ros2_ws/install/geicar_start/share/geicar_start/launch
[14.708s] -- Installing: /home/pi/autocab/raspberryPI3/ros2_ws/install/geicar_start/share/geicar_start/launch/__pycache__
[14.710s] -- Installing: /home/pi/autocab/raspberryPI3/ros2_ws/install/geicar_start/share/geicar_start/launch/__pycache__/geicar1.launch.cpython-310.pyc
[14.720s] -- Installing: /home/pi/autocab/raspberryPI3/ros2_ws/install/geicar_start/share/geicar_start/launch/__pycache__/geicar.launch.cpython-310.pyc
[14.728s] -- Installing: /home/pi/autocab/raspberryPI3/ros2_ws/install/geicar_start/share/geicar_start/launch/geicar.launch.py
[14.738s] -- Installing: /home/pi/autocab/raspberryPI3/ros2_ws/install/geicar_start/share/ament_index/resource_index/package_run_dependencies/geicar_start
[14.744s] -- Installing: /home/pi/autocab/raspberryPI3/ros2_ws/install/geicar_start/share/ament_index/resource_index/parent_prefix_path/geicar_start
[14.749s] -- Installing: /home/pi/autocab/raspberryPI3/ros2_ws/install/geicar_start/share/geicar_start/environment/ament_prefix_path.sh
[14.753s] -- Installing: /home/pi/autocab/raspberryPI3/ros2_ws/install/geicar_start/share/geicar_start/environment/ament_prefix_path.dsv
[14.763s] -- Installing: /home/pi/autocab/raspberryPI3/ros2_ws/install/geicar_start/share/geicar_start/environment/path.sh
[14.766s] -- Installing: /home/pi/autocab/raspberryPI3/ros2_ws/install/geicar_start/share/geicar_start/environment/path.dsv
[14.770s] -- Installing: /home/pi/autocab/raspberryPI3/ros2_ws/install/geicar_start/share/geicar_start/local_setup.bash
[14.773s] -- Installing: /home/pi/autocab/raspberryPI3/ros2_ws/install/geicar_start/share/geicar_start/local_setup.sh
[14.777s] -- Installing: /home/pi/autocab/raspberryPI3/ros2_ws/install/geicar_start/share/geicar_start/local_setup.zsh
[14.782s] -- Installing: /home/pi/autocab/raspberryPI3/ros2_ws/install/geicar_start/share/geicar_start/local_setup.dsv
[14.786s] -- Installing: /home/pi/autocab/raspberryPI3/ros2_ws/install/geicar_start/share/geicar_start/package.dsv
[14.796s] -- Installing: /home/pi/autocab/raspberryPI3/ros2_ws/install/geicar_start/share/ament_index/resource_index/packages/geicar_start
[14.804s] -- Installing: /home/pi/autocab/raspberryPI3/ros2_ws/install/geicar_start/share/geicar_start/cmake/geicar_startConfig.cmake
[14.808s] -- Installing: /home/pi/autocab/raspberryPI3/ros2_ws/install/geicar_start/share/geicar_start/cmake/geicar_startConfig-version.cmake
[14.812s] -- Installing: /home/pi/autocab/raspberryPI3/ros2_ws/install/geicar_start/share/geicar_start/package.xml
[14.835s] Invoked command in '/home/pi/autocab/raspberryPI3/ros2_ws/build/geicar_start' returned '0': AMENT_PREFIX_PATH=/home/pi/autocab/raspberryPI3/ros2_ws/install/system_check:/home/pi/autocab/raspberryPI3/ros2_ws/install/car_control:/home/pi/autocab/raspberryPI3/ros2_ws/install/can:/home/pi/autocab/raspberryPI3/ros2_ws/install/interfaces:/home/pi/autocab/raspberryPI3/ros2_ws/install/imu_filter_madgwick:${AMENT_PREFIX_PATH} CMAKE_PREFIX_PATH=/home/pi/autocab/raspberryPI3/ros2_ws/install/system_check:/home/pi/autocab/raspberryPI3/ros2_ws/install/car_control:/home/pi/autocab/raspberryPI3/ros2_ws/install/can:/home/pi/autocab/raspberryPI3/ros2_ws/install/interfaces:/home/pi/autocab/raspberryPI3/ros2_ws/install/imu_filter_madgwick:/home/pi/ros2_ws/install/geicar_start:/home/pi/ros2_ws/install/system_check:/home/pi/ros2_ws/install/simulation:/home/pi/ros2_ws/install/imu_tools:/home/pi/ros2_ws/install/rviz_imu_plugin:/home/pi/ros2_ws/install/joystick:/home/pi/ros2_ws/install/car_control:/home/pi/ros2_ws/install/can:/home/pi/ros2_ws/install/interfaces:/home/pi/ros2_ws/install/imu_filter_madgwick:/home/pi/ros2_ws/install/imu_complementary_filter:/home/pi/ros2_ws/install/carla_msgs:/opt/ros/humble LD_LIBRARY_PATH=/home/pi/autocab/raspberryPI3/ros2_ws/install/interfaces/lib:/home/pi/autocab/raspberryPI3/ros2_ws/install/imu_filter_madgwick/lib:${LD_LIBRARY_PATH} PYTHONPATH=/home/pi/autocab/raspberryPI3/ros2_ws/install/interfaces/local/lib/python3.10/dist-packages:${PYTHONPATH} /usr/bin/cmake --install /home/pi/autocab/raspberryPI3/ros2_ws/build/geicar_start
