[0.227s] Invoking command in '/home/pi/autocab/raspberryPI3/ros2_ws/build/joystick': AMENT_PREFIX_PATH=/home/pi/autocab/raspberryPI3/ros2_ws/install/interfaces:${AMENT_PREFIX_PATH} CMAKE_PREFIX_PATH=/home/pi/autocab/raspberryPI3/ros2_ws/install/interfaces:/home/pi/ros2_ws/install/geicar_start:/home/pi/ros2_ws/install/system_check:/home/pi/ros2_ws/install/simulation:/home/pi/ros2_ws/install/imu_tools:/home/pi/ros2_ws/install/rviz_imu_plugin:/home/pi/ros2_ws/install/joystick:/home/pi/ros2_ws/install/car_control:/home/pi/ros2_ws/install/can:/home/pi/ros2_ws/install/interfaces:/home/pi/ros2_ws/install/imu_filter_madgwick:/home/pi/ros2_ws/install/imu_complementary_filter:/home/pi/ros2_ws/install/carla_msgs:/opt/ros/humble LD_LIBRARY_PATH=/home/pi/autocab/raspberryPI3/ros2_ws/install/interfaces/lib:${LD_LIBRARY_PATH} PYTHONPATH=/home/pi/autocab/raspberryPI3/ros2_ws/install/interfaces/local/lib/python3.10/dist-packages:${PYTHONPATH} /usr/bin/cmake --build /home/pi/autocab/raspberryPI3/ros2_ws/build/joystick -- -j4 -l4
[0.528s] -- Found ament_cmake: 1.3.2 (/opt/ros/humble/share/ament_cmake/cmake)
[2.945s] -- Found rclcpp: 16.0.1 (/opt/ros/humble/share/rclcpp/cmake)
[3.583s] -- Found rosidl_generator_c: 3.1.3 (/opt/ros/humble/share/rosidl_generator_c/cmake)
[3.615s] -- Found rosidl_adapter: 3.1.3 (/opt/ros/humble/share/rosidl_adapter/cmake)
[3.657s] -- Found rosidl_generator_cpp: 3.1.3 (/opt/ros/humble/share/rosidl_generator_cpp/cmake)
[3.775s] -- Using all available rosidl_typesupport_c: rosidl_typesupport_fastrtps_c;rosidl_typesupport_introspection_c
[4.017s] -- Using all available rosidl_typesupport_cpp: rosidl_typesupport_fastrtps_cpp;rosidl_typesupport_introspection_cpp
[4.853s] -- Found rmw_implementation_cmake: 6.1.0 (/opt/ros/humble/share/rmw_implementation_cmake/cmake)
[4.880s] -- Found rmw_fastrtps_cpp: 6.2.1 (/opt/ros/humble/share/rmw_fastrtps_cpp/cmake)
[7.542s] -- Using RMW implementation 'rmw_fastrtps_cpp' as default
[9.566s] -- Found rclpy: 3.3.4 (/opt/ros/humble/share/rclpy/cmake)
[9.569s] -- Found interfaces: 0.0.0 (/home/pi/autocab/raspberryPI3/ros2_ws/install/interfaces/share/interfaces/cmake)
[9.804s] -- Found sensor_msgs: 4.2.2 (/opt/ros/humble/share/sensor_msgs/cmake)
[12.198s] -- Found ament_lint_auto: 0.12.4 (/opt/ros/humble/share/ament_lint_auto/cmake)
[13.247s] -- Added test 'copyright' to check source files copyright and LICENSE
[13.285s] -- Added test 'cppcheck' to perform static code analysis on C / C++ code
[13.287s] -- Configured cppcheck include dirs: /home/pi/autocab/raspberryPI3/ros2_ws/src/joystick/include
[13.289s] -- Configured cppcheck exclude dirs and/or files: 
[13.324s] -- Added test 'cpplint' to check C / C++ code against the Google style
[13.325s] -- Configured cpplint exclude dirs and/or files: 
[13.332s] -- Added test 'flake8' to check Python code syntax and style conventions
[13.344s] -- Added test 'lint_cmake' to check CMake code style
[13.351s] -- Added test 'pep257' to check Python code against some of the docstring style conventions in PEP 257
[13.387s] -- Added test 'uncrustify' to check C / C++ code style
[13.389s] -- Configured uncrustify additional arguments: 
[13.396s] -- Added test 'xmllint' to check XML markup files
[13.414s] -- Configuring done
[13.642s] -- Generating done
[13.674s] -- Build files have been written to: /home/pi/autocab/raspberryPI3/ros2_ws/build/joystick
[13.884s] [35m[1mConsolidate compiler generated dependencies of target joystick_to_cmd[0m
[14.171s] [ 50%] [32mBuilding CXX object CMakeFiles/joystick_to_cmd.dir/src/joystick_to_cmd_node.cpp.o[0m
[16.118s] gmake[2]: *** [CMakeFiles/joystick_to_cmd.dir/build.make:76: CMakeFiles/joystick_to_cmd.dir/src/joystick_to_cmd_node.cpp.o] Interrupt
[16.120s] gmake[1]: *** [CMakeFiles/Makefile2:140: CMakeFiles/joystick_to_cmd.dir/all] Interrupt
[16.139s] gmake: *** [Makefile:146: all] Interrupt
[16.185s] Invoked command in '/home/pi/autocab/raspberryPI3/ros2_ws/build/joystick' returned '-2': AMENT_PREFIX_PATH=/home/pi/autocab/raspberryPI3/ros2_ws/install/interfaces:${AMENT_PREFIX_PATH} CMAKE_PREFIX_PATH=/home/pi/autocab/raspberryPI3/ros2_ws/install/interfaces:/home/pi/ros2_ws/install/geicar_start:/home/pi/ros2_ws/install/system_check:/home/pi/ros2_ws/install/simulation:/home/pi/ros2_ws/install/imu_tools:/home/pi/ros2_ws/install/rviz_imu_plugin:/home/pi/ros2_ws/install/joystick:/home/pi/ros2_ws/install/car_control:/home/pi/ros2_ws/install/can:/home/pi/ros2_ws/install/interfaces:/home/pi/ros2_ws/install/imu_filter_madgwick:/home/pi/ros2_ws/install/imu_complementary_filter:/home/pi/ros2_ws/install/carla_msgs:/opt/ros/humble LD_LIBRARY_PATH=/home/pi/autocab/raspberryPI3/ros2_ws/install/interfaces/lib:${LD_LIBRARY_PATH} PYTHONPATH=/home/pi/autocab/raspberryPI3/ros2_ws/install/interfaces/local/lib/python3.10/dist-packages:${PYTHONPATH} /usr/bin/cmake --build /home/pi/autocab/raspberryPI3/ros2_ws/build/joystick -- -j4 -l4
