[0.085s] Invoking command in '/home/pi/sebastian/autocab/raspberryPI3/ros2_ws/build/car_control': AMENT_PREFIX_PATH=/home/pi/autocab/raspberryPI3/ros2_ws/install/interfaces:${AMENT_PREFIX_PATH} CMAKE_PREFIX_PATH=/home/pi/autocab/raspberryPI3/ros2_ws/install/interfaces:/home/pi/sebastian/autocab/raspberryPI3/ros2_ws/install/car_control:/home/pi/sebastian/autocab/raspberryPI3/ros2_ws/install/interfaces:/home/pi/sebastian/autocab/raspberryPI3/ros2_ws/install/carla_msgs:/home/pi/ros2_ws/install/geicar_start:/home/pi/ros2_ws/install/system_check:/home/pi/ros2_ws/install/simulation:/home/pi/ros2_ws/install/imu_tools:/home/pi/ros2_ws/install/rviz_imu_plugin:/home/pi/ros2_ws/install/joystick:/home/pi/ros2_ws/install/car_control:/home/pi/ros2_ws/install/can:/home/pi/ros2_ws/install/interfaces:/home/pi/ros2_ws/install/imu_filter_madgwick:/home/pi/ros2_ws/install/imu_complementary_filter:/home/pi/ros2_ws/install/carla_msgs:/opt/ros/humble LD_LIBRARY_PATH=/home/pi/autocab/raspberryPI3/ros2_ws/install/interfaces/lib:${LD_LIBRARY_PATH} PYTHONPATH=/home/pi/autocab/raspberryPI3/ros2_ws/install/interfaces/local/lib/python3.10/dist-packages:${PYTHONPATH} /usr/bin/cmake --build /home/pi/sebastian/autocab/raspberryPI3/ros2_ws/build/car_control -- -j4 -l4
[0.296s] [35m[1mConsolidate compiler generated dependencies of target car_control_node[0m
[0.403s] [ 20%] [32mBuilding CXX object CMakeFiles/car_control_node.dir/src/car_control_node.cpp.o[0m
[0.405s] [ 40%] [32mBuilding CXX object CMakeFiles/car_control_node.dir/src/corrector.cpp.o[0m
[56.824s] [ 60%] [32m[1mLinking CXX executable car_control_node[0m
[60.442s] [100%] Built target car_control_node
[60.489s] Invoked command in '/home/pi/sebastian/autocab/raspberryPI3/ros2_ws/build/car_control' returned '0': AMENT_PREFIX_PATH=/home/pi/autocab/raspberryPI3/ros2_ws/install/interfaces:${AMENT_PREFIX_PATH} CMAKE_PREFIX_PATH=/home/pi/autocab/raspberryPI3/ros2_ws/install/interfaces:/home/pi/sebastian/autocab/raspberryPI3/ros2_ws/install/car_control:/home/pi/sebastian/autocab/raspberryPI3/ros2_ws/install/interfaces:/home/pi/sebastian/autocab/raspberryPI3/ros2_ws/install/carla_msgs:/home/pi/ros2_ws/install/geicar_start:/home/pi/ros2_ws/install/system_check:/home/pi/ros2_ws/install/simulation:/home/pi/ros2_ws/install/imu_tools:/home/pi/ros2_ws/install/rviz_imu_plugin:/home/pi/ros2_ws/install/joystick:/home/pi/ros2_ws/install/car_control:/home/pi/ros2_ws/install/can:/home/pi/ros2_ws/install/interfaces:/home/pi/ros2_ws/install/imu_filter_madgwick:/home/pi/ros2_ws/install/imu_complementary_filter:/home/pi/ros2_ws/install/carla_msgs:/opt/ros/humble LD_LIBRARY_PATH=/home/pi/autocab/raspberryPI3/ros2_ws/install/interfaces/lib:${LD_LIBRARY_PATH} PYTHONPATH=/home/pi/autocab/raspberryPI3/ros2_ws/install/interfaces/local/lib/python3.10/dist-packages:${PYTHONPATH} /usr/bin/cmake --build /home/pi/sebastian/autocab/raspberryPI3/ros2_ws/build/car_control -- -j4 -l4
[60.758s] Invoking command in '/home/pi/sebastian/autocab/raspberryPI3/ros2_ws/build/car_control': AMENT_PREFIX_PATH=/home/pi/autocab/raspberryPI3/ros2_ws/install/interfaces:${AMENT_PREFIX_PATH} CMAKE_PREFIX_PATH=/home/pi/autocab/raspberryPI3/ros2_ws/install/interfaces:/home/pi/sebastian/autocab/raspberryPI3/ros2_ws/install/car_control:/home/pi/sebastian/autocab/raspberryPI3/ros2_ws/install/interfaces:/home/pi/sebastian/autocab/raspberryPI3/ros2_ws/install/carla_msgs:/home/pi/ros2_ws/install/geicar_start:/home/pi/ros2_ws/install/system_check:/home/pi/ros2_ws/install/simulation:/home/pi/ros2_ws/install/imu_tools:/home/pi/ros2_ws/install/rviz_imu_plugin:/home/pi/ros2_ws/install/joystick:/home/pi/ros2_ws/install/car_control:/home/pi/ros2_ws/install/can:/home/pi/ros2_ws/install/interfaces:/home/pi/ros2_ws/install/imu_filter_madgwick:/home/pi/ros2_ws/install/imu_complementary_filter:/home/pi/ros2_ws/install/carla_msgs:/opt/ros/humble LD_LIBRARY_PATH=/home/pi/autocab/raspberryPI3/ros2_ws/install/interfaces/lib:${LD_LIBRARY_PATH} PYTHONPATH=/home/pi/autocab/raspberryPI3/ros2_ws/install/interfaces/local/lib/python3.10/dist-packages:${PYTHONPATH} /usr/bin/cmake --install /home/pi/sebastian/autocab/raspberryPI3/ros2_ws/build/car_control
[60.791s] -- Install configuration: ""
[60.792s] -- Installing: /home/pi/sebastian/autocab/raspberryPI3/ros2_ws/install/car_control/lib/car_control/car_control_node
[60.872s] -- Set runtime path of "/home/pi/sebastian/autocab/raspberryPI3/ros2_ws/install/car_control/lib/car_control/car_control_node" to ""
[60.873s] -- Up-to-date: /home/pi/sebastian/autocab/raspberryPI3/ros2_ws/install/car_control/share/ament_index/resource_index/package_run_dependencies/car_control
[60.874s] -- Up-to-date: /home/pi/sebastian/autocab/raspberryPI3/ros2_ws/install/car_control/share/ament_index/resource_index/parent_prefix_path/car_control
[60.874s] -- Up-to-date: /home/pi/sebastian/autocab/raspberryPI3/ros2_ws/install/car_control/share/car_control/environment/ament_prefix_path.sh
[60.875s] -- Up-to-date: /home/pi/sebastian/autocab/raspberryPI3/ros2_ws/install/car_control/share/car_control/environment/ament_prefix_path.dsv
[60.876s] -- Up-to-date: /home/pi/sebastian/autocab/raspberryPI3/ros2_ws/install/car_control/share/car_control/environment/path.sh
[60.877s] -- Up-to-date: /home/pi/sebastian/autocab/raspberryPI3/ros2_ws/install/car_control/share/car_control/environment/path.dsv
[60.878s] -- Up-to-date: /home/pi/sebastian/autocab/raspberryPI3/ros2_ws/install/car_control/share/car_control/local_setup.bash
[60.879s] -- Up-to-date: /home/pi/sebastian/autocab/raspberryPI3/ros2_ws/install/car_control/share/car_control/local_setup.sh
[60.880s] -- Up-to-date: /home/pi/sebastian/autocab/raspberryPI3/ros2_ws/install/car_control/share/car_control/local_setup.zsh
[60.880s] -- Up-to-date: /home/pi/sebastian/autocab/raspberryPI3/ros2_ws/install/car_control/share/car_control/local_setup.dsv
[60.881s] -- Installing: /home/pi/sebastian/autocab/raspberryPI3/ros2_ws/install/car_control/share/car_control/package.dsv
[60.881s] -- Up-to-date: /home/pi/sebastian/autocab/raspberryPI3/ros2_ws/install/car_control/share/ament_index/resource_index/packages/car_control
[60.882s] -- Up-to-date: /home/pi/sebastian/autocab/raspberryPI3/ros2_ws/install/car_control/share/car_control/cmake/ament_cmake_export_include_directories-extras.cmake
[60.882s] -- Up-to-date: /home/pi/sebastian/autocab/raspberryPI3/ros2_ws/install/car_control/share/car_control/cmake/car_controlConfig.cmake
[60.883s] -- Up-to-date: /home/pi/sebastian/autocab/raspberryPI3/ros2_ws/install/car_control/share/car_control/cmake/car_controlConfig-version.cmake
[60.884s] -- Up-to-date: /home/pi/sebastian/autocab/raspberryPI3/ros2_ws/install/car_control/share/car_control/package.xml
[60.888s] Invoked command in '/home/pi/sebastian/autocab/raspberryPI3/ros2_ws/build/car_control' returned '0': AMENT_PREFIX_PATH=/home/pi/autocab/raspberryPI3/ros2_ws/install/interfaces:${AMENT_PREFIX_PATH} CMAKE_PREFIX_PATH=/home/pi/autocab/raspberryPI3/ros2_ws/install/interfaces:/home/pi/sebastian/autocab/raspberryPI3/ros2_ws/install/car_control:/home/pi/sebastian/autocab/raspberryPI3/ros2_ws/install/interfaces:/home/pi/sebastian/autocab/raspberryPI3/ros2_ws/install/carla_msgs:/home/pi/ros2_ws/install/geicar_start:/home/pi/ros2_ws/install/system_check:/home/pi/ros2_ws/install/simulation:/home/pi/ros2_ws/install/imu_tools:/home/pi/ros2_ws/install/rviz_imu_plugin:/home/pi/ros2_ws/install/joystick:/home/pi/ros2_ws/install/car_control:/home/pi/ros2_ws/install/can:/home/pi/ros2_ws/install/interfaces:/home/pi/ros2_ws/install/imu_filter_madgwick:/home/pi/ros2_ws/install/imu_complementary_filter:/home/pi/ros2_ws/install/carla_msgs:/opt/ros/humble LD_LIBRARY_PATH=/home/pi/autocab/raspberryPI3/ros2_ws/install/interfaces/lib:${LD_LIBRARY_PATH} PYTHONPATH=/home/pi/autocab/raspberryPI3/ros2_ws/install/interfaces/local/lib/python3.10/dist-packages:${PYTHONPATH} /usr/bin/cmake --install /home/pi/sebastian/autocab/raspberryPI3/ros2_ws/build/car_control
