[0.059s] Invoking command in '/home/achraf/autocab/raspberryPI3/ros2_ws/build/imu_tools': AMENT_PREFIX_PATH=/home/achraf/autocab/raspberryPI3/ros2_ws/install/rviz_imu_plugin:/home/achraf/autocab/raspberryPI3/ros2_ws/install/imu_filter_madgwick:/home/achraf/autocab/raspberryPI3/ros2_ws/install/imu_complementary_filter:${AMENT_PREFIX_PATH} CMAKE_PREFIX_PATH=/home/achraf/autocab/raspberryPI3/ros2_ws/install/rviz_imu_plugin:/home/achraf/autocab/raspberryPI3/ros2_ws/install/imu_filter_madgwick:/home/achraf/autocab/raspberryPI3/ros2_ws/install/imu_complementary_filter:/opt/ros/humble LD_LIBRARY_PATH=/home/achraf/autocab/raspberryPI3/ros2_ws/install/rviz_imu_plugin/lib:/home/achraf/autocab/raspberryPI3/ros2_ws/install/imu_filter_madgwick/lib:${LD_LIBRARY_PATH} /usr/bin/cmake /home/achraf/autocab/raspberryPI3/ros2_ws/src/imu_tools/imu_tools -DCMAKE_INSTALL_PREFIX=/home/achraf/autocab/raspberryPI3/ros2_ws/install/imu_tools
[0.109s] -- The C compiler identification is GNU 11.4.0
[0.160s] -- The CXX compiler identification is GNU 11.4.0
[0.167s] -- Detecting C compiler ABI info
[0.235s] -- Detecting C compiler ABI info - done
[0.242s] -- Check for working C compiler: /usr/bin/cc - skipped
[0.242s] -- Detecting C compile features
[0.243s] -- Detecting C compile features - done
[0.246s] -- Detecting CXX compiler ABI info
[0.325s] -- Detecting CXX compiler ABI info - done
[0.332s] -- Check for working CXX compiler: /usr/bin/c++ - skipped
[0.332s] -- Detecting CXX compile features
[0.333s] -- Detecting CXX compile features - done
[0.335s] -- Found ament_cmake: 1.3.6 (/opt/ros/humble/share/ament_cmake/cmake)
[0.489s] -- Found Python3: /usr/bin/python3.10 (found version "3.10.12") found components: Interpreter 
[0.634s] -- Configuring done
[0.637s] -- Generating done
[0.638s] -- Build files have been written to: /home/achraf/autocab/raspberryPI3/ros2_ws/build/imu_tools
[0.644s] Invoked command in '/home/achraf/autocab/raspberryPI3/ros2_ws/build/imu_tools' returned '0': AMENT_PREFIX_PATH=/home/achraf/autocab/raspberryPI3/ros2_ws/install/rviz_imu_plugin:/home/achraf/autocab/raspberryPI3/ros2_ws/install/imu_filter_madgwick:/home/achraf/autocab/raspberryPI3/ros2_ws/install/imu_complementary_filter:${AMENT_PREFIX_PATH} CMAKE_PREFIX_PATH=/home/achraf/autocab/raspberryPI3/ros2_ws/install/rviz_imu_plugin:/home/achraf/autocab/raspberryPI3/ros2_ws/install/imu_filter_madgwick:/home/achraf/autocab/raspberryPI3/ros2_ws/install/imu_complementary_filter:/opt/ros/humble LD_LIBRARY_PATH=/home/achraf/autocab/raspberryPI3/ros2_ws/install/rviz_imu_plugin/lib:/home/achraf/autocab/raspberryPI3/ros2_ws/install/imu_filter_madgwick/lib:${LD_LIBRARY_PATH} /usr/bin/cmake /home/achraf/autocab/raspberryPI3/ros2_ws/src/imu_tools/imu_tools -DCMAKE_INSTALL_PREFIX=/home/achraf/autocab/raspberryPI3/ros2_ws/install/imu_tools
[0.645s] Invoking command in '/home/achraf/autocab/raspberryPI3/ros2_ws/build/imu_tools': AMENT_PREFIX_PATH=/home/achraf/autocab/raspberryPI3/ros2_ws/install/rviz_imu_plugin:/home/achraf/autocab/raspberryPI3/ros2_ws/install/imu_filter_madgwick:/home/achraf/autocab/raspberryPI3/ros2_ws/install/imu_complementary_filter:${AMENT_PREFIX_PATH} CMAKE_PREFIX_PATH=/home/achraf/autocab/raspberryPI3/ros2_ws/install/rviz_imu_plugin:/home/achraf/autocab/raspberryPI3/ros2_ws/install/imu_filter_madgwick:/home/achraf/autocab/raspberryPI3/ros2_ws/install/imu_complementary_filter:/opt/ros/humble LD_LIBRARY_PATH=/home/achraf/autocab/raspberryPI3/ros2_ws/install/rviz_imu_plugin/lib:/home/achraf/autocab/raspberryPI3/ros2_ws/install/imu_filter_madgwick/lib:${LD_LIBRARY_PATH} /usr/bin/cmake --build /home/achraf/autocab/raspberryPI3/ros2_ws/build/imu_tools -- -j8 -l8
[0.682s] Invoked command in '/home/achraf/autocab/raspberryPI3/ros2_ws/build/imu_tools' returned '0': AMENT_PREFIX_PATH=/home/achraf/autocab/raspberryPI3/ros2_ws/install/rviz_imu_plugin:/home/achraf/autocab/raspberryPI3/ros2_ws/install/imu_filter_madgwick:/home/achraf/autocab/raspberryPI3/ros2_ws/install/imu_complementary_filter:${AMENT_PREFIX_PATH} CMAKE_PREFIX_PATH=/home/achraf/autocab/raspberryPI3/ros2_ws/install/rviz_imu_plugin:/home/achraf/autocab/raspberryPI3/ros2_ws/install/imu_filter_madgwick:/home/achraf/autocab/raspberryPI3/ros2_ws/install/imu_complementary_filter:/opt/ros/humble LD_LIBRARY_PATH=/home/achraf/autocab/raspberryPI3/ros2_ws/install/rviz_imu_plugin/lib:/home/achraf/autocab/raspberryPI3/ros2_ws/install/imu_filter_madgwick/lib:${LD_LIBRARY_PATH} /usr/bin/cmake --build /home/achraf/autocab/raspberryPI3/ros2_ws/build/imu_tools -- -j8 -l8
[0.702s] Invoking command in '/home/achraf/autocab/raspberryPI3/ros2_ws/build/imu_tools': AMENT_PREFIX_PATH=/home/achraf/autocab/raspberryPI3/ros2_ws/install/rviz_imu_plugin:/home/achraf/autocab/raspberryPI3/ros2_ws/install/imu_filter_madgwick:/home/achraf/autocab/raspberryPI3/ros2_ws/install/imu_complementary_filter:${AMENT_PREFIX_PATH} CMAKE_PREFIX_PATH=/home/achraf/autocab/raspberryPI3/ros2_ws/install/rviz_imu_plugin:/home/achraf/autocab/raspberryPI3/ros2_ws/install/imu_filter_madgwick:/home/achraf/autocab/raspberryPI3/ros2_ws/install/imu_complementary_filter:/opt/ros/humble LD_LIBRARY_PATH=/home/achraf/autocab/raspberryPI3/ros2_ws/install/rviz_imu_plugin/lib:/home/achraf/autocab/raspberryPI3/ros2_ws/install/imu_filter_madgwick/lib:${LD_LIBRARY_PATH} /usr/bin/cmake --install /home/achraf/autocab/raspberryPI3/ros2_ws/build/imu_tools
[0.709s] -- Install configuration: ""
[0.709s] -- Installing: /home/achraf/autocab/raspberryPI3/ros2_ws/install/imu_tools/share/ament_index/resource_index/package_run_dependencies/imu_tools
[0.709s] -- Installing: /home/achraf/autocab/raspberryPI3/ros2_ws/install/imu_tools/share/ament_index/resource_index/parent_prefix_path/imu_tools
[0.709s] -- Installing: /home/achraf/autocab/raspberryPI3/ros2_ws/install/imu_tools/share/imu_tools/environment/ament_prefix_path.sh
[0.710s] -- Installing: /home/achraf/autocab/raspberryPI3/ros2_ws/install/imu_tools/share/imu_tools/environment/ament_prefix_path.dsv
[0.710s] -- Installing: /home/achraf/autocab/raspberryPI3/ros2_ws/install/imu_tools/share/imu_tools/environment/path.sh
[0.710s] -- Installing: /home/achraf/autocab/raspberryPI3/ros2_ws/install/imu_tools/share/imu_tools/environment/path.dsv
[0.710s] -- Installing: /home/achraf/autocab/raspberryPI3/ros2_ws/install/imu_tools/share/imu_tools/local_setup.bash
[0.710s] -- Installing: /home/achraf/autocab/raspberryPI3/ros2_ws/install/imu_tools/share/imu_tools/local_setup.sh
[0.710s] -- Installing: /home/achraf/autocab/raspberryPI3/ros2_ws/install/imu_tools/share/imu_tools/local_setup.zsh
[0.711s] -- Installing: /home/achraf/autocab/raspberryPI3/ros2_ws/install/imu_tools/share/imu_tools/local_setup.dsv
[0.711s] -- Installing: /home/achraf/autocab/raspberryPI3/ros2_ws/install/imu_tools/share/imu_tools/package.dsv
[0.711s] -- Installing: /home/achraf/autocab/raspberryPI3/ros2_ws/install/imu_tools/share/ament_index/resource_index/packages/imu_tools
[0.711s] -- Installing: /home/achraf/autocab/raspberryPI3/ros2_ws/install/imu_tools/share/imu_tools/cmake/imu_toolsConfig.cmake
[0.711s] -- Installing: /home/achraf/autocab/raspberryPI3/ros2_ws/install/imu_tools/share/imu_tools/cmake/imu_toolsConfig-version.cmake
[0.711s] -- Installing: /home/achraf/autocab/raspberryPI3/ros2_ws/install/imu_tools/share/imu_tools/package.xml
[0.713s] Invoked command in '/home/achraf/autocab/raspberryPI3/ros2_ws/build/imu_tools' returned '0': AMENT_PREFIX_PATH=/home/achraf/autocab/raspberryPI3/ros2_ws/install/rviz_imu_plugin:/home/achraf/autocab/raspberryPI3/ros2_ws/install/imu_filter_madgwick:/home/achraf/autocab/raspberryPI3/ros2_ws/install/imu_complementary_filter:${AMENT_PREFIX_PATH} CMAKE_PREFIX_PATH=/home/achraf/autocab/raspberryPI3/ros2_ws/install/rviz_imu_plugin:/home/achraf/autocab/raspberryPI3/ros2_ws/install/imu_filter_madgwick:/home/achraf/autocab/raspberryPI3/ros2_ws/install/imu_complementary_filter:/opt/ros/humble LD_LIBRARY_PATH=/home/achraf/autocab/raspberryPI3/ros2_ws/install/rviz_imu_plugin/lib:/home/achraf/autocab/raspberryPI3/ros2_ws/install/imu_filter_madgwick/lib:${LD_LIBRARY_PATH} /usr/bin/cmake --install /home/achraf/autocab/raspberryPI3/ros2_ws/build/imu_tools
