[4.855s] DEBUG:colcon:Command line arguments: ['/usr/bin/colcon', 'build', '--packages-select', 'car_control']
[4.856s] DEBUG:colcon:Parsed command line arguments: Namespace(log_base=None, log_level=None, verb_name='build', build_base='build', install_base='install', merge_install=False, symlink_install=False, test_result_base=None, continue_on_error=False, executor='parallel', parallel_workers=4, event_handlers=None, ignore_user_meta=False, metas=['./colcon.meta'], base_paths=['.'], packages_ignore=None, packages_ignore_regex=None, paths=None, packages_up_to=None, packages_up_to_regex=None, packages_above=None, packages_above_and_dependencies=None, packages_above_depth=None, packages_select_by_dep=None, packages_skip_by_dep=None, packages_skip_up_to=None, packages_select_build_failed=False, packages_skip_build_finished=False, packages_select_test_failures=False, packages_skip_test_passed=False, packages_select=['car_control'], packages_skip=None, packages_select_regex=None, packages_skip_regex=None, packages_start=None, packages_end=None, allow_overriding=[], cmake_args=None, cmake_target=None, cmake_target_skip_unavailable=False, cmake_clean_cache=False, cmake_clean_first=False, cmake_force_configure=False, ament_cmake_args=None, catkin_cmake_args=None, catkin_skip_building_tests=False, verb_parser=<colcon_defaults.argument_parser.defaults.DefaultArgumentsDecorator object at 0xffffb16090f0>, verb_extension=<colcon_core.verb.build.BuildVerb object at 0xffffb20317b0>, main=<bound method BuildVerb.main of <colcon_core.verb.build.BuildVerb object at 0xffffb20317b0>>)
[5.186s] Level 1:colcon.colcon_core.package_discovery:discover_packages(colcon_meta) check parameters
[5.187s] Level 1:colcon.colcon_core.package_discovery:discover_packages(recursive) check parameters
[5.188s] Level 1:colcon.colcon_core.package_discovery:discover_packages(ignore) check parameters
[5.189s] Level 1:colcon.colcon_core.package_discovery:discover_packages(path) check parameters
[5.189s] Level 1:colcon.colcon_core.package_discovery:discover_packages(colcon_meta) discover
[5.190s] Level 1:colcon.colcon_core.package_discovery:discover_packages(recursive) discover
[5.190s] INFO:colcon.colcon_core.package_discovery:Crawling recursively for packages in '/home/pi/estelle/autocab/raspberryPI3/ros2_ws'
[5.192s] Level 1:colcon.colcon_core.package_identification:_identify(.) by extensions ['ignore', 'ignore_ament_install']
[5.194s] Level 1:colcon.colcon_core.package_identification:_identify(.) by extension 'ignore'
[5.195s] Level 1:colcon.colcon_core.package_identification:_identify(.) by extension 'ignore_ament_install'
[5.196s] Level 1:colcon.colcon_core.package_identification:_identify(.) by extensions ['colcon_pkg']
[5.196s] Level 1:colcon.colcon_core.package_identification:_identify(.) by extension 'colcon_pkg'
[5.197s] Level 1:colcon.colcon_core.package_identification:_identify(.) by extensions ['colcon_meta']
[5.198s] Level 1:colcon.colcon_core.package_identification:_identify(.) by extension 'colcon_meta'
[5.198s] Level 1:colcon.colcon_core.package_identification:_identify(.) by extensions ['ros']
[5.199s] Level 1:colcon.colcon_core.package_identification:_identify(.) by extension 'ros'
[5.362s] Level 1:colcon.colcon_core.package_identification:_identify(.) by extensions ['cmake', 'python']
[5.363s] Level 1:colcon.colcon_core.package_identification:_identify(.) by extension 'cmake'
[5.364s] Level 1:colcon.colcon_core.package_identification:_identify(.) by extension 'python'
[5.365s] Level 1:colcon.colcon_core.package_identification:_identify(.) by extensions ['python_setup_py']
[5.365s] Level 1:colcon.colcon_core.package_identification:_identify(.) by extension 'python_setup_py'
[5.367s] Level 1:colcon.colcon_core.package_identification:_identify(build) by extensions ['ignore', 'ignore_ament_install']
[5.369s] Level 1:colcon.colcon_core.package_identification:_identify(build) by extension 'ignore'
[5.369s] Level 1:colcon.colcon_core.package_identification:_identify(build) ignored
[5.372s] Level 1:colcon.colcon_core.package_identification:_identify(install) by extensions ['ignore', 'ignore_ament_install']
[5.373s] Level 1:colcon.colcon_core.package_identification:_identify(install) by extension 'ignore'
[5.374s] Level 1:colcon.colcon_core.package_identification:_identify(install) ignored
[5.376s] Level 1:colcon.colcon_core.package_identification:_identify(log) by extensions ['ignore', 'ignore_ament_install']
[5.377s] Level 1:colcon.colcon_core.package_identification:_identify(log) by extension 'ignore'
[5.378s] Level 1:colcon.colcon_core.package_identification:_identify(log) ignored
[5.379s] Level 1:colcon.colcon_core.package_identification:_identify(src) by extensions ['ignore', 'ignore_ament_install']
[5.381s] Level 1:colcon.colcon_core.package_identification:_identify(src) by extension 'ignore'
[5.381s] Level 1:colcon.colcon_core.package_identification:_identify(src) by extension 'ignore_ament_install'
[5.382s] Level 1:colcon.colcon_core.package_identification:_identify(src) by extensions ['colcon_pkg']
[5.383s] Level 1:colcon.colcon_core.package_identification:_identify(src) by extension 'colcon_pkg'
[5.384s] Level 1:colcon.colcon_core.package_identification:_identify(src) by extensions ['colcon_meta']
[5.385s] Level 1:colcon.colcon_core.package_identification:_identify(src) by extension 'colcon_meta'
[5.386s] Level 1:colcon.colcon_core.package_identification:_identify(src) by extensions ['ros']
[5.386s] Level 1:colcon.colcon_core.package_identification:_identify(src) by extension 'ros'
[5.388s] Level 1:colcon.colcon_core.package_identification:_identify(src) by extensions ['cmake', 'python']
[5.389s] Level 1:colcon.colcon_core.package_identification:_identify(src) by extension 'cmake'
[5.389s] Level 1:colcon.colcon_core.package_identification:_identify(src) by extension 'python'
[5.390s] Level 1:colcon.colcon_core.package_identification:_identify(src) by extensions ['python_setup_py']
[5.391s] Level 1:colcon.colcon_core.package_identification:_identify(src) by extension 'python_setup_py'
[5.393s] Level 1:colcon.colcon_core.package_identification:_identify(src/can) by extensions ['ignore', 'ignore_ament_install']
[5.394s] Level 1:colcon.colcon_core.package_identification:_identify(src/can) by extension 'ignore'
[5.395s] Level 1:colcon.colcon_core.package_identification:_identify(src/can) by extension 'ignore_ament_install'
[5.397s] Level 1:colcon.colcon_core.package_identification:_identify(src/can) by extensions ['colcon_pkg']
[5.397s] Level 1:colcon.colcon_core.package_identification:_identify(src/can) by extension 'colcon_pkg'
[5.398s] Level 1:colcon.colcon_core.package_identification:_identify(src/can) by extensions ['colcon_meta']
[5.399s] Level 1:colcon.colcon_core.package_identification:_identify(src/can) by extension 'colcon_meta'
[5.400s] Level 1:colcon.colcon_core.package_identification:_identify(src/can) by extensions ['ros']
[5.400s] Level 1:colcon.colcon_core.package_identification:_identify(src/can) by extension 'ros'
[5.506s] DEBUG:colcon.colcon_core.package_identification:Package 'src/can' with type 'ros.ament_cmake' and name 'can'
[5.509s] Level 1:colcon.colcon_core.package_identification:_identify(src/car_control) by extensions ['ignore', 'ignore_ament_install']
[5.510s] Level 1:colcon.colcon_core.package_identification:_identify(src/car_control) by extension 'ignore'
[5.514s] Level 1:colcon.colcon_core.package_identification:_identify(src/car_control) by extension 'ignore_ament_install'
[5.515s] Level 1:colcon.colcon_core.package_identification:_identify(src/car_control) by extensions ['colcon_pkg']
[5.517s] Level 1:colcon.colcon_core.package_identification:_identify(src/car_control) by extension 'colcon_pkg'
[5.518s] Level 1:colcon.colcon_core.package_identification:_identify(src/car_control) by extensions ['colcon_meta']
[5.518s] Level 1:colcon.colcon_core.package_identification:_identify(src/car_control) by extension 'colcon_meta'
[5.520s] Level 1:colcon.colcon_core.package_identification:_identify(src/car_control) by extensions ['ros']
[5.520s] Level 1:colcon.colcon_core.package_identification:_identify(src/car_control) by extension 'ros'
[5.530s] DEBUG:colcon.colcon_core.package_identification:Package 'src/car_control' with type 'ros.ament_cmake' and name 'car_control'
[5.532s] Level 1:colcon.colcon_core.package_identification:_identify(src/carla_msgs) by extensions ['ignore', 'ignore_ament_install']
[5.533s] Level 1:colcon.colcon_core.package_identification:_identify(src/carla_msgs) by extension 'ignore'
[5.535s] Level 1:colcon.colcon_core.package_identification:_identify(src/carla_msgs) by extension 'ignore_ament_install'
[5.536s] Level 1:colcon.colcon_core.package_identification:_identify(src/carla_msgs) by extensions ['colcon_pkg']
[5.537s] Level 1:colcon.colcon_core.package_identification:_identify(src/carla_msgs) by extension 'colcon_pkg'
[5.537s] Level 1:colcon.colcon_core.package_identification:_identify(src/carla_msgs) by extensions ['colcon_meta']
[5.538s] Level 1:colcon.colcon_core.package_identification:_identify(src/carla_msgs) by extension 'colcon_meta'
[5.539s] Level 1:colcon.colcon_core.package_identification:_identify(src/carla_msgs) by extensions ['ros']
[5.540s] Level 1:colcon.colcon_core.package_identification:_identify(src/carla_msgs) by extension 'ros'
[5.549s] DEBUG:colcon.colcon_core.package_identification:Package 'src/carla_msgs' with type 'ros.ament_cmake' and name 'carla_msgs'
[5.551s] Level 1:colcon.colcon_core.package_identification:_identify(src/geicar_start) by extensions ['ignore', 'ignore_ament_install']
[5.553s] Level 1:colcon.colcon_core.package_identification:_identify(src/geicar_start) by extension 'ignore'
[5.554s] Level 1:colcon.colcon_core.package_identification:_identify(src/geicar_start) by extension 'ignore_ament_install'
[5.555s] Level 1:colcon.colcon_core.package_identification:_identify(src/geicar_start) by extensions ['colcon_pkg']
[5.556s] Level 1:colcon.colcon_core.package_identification:_identify(src/geicar_start) by extension 'colcon_pkg'
[5.556s] Level 1:colcon.colcon_core.package_identification:_identify(src/geicar_start) by extensions ['colcon_meta']
[5.557s] Level 1:colcon.colcon_core.package_identification:_identify(src/geicar_start) by extension 'colcon_meta'
[5.558s] Level 1:colcon.colcon_core.package_identification:_identify(src/geicar_start) by extensions ['ros']
[5.559s] Level 1:colcon.colcon_core.package_identification:_identify(src/geicar_start) by extension 'ros'
[5.566s] DEBUG:colcon.colcon_core.package_identification:Package 'src/geicar_start' with type 'ros.ament_cmake' and name 'geicar_start'
[5.568s] Level 1:colcon.colcon_core.package_identification:_identify(src/imu_tools) by extensions ['ignore', 'ignore_ament_install']
[5.570s] Level 1:colcon.colcon_core.package_identification:_identify(src/imu_tools) by extension 'ignore'
[5.571s] Level 1:colcon.colcon_core.package_identification:_identify(src/imu_tools) by extension 'ignore_ament_install'
[5.572s] Level 1:colcon.colcon_core.package_identification:_identify(src/imu_tools) by extensions ['colcon_pkg']
[5.573s] Level 1:colcon.colcon_core.package_identification:_identify(src/imu_tools) by extension 'colcon_pkg'
[5.573s] Level 1:colcon.colcon_core.package_identification:_identify(src/imu_tools) by extensions ['colcon_meta']
[5.574s] Level 1:colcon.colcon_core.package_identification:_identify(src/imu_tools) by extension 'colcon_meta'
[5.575s] Level 1:colcon.colcon_core.package_identification:_identify(src/imu_tools) by extensions ['ros']
[5.576s] Level 1:colcon.colcon_core.package_identification:_identify(src/imu_tools) by extension 'ros'
[5.578s] Level 1:colcon.colcon_core.package_identification:_identify(src/imu_tools) by extensions ['cmake', 'python']
[5.579s] Level 1:colcon.colcon_core.package_identification:_identify(src/imu_tools) by extension 'cmake'
[5.580s] Level 1:colcon.colcon_core.package_identification:_identify(src/imu_tools) by extension 'python'
[5.581s] Level 1:colcon.colcon_core.package_identification:_identify(src/imu_tools) by extensions ['python_setup_py']
[5.581s] Level 1:colcon.colcon_core.package_identification:_identify(src/imu_tools) by extension 'python_setup_py'
[5.583s] Level 1:colcon.colcon_core.package_identification:_identify(src/imu_tools/imu_complementary_filter) by extensions ['ignore', 'ignore_ament_install']
[5.585s] Level 1:colcon.colcon_core.package_identification:_identify(src/imu_tools/imu_complementary_filter) by extension 'ignore'
[5.586s] Level 1:colcon.colcon_core.package_identification:_identify(src/imu_tools/imu_complementary_filter) by extension 'ignore_ament_install'
[5.587s] Level 1:colcon.colcon_core.package_identification:_identify(src/imu_tools/imu_complementary_filter) by extensions ['colcon_pkg']
[5.587s] Level 1:colcon.colcon_core.package_identification:_identify(src/imu_tools/imu_complementary_filter) by extension 'colcon_pkg'
[5.588s] Level 1:colcon.colcon_core.package_identification:_identify(src/imu_tools/imu_complementary_filter) by extensions ['colcon_meta']
[5.590s] Level 1:colcon.colcon_core.package_identification:_identify(src/imu_tools/imu_complementary_filter) by extension 'colcon_meta'
[5.591s] Level 1:colcon.colcon_core.package_identification:_identify(src/imu_tools/imu_complementary_filter) by extensions ['ros']
[5.591s] Level 1:colcon.colcon_core.package_identification:_identify(src/imu_tools/imu_complementary_filter) by extension 'ros'
[5.600s] DEBUG:colcon.colcon_core.package_identification:Package 'src/imu_tools/imu_complementary_filter' with type 'ros.ament_cmake' and name 'imu_complementary_filter'
[5.602s] Level 1:colcon.colcon_core.package_identification:_identify(src/imu_tools/imu_filter_madgwick) by extensions ['ignore', 'ignore_ament_install']
[5.603s] Level 1:colcon.colcon_core.package_identification:_identify(src/imu_tools/imu_filter_madgwick) by extension 'ignore'
[5.605s] Level 1:colcon.colcon_core.package_identification:_identify(src/imu_tools/imu_filter_madgwick) by extension 'ignore_ament_install'
[5.606s] Level 1:colcon.colcon_core.package_identification:_identify(src/imu_tools/imu_filter_madgwick) by extensions ['colcon_pkg']
[5.607s] Level 1:colcon.colcon_core.package_identification:_identify(src/imu_tools/imu_filter_madgwick) by extension 'colcon_pkg'
[5.608s] Level 1:colcon.colcon_core.package_identification:_identify(src/imu_tools/imu_filter_madgwick) by extensions ['colcon_meta']
[5.609s] Level 1:colcon.colcon_core.package_identification:_identify(src/imu_tools/imu_filter_madgwick) by extension 'colcon_meta'
[5.609s] Level 1:colcon.colcon_core.package_identification:_identify(src/imu_tools/imu_filter_madgwick) by extensions ['ros']
[5.610s] Level 1:colcon.colcon_core.package_identification:_identify(src/imu_tools/imu_filter_madgwick) by extension 'ros'
[5.627s] DEBUG:colcon.colcon_core.package_identification:Package 'src/imu_tools/imu_filter_madgwick' with type 'ros.ament_cmake' and name 'imu_filter_madgwick'
[5.629s] Level 1:colcon.colcon_core.package_identification:_identify(src/imu_tools/imu_tools) by extensions ['ignore', 'ignore_ament_install']
[5.630s] Level 1:colcon.colcon_core.package_identification:_identify(src/imu_tools/imu_tools) by extension 'ignore'
[5.631s] Level 1:colcon.colcon_core.package_identification:_identify(src/imu_tools/imu_tools) by extension 'ignore_ament_install'
[5.633s] Level 1:colcon.colcon_core.package_identification:_identify(src/imu_tools/imu_tools) by extensions ['colcon_pkg']
[5.633s] Level 1:colcon.colcon_core.package_identification:_identify(src/imu_tools/imu_tools) by extension 'colcon_pkg'
[5.634s] Level 1:colcon.colcon_core.package_identification:_identify(src/imu_tools/imu_tools) by extensions ['colcon_meta']
[5.635s] Level 1:colcon.colcon_core.package_identification:_identify(src/imu_tools/imu_tools) by extension 'colcon_meta'
[5.636s] Level 1:colcon.colcon_core.package_identification:_identify(src/imu_tools/imu_tools) by extensions ['ros']
[5.636s] Level 1:colcon.colcon_core.package_identification:_identify(src/imu_tools/imu_tools) by extension 'ros'
[5.643s] DEBUG:colcon.colcon_core.package_identification:Package 'src/imu_tools/imu_tools' with type 'ros.ament_cmake' and name 'imu_tools'
[5.645s] Level 1:colcon.colcon_core.package_identification:_identify(src/imu_tools/rviz_imu_plugin) by extensions ['ignore', 'ignore_ament_install']
[5.648s] Level 1:colcon.colcon_core.package_identification:_identify(src/imu_tools/rviz_imu_plugin) by extension 'ignore'
[5.649s] Level 1:colcon.colcon_core.package_identification:_identify(src/imu_tools/rviz_imu_plugin) by extension 'ignore_ament_install'
[5.650s] Level 1:colcon.colcon_core.package_identification:_identify(src/imu_tools/rviz_imu_plugin) by extensions ['colcon_pkg']
[5.650s] Level 1:colcon.colcon_core.package_identification:_identify(src/imu_tools/rviz_imu_plugin) by extension 'colcon_pkg'
[5.651s] Level 1:colcon.colcon_core.package_identification:_identify(src/imu_tools/rviz_imu_plugin) by extensions ['colcon_meta']
[5.651s] Level 1:colcon.colcon_core.package_identification:_identify(src/imu_tools/rviz_imu_plugin) by extension 'colcon_meta'
[5.652s] Level 1:colcon.colcon_core.package_identification:_identify(src/imu_tools/rviz_imu_plugin) by extensions ['ros']
[5.653s] Level 1:colcon.colcon_core.package_identification:_identify(src/imu_tools/rviz_imu_plugin) by extension 'ros'
[5.668s] DEBUG:colcon.colcon_core.package_identification:Package 'src/imu_tools/rviz_imu_plugin' with type 'ros.ament_cmake' and name 'rviz_imu_plugin'
[5.670s] Level 1:colcon.colcon_core.package_identification:_identify(src/interfaces) by extensions ['ignore', 'ignore_ament_install']
[5.672s] Level 1:colcon.colcon_core.package_identification:_identify(src/interfaces) by extension 'ignore'
[5.673s] Level 1:colcon.colcon_core.package_identification:_identify(src/interfaces) by extension 'ignore_ament_install'
[5.674s] Level 1:colcon.colcon_core.package_identification:_identify(src/interfaces) by extensions ['colcon_pkg']
[5.675s] Level 1:colcon.colcon_core.package_identification:_identify(src/interfaces) by extension 'colcon_pkg'
[5.676s] Level 1:colcon.colcon_core.package_identification:_identify(src/interfaces) by extensions ['colcon_meta']
[5.677s] Level 1:colcon.colcon_core.package_identification:_identify(src/interfaces) by extension 'colcon_meta'
[5.678s] Level 1:colcon.colcon_core.package_identification:_identify(src/interfaces) by extensions ['ros']
[5.678s] Level 1:colcon.colcon_core.package_identification:_identify(src/interfaces) by extension 'ros'
[5.688s] DEBUG:colcon.colcon_core.package_identification:Package 'src/interfaces' with type 'ros.ament_cmake' and name 'interfaces'
[5.689s] Level 1:colcon.colcon_core.package_identification:_identify(src/joystick) by extensions ['ignore', 'ignore_ament_install']
[5.690s] Level 1:colcon.colcon_core.package_identification:_identify(src/joystick) by extension 'ignore'
[5.691s] Level 1:colcon.colcon_core.package_identification:_identify(src/joystick) by extension 'ignore_ament_install'
[5.692s] Level 1:colcon.colcon_core.package_identification:_identify(src/joystick) by extensions ['colcon_pkg']
[5.693s] Level 1:colcon.colcon_core.package_identification:_identify(src/joystick) by extension 'colcon_pkg'
[5.694s] Level 1:colcon.colcon_core.package_identification:_identify(src/joystick) by extensions ['colcon_meta']
[5.694s] Level 1:colcon.colcon_core.package_identification:_identify(src/joystick) by extension 'colcon_meta'
[5.695s] Level 1:colcon.colcon_core.package_identification:_identify(src/joystick) by extensions ['ros']
[5.696s] Level 1:colcon.colcon_core.package_identification:_identify(src/joystick) by extension 'ros'
[5.705s] DEBUG:colcon.colcon_core.package_identification:Package 'src/joystick' with type 'ros.ament_cmake' and name 'joystick'
[5.706s] Level 1:colcon.colcon_core.package_identification:_identify(src/simulation) by extensions ['ignore', 'ignore_ament_install']
[5.708s] Level 1:colcon.colcon_core.package_identification:_identify(src/simulation) by extension 'ignore'
[5.709s] Level 1:colcon.colcon_core.package_identification:_identify(src/simulation) by extension 'ignore_ament_install'
[5.710s] Level 1:colcon.colcon_core.package_identification:_identify(src/simulation) by extensions ['colcon_pkg']
[5.710s] Level 1:colcon.colcon_core.package_identification:_identify(src/simulation) by extension 'colcon_pkg'
[5.711s] Level 1:colcon.colcon_core.package_identification:_identify(src/simulation) by extensions ['colcon_meta']
[5.712s] Level 1:colcon.colcon_core.package_identification:_identify(src/simulation) by extension 'colcon_meta'
[5.713s] Level 1:colcon.colcon_core.package_identification:_identify(src/simulation) by extensions ['ros']
[5.713s] Level 1:colcon.colcon_core.package_identification:_identify(src/simulation) by extension 'ros'
[5.724s] DEBUG:colcon.colcon_core.package_identification:Package 'src/simulation' with type 'ros.ament_cmake' and name 'simulation'
[5.726s] Level 1:colcon.colcon_core.package_identification:_identify(src/system_check) by extensions ['ignore', 'ignore_ament_install']
[5.727s] Level 1:colcon.colcon_core.package_identification:_identify(src/system_check) by extension 'ignore'
[5.728s] Level 1:colcon.colcon_core.package_identification:_identify(src/system_check) by extension 'ignore_ament_install'
[5.729s] Level 1:colcon.colcon_core.package_identification:_identify(src/system_check) by extensions ['colcon_pkg']
[5.729s] Level 1:colcon.colcon_core.package_identification:_identify(src/system_check) by extension 'colcon_pkg'
[5.730s] Level 1:colcon.colcon_core.package_identification:_identify(src/system_check) by extensions ['colcon_meta']
[5.731s] Level 1:colcon.colcon_core.package_identification:_identify(src/system_check) by extension 'colcon_meta'
[5.732s] Level 1:colcon.colcon_core.package_identification:_identify(src/system_check) by extensions ['ros']
[5.732s] Level 1:colcon.colcon_core.package_identification:_identify(src/system_check) by extension 'ros'
[5.741s] DEBUG:colcon.colcon_core.package_identification:Package 'src/system_check' with type 'ros.ament_cmake' and name 'system_check'
[5.742s] Level 1:colcon.colcon_core.package_discovery:discover_packages(recursive) using defaults
[5.742s] Level 1:colcon.colcon_core.package_discovery:discover_packages(ignore) discover
[5.743s] Level 1:colcon.colcon_core.package_discovery:discover_packages(ignore) using defaults
[5.744s] Level 1:colcon.colcon_core.package_discovery:discover_packages(path) discover
[5.744s] Level 1:colcon.colcon_core.package_discovery:discover_packages(path) using defaults
[6.069s] INFO:colcon.colcon_core.package_selection:Skipping not selected package 'carla_msgs' in 'src/carla_msgs'
[6.070s] INFO:colcon.colcon_core.package_selection:Skipping not selected package 'imu_complementary_filter' in 'src/imu_tools/imu_complementary_filter'
[6.070s] INFO:colcon.colcon_core.package_selection:Skipping not selected package 'imu_filter_madgwick' in 'src/imu_tools/imu_filter_madgwick'
[6.071s] INFO:colcon.colcon_core.package_selection:Skipping not selected package 'interfaces' in 'src/interfaces'
[6.072s] INFO:colcon.colcon_core.package_selection:Skipping not selected package 'rviz_imu_plugin' in 'src/imu_tools/rviz_imu_plugin'
[6.072s] INFO:colcon.colcon_core.package_selection:Skipping not selected package 'can' in 'src/can'
[6.073s] INFO:colcon.colcon_core.package_selection:Skipping not selected package 'imu_tools' in 'src/imu_tools/imu_tools'
[6.073s] INFO:colcon.colcon_core.package_selection:Skipping not selected package 'joystick' in 'src/joystick'
[6.073s] INFO:colcon.colcon_core.package_selection:Skipping not selected package 'simulation' in 'src/simulation'
[6.074s] INFO:colcon.colcon_core.package_selection:Skipping not selected package 'system_check' in 'src/system_check'
[6.074s] INFO:colcon.colcon_core.package_selection:Skipping not selected package 'geicar_start' in 'src/geicar_start'
[6.084s] Level 1:colcon.colcon_core.package_discovery:discover_packages(prefix_path) check parameters
[6.085s] Level 1:colcon.colcon_core.package_discovery:discover_packages(prefix_path) discover
[6.105s] WARNING:colcon.colcon_ros.prefix_path.ament:The path '/home/pi/estelle/autocab/raspberryPI3/ros2_ws/install/geicar_start' in the environment variable AMENT_PREFIX_PATH doesn't exist
[6.107s] WARNING:colcon.colcon_ros.prefix_path.ament:The path '/home/pi/estelle/autocab/raspberryPI3/ros2_ws/install/system_check' in the environment variable AMENT_PREFIX_PATH doesn't exist
[6.108s] WARNING:colcon.colcon_ros.prefix_path.ament:The path '/home/pi/estelle/autocab/raspberryPI3/ros2_ws/install/simulation' in the environment variable AMENT_PREFIX_PATH doesn't exist
[6.109s] WARNING:colcon.colcon_ros.prefix_path.ament:The path '/home/pi/estelle/autocab/raspberryPI3/ros2_ws/install/imu_tools' in the environment variable AMENT_PREFIX_PATH doesn't exist
[6.110s] WARNING:colcon.colcon_ros.prefix_path.ament:The path '/home/pi/estelle/autocab/raspberryPI3/ros2_ws/install/rviz_imu_plugin' in the environment variable AMENT_PREFIX_PATH doesn't exist
[6.110s] WARNING:colcon.colcon_ros.prefix_path.ament:The path '/home/pi/estelle/autocab/raspberryPI3/ros2_ws/install/joystick' in the environment variable AMENT_PREFIX_PATH doesn't exist
[6.111s] WARNING:colcon.colcon_ros.prefix_path.ament:The path '/home/pi/estelle/autocab/raspberryPI3/ros2_ws/install/car_control' in the environment variable AMENT_PREFIX_PATH doesn't exist
[6.112s] WARNING:colcon.colcon_ros.prefix_path.ament:The path '/home/pi/estelle/autocab/raspberryPI3/ros2_ws/install/can' in the environment variable AMENT_PREFIX_PATH doesn't exist
[6.114s] WARNING:colcon.colcon_ros.prefix_path.ament:The path '/home/pi/estelle/autocab/raspberryPI3/ros2_ws/install/imu_filter_madgwick' in the environment variable AMENT_PREFIX_PATH doesn't exist
[6.116s] WARNING:colcon.colcon_ros.prefix_path.ament:The path '/home/pi/estelle/autocab/raspberryPI3/ros2_ws/install/imu_complementary_filter' in the environment variable AMENT_PREFIX_PATH doesn't exist
[6.116s] WARNING:colcon.colcon_ros.prefix_path.ament:The path '/home/pi/estelle/autocab/raspberryPI3/ros2_ws/install/carla_msgs' in the environment variable AMENT_PREFIX_PATH doesn't exist
[6.136s] WARNING:colcon.colcon_ros.prefix_path.catkin:The path '/home/pi/estelle/autocab/raspberryPI3/ros2_ws/install/geicar_start' in the environment variable CMAKE_PREFIX_PATH doesn't exist
[6.137s] WARNING:colcon.colcon_ros.prefix_path.catkin:The path '/home/pi/estelle/autocab/raspberryPI3/ros2_ws/install/system_check' in the environment variable CMAKE_PREFIX_PATH doesn't exist
[6.138s] WARNING:colcon.colcon_ros.prefix_path.catkin:The path '/home/pi/estelle/autocab/raspberryPI3/ros2_ws/install/simulation' in the environment variable CMAKE_PREFIX_PATH doesn't exist
[6.139s] WARNING:colcon.colcon_ros.prefix_path.catkin:The path '/home/pi/estelle/autocab/raspberryPI3/ros2_ws/install/imu_tools' in the environment variable CMAKE_PREFIX_PATH doesn't exist
[6.140s] WARNING:colcon.colcon_ros.prefix_path.catkin:The path '/home/pi/estelle/autocab/raspberryPI3/ros2_ws/install/rviz_imu_plugin' in the environment variable CMAKE_PREFIX_PATH doesn't exist
[6.140s] WARNING:colcon.colcon_ros.prefix_path.catkin:The path '/home/pi/estelle/autocab/raspberryPI3/ros2_ws/install/joystick' in the environment variable CMAKE_PREFIX_PATH doesn't exist
[6.141s] WARNING:colcon.colcon_ros.prefix_path.catkin:The path '/home/pi/estelle/autocab/raspberryPI3/ros2_ws/install/car_control' in the environment variable CMAKE_PREFIX_PATH doesn't exist
[6.142s] WARNING:colcon.colcon_ros.prefix_path.catkin:The path '/home/pi/estelle/autocab/raspberryPI3/ros2_ws/install/can' in the environment variable CMAKE_PREFIX_PATH doesn't exist
[6.143s] WARNING:colcon.colcon_ros.prefix_path.catkin:The path '/home/pi/estelle/autocab/raspberryPI3/ros2_ws/install/imu_filter_madgwick' in the environment variable CMAKE_PREFIX_PATH doesn't exist
[6.144s] WARNING:colcon.colcon_ros.prefix_path.catkin:The path '/home/pi/estelle/autocab/raspberryPI3/ros2_ws/install/imu_complementary_filter' in the environment variable CMAKE_PREFIX_PATH doesn't exist
[6.145s] WARNING:colcon.colcon_ros.prefix_path.catkin:The path '/home/pi/estelle/autocab/raspberryPI3/ros2_ws/install/carla_msgs' in the environment variable CMAKE_PREFIX_PATH doesn't exist
[6.165s] DEBUG:colcon.colcon_installed_package_information.package_discovery:Found 1 installed packages in /home/pi/estelle/autocab/raspberryPI3/ros2_ws/install
[6.184s] DEBUG:colcon.colcon_installed_package_information.package_discovery:Found 12 installed packages in /home/pi/ros2_ws/install
[6.221s] DEBUG:colcon.colcon_installed_package_information.package_discovery:Found 281 installed packages in /opt/ros/humble
[6.252s] Level 1:colcon.colcon_core.package_discovery:discover_packages(prefix_path) using defaults
[7.259s] WARNING:colcon.colcon_core.package_selection:Some selected packages are already built in one or more underlay workspaces:
	'car_control' is in: /home/pi/ros2_ws/install/car_control
If a package in a merged underlay workspace is overridden and it installs headers, then all packages in the overlay must sort their include directories by workspace order. Failure to do so may result in build failures or undefined behavior at run time.
If the overridden package is used by another package in any underlay, then the overriding package in the overlay must be API and ABI compatible or undefined behavior at run time may occur.

If you understand the risks and want to override a package anyways, add the following to the command line:
	--allow-overriding car_control

This may be promoted to an error in a future release of colcon-override-check.
[7.280s] Level 5:colcon.colcon_core.verb:set package 'car_control' build argument 'cmake_args' from command line to 'None'
[7.281s] Level 5:colcon.colcon_core.verb:set package 'car_control' build argument 'cmake_target' from command line to 'None'
[7.282s] Level 5:colcon.colcon_core.verb:set package 'car_control' build argument 'cmake_target_skip_unavailable' from command line to 'False'
[7.282s] Level 5:colcon.colcon_core.verb:set package 'car_control' build argument 'cmake_clean_cache' from command line to 'False'
[7.283s] Level 5:colcon.colcon_core.verb:set package 'car_control' build argument 'cmake_clean_first' from command line to 'False'
[7.284s] Level 5:colcon.colcon_core.verb:set package 'car_control' build argument 'cmake_force_configure' from command line to 'False'
[7.284s] Level 5:colcon.colcon_core.verb:set package 'car_control' build argument 'ament_cmake_args' from command line to 'None'
[7.285s] Level 5:colcon.colcon_core.verb:set package 'car_control' build argument 'catkin_cmake_args' from command line to 'None'
[7.285s] Level 5:colcon.colcon_core.verb:set package 'car_control' build argument 'catkin_skip_building_tests' from command line to 'False'
[7.286s] DEBUG:colcon.colcon_core.verb:Building package 'car_control' with the following arguments: {'ament_cmake_args': None, 'build_base': '/home/pi/estelle/autocab/raspberryPI3/ros2_ws/build/car_control', 'catkin_cmake_args': None, 'catkin_skip_building_tests': False, 'cmake_args': None, 'cmake_clean_cache': False, 'cmake_clean_first': False, 'cmake_force_configure': False, 'cmake_target': None, 'cmake_target_skip_unavailable': False, 'install_base': '/home/pi/estelle/autocab/raspberryPI3/ros2_ws/install/car_control', 'merge_install': False, 'path': '/home/pi/estelle/autocab/raspberryPI3/ros2_ws/src/car_control', 'symlink_install': False, 'test_result_base': None}
[7.294s] INFO:colcon.colcon_core.executor:Executing jobs using 'parallel' executor
[7.347s] DEBUG:colcon.colcon_parallel_executor.executor.parallel:run_until_complete
[7.354s] INFO:colcon.colcon_ros.task.ament_cmake.build:Building ROS package in '/home/pi/estelle/autocab/raspberryPI3/ros2_ws/src/car_control' with build type 'ament_cmake'
[7.355s] INFO:colcon.colcon_cmake.task.cmake.build:Building CMake package in '/home/pi/estelle/autocab/raspberryPI3/ros2_ws/src/car_control'
[7.417s] INFO:colcon.colcon_core.plugin_system:Skipping extension 'colcon_core.shell.bat': Not used on non-Windows systems
[7.420s] INFO:colcon.colcon_core.shell:Skip shell extension 'powershell' for command environment: Not usable outside of PowerShell
[7.421s] DEBUG:colcon.colcon_core.shell:Skip shell extension 'dsv' for command environment
[7.662s] DEBUG:colcon.colcon_core.event_handler.log_command:Invoking command in '/home/pi/estelle/autocab/raspberryPI3/ros2_ws/build/car_control': CMAKE_PREFIX_PATH=/home/pi/estelle/autocab/raspberryPI3/ros2_ws/install/interfaces:/home/pi/estelle/autocab/raspberryPI3/ros2_ws/install/geicar_start:/home/pi/estelle/autocab/raspberryPI3/ros2_ws/install/system_check:/home/pi/estelle/autocab/raspberryPI3/ros2_ws/install/simulation:/home/pi/estelle/autocab/raspberryPI3/ros2_ws/install/imu_tools:/home/pi/estelle/autocab/raspberryPI3/ros2_ws/install/rviz_imu_plugin:/home/pi/estelle/autocab/raspberryPI3/ros2_ws/install/joystick:/home/pi/estelle/autocab/raspberryPI3/ros2_ws/install/car_control:/home/pi/estelle/autocab/raspberryPI3/ros2_ws/install/can:/home/pi/estelle/autocab/raspberryPI3/ros2_ws/install/imu_filter_madgwick:/home/pi/estelle/autocab/raspberryPI3/ros2_ws/install/imu_complementary_filter:/home/pi/estelle/autocab/raspberryPI3/ros2_ws/install/carla_msgs:/home/pi/ros2_ws/install/geicar_start:/home/pi/ros2_ws/install/system_check:/home/pi/ros2_ws/install/simulation:/home/pi/ros2_ws/install/imu_tools:/home/pi/ros2_ws/install/rviz_imu_plugin:/home/pi/ros2_ws/install/joystick:/home/pi/ros2_ws/install/car_control:/home/pi/ros2_ws/install/can:/home/pi/ros2_ws/install/interfaces:/home/pi/ros2_ws/install/imu_filter_madgwick:/home/pi/ros2_ws/install/imu_complementary_filter:/home/pi/ros2_ws/install/carla_msgs:/opt/ros/humble LD_LIBRARY_PATH=/home/pi/estelle/autocab/raspberryPI3/ros2_ws/install/interfaces/lib:/home/pi/estelle/autocab/raspberryPI3/ros2_ws/install/rviz_imu_plugin/lib:/home/pi/estelle/autocab/raspberryPI3/ros2_ws/install/imu_filter_madgwick/lib:/home/pi/estelle/autocab/raspberryPI3/ros2_ws/install/carla_msgs/lib:/home/pi/ros2_ws/install/rviz_imu_plugin/lib:/home/pi/ros2_ws/install/interfaces/lib:/home/pi/ros2_ws/install/imu_filter_madgwick/lib:/home/pi/ros2_ws/install/carla_msgs/lib:/opt/ros/humble/opt/rviz_ogre_vendor/lib:/opt/ros/humble/lib/aarch64-linux-gnu:/opt/ros/humble/lib /usr/bin/cmake /home/pi/estelle/autocab/raspberryPI3/ros2_ws/src/car_control -DCMAKE_INSTALL_PREFIX=/home/pi/estelle/autocab/raspberryPI3/ros2_ws/install/car_control
[35.371s] DEBUG:colcon.colcon_core.event_handler.log_command:Invoked command in '/home/pi/estelle/autocab/raspberryPI3/ros2_ws/build/car_control' returned '0': CMAKE_PREFIX_PATH=/home/pi/estelle/autocab/raspberryPI3/ros2_ws/install/interfaces:/home/pi/estelle/autocab/raspberryPI3/ros2_ws/install/geicar_start:/home/pi/estelle/autocab/raspberryPI3/ros2_ws/install/system_check:/home/pi/estelle/autocab/raspberryPI3/ros2_ws/install/simulation:/home/pi/estelle/autocab/raspberryPI3/ros2_ws/install/imu_tools:/home/pi/estelle/autocab/raspberryPI3/ros2_ws/install/rviz_imu_plugin:/home/pi/estelle/autocab/raspberryPI3/ros2_ws/install/joystick:/home/pi/estelle/autocab/raspberryPI3/ros2_ws/install/car_control:/home/pi/estelle/autocab/raspberryPI3/ros2_ws/install/can:/home/pi/estelle/autocab/raspberryPI3/ros2_ws/install/imu_filter_madgwick:/home/pi/estelle/autocab/raspberryPI3/ros2_ws/install/imu_complementary_filter:/home/pi/estelle/autocab/raspberryPI3/ros2_ws/install/carla_msgs:/home/pi/ros2_ws/install/geicar_start:/home/pi/ros2_ws/install/system_check:/home/pi/ros2_ws/install/simulation:/home/pi/ros2_ws/install/imu_tools:/home/pi/ros2_ws/install/rviz_imu_plugin:/home/pi/ros2_ws/install/joystick:/home/pi/ros2_ws/install/car_control:/home/pi/ros2_ws/install/can:/home/pi/ros2_ws/install/interfaces:/home/pi/ros2_ws/install/imu_filter_madgwick:/home/pi/ros2_ws/install/imu_complementary_filter:/home/pi/ros2_ws/install/carla_msgs:/opt/ros/humble LD_LIBRARY_PATH=/home/pi/estelle/autocab/raspberryPI3/ros2_ws/install/interfaces/lib:/home/pi/estelle/autocab/raspberryPI3/ros2_ws/install/rviz_imu_plugin/lib:/home/pi/estelle/autocab/raspberryPI3/ros2_ws/install/imu_filter_madgwick/lib:/home/pi/estelle/autocab/raspberryPI3/ros2_ws/install/carla_msgs/lib:/home/pi/ros2_ws/install/rviz_imu_plugin/lib:/home/pi/ros2_ws/install/interfaces/lib:/home/pi/ros2_ws/install/imu_filter_madgwick/lib:/home/pi/ros2_ws/install/carla_msgs/lib:/opt/ros/humble/opt/rviz_ogre_vendor/lib:/opt/ros/humble/lib/aarch64-linux-gnu:/opt/ros/humble/lib /usr/bin/cmake /home/pi/estelle/autocab/raspberryPI3/ros2_ws/src/car_control -DCMAKE_INSTALL_PREFIX=/home/pi/estelle/autocab/raspberryPI3/ros2_ws/install/car_control
[35.382s] DEBUG:colcon.colcon_core.event_handler.log_command:Invoking command in '/home/pi/estelle/autocab/raspberryPI3/ros2_ws/build/car_control': CMAKE_PREFIX_PATH=/home/pi/estelle/autocab/raspberryPI3/ros2_ws/install/interfaces:/home/pi/estelle/autocab/raspberryPI3/ros2_ws/install/geicar_start:/home/pi/estelle/autocab/raspberryPI3/ros2_ws/install/system_check:/home/pi/estelle/autocab/raspberryPI3/ros2_ws/install/simulation:/home/pi/estelle/autocab/raspberryPI3/ros2_ws/install/imu_tools:/home/pi/estelle/autocab/raspberryPI3/ros2_ws/install/rviz_imu_plugin:/home/pi/estelle/autocab/raspberryPI3/ros2_ws/install/joystick:/home/pi/estelle/autocab/raspberryPI3/ros2_ws/install/car_control:/home/pi/estelle/autocab/raspberryPI3/ros2_ws/install/can:/home/pi/estelle/autocab/raspberryPI3/ros2_ws/install/imu_filter_madgwick:/home/pi/estelle/autocab/raspberryPI3/ros2_ws/install/imu_complementary_filter:/home/pi/estelle/autocab/raspberryPI3/ros2_ws/install/carla_msgs:/home/pi/ros2_ws/install/geicar_start:/home/pi/ros2_ws/install/system_check:/home/pi/ros2_ws/install/simulation:/home/pi/ros2_ws/install/imu_tools:/home/pi/ros2_ws/install/rviz_imu_plugin:/home/pi/ros2_ws/install/joystick:/home/pi/ros2_ws/install/car_control:/home/pi/ros2_ws/install/can:/home/pi/ros2_ws/install/interfaces:/home/pi/ros2_ws/install/imu_filter_madgwick:/home/pi/ros2_ws/install/imu_complementary_filter:/home/pi/ros2_ws/install/carla_msgs:/opt/ros/humble LD_LIBRARY_PATH=/home/pi/estelle/autocab/raspberryPI3/ros2_ws/install/interfaces/lib:/home/pi/estelle/autocab/raspberryPI3/ros2_ws/install/rviz_imu_plugin/lib:/home/pi/estelle/autocab/raspberryPI3/ros2_ws/install/imu_filter_madgwick/lib:/home/pi/estelle/autocab/raspberryPI3/ros2_ws/install/carla_msgs/lib:/home/pi/ros2_ws/install/rviz_imu_plugin/lib:/home/pi/ros2_ws/install/interfaces/lib:/home/pi/ros2_ws/install/imu_filter_madgwick/lib:/home/pi/ros2_ws/install/carla_msgs/lib:/opt/ros/humble/opt/rviz_ogre_vendor/lib:/opt/ros/humble/lib/aarch64-linux-gnu:/opt/ros/humble/lib /usr/bin/cmake --build /home/pi/estelle/autocab/raspberryPI3/ros2_ws/build/car_control -- -j4 -l4
[218.196s] DEBUG:colcon.colcon_core.event_handler.log_command:Invoked command in '/home/pi/estelle/autocab/raspberryPI3/ros2_ws/build/car_control' returned '0': CMAKE_PREFIX_PATH=/home/pi/estelle/autocab/raspberryPI3/ros2_ws/install/interfaces:/home/pi/estelle/autocab/raspberryPI3/ros2_ws/install/geicar_start:/home/pi/estelle/autocab/raspberryPI3/ros2_ws/install/system_check:/home/pi/estelle/autocab/raspberryPI3/ros2_ws/install/simulation:/home/pi/estelle/autocab/raspberryPI3/ros2_ws/install/imu_tools:/home/pi/estelle/autocab/raspberryPI3/ros2_ws/install/rviz_imu_plugin:/home/pi/estelle/autocab/raspberryPI3/ros2_ws/install/joystick:/home/pi/estelle/autocab/raspberryPI3/ros2_ws/install/car_control:/home/pi/estelle/autocab/raspberryPI3/ros2_ws/install/can:/home/pi/estelle/autocab/raspberryPI3/ros2_ws/install/imu_filter_madgwick:/home/pi/estelle/autocab/raspberryPI3/ros2_ws/install/imu_complementary_filter:/home/pi/estelle/autocab/raspberryPI3/ros2_ws/install/carla_msgs:/home/pi/ros2_ws/install/geicar_start:/home/pi/ros2_ws/install/system_check:/home/pi/ros2_ws/install/simulation:/home/pi/ros2_ws/install/imu_tools:/home/pi/ros2_ws/install/rviz_imu_plugin:/home/pi/ros2_ws/install/joystick:/home/pi/ros2_ws/install/car_control:/home/pi/ros2_ws/install/can:/home/pi/ros2_ws/install/interfaces:/home/pi/ros2_ws/install/imu_filter_madgwick:/home/pi/ros2_ws/install/imu_complementary_filter:/home/pi/ros2_ws/install/carla_msgs:/opt/ros/humble LD_LIBRARY_PATH=/home/pi/estelle/autocab/raspberryPI3/ros2_ws/install/interfaces/lib:/home/pi/estelle/autocab/raspberryPI3/ros2_ws/install/rviz_imu_plugin/lib:/home/pi/estelle/autocab/raspberryPI3/ros2_ws/install/imu_filter_madgwick/lib:/home/pi/estelle/autocab/raspberryPI3/ros2_ws/install/carla_msgs/lib:/home/pi/ros2_ws/install/rviz_imu_plugin/lib:/home/pi/ros2_ws/install/interfaces/lib:/home/pi/ros2_ws/install/imu_filter_madgwick/lib:/home/pi/ros2_ws/install/carla_msgs/lib:/opt/ros/humble/opt/rviz_ogre_vendor/lib:/opt/ros/humble/lib/aarch64-linux-gnu:/opt/ros/humble/lib /usr/bin/cmake --build /home/pi/estelle/autocab/raspberryPI3/ros2_ws/build/car_control -- -j4 -l4
[218.878s] DEBUG:colcon.colcon_core.event_handler.log_command:Invoking command in '/home/pi/estelle/autocab/raspberryPI3/ros2_ws/build/car_control': CMAKE_PREFIX_PATH=/home/pi/estelle/autocab/raspberryPI3/ros2_ws/install/interfaces:/home/pi/estelle/autocab/raspberryPI3/ros2_ws/install/geicar_start:/home/pi/estelle/autocab/raspberryPI3/ros2_ws/install/system_check:/home/pi/estelle/autocab/raspberryPI3/ros2_ws/install/simulation:/home/pi/estelle/autocab/raspberryPI3/ros2_ws/install/imu_tools:/home/pi/estelle/autocab/raspberryPI3/ros2_ws/install/rviz_imu_plugin:/home/pi/estelle/autocab/raspberryPI3/ros2_ws/install/joystick:/home/pi/estelle/autocab/raspberryPI3/ros2_ws/install/car_control:/home/pi/estelle/autocab/raspberryPI3/ros2_ws/install/can:/home/pi/estelle/autocab/raspberryPI3/ros2_ws/install/imu_filter_madgwick:/home/pi/estelle/autocab/raspberryPI3/ros2_ws/install/imu_complementary_filter:/home/pi/estelle/autocab/raspberryPI3/ros2_ws/install/carla_msgs:/home/pi/ros2_ws/install/geicar_start:/home/pi/ros2_ws/install/system_check:/home/pi/ros2_ws/install/simulation:/home/pi/ros2_ws/install/imu_tools:/home/pi/ros2_ws/install/rviz_imu_plugin:/home/pi/ros2_ws/install/joystick:/home/pi/ros2_ws/install/car_control:/home/pi/ros2_ws/install/can:/home/pi/ros2_ws/install/interfaces:/home/pi/ros2_ws/install/imu_filter_madgwick:/home/pi/ros2_ws/install/imu_complementary_filter:/home/pi/ros2_ws/install/carla_msgs:/opt/ros/humble LD_LIBRARY_PATH=/home/pi/estelle/autocab/raspberryPI3/ros2_ws/install/interfaces/lib:/home/pi/estelle/autocab/raspberryPI3/ros2_ws/install/rviz_imu_plugin/lib:/home/pi/estelle/autocab/raspberryPI3/ros2_ws/install/imu_filter_madgwick/lib:/home/pi/estelle/autocab/raspberryPI3/ros2_ws/install/carla_msgs/lib:/home/pi/ros2_ws/install/rviz_imu_plugin/lib:/home/pi/ros2_ws/install/interfaces/lib:/home/pi/ros2_ws/install/imu_filter_madgwick/lib:/home/pi/ros2_ws/install/carla_msgs/lib:/opt/ros/humble/opt/rviz_ogre_vendor/lib:/opt/ros/humble/lib/aarch64-linux-gnu:/opt/ros/humble/lib /usr/bin/cmake --install /home/pi/estelle/autocab/raspberryPI3/ros2_ws/build/car_control
[219.250s] Level 1:colcon.colcon_core.environment:create_environment_scripts_only(car_control)
[219.259s] DEBUG:colcon.colcon_core.event_handler.log_command:Invoked command in '/home/pi/estelle/autocab/raspberryPI3/ros2_ws/build/car_control' returned '0': CMAKE_PREFIX_PATH=/home/pi/estelle/autocab/raspberryPI3/ros2_ws/install/interfaces:/home/pi/estelle/autocab/raspberryPI3/ros2_ws/install/geicar_start:/home/pi/estelle/autocab/raspberryPI3/ros2_ws/install/system_check:/home/pi/estelle/autocab/raspberryPI3/ros2_ws/install/simulation:/home/pi/estelle/autocab/raspberryPI3/ros2_ws/install/imu_tools:/home/pi/estelle/autocab/raspberryPI3/ros2_ws/install/rviz_imu_plugin:/home/pi/estelle/autocab/raspberryPI3/ros2_ws/install/joystick:/home/pi/estelle/autocab/raspberryPI3/ros2_ws/install/car_control:/home/pi/estelle/autocab/raspberryPI3/ros2_ws/install/can:/home/pi/estelle/autocab/raspberryPI3/ros2_ws/install/imu_filter_madgwick:/home/pi/estelle/autocab/raspberryPI3/ros2_ws/install/imu_complementary_filter:/home/pi/estelle/autocab/raspberryPI3/ros2_ws/install/carla_msgs:/home/pi/ros2_ws/install/geicar_start:/home/pi/ros2_ws/install/system_check:/home/pi/ros2_ws/install/simulation:/home/pi/ros2_ws/install/imu_tools:/home/pi/ros2_ws/install/rviz_imu_plugin:/home/pi/ros2_ws/install/joystick:/home/pi/ros2_ws/install/car_control:/home/pi/ros2_ws/install/can:/home/pi/ros2_ws/install/interfaces:/home/pi/ros2_ws/install/imu_filter_madgwick:/home/pi/ros2_ws/install/imu_complementary_filter:/home/pi/ros2_ws/install/carla_msgs:/opt/ros/humble LD_LIBRARY_PATH=/home/pi/estelle/autocab/raspberryPI3/ros2_ws/install/interfaces/lib:/home/pi/estelle/autocab/raspberryPI3/ros2_ws/install/rviz_imu_plugin/lib:/home/pi/estelle/autocab/raspberryPI3/ros2_ws/install/imu_filter_madgwick/lib:/home/pi/estelle/autocab/raspberryPI3/ros2_ws/install/carla_msgs/lib:/home/pi/ros2_ws/install/rviz_imu_plugin/lib:/home/pi/ros2_ws/install/interfaces/lib:/home/pi/ros2_ws/install/imu_filter_madgwick/lib:/home/pi/ros2_ws/install/carla_msgs/lib:/opt/ros/humble/opt/rviz_ogre_vendor/lib:/opt/ros/humble/lib/aarch64-linux-gnu:/opt/ros/humble/lib /usr/bin/cmake --install /home/pi/estelle/autocab/raspberryPI3/ros2_ws/build/car_control
[219.329s] Level 1:colcon.colcon_core.environment:checking '/home/pi/estelle/autocab/raspberryPI3/ros2_ws/install/car_control' for CMake module files
[219.350s] Level 1:colcon.colcon_core.environment:checking '/home/pi/estelle/autocab/raspberryPI3/ros2_ws/install/car_control' for CMake config files
[219.356s] Level 1:colcon.colcon_core.shell:create_environment_hook('car_control', 'cmake_prefix_path')
[219.371s] INFO:colcon.colcon_core.shell:Creating environment hook '/home/pi/estelle/autocab/raspberryPI3/ros2_ws/install/car_control/share/car_control/hook/cmake_prefix_path.ps1'
[219.377s] INFO:colcon.colcon_core.shell:Creating environment descriptor '/home/pi/estelle/autocab/raspberryPI3/ros2_ws/install/car_control/share/car_control/hook/cmake_prefix_path.dsv'
[219.382s] INFO:colcon.colcon_core.shell:Creating environment hook '/home/pi/estelle/autocab/raspberryPI3/ros2_ws/install/car_control/share/car_control/hook/cmake_prefix_path.sh'
[219.391s] Level 1:colcon.colcon_core.environment:checking '/home/pi/estelle/autocab/raspberryPI3/ros2_ws/install/car_control/lib'
[219.394s] Level 1:colcon.colcon_core.environment:checking '/home/pi/estelle/autocab/raspberryPI3/ros2_ws/install/car_control/bin'
[219.395s] Level 1:colcon.colcon_core.environment:checking '/home/pi/estelle/autocab/raspberryPI3/ros2_ws/install/car_control/lib/pkgconfig/car_control.pc'
[219.397s] Level 1:colcon.colcon_core.environment:checking '/home/pi/estelle/autocab/raspberryPI3/ros2_ws/install/car_control/lib/python3.10/site-packages'
[219.400s] Level 1:colcon.colcon_core.environment:checking '/home/pi/estelle/autocab/raspberryPI3/ros2_ws/install/car_control/bin'
[219.415s] INFO:colcon.colcon_core.shell:Creating package script '/home/pi/estelle/autocab/raspberryPI3/ros2_ws/install/car_control/share/car_control/package.ps1'
[219.424s] INFO:colcon.colcon_core.shell:Creating package descriptor '/home/pi/estelle/autocab/raspberryPI3/ros2_ws/install/car_control/share/car_control/package.dsv'
[219.430s] INFO:colcon.colcon_core.shell:Creating package script '/home/pi/estelle/autocab/raspberryPI3/ros2_ws/install/car_control/share/car_control/package.sh'
[219.439s] INFO:colcon.colcon_core.shell:Creating package script '/home/pi/estelle/autocab/raspberryPI3/ros2_ws/install/car_control/share/car_control/package.bash'
[219.448s] INFO:colcon.colcon_core.shell:Creating package script '/home/pi/estelle/autocab/raspberryPI3/ros2_ws/install/car_control/share/car_control/package.zsh'
[219.456s] Level 1:colcon.colcon_core.environment:create_file_with_runtime_dependencies(/home/pi/estelle/autocab/raspberryPI3/ros2_ws/install/car_control/share/colcon-core/packages/car_control)
[220.100s] Level 1:colcon.colcon_core.environment:create_environment_scripts_only(car_control)
[220.125s] Level 1:colcon.colcon_core.environment:checking '/home/pi/estelle/autocab/raspberryPI3/ros2_ws/install/car_control' for CMake module files
[220.135s] Level 1:colcon.colcon_core.environment:checking '/home/pi/estelle/autocab/raspberryPI3/ros2_ws/install/car_control' for CMake config files
[220.142s] Level 1:colcon.colcon_core.shell:create_environment_hook('car_control', 'cmake_prefix_path')
[220.163s] INFO:colcon.colcon_core.shell:Creating environment hook '/home/pi/estelle/autocab/raspberryPI3/ros2_ws/install/car_control/share/car_control/hook/cmake_prefix_path.ps1'
[220.172s] INFO:colcon.colcon_core.shell:Creating environment descriptor '/home/pi/estelle/autocab/raspberryPI3/ros2_ws/install/car_control/share/car_control/hook/cmake_prefix_path.dsv'
[220.177s] INFO:colcon.colcon_core.shell:Creating environment hook '/home/pi/estelle/autocab/raspberryPI3/ros2_ws/install/car_control/share/car_control/hook/cmake_prefix_path.sh'
[220.184s] Level 1:colcon.colcon_core.environment:checking '/home/pi/estelle/autocab/raspberryPI3/ros2_ws/install/car_control/lib'
[220.185s] Level 1:colcon.colcon_core.environment:checking '/home/pi/estelle/autocab/raspberryPI3/ros2_ws/install/car_control/bin'
[220.186s] Level 1:colcon.colcon_core.environment:checking '/home/pi/estelle/autocab/raspberryPI3/ros2_ws/install/car_control/lib/pkgconfig/car_control.pc'
[220.188s] Level 1:colcon.colcon_core.environment:checking '/home/pi/estelle/autocab/raspberryPI3/ros2_ws/install/car_control/lib/python3.10/site-packages'
[220.191s] Level 1:colcon.colcon_core.environment:checking '/home/pi/estelle/autocab/raspberryPI3/ros2_ws/install/car_control/bin'
[220.208s] INFO:colcon.colcon_core.shell:Creating package script '/home/pi/estelle/autocab/raspberryPI3/ros2_ws/install/car_control/share/car_control/package.ps1'
[220.214s] INFO:colcon.colcon_core.shell:Creating package descriptor '/home/pi/estelle/autocab/raspberryPI3/ros2_ws/install/car_control/share/car_control/package.dsv'
[220.220s] INFO:colcon.colcon_core.shell:Creating package script '/home/pi/estelle/autocab/raspberryPI3/ros2_ws/install/car_control/share/car_control/package.sh'
[220.226s] INFO:colcon.colcon_core.shell:Creating package script '/home/pi/estelle/autocab/raspberryPI3/ros2_ws/install/car_control/share/car_control/package.bash'
[220.232s] INFO:colcon.colcon_core.shell:Creating package script '/home/pi/estelle/autocab/raspberryPI3/ros2_ws/install/car_control/share/car_control/package.zsh'
[220.237s] Level 1:colcon.colcon_core.environment:create_file_with_runtime_dependencies(/home/pi/estelle/autocab/raspberryPI3/ros2_ws/install/car_control/share/colcon-core/packages/car_control)
[220.245s] DEBUG:colcon.colcon_parallel_executor.executor.parallel:closing loop
[220.248s] DEBUG:colcon.colcon_parallel_executor.executor.parallel:loop closed
[220.248s] DEBUG:colcon.colcon_parallel_executor.executor.parallel:run_until_complete finished with '0'
[220.249s] DEBUG:colcon.colcon_core.event_reactor:joining thread
[220.332s] INFO:colcon.colcon_core.plugin_system:Skipping extension 'colcon_notification.desktop_notification.notify_send': Could not find 'notify-send'
[220.333s] INFO:colcon.colcon_core.plugin_system:Skipping extension 'colcon_notification.desktop_notification.terminal_notifier': Not used on non-Darwin systems
[220.334s] INFO:colcon.colcon_core.plugin_system:Skipping extension 'colcon_notification.desktop_notification.win32': Not used on non-Windows systems
[220.336s] INFO:colcon.colcon_notification.desktop_notification:Sending desktop notification using 'notify2'
[220.345s] DEBUG:colcon.colcon_notification.desktop_notification.notify2:Failed to initialize notify2: org.freedesktop.DBus.Error.ServiceUnknown: The name org.freedesktop.Notifications was not provided by any .service files
[220.348s] DEBUG:colcon.colcon_core.event_reactor:joined thread
[220.365s] INFO:colcon.colcon_core.shell:Creating prefix script '/home/pi/estelle/autocab/raspberryPI3/ros2_ws/install/local_setup.ps1'
[220.378s] INFO:colcon.colcon_core.shell:Creating prefix util module '/home/pi/estelle/autocab/raspberryPI3/ros2_ws/install/_local_setup_util_ps1.py'
[220.400s] INFO:colcon.colcon_core.shell:Creating prefix chain script '/home/pi/estelle/autocab/raspberryPI3/ros2_ws/install/setup.ps1'
[220.439s] INFO:colcon.colcon_core.shell:Creating prefix script '/home/pi/estelle/autocab/raspberryPI3/ros2_ws/install/local_setup.sh'
[220.457s] INFO:colcon.colcon_core.shell:Creating prefix util module '/home/pi/estelle/autocab/raspberryPI3/ros2_ws/install/_local_setup_util_sh.py'
[220.464s] INFO:colcon.colcon_core.shell:Creating prefix chain script '/home/pi/estelle/autocab/raspberryPI3/ros2_ws/install/setup.sh'
[220.497s] INFO:colcon.colcon_core.shell:Creating prefix script '/home/pi/estelle/autocab/raspberryPI3/ros2_ws/install/local_setup.bash'
[220.503s] INFO:colcon.colcon_core.shell:Creating prefix chain script '/home/pi/estelle/autocab/raspberryPI3/ros2_ws/install/setup.bash'
[220.534s] INFO:colcon.colcon_core.shell:Creating prefix script '/home/pi/estelle/autocab/raspberryPI3/ros2_ws/install/local_setup.zsh'
[220.541s] INFO:colcon.colcon_core.shell:Creating prefix chain script '/home/pi/estelle/autocab/raspberryPI3/ros2_ws/install/setup.zsh'
