[01m[K/home/pi/autocab/raspberryPI3/ros2_ws/src/car_control/src/car_control_node.cpp:[m[K In constructor ‘[01m[Kcar_control::car_control()[m[K’:
[01m[K/home/pi/autocab/raspberryPI3/ros2_ws/src/car_control/src/car_control_node.cpp:81:53:[m[K [01;31m[Kerror: [m[K‘[01m[KserveurDataCallback[m[K’ is not a member of ‘[01m[Kcar_control[m[K’
   81 |         "serveur_data", 10, std::bind(&car_control::[01;31m[KserveurDataCallback[m[K, this, _1));
      |                                                     [01;31m[K^~~~~~~~~~~~~~~~~~~[m[K
[01m[K/home/pi/autocab/raspberryPI3/ros2_ws/src/car_control/src/car_control_node.cpp:[m[K In member function ‘[01m[Kvoid car_control::updateCmd()[m[K’:
[01m[K/home/pi/autocab/raspberryPI3/ros2_ws/src/car_control/src/car_control_node.cpp:189:119:[m[K [01;31m[Kerror: [m[Kcannot convert ‘[01m[Kfloat[m[K’ to ‘[01m[Kfloat*[m[K’
  189 |                     arrived = straightLine(currentLatitude, currentLongitude, [01;31m[K(coordinates[pathToDeparturePoint[0]])[0][m[K, (coordinates[pathToDeparturePoint[0]])[1], currentDirection, requestedThrottle, reverse, requestedSteerAngle, this->get_logger());
      |                                                                               [01;31m[K~~~~~~~~~~~~~~~~~~~~~~~~~~~~~~~~~~~~~~~~^[m[K
      |                                                                                                                       [01;31m[K|[m[K
      |                                                                                                                       [01;31m[Kfloat[m[K
In file included from [01m[K/home/pi/autocab/raspberryPI3/ros2_ws/src/car_control/src/car_control_node.cpp:20[m[K:
[01m[K/home/pi/autocab/raspberryPI3/ros2_ws/src/car_control/src/../include/car_control/fromAtoB.h:29:59:[m[K [01;36m[Knote: [m[K  initializing argument 3 of ‘[01m[Kint straightLine(float, float, float*, float&, bool&, float&, rclcpp::Logger)[m[K’
   29 | int straightLine(float aLatitude, float aLongitude, [01;36m[Kfloat aVector[2][m[K, float& requestedThrottle, bool& reverse, float& requestedAngle, rclcpp::Logger logger);
      |                                                     [01;36m[K~~~~~~^~~~~~~~~~[m[K
[01m[K/home/pi/autocab/raspberryPI3/ros2_ws/src/car_control/src/car_control_node.cpp:191:46:[m[K [01;31m[Kerror: [m[K‘[01m[Kclass std::vector<char>[m[K’ has no member named ‘[01m[Kpop_heap[m[K’
  191 |                         pathToDeparturePoint.[01;31m[Kpop_heap[m[K ;
      |                                              [01;31m[K^~~~~~~~[m[K
[01m[K/home/pi/autocab/raspberryPI3/ros2_ws/src/car_control/src/car_control_node.cpp:194:105:[m[K [01;31m[Kerror: [m[Kcannot convert ‘[01m[Kfloat[m[K’ to ‘[01m[Kfloat*[m[K’
  194 |                     straightLine(currentLatitude, currentLongitude, [01;31m[K(coordinates[pathToFinalPoint[0]])[0][m[K, (coordinates[pathToFinalPoint[0]])[1], currentDirection, requestedThrottle, reverse, requestedSteerAngle, this->get_logger());
      |                                                                     [01;31m[K~~~~~~~~~~~~~~~~~~~~~~~~~~~~~~~~~~~~^[m[K
      |                                                                                                         [01;31m[K|[m[K
      |                                                                                                         [01;31m[Kfloat[m[K
In file included from [01m[K/home/pi/autocab/raspberryPI3/ros2_ws/src/car_control/src/car_control_node.cpp:20[m[K:
[01m[K/home/pi/autocab/raspberryPI3/ros2_ws/src/car_control/src/../include/car_control/fromAtoB.h:29:59:[m[K [01;36m[Knote: [m[K  initializing argument 3 of ‘[01m[Kint straightLine(float, float, float*, float&, bool&, float&, rclcpp::Logger)[m[K’
   29 | int straightLine(float aLatitude, float aLongitude, [01;36m[Kfloat aVector[2][m[K, float& requestedThrottle, bool& reverse, float& requestedAngle, rclcpp::Logger logger);
      |                                                     [01;36m[K~~~~~~^~~~~~~~~~[m[K
[01m[K/home/pi/autocab/raspberryPI3/ros2_ws/src/car_control/src/car_control_node.cpp:196:42:[m[K [01;31m[Kerror: [m[K‘[01m[Kclass std::vector<char>[m[K’ has no member named ‘[01m[Kpop_heap[m[K’
  196 |                         pathToFinalPoint.[01;31m[Kpop_heap[m[K ;
      |                                          [01;31m[K^~~~~~~~[m[K
gmake[2]: *** [CMakeFiles/car_control_node.dir/build.make:76: CMakeFiles/car_control_node.dir/src/car_control_node.cpp.o] Error 1
gmake[1]: *** [CMakeFiles/Makefile2:137: CMakeFiles/car_control_node.dir/all] Error 2
gmake: *** [Makefile:146: all] Error 2
