[0.117s] Invoking command in '/home/pi/autocab/raspberryPI3/ros2_ws/build/carla_msgs': CMAKE_PREFIX_PATH=${CMAKE_PREFIX_PATH}:/opt/ros/humble /usr/bin/cmake /home/pi/autocab/raspberryPI3/ros2_ws/src/carla_msgs -DCMAKE_INSTALL_PREFIX=/home/pi/autocab/raspberryPI3/ros2_ws/install/carla_msgs
[0.447s] -- The C compiler identification is GNU 11.4.0
[0.792s] -- The CXX compiler identification is GNU 11.4.0
[0.826s] -- Detecting C compiler ABI info
[1.242s] -- Detecting C compiler ABI info - done
[1.287s] -- Check for working C compiler: /usr/bin/cc - skipped
[1.291s] -- Detecting C compile features
[1.293s] -- Detecting C compile features - done
[1.305s] -- Detecting CXX compiler ABI info
[1.807s] -- Detecting CXX compiler ABI info - done
[1.837s] -- Check for working CXX compiler: /usr/bin/c++ - skipped
[1.838s] -- Detecting CXX compile features
[1.841s] -- Detecting CXX compile features - done
[1.877s] -- Found ament_cmake: 1.3.2 (/opt/ros/humble/share/ament_cmake/cmake)
[3.214s] -- Found Python3: /usr/bin/python3.10 (found version "3.10.12") found components: Interpreter 
[4.132s] -- Found rclcpp: 16.0.1 (/opt/ros/humble/share/rclcpp/cmake)
[4.670s] -- Found rosidl_generator_c: 3.1.3 (/opt/ros/humble/share/rosidl_generator_c/cmake)
[4.738s] -- Found rosidl_adapter: 3.1.3 (/opt/ros/humble/share/rosidl_adapter/cmake)
[4.827s] -- Found rosidl_generator_cpp: 3.1.3 (/opt/ros/humble/share/rosidl_generator_cpp/cmake)
[4.934s] -- Using all available rosidl_typesupport_c: rosidl_typesupport_fastrtps_c;rosidl_typesupport_introspection_c
[5.091s] -- Using all available rosidl_typesupport_cpp: rosidl_typesupport_fastrtps_cpp;rosidl_typesupport_introspection_cpp
[5.564s] -- Found rmw_implementation_cmake: 6.1.0 (/opt/ros/humble/share/rmw_implementation_cmake/cmake)
[5.600s] -- Found rmw_fastrtps_cpp: 6.2.1 (/opt/ros/humble/share/rmw_fastrtps_cpp/cmake)
[6.275s] -- Found OpenSSL: /usr/lib/aarch64-linux-gnu/libcrypto.so (found version "3.0.2")  
[6.505s] -- Found FastRTPS: /opt/ros/humble/include  
[6.905s] -- Using RMW implementation 'rmw_fastrtps_cpp' as default
[7.668s] -- Found rosidl_default_generators: 1.2.0 (/opt/ros/humble/share/rosidl_default_generators/cmake)
[9.307s] -- Found ament_cmake_ros: 0.10.0 (/opt/ros/humble/share/ament_cmake_ros/cmake)
[11.629s] -- Using all available rosidl_typesupport_c: rosidl_typesupport_fastrtps_c;rosidl_typesupport_introspection_c
[12.579s] -- Using all available rosidl_typesupport_cpp: rosidl_typesupport_fastrtps_cpp;rosidl_typesupport_introspection_cpp
[12.756s] -- Found PythonInterp: /usr/bin/python3 (found suitable version "3.10.12", minimum required is "3.6") 
[12.805s] -- Found python_cmake_module: 0.10.0 (/opt/ros/humble/share/python_cmake_module/cmake)
[12.995s] -- Found PythonLibs: /usr/lib/aarch64-linux-gnu/libpython3.10.so (found suitable version "3.10.12", minimum required is "3.5") 
[13.007s] -- Using PYTHON_EXECUTABLE: /usr/bin/python3
[13.007s] -- Using PYTHON_INCLUDE_DIRS: /usr/include/python3.10
[13.008s] -- Using PYTHON_LIBRARIES: /usr/lib/aarch64-linux-gnu/libpython3.10.so
[13.211s] -- Found PythonExtra: .so  
[13.539s] -- Found ament_lint_auto: 0.12.4 (/opt/ros/humble/share/ament_lint_auto/cmake)
[13.858s] -- Added test 'lint_cmake' to check CMake code style
[13.875s] -- Added test 'xmllint' to check XML markup files
[13.892s] -- Configuring done
[14.130s] -- Generating done
[14.169s] -- Build files have been written to: /home/pi/autocab/raspberryPI3/ros2_ws/build/carla_msgs
[14.242s] Invoked command in '/home/pi/autocab/raspberryPI3/ros2_ws/build/carla_msgs' returned '0': CMAKE_PREFIX_PATH=${CMAKE_PREFIX_PATH}:/opt/ros/humble /usr/bin/cmake /home/pi/autocab/raspberryPI3/ros2_ws/src/carla_msgs -DCMAKE_INSTALL_PREFIX=/home/pi/autocab/raspberryPI3/ros2_ws/install/carla_msgs
[14.253s] Invoking command in '/home/pi/autocab/raspberryPI3/ros2_ws/build/carla_msgs': CMAKE_PREFIX_PATH=${CMAKE_PREFIX_PATH}:/opt/ros/humble /usr/bin/cmake --build /home/pi/autocab/raspberryPI3/ros2_ws/build/carla_msgs -- -j4 -l4
[14.495s] [35m[1mConsolidate compiler generated dependencies of target carla_msgs__rosidl_generator_c[0m
[14.614s] [  3%] Built target carla_msgs__cpp
[14.623s] [ 12%] Built target carla_msgs__rosidl_generator_c
[14.737s] [ 12%] Built target ament_cmake_python_copy_carla_msgs
[14.749s] [35m[1mConsolidate compiler generated dependencies of target carla_msgs__rosidl_typesupport_cpp[0m
[14.788s] [35m[1mConsolidate compiler generated dependencies of target carla_msgs__rosidl_typesupport_fastrtps_cpp[0m
[14.844s] [35m[1mConsolidate compiler generated dependencies of target carla_msgs__rosidl_typesupport_introspection_c[0m
[14.923s] [35m[1mConsolidate compiler generated dependencies of target carla_msgs__rosidl_typesupport_c[0m
[14.925s] [ 22%] Built target carla_msgs__rosidl_typesupport_cpp
[14.979s] [ 32%] Built target carla_msgs__rosidl_typesupport_introspection_c
[14.993s] [ 41%] Built target carla_msgs__rosidl_typesupport_fastrtps_cpp
[15.042s] [35m[1mConsolidate compiler generated dependencies of target carla_msgs__rosidl_typesupport_introspection_cpp[0m
[15.079s] [ 51%] Built target carla_msgs__rosidl_typesupport_c
[15.126s] [35m[1mConsolidate compiler generated dependencies of target carla_msgs__rosidl_typesupport_fastrtps_c[0m
[15.207s] [ 61%] Built target carla_msgs__rosidl_typesupport_introspection_cpp
[15.253s] [ 70%] Built target carla_msgs__rosidl_typesupport_fastrtps_c
[15.496s] [ 70%] Built target carla_msgs
[15.666s] [ 74%] Built target carla_msgs__py
[15.725s] [35m[1mConsolidate compiler generated dependencies of target carla_msgs__rosidl_generator_py[0m
[15.807s] [ 80%] Built target carla_msgs__rosidl_generator_py
[15.892s] [35m[1mConsolidate compiler generated dependencies of target carla_msgs__rosidl_typesupport_fastrtps_c__pyext[0m
[15.913s] [35m[1mConsolidate compiler generated dependencies of target carla_msgs__rosidl_typesupport_c__pyext[0m
[15.976s] [35m[1mConsolidate compiler generated dependencies of target carla_msgs__rosidl_typesupport_introspection_c__pyext[0m
[16.006s] [ 87%] Built target carla_msgs__rosidl_typesupport_fastrtps_c__pyext
[16.060s] [ 93%] Built target carla_msgs__rosidl_typesupport_c__pyext
[16.148s] [100%] Built target carla_msgs__rosidl_typesupport_introspection_c__pyext
[17.227s] running egg_info
[17.231s] writing carla_msgs.egg-info/PKG-INFO
[17.232s] writing dependency_links to carla_msgs.egg-info/dependency_links.txt
[17.233s] writing top-level names to carla_msgs.egg-info/top_level.txt
[17.244s] reading manifest file 'carla_msgs.egg-info/SOURCES.txt'
[17.247s] writing manifest file 'carla_msgs.egg-info/SOURCES.txt'
[17.403s] [100%] Built target ament_cmake_python_build_carla_msgs_egg
[17.453s] Invoked command in '/home/pi/autocab/raspberryPI3/ros2_ws/build/carla_msgs' returned '0': CMAKE_PREFIX_PATH=${CMAKE_PREFIX_PATH}:/opt/ros/humble /usr/bin/cmake --build /home/pi/autocab/raspberryPI3/ros2_ws/build/carla_msgs -- -j4 -l4
[17.858s] Invoking command in '/home/pi/autocab/raspberryPI3/ros2_ws/build/carla_msgs': CMAKE_PREFIX_PATH=${CMAKE_PREFIX_PATH}:/opt/ros/humble /usr/bin/cmake --install /home/pi/autocab/raspberryPI3/ros2_ws/build/carla_msgs
[17.898s] -- Install configuration: ""
[17.899s] -- Up-to-date: /home/pi/autocab/raspberryPI3/ros2_ws/install/carla_msgs/share/ament_index/resource_index/rosidl_interfaces/carla_msgs
[17.899s] -- Up-to-date: /home/pi/autocab/raspberryPI3/ros2_ws/install/carla_msgs/include/carla_msgs/carla_msgs
[17.900s] -- Up-to-date: /home/pi/autocab/raspberryPI3/ros2_ws/install/carla_msgs/include/carla_msgs/carla_msgs/msg
[17.900s] -- Up-to-date: /home/pi/autocab/raspberryPI3/ros2_ws/install/carla_msgs/include/carla_msgs/carla_msgs/msg/rosidl_generator_c__visibility_control.h
[17.901s] -- Up-to-date: /home/pi/autocab/raspberryPI3/ros2_ws/install/carla_msgs/include/carla_msgs/carla_msgs/msg/carla_ego_vehicle_control.h
[17.901s] -- Up-to-date: /home/pi/autocab/raspberryPI3/ros2_ws/install/carla_msgs/include/carla_msgs/carla_msgs/msg/detail
[17.902s] -- Up-to-date: /home/pi/autocab/raspberryPI3/ros2_ws/install/carla_msgs/include/carla_msgs/carla_msgs/msg/detail/carla_ego_vehicle_control__functions.h
[17.902s] -- Up-to-date: /home/pi/autocab/raspberryPI3/ros2_ws/install/carla_msgs/include/carla_msgs/carla_msgs/msg/detail/carla_ego_vehicle_control__struct.h
[17.917s] -- Up-to-date: /home/pi/autocab/raspberryPI3/ros2_ws/install/carla_msgs/include/carla_msgs/carla_msgs/msg/detail/carla_ego_vehicle_control__type_support.h
[17.918s] -- Up-to-date: /home/pi/autocab/raspberryPI3/ros2_ws/install/carla_msgs/include/carla_msgs/carla_msgs/msg/detail/carla_ego_vehicle_control__functions.c
[17.919s] -- Up-to-date: /home/pi/autocab/raspberryPI3/ros2_ws/install/carla_msgs/share/carla_msgs/environment/library_path.sh
[17.919s] -- Installing: /home/pi/autocab/raspberryPI3/ros2_ws/install/carla_msgs/share/carla_msgs/environment/library_path.dsv
[17.921s] -- Up-to-date: /home/pi/autocab/raspberryPI3/ros2_ws/install/carla_msgs/lib/libcarla_msgs__rosidl_generator_c.so
[17.923s] -- Up-to-date: /home/pi/autocab/raspberryPI3/ros2_ws/install/carla_msgs/include/carla_msgs/carla_msgs
[17.931s] -- Up-to-date: /home/pi/autocab/raspberryPI3/ros2_ws/install/carla_msgs/include/carla_msgs/carla_msgs/msg
[17.932s] -- Up-to-date: /home/pi/autocab/raspberryPI3/ros2_ws/install/carla_msgs/include/carla_msgs/carla_msgs/msg/rosidl_typesupport_fastrtps_c__visibility_control.h
[17.932s] -- Up-to-date: /home/pi/autocab/raspberryPI3/ros2_ws/install/carla_msgs/include/carla_msgs/carla_msgs/msg/detail
[17.933s] -- Up-to-date: /home/pi/autocab/raspberryPI3/ros2_ws/install/carla_msgs/include/carla_msgs/carla_msgs/msg/detail/carla_ego_vehicle_control__rosidl_typesupport_fastrtps_c.h
[17.933s] -- Up-to-date: /home/pi/autocab/raspberryPI3/ros2_ws/install/carla_msgs/lib/libcarla_msgs__rosidl_typesupport_fastrtps_c.so
[17.934s] -- Up-to-date: /home/pi/autocab/raspberryPI3/ros2_ws/install/carla_msgs/include/carla_msgs/carla_msgs
[17.935s] -- Up-to-date: /home/pi/autocab/raspberryPI3/ros2_ws/install/carla_msgs/include/carla_msgs/carla_msgs/msg
[17.935s] -- Up-to-date: /home/pi/autocab/raspberryPI3/ros2_ws/install/carla_msgs/include/carla_msgs/carla_msgs/msg/carla_ego_vehicle_control.hpp
[17.936s] -- Up-to-date: /home/pi/autocab/raspberryPI3/ros2_ws/install/carla_msgs/include/carla_msgs/carla_msgs/msg/detail
[17.936s] -- Up-to-date: /home/pi/autocab/raspberryPI3/ros2_ws/install/carla_msgs/include/carla_msgs/carla_msgs/msg/detail/carla_ego_vehicle_control__struct.hpp
[17.937s] -- Up-to-date: /home/pi/autocab/raspberryPI3/ros2_ws/install/carla_msgs/include/carla_msgs/carla_msgs/msg/detail/carla_ego_vehicle_control__traits.hpp
[17.937s] -- Up-to-date: /home/pi/autocab/raspberryPI3/ros2_ws/install/carla_msgs/include/carla_msgs/carla_msgs/msg/detail/carla_ego_vehicle_control__builder.hpp
[17.938s] -- Up-to-date: /home/pi/autocab/raspberryPI3/ros2_ws/install/carla_msgs/include/carla_msgs/carla_msgs
[17.938s] -- Up-to-date: /home/pi/autocab/raspberryPI3/ros2_ws/install/carla_msgs/include/carla_msgs/carla_msgs/msg
[17.938s] -- Up-to-date: /home/pi/autocab/raspberryPI3/ros2_ws/install/carla_msgs/include/carla_msgs/carla_msgs/msg/rosidl_typesupport_fastrtps_cpp__visibility_control.h
[17.947s] -- Up-to-date: /home/pi/autocab/raspberryPI3/ros2_ws/install/carla_msgs/include/carla_msgs/carla_msgs/msg/detail
[17.948s] -- Up-to-date: /home/pi/autocab/raspberryPI3/ros2_ws/install/carla_msgs/include/carla_msgs/carla_msgs/msg/detail/dds_fastrtps
[17.949s] -- Up-to-date: /home/pi/autocab/raspberryPI3/ros2_ws/install/carla_msgs/include/carla_msgs/carla_msgs/msg/detail/carla_ego_vehicle_control__rosidl_typesupport_fastrtps_cpp.hpp
[17.949s] -- Up-to-date: /home/pi/autocab/raspberryPI3/ros2_ws/install/carla_msgs/lib/libcarla_msgs__rosidl_typesupport_fastrtps_cpp.so
[17.950s] -- Up-to-date: /home/pi/autocab/raspberryPI3/ros2_ws/install/carla_msgs/include/carla_msgs/carla_msgs
[17.950s] -- Up-to-date: /home/pi/autocab/raspberryPI3/ros2_ws/install/carla_msgs/include/carla_msgs/carla_msgs/msg
[17.951s] -- Up-to-date: /home/pi/autocab/raspberryPI3/ros2_ws/install/carla_msgs/include/carla_msgs/carla_msgs/msg/rosidl_typesupport_introspection_c__visibility_control.h
[17.951s] -- Up-to-date: /home/pi/autocab/raspberryPI3/ros2_ws/install/carla_msgs/include/carla_msgs/carla_msgs/msg/detail
[17.952s] -- Up-to-date: /home/pi/autocab/raspberryPI3/ros2_ws/install/carla_msgs/include/carla_msgs/carla_msgs/msg/detail/carla_ego_vehicle_control__rosidl_typesupport_introspection_c.h
[17.953s] -- Up-to-date: /home/pi/autocab/raspberryPI3/ros2_ws/install/carla_msgs/include/carla_msgs/carla_msgs/msg/detail/carla_ego_vehicle_control__type_support.c
[17.953s] -- Up-to-date: /home/pi/autocab/raspberryPI3/ros2_ws/install/carla_msgs/lib/libcarla_msgs__rosidl_typesupport_introspection_c.so
[17.953s] -- Up-to-date: /home/pi/autocab/raspberryPI3/ros2_ws/install/carla_msgs/lib/libcarla_msgs__rosidl_typesupport_c.so
[17.954s] -- Up-to-date: /home/pi/autocab/raspberryPI3/ros2_ws/install/carla_msgs/include/carla_msgs/carla_msgs
[17.955s] -- Up-to-date: /home/pi/autocab/raspberryPI3/ros2_ws/install/carla_msgs/include/carla_msgs/carla_msgs/msg
[17.956s] -- Up-to-date: /home/pi/autocab/raspberryPI3/ros2_ws/install/carla_msgs/include/carla_msgs/carla_msgs/msg/detail
[17.959s] -- Up-to-date: /home/pi/autocab/raspberryPI3/ros2_ws/install/carla_msgs/include/carla_msgs/carla_msgs/msg/detail/carla_ego_vehicle_control__type_support.cpp
[17.960s] -- Up-to-date: /home/pi/autocab/raspberryPI3/ros2_ws/install/carla_msgs/include/carla_msgs/carla_msgs/msg/detail/carla_ego_vehicle_control__rosidl_typesupport_introspection_cpp.hpp
[17.960s] -- Up-to-date: /home/pi/autocab/raspberryPI3/ros2_ws/install/carla_msgs/lib/libcarla_msgs__rosidl_typesupport_introspection_cpp.so
[17.961s] -- Up-to-date: /home/pi/autocab/raspberryPI3/ros2_ws/install/carla_msgs/lib/libcarla_msgs__rosidl_typesupport_cpp.so
[17.961s] -- Up-to-date: /home/pi/autocab/raspberryPI3/ros2_ws/install/carla_msgs/share/carla_msgs/environment/pythonpath.sh
[17.965s] -- Installing: /home/pi/autocab/raspberryPI3/ros2_ws/install/carla_msgs/share/carla_msgs/environment/pythonpath.dsv
[17.966s] -- Up-to-date: /home/pi/autocab/raspberryPI3/ros2_ws/install/carla_msgs/local/lib/python3.10/dist-packages/carla_msgs-0.0.0-py3.10.egg-info
[17.966s] -- Installing: /home/pi/autocab/raspberryPI3/ros2_ws/install/carla_msgs/local/lib/python3.10/dist-packages/carla_msgs-0.0.0-py3.10.egg-info/dependency_links.txt
[17.966s] -- Installing: /home/pi/autocab/raspberryPI3/ros2_ws/install/carla_msgs/local/lib/python3.10/dist-packages/carla_msgs-0.0.0-py3.10.egg-info/PKG-INFO
[17.975s] -- Installing: /home/pi/autocab/raspberryPI3/ros2_ws/install/carla_msgs/local/lib/python3.10/dist-packages/carla_msgs-0.0.0-py3.10.egg-info/top_level.txt
[17.976s] -- Installing: /home/pi/autocab/raspberryPI3/ros2_ws/install/carla_msgs/local/lib/python3.10/dist-packages/carla_msgs-0.0.0-py3.10.egg-info/SOURCES.txt
[17.976s] -- Up-to-date: /home/pi/autocab/raspberryPI3/ros2_ws/install/carla_msgs/local/lib/python3.10/dist-packages/carla_msgs
[17.977s] -- Up-to-date: /home/pi/autocab/raspberryPI3/ros2_ws/install/carla_msgs/local/lib/python3.10/dist-packages/carla_msgs/_carla_msgs_s.ep.rosidl_typesupport_introspection_c.c
[17.977s] -- Up-to-date: /home/pi/autocab/raspberryPI3/ros2_ws/install/carla_msgs/local/lib/python3.10/dist-packages/carla_msgs/carla_msgs_s__rosidl_typesupport_fastrtps_c.cpython-310-aarch64-linux-gnu.so
[17.978s] -- Up-to-date: /home/pi/autocab/raspberryPI3/ros2_ws/install/carla_msgs/local/lib/python3.10/dist-packages/carla_msgs/libcarla_msgs__rosidl_generator_py.so
[17.978s] -- Up-to-date: /home/pi/autocab/raspberryPI3/ros2_ws/install/carla_msgs/local/lib/python3.10/dist-packages/carla_msgs/_carla_msgs_s.ep.rosidl_typesupport_fastrtps_c.c
[17.979s] -- Up-to-date: /home/pi/autocab/raspberryPI3/ros2_ws/install/carla_msgs/local/lib/python3.10/dist-packages/carla_msgs/_carla_msgs_s.ep.rosidl_typesupport_c.c
[17.979s] -- Up-to-date: /home/pi/autocab/raspberryPI3/ros2_ws/install/carla_msgs/local/lib/python3.10/dist-packages/carla_msgs/carla_msgs_s__rosidl_typesupport_introspection_c.cpython-310-aarch64-linux-gnu.so
[17.979s] -- Installing: /home/pi/autocab/raspberryPI3/ros2_ws/install/carla_msgs/local/lib/python3.10/dist-packages/carla_msgs/__init__.py
[17.980s] -- Up-to-date: /home/pi/autocab/raspberryPI3/ros2_ws/install/carla_msgs/local/lib/python3.10/dist-packages/carla_msgs/msg
[17.980s] -- Up-to-date: /home/pi/autocab/raspberryPI3/ros2_ws/install/carla_msgs/local/lib/python3.10/dist-packages/carla_msgs/msg/_carla_ego_vehicle_control_s.c
[17.981s] -- Up-to-date: /home/pi/autocab/raspberryPI3/ros2_ws/install/carla_msgs/local/lib/python3.10/dist-packages/carla_msgs/msg/__init__.py
[17.981s] -- Up-to-date: /home/pi/autocab/raspberryPI3/ros2_ws/install/carla_msgs/local/lib/python3.10/dist-packages/carla_msgs/msg/_carla_ego_vehicle_control.py
[17.981s] -- Up-to-date: /home/pi/autocab/raspberryPI3/ros2_ws/install/carla_msgs/local/lib/python3.10/dist-packages/carla_msgs/carla_msgs_s__rosidl_typesupport_c.cpython-310-aarch64-linux-gnu.so
[18.151s] Listing '/home/pi/autocab/raspberryPI3/ros2_ws/install/carla_msgs/local/lib/python3.10/dist-packages/carla_msgs'...
[18.153s] Compiling '/home/pi/autocab/raspberryPI3/ros2_ws/install/carla_msgs/local/lib/python3.10/dist-packages/carla_msgs/__init__.py'...
[18.154s] Listing '/home/pi/autocab/raspberryPI3/ros2_ws/install/carla_msgs/local/lib/python3.10/dist-packages/carla_msgs/msg'...
[18.183s] -- Up-to-date: /home/pi/autocab/raspberryPI3/ros2_ws/install/carla_msgs/local/lib/python3.10/dist-packages/carla_msgs/carla_msgs_s__rosidl_typesupport_fastrtps_c.cpython-310-aarch64-linux-gnu.so
[18.185s] -- Up-to-date: /home/pi/autocab/raspberryPI3/ros2_ws/install/carla_msgs/local/lib/python3.10/dist-packages/carla_msgs/carla_msgs_s__rosidl_typesupport_introspection_c.cpython-310-aarch64-linux-gnu.so
[18.188s] -- Up-to-date: /home/pi/autocab/raspberryPI3/ros2_ws/install/carla_msgs/local/lib/python3.10/dist-packages/carla_msgs/carla_msgs_s__rosidl_typesupport_c.cpython-310-aarch64-linux-gnu.so
[18.190s] -- Up-to-date: /home/pi/autocab/raspberryPI3/ros2_ws/install/carla_msgs/lib/libcarla_msgs__rosidl_generator_py.so
[18.192s] -- Up-to-date: /home/pi/autocab/raspberryPI3/ros2_ws/install/carla_msgs/share/carla_msgs/msg/CarlaEgoVehicleControl.idl
[18.193s] -- Up-to-date: /home/pi/autocab/raspberryPI3/ros2_ws/install/carla_msgs/share/carla_msgs/msg/CarlaEgoVehicleControl.msg
[18.195s] -- Up-to-date: /home/pi/autocab/raspberryPI3/ros2_ws/install/carla_msgs/share/ament_index/resource_index/package_run_dependencies/carla_msgs
[18.196s] -- Up-to-date: /home/pi/autocab/raspberryPI3/ros2_ws/install/carla_msgs/share/ament_index/resource_index/parent_prefix_path/carla_msgs
[18.197s] -- Up-to-date: /home/pi/autocab/raspberryPI3/ros2_ws/install/carla_msgs/share/carla_msgs/environment/ament_prefix_path.sh
[18.199s] -- Installing: /home/pi/autocab/raspberryPI3/ros2_ws/install/carla_msgs/share/carla_msgs/environment/ament_prefix_path.dsv
[18.201s] -- Up-to-date: /home/pi/autocab/raspberryPI3/ros2_ws/install/carla_msgs/share/carla_msgs/environment/path.sh
[18.203s] -- Installing: /home/pi/autocab/raspberryPI3/ros2_ws/install/carla_msgs/share/carla_msgs/environment/path.dsv
[18.205s] -- Up-to-date: /home/pi/autocab/raspberryPI3/ros2_ws/install/carla_msgs/share/carla_msgs/local_setup.bash
[18.206s] -- Up-to-date: /home/pi/autocab/raspberryPI3/ros2_ws/install/carla_msgs/share/carla_msgs/local_setup.sh
[18.208s] -- Up-to-date: /home/pi/autocab/raspberryPI3/ros2_ws/install/carla_msgs/share/carla_msgs/local_setup.zsh
[18.209s] -- Installing: /home/pi/autocab/raspberryPI3/ros2_ws/install/carla_msgs/share/carla_msgs/local_setup.dsv
[18.212s] -- Installing: /home/pi/autocab/raspberryPI3/ros2_ws/install/carla_msgs/share/carla_msgs/package.dsv
[18.214s] -- Up-to-date: /home/pi/autocab/raspberryPI3/ros2_ws/install/carla_msgs/share/ament_index/resource_index/packages/carla_msgs
[18.216s] -- Up-to-date: /home/pi/autocab/raspberryPI3/ros2_ws/install/carla_msgs/share/carla_msgs/cmake/export_carla_msgs__rosidl_generator_cExport.cmake
[18.218s] -- Up-to-date: /home/pi/autocab/raspberryPI3/ros2_ws/install/carla_msgs/share/carla_msgs/cmake/export_carla_msgs__rosidl_generator_cExport-noconfig.cmake
[18.222s] -- Up-to-date: /home/pi/autocab/raspberryPI3/ros2_ws/install/carla_msgs/share/carla_msgs/cmake/export_carla_msgs__rosidl_typesupport_fastrtps_cExport.cmake
[18.224s] -- Up-to-date: /home/pi/autocab/raspberryPI3/ros2_ws/install/carla_msgs/share/carla_msgs/cmake/export_carla_msgs__rosidl_typesupport_fastrtps_cExport-noconfig.cmake
[18.226s] -- Up-to-date: /home/pi/autocab/raspberryPI3/ros2_ws/install/carla_msgs/share/carla_msgs/cmake/export_carla_msgs__rosidl_generator_cppExport.cmake
[18.228s] -- Up-to-date: /home/pi/autocab/raspberryPI3/ros2_ws/install/carla_msgs/share/carla_msgs/cmake/export_carla_msgs__rosidl_typesupport_fastrtps_cppExport.cmake
[18.230s] -- Up-to-date: /home/pi/autocab/raspberryPI3/ros2_ws/install/carla_msgs/share/carla_msgs/cmake/export_carla_msgs__rosidl_typesupport_fastrtps_cppExport-noconfig.cmake
[18.232s] -- Up-to-date: /home/pi/autocab/raspberryPI3/ros2_ws/install/carla_msgs/share/carla_msgs/cmake/carla_msgs__rosidl_typesupport_introspection_cExport.cmake
[18.234s] -- Up-to-date: /home/pi/autocab/raspberryPI3/ros2_ws/install/carla_msgs/share/carla_msgs/cmake/carla_msgs__rosidl_typesupport_introspection_cExport-noconfig.cmake
[18.236s] -- Up-to-date: /home/pi/autocab/raspberryPI3/ros2_ws/install/carla_msgs/share/carla_msgs/cmake/carla_msgs__rosidl_typesupport_cExport.cmake
[18.237s] -- Up-to-date: /home/pi/autocab/raspberryPI3/ros2_ws/install/carla_msgs/share/carla_msgs/cmake/carla_msgs__rosidl_typesupport_cExport-noconfig.cmake
[18.239s] -- Up-to-date: /home/pi/autocab/raspberryPI3/ros2_ws/install/carla_msgs/share/carla_msgs/cmake/carla_msgs__rosidl_typesupport_introspection_cppExport.cmake
[18.241s] -- Up-to-date: /home/pi/autocab/raspberryPI3/ros2_ws/install/carla_msgs/share/carla_msgs/cmake/carla_msgs__rosidl_typesupport_introspection_cppExport-noconfig.cmake
[18.243s] -- Up-to-date: /home/pi/autocab/raspberryPI3/ros2_ws/install/carla_msgs/share/carla_msgs/cmake/carla_msgs__rosidl_typesupport_cppExport.cmake
[18.244s] -- Up-to-date: /home/pi/autocab/raspberryPI3/ros2_ws/install/carla_msgs/share/carla_msgs/cmake/carla_msgs__rosidl_typesupport_cppExport-noconfig.cmake
[18.246s] -- Up-to-date: /home/pi/autocab/raspberryPI3/ros2_ws/install/carla_msgs/share/carla_msgs/cmake/export_carla_msgs__rosidl_generator_pyExport.cmake
[18.248s] -- Up-to-date: /home/pi/autocab/raspberryPI3/ros2_ws/install/carla_msgs/share/carla_msgs/cmake/export_carla_msgs__rosidl_generator_pyExport-noconfig.cmake
[18.250s] -- Up-to-date: /home/pi/autocab/raspberryPI3/ros2_ws/install/carla_msgs/share/carla_msgs/cmake/rosidl_cmake-extras.cmake
[18.253s] -- Up-to-date: /home/pi/autocab/raspberryPI3/ros2_ws/install/carla_msgs/share/carla_msgs/cmake/ament_cmake_export_dependencies-extras.cmake
[18.256s] -- Up-to-date: /home/pi/autocab/raspberryPI3/ros2_ws/install/carla_msgs/share/carla_msgs/cmake/ament_cmake_export_include_directories-extras.cmake
[18.259s] -- Up-to-date: /home/pi/autocab/raspberryPI3/ros2_ws/install/carla_msgs/share/carla_msgs/cmake/ament_cmake_export_libraries-extras.cmake
[18.261s] -- Up-to-date: /home/pi/autocab/raspberryPI3/ros2_ws/install/carla_msgs/share/carla_msgs/cmake/ament_cmake_export_targets-extras.cmake
[18.265s] -- Up-to-date: /home/pi/autocab/raspberryPI3/ros2_ws/install/carla_msgs/share/carla_msgs/cmake/rosidl_cmake_export_typesupport_targets-extras.cmake
[18.267s] -- Up-to-date: /home/pi/autocab/raspberryPI3/ros2_ws/install/carla_msgs/share/carla_msgs/cmake/rosidl_cmake_export_typesupport_libraries-extras.cmake
[18.270s] -- Up-to-date: /home/pi/autocab/raspberryPI3/ros2_ws/install/carla_msgs/share/carla_msgs/cmake/carla_msgsConfig.cmake
[18.272s] -- Up-to-date: /home/pi/autocab/raspberryPI3/ros2_ws/install/carla_msgs/share/carla_msgs/cmake/carla_msgsConfig-version.cmake
[18.274s] -- Up-to-date: /home/pi/autocab/raspberryPI3/ros2_ws/install/carla_msgs/share/carla_msgs/package.xml
[18.298s] Invoked command in '/home/pi/autocab/raspberryPI3/ros2_ws/build/carla_msgs' returned '0': CMAKE_PREFIX_PATH=${CMAKE_PREFIX_PATH}:/opt/ros/humble /usr/bin/cmake --install /home/pi/autocab/raspberryPI3/ros2_ws/build/carla_msgs
