[0.219s] Invoking command in '/home/achraf/autocab/raspberryPI3/ros2_ws/build/imu_filter_madgwick': CMAKE_PREFIX_PATH=/opt/ros/humble /usr/bin/cmake --build /home/achraf/autocab/raspberryPI3/ros2_ws/build/imu_filter_madgwick -- -j8 -l8
[0.312s] [ 14%] Built target gtest_main
[0.320s] [ 42%] Built target imu_filter_madgwick
[0.324s] [ 57%] Built target gtest
[0.404s] [ 71%] Built target stateless_orientation_test
[0.409s] [ 85%] Built target imu_filter_madgwick_node
[0.409s] [100%] Built target madgwick_test
[0.440s] Invoked command in '/home/achraf/autocab/raspberryPI3/ros2_ws/build/imu_filter_madgwick' returned '0': CMAKE_PREFIX_PATH=/opt/ros/humble /usr/bin/cmake --build /home/achraf/autocab/raspberryPI3/ros2_ws/build/imu_filter_madgwick -- -j8 -l8
[0.526s] Invoking command in '/home/achraf/autocab/raspberryPI3/ros2_ws/build/imu_filter_madgwick': CMAKE_PREFIX_PATH=/opt/ros/humble /usr/bin/cmake --install /home/achraf/autocab/raspberryPI3/ros2_ws/build/imu_filter_madgwick
[0.538s] -- Install configuration: ""
[0.539s] -- Up-to-date: /home/achraf/autocab/raspberryPI3/ros2_ws/install/imu_filter_madgwick/lib/libimu_filter_madgwick.so
[0.539s] -- Up-to-date: /home/achraf/autocab/raspberryPI3/ros2_ws/install/imu_filter_madgwick/include
[0.540s] -- Up-to-date: /home/achraf/autocab/raspberryPI3/ros2_ws/install/imu_filter_madgwick/include/imu_filter_madgwick
[0.540s] -- Up-to-date: /home/achraf/autocab/raspberryPI3/ros2_ws/install/imu_filter_madgwick/include/imu_filter_madgwick/imu_filter_ros.h
[0.540s] -- Up-to-date: /home/achraf/autocab/raspberryPI3/ros2_ws/install/imu_filter_madgwick/include/imu_filter_madgwick/stateless_orientation.h
[0.540s] -- Up-to-date: /home/achraf/autocab/raspberryPI3/ros2_ws/install/imu_filter_madgwick/include/imu_filter_madgwick/visibility_control.h
[0.541s] -- Up-to-date: /home/achraf/autocab/raspberryPI3/ros2_ws/install/imu_filter_madgwick/include/imu_filter_madgwick/imu_filter.h
[0.544s] -- Up-to-date: /home/achraf/autocab/raspberryPI3/ros2_ws/install/imu_filter_madgwick/include/imu_filter_madgwick/world_frame.h
[0.544s] -- Up-to-date: /home/achraf/autocab/raspberryPI3/ros2_ws/install/imu_filter_madgwick/include/imu_filter_madgwick/base_node.hpp
[0.544s] -- Up-to-date: /home/achraf/autocab/raspberryPI3/ros2_ws/install/imu_filter_madgwick/lib/imu_filter_madgwick/imu_filter_madgwick_node
[0.544s] -- Up-to-date: /home/achraf/autocab/raspberryPI3/ros2_ws/install/imu_filter_madgwick/share/imu_filter_madgwick/launch
[0.544s] -- Up-to-date: /home/achraf/autocab/raspberryPI3/ros2_ws/install/imu_filter_madgwick/share/imu_filter_madgwick/launch/imu_filter_component.launch.py
[0.544s] -- Up-to-date: /home/achraf/autocab/raspberryPI3/ros2_ws/install/imu_filter_madgwick/share/imu_filter_madgwick/launch/imu_filter.launch.py
[0.544s] -- Up-to-date: /home/achraf/autocab/raspberryPI3/ros2_ws/install/imu_filter_madgwick/share/imu_filter_madgwick/config
[0.544s] -- Up-to-date: /home/achraf/autocab/raspberryPI3/ros2_ws/install/imu_filter_madgwick/share/imu_filter_madgwick/config/imu_filter.yaml
[0.545s] -- Up-to-date: /home/achraf/autocab/raspberryPI3/ros2_ws/install/imu_filter_madgwick/share/imu_filter_madgwick/environment/library_path.sh
[0.545s] -- Up-to-date: /home/achraf/autocab/raspberryPI3/ros2_ws/install/imu_filter_madgwick/share/imu_filter_madgwick/environment/library_path.dsv
[0.545s] -- Up-to-date: /home/achraf/autocab/raspberryPI3/ros2_ws/install/imu_filter_madgwick/share/ament_index/resource_index/package_run_dependencies/imu_filter_madgwick
[0.545s] -- Up-to-date: /home/achraf/autocab/raspberryPI3/ros2_ws/install/imu_filter_madgwick/share/ament_index/resource_index/parent_prefix_path/imu_filter_madgwick
[0.545s] -- Up-to-date: /home/achraf/autocab/raspberryPI3/ros2_ws/install/imu_filter_madgwick/share/imu_filter_madgwick/environment/ament_prefix_path.sh
[0.545s] -- Up-to-date: /home/achraf/autocab/raspberryPI3/ros2_ws/install/imu_filter_madgwick/share/imu_filter_madgwick/environment/ament_prefix_path.dsv
[0.545s] -- Up-to-date: /home/achraf/autocab/raspberryPI3/ros2_ws/install/imu_filter_madgwick/share/imu_filter_madgwick/environment/path.sh
[0.545s] -- Up-to-date: /home/achraf/autocab/raspberryPI3/ros2_ws/install/imu_filter_madgwick/share/imu_filter_madgwick/environment/path.dsv
[0.546s] -- Up-to-date: /home/achraf/autocab/raspberryPI3/ros2_ws/install/imu_filter_madgwick/share/imu_filter_madgwick/local_setup.bash
[0.546s] -- Up-to-date: /home/achraf/autocab/raspberryPI3/ros2_ws/install/imu_filter_madgwick/share/imu_filter_madgwick/local_setup.sh
[0.546s] -- Up-to-date: /home/achraf/autocab/raspberryPI3/ros2_ws/install/imu_filter_madgwick/share/imu_filter_madgwick/local_setup.zsh
[0.546s] -- Up-to-date: /home/achraf/autocab/raspberryPI3/ros2_ws/install/imu_filter_madgwick/share/imu_filter_madgwick/local_setup.dsv
[0.546s] -- Installing: /home/achraf/autocab/raspberryPI3/ros2_ws/install/imu_filter_madgwick/share/imu_filter_madgwick/package.dsv
[0.546s] -- Up-to-date: /home/achraf/autocab/raspberryPI3/ros2_ws/install/imu_filter_madgwick/share/ament_index/resource_index/packages/imu_filter_madgwick
[0.546s] -- Up-to-date: /home/achraf/autocab/raspberryPI3/ros2_ws/install/imu_filter_madgwick/share/ament_index/resource_index/rclcpp_components/imu_filter_madgwick
[0.546s] -- Up-to-date: /home/achraf/autocab/raspberryPI3/ros2_ws/install/imu_filter_madgwick/share/imu_filter_madgwick/cmake/ament_cmake_export_include_directories-extras.cmake
[0.547s] -- Up-to-date: /home/achraf/autocab/raspberryPI3/ros2_ws/install/imu_filter_madgwick/share/imu_filter_madgwick/cmake/ament_cmake_export_libraries-extras.cmake
[0.547s] -- Up-to-date: /home/achraf/autocab/raspberryPI3/ros2_ws/install/imu_filter_madgwick/share/imu_filter_madgwick/cmake/imu_filter_madgwickConfig.cmake
[0.547s] -- Up-to-date: /home/achraf/autocab/raspberryPI3/ros2_ws/install/imu_filter_madgwick/share/imu_filter_madgwick/cmake/imu_filter_madgwickConfig-version.cmake
[0.547s] -- Up-to-date: /home/achraf/autocab/raspberryPI3/ros2_ws/install/imu_filter_madgwick/share/imu_filter_madgwick/package.xml
[0.642s] Invoked command in '/home/achraf/autocab/raspberryPI3/ros2_ws/build/imu_filter_madgwick' returned '0': CMAKE_PREFIX_PATH=/opt/ros/humble /usr/bin/cmake --install /home/achraf/autocab/raspberryPI3/ros2_ws/build/imu_filter_madgwick
