[0.080s] Invoking command in '/home/pi/autocab/raspberryPI3/ros2_ws/build/car_control': AMENT_PREFIX_PATH=/home/pi/autocab/raspberryPI3/ros2_ws/install/interfaces:${AMENT_PREFIX_PATH} CMAKE_PREFIX_PATH=/home/pi/autocab/raspberryPI3/ros2_ws/install/interfaces:/home/pi/ros2_ws/install/geicar_start:/home/pi/ros2_ws/install/system_check:/home/pi/ros2_ws/install/simulation:/home/pi/ros2_ws/install/imu_tools:/home/pi/ros2_ws/install/rviz_imu_plugin:/home/pi/ros2_ws/install/joystick:/home/pi/ros2_ws/install/car_control:/home/pi/ros2_ws/install/can:/home/pi/ros2_ws/install/interfaces:/home/pi/ros2_ws/install/imu_filter_madgwick:/home/pi/ros2_ws/install/imu_complementary_filter:/home/pi/ros2_ws/install/carla_msgs:/opt/ros/humble LD_LIBRARY_PATH=/home/pi/autocab/raspberryPI3/ros2_ws/install/interfaces/lib:${LD_LIBRARY_PATH} PYTHONPATH=/home/pi/autocab/raspberryPI3/ros2_ws/install/interfaces/local/lib/python3.10/dist-packages:${PYTHONPATH} /usr/bin/cmake --build /home/pi/autocab/raspberryPI3/ros2_ws/build/car_control -- -j4 -l4
[0.295s] [35m[1mConsolidate compiler generated dependencies of target car_control_node[0m
[0.415s] [ 20%] [32mBuilding CXX object CMakeFiles/car_control_node.dir/src/car_control_node.cpp.o[0m
[0.419s] [ 40%] [32mBuilding CXX object CMakeFiles/car_control_node.dir/src/fromAtoB.cpp.o[0m
[12.306s] In file included from [01m[K/home/pi/autocab/raspberryPI3/ros2_ws/src/car_control/src/fromAtoB.cpp:1[m[K:
[12.307s] [01m[K/home/pi/autocab/raspberryPI3/ros2_ws/src/car_control/src/../include/car_control/fromAtoB.h:40:5:[m[K [01;31m[Kerror: [m[K‘[01m[Kunordered_map[m[K’ does not name a type
[12.308s]    40 |     [01;31m[Kunordered_map[m[K<char, const unordered_map<char, float>> vertices;
[12.308s]       |     [01;31m[K^~~~~~~~~~~~~[m[K
[12.314s] [01m[K/home/pi/autocab/raspberryPI3/ros2_ws/src/car_control/src/../include/car_control/fromAtoB.h:46:22:[m[K [01;31m[Kerror: [m[K‘[01m[Kmap[m[K’ has not been declared
[12.315s]    46 |     void createGraph([01;31m[Kmap[m[K<char, float[2]> coordinates);
[12.315s]       |                      [01;31m[K^~~[m[K
[12.319s] [01m[K/home/pi/autocab/raspberryPI3/ros2_ws/src/car_control/src/../include/car_control/fromAtoB.h:46:25:[m[K [01;31m[Kerror: [m[Kexpected ‘[01m[K,[m[K’ or ‘[01m[K...[m[K’ before ‘[01m[K<[m[K’ token
[12.322s]    46 |     void createGraph(map[01;31m[K<[m[Kchar, float[2]> coordinates);
[12.322s]       |                         [01;31m[K^[m[K
[12.339s] [01m[K/home/pi/autocab/raspberryPI3/ros2_ws/src/car_control/src/fromAtoB.cpp:[m[K In member function ‘[01m[Kvoid Graph::add_vertex(char, const std::unordered_map<char, float>&)[m[K’:
[12.339s] [01m[K/home/pi/autocab/raspberryPI3/ros2_ws/src/car_control/src/fromAtoB.cpp:76:5:[m[K [01;31m[Kerror: [m[K‘[01m[Kvertices[m[K’ was not declared in this scope
[12.340s]    76 |     [01;31m[Kvertices[m[K.insert(unordered_map<char, const unordered_map<char, float>>::value_type(name, edges));
[12.344s]       |     [01;31m[K^~~~~~~~[m[K
[12.494s] [01m[K/home/pi/autocab/raspberryPI3/ros2_ws/src/car_control/src/fromAtoB.cpp:[m[K In member function ‘[01m[Kstd::vector<char> Graph::shortest_path(char, char)[m[K’:
[12.495s] [01m[K/home/pi/autocab/raspberryPI3/ros2_ws/src/car_control/src/fromAtoB.cpp:88:25:[m[K [01;31m[Kerror: [m[K‘[01m[Kvertices[m[K’ was not declared in this scope; did you mean ‘[01m[Kvertex[m[K’?
[12.496s]    88 |     for (auto& vertex : [01;31m[Kvertices[m[K)
[12.496s]       |                         [01;31m[K^~~~~~~~[m[K
[12.497s]       |                         [32m[Kvertex[m[K
[12.525s] [01m[K/home/pi/autocab/raspberryPI3/ros2_ws/src/car_control/src/fromAtoB.cpp:125:31:[m[K [01;31m[Kerror: [m[K‘[01m[Kvertices[m[K’ was not declared in this scope
[12.528s]   125 |         for (auto& neighbor : [01;31m[Kvertices[m[K[smallest])
[12.531s]       |                               [01;31m[K^~~~~~~~[m[K
[12.534s] [01m[K/home/pi/autocab/raspberryPI3/ros2_ws/src/car_control/src/fromAtoB.cpp:[m[K At global scope:
[12.534s] [01m[K/home/pi/autocab/raspberryPI3/ros2_ws/src/car_control/src/fromAtoB.cpp:140:6:[m[K [01;31m[Kerror: [m[Kno declaration matches ‘[01m[Kvoid Graph::createGraph(std::map<char, float [2]>)[m[K’
[12.535s]   140 | void [01;31m[KGraph[m[K::createGraph(map<char, float[2]> coordinates)
[12.536s]       |      [01;31m[K^~~~~[m[K
[12.536s] In file included from [01m[K/home/pi/autocab/raspberryPI3/ros2_ws/src/car_control/src/fromAtoB.cpp:1[m[K:
[12.537s] [01m[K/home/pi/autocab/raspberryPI3/ros2_ws/src/car_control/src/../include/car_control/fromAtoB.h:46:10:[m[K [01;36m[Knote: [m[Kcandidate is: ‘[01m[Kvoid Graph::createGraph(int)[m[K’
[12.538s]    46 |     void [01;36m[KcreateGraph[m[K(map<char, float[2]> coordinates);
[12.538s]       |          [01;36m[K^~~~~~~~~~~[m[K
[12.539s] [01m[K/home/pi/autocab/raspberryPI3/ros2_ws/src/car_control/src/../include/car_control/fromAtoB.h:38:7:[m[K [01;36m[Knote: [m[K‘[01m[Kclass Graph[m[K’ defined here
[12.540s]    38 | class [01;36m[KGraph[m[K{
[12.540s]       |       [01;36m[K^~~~~[m[K
[12.584s] In file included from [01m[K/home/pi/autocab/raspberryPI3/ros2_ws/src/car_control/src/car_control_node.cpp:19[m[K:
[12.585s] [01m[K/home/pi/autocab/raspberryPI3/ros2_ws/src/car_control/src/../include/car_control/fromAtoB.h:40:5:[m[K [01;31m[Kerror: [m[K‘[01m[Kunordered_map[m[K’ does not name a type
[12.586s]    40 |     [01;31m[Kunordered_map[m[K<char, const unordered_map<char, float>> vertices;
[12.586s]       |     [01;31m[K^~~~~~~~~~~~~[m[K
[12.587s] [01m[K/home/pi/autocab/raspberryPI3/ros2_ws/src/car_control/src/../include/car_control/fromAtoB.h:46:22:[m[K [01;31m[Kerror: [m[K‘[01m[Kmap[m[K’ has not been declared
[12.587s]    46 |     void createGraph([01;31m[Kmap[m[K<char, float[2]> coordinates);
[12.588s]       |                      [01;31m[K^~~[m[K
[12.589s] [01m[K/home/pi/autocab/raspberryPI3/ros2_ws/src/car_control/src/../include/car_control/fromAtoB.h:46:25:[m[K [01;31m[Kerror: [m[Kexpected ‘[01m[K,[m[K’ or ‘[01m[K...[m[K’ before ‘[01m[K<[m[K’ token
[12.589s]    46 |     void createGraph(map[01;31m[K<[m[Kchar, float[2]> coordinates);
[12.590s]       |                         [01;31m[K^[m[K
[13.477s] [01m[K/home/pi/autocab/raspberryPI3/ros2_ws/src/car_control/src/car_control_node.cpp:[m[K In constructor ‘[01m[Kcar_control::car_control()[m[K’:
[13.478s] [01m[K/home/pi/autocab/raspberryPI3/ros2_ws/src/car_control/src/car_control_node.cpp:47:34:[m[K [01;31m[Kerror: [m[Kexpected primary-expression before ‘[01m[K{[m[K’ token
[13.479s]    47 |         coordinates.insert(('A', [01;31m[K{[m[K43.570596, 1.466500}));
[13.479s]       |                                  [01;31m[K^[m[K
[13.480s] [01m[K/home/pi/autocab/raspberryPI3/ros2_ws/src/car_control/src/car_control_node.cpp:47:34:[m[K [01;31m[Kerror: [m[Kexpected ‘[01m[K)[m[K’ before ‘[01m[K{[m[K’ token
[13.481s] [01m[K/home/pi/autocab/raspberryPI3/ros2_ws/src/car_control/src/car_control_node.cpp:47:28:[m[K [01;36m[Knote: [m[Kto match this ‘[01m[K([m[K’
[13.481s]    47 |         coordinates.insert([01;36m[K([m[K'A', {43.570596, 1.466500}));
[13.482s]       |                            [01;36m[K^[m[K
[13.483s] [01m[K/home/pi/autocab/raspberryPI3/ros2_ws/src/car_control/src/car_control_node.cpp:48:34:[m[K [01;31m[Kerror: [m[Kexpected primary-expression before ‘[01m[K{[m[K’ token
[13.483s]    48 |         coordinates.insert(('B', [01;31m[K{[m[K43.570596, 1.466500}));
[13.484s]       |                                  [01;31m[K^[m[K
[13.484s] [01m[K/home/pi/autocab/raspberryPI3/ros2_ws/src/car_control/src/car_control_node.cpp:48:34:[m[K [01;31m[Kerror: [m[Kexpected ‘[01m[K)[m[K’ before ‘[01m[K{[m[K’ token
[13.485s] [01m[K/home/pi/autocab/raspberryPI3/ros2_ws/src/car_control/src/car_control_node.cpp:48:28:[m[K [01;36m[Knote: [m[Kto match this ‘[01m[K([m[K’
[13.486s]    48 |         coordinates.insert([01;36m[K([m[K'B', {43.570596, 1.466500}));
[13.486s]       |                            [01;36m[K^[m[K
[13.487s] [01m[K/home/pi/autocab/raspberryPI3/ros2_ws/src/car_control/src/car_control_node.cpp:49:34:[m[K [01;31m[Kerror: [m[Kexpected primary-expression before ‘[01m[K{[m[K’ token
[13.487s]    49 |         coordinates.insert(('C', [01;31m[K{[m[K43.570596, 1.466500}));
[13.488s]       |                                  [01;31m[K^[m[K
[13.502s] [01m[K/home/pi/autocab/raspberryPI3/ros2_ws/src/car_control/src/car_control_node.cpp:49:34:[m[K [01;31m[Kerror: [m[Kexpected ‘[01m[K)[m[K’ before ‘[01m[K{[m[K’ token
[13.503s] [01m[K/home/pi/autocab/raspberryPI3/ros2_ws/src/car_control/src/car_control_node.cpp:49:28:[m[K [01;36m[Knote: [m[Kto match this ‘[01m[K([m[K’
[13.504s]    49 |         coordinates.insert([01;36m[K([m[K'C', {43.570596, 1.466500}));
[13.505s]       |                            [01;36m[K^[m[K
[13.506s] [01m[K/home/pi/autocab/raspberryPI3/ros2_ws/src/car_control/src/car_control_node.cpp:50:34:[m[K [01;31m[Kerror: [m[Kexpected primary-expression before ‘[01m[K{[m[K’ token
[13.507s]    50 |         coordinates.insert(('D', [01;31m[K{[m[K43.570596, 1.466500}));
[13.508s]       |                                  [01;31m[K^[m[K
[13.509s] [01m[K/home/pi/autocab/raspberryPI3/ros2_ws/src/car_control/src/car_control_node.cpp:50:34:[m[K [01;31m[Kerror: [m[Kexpected ‘[01m[K)[m[K’ before ‘[01m[K{[m[K’ token
[13.510s] [01m[K/home/pi/autocab/raspberryPI3/ros2_ws/src/car_control/src/car_control_node.cpp:50:28:[m[K [01;36m[Knote: [m[Kto match this ‘[01m[K([m[K’
[13.511s]    50 |         coordinates.insert([01;36m[K([m[K'D', {43.570596, 1.466500}));
[13.512s]       |                            [01;36m[K^[m[K
[13.517s] [01m[K/home/pi/autocab/raspberryPI3/ros2_ws/src/car_control/src/car_control_node.cpp:52:27:[m[K [01;31m[Kerror: [m[Kcannot convert ‘[01m[Kstd::map<char, float [2]>[m[K’ to ‘[01m[Kint[m[K’
[13.518s]    52 |         graph.createGraph([01;31m[Kcoordinates[m[K);
[13.518s]       |                           [01;31m[K^~~~~~~~~~~[m[K
[13.519s]       |                           [01;31m[K|[m[K
[13.520s]       |                           [01;31m[Kstd::map<char, float [2]>[m[K
[13.520s] In file included from [01m[K/home/pi/autocab/raspberryPI3/ros2_ws/src/car_control/src/car_control_node.cpp:19[m[K:
[13.521s] [01m[K/home/pi/autocab/raspberryPI3/ros2_ws/src/car_control/src/../include/car_control/fromAtoB.h:46:22:[m[K [01;36m[Knote: [m[K  initializing argument 1 of ‘[01m[Kvoid Graph::createGraph(int)[m[K’
[13.522s]    46 |     void createGraph([01;36m[Kmap[m[K<char, float[2]> coordinates);
[13.523s]       |                      [01;36m[K^~~[m[K
[14.429s] gmake[2]: *** [CMakeFiles/car_control_node.dir/build.make:118: CMakeFiles/car_control_node.dir/src/fromAtoB.cpp.o] Error 1
[14.430s] gmake[2]: *** Waiting for unfinished jobs....
[34.105s] gmake[2]: *** [CMakeFiles/car_control_node.dir/build.make:76: CMakeFiles/car_control_node.dir/src/car_control_node.cpp.o] Error 1
[34.106s] gmake[1]: *** [CMakeFiles/Makefile2:137: CMakeFiles/car_control_node.dir/all] Error 2
[34.106s] gmake: *** [Makefile:146: all] Error 2
[34.112s] Invoked command in '/home/pi/autocab/raspberryPI3/ros2_ws/build/car_control' returned '2': AMENT_PREFIX_PATH=/home/pi/autocab/raspberryPI3/ros2_ws/install/interfaces:${AMENT_PREFIX_PATH} CMAKE_PREFIX_PATH=/home/pi/autocab/raspberryPI3/ros2_ws/install/interfaces:/home/pi/ros2_ws/install/geicar_start:/home/pi/ros2_ws/install/system_check:/home/pi/ros2_ws/install/simulation:/home/pi/ros2_ws/install/imu_tools:/home/pi/ros2_ws/install/rviz_imu_plugin:/home/pi/ros2_ws/install/joystick:/home/pi/ros2_ws/install/car_control:/home/pi/ros2_ws/install/can:/home/pi/ros2_ws/install/interfaces:/home/pi/ros2_ws/install/imu_filter_madgwick:/home/pi/ros2_ws/install/imu_complementary_filter:/home/pi/ros2_ws/install/carla_msgs:/opt/ros/humble LD_LIBRARY_PATH=/home/pi/autocab/raspberryPI3/ros2_ws/install/interfaces/lib:${LD_LIBRARY_PATH} PYTHONPATH=/home/pi/autocab/raspberryPI3/ros2_ws/install/interfaces/local/lib/python3.10/dist-packages:${PYTHONPATH} /usr/bin/cmake --build /home/pi/autocab/raspberryPI3/ros2_ws/build/car_control -- -j4 -l4
